[2020-08-28 18:54:40.598] Logs from logging subsystem:
 - (2020-08-28 15:53:07) ASSET: Sending asset common.css to client Bob Joga
 - (2020-08-28 15:53:07) ASSET: Sending asset jquery.min.js to client Bob Joga
 - (2020-08-28 15:53:08) ASSET: Sending asset json2.min.js to client Bob Joga
 - (2020-08-28 15:53:08) ASSET: Sending asset browserOutput.js to client Bob Joga
 - (2020-08-28 15:53:08) ASSET: Sending asset browserOutput.css to client Bob Joga
 - (2020-08-28 15:53:08) ASSET: Sending asset browserOutput_dark.css to client Bob Joga
 - (2020-08-28 15:53:08) ASSET: Sending asset browserOutput_light.css to client Bob Joga
 - (2020-08-28 15:53:08) ASSET: Sending asset spritesheet_chat.css to client Bob Joga
 - (2020-08-28 15:53:08) ASSET: Sending asset chat_16x16.png to client Bob Joga
 - (2020-08-28 15:53:08) ASSET: Sending asset fa-regular-400.eot to client Bob Joga
 - (2020-08-28 15:53:08) ASSET: Sending asset fa-regular-400.woff to client Bob Joga
 - (2020-08-28 15:53:08) ASSET: Sending asset fa-solid-900.eot to client Bob Joga
 - (2020-08-28 15:53:08) ASSET: Sending asset fa-solid-900.woff to client Bob Joga
 - (2020-08-28 15:53:08) ASSET: Sending asset font-awesome.css to client Bob Joga
 - (2020-08-28 15:53:08) ASSET: Sending asset v4shim.css to client Bob Joga
 - (2020-08-28 15:54:38) ASSET: Sending asset spritesheet_paper.css to client Bob Joga
 - (2020-08-28 15:54:38) ASSET: Sending asset paper_121x54.png to client Bob Joga
 - (2020-08-28 15:54:39) ASSET: Sending asset spritesheet_pills.css to client Bob Joga
 - (2020-08-28 15:54:39) ASSET: Sending asset pills_22x10.png to client Bob Joga
 - (2020-08-28 15:54:39) ASSET: Sending asset pills_14x14.png to client Bob Joga
 - (2020-08-28 15:54:39) ASSET: Sending asset minimap-0ebd5ac06f952bbc7bbd5106d6c461cd.png to client Bob Joga
 - (2020-08-28 15:54:39) ASSET: Sending asset minimap-0ebd5ac06f952bbc7bbd5106d6c461cd-meta.png to client Bob Joga
 - (2020-08-28 15:54:39) ASSET: Sending asset tgui.css to client Bob Joga
 - (2020-08-28 15:54:40) ASSET: Sending asset tgui.js to client Bob Joga
 - (2020-08-28 15:54:40) ASSET: Sending asset tgui-main.html to client Bob Joga
 - (2020-08-28 15:54:40) ASSET: Sending asset tgui.bundle.js to client Bob Joga
 - (2020-08-28 15:54:40) ASSET: Sending asset tgui.bundle.css to client Bob Joga
