[2020-08-28 18:53:04.888] Starting up round ID .
 - -------------------------
[2020-08-28 18:53:04.945] ADMIN: Loading Banlist
[2020-08-28 18:53:04.977] ACCESS: Login: Bob Joga from localhost-3000796718 || BYOND v513.1528
[2020-08-28 18:53:04.977] ACCESS: Mob Login: Bob Joga/(Bob Joga) was assigned to a /mob/dead/new_player
[2020-08-28 18:53:07.346] GAME: Bob Joga/(Bob Joga) Client Bob Joga/(Bob Joga) has taken ownership of mob Bob Joga(/mob/dead/new_player) (start area (11, 174, 1))
[2020-08-28 18:53:10.496] GAME: Saved mode is 'extended'
[2020-08-28 18:53:23.458] GAME: Hierophant's Arena loaded at 52,115,6
[2020-08-28 18:53:23.475] GAME: Blood-Drunk Miner (Guidance) loaded at 169,141,6
[2020-08-28 18:53:23.492] GAME: Blood-Drunk Miner (Hunter) loaded at 156,85,6
[2020-08-28 18:53:23.511] GAME: Blood-Drunk Miner loaded at 88,81,6
[2020-08-28 18:53:23.537] GAME: King Goat Boss Ruin loaded at 59,146,6
[2020-08-28 18:53:23.562] GAME: Rogue's Arena loaded at 110,82,6
[2020-08-28 18:53:23.600] GAME: Sif's Sword loaded at 137,44,6
[2020-08-28 18:53:23.607] GAME: Pulsating Tumor loaded at 167,66,6
[2020-08-28 18:53:23.614] GAME: Pulsating Tumor loaded at 142,121,6
[2020-08-28 18:53:23.625] GAME: Fountain Hall loaded at 222,108,6
[2020-08-28 18:53:23.649] GAME: Ruin of Greed loaded at 82,103,6
[2020-08-28 18:53:23.712] GAME: Elephant Graveyard loaded at 198,137,6
[2020-08-28 18:53:23.758] GAME: Biodome Beach loaded at 122,178,6
[2020-08-28 18:53:23.781] GAME: Makeshift Shelter loaded at 67,61,6
[2020-08-28 18:53:23.809] GAME: UFO Crash loaded at 157,194,6
[2020-08-28 18:53:23.830] GAME: UFO Crash loaded at 80,189,6
[2020-08-28 18:53:26.937] GAME: Abandoned Teleporter loaded at 99,95,8
[2020-08-28 18:53:26.957] GAME: Whiteship Dock loaded at 141,36,4
[2020-08-28 18:53:27.048] GAME: Space Hermit loaded at 182,84,3
[2020-08-28 18:53:27.083] GAME: Cleric's Den loaded at 164,141,8
[2020-08-28 18:53:27.111] GAME: Asteroid 2 loaded at 109,63,4
[2020-08-28 18:53:27.139] GAME: Strange Ship loaded at 172,137,4
[2020-08-28 18:53:27.176] GAME: Disposal Facility 17 loaded at 212,201,8
[2020-08-28 18:53:27.211] GAME: Asteroid 4 loaded at 135,85,8
[2020-08-28 18:53:27.373] GAME: Crashed Ship loaded at 56,45,7
[2020-08-28 18:53:27.424] GAME: Asteroid 5 loaded at 190,25,7
[2020-08-28 18:53:28.006] GAME: Ancient Space Station loaded at 83,166,8
[2020-08-28 18:53:28.060] GAME: Derelict 3 loaded at 192,53,8
[2020-08-28 18:53:28.113] GAME: Derelict 5 loaded at 171,60,4
[2020-08-28 18:53:28.135] GAME: Big Ape loaded at 149,92,7
[2020-08-28 18:53:28.171] GAME: Space Arcade loaded at 28,44,4
[2020-08-28 18:53:28.225] GAME: Gondoland loaded at 119,24,8
[2020-08-28 18:53:28.236] GAME: Mineable Asteroid 1 loaded at 223,212,2
[2020-08-28 18:53:28.254] GAME: Mineable Asteroid 2 loaded at 24,33,2
[2020-08-28 18:53:28.270] GAME: Mineable Asteroid 4 loaded at 154,208,2
[2020-08-28 18:53:28.284] GAME: Mineable Asteroid 1 loaded at 156,200,2
[2020-08-28 18:53:28.305] GAME: Dorm Roid loaded at 197,181,2
[2020-08-28 18:53:28.330] GAME: Monitoring Roid loaded at 45,208,2
[2020-08-28 18:53:28.343] GAME: Mineable Asteroid 3 loaded at 186,208,2
[2020-08-28 18:53:28.361] GAME: Dead wizard Roid loaded at 43,32,2
[2020-08-28 18:53:28.374] GAME: Crab Roid loaded at 77,22,2
[2020-08-28 18:53:28.404] GAME: Mineable Asteroid 5 loaded at 24,209,2
[2020-08-28 18:53:28.469] GAME: Box P.A.C.M.A.N loaded at 96,49,2
[2020-08-28 18:53:28.720] GAME: Public Mining Base loaded at 1,1,6
[2020-08-28 18:53:34.141] ADMIN: Bob Joga has started the game.
[2020-08-28 18:53:41.383] GAME: *no key*/(Kylee Yagami) Kylee Yagami name changed from Kylee Yagami to Pancake (Unexplored Location (201, 109, 3))
[2020-08-28 18:53:41.475] GAME: *no key*/(Bertha Shook) Bertha Shook name changed from Bertha Shook to Speckles (Unexplored Location (146, 88, 8))
[2020-08-28 18:54:08.113] ADMIN: Bob Joga has started the game.
[2020-08-28 18:54:31.614] ADMIN: Bob Joga has started the game.
[2020-08-28 18:54:32.124] GAME: Backup Shuttle loaded at 84,206,1
[2020-08-28 18:54:32.236] GAME: assault pod (Default) loaded at 85,207,1
[2020-08-28 18:54:32.738] GAME: basic syndicate infiltrator loaded at 80,199,1
[2020-08-28 18:54:33.068] GAME: fancy transport ferry loaded at 82,208,1
[2020-08-28 18:54:33.270] GAME: Box Station Emergency Shuttle loaded at 83,199,1
[2020-08-28 18:54:33.474] GAME: cargo ferry (Box) loaded at 85,204,1
[2020-08-28 18:54:34.131] GAME: escape pod (Default) loaded at 87,208,1
[2020-08-28 18:54:34.161] GAME: escape pod (Default) loaded at 87,208,1
[2020-08-28 18:54:34.224] GAME: auxilliary base (Default) loaded at 84,206,1
[2020-08-28 18:54:34.361] GAME: arrival shuttle (Box) loaded at 81,207,1
[2020-08-28 18:54:34.464] GAME: mining shuttle (Box) loaded at 86,207,1
[2020-08-28 18:54:34.521] GAME: labour shuttle (Box) loaded at 86,206,1
[2020-08-28 18:54:34.569] GAME: escape pod (Default) loaded at 87,208,1
[2020-08-28 18:54:34.600] GAME: escape pod (Default) loaded at 87,208,1
[2020-08-28 18:54:34.639] GAME: lavaland Mining Elevator loaded at 86,208,1
[2020-08-28 18:54:35.851] GAME: Hospital Ship loaded at 73,202,1
[2020-08-28 18:54:36.244] VOTE: Roundtype vote started by server.
[2020-08-28 18:54:37.757] VOTE: <b>Roundtype Vote</b><b>Vote Result: Inconclusive - No Votes!</b>
[2020-08-28 18:54:38.754] GAME: *no key*/(Bob Joga) *no key*/(Bob Joga) is no longer owning mob Bob Joga(/mob/dead/new_player) (start area (11, 174, 1))
[2020-08-28 18:54:38.754] ACCESS: Mob Login: Bob Joga/(Cockmistress) was assigned to a /mob/living/carbon/human
[2020-08-28 18:54:39.109] GAME: Bob Joga/(Cockmistress) Client Bob Joga/(Cockmistress) has taken ownership of mob (/mob/living/carbon/human) (Xenoarchaeology Botany (73, 36, 5))
[2020-08-28 18:54:57.028] ADMIN: Bob Joga/(Cockmistress) dealt 5 amount of toxin damage to Bob Joga/(Cockmistress)
