[2020-08-30 18:25:31.445] Starting up round ID .
 - -------------------------
[2020-08-30 18:27:56.149] Logs from logging subsystem:
 - (2020-08-30 15:25:36) HREF: Bob Joga (usr:Bob Joga[(11,174,1)]) : _src_=chat&proc=doneLoading
 - (2020-08-30 15:25:36) HREF: Bob Joga (usr:Bob Joga[(11,174,1)]) : 
 - (2020-08-30 15:25:36) HREF: Bob Joga (usr:Bob Joga[(11,174,1)]) : 
 - (2020-08-30 15:25:36) HREF: Bob Joga (usr:Bob Joga[(11,174,1)]) : _src_=chat&proc=analyzeClientData&param[cookie]={"connData":[{"ckey":"bobjoga","ip":"127.0.0.1","compid":"3000796718"},{"ckey":"bobjoga","ip":"177.106.255.43","compid":"3000796718"},{"ckey":"bobjoga","ip":"179.126.113.169","compid":"3000796718"},{"ckey":"bobjoga","ip":null,"compid":"3000796718"},{"ckey":"bobjoga","ip":"177.191.16.185","compid":"3000796718"}]}
 - (2020-08-30 15:25:43) HREF: Bob Joga (usr:Bob Joga[(11,174,1)]) : Bob Joga src=[mob_27];show_preferences=1
 - (2020-08-30 15:25:46) HREF: Bob Joga (usr:Bob Joga[(11,174,1)]) : _src_=prefs;preference=tab;tab=4
 - (2020-08-30 15:25:47) HREF: Bob Joga (usr:Bob Joga[(11,174,1)]) : _src_=prefs;preference=tab;tab=1
 - (2020-08-30 15:25:50) HREF: Bob Joga (usr:Bob Joga[(11,174,1)]) : _src_=prefs;preference=combat_music
 - (2020-08-30 15:26:50) HREF: Bob Joga (usr:Bob Joga[(11,174,1)]) : _src_=prefs;preference=save
 - (2020-08-30 15:27:21) HREF: Bob Joga (usr:Bob Joga[(11,174,1)]) : Vote src=[0x2100004e];vote=close
 - (2020-08-30 15:27:22) HREF: Bob Joga (usr:Bob Joga[(11,174,1)]) : _src_=prefs;preference=save
 - (2020-08-30 15:27:23) HREF: Bob Joga (usr:Bob Joga[(11,174,1)]) : /datum/preferences close=1
 - (2020-08-30 15:27:25) HREF: Bob Joga (usr:Bob Joga[(11,174,1)]) : Bob Joga src=[mob_27];show_preferences=1
 - (2020-08-30 15:27:26) HREF: Bob Joga (usr:Bob Joga[(11,174,1)]) : /datum/preferences close=1
 - (2020-08-30 15:27:28) HREF: Bob Joga (usr:Bob Joga[(11,174,1)]) : Bob Joga src=[mob_27];show_preferences=1
 - (2020-08-30 15:27:31) HREF: Bob Joga (usr:Bob Joga[(11,174,1)]) : _src_=prefs;preference=combat_music
 - (2020-08-30 15:27:49) HREF: Bob Joga (usr:Bob Joga[(11,174,1)]) : _src_=prefs;preference=save
 - (2020-08-30 15:27:49) HREF: Bob Joga (usr:Bob Joga[(11,174,1)]) : /datum/preferences close=1
 - (2020-08-30 15:27:51) HREF: Bob Joga (usr:Bob Joga[(11,174,1)]) : Bob Joga src=[mob_27];ready=1
