[2020-08-30 18:25:31.447] Starting up round ID .
 - -------------------------
[2020-08-30 18:25:37.922] INIT: Initialized Profiler subsystem within 0 seconds!
[2020-08-30 18:25:38.272] Fail2Topic: Failed to drop firewall rule. Exit code: 1.
[2020-08-30 18:25:38.272] INIT: Initialized Fail2Topic subsystem within 0.3 seconds!
[2020-08-30 18:25:38.274] INIT: Initialized Title Screen subsystem within 0 seconds!
[2020-08-30 18:25:38.274] INIT: Initialized Database subsystem within 0 seconds!
[2020-08-30 18:25:38.274] INIT: Initialized Blackbox subsystem within 0 seconds!
[2020-08-30 18:25:38.275] INIT: Initialized Server Tasks subsystem within 0 seconds!
[2020-08-30 18:25:38.275] INIT: Initialized Input subsystem within 0 seconds!
[2020-08-30 18:25:38.277] INIT: Initialized Sounds subsystem within 0 seconds!
[2020-08-30 18:25:38.277] INIT: Initialized Vis contents overlays subsystem within 0 seconds!
[2020-08-30 18:25:38.340] INIT: Initialized Research subsystem within 0.1 seconds!
[2020-08-30 18:25:38.343] INIT: Initialized Events subsystem within 0 seconds!
[2020-08-30 18:25:38.350] INIT: Initialized Jobs subsystem within 0 seconds!
[2020-08-30 18:25:38.354] INIT: Initialized Quirks subsystem within 0 seconds!
[2020-08-30 18:25:38.366] INIT: Initialized Ticker subsystem within 0 seconds!
[2020-08-30 18:25:38.378] INIT: Initialized Instruments subsystem within 0 seconds!
[2020-08-30 18:25:58.709] INIT: Initialized Mapping subsystem within 20.4 seconds!
[2020-08-30 18:25:58.723] INIT: Initialized Economy subsystem within 0 seconds!
[2020-08-30 18:25:58.724] INIT: Initialized Networks subsystem within 0 seconds!
[2020-08-30 18:25:58.724] INIT: Initialized Holodeck subsystem within 0 seconds!
[2020-08-30 18:26:29.523] INIT: Initialized Atoms subsystem within 30.8 seconds!
[2020-08-30 18:26:29.549] INIT: Initialized Language subsystem within 0 seconds!
[2020-08-30 18:26:29.703] INIT: Initialized Machines subsystem within 0.2 seconds!
[2020-08-30 18:26:29.737] INIT: Initialized Circuit subsystem within 0 seconds!
[2020-08-30 18:26:31.096] INIT: Initialized Atmos Adjacency subsystem within 1.3 seconds!
[2020-08-30 18:26:31.096] INIT: Initialized Autotransfer Vote subsystem within 0 seconds!
[2020-08-30 18:26:31.097] INIT: Initialized Chemistry subsystem within 0 seconds!
[2020-08-30 18:26:31.097] INIT: Initialized Status Effects subsystem within 0 seconds!
[2020-08-30 18:26:31.098] INIT: Initialized Weather subsystem within 0 seconds!
[2020-08-30 18:26:31.102] INIT: Initialized Disease subsystem within 0.1 seconds!
[2020-08-30 18:26:31.102] INIT: Initialized Jukeboxes subsystem within 0 seconds!
[2020-08-30 18:26:31.102] INIT: Initialized Medals subsystem within 0 seconds!
[2020-08-30 18:26:31.348] INIT: Initialized Minimaps subsystem within 0.2 seconds!
[2020-08-30 18:26:31.397] INIT: Initialized Night Shift subsystem within 0 seconds!
[2020-08-30 18:26:31.397] INIT: Initialized Parallax subsystem within 0 seconds!
[2020-08-30 18:26:31.397] INIT: Initialized Sun subsystem within 0 seconds!
[2020-08-30 18:26:31.605] INIT: Initialized Traumas subsystem within 0.3 seconds!
[2020-08-30 18:26:31.643] INIT: Initialized Bluespace Locker subsystem within 0 seconds!
[2020-08-30 18:26:31.643] INIT: Initialized Pacification Bans subsystem within 0 seconds!
[2020-08-30 18:26:31.643] INIT: Initialized Logging subsystem within 0 seconds!
[2020-08-30 18:26:31.644] INIT: Initialized Recycling subsystem within 0 seconds!
[2020-08-30 18:26:37.839] INIT: Initialized Atmospherics subsystem within 6.2 seconds!
[2020-08-30 18:26:37.839] INIT: Initialized Atmospherics - Turfs subsystem within 0 seconds!
[2020-08-30 18:26:40.624] INIT: Initialized Assets subsystem within 2.8 seconds!
[2020-08-30 18:26:46.916] INIT: Initialized Icon Smoothing subsystem within 6.1 seconds!
[2020-08-30 18:26:48.207] INIT: Initialized Overlay subsystem within 1.3 seconds!
[2020-08-30 18:26:48.207] INIT: Initialized XKeyScore subsystem within 0 seconds!
[2020-08-30 18:26:48.208] INIT: Initialized Sticky Ban subsystem within 0 seconds!
[2020-08-30 18:26:56.407] INIT: Initialized Lighting subsystem within 8.2 seconds!
[2020-08-30 18:26:59.706] INIT: Initialized Shuttle subsystem within 3.3 seconds!
[2020-08-30 18:26:59.747] INIT: Initialized Minor Mapping subsystem within 0 seconds!
[2020-08-30 18:26:59.748] INIT: Initialized Pathfinder subsystem within 0 seconds!
[2020-08-30 18:26:59.782] INIT: Initialized Persistence subsystem within 0 seconds!
[2020-08-30 18:26:59.783] INIT: Initialized Chat subsystem within 0 seconds!
