[2020-08-31 00:38:03.896] Starting up round ID .
 - -------------------------
[2020-08-31 00:38:10.213] INIT: Initialized Profiler subsystem within 0 seconds!
[2020-08-31 00:38:10.465] Fail2Topic: Failed to drop firewall rule. Exit code: 1.
[2020-08-31 00:38:10.465] INIT: Initialized Fail2Topic subsystem within 0.2 seconds!
[2020-08-31 00:38:10.468] INIT: Initialized Title Screen subsystem within 0 seconds!
[2020-08-31 00:38:10.469] INIT: Initialized Database subsystem within 0 seconds!
[2020-08-31 00:38:10.469] INIT: Initialized Blackbox subsystem within 0 seconds!
[2020-08-31 00:38:10.469] INIT: Initialized Server Tasks subsystem within 0 seconds!
[2020-08-31 00:38:10.470] INIT: Initialized Input subsystem within 0 seconds!
[2020-08-31 00:38:10.472] INIT: Initialized Sounds subsystem within 0 seconds!
[2020-08-31 00:38:10.472] INIT: Initialized Vis contents overlays subsystem within 0 seconds!
[2020-08-31 00:38:10.529] INIT: Initialized Research subsystem within 0.1 seconds!
[2020-08-31 00:38:10.532] INIT: Initialized Events subsystem within 0 seconds!
[2020-08-31 00:38:10.537] INIT: Initialized Jobs subsystem within 0 seconds!
[2020-08-31 00:38:10.542] INIT: Initialized Quirks subsystem within 0 seconds!
[2020-08-31 00:38:10.557] INIT: Initialized Ticker subsystem within 0 seconds!
[2020-08-31 00:38:10.569] INIT: Initialized Instruments subsystem within 0 seconds!
[2020-08-31 00:38:30.513] INIT: Initialized Mapping subsystem within 20 seconds!
[2020-08-31 00:38:30.528] INIT: Initialized Economy subsystem within 0 seconds!
[2020-08-31 00:38:30.529] INIT: Initialized Networks subsystem within 0 seconds!
[2020-08-31 00:38:30.529] INIT: Initialized Holodeck subsystem within 0 seconds!
[2020-08-31 00:39:03.074] INIT: Initialized Atoms subsystem within 32.5 seconds!
[2020-08-31 00:39:03.107] INIT: Initialized Language subsystem within 0.1 seconds!
[2020-08-31 00:39:03.274] INIT: Initialized Machines subsystem within 0.1 seconds!
[2020-08-31 00:39:03.307] INIT: Initialized Circuit subsystem within 0.1 seconds!
[2020-08-31 00:39:04.695] INIT: Initialized Atmos Adjacency subsystem within 1.3 seconds!
[2020-08-31 00:39:04.696] INIT: Initialized Autotransfer Vote subsystem within 0 seconds!
[2020-08-31 00:39:04.696] INIT: Initialized Chemistry subsystem within 0 seconds!
[2020-08-31 00:39:04.696] INIT: Initialized Status Effects subsystem within 0 seconds!
[2020-08-31 00:39:04.697] INIT: Initialized Weather subsystem within 0 seconds!
[2020-08-31 00:39:04.700] INIT: Initialized Disease subsystem within 0.1 seconds!
[2020-08-31 00:39:04.700] INIT: Initialized Jukeboxes subsystem within 0 seconds!
[2020-08-31 00:39:04.700] INIT: Initialized Medals subsystem within 0 seconds!
[2020-08-31 00:39:04.976] INIT: Initialized Minimaps subsystem within 0.2 seconds!
[2020-08-31 00:39:05.054] INIT: Initialized Night Shift subsystem within 0 seconds!
[2020-08-31 00:39:05.054] INIT: Initialized Parallax subsystem within 0 seconds!
[2020-08-31 00:39:05.054] INIT: Initialized Sun subsystem within 0 seconds!
[2020-08-31 00:39:05.350] INIT: Initialized Traumas subsystem within 0.3 seconds!
[2020-08-31 00:39:05.466] INIT: Initialized Bluespace Locker subsystem within 0.1 seconds!
[2020-08-31 00:39:05.466] INIT: Initialized Pacification Bans subsystem within 0 seconds!
[2020-08-31 00:39:05.467] INIT: Initialized Logging subsystem within 0 seconds!
[2020-08-31 00:39:05.467] INIT: Initialized Recycling subsystem within 0 seconds!
[2020-08-31 00:39:12.172] INIT: Initialized Atmospherics subsystem within 6.7 seconds!
[2020-08-31 00:39:12.172] INIT: Initialized Atmospherics - Turfs subsystem within 0 seconds!
[2020-08-31 00:39:15.965] INIT: Initialized Assets subsystem within 3.8 seconds!
[2020-08-31 00:39:22.568] INIT: Initialized Icon Smoothing subsystem within 6.6 seconds!
[2020-08-31 00:39:24.154] INIT: Initialized Overlay subsystem within 1.6 seconds!
[2020-08-31 00:39:24.154] INIT: Initialized XKeyScore subsystem within 0 seconds!
[2020-08-31 00:39:24.156] INIT: Initialized Sticky Ban subsystem within 0 seconds!
[2020-08-31 00:39:32.430] INIT: Initialized Lighting subsystem within 8.3 seconds!
[2020-08-31 00:39:37.191] INIT: Initialized Shuttle subsystem within 4.7 seconds!
[2020-08-31 00:39:37.230] INIT: Initialized Minor Mapping subsystem within 0.1 seconds!
[2020-08-31 00:39:37.252] INIT: Initialized Pathfinder subsystem within 0 seconds!
[2020-08-31 00:39:37.283] INIT: Initialized Persistence subsystem within 0 seconds!
[2020-08-31 00:39:37.283] INIT: Initialized Chat subsystem within 0 seconds!
