[2020-09-23 23:37:44.824] Starting up round ID .
 - -------------------------
[2020-09-23 23:37:50.875] INIT: Initialized Profiler subsystem within 0 seconds!
[2020-09-23 23:37:51.025] Fail2Topic: Failed to drop firewall rule. Exit code: 1.
[2020-09-23 23:37:51.025] INIT: Initialized Fail2Topic subsystem within 0.2 seconds!
[2020-09-23 23:37:51.026] INIT: Initialized Title Screen subsystem within 0 seconds!
[2020-09-23 23:37:51.026] INIT: Initialized Database subsystem within 0 seconds!
[2020-09-23 23:37:51.027] INIT: Initialized Blackbox subsystem within 0 seconds!
[2020-09-23 23:37:51.027] INIT: Initialized Server Tasks subsystem within 0 seconds!
[2020-09-23 23:37:51.029] INIT: Initialized Input subsystem within 0 seconds!
[2020-09-23 23:37:51.032] INIT: Initialized Sounds subsystem within 0 seconds!
[2020-09-23 23:37:51.033] INIT: Initialized Vis contents overlays subsystem within 0 seconds!
[2020-09-23 23:37:51.094] INIT: Initialized Research subsystem within 0 seconds!
[2020-09-23 23:37:51.097] INIT: Initialized Events subsystem within 0 seconds!
[2020-09-23 23:37:51.102] INIT: Initialized Jobs subsystem within 0.1 seconds!
[2020-09-23 23:37:51.107] INIT: Initialized Quirks subsystem within 0 seconds!
[2020-09-23 23:37:51.114] INIT: Initialized Ticker subsystem within 0 seconds!
[2020-09-23 23:37:51.128] INIT: Initialized Instruments subsystem within 0 seconds!
[2020-09-23 23:38:09.387] INIT: Initialized Mapping subsystem within 18.2 seconds!
[2020-09-23 23:38:09.399] INIT: Initialized Economy subsystem within 0 seconds!
[2020-09-23 23:38:09.400] INIT: Initialized Networks subsystem within 0.1 seconds!
[2020-09-23 23:38:09.400] INIT: Initialized Holodeck subsystem within 0 seconds!
