[2020-09-26 19:25:05.804] Starting up round ID .
 - -------------------------
[2020-09-26 19:25:12.126] INIT: Initialized Profiler subsystem within 0 seconds!
[2020-09-26 19:25:12.438] Fail2Topic: Failed to drop firewall rule. Exit code: 1.
[2020-09-26 19:25:12.439] INIT: Initialized Fail2Topic subsystem within 0.3 seconds!
[2020-09-26 19:25:12.441] INIT: Initialized Title Screen subsystem within 0 seconds!
[2020-09-26 19:25:12.441] INIT: Initialized Database subsystem within 0 seconds!
[2020-09-26 19:25:12.442] INIT: Initialized Blackbox subsystem within 0 seconds!
[2020-09-26 19:25:12.442] INIT: Initialized Server Tasks subsystem within 0 seconds!
[2020-09-26 19:25:12.445] INIT: Initialized Input subsystem within 0 seconds!
[2020-09-26 19:25:12.447] INIT: Initialized Sounds subsystem within 0 seconds!
[2020-09-26 19:25:12.447] INIT: Initialized Vis contents overlays subsystem within 0 seconds!
[2020-09-26 19:25:12.522] INIT: Initialized Research subsystem within 0.1 seconds!
[2020-09-26 19:25:12.526] INIT: Initialized Events subsystem within 0 seconds!
[2020-09-26 19:25:12.531] INIT: Initialized Jobs subsystem within 0 seconds!
[2020-09-26 19:25:12.537] INIT: Initialized Quirks subsystem within 0 seconds!
[2020-09-26 19:25:12.556] INIT: Initialized Ticker subsystem within 0 seconds!
[2020-09-26 19:25:12.570] INIT: Initialized Instruments subsystem within 0 seconds!
[2020-09-26 19:25:33.438] INIT: Initialized Mapping subsystem within 20.9 seconds!
[2020-09-26 19:25:33.452] INIT: Initialized Economy subsystem within 0 seconds!
[2020-09-26 19:25:33.453] INIT: Initialized Networks subsystem within 0 seconds!
[2020-09-26 19:25:33.454] INIT: Initialized Holodeck subsystem within 0 seconds!
[2020-09-26 19:26:13.060] INIT: Initialized Atoms subsystem within 39.6 seconds!
[2020-09-26 19:26:13.088] INIT: Initialized Language subsystem within 0 seconds!
[2020-09-26 19:26:13.261] INIT: Initialized Machines subsystem within 0.2 seconds!
[2020-09-26 19:26:13.328] INIT: Initialized Circuit subsystem within 0.1 seconds!
[2020-09-26 19:26:15.249] INIT: Initialized Atmos Adjacency subsystem within 1.9 seconds!
[2020-09-26 19:26:15.249] INIT: Initialized Autotransfer Vote subsystem within 0 seconds!
[2020-09-26 19:26:15.249] INIT: Initialized Chemistry subsystem within 0 seconds!
[2020-09-26 19:26:15.249] INIT: Initialized Status Effects subsystem within 0 seconds!
[2020-09-26 19:26:15.250] INIT: Initialized Weather subsystem within 0 seconds!
[2020-09-26 19:26:15.254] INIT: Initialized Disease subsystem within 0 seconds!
[2020-09-26 19:26:15.255] INIT: Initialized Jukeboxes subsystem within 0 seconds!
[2020-09-26 19:26:15.255] INIT: Initialized Medals subsystem within 0 seconds!
[2020-09-26 19:26:15.579] INIT: Initialized Minimaps subsystem within 0.3 seconds!
[2020-09-26 19:26:15.654] INIT: Initialized Night Shift subsystem within 0 seconds!
[2020-09-26 19:26:15.655] INIT: Initialized Parallax subsystem within 0 seconds!
[2020-09-26 19:26:15.655] INIT: Initialized Sun subsystem within 0 seconds!
[2020-09-26 19:26:16.128] INIT: Initialized Traumas subsystem within 0.5 seconds!
[2020-09-26 19:26:16.220] INIT: Initialized Bluespace Locker subsystem within 0.1 seconds!
[2020-09-26 19:26:16.221] INIT: Initialized Pacification Bans subsystem within 0 seconds!
[2020-09-26 19:26:16.221] INIT: Initialized Logging subsystem within 0 seconds!
[2020-09-26 19:26:16.221] INIT: Initialized Recycling subsystem within 0 seconds!
[2020-09-26 19:26:24.626] INIT: Initialized Atmospherics subsystem within 8.4 seconds!
[2020-09-26 19:26:24.626] INIT: Initialized Atmospherics - Turfs subsystem within 0 seconds!
[2020-09-26 19:26:28.186] INIT: Initialized Assets subsystem within 3.5 seconds!
[2020-09-26 19:26:35.582] INIT: Initialized Icon Smoothing subsystem within 7.3 seconds!
[2020-09-26 19:26:36.952] INIT: Initialized Overlay subsystem within 1.4 seconds!
[2020-09-26 19:26:36.953] INIT: Initialized XKeyScore subsystem within 0 seconds!
[2020-09-26 19:26:36.953] INIT: Initialized Sticky Ban subsystem within 0 seconds!
[2020-09-26 19:26:50.898] INIT: Initialized Lighting subsystem within 13.9 seconds!
[2020-09-26 19:26:54.880] INIT: Initialized Shuttle subsystem within 4 seconds!
[2020-09-26 19:26:54.925] INIT: Initialized Minor Mapping subsystem within 0.1 seconds!
[2020-09-26 19:26:54.926] INIT: Initialized Pathfinder subsystem within 0 seconds!
[2020-09-26 19:26:54.961] INIT: Initialized Persistence subsystem within 0 seconds!
[2020-09-26 19:26:54.961] INIT: Initialized Chat subsystem within 0 seconds!
