[2020-09-02 19:40:52.135] Starting up round ID .
 - -------------------------
[2020-09-02 19:41:00.478] INIT: Initialized Profiler subsystem within 0 seconds!
[2020-09-02 19:41:00.677] Fail2Topic: Failed to drop firewall rule. Exit code: 1.
[2020-09-02 19:41:00.677] INIT: Initialized Fail2Topic subsystem within 0.2 seconds!
[2020-09-02 19:41:00.679] INIT: Initialized Title Screen subsystem within 0 seconds!
[2020-09-02 19:41:00.679] INIT: Initialized Database subsystem within 0 seconds!
[2020-09-02 19:41:00.680] INIT: Initialized Blackbox subsystem within 0 seconds!
[2020-09-02 19:41:00.680] INIT: Initialized Server Tasks subsystem within 0 seconds!
[2020-09-02 19:41:00.682] INIT: Initialized Input subsystem within 0 seconds!
[2020-09-02 19:41:00.685] INIT: Initialized Sounds subsystem within 0 seconds!
[2020-09-02 19:41:00.685] INIT: Initialized Vis contents overlays subsystem within 0 seconds!
[2020-09-02 19:41:00.758] INIT: Initialized Research subsystem within 0.1 seconds!
[2020-09-02 19:41:00.761] INIT: Initialized Events subsystem within 0 seconds!
[2020-09-02 19:41:00.766] INIT: Initialized Jobs subsystem within 0 seconds!
[2020-09-02 19:41:00.772] INIT: Initialized Quirks subsystem within 0 seconds!
[2020-09-02 19:41:00.779] INIT: Initialized Ticker subsystem within 0 seconds!
[2020-09-02 19:41:00.794] INIT: Initialized Instruments subsystem within 0 seconds!
[2020-09-02 19:41:19.999] INIT: Initialized Mapping subsystem within 19.2 seconds!
[2020-09-02 19:41:20.011] INIT: Initialized Economy subsystem within 0 seconds!
[2020-09-02 19:41:20.012] INIT: Initialized Networks subsystem within 0 seconds!
[2020-09-02 19:41:20.012] INIT: Initialized Holodeck subsystem within 0 seconds!
[2020-09-02 19:41:53.385] INIT: Initialized Atoms subsystem within 33.3 seconds!
[2020-09-02 19:41:53.429] INIT: Initialized Language subsystem within 0 seconds!
[2020-09-02 19:41:53.588] INIT: Initialized Machines subsystem within 0.1 seconds!
[2020-09-02 19:41:53.623] INIT: Initialized Circuit subsystem within 0.1 seconds!
[2020-09-02 19:41:54.849] INIT: Initialized Atmos Adjacency subsystem within 1.2 seconds!
[2020-09-02 19:41:54.850] INIT: Initialized Autotransfer Vote subsystem within 0 seconds!
[2020-09-02 19:41:54.850] INIT: Initialized Chemistry subsystem within 0 seconds!
[2020-09-02 19:41:54.850] INIT: Initialized Status Effects subsystem within 0 seconds!
[2020-09-02 19:41:54.851] INIT: Initialized Weather subsystem within 0 seconds!
[2020-09-02 19:41:54.854] INIT: Initialized Disease subsystem within 0 seconds!
[2020-09-02 19:41:54.854] INIT: Initialized Jukeboxes subsystem within 0 seconds!
[2020-09-02 19:41:54.855] INIT: Initialized Medals subsystem within 0 seconds!
[2020-09-02 19:41:55.117] INIT: Initialized Minimaps subsystem within 0.3 seconds!
[2020-09-02 19:41:55.166] INIT: Initialized Night Shift subsystem within 0 seconds!
[2020-09-02 19:41:55.166] INIT: Initialized Parallax subsystem within 0 seconds!
[2020-09-02 19:41:55.166] INIT: Initialized Sun subsystem within 0 seconds!
[2020-09-02 19:41:55.396] INIT: Initialized Traumas subsystem within 0.2 seconds!
[2020-09-02 19:41:55.433] INIT: Initialized Bluespace Locker subsystem within 0.1 seconds!
[2020-09-02 19:41:55.462] INIT: Initialized Pacification Bans subsystem within 0 seconds!
[2020-09-02 19:41:55.462] INIT: Initialized Logging subsystem within 0 seconds!
[2020-09-02 19:41:55.462] INIT: Initialized Recycling subsystem within 0 seconds!
[2020-09-02 19:42:01.683] INIT: Initialized Atmospherics subsystem within 6.2 seconds!
[2020-09-02 19:42:01.683] INIT: Initialized Atmospherics - Turfs subsystem within 0 seconds!
[2020-09-02 19:42:04.627] INIT: Initialized Assets subsystem within 3 seconds!
[2020-09-02 19:42:11.027] INIT: Initialized Icon Smoothing subsystem within 6.4 seconds!
[2020-09-02 19:42:12.313] INIT: Initialized Overlay subsystem within 1.3 seconds!
[2020-09-02 19:42:12.313] INIT: Initialized XKeyScore subsystem within 0 seconds!
[2020-09-02 19:42:12.313] INIT: Initialized Sticky Ban subsystem within 0 seconds!
[2020-09-02 19:42:20.469] INIT: Initialized Lighting subsystem within 8.1 seconds!
[2020-09-02 19:42:25.175] INIT: Initialized Shuttle subsystem within 4.7 seconds!
[2020-09-02 19:42:25.217] INIT: Initialized Minor Mapping subsystem within 0.1 seconds!
[2020-09-02 19:42:25.218] INIT: Initialized Pathfinder subsystem within 0 seconds!
[2020-09-02 19:42:25.251] INIT: Initialized Persistence subsystem within 0 seconds!
[2020-09-02 19:42:25.251] INIT: Initialized Chat subsystem within 0 seconds!
