[2020-09-04 15:53:52.738] Starting up round ID .
 - -------------------------
[2020-09-04 15:53:58.684] INIT: Initialized Profiler subsystem within 0 seconds!
[2020-09-04 15:53:58.890] Fail2Topic: Failed to drop firewall rule. Exit code: 1.
[2020-09-04 15:53:58.891] INIT: Initialized Fail2Topic subsystem within 0.2 seconds!
[2020-09-04 15:53:58.892] INIT: Initialized Title Screen subsystem within 0 seconds!
[2020-09-04 15:53:58.893] INIT: Initialized Database subsystem within 0 seconds!
[2020-09-04 15:53:58.893] INIT: Initialized Blackbox subsystem within 0 seconds!
[2020-09-04 15:53:58.893] INIT: Initialized Server Tasks subsystem within 0 seconds!
[2020-09-04 15:53:58.895] INIT: Initialized Input subsystem within 0 seconds!
[2020-09-04 15:53:58.897] INIT: Initialized Sounds subsystem within 0 seconds!
[2020-09-04 15:53:58.897] INIT: Initialized Vis contents overlays subsystem within 0 seconds!
[2020-09-04 15:53:58.958] INIT: Initialized Research subsystem within 0.1 seconds!
[2020-09-04 15:53:58.961] INIT: Initialized Events subsystem within 0 seconds!
[2020-09-04 15:53:58.965] INIT: Initialized Jobs subsystem within 0 seconds!
[2020-09-04 15:53:58.972] INIT: Initialized Quirks subsystem within 0 seconds!
[2020-09-04 15:53:58.985] INIT: Initialized Ticker subsystem within 0 seconds!
[2020-09-04 15:53:58.998] INIT: Initialized Instruments subsystem within 0 seconds!
[2020-09-04 15:54:18.784] INIT: Initialized Mapping subsystem within 19.8 seconds!
[2020-09-04 15:54:18.797] INIT: Initialized Economy subsystem within 0 seconds!
[2020-09-04 15:54:18.798] INIT: Initialized Networks subsystem within 0 seconds!
[2020-09-04 15:54:18.798] INIT: Initialized Holodeck subsystem within 0 seconds!
[2020-09-04 15:54:53.835] INIT: Initialized Atoms subsystem within 35 seconds!
[2020-09-04 15:54:53.863] INIT: Initialized Language subsystem within 0 seconds!
[2020-09-04 15:54:54.023] INIT: Initialized Machines subsystem within 0.2 seconds!
[2020-09-04 15:54:54.060] INIT: Initialized Circuit subsystem within 0 seconds!
[2020-09-04 15:54:55.500] INIT: Initialized Atmos Adjacency subsystem within 1.5 seconds!
[2020-09-04 15:54:55.500] INIT: Initialized Autotransfer Vote subsystem within 0 seconds!
[2020-09-04 15:54:55.500] INIT: Initialized Chemistry subsystem within 0 seconds!
[2020-09-04 15:54:55.500] INIT: Initialized Status Effects subsystem within 0 seconds!
[2020-09-04 15:54:55.501] INIT: Initialized Weather subsystem within 0 seconds!
[2020-09-04 15:54:55.505] INIT: Initialized Disease subsystem within 0 seconds!
[2020-09-04 15:54:55.505] INIT: Initialized Jukeboxes subsystem within 0 seconds!
[2020-09-04 15:54:55.505] INIT: Initialized Medals subsystem within 0 seconds!
[2020-09-04 15:54:55.796] INIT: Initialized Minimaps subsystem within 0.2 seconds!
[2020-09-04 15:54:55.871] INIT: Initialized Night Shift subsystem within 0 seconds!
[2020-09-04 15:54:55.872] INIT: Initialized Parallax subsystem within 0 seconds!
[2020-09-04 15:54:55.872] INIT: Initialized Sun subsystem within 0 seconds!
[2020-09-04 15:54:56.167] INIT: Initialized Traumas subsystem within 0.3 seconds!
[2020-09-04 15:54:56.235] INIT: Initialized Bluespace Locker subsystem within 0.1 seconds!
[2020-09-04 15:54:56.235] INIT: Initialized Pacification Bans subsystem within 0 seconds!
[2020-09-04 15:54:56.235] INIT: Initialized Logging subsystem within 0 seconds!
[2020-09-04 15:54:56.235] INIT: Initialized Recycling subsystem within 0 seconds!
[2020-09-04 15:55:02.516] INIT: Initialized Atmospherics subsystem within 6.3 seconds!
[2020-09-04 15:55:02.516] INIT: Initialized Atmospherics - Turfs subsystem within 0 seconds!
[2020-09-04 15:55:05.645] INIT: Initialized Assets subsystem within 3.1 seconds!
[2020-09-04 15:55:12.058] INIT: Initialized Icon Smoothing subsystem within 6.4 seconds!
[2020-09-04 15:55:13.380] INIT: Initialized Overlay subsystem within 1.3 seconds!
[2020-09-04 15:55:13.380] INIT: Initialized XKeyScore subsystem within 0 seconds!
[2020-09-04 15:55:13.381] INIT: Initialized Sticky Ban subsystem within 0 seconds!
[2020-09-04 15:55:21.042] INIT: Initialized Lighting subsystem within 7.7 seconds!
[2020-09-04 15:55:24.543] INIT: Initialized Shuttle subsystem within 3.5 seconds!
[2020-09-04 15:55:24.583] INIT: Initialized Minor Mapping subsystem within 0 seconds!
[2020-09-04 15:55:24.584] INIT: Initialized Pathfinder subsystem within 0 seconds!
[2020-09-04 15:55:24.613] INIT: Initialized Persistence subsystem within 0.1 seconds!
[2020-09-04 15:55:24.614] INIT: Initialized Chat subsystem within 0 seconds!
