[2020-09-17 19:21:52.221] Logs from logging subsystem:
 - (2020-09-17 16:20:00) ASSET: Sending asset common.css to client Bob Joga
 - (2020-09-17 16:20:00) ASSET: Sending asset jquery.min.js to client Bob Joga
 - (2020-09-17 16:20:01) ASSET: Sending asset json2.min.js to client Bob Joga
 - (2020-09-17 16:20:01) ASSET: Sending asset browserOutput.js to client Bob Joga
 - (2020-09-17 16:20:01) ASSET: Sending asset browserOutput.css to client Bob Joga
 - (2020-09-17 16:20:01) ASSET: Sending asset browserOutput_dark.css to client Bob Joga
 - (2020-09-17 16:20:01) ASSET: Sending asset browserOutput_light.css to client Bob Joga
 - (2020-09-17 16:20:01) ASSET: Sending asset spritesheet_chat.css to client Bob Joga
 - (2020-09-17 16:20:01) ASSET: Sending asset chat_16x16.png to client Bob Joga
 - (2020-09-17 16:20:01) ASSET: Sending asset fa-regular-400.eot to client Bob Joga
 - (2020-09-17 16:20:01) ASSET: Sending asset fa-regular-400.woff to client Bob Joga
 - (2020-09-17 16:20:01) ASSET: Sending asset fa-solid-900.eot to client Bob Joga
 - (2020-09-17 16:20:01) ASSET: Sending asset fa-solid-900.woff to client Bob Joga
 - (2020-09-17 16:20:01) ASSET: Sending asset font-awesome.css to client Bob Joga
 - (2020-09-17 16:20:01) ASSET: Sending asset v4shim.css to client Bob Joga
 - (2020-09-17 16:21:48) ASSET: Sending asset spritesheet_paper.css to client Bob Joga
 - (2020-09-17 16:21:48) ASSET: Sending asset paper_121x54.png to client Bob Joga
 - (2020-09-17 16:21:48) ASSET: Sending asset spritesheet_pills.css to client Bob Joga
 - (2020-09-17 16:21:48) ASSET: Sending asset pills_22x10.png to client Bob Joga
 - (2020-09-17 16:21:49) ASSET: Sending asset pills_14x14.png to client Bob Joga
 - (2020-09-17 16:21:49) ASSET: Sending asset minimap-a5918fab69d4b7f62049d8fc674ba3de.png to client Bob Joga
 - (2020-09-17 16:21:50) ASSET: Sending asset minimap-a5918fab69d4b7f62049d8fc674ba3de-meta.png to client Bob Joga
 - (2020-09-17 16:21:50) ASSET: Sending asset tgui.css to client Bob Joga
 - (2020-09-17 16:21:50) ASSET: Sending asset tgui.js to client Bob Joga
 - (2020-09-17 16:21:51) ASSET: Sending asset tgui-main.html to client Bob Joga
 - (2020-09-17 16:21:51) ASSET: Sending asset tgui.bundle.js to client Bob Joga
 - (2020-09-17 16:21:51) ASSET: Sending asset tgui.bundle.css to client Bob Joga
 - (2020-09-17 16:21:51) ASSET: Sending asset tgui-fallback.html to client Bob Joga
 - (2020-09-17 16:21:51) ASSET: Sending asset shim-html5shiv.js to client Bob Joga
 - (2020-09-17 16:21:51) ASSET: Sending asset shim-ie8.js to client Bob Joga
 - (2020-09-17 16:21:51) ASSET: Sending asset asset.deb7b1ee2de735db0d808fc7b8d2c4d8.png to client Bob Joga
 - (2020-09-17 16:21:51) ASSET: Sending asset shim-dom4.js to client Bob Joga
 - (2020-09-17 16:21:51) ASSET: Sending asset shim-css-om.js to client Bob Joga
 - (2020-09-17 16:21:51) ASSET: Sending asset alarm_green.gif to client Bob Joga
 - (2020-09-17 16:21:51) ASSET: Sending asset alarm_red.gif to client Bob Joga
 - (2020-09-17 16:21:51) ASSET: Sending asset batt_5.gif to client Bob Joga
 - (2020-09-17 16:21:51) ASSET: Sending asset batt_20.gif to client Bob Joga
 - (2020-09-17 16:21:52) ASSET: Sending asset batt_40.gif to client Bob Joga
