[2020-08-28 13:39:19.683] Starting up round ID .
 - -------------------------
[2020-08-28 13:39:20.678] INIT: Initialized Profiler subsystem within 0 seconds!
[2020-08-28 13:39:20.828] Fail2Topic: Failed to drop firewall rule. Exit code: 1.
[2020-08-28 13:39:20.828] INIT: Initialized Fail2Topic subsystem within 0.2 seconds!
[2020-08-28 13:39:20.832] INIT: Initialized Title Screen subsystem within 0 seconds!
[2020-08-28 13:39:20.832] INIT: Initialized Database subsystem within 0 seconds!
[2020-08-28 13:39:20.832] INIT: Initialized Blackbox subsystem within 0 seconds!
[2020-08-28 13:39:20.833] INIT: Initialized Server Tasks subsystem within 0 seconds!
[2020-08-28 13:39:20.833] INIT: Initialized Input subsystem within 0 seconds!
[2020-08-28 13:39:20.835] INIT: Initialized Sounds subsystem within 0 seconds!
[2020-08-28 13:39:20.835] INIT: Initialized Vis contents overlays subsystem within 0 seconds!
[2020-08-28 13:39:20.889] INIT: Initialized Research subsystem within 0 seconds!
[2020-08-28 13:39:20.892] INIT: Initialized Events subsystem within 0 seconds!
[2020-08-28 13:39:20.895] INIT: Initialized Jobs subsystem within 0 seconds!
[2020-08-28 13:39:20.900] INIT: Initialized Quirks subsystem within 0.1 seconds!
[2020-08-28 13:39:20.906] INIT: Initialized Ticker subsystem within 0 seconds!
[2020-08-28 13:39:20.917] INIT: Initialized Instruments subsystem within 0 seconds!
[2020-08-28 13:39:35.272] INIT: Initialized Mapping subsystem within 14.3 seconds!
[2020-08-28 13:39:35.273] INIT: Initialized Economy subsystem within 0 seconds!
[2020-08-28 13:39:35.274] INIT: Initialized Networks subsystem within 0 seconds!
[2020-08-28 13:39:35.274] INIT: Initialized Holodeck subsystem within 0 seconds!
[2020-08-28 13:40:03.771] INIT: Initialized Atoms subsystem within 28.5 seconds!
[2020-08-28 13:40:03.785] INIT: Initialized Language subsystem within 0 seconds!
[2020-08-28 13:40:03.915] INIT: Initialized Machines subsystem within 0.2 seconds!
[2020-08-28 13:40:03.948] INIT: Initialized Circuit subsystem within 0 seconds!
[2020-08-28 13:40:05.095] INIT: Initialized Atmos Adjacency subsystem within 1.1 seconds!
[2020-08-28 13:40:05.095] INIT: Initialized Autotransfer Vote subsystem within 0 seconds!
[2020-08-28 13:40:05.095] INIT: Initialized Chemistry subsystem within 0 seconds!
[2020-08-28 13:40:05.096] INIT: Initialized Status Effects subsystem within 0 seconds!
[2020-08-28 13:40:05.097] INIT: Initialized Weather subsystem within 0 seconds!
[2020-08-28 13:40:05.100] INIT: Initialized Disease subsystem within 0 seconds!
[2020-08-28 13:40:05.100] INIT: Initialized Jukeboxes subsystem within 0 seconds!
[2020-08-28 13:40:05.100] INIT: Initialized Medals subsystem within 0 seconds!
[2020-08-28 13:40:05.324] INIT: Initialized Minimaps subsystem within 0.2 seconds!
[2020-08-28 13:40:05.326] INIT: Initialized Night Shift subsystem within 0 seconds!
[2020-08-28 13:40:05.326] INIT: Initialized Parallax subsystem within 0 seconds!
[2020-08-28 13:40:05.326] INIT: Initialized Sun subsystem within 0 seconds!
[2020-08-28 13:40:05.549] INIT: Initialized Traumas subsystem within 0.2 seconds!
[2020-08-28 13:40:05.588] INIT: Initialized Bluespace Locker subsystem within 0 seconds!
[2020-08-28 13:40:05.590] INIT: Initialized Pacification Bans subsystem within 0 seconds!
[2020-08-28 13:40:05.590] INIT: Initialized Logging subsystem within 0 seconds!
[2020-08-28 13:40:05.590] INIT: Initialized Recycling subsystem within 0 seconds!
[2020-08-28 13:40:11.211] INIT: Initialized Atmospherics subsystem within 5.7 seconds!
[2020-08-28 13:40:11.211] INIT: Initialized Atmospherics - Turfs subsystem within 0 seconds!
[2020-08-28 13:40:14.221] INIT: Initialized Assets subsystem within 3 seconds!
[2020-08-28 13:40:19.254] INIT: Initialized Icon Smoothing subsystem within 5 seconds!
[2020-08-28 13:40:20.269] INIT: Initialized Overlay subsystem within 1 second!
[2020-08-28 13:40:20.269] INIT: Initialized XKeyScore subsystem within 0 seconds!
[2020-08-28 13:40:20.270] INIT: Initialized Sticky Ban subsystem within 0 seconds!
[2020-08-28 13:40:27.703] INIT: Initialized Lighting subsystem within 7.5 seconds!
[2020-08-28 13:40:31.366] INIT: Initialized Shuttle subsystem within 3.6 seconds!
[2020-08-28 13:40:31.404] INIT: Initialized Minor Mapping subsystem within 0.1 seconds!
[2020-08-28 13:40:31.405] INIT: Initialized Pathfinder subsystem within 0 seconds!
[2020-08-28 13:40:31.434] INIT: Initialized Persistence subsystem within 0 seconds!
[2020-08-28 13:40:31.435] INIT: Initialized Chat subsystem within 0 seconds!
