[2020-08-26 14:45:04.479] Starting up round ID .
 - -------------------------
[2020-08-26 14:45:10.171] INIT: Initialized Profiler subsystem within 0 seconds!
[2020-08-26 14:45:10.321] Fail2Topic: Failed to drop firewall rule. Exit code: 1.
[2020-08-26 14:45:10.321] INIT: Initialized Fail2Topic subsystem within 0.2 seconds!
[2020-08-26 14:45:10.322] INIT: Initialized Title Screen subsystem within 0 seconds!
[2020-08-26 14:45:10.323] INIT: Initialized Database subsystem within 0 seconds!
[2020-08-26 14:45:10.323] INIT: Initialized Blackbox subsystem within 0 seconds!
[2020-08-26 14:45:10.323] INIT: Initialized Server Tasks subsystem within 0 seconds!
[2020-08-26 14:45:10.324] INIT: Initialized Input subsystem within 0 seconds!
[2020-08-26 14:45:10.326] INIT: Initialized Sounds subsystem within 0 seconds!
[2020-08-26 14:45:10.327] INIT: Initialized Vis contents overlays subsystem within 0 seconds!
[2020-08-26 14:45:10.404] INIT: Initialized Research subsystem within 0.1 seconds!
[2020-08-26 14:45:10.407] INIT: Initialized Events subsystem within 0 seconds!
[2020-08-26 14:45:10.412] INIT: Initialized Jobs subsystem within 0 seconds!
[2020-08-26 14:45:10.418] INIT: Initialized Quirks subsystem within 0 seconds!
[2020-08-26 14:45:10.424] INIT: Initialized Ticker subsystem within 0 seconds!
[2020-08-26 14:45:10.440] INIT: Initialized Instruments subsystem within 0 seconds!
[2020-08-26 14:45:27.923] INIT: Initialized Mapping subsystem within 17.5 seconds!
[2020-08-26 14:45:27.933] INIT: Initialized Economy subsystem within 0 seconds!
[2020-08-26 14:45:27.934] INIT: Initialized Networks subsystem within 0 seconds!
[2020-08-26 14:45:27.934] INIT: Initialized Holodeck subsystem within 0 seconds!
[2020-08-26 14:45:59.484] INIT: Initialized Atoms subsystem within 31.5 seconds!
[2020-08-26 14:45:59.514] INIT: Initialized Language subsystem within 0.1 seconds!
[2020-08-26 14:45:59.665] INIT: Initialized Machines subsystem within 0.1 seconds!
[2020-08-26 14:45:59.700] INIT: Initialized Circuit subsystem within 0.1 seconds!
[2020-08-26 14:46:01.031] INIT: Initialized Atmos Adjacency subsystem within 1.3 seconds!
[2020-08-26 14:46:01.031] INIT: Initialized Autotransfer Vote subsystem within 0 seconds!
[2020-08-26 14:46:01.031] INIT: Initialized Chemistry subsystem within 0 seconds!
[2020-08-26 14:46:01.032] INIT: Initialized Status Effects subsystem within 0 seconds!
[2020-08-26 14:46:01.033] INIT: Initialized Weather subsystem within 0 seconds!
[2020-08-26 14:46:01.036] INIT: Initialized Disease subsystem within 0 seconds!
[2020-08-26 14:46:01.036] INIT: Initialized Jukeboxes subsystem within 0 seconds!
[2020-08-26 14:46:01.036] INIT: Initialized Medals subsystem within 0 seconds!
[2020-08-26 14:46:01.291] INIT: Initialized Minimaps subsystem within 0.2 seconds!
[2020-08-26 14:46:01.346] INIT: Initialized Night Shift subsystem within 0 seconds!
[2020-08-26 14:46:01.346] INIT: Initialized Parallax subsystem within 0 seconds!
[2020-08-26 14:46:01.346] INIT: Initialized Sun subsystem within 0 seconds!
[2020-08-26 14:46:01.562] INIT: Initialized Traumas subsystem within 0.2 seconds!
[2020-08-26 14:46:01.599] INIT: Initialized Bluespace Locker subsystem within 0 seconds!
[2020-08-26 14:46:01.630] INIT: Initialized Pacification Bans subsystem within 0 seconds!
[2020-08-26 14:46:01.630] INIT: Initialized Logging subsystem within 0 seconds!
[2020-08-26 14:46:01.630] INIT: Initialized Recycling subsystem within 0 seconds!
[2020-08-26 14:46:08.267] INIT: Initialized Atmospherics subsystem within 6.6 seconds!
[2020-08-26 14:46:08.267] INIT: Initialized Atmospherics - Turfs subsystem within 0 seconds!
[2020-08-26 14:46:11.526] INIT: Initialized Assets subsystem within 3.3 seconds!
[2020-08-26 14:46:17.679] INIT: Initialized Icon Smoothing subsystem within 6.1 seconds!
[2020-08-26 14:46:18.828] INIT: Initialized Overlay subsystem within 1.2 seconds!
[2020-08-26 14:46:18.828] INIT: Initialized XKeyScore subsystem within 0 seconds!
[2020-08-26 14:46:18.829] INIT: Initialized Sticky Ban subsystem within 0 seconds!
[2020-08-26 14:46:26.624] INIT: Initialized Lighting subsystem within 7.8 seconds!
[2020-08-26 14:46:31.306] INIT: Initialized Shuttle subsystem within 4.7 seconds!
[2020-08-26 14:46:31.346] INIT: Initialized Minor Mapping subsystem within 0 seconds!
[2020-08-26 14:46:31.371] INIT: Initialized Pathfinder subsystem within 0 seconds!
[2020-08-26 14:46:31.401] INIT: Initialized Persistence subsystem within 0.1 seconds!
[2020-08-26 14:46:31.401] INIT: Initialized Chat subsystem within 0 seconds!
