[2020-08-26 01:02:47.010] Logs from logging subsystem:
 - (2020-08-25 22:01:15) ASSET: Sending asset common.css to client Bob Joga
 - (2020-08-25 22:01:15) ASSET: Sending asset jquery.min.js to client Bob Joga
 - (2020-08-25 22:01:16) ASSET: Sending asset json2.min.js to client Bob Joga
 - (2020-08-25 22:01:16) ASSET: Sending asset browserOutput.js to client Bob Joga
 - (2020-08-25 22:01:16) ASSET: Sending asset browserOutput.css to client Bob Joga
 - (2020-08-25 22:01:16) ASSET: Sending asset browserOutput_dark.css to client Bob Joga
 - (2020-08-25 22:01:16) ASSET: Sending asset browserOutput_light.css to client Bob Joga
 - (2020-08-25 22:01:16) ASSET: Sending asset spritesheet_chat.css to client Bob Joga
 - (2020-08-25 22:01:16) ASSET: Sending asset chat_16x16.png to client Bob Joga
 - (2020-08-25 22:01:16) ASSET: Sending asset fa-regular-400.eot to client Bob Joga
 - (2020-08-25 22:01:16) ASSET: Sending asset fa-regular-400.woff to client Bob Joga
 - (2020-08-25 22:01:16) ASSET: Sending asset fa-solid-900.eot to client Bob Joga
 - (2020-08-25 22:01:16) ASSET: Sending asset fa-solid-900.woff to client Bob Joga
 - (2020-08-25 22:01:16) ASSET: Sending asset font-awesome.css to client Bob Joga
 - (2020-08-25 22:01:16) ASSET: Sending asset v4shim.css to client Bob Joga
 - (2020-08-25 22:02:43) ASSET: Sending asset spritesheet_paper.css to client Bob Joga
 - (2020-08-25 22:02:43) ASSET: Sending asset paper_121x54.png to client Bob Joga
 - (2020-08-25 22:02:43) ASSET: Sending asset spritesheet_pills.css to client Bob Joga
 - (2020-08-25 22:02:44) ASSET: Sending asset pills_22x10.png to client Bob Joga
 - (2020-08-25 22:02:44) ASSET: Sending asset pills_14x14.png to client Bob Joga
 - (2020-08-25 22:02:44) ASSET: Sending asset minimap-82a34ae614be8dac52cabcc8116dbe09.png to client Bob Joga
 - (2020-08-25 22:02:44) ASSET: Sending asset minimap-82a34ae614be8dac52cabcc8116dbe09-meta.png to client Bob Joga
 - (2020-08-25 22:02:44) ASSET: Sending asset tgui.css to client Bob Joga
 - (2020-08-25 22:02:44) ASSET: Sending asset tgui.js to client Bob Joga
 - (2020-08-25 22:02:44) ASSET: Sending asset tgui-main.html to client Bob Joga
 - (2020-08-25 22:02:44) ASSET: Sending asset tgui.bundle.js to client Bob Joga
 - (2020-08-25 22:02:45) ASSET: Sending asset tgui.bundle.css to client Bob Joga
 - (2020-08-25 22:02:45) ASSET: Sending asset tgui-fallback.html to client Bob Joga
 - (2020-08-25 22:02:45) ASSET: Sending asset shim-html5shiv.js to client Bob Joga
 - (2020-08-25 22:02:45) ASSET: Sending asset shim-ie8.js to client Bob Joga
 - (2020-08-25 22:02:45) ASSET: Sending asset shim-dom4.js to client Bob Joga
 - (2020-08-25 22:02:45) ASSET: Sending asset shim-css-om.js to client Bob Joga
 - (2020-08-25 22:02:45) ASSET: Sending asset alarm_green.gif to client Bob Joga
 - (2020-08-25 22:02:45) ASSET: Sending asset alarm_red.gif to client Bob Joga
 - (2020-08-25 22:02:45) ASSET: Sending asset batt_5.gif to client Bob Joga
 - (2020-08-25 22:02:45) ASSET: Sending asset batt_20.gif to client Bob Joga
 - (2020-08-25 22:02:46) ASSET: Sending asset batt_40.gif to client Bob Joga
 - (2020-08-25 22:02:46) ASSET: Sending asset batt_60.gif to client Bob Joga
 - (2020-08-25 22:02:46) ASSET: Sending asset batt_80.gif to client Bob Joga
 - (2020-08-25 22:02:46) ASSET: Sending asset batt_100.gif to client Bob Joga
 - (2020-08-25 22:02:46) ASSET: Sending asset charging.gif to client Bob Joga
 - (2020-08-25 22:02:46) ASSET: Sending asset downloader_finished.gif to client Bob Joga
 - (2020-08-25 22:02:46) ASSET: Sending asset downloader_running.gif to client Bob Joga
 - (2020-08-25 22:02:46) ASSET: Sending asset ntnrc_idle.gif to client Bob Joga
 - (2020-08-25 22:02:46) ASSET: Sending asset ntnrc_new.gif to client Bob Joga
 - (2020-08-25 22:02:47) ASSET: Sending asset power_norm.gif to client Bob Joga
