[2020-08-26 01:01:12.931] Starting up round ID .
 - -------------------------
[2020-08-26 01:01:18.897] INIT: Initialized Profiler subsystem within 0 seconds!
[2020-08-26 01:01:19.146] Fail2Topic: Failed to drop firewall rule. Exit code: 1.
[2020-08-26 01:01:19.146] INIT: Initialized Fail2Topic subsystem within 0.3 seconds!
[2020-08-26 01:01:19.150] INIT: Initialized Title Screen subsystem within 0 seconds!
[2020-08-26 01:01:19.151] INIT: Initialized Database subsystem within 0 seconds!
[2020-08-26 01:01:19.152] INIT: Initialized Blackbox subsystem within 0 seconds!
[2020-08-26 01:01:19.152] INIT: Initialized Server Tasks subsystem within 0 seconds!
[2020-08-26 01:01:19.154] INIT: Initialized Input subsystem within 0 seconds!
[2020-08-26 01:01:19.156] INIT: Initialized Sounds subsystem within 0 seconds!
[2020-08-26 01:01:19.156] INIT: Initialized Vis contents overlays subsystem within 0 seconds!
[2020-08-26 01:01:19.216] INIT: Initialized Research subsystem within 0.1 seconds!
[2020-08-26 01:01:19.219] INIT: Initialized Events subsystem within 0 seconds!
[2020-08-26 01:01:19.223] INIT: Initialized Jobs subsystem within 0 seconds!
[2020-08-26 01:01:19.228] INIT: Initialized Quirks subsystem within 0 seconds!
[2020-08-26 01:01:19.243] INIT: Initialized Ticker subsystem within 0 seconds!
[2020-08-26 01:01:19.255] INIT: Initialized Instruments subsystem within 0 seconds!
[2020-08-26 01:01:37.257] INIT: Initialized Mapping subsystem within 18 seconds!
[2020-08-26 01:01:37.267] INIT: Initialized Economy subsystem within 0 seconds!
[2020-08-26 01:01:37.268] INIT: Initialized Networks subsystem within 0 seconds!
[2020-08-26 01:01:37.268] INIT: Initialized Holodeck subsystem within 0 seconds!
[2020-08-26 01:02:09.771] INIT: Initialized Atoms subsystem within 32.5 seconds!
[2020-08-26 01:02:09.798] INIT: Initialized Language subsystem within 0 seconds!
[2020-08-26 01:02:09.954] INIT: Initialized Machines subsystem within 0.2 seconds!
[2020-08-26 01:02:09.988] INIT: Initialized Circuit subsystem within 0 seconds!
[2020-08-26 01:02:11.348] INIT: Initialized Atmos Adjacency subsystem within 1.4 seconds!
[2020-08-26 01:02:11.348] INIT: Initialized Autotransfer Vote subsystem within 0 seconds!
[2020-08-26 01:02:11.348] INIT: Initialized Chemistry subsystem within 0 seconds!
[2020-08-26 01:02:11.348] INIT: Initialized Status Effects subsystem within 0 seconds!
[2020-08-26 01:02:11.349] INIT: Initialized Weather subsystem within 0 seconds!
[2020-08-26 01:02:11.352] INIT: Initialized Disease subsystem within 0 seconds!
[2020-08-26 01:02:11.353] INIT: Initialized Jukeboxes subsystem within 0 seconds!
[2020-08-26 01:02:11.353] INIT: Initialized Medals subsystem within 0 seconds!
[2020-08-26 01:02:11.595] INIT: Initialized Minimaps subsystem within 0.2 seconds!
[2020-08-26 01:02:11.638] INIT: Initialized Night Shift subsystem within 0 seconds!
[2020-08-26 01:02:11.639] INIT: Initialized Parallax subsystem within 0 seconds!
[2020-08-26 01:02:11.639] INIT: Initialized Sun subsystem within 0 seconds!
[2020-08-26 01:02:11.848] INIT: Initialized Traumas subsystem within 0.2 seconds!
[2020-08-26 01:02:11.884] INIT: Initialized Bluespace Locker subsystem within 0 seconds!
[2020-08-26 01:02:11.885] INIT: Initialized Pacification Bans subsystem within 0 seconds!
[2020-08-26 01:02:11.885] INIT: Initialized Logging subsystem within 0 seconds!
[2020-08-26 01:02:11.885] INIT: Initialized Recycling subsystem within 0 seconds!
[2020-08-26 01:02:18.265] INIT: Initialized Atmospherics subsystem within 6.4 seconds!
[2020-08-26 01:02:18.266] INIT: Initialized Atmospherics - Turfs subsystem within 0 seconds!
[2020-08-26 01:02:21.120] INIT: Initialized Assets subsystem within 2.9 seconds!
[2020-08-26 01:02:27.143] INIT: Initialized Icon Smoothing subsystem within 6 seconds!
[2020-08-26 01:02:28.352] INIT: Initialized Overlay subsystem within 1.2 seconds!
[2020-08-26 01:02:28.352] INIT: Initialized XKeyScore subsystem within 0 seconds!
[2020-08-26 01:02:28.356] INIT: Initialized Sticky Ban subsystem within 0 seconds!
[2020-08-26 01:02:36.532] INIT: Initialized Lighting subsystem within 8.2 seconds!
[2020-08-26 01:02:40.707] INIT: Initialized Shuttle subsystem within 4.2 seconds!
[2020-08-26 01:02:40.752] INIT: Initialized Minor Mapping subsystem within 0 seconds!
[2020-08-26 01:02:40.753] INIT: Initialized Pathfinder subsystem within 0 seconds!
[2020-08-26 01:02:40.788] INIT: Initialized Persistence subsystem within 0 seconds!
[2020-08-26 01:02:40.789] INIT: Initialized Chat subsystem within 0 seconds!
