[2020-09-03 13:05:28.909] Starting up round ID .
 - -------------------------
[2020-09-03 13:05:29.884] INIT: Initialized Profiler subsystem within 0 seconds!
[2020-09-03 13:05:30.033] Fail2Topic: Failed to drop firewall rule. Exit code: 1.
[2020-09-03 13:05:30.033] INIT: Initialized Fail2Topic subsystem within 0.2 seconds!
[2020-09-03 13:05:30.034] INIT: Initialized Title Screen subsystem within 0 seconds!
[2020-09-03 13:05:30.034] INIT: Initialized Database subsystem within 0 seconds!
[2020-09-03 13:05:30.034] INIT: Initialized Blackbox subsystem within 0 seconds!
[2020-09-03 13:05:30.035] INIT: Initialized Server Tasks subsystem within 0 seconds!
[2020-09-03 13:05:30.035] INIT: Initialized Input subsystem within 0 seconds!
[2020-09-03 13:05:30.037] INIT: Initialized Sounds subsystem within 0 seconds!
[2020-09-03 13:05:30.037] INIT: Initialized Vis contents overlays subsystem within 0 seconds!
[2020-09-03 13:05:30.094] INIT: Initialized Research subsystem within 0 seconds!
[2020-09-03 13:05:30.097] INIT: Initialized Events subsystem within 0 seconds!
[2020-09-03 13:05:30.101] INIT: Initialized Jobs subsystem within 0.1 seconds!
[2020-09-03 13:05:30.106] INIT: Initialized Quirks subsystem within 0 seconds!
[2020-09-03 13:05:30.111] INIT: Initialized Ticker subsystem within 0 seconds!
[2020-09-03 13:05:30.122] INIT: Initialized Instruments subsystem within 0 seconds!
[2020-09-03 13:05:44.675] INIT: Initialized Mapping subsystem within 14.5 seconds!
[2020-09-03 13:05:44.677] INIT: Initialized Economy subsystem within 0 seconds!
[2020-09-03 13:05:44.678] INIT: Initialized Networks subsystem within 0 seconds!
[2020-09-03 13:05:44.678] INIT: Initialized Holodeck subsystem within 0 seconds!
[2020-09-03 13:06:13.595] INIT: Initialized Atoms subsystem within 28.9 seconds!
[2020-09-03 13:06:13.608] INIT: Initialized Language subsystem within 0.1 seconds!
[2020-09-03 13:06:13.890] INIT: Initialized Machines subsystem within 0.2 seconds!
[2020-09-03 13:06:13.924] INIT: Initialized Circuit subsystem within 0.1 seconds!
[2020-09-03 13:06:14.979] INIT: Initialized Atmos Adjacency subsystem within 1 second!
[2020-09-03 13:06:14.979] INIT: Initialized Autotransfer Vote subsystem within 0 seconds!
[2020-09-03 13:06:14.979] INIT: Initialized Chemistry subsystem within 0 seconds!
[2020-09-03 13:06:14.979] INIT: Initialized Status Effects subsystem within 0 seconds!
[2020-09-03 13:06:14.980] INIT: Initialized Weather subsystem within 0 seconds!
[2020-09-03 13:06:14.983] INIT: Initialized Disease subsystem within 0 seconds!
[2020-09-03 13:06:14.983] INIT: Initialized Jukeboxes subsystem within 0 seconds!
[2020-09-03 13:06:14.983] INIT: Initialized Medals subsystem within 0 seconds!
[2020-09-03 13:06:15.189] INIT: Initialized Minimaps subsystem within 0.2 seconds!
[2020-09-03 13:06:15.190] INIT: Initialized Night Shift subsystem within 0 seconds!
[2020-09-03 13:06:15.190] INIT: Initialized Parallax subsystem within 0 seconds!
[2020-09-03 13:06:15.190] INIT: Initialized Sun subsystem within 0 seconds!
[2020-09-03 13:06:15.407] INIT: Initialized Traumas subsystem within 0.3 seconds!
[2020-09-03 13:06:15.440] INIT: Initialized Bluespace Locker subsystem within 0 seconds!
[2020-09-03 13:06:15.440] INIT: Initialized Pacification Bans subsystem within 0 seconds!
[2020-09-03 13:06:15.440] INIT: Initialized Logging subsystem within 0 seconds!
[2020-09-03 13:06:15.440] INIT: Initialized Recycling subsystem within 0 seconds!
[2020-09-03 13:06:20.380] INIT: Initialized Atmospherics subsystem within 4.9 seconds!
[2020-09-03 13:06:20.380] INIT: Initialized Atmospherics - Turfs subsystem within 0 seconds!
[2020-09-03 13:06:23.408] INIT: Initialized Assets subsystem within 3.1 seconds!
[2020-09-03 13:06:28.252] INIT: Initialized Icon Smoothing subsystem within 4.8 seconds!
[2020-09-03 13:06:29.288] INIT: Initialized Overlay subsystem within 1 second!
[2020-09-03 13:06:29.289] INIT: Initialized XKeyScore subsystem within 0 seconds!
[2020-09-03 13:06:29.289] INIT: Initialized Sticky Ban subsystem within 0 seconds!
[2020-09-03 13:06:35.604] INIT: Initialized Lighting subsystem within 6.4 seconds!
[2020-09-03 13:06:38.826] INIT: Initialized Shuttle subsystem within 3.2 seconds!
[2020-09-03 13:06:38.857] INIT: Initialized Minor Mapping subsystem within 0 seconds!
[2020-09-03 13:06:38.858] INIT: Initialized Pathfinder subsystem within 0 seconds!
[2020-09-03 13:06:38.885] INIT: Initialized Persistence subsystem within 0 seconds!
[2020-09-03 13:06:38.885] INIT: Initialized Chat subsystem within 0 seconds!
