[2020-09-16 14:45:49.749] Starting up round ID .
 - -------------------------
[2020-09-16 14:45:55.452] INIT: Initialized Profiler subsystem within 0 seconds!
[2020-09-16 14:45:55.606] Fail2Topic: Failed to drop firewall rule. Exit code: 1.
[2020-09-16 14:45:55.606] INIT: Initialized Fail2Topic subsystem within 0.2 seconds!
[2020-09-16 14:45:55.607] INIT: Initialized Title Screen subsystem within 0 seconds!
[2020-09-16 14:45:55.607] INIT: Initialized Database subsystem within 0 seconds!
[2020-09-16 14:45:55.608] INIT: Initialized Blackbox subsystem within 0 seconds!
[2020-09-16 14:45:55.608] INIT: Initialized Server Tasks subsystem within 0 seconds!
[2020-09-16 14:45:55.609] INIT: Initialized Input subsystem within 0 seconds!
[2020-09-16 14:45:55.611] INIT: Initialized Sounds subsystem within 0 seconds!
[2020-09-16 14:45:55.611] INIT: Initialized Vis contents overlays subsystem within 0 seconds!
[2020-09-16 14:45:55.665] INIT: Initialized Research subsystem within 0 seconds!
[2020-09-16 14:45:55.668] INIT: Initialized Events subsystem within 0 seconds!
[2020-09-16 14:45:55.672] INIT: Initialized Jobs subsystem within 0 seconds!
[2020-09-16 14:45:55.678] INIT: Initialized Quirks subsystem within 0 seconds!
[2020-09-16 14:45:55.684] INIT: Initialized Ticker subsystem within 0 seconds!
[2020-09-16 14:45:55.696] INIT: Initialized Instruments subsystem within 0 seconds!
[2020-09-16 14:46:13.188] INIT: Initialized Mapping subsystem within 17.5 seconds!
[2020-09-16 14:46:13.205] INIT: Initialized Economy subsystem within 0 seconds!
[2020-09-16 14:46:13.206] INIT: Initialized Networks subsystem within 0 seconds!
[2020-09-16 14:46:13.206] INIT: Initialized Holodeck subsystem within 0 seconds!
[2020-09-16 14:46:49.188] INIT: Initialized Atoms subsystem within 35.9 seconds!
[2020-09-16 14:46:49.230] INIT: Initialized Language subsystem within 0 seconds!
[2020-09-16 14:46:49.664] INIT: Initialized Machines subsystem within 0.4 seconds!
[2020-09-16 14:46:49.720] INIT: Initialized Circuit subsystem within 0.1 seconds!
[2020-09-16 14:46:51.361] INIT: Initialized Atmos Adjacency subsystem within 1.6 seconds!
[2020-09-16 14:46:51.361] INIT: Initialized Autotransfer Vote subsystem within 0 seconds!
[2020-09-16 14:46:51.361] INIT: Initialized Chemistry subsystem within 0 seconds!
[2020-09-16 14:46:51.361] INIT: Initialized Status Effects subsystem within 0 seconds!
[2020-09-16 14:46:51.363] INIT: Initialized Weather subsystem within 0 seconds!
[2020-09-16 14:46:51.366] INIT: Initialized Disease subsystem within 0 seconds!
[2020-09-16 14:46:51.366] INIT: Initialized Jukeboxes subsystem within 0 seconds!
[2020-09-16 14:46:51.366] INIT: Initialized Medals subsystem within 0 seconds!
[2020-09-16 14:46:51.632] INIT: Initialized Minimaps subsystem within 0.3 seconds!
[2020-09-16 14:46:51.737] INIT: Initialized Night Shift subsystem within 0 seconds!
[2020-09-16 14:46:51.737] INIT: Initialized Parallax subsystem within 0 seconds!
[2020-09-16 14:46:51.737] INIT: Initialized Sun subsystem within 0 seconds!
[2020-09-16 14:46:51.987] INIT: Initialized Traumas subsystem within 0.2 seconds!
[2020-09-16 14:46:52.031] INIT: Initialized Bluespace Locker subsystem within 0.1 seconds!
[2020-09-16 14:46:52.067] INIT: Initialized Pacification Bans subsystem within 0 seconds!
[2020-09-16 14:46:52.067] INIT: Initialized Logging subsystem within 0 seconds!
[2020-09-16 14:46:52.067] INIT: Initialized Recycling subsystem within 0 seconds!
[2020-09-16 14:46:59.088] INIT: Initialized Atmospherics subsystem within 7 seconds!
[2020-09-16 14:46:59.088] INIT: Initialized Atmospherics - Turfs subsystem within 0 seconds!
[2020-09-16 14:47:02.396] INIT: Initialized Assets subsystem within 3.3 seconds!
[2020-09-16 14:47:08.976] INIT: Initialized Icon Smoothing subsystem within 6.5 seconds!
[2020-09-16 14:47:10.456] INIT: Initialized Overlay subsystem within 1.5 seconds!
[2020-09-16 14:47:10.457] INIT: Initialized XKeyScore subsystem within 0 seconds!
[2020-09-16 14:47:10.457] INIT: Initialized Sticky Ban subsystem within 0 seconds!
[2020-09-16 14:47:18.894] INIT: Initialized Lighting subsystem within 8.4 seconds!
[2020-09-16 14:47:22.526] INIT: Initialized Shuttle subsystem within 3.7 seconds!
[2020-09-16 14:47:22.565] INIT: Initialized Minor Mapping subsystem within 0 seconds!
[2020-09-16 14:47:22.566] INIT: Initialized Pathfinder subsystem within 0 seconds!
[2020-09-16 14:47:22.599] INIT: Initialized Persistence subsystem within 0 seconds!
[2020-09-16 14:47:22.599] INIT: Initialized Chat subsystem within 0 seconds!
