[2020-08-29 21:57:04.215] Starting up round ID .
 - -------------------------
[2020-08-29 22:08:37.657] Logs from logging subsystem:
 - (2020-08-29 18:59:45) ATTACK: *no key*/(Chao Kotb) has suffered: Second Degree Burns to right foot | Damage: 10.8(rolled 26/27.9765) (Small Freighter (120, 200, 4))
 - (2020-08-29 19:00:19) ATTACK: *no key*/(Abdel-Rahman Callahan) has suffered: Second Degree Burns to right leg | Damage: 10.8(rolled 26/27.9765) (Tiny Freighter (183, 197, 4))
 - (2020-08-29 19:00:34) ATTACK: *no key*/(Abdel-Rahman Callahan) has suffered: Second Degree Burns to left foot | Damage: 10.8(rolled 26/27.9765) (Tiny Freighter (183, 197, 4))
 - (2020-08-29 19:00:36) ATTACK: *no key*/(Chao Kotb) has suffered: Second Degree Burns to right hand | Damage: 10.8(rolled 26/27.9765) (Small Freighter (120, 200, 4))
 - (2020-08-29 19:01:02) ATTACK: *no key*/(Chao Kotb) has suffered: Hip Dislocation to groin | Damage: 9(rolled 21/21.674) (Small Freighter (120, 200, 4))
 - (2020-08-29 19:01:38) ATTACK: *no key*/(Abdel-Rahman Callahan) has suffered: Second Degree Burns to right hand | Damage: 10.8(rolled 27/27.9765) (Tiny Freighter (183, 197, 4))
 - (2020-08-29 19:01:42) ATTACK: *no key*/(Chao Kotb) has suffered: Second Degree Burns to groin | Damage: 10.8(rolled 16/27.9765) (Small Freighter (120, 200, 4))
 - (2020-08-29 19:01:46) ATTACK: *no key*/(Jeanna Cypret) has suffered: Second Degree Burns to right hand | Damage: 10.8(rolled 26/27.9765) (Space (100, 67, 8))
 - (2020-08-29 19:01:52) ATTACK: *no key*/(Chao Kotb) has suffered: Third Degree Burns to groin | Damage: 10.8(rolled 21/27.9765) (Small Freighter (120, 200, 4))
 - (2020-08-29 19:02:06) ATTACK: *no key*/(Chao Kotb) has suffered: Hairline Fracture to groin | Damage: 9.6(rolled 6/23.7236) (Small Freighter (120, 200, 4))
 - (2020-08-29 19:02:30) ATTACK: *no key*/(Abdel-Rahman Callahan) has suffered: Second Degree Burns to left hand | Damage: 10.8(rolled 26/27.9765) (Tiny Freighter (183, 197, 4))
 - (2020-08-29 19:02:34) ATTACK: *no key*/(Chao Kotb) has suffered: Second Degree Burns to right arm | Damage: 10.8(rolled 26/27.9765) (Small Freighter (120, 200, 4))
 - (2020-08-29 19:02:52) ATTACK: *no key*/(Abdel-Rahman Callahan) has suffered: Second Degree Burns to left arm | Damage: 10.8(rolled 26/27.9765) (Tiny Freighter (183, 197, 4))
 - (2020-08-29 19:03:12) ATTACK: *no key*/(Jeanna Cypret) has suffered: Second Degree Burns to left leg | Damage: 10.8(rolled 27/27.9765) (Space (100, 67, 8))
 - (2020-08-29 19:04:08) ATTACK: *no key*/(Abdel-Rahman Callahan) has suffered: Second Degree Burns to groin | Damage: 10.8(rolled 26/27.9765) (Tiny Freighter (183, 197, 4))
 - (2020-08-29 19:04:20) ATTACK: *no key*/(Abdel-Rahman Callahan) has suffered: Hip Dislocation to groin | Damage: 8.8(rolled 1/21.0027) (Tiny Freighter (183, 197, 4))
 - (2020-08-29 19:04:22) ATTACK: *no key*/(Abdel-Rahman Callahan) has suffered: Rib Dislocation to chest | Damage: 9(rolled 21/21.674) (Tiny Freighter (183, 197, 4))
 - (2020-08-29 19:04:30) ATTACK: *no key*/(Jeanna Cypret) has suffered: Second Degree Burns to left foot | Damage: 10.8(rolled 27/27.9765) (Space (100, 67, 8))
 - (2020-08-29 19:04:34) ATTACK: *no key*/(Chao Kotb) has suffered: Second Degree Burns to chest | Damage: 10.8(rolled 27/27.9765) (Small Freighter (120, 200, 4))
 - (2020-08-29 19:04:38) ATTACK: *no key*/(Jeanna Cypret) has suffered: Second Degree Burns to chest | Damage: 10.8(rolled 26/27.9765) (Space (100, 67, 8))
 - (2020-08-29 19:04:42) ATTACK: *no key*/(Jeanna Cypret) has suffered: Rib Dislocation to chest | Damage: 9.9(rolled 7/24.7679) (Space (100, 67, 8))
 - (2020-08-29 19:04:50) ATTACK: *no key*/(Jeanna Cypret) has suffered: Third Degree Burns to chest | Damage: 10.8(rolled 21/27.9765) (Space (100, 67, 8))
 - (2020-08-29 19:04:54) ATTACK: *no key*/(Chao Kotb) has suffered: Hairline Fracture to chest | Damage: 9.9(rolled 21/24.7679) (Small Freighter (120, 200, 4))
 - (2020-08-29 19:04:56) ATTACK: *no key*/(Jeanna Cypret) has suffered: Hairline Fracture to chest | Damage: 12(rolled 18/32.423) (Space (100, 67, 8))
 - (2020-08-29 19:05:06) ATTACK: *no key*/(Jeanna Cypret) has suffered: Compound Fracture to chest | Damage: 12(rolled 32/32.423) (Space (100, 67, 8))
 - (2020-08-29 19:05:08) ATTACK: *no key*/(Jeanna Cypret) has suffered: Second Degree Burns to right foot | Damage: 10.8(rolled 26/27.9765) (Space (100, 67, 8))
 - (2020-08-29 19:05:10) ATTACK: *no key*/(Abdel-Rahman Callahan) has suffered: Second Degree Burns to chest | Damage: 10.8(rolled 18/27.9765) (Tiny Freighter (183, 197, 4))
 - (2020-08-29 19:05:22) ATTACK: *no key*/(Abdel-Rahman Callahan) has suffered: Hairline Fracture to chest | Damage: 9.9(rolled 1/24.7679) (Tiny Freighter (183, 197, 4))
 - (2020-08-29 19:05:32) ATTACK: *no key*/(Abdel-Rahman Callahan) has suffered: Hairline Fracture to groin | Damage: 9.9(rolled 16/24.7679) (Tiny Freighter (183, 197, 4))
 - (2020-08-29 19:05:36) ATTACK: *no key*/(Jeanna Cypret) has suffered: Second Degree Burns to left arm | Damage: 10.8(rolled 27/27.9765) (Space (100, 67, 8))
 - (2020-08-29 19:05:47) ATTACK: *no key*/(Chao Kotb) has suffered: Second Degree Burns to left foot | Damage: 10.8(rolled 27/27.9765) (Small Freighter (120, 200, 4))
 - (2020-08-29 19:05:55) ATTACK: *no key*/(Jeanna Cypret) has suffered: Disembowelment (Space (100, 67, 8))
 - (2020-08-29 19:05:55) ATTACK: *no key*/(Jeanna Cypret) has suffered: Catastrophic Burns to chest | Damage: 10.8(rolled 25/27.9765) (Space (100, 67, 8))
 - (2020-08-29 19:06:11) ATTACK: *no key*/(Jeanna Cypret) has suffered: Weeping Avulsion to chest | Damage: 5.85(rolled 8/11.8582) (Space (100, 67, 8))
 - (2020-08-29 19:06:43) ATTACK: *no key*/(Abdel-Rahman Callahan) has suffered: Third Degree Burns to groin | Damage: 10.8(rolled 27/27.9765) (Tiny Freighter (183, 197, 4))
 - (2020-08-29 19:07:51) ATTACK: *no key*/(Abdel-Rahman Callahan) has suffered: Second Degree Burns to right foot | Damage: 10.8(rolled 27/27.9765) (Tiny Freighter (183, 197, 4))
 - (2020-08-29 19:08:15) ATTACK: *no key*/(Jeanna Cypret) has suffered: Second Degree Burns to right arm | Damage: 10.8(rolled 27/27.9765) (Space (100, 67, 8))
 - (2020-08-29 19:08:19) ATTACK: *no key*/(Abdel-Rahman Callahan) has suffered: Second Degree Burns to right arm | Damage: 10.8(rolled 26/27.9765) (Tiny Freighter (183, 197, 4))
 - (2020-08-29 19:08:27) ATTACK: *no key*/(Chao Kotb) has suffered: Second Degree Burns to left arm | Damage: 10.8(rolled 27/27.9765) (Small Freighter (120, 200, 4))
[2020-08-29 22:18:40.792] Logs from logging subsystem:
 - (2020-08-29 19:08:51) ATTACK: *no key*/(Chao Kotb) has suffered: Third Degree Burns to chest | Damage: 10.8(rolled 24/27.9765) (Small Freighter (120, 200, 4))
 - (2020-08-29 19:09:27) ATTACK: *no key*/(Abdel-Rahman Callahan) has suffered: Third Degree Burns to chest | Damage: 10.8(rolled 14/27.9765) (Tiny Freighter (183, 197, 4))
 - (2020-08-29 19:11:05) ATTACK: *no key*/(Abdel-Rahman Callahan) has suffered: Second Degree Burns to left leg | Damage: 10.8(rolled 27/27.9765) (Tiny Freighter (183, 197, 4))
 - (2020-08-29 19:11:30) ATTACK: *no key*/(Chao Kotb) has suffered: Second Degree Burns to left hand | Damage: 10.8(rolled 27/27.9765) (Small Freighter (120, 200, 4))
 - (2020-08-29 19:13:10) ATTACK: *no key*/(Jeanna Cypret) has suffered: Second Degree Burns to left hand | Damage: 10.8(rolled 26/27.9765) (Space (100, 67, 8))
 - (2020-08-29 19:15:30) ATTACK: *no key*/(Chao Kotb) has suffered: Second Degree Burns to left leg | Damage: 10.8(rolled 27/27.9765) (Small Freighter (120, 200, 4))
 - (2020-08-29 19:16:38) ATTACK: *no key*/(Jeanna Cypret) has suffered: Hip Dislocation to groin | Damage: 9(rolled 21/21.674) (Space (100, 67, 8))
 - (2020-08-29 19:17:57) ATTACK: *no key*/(coder monkey (244)) attacked herself to a Muscle Spasm (Space (129, 41, 3))
