[2020-08-29 21:57:04.223] Starting up round ID .
 - -------------------------
[2020-08-29 21:57:05.205] INIT: Initialized Profiler subsystem within 0 seconds!
[2020-08-29 21:57:05.354] Fail2Topic: Failed to drop firewall rule. Exit code: 1.
[2020-08-29 21:57:05.354] INIT: Initialized Fail2Topic subsystem within 0.1 seconds!
[2020-08-29 21:57:05.358] INIT: Initialized Title Screen subsystem within 0 seconds!
[2020-08-29 21:57:05.358] INIT: Initialized Database subsystem within 0 seconds!
[2020-08-29 21:57:05.359] INIT: Initialized Blackbox subsystem within 0 seconds!
[2020-08-29 21:57:05.359] INIT: Initialized Server Tasks subsystem within 0 seconds!
[2020-08-29 21:57:05.360] INIT: Initialized Input subsystem within 0 seconds!
[2020-08-29 21:57:05.362] INIT: Initialized Sounds subsystem within 0 seconds!
[2020-08-29 21:57:05.362] INIT: Initialized Vis contents overlays subsystem within 0 seconds!
[2020-08-29 21:57:05.423] INIT: Initialized Research subsystem within 0.1 seconds!
[2020-08-29 21:57:05.425] INIT: Initialized Events subsystem within 0 seconds!
[2020-08-29 21:57:05.429] INIT: Initialized Jobs subsystem within 0 seconds!
[2020-08-29 21:57:05.434] INIT: Initialized Quirks subsystem within 0 seconds!
[2020-08-29 21:57:05.441] INIT: Initialized Ticker subsystem within 0 seconds!
[2020-08-29 21:57:05.453] INIT: Initialized Instruments subsystem within 0 seconds!
[2020-08-29 21:57:22.140] INIT: Initialized Mapping subsystem within 16.7 seconds!
[2020-08-29 21:57:22.141] INIT: Initialized Economy subsystem within 0 seconds!
[2020-08-29 21:57:22.143] INIT: Initialized Networks subsystem within 0 seconds!
[2020-08-29 21:57:22.144] INIT: Initialized Holodeck subsystem within 0 seconds!
[2020-08-29 21:57:57.888] INIT: Initialized Atoms subsystem within 35.7 seconds!
[2020-08-29 21:57:57.906] INIT: Initialized Language subsystem within 0.1 seconds!
[2020-08-29 21:57:58.072] INIT: Initialized Machines subsystem within 0.1 seconds!
[2020-08-29 21:57:58.107] INIT: Initialized Circuit subsystem within 0.1 seconds!
[2020-08-29 21:57:59.373] INIT: Initialized Atmos Adjacency subsystem within 1.2 seconds!
[2020-08-29 21:57:59.373] INIT: Initialized Autotransfer Vote subsystem within 0 seconds!
[2020-08-29 21:57:59.373] INIT: Initialized Chemistry subsystem within 0 seconds!
[2020-08-29 21:57:59.374] INIT: Initialized Status Effects subsystem within 0 seconds!
[2020-08-29 21:57:59.376] INIT: Initialized Weather subsystem within 0 seconds!
[2020-08-29 21:57:59.380] INIT: Initialized Disease subsystem within 0 seconds!
[2020-08-29 21:57:59.380] INIT: Initialized Jukeboxes subsystem within 0 seconds!
[2020-08-29 21:57:59.380] INIT: Initialized Medals subsystem within 0 seconds!
[2020-08-29 21:57:59.630] INIT: Initialized Minimaps subsystem within 0.3 seconds!
[2020-08-29 21:57:59.633] INIT: Initialized Night Shift subsystem within 0 seconds!
[2020-08-29 21:57:59.633] INIT: Initialized Parallax subsystem within 0 seconds!
[2020-08-29 21:57:59.633] INIT: Initialized Sun subsystem within 0 seconds!
[2020-08-29 21:57:59.879] INIT: Initialized Traumas subsystem within 0.2 seconds!
[2020-08-29 21:57:59.918] INIT: Initialized Bluespace Locker subsystem within 0.1 seconds!
[2020-08-29 21:57:59.920] INIT: Initialized Pacification Bans subsystem within 0 seconds!
[2020-08-29 21:57:59.920] INIT: Initialized Logging subsystem within 0 seconds!
[2020-08-29 21:57:59.920] INIT: Initialized Recycling subsystem within 0 seconds!
[2020-08-29 21:58:06.426] INIT: Initialized Atmospherics subsystem within 6.5 seconds!
[2020-08-29 21:58:06.426] INIT: Initialized Atmospherics - Turfs subsystem within 0 seconds!
[2020-08-29 21:58:10.177] INIT: Initialized Assets subsystem within 3.7 seconds!
[2020-08-29 21:58:16.284] INIT: Initialized Icon Smoothing subsystem within 6.1 seconds!
[2020-08-29 21:58:17.498] INIT: Initialized Overlay subsystem within 1.2 seconds!
[2020-08-29 21:58:17.498] INIT: Initialized XKeyScore subsystem within 0 seconds!
[2020-08-29 21:58:17.500] INIT: Initialized Sticky Ban subsystem within 0.1 seconds!
[2020-08-29 21:58:25.291] INIT: Initialized Lighting subsystem within 7.7 seconds!
[2020-08-29 21:58:30.340] INIT: Initialized Shuttle subsystem within 5.1 seconds!
[2020-08-29 21:58:30.395] INIT: Initialized Minor Mapping subsystem within 0 seconds!
[2020-08-29 21:58:30.396] INIT: Initialized Pathfinder subsystem within 0 seconds!
[2020-08-29 21:58:30.424] INIT: Initialized Persistence subsystem within 0.1 seconds!
[2020-08-29 21:58:30.426] INIT: Initialized Chat subsystem within 0 seconds!
