[2020-09-26 20:07:39.759] Starting up round ID .
 - -------------------------
[2020-09-26 20:07:46.233] INIT: Initialized Profiler subsystem within 0 seconds!
[2020-09-26 20:07:46.432] Fail2Topic: Failed to drop firewall rule. Exit code: 1.
[2020-09-26 20:07:46.432] INIT: Initialized Fail2Topic subsystem within 0.2 seconds!
[2020-09-26 20:07:46.435] INIT: Initialized Title Screen subsystem within 0 seconds!
[2020-09-26 20:07:46.435] INIT: Initialized Database subsystem within 0 seconds!
[2020-09-26 20:07:46.436] INIT: Initialized Blackbox subsystem within 0 seconds!
[2020-09-26 20:07:46.436] INIT: Initialized Server Tasks subsystem within 0 seconds!
[2020-09-26 20:07:46.437] INIT: Initialized Input subsystem within 0 seconds!
[2020-09-26 20:07:46.440] INIT: Initialized Sounds subsystem within 0 seconds!
[2020-09-26 20:07:46.441] INIT: Initialized Vis contents overlays subsystem within 0 seconds!
[2020-09-26 20:07:46.516] INIT: Initialized Research subsystem within 0.1 seconds!
[2020-09-26 20:07:46.519] INIT: Initialized Events subsystem within 0 seconds!
[2020-09-26 20:07:46.525] INIT: Initialized Jobs subsystem within 0 seconds!
[2020-09-26 20:07:46.531] INIT: Initialized Quirks subsystem within 0 seconds!
[2020-09-26 20:07:46.537] INIT: Initialized Ticker subsystem within 0 seconds!
[2020-09-26 20:07:46.551] INIT: Initialized Instruments subsystem within 0 seconds!
[2020-09-26 20:08:04.609] INIT: Initialized Mapping subsystem within 18.1 seconds!
[2020-09-26 20:08:04.629] INIT: Initialized Economy subsystem within 0 seconds!
[2020-09-26 20:08:04.630] INIT: Initialized Networks subsystem within 0 seconds!
[2020-09-26 20:08:04.630] INIT: Initialized Holodeck subsystem within 0 seconds!
[2020-09-26 20:08:43.464] INIT: Initialized Atoms subsystem within 38.8 seconds!
[2020-09-26 20:08:43.498] INIT: Initialized Language subsystem within 0 seconds!
[2020-09-26 20:08:43.673] INIT: Initialized Machines subsystem within 0.2 seconds!
[2020-09-26 20:08:43.741] INIT: Initialized Circuit subsystem within 0.1 seconds!
[2020-09-26 20:08:45.137] INIT: Initialized Atmos Adjacency subsystem within 1.4 seconds!
[2020-09-26 20:08:45.137] INIT: Initialized Autotransfer Vote subsystem within 0 seconds!
[2020-09-26 20:08:45.137] INIT: Initialized Chemistry subsystem within 0 seconds!
[2020-09-26 20:08:45.137] INIT: Initialized Status Effects subsystem within 0 seconds!
[2020-09-26 20:08:45.138] INIT: Initialized Weather subsystem within 0 seconds!
[2020-09-26 20:08:45.142] INIT: Initialized Disease subsystem within 0 seconds!
[2020-09-26 20:08:45.142] INIT: Initialized Jukeboxes subsystem within 0 seconds!
[2020-09-26 20:08:45.142] INIT: Initialized Medals subsystem within 0 seconds!
[2020-09-26 20:08:45.520] INIT: Initialized Minimaps subsystem within 0.4 seconds!
[2020-09-26 20:08:45.596] INIT: Initialized Night Shift subsystem within 0 seconds!
[2020-09-26 20:08:45.596] INIT: Initialized Parallax subsystem within 0 seconds!
[2020-09-26 20:08:45.596] INIT: Initialized Sun subsystem within 0 seconds!
[2020-09-26 20:08:45.876] INIT: Initialized Traumas subsystem within 0.3 seconds!
[2020-09-26 20:08:45.963] INIT: Initialized Bluespace Locker subsystem within 0 seconds!
[2020-09-26 20:08:45.963] INIT: Initialized Pacification Bans subsystem within 0 seconds!
[2020-09-26 20:08:45.964] INIT: Initialized Logging subsystem within 0 seconds!
[2020-09-26 20:08:45.964] INIT: Initialized Recycling subsystem within 0 seconds!
[2020-09-26 20:08:53.025] INIT: Initialized Atmospherics subsystem within 7.1 seconds!
[2020-09-26 20:08:53.026] INIT: Initialized Atmospherics - Turfs subsystem within 0 seconds!
[2020-09-26 20:08:56.387] INIT: Initialized Assets subsystem within 3.3 seconds!
[2020-09-26 20:09:03.816] INIT: Initialized Icon Smoothing subsystem within 7.4 seconds!
[2020-09-26 20:09:05.312] INIT: Initialized Overlay subsystem within 1.5 seconds!
[2020-09-26 20:09:05.312] INIT: Initialized XKeyScore subsystem within 0 seconds!
[2020-09-26 20:09:05.312] INIT: Initialized Sticky Ban subsystem within 0 seconds!
[2020-09-26 20:09:19.569] INIT: Initialized Lighting subsystem within 14.2 seconds!
[2020-09-26 20:09:23.668] INIT: Initialized Shuttle subsystem within 4.1 seconds!
[2020-09-26 20:09:23.713] INIT: Initialized Minor Mapping subsystem within 0.1 seconds!
[2020-09-26 20:09:23.714] INIT: Initialized Pathfinder subsystem within 0 seconds!
[2020-09-26 20:09:23.753] INIT: Initialized Persistence subsystem within 0 seconds!
[2020-09-26 20:09:23.753] INIT: Initialized Chat subsystem within 0 seconds!
