[2020-08-30 01:00:15.873] Starting up round ID .
 - -------------------------
[2020-08-30 01:00:22.022] INIT: Initialized Profiler subsystem within 0 seconds!
[2020-08-30 01:00:22.174] Fail2Topic: Failed to drop firewall rule. Exit code: 1.
[2020-08-30 01:00:22.174] INIT: Initialized Fail2Topic subsystem within 0.1 seconds!
[2020-08-30 01:00:22.175] INIT: Initialized Title Screen subsystem within 0 seconds!
[2020-08-30 01:00:22.176] INIT: Initialized Database subsystem within 0 seconds!
[2020-08-30 01:00:22.176] INIT: Initialized Blackbox subsystem within 0 seconds!
[2020-08-30 01:00:22.176] INIT: Initialized Server Tasks subsystem within 0 seconds!
[2020-08-30 01:00:22.179] INIT: Initialized Input subsystem within 0 seconds!
[2020-08-30 01:00:22.180] INIT: Initialized Sounds subsystem within 0 seconds!
[2020-08-30 01:00:22.181] INIT: Initialized Vis contents overlays subsystem within 0 seconds!
[2020-08-30 01:00:22.242] INIT: Initialized Research subsystem within 0.1 seconds!
[2020-08-30 01:00:22.245] INIT: Initialized Events subsystem within 0 seconds!
[2020-08-30 01:00:22.250] INIT: Initialized Jobs subsystem within 0 seconds!
[2020-08-30 01:00:22.256] INIT: Initialized Quirks subsystem within 0 seconds!
[2020-08-30 01:00:22.262] INIT: Initialized Ticker subsystem within 0 seconds!
[2020-08-30 01:00:22.276] INIT: Initialized Instruments subsystem within 0 seconds!
[2020-08-30 01:00:40.413] INIT: Initialized Mapping subsystem within 18.2 seconds!
[2020-08-30 01:00:40.427] INIT: Initialized Economy subsystem within 0 seconds!
[2020-08-30 01:00:40.428] INIT: Initialized Networks subsystem within 0 seconds!
[2020-08-30 01:00:40.428] INIT: Initialized Holodeck subsystem within 0 seconds!
[2020-08-30 01:01:12.302] INIT: Initialized Atoms subsystem within 31.9 seconds!
[2020-08-30 01:01:12.330] INIT: Initialized Language subsystem within 0 seconds!
[2020-08-30 01:01:12.488] INIT: Initialized Machines subsystem within 0.1 seconds!
[2020-08-30 01:01:12.521] INIT: Initialized Circuit subsystem within 0.1 seconds!
[2020-08-30 01:01:13.931] INIT: Initialized Atmos Adjacency subsystem within 1.4 seconds!
[2020-08-30 01:01:13.931] INIT: Initialized Autotransfer Vote subsystem within 0 seconds!
[2020-08-30 01:01:13.932] INIT: Initialized Chemistry subsystem within 0 seconds!
[2020-08-30 01:01:13.932] INIT: Initialized Status Effects subsystem within 0 seconds!
[2020-08-30 01:01:13.933] INIT: Initialized Weather subsystem within 0 seconds!
[2020-08-30 01:01:13.936] INIT: Initialized Disease subsystem within 0 seconds!
[2020-08-30 01:01:13.936] INIT: Initialized Jukeboxes subsystem within 0 seconds!
[2020-08-30 01:01:13.936] INIT: Initialized Medals subsystem within 0 seconds!
[2020-08-30 01:01:14.179] INIT: Initialized Minimaps subsystem within 0.2 seconds!
[2020-08-30 01:01:14.225] INIT: Initialized Night Shift subsystem within 0 seconds!
[2020-08-30 01:01:14.225] INIT: Initialized Parallax subsystem within 0 seconds!
[2020-08-30 01:01:14.225] INIT: Initialized Sun subsystem within 0 seconds!
[2020-08-30 01:01:14.430] INIT: Initialized Traumas subsystem within 0.2 seconds!
[2020-08-30 01:01:14.463] INIT: Initialized Bluespace Locker subsystem within 0 seconds!
[2020-08-30 01:01:14.463] INIT: Initialized Pacification Bans subsystem within 0 seconds!
[2020-08-30 01:01:14.463] INIT: Initialized Logging subsystem within 0 seconds!
[2020-08-30 01:01:14.464] INIT: Initialized Recycling subsystem within 0 seconds!
[2020-08-30 01:01:20.652] INIT: Initialized Atmospherics subsystem within 6.2 seconds!
[2020-08-30 01:01:20.652] INIT: Initialized Atmospherics - Turfs subsystem within 0 seconds!
[2020-08-30 01:01:23.661] INIT: Initialized Assets subsystem within 3 seconds!
[2020-08-30 01:01:30.003] INIT: Initialized Icon Smoothing subsystem within 6.4 seconds!
[2020-08-30 01:01:31.289] INIT: Initialized Overlay subsystem within 1.2 seconds!
[2020-08-30 01:01:31.289] INIT: Initialized XKeyScore subsystem within 0 seconds!
[2020-08-30 01:01:31.290] INIT: Initialized Sticky Ban subsystem within 0 seconds!
[2020-08-30 01:01:39.408] INIT: Initialized Lighting subsystem within 8.2 seconds!
[2020-08-30 01:01:43.310] INIT: Initialized Shuttle subsystem within 3.9 seconds!
[2020-08-30 01:01:43.350] INIT: Initialized Minor Mapping subsystem within 0 seconds!
[2020-08-30 01:01:43.351] INIT: Initialized Pathfinder subsystem within 0 seconds!
[2020-08-30 01:01:43.387] INIT: Initialized Persistence subsystem within 0 seconds!
[2020-08-30 01:01:43.388] INIT: Initialized Chat subsystem within 0 seconds!
