[2020-09-24 00:21:09.751] Logs from logging subsystem:
 - (2020-09-23 21:19:34) ASSET: Sending asset common.css to client Bob Joga
 - (2020-09-23 21:19:34) ASSET: Sending asset jquery.min.js to client Bob Joga
 - (2020-09-23 21:19:35) ASSET: Sending asset json2.min.js to client Bob Joga
 - (2020-09-23 21:19:35) ASSET: Sending asset browserOutput.js to client Bob Joga
 - (2020-09-23 21:19:35) ASSET: Sending asset browserOutput.css to client Bob Joga
 - (2020-09-23 21:19:35) ASSET: Sending asset browserOutput_dark.css to client Bob Joga
 - (2020-09-23 21:19:35) ASSET: Sending asset browserOutput_light.css to client Bob Joga
 - (2020-09-23 21:19:35) ASSET: Sending asset spritesheet_chat.css to client Bob Joga
 - (2020-09-23 21:19:35) ASSET: Sending asset chat_16x16.png to client Bob Joga
 - (2020-09-23 21:19:35) ASSET: Sending asset fa-regular-400.eot to client Bob Joga
 - (2020-09-23 21:19:35) ASSET: Sending asset fa-regular-400.woff to client Bob Joga
 - (2020-09-23 21:19:35) ASSET: Sending asset fa-solid-900.eot to client Bob Joga
 - (2020-09-23 21:19:35) ASSET: Sending asset fa-solid-900.woff to client Bob Joga
 - (2020-09-23 21:19:35) ASSET: Sending asset font-awesome.css to client Bob Joga
 - (2020-09-23 21:19:35) ASSET: Sending asset v4shim.css to client Bob Joga
 - (2020-09-23 21:21:07) ASSET: Sending asset spritesheet_paper.css to client Bob Joga
 - (2020-09-23 21:21:07) ASSET: Sending asset paper_121x54.png to client Bob Joga
 - (2020-09-23 21:21:07) ASSET: Sending asset spritesheet_pills.css to client Bob Joga
 - (2020-09-23 21:21:08) ASSET: Sending asset pills_22x10.png to client Bob Joga
 - (2020-09-23 21:21:08) ASSET: Sending asset pills_14x14.png to client Bob Joga
 - (2020-09-23 21:21:08) ASSET: Sending asset minimap-c351ce0a86884e1c760a1e5a40a395e4.png to client Bob Joga
 - (2020-09-23 21:21:08) ASSET: Sending asset minimap-c351ce0a86884e1c760a1e5a40a395e4-meta.png to client Bob Joga
 - (2020-09-23 21:21:08) ASSET: Sending asset tgui.css to client Bob Joga
 - (2020-09-23 21:21:08) ASSET: Sending asset tgui.js to client Bob Joga
 - (2020-09-23 21:21:09) ASSET: Sending asset tgui-main.html to client Bob Joga
 - (2020-09-23 21:21:09) ASSET: Sending asset tgui.bundle.js to client Bob Joga
 - (2020-09-23 21:21:09) ASSET: Sending asset tgui.bundle.css to client Bob Joga
 - (2020-09-23 21:21:09) ASSET: Sending asset tgui-fallback.html to client Bob Joga
 - (2020-09-23 21:21:09) ASSET: Sending asset shim-html5shiv.js to client Bob Joga
 - (2020-09-23 21:21:09) ASSET: Sending asset shim-ie8.js to client Bob Joga
 - (2020-09-23 21:21:09) ASSET: Sending asset shim-dom4.js to client Bob Joga
 - (2020-09-23 21:21:09) ASSET: Sending asset shim-css-om.js to client Bob Joga
