[2020-08-30 18:43:52.773] Starting up round ID .
 - -------------------------
[2020-08-30 18:43:58.497] INIT: Initialized Profiler subsystem within 0 seconds!
[2020-08-30 18:43:58.646] Fail2Topic: Failed to drop firewall rule. Exit code: 1.
[2020-08-30 18:43:58.646] INIT: Initialized Fail2Topic subsystem within 0.2 seconds!
[2020-08-30 18:43:58.649] INIT: Initialized Title Screen subsystem within 0 seconds!
[2020-08-30 18:43:58.649] INIT: Initialized Database subsystem within 0 seconds!
[2020-08-30 18:43:58.650] INIT: Initialized Blackbox subsystem within 0 seconds!
[2020-08-30 18:43:58.650] INIT: Initialized Server Tasks subsystem within 0 seconds!
[2020-08-30 18:43:58.651] INIT: Initialized Input subsystem within 0 seconds!
[2020-08-30 18:43:58.654] INIT: Initialized Sounds subsystem within 0 seconds!
[2020-08-30 18:43:58.655] INIT: Initialized Vis contents overlays subsystem within 0 seconds!
[2020-08-30 18:43:58.725] INIT: Initialized Research subsystem within 0.1 seconds!
[2020-08-30 18:43:58.728] INIT: Initialized Events subsystem within 0 seconds!
[2020-08-30 18:43:58.732] INIT: Initialized Jobs subsystem within 0 seconds!
[2020-08-30 18:43:58.734] INIT: Initialized Quirks subsystem within 0 seconds!
[2020-08-30 18:43:58.740] INIT: Initialized Ticker subsystem within 0 seconds!
[2020-08-30 18:43:58.753] INIT: Initialized Instruments subsystem within 0 seconds!
[2020-08-30 18:44:16.180] INIT: Initialized Mapping subsystem within 17.4 seconds!
[2020-08-30 18:44:16.191] INIT: Initialized Economy subsystem within 0 seconds!
[2020-08-30 18:44:16.192] INIT: Initialized Networks subsystem within 0 seconds!
[2020-08-30 18:44:16.192] INIT: Initialized Holodeck subsystem within 0 seconds!
[2020-08-30 18:44:47.108] INIT: Initialized Atoms subsystem within 30.9 seconds!
[2020-08-30 18:44:47.136] INIT: Initialized Language subsystem within 0 seconds!
[2020-08-30 18:44:47.308] INIT: Initialized Machines subsystem within 0.2 seconds!
[2020-08-30 18:44:47.342] INIT: Initialized Circuit subsystem within 0 seconds!
[2020-08-30 18:44:48.624] INIT: Initialized Atmos Adjacency subsystem within 1.3 seconds!
[2020-08-30 18:44:48.624] INIT: Initialized Autotransfer Vote subsystem within 0 seconds!
[2020-08-30 18:44:48.624] INIT: Initialized Chemistry subsystem within 0 seconds!
[2020-08-30 18:44:48.624] INIT: Initialized Status Effects subsystem within 0 seconds!
[2020-08-30 18:44:48.625] INIT: Initialized Weather subsystem within 0 seconds!
[2020-08-30 18:44:48.628] INIT: Initialized Disease subsystem within 0 seconds!
[2020-08-30 18:44:48.628] INIT: Initialized Jukeboxes subsystem within 0 seconds!
[2020-08-30 18:44:48.628] INIT: Initialized Medals subsystem within 0 seconds!
[2020-08-30 18:44:48.872] INIT: Initialized Minimaps subsystem within 0.2 seconds!
[2020-08-30 18:44:48.940] INIT: Initialized Night Shift subsystem within 0 seconds!
[2020-08-30 18:44:48.940] INIT: Initialized Parallax subsystem within 0 seconds!
[2020-08-30 18:44:48.940] INIT: Initialized Sun subsystem within 0 seconds!
[2020-08-30 18:44:49.154] INIT: Initialized Traumas subsystem within 0.2 seconds!
[2020-08-30 18:44:49.192] INIT: Initialized Bluespace Locker subsystem within 0 seconds!
[2020-08-30 18:44:49.236] INIT: Initialized Pacification Bans subsystem within 0 seconds!
[2020-08-30 18:44:49.236] INIT: Initialized Logging subsystem within 0 seconds!
[2020-08-30 18:44:49.236] INIT: Initialized Recycling subsystem within 0 seconds!
[2020-08-30 18:44:55.000] INIT: Initialized Atmospherics subsystem within 5.8 seconds!
[2020-08-30 18:44:55.000] INIT: Initialized Atmospherics - Turfs subsystem within 0 seconds!
[2020-08-30 18:44:57.796] INIT: Initialized Assets subsystem within 2.7 seconds!
[2020-08-30 18:45:03.975] INIT: Initialized Icon Smoothing subsystem within 6.1 seconds!
[2020-08-30 18:45:05.236] INIT: Initialized Overlay subsystem within 1.3 seconds!
[2020-08-30 18:45:05.236] INIT: Initialized XKeyScore subsystem within 0 seconds!
[2020-08-30 18:45:05.236] INIT: Initialized Sticky Ban subsystem within 0 seconds!
[2020-08-30 18:45:12.517] INIT: Initialized Lighting subsystem within 7.3 seconds!
[2020-08-30 18:45:16.845] INIT: Initialized Shuttle subsystem within 4.3 seconds!
[2020-08-30 18:45:16.886] INIT: Initialized Minor Mapping subsystem within 0 seconds!
[2020-08-30 18:45:16.887] INIT: Initialized Pathfinder subsystem within 0 seconds!
[2020-08-30 18:45:16.916] INIT: Initialized Persistence subsystem within 0.1 seconds!
[2020-08-30 18:45:16.916] INIT: Initialized Chat subsystem within 0 seconds!
