[2020-08-30 19:41:53.372] Starting up round ID .
 - -------------------------
[2020-08-30 19:41:58.657] INIT: Initialized Profiler subsystem within 0 seconds!
[2020-08-30 19:41:58.856] Fail2Topic: Failed to drop firewall rule. Exit code: 1.
[2020-08-30 19:41:58.857] INIT: Initialized Fail2Topic subsystem within 0.2 seconds!
[2020-08-30 19:41:58.859] INIT: Initialized Title Screen subsystem within 0 seconds!
[2020-08-30 19:41:58.860] INIT: Initialized Database subsystem within 0 seconds!
[2020-08-30 19:41:58.860] INIT: Initialized Blackbox subsystem within 0 seconds!
[2020-08-30 19:41:58.860] INIT: Initialized Server Tasks subsystem within 0 seconds!
[2020-08-30 19:41:58.861] INIT: Initialized Input subsystem within 0 seconds!
[2020-08-30 19:41:58.863] INIT: Initialized Sounds subsystem within 0 seconds!
[2020-08-30 19:41:58.863] INIT: Initialized Vis contents overlays subsystem within 0 seconds!
[2020-08-30 19:41:58.928] INIT: Initialized Research subsystem within 0.1 seconds!
[2020-08-30 19:41:58.931] INIT: Initialized Events subsystem within 0 seconds!
[2020-08-30 19:41:58.935] INIT: Initialized Jobs subsystem within 0 seconds!
[2020-08-30 19:41:58.943] INIT: Initialized Quirks subsystem within 0 seconds!
[2020-08-30 19:41:58.949] INIT: Initialized Ticker subsystem within 0 seconds!
[2020-08-30 19:41:58.963] INIT: Initialized Instruments subsystem within 0 seconds!
[2020-08-30 19:42:17.281] INIT: Initialized Mapping subsystem within 18.3 seconds!
[2020-08-30 19:42:17.293] INIT: Initialized Economy subsystem within 0 seconds!
[2020-08-30 19:42:17.294] INIT: Initialized Networks subsystem within 0 seconds!
[2020-08-30 19:42:17.294] INIT: Initialized Holodeck subsystem within 0 seconds!
[2020-08-30 19:42:47.936] INIT: Initialized Atoms subsystem within 30.6 seconds!
[2020-08-30 19:42:47.967] INIT: Initialized Language subsystem within 0 seconds!
[2020-08-30 19:42:48.137] INIT: Initialized Machines subsystem within 0.2 seconds!
[2020-08-30 19:42:48.171] INIT: Initialized Circuit subsystem within 0 seconds!
[2020-08-30 19:42:49.396] INIT: Initialized Atmos Adjacency subsystem within 1.2 seconds!
[2020-08-30 19:42:49.396] INIT: Initialized Autotransfer Vote subsystem within 0 seconds!
[2020-08-30 19:42:49.396] INIT: Initialized Chemistry subsystem within 0 seconds!
[2020-08-30 19:42:49.397] INIT: Initialized Status Effects subsystem within 0 seconds!
[2020-08-30 19:42:49.398] INIT: Initialized Weather subsystem within 0 seconds!
[2020-08-30 19:42:49.401] INIT: Initialized Disease subsystem within 0.1 seconds!
[2020-08-30 19:42:49.401] INIT: Initialized Jukeboxes subsystem within 0 seconds!
[2020-08-30 19:42:49.401] INIT: Initialized Medals subsystem within 0 seconds!
[2020-08-30 19:42:49.646] INIT: Initialized Minimaps subsystem within 0.2 seconds!
[2020-08-30 19:42:49.691] INIT: Initialized Night Shift subsystem within 0 seconds!
[2020-08-30 19:42:49.691] INIT: Initialized Parallax subsystem within 0 seconds!
[2020-08-30 19:42:49.691] INIT: Initialized Sun subsystem within 0 seconds!
[2020-08-30 19:42:49.903] INIT: Initialized Traumas subsystem within 0.3 seconds!
[2020-08-30 19:42:49.939] INIT: Initialized Bluespace Locker subsystem within 0 seconds!
[2020-08-30 19:42:49.939] INIT: Initialized Pacification Bans subsystem within 0 seconds!
[2020-08-30 19:42:49.940] INIT: Initialized Logging subsystem within 0 seconds!
[2020-08-30 19:42:49.940] INIT: Initialized Recycling subsystem within 0 seconds!
[2020-08-30 19:42:55.908] INIT: Initialized Atmospherics subsystem within 6 seconds!
[2020-08-30 19:42:55.909] INIT: Initialized Atmospherics - Turfs subsystem within 0 seconds!
[2020-08-30 19:42:58.957] INIT: Initialized Assets subsystem within 3 seconds!
[2020-08-30 19:43:06.029] INIT: Initialized Icon Smoothing subsystem within 7.1 seconds!
[2020-08-30 19:43:07.365] INIT: Initialized Overlay subsystem within 1.3 seconds!
[2020-08-30 19:43:07.365] INIT: Initialized XKeyScore subsystem within 0 seconds!
[2020-08-30 19:43:07.365] INIT: Initialized Sticky Ban subsystem within 0 seconds!
[2020-08-30 19:43:15.358] INIT: Initialized Lighting subsystem within 8 seconds!
[2020-08-30 19:43:18.776] INIT: Initialized Shuttle subsystem within 3.4 seconds!
[2020-08-30 19:43:18.815] INIT: Initialized Minor Mapping subsystem within 0.1 seconds!
[2020-08-30 19:43:18.816] INIT: Initialized Pathfinder subsystem within 0 seconds!
[2020-08-30 19:43:18.845] INIT: Initialized Persistence subsystem within 0 seconds!
[2020-08-30 19:43:18.845] INIT: Initialized Chat subsystem within 0 seconds!
