[2020-09-06 20:58:09.822] Starting up round ID .
 - -------------------------
[2020-09-06 20:58:16.449] INIT: Initialized Profiler subsystem within 0 seconds!
[2020-09-06 20:58:17.849] Fail2Topic: Failed to drop firewall rule. Exit code: -1.07374e+009.
[2020-09-06 20:58:17.849] INIT: Initialized Fail2Topic subsystem within 1.4 seconds!
[2020-09-06 20:58:17.851] INIT: Initialized Title Screen subsystem within 0 seconds!
[2020-09-06 20:58:17.852] INIT: Initialized Database subsystem within 0 seconds!
[2020-09-06 20:58:17.852] INIT: Initialized Blackbox subsystem within 0 seconds!
[2020-09-06 20:58:17.852] INIT: Initialized Server Tasks subsystem within 0 seconds!
[2020-09-06 20:58:17.855] INIT: Initialized Input subsystem within 0 seconds!
[2020-09-06 20:58:17.856] INIT: Initialized Sounds subsystem within 0 seconds!
[2020-09-06 20:58:17.856] INIT: Initialized Vis contents overlays subsystem within 0 seconds!
[2020-09-06 20:58:17.920] INIT: Initialized Research subsystem within 0.1 seconds!
[2020-09-06 20:58:17.923] INIT: Initialized Events subsystem within 0 seconds!
[2020-09-06 20:58:17.929] INIT: Initialized Jobs subsystem within 0 seconds!
[2020-09-06 20:58:17.937] INIT: Initialized Quirks subsystem within 0 seconds!
[2020-09-06 20:58:17.944] INIT: Initialized Ticker subsystem within 0 seconds!
[2020-09-06 20:58:17.960] INIT: Initialized Instruments subsystem within 0 seconds!
[2020-09-06 20:58:37.886] INIT: Initialized Mapping subsystem within 19.9 seconds!
[2020-09-06 20:58:37.900] INIT: Initialized Economy subsystem within 0 seconds!
[2020-09-06 20:58:37.901] INIT: Initialized Networks subsystem within 0 seconds!
[2020-09-06 20:58:37.901] INIT: Initialized Holodeck subsystem within 0 seconds!
[2020-09-06 20:59:14.835] INIT: Initialized Atoms subsystem within 36.9 seconds!
[2020-09-06 20:59:14.869] INIT: Initialized Language subsystem within 0 seconds!
[2020-09-06 20:59:15.025] INIT: Initialized Machines subsystem within 0.2 seconds!
[2020-09-06 20:59:15.064] INIT: Initialized Circuit subsystem within 0 seconds!
[2020-09-06 20:59:16.590] INIT: Initialized Atmos Adjacency subsystem within 1.5 seconds!
[2020-09-06 20:59:16.590] INIT: Initialized Autotransfer Vote subsystem within 0 seconds!
[2020-09-06 20:59:16.590] INIT: Initialized Chemistry subsystem within 0 seconds!
[2020-09-06 20:59:16.591] INIT: Initialized Status Effects subsystem within 0 seconds!
[2020-09-06 20:59:16.592] INIT: Initialized Weather subsystem within 0 seconds!
[2020-09-06 20:59:16.595] INIT: Initialized Disease subsystem within 0 seconds!
[2020-09-06 20:59:16.596] INIT: Initialized Jukeboxes subsystem within 0 seconds!
[2020-09-06 20:59:16.596] INIT: Initialized Medals subsystem within 0 seconds!
[2020-09-06 20:59:16.874] INIT: Initialized Minimaps subsystem within 0.3 seconds!
[2020-09-06 20:59:16.946] INIT: Initialized Night Shift subsystem within 0 seconds!
[2020-09-06 20:59:16.946] INIT: Initialized Parallax subsystem within 0 seconds!
[2020-09-06 20:59:16.946] INIT: Initialized Sun subsystem within 0 seconds!
[2020-09-06 20:59:17.206] INIT: Initialized Traumas subsystem within 0.3 seconds!
[2020-09-06 20:59:17.290] INIT: Initialized Bluespace Locker subsystem within 0 seconds!
[2020-09-06 20:59:17.290] INIT: Initialized Pacification Bans subsystem within 0 seconds!
[2020-09-06 20:59:17.291] INIT: Initialized Logging subsystem within 0 seconds!
[2020-09-06 20:59:17.291] INIT: Initialized Recycling subsystem within 0 seconds!
[2020-09-06 20:59:24.182] INIT: Initialized Atmospherics subsystem within 6.9 seconds!
[2020-09-06 20:59:24.182] INIT: Initialized Atmospherics - Turfs subsystem within 0 seconds!
