[2020-08-27 22:23:56.250] Starting up round ID .
 - -------------------------
[2020-08-27 22:23:57.220] INIT: Initialized Profiler subsystem within 0 seconds!
[2020-08-27 22:23:57.368] Fail2Topic: Failed to drop firewall rule. Exit code: 1.
[2020-08-27 22:23:57.368] INIT: Initialized Fail2Topic subsystem within 0.1 seconds!
[2020-08-27 22:23:57.369] INIT: Initialized Title Screen subsystem within 0 seconds!
[2020-08-27 22:23:57.369] INIT: Initialized Database subsystem within 0 seconds!
[2020-08-27 22:23:57.370] INIT: Initialized Blackbox subsystem within 0 seconds!
[2020-08-27 22:23:57.370] INIT: Initialized Server Tasks subsystem within 0 seconds!
[2020-08-27 22:23:57.372] INIT: Initialized Input subsystem within 0 seconds!
[2020-08-27 22:23:57.374] INIT: Initialized Sounds subsystem within 0 seconds!
[2020-08-27 22:23:57.374] INIT: Initialized Vis contents overlays subsystem within 0 seconds!
[2020-08-27 22:23:57.425] INIT: Initialized Research subsystem within 0.1 seconds!
[2020-08-27 22:23:57.428] INIT: Initialized Events subsystem within 0 seconds!
[2020-08-27 22:23:57.432] INIT: Initialized Jobs subsystem within 0 seconds!
[2020-08-27 22:23:57.437] INIT: Initialized Quirks subsystem within 0 seconds!
[2020-08-27 22:23:57.443] INIT: Initialized Ticker subsystem within 0 seconds!
[2020-08-27 22:23:57.457] INIT: Initialized Instruments subsystem within 0 seconds!
[2020-08-27 22:24:13.213] INIT: Initialized Mapping subsystem within 15.8 seconds!
[2020-08-27 22:24:13.214] INIT: Initialized Economy subsystem within 0 seconds!
[2020-08-27 22:24:13.215] INIT: Initialized Networks subsystem within 0 seconds!
[2020-08-27 22:24:13.215] INIT: Initialized Holodeck subsystem within 0 seconds!
[2020-08-27 22:24:45.022] INIT: Initialized Atoms subsystem within 31.8 seconds!
[2020-08-27 22:24:45.040] INIT: Initialized Language subsystem within 0 seconds!
[2020-08-27 22:24:45.200] INIT: Initialized Machines subsystem within 0.2 seconds!
[2020-08-27 22:24:45.234] INIT: Initialized Circuit subsystem within 0 seconds!
[2020-08-27 22:24:46.269] INIT: Initialized Atmos Adjacency subsystem within 1 second!
[2020-08-27 22:24:46.269] INIT: Initialized Autotransfer Vote subsystem within 0 seconds!
[2020-08-27 22:24:46.270] INIT: Initialized Chemistry subsystem within 0 seconds!
[2020-08-27 22:24:46.270] INIT: Initialized Status Effects subsystem within 0 seconds!
[2020-08-27 22:24:46.271] INIT: Initialized Weather subsystem within 0 seconds!
[2020-08-27 22:24:46.274] INIT: Initialized Disease subsystem within 0 seconds!
[2020-08-27 22:24:46.274] INIT: Initialized Jukeboxes subsystem within 0 seconds!
[2020-08-27 22:24:46.274] INIT: Initialized Medals subsystem within 0 seconds!
[2020-08-27 22:24:46.505] INIT: Initialized Minimaps subsystem within 0.3 seconds!
[2020-08-27 22:24:46.509] INIT: Initialized Night Shift subsystem within 0 seconds!
[2020-08-27 22:24:46.509] INIT: Initialized Parallax subsystem within 0 seconds!
[2020-08-27 22:24:46.509] INIT: Initialized Sun subsystem within 0 seconds!
[2020-08-27 22:24:46.733] INIT: Initialized Traumas subsystem within 0.2 seconds!
[2020-08-27 22:24:46.766] INIT: Initialized Bluespace Locker subsystem within 0 seconds!
[2020-08-27 22:24:46.767] INIT: Initialized Pacification Bans subsystem within 0 seconds!
[2020-08-27 22:24:46.767] INIT: Initialized Logging subsystem within 0 seconds!
[2020-08-27 22:24:46.767] INIT: Initialized Recycling subsystem within 0 seconds!
[2020-08-27 22:24:52.131] INIT: Initialized Atmospherics subsystem within 5.4 seconds!
[2020-08-27 22:24:52.131] INIT: Initialized Atmospherics - Turfs subsystem within 0 seconds!
[2020-08-27 22:24:55.243] INIT: Initialized Assets subsystem within 3.1 seconds!
[2020-08-27 22:25:00.527] INIT: Initialized Icon Smoothing subsystem within 5.3 seconds!
[2020-08-27 22:25:01.715] INIT: Initialized Overlay subsystem within 1.2 seconds!
[2020-08-27 22:25:01.715] INIT: Initialized XKeyScore subsystem within 0 seconds!
[2020-08-27 22:25:01.716] INIT: Initialized Sticky Ban subsystem within 0 seconds!
[2020-08-27 22:25:08.925] INIT: Initialized Lighting subsystem within 7.2 seconds!
[2020-08-27 22:25:12.509] INIT: Initialized Shuttle subsystem within 3.6 seconds!
[2020-08-27 22:25:12.548] INIT: Initialized Minor Mapping subsystem within 0 seconds!
[2020-08-27 22:25:12.549] INIT: Initialized Pathfinder subsystem within 0 seconds!
[2020-08-27 22:25:12.578] INIT: Initialized Persistence subsystem within 0 seconds!
[2020-08-27 22:25:12.578] INIT: Initialized Chat subsystem within 0 seconds!
