[2020-09-24 00:43:21.468] Starting up round ID .
 - -------------------------
[2020-09-24 00:43:28.142] INIT: Initialized Profiler subsystem within 0 seconds!
[2020-09-24 00:43:28.390] Fail2Topic: Failed to drop firewall rule. Exit code: 1.
[2020-09-24 00:43:28.390] INIT: Initialized Fail2Topic subsystem within 0.2 seconds!
[2020-09-24 00:43:28.392] INIT: Initialized Title Screen subsystem within 0 seconds!
[2020-09-24 00:43:28.393] INIT: Initialized Database subsystem within 0 seconds!
[2020-09-24 00:43:28.394] INIT: Initialized Blackbox subsystem within 0 seconds!
[2020-09-24 00:43:28.394] INIT: Initialized Server Tasks subsystem within 0 seconds!
[2020-09-24 00:43:28.395] INIT: Initialized Input subsystem within 0 seconds!
[2020-09-24 00:43:28.399] INIT: Initialized Sounds subsystem within 0 seconds!
[2020-09-24 00:43:28.399] INIT: Initialized Vis contents overlays subsystem within 0 seconds!
[2020-09-24 00:43:28.509] INIT: Initialized Research subsystem within 0.2 seconds!
[2020-09-24 00:43:28.514] INIT: Initialized Events subsystem within 0 seconds!
[2020-09-24 00:43:28.521] INIT: Initialized Jobs subsystem within 0 seconds!
[2020-09-24 00:43:28.534] INIT: Initialized Quirks subsystem within 0 seconds!
[2020-09-24 00:43:28.543] INIT: Initialized Ticker subsystem within 0 seconds!
[2020-09-24 00:43:28.563] INIT: Initialized Instruments subsystem within 0 seconds!
[2020-09-24 00:43:47.752] INIT: Initialized Mapping subsystem within 19.2 seconds!
[2020-09-24 00:43:47.765] INIT: Initialized Economy subsystem within 0 seconds!
[2020-09-24 00:43:47.766] INIT: Initialized Networks subsystem within 0 seconds!
[2020-09-24 00:43:47.766] INIT: Initialized Holodeck subsystem within 0 seconds!
[2020-09-24 00:44:22.653] INIT: Initialized Atoms subsystem within 34.9 seconds!
[2020-09-24 00:44:22.679] INIT: Initialized Language subsystem within 0 seconds!
[2020-09-24 00:44:22.832] INIT: Initialized Machines subsystem within 0.2 seconds!
[2020-09-24 00:44:22.880] INIT: Initialized Circuit subsystem within 0 seconds!
[2020-09-24 00:44:24.289] INIT: Initialized Atmos Adjacency subsystem within 1.4 seconds!
[2020-09-24 00:44:24.289] INIT: Initialized Autotransfer Vote subsystem within 0 seconds!
[2020-09-24 00:44:24.289] INIT: Initialized Chemistry subsystem within 0 seconds!
[2020-09-24 00:44:24.289] INIT: Initialized Status Effects subsystem within 0 seconds!
[2020-09-24 00:44:24.290] INIT: Initialized Weather subsystem within 0 seconds!
[2020-09-24 00:44:24.294] INIT: Initialized Disease subsystem within 0 seconds!
[2020-09-24 00:44:24.295] INIT: Initialized Jukeboxes subsystem within 0 seconds!
[2020-09-24 00:44:24.295] INIT: Initialized Medals subsystem within 0 seconds!
[2020-09-24 00:44:24.567] INIT: Initialized Minimaps subsystem within 0.3 seconds!
[2020-09-24 00:44:24.602] INIT: Initialized Night Shift subsystem within 0 seconds!
[2020-09-24 00:44:24.602] INIT: Initialized Parallax subsystem within 0 seconds!
[2020-09-24 00:44:24.602] INIT: Initialized Sun subsystem within 0 seconds!
[2020-09-24 00:44:24.822] INIT: Initialized Traumas subsystem within 0.2 seconds!
[2020-09-24 00:44:24.862] INIT: Initialized Bluespace Locker subsystem within 0 seconds!
[2020-09-24 00:44:24.886] INIT: Initialized Pacification Bans subsystem within 0 seconds!
[2020-09-24 00:44:24.886] INIT: Initialized Logging subsystem within 0 seconds!
[2020-09-24 00:44:24.886] INIT: Initialized Recycling subsystem within 0 seconds!
[2020-09-24 00:44:31.389] INIT: Initialized Atmospherics subsystem within 6.5 seconds!
[2020-09-24 00:44:31.389] INIT: Initialized Atmospherics - Turfs subsystem within 0 seconds!
[2020-09-24 00:44:34.650] INIT: Initialized Assets subsystem within 3.3 seconds!
[2020-09-24 00:44:41.726] INIT: Initialized Icon Smoothing subsystem within 7.1 seconds!
[2020-09-24 00:44:43.070] INIT: Initialized Overlay subsystem within 1.3 seconds!
[2020-09-24 00:44:43.070] INIT: Initialized XKeyScore subsystem within 0 seconds!
[2020-09-24 00:44:43.070] INIT: Initialized Sticky Ban subsystem within 0 seconds!
[2020-09-24 00:44:51.989] INIT: Initialized Lighting subsystem within 8.9 seconds!
[2020-09-24 00:44:56.944] INIT: Initialized Shuttle subsystem within 5 seconds!
[2020-09-24 00:44:56.984] INIT: Initialized Minor Mapping subsystem within 0 seconds!
[2020-09-24 00:44:56.985] INIT: Initialized Pathfinder subsystem within 0 seconds!
[2020-09-24 00:44:57.017] INIT: Initialized Persistence subsystem within 0.1 seconds!
[2020-09-24 00:44:57.017] INIT: Initialized Chat subsystem within 0 seconds!
