[2020-09-29 03:21:53.838] Starting up round ID .
 - -------------------------
[2020-09-29 03:34:31.404] Logs from logging subsystem:
 - (2020-09-29 00:25:58) ATTACK: *no key*/(Antsy) has suffered: Second Degree Burns to right hand | Damage: 10.8(rolled 27/27.9765) (Unexplored Location (215, 72, 4))
 - (2020-09-29 00:26:14) ATTACK: *no key*/(Ingolf Matei) has suffered: Second Degree Burns to left foot | Damage: 10.8(rolled 26/27.9765) (Space (39, 63, 4))
 - (2020-09-29 00:27:16) ATTACK: *no key*/(Bo Bo Sassy) has suffered: Second Degree Burns to groin | Damage: 10.8(rolled 26/27.9765) (Unexplored Location (216, 74, 4))
 - (2020-09-29 00:27:16) ATTACK: *no key*/(Bo Bo Sassy) has suffered: Hip Dislocation to groin | Damage: 8.8(rolled 13/21.0027) (Unexplored Location (216, 74, 4))
 - (2020-09-29 00:27:28) ATTACK: *no key*/(Antsy) has suffered: Second Degree Burns to groin | Damage: 10.8(rolled 27/27.9765) (Unexplored Location (215, 72, 4))
 - (2020-09-29 00:27:28) ATTACK: *no key*/(Antsy) has suffered: Hairline Fracture to groin | Damage: 8.8(rolled 18/21.0027) (Unexplored Location (215, 72, 4))
 - (2020-09-29 00:27:44) ATTACK: *no key*/(Ingolf Matei) has suffered: Hip Dislocation to groin | Damage: 9(rolled 21/21.674) (Space (39, 63, 4))
 - (2020-09-29 00:27:44) ATTACK: *no key*/(Flop O'Honker) has suffered: Second Degree Burns to chest | Damage: 10.8(rolled 26/27.9765) (Unexplored Location (218, 71, 4))
 - (2020-09-29 00:27:48) ATTACK: *no key*/(Ingolf Matei) has suffered: Second Degree Burns to right arm | Damage: 10.8(rolled 26/27.9765) (Space (39, 63, 4))
 - (2020-09-29 00:27:50) ATTACK: *no key*/(Ingolf Matei) has suffered: Second Degree Burns to groin | Damage: 10.8(rolled 25/27.9765) (Space (39, 63, 4))
 - (2020-09-29 00:27:50) ATTACK: *no key*/(Bo Bo Sassy) has suffered: Second Degree Burns to chest | Damage: 10.8(rolled 27/27.9765) (Unexplored Location (216, 74, 4))
 - (2020-09-29 00:27:52) ATTACK: *no key*/(Flop O'Honker) has suffered: Second Degree Burns to left arm | Damage: 10.8(rolled 27/27.9765) (Unexplored Location (218, 71, 4))
 - (2020-09-29 00:28:00) ATTACK: *no key*/(Antsy) has suffered: Weeping Avulsion to groin | Damage: 5.4(rolled 7/10.6011) (Unexplored Location (215, 72, 4))
 - (2020-09-29 00:28:04) ATTACK: *no key*/(Antsy) has suffered: Second Degree Burns to chest | Damage: 10.8(rolled 26/27.9765) (Unexplored Location (215, 72, 4))
 - (2020-09-29 00:28:06) ATTACK: *no key*/(Bo Bo Sassy) has suffered: Rib Dislocation to chest | Damage: 8.8(rolled 8/21.0027) (Unexplored Location (216, 74, 4))
 - (2020-09-29 00:28:08) ATTACK: *no key*/(Ingolf Matei) has suffered: Hairline Fracture to groin | Damage: 8.8(rolled 6/21.0027) (Space (39, 63, 4))
 - (2020-09-29 00:28:08) ATTACK: *no key*/(Flop O'Honker) has suffered: Second Degree Burns to right foot | Damage: 10.8(rolled 27/27.9765) (Unexplored Location (218, 71, 4))
 - (2020-09-29 00:28:08) ATTACK: *no key*/(Flop O'Honker) has suffered: Hairline Fracture to chest | Damage: 8.8(rolled 16/21.0027) (Unexplored Location (218, 71, 4))
 - (2020-09-29 00:28:10) ATTACK: *no key*/(Ingolf Matei) has suffered: Weeping Avulsion to groin | Damage: 5.4(rolled 7/10.6011) (Space (39, 63, 4))
 - (2020-09-29 00:28:30) ATTACK: *no key*/(Bo Bo Sassy) has suffered: Hairline Fracture to chest | Damage: 8.8(rolled 13/21.0027) (Unexplored Location (216, 74, 4))
 - (2020-09-29 00:28:32) ATTACK: *no key*/(Antsy) has suffered: Rib Dislocation to chest | Damage: 9.9(rolled 8/24.7679) (Unexplored Location (215, 72, 4))
 - (2020-09-29 00:28:38) ATTACK: *no key*/(Bo Bo Sassy) has suffered: Second Degree Burns to left leg | Damage: 10.8(rolled 27/27.9765) (Unexplored Location (216, 74, 4))
 - (2020-09-29 00:28:42) ATTACK: *no key*/(Antsy) has suffered: Hairline Fracture to chest | Damage: 9.9(rolled 24/24.7679) (Unexplored Location (215, 72, 4))
 - (2020-09-29 00:28:50) ATTACK: *no key*/(Bo Bo Sassy) has suffered: Hairline Fracture to groin | Damage: 8.8(rolled 11/21.0027) (Unexplored Location (216, 74, 4))
 - (2020-09-29 00:29:20) ATTACK: *no key*/(Bo Bo Sassy) has suffered: Weeping Avulsion to chest | Damage: 5.4(rolled 10/10.6011) (Unexplored Location (216, 74, 4))
 - (2020-09-29 00:29:22) ATTACK: *no key*/(Flop O'Honker) has suffered: Open Laceration to chest | Damage: 5.4(rolled 4/10.6011) (Unexplored Location (218, 71, 4))
 - (2020-09-29 00:29:36) ATTACK: *no key*/(Bo Bo Sassy) has suffered: Open Laceration to groin | Damage: 5.4(rolled 3/10.6011) (Unexplored Location (216, 74, 4))
 - (2020-09-29 00:29:41) ATTACK: *no key*/(coder monkey (803)) has suffered: Jaw Dislocation to head | Damage: 20(rolled 60/66.2891) | WB: 2 (Space (113, 61, 4))
 - (2020-09-29 00:29:44) ATTACK: *no key*/(Flop O'Honker) has suffered: Open Laceration to chest | Damage: 5.4(rolled 4/10.6011) (Unexplored Location (218, 71, 4))
 - (2020-09-29 00:29:50) ATTACK: *no key*/(Ingolf Matei) has suffered: Second Degree Burns to chest | Damage: 10.8(rolled 27/27.9765) (Space (39, 63, 4))
 - (2020-09-29 00:29:50) ATTACK: *no key*/(Ingolf Matei) has suffered: Hairline Fracture to chest | Damage: 8.8(rolled 19/21.0027) (Space (39, 63, 4))
 - (2020-09-29 00:29:52) ATTACK: *no key*/(Flop O'Honker) has suffered: Weeping Avulsion to chest | Damage: 5.4(rolled 10/10.6011) (Unexplored Location (218, 71, 4))
 - (2020-09-29 00:30:14) ATTACK: *no key*/(Ingolf Matei) has suffered: Weeping Avulsion to chest | Damage: 5.4(rolled 9/10.6011) (Space (39, 63, 4))
 - (2020-09-29 00:30:14) ATTACK: *no key*/(Antsy) has suffered: Weeping Avulsion to chest | Damage: 5.4(rolled 8/10.6011) (Unexplored Location (215, 72, 4))
 - (2020-09-29 00:30:18) ATTACK: *no key*/(Bo Bo Sassy) has suffered: Second Degree Burns to right leg | Damage: 10.8(rolled 26/27.9765) (Unexplored Location (216, 74, 4))
 - (2020-09-29 00:31:54) ATTACK: *no key*/(Bo Bo Sassy) has suffered: Weeping Avulsion to groin | Damage: 5.4(rolled 7/10.6011) (Unexplored Location (216, 74, 4))
 - (2020-09-29 00:32:38) ATTACK: *no key*/(Flop O'Honker) has suffered: Hip Dislocation to groin | Damage: 9(rolled 21/21.674) (Unexplored Location (218, 71, 4))
 - (2020-09-29 00:32:48) ATTACK: *no key*/(Flop O'Honker) has suffered: Second Degree Burns to groin | Damage: 10.8(rolled 11/27.9765) (Unexplored Location (218, 71, 4))
 - (2020-09-29 00:32:56) ATTACK: *no key*/(Bo Bo Sassy) has suffered: Second Degree Burns to left hand | Damage: 10.8(rolled 27/27.9765) (Unexplored Location (216, 74, 4))
 - (2020-09-29 00:33:02) ATTACK: *no key*/(Flop O'Honker) has suffered: Hairline Fracture to groin | Damage: 8.8(rolled 1/21.0027) (Unexplored Location (218, 71, 4))
 - (2020-09-29 00:33:36) ATTACK: *no key*/(Antsy) has suffered: Second Degree Burns to right leg | Damage: 10.8(rolled 26/27.9765) (Unexplored Location (215, 72, 4))
 - (2020-09-29 00:33:50) ATTACK: *no key*/(Flop O'Honker) has suffered: Weeping Avulsion to groin | Damage: 5.4(rolled 7/10.6011) (Unexplored Location (218, 71, 4))
[2020-09-29 03:44:31.641] Logs from logging subsystem:
 - (2020-09-29 00:36:08) ATTACK: *no key*/(Antsy) has suffered: Second Degree Burns to left arm | Damage: 10.8(rolled 26/27.9765) (Unexplored Location (215, 72, 4))
 - (2020-09-29 00:36:58) ATTACK: *no key*/(Flop O'Honker) has suffered: Second Degree Burns to right hand | Damage: 10.8(rolled 26/27.9765) (Unexplored Location (218, 71, 4))
 - (2020-09-29 00:37:36) ATTACK: *no key*/(Antsy) has suffered: Second Degree Burns to right arm | Damage: 10.8(rolled 27/27.9765) (Unexplored Location (215, 72, 4))
 - (2020-09-29 00:37:46) ATTACK: *no key*/(Ingolf Matei) has suffered: Second Degree Burns to left hand | Damage: 10.8(rolled 26/27.9765) (Space (39, 63, 4))
 - (2020-09-29 00:37:54) ATTACK: *no key*/(Antsy) has suffered: Second Degree Burns to left hand | Damage: 10.8(rolled 27/27.9765) (Unexplored Location (215, 72, 4))
 - (2020-09-29 00:38:08) ATTACK: *no key*/(Antsy) has suffered: Second Degree Burns to left foot | Damage: 10.8(rolled 27/27.9765) (Unexplored Location (215, 72, 4))
 - (2020-09-29 00:38:12) ATTACK: *no key*/(Ingolf Matei) has suffered: Second Degree Burns to left leg | Damage: 10.8(rolled 26/27.9765) (Space (39, 63, 4))
 - (2020-09-29 00:38:20) ATTACK: *no key*/(coder monkey (650)) has suffered: Joint Dislocation to right foot | Damage: 20(rolled 35/66.2891) | WB: 2 (Space (68, 59, 4))
 - (2020-09-29 00:38:32) ATTACK: *no key*/(Flop O'Honker) has suffered: Second Degree Burns to left foot | Damage: 10.8(rolled 26/27.9765) (Unexplored Location (218, 71, 4))
 - (2020-09-29 00:40:06) ATTACK: *no key*/(Bo Bo Sassy) has suffered: Second Degree Burns to right foot | Damage: 10.8(rolled 26/27.9765) (Unexplored Location (216, 74, 4))
 - (2020-09-29 00:41:18) ATTACK: *no key*/(Ingolf Matei) has suffered: Second Degree Burns to left arm | Damage: 10.8(rolled 26/27.9765) (Space (39, 63, 4))
 - (2020-09-29 00:42:08) ATTACK: *no key*/(Antsy) has suffered: Second Degree Burns to left leg | Damage: 10.8(rolled 27/27.9765) (Unexplored Location (215, 72, 4))
 - (2020-09-29 00:44:00) ATTACK: *no key*/(Ingolf Matei) has suffered: Second Degree Burns to right leg | Damage: 10.8(rolled 27/27.9765) (Space (39, 63, 4))
[2020-09-29 03:54:31.779] Logs from logging subsystem:
 - (2020-09-29 00:45:13) ATTACK: *no key*/(Bo Bo Sassy) has suffered: Second Degree Burns to right hand | Damage: 10.8(rolled 26/27.9765) (Unexplored Location (216, 74, 4))
 - (2020-09-29 00:45:25) ATTACK: *no key*/(Ingolf Matei) has suffered: Second Degree Burns to right foot | Damage: 10.8(rolled 27/27.9765) (Space (39, 63, 4))
 - (2020-09-29 00:45:57) ATTACK: *no key*/(Flop O'Honker) has suffered: Second Degree Burns to right leg | Damage: 10.8(rolled 27/27.9765) (Unexplored Location (218, 71, 4))
 - (2020-09-29 00:46:01) ATTACK: *no key*/(Bo Bo Sassy) has suffered: Second Degree Burns to left foot | Damage: 10.8(rolled 27/27.9765) (Unexplored Location (216, 74, 4))
 - (2020-09-29 00:48:05) ATTACK: *no key*/(Bo Bo Sassy) has suffered: Second Degree Burns to right arm | Damage: 10.8(rolled 27/27.9765) (Unexplored Location (216, 74, 4))
 - (2020-09-29 00:49:09) ATTACK: *no key*/(Flop O'Honker) has suffered: Second Degree Burns to left hand | Damage: 10.8(rolled 27/27.9765) (Unexplored Location (218, 71, 4))
 - (2020-09-29 00:50:11) ATTACK: *no key*/(Bo Bo Sassy) has suffered: Second Degree Burns to left arm | Damage: 10.8(rolled 26/27.9765) (Unexplored Location (216, 74, 4))
 - (2020-09-29 00:50:53) ATTACK: *no key*/(Flop O'Honker) has suffered: Second Degree Burns to right arm | Damage: 10.8(rolled 27/27.9765) (Unexplored Location (218, 71, 4))
[2020-09-29 04:04:31.985] Logs from logging subsystem:
 - (2020-09-29 00:56:11) ATTACK: *no key*/(Antsy) has suffered: Second Degree Burns to right foot | Damage: 10.8(rolled 26/27.9765) (Unexplored Location (215, 72, 4))
 - (2020-09-29 00:56:29) ATTACK: *no key*/(Flop O'Honker) has suffered: Second Degree Burns to left leg | Damage: 10.8(rolled 27/27.9765) (Unexplored Location (218, 71, 4))
 - (2020-09-29 01:01:11) ATTACK: *no key*/(Ingolf Matei) has suffered: Second Degree Burns to right hand | Damage: 10.8(rolled 27/27.9765) (Space (39, 63, 4))
