[2020-09-04 16:00:24.729] Starting up round ID .
 - -------------------------
[2020-09-04 16:00:30.967] INIT: Initialized Profiler subsystem within 0 seconds!
[2020-09-04 16:00:31.166] Fail2Topic: Failed to drop firewall rule. Exit code: 1.
[2020-09-04 16:00:31.166] INIT: Initialized Fail2Topic subsystem within 0.2 seconds!
[2020-09-04 16:00:31.168] INIT: Initialized Title Screen subsystem within 0 seconds!
[2020-09-04 16:00:31.168] INIT: Initialized Database subsystem within 0 seconds!
[2020-09-04 16:00:31.169] INIT: Initialized Blackbox subsystem within 0 seconds!
[2020-09-04 16:00:31.169] INIT: Initialized Server Tasks subsystem within 0 seconds!
[2020-09-04 16:00:31.171] INIT: Initialized Input subsystem within 0 seconds!
[2020-09-04 16:00:31.176] INIT: Initialized Sounds subsystem within 0 seconds!
[2020-09-04 16:00:31.176] INIT: Initialized Vis contents overlays subsystem within 0 seconds!
[2020-09-04 16:00:31.259] INIT: Initialized Research subsystem within 0.1 seconds!
[2020-09-04 16:00:31.263] INIT: Initialized Events subsystem within 0 seconds!
[2020-09-04 16:00:31.268] INIT: Initialized Jobs subsystem within 0 seconds!
[2020-09-04 16:00:31.276] INIT: Initialized Quirks subsystem within 0 seconds!
[2020-09-04 16:00:31.283] INIT: Initialized Ticker subsystem within 0 seconds!
[2020-09-04 16:00:31.297] INIT: Initialized Instruments subsystem within 0 seconds!
[2020-09-04 16:00:56.173] INIT: Initialized Mapping subsystem within 24.9 seconds!
[2020-09-04 16:00:56.188] INIT: Initialized Economy subsystem within 0 seconds!
[2020-09-04 16:00:56.189] INIT: Initialized Networks subsystem within 0 seconds!
[2020-09-04 16:00:56.189] INIT: Initialized Holodeck subsystem within 0 seconds!
[2020-09-04 16:01:29.029] INIT: Initialized Atoms subsystem within 32.8 seconds!
[2020-09-04 16:01:29.055] INIT: Initialized Language subsystem within 0 seconds!
[2020-09-04 16:01:29.212] INIT: Initialized Machines subsystem within 0.2 seconds!
[2020-09-04 16:01:29.247] INIT: Initialized Circuit subsystem within 0 seconds!
[2020-09-04 16:01:30.723] INIT: Initialized Atmos Adjacency subsystem within 1.5 seconds!
[2020-09-04 16:01:30.723] INIT: Initialized Autotransfer Vote subsystem within 0 seconds!
[2020-09-04 16:01:30.723] INIT: Initialized Chemistry subsystem within 0 seconds!
[2020-09-04 16:01:30.724] INIT: Initialized Status Effects subsystem within 0 seconds!
[2020-09-04 16:01:30.725] INIT: Initialized Weather subsystem within 0 seconds!
[2020-09-04 16:01:30.728] INIT: Initialized Disease subsystem within 0 seconds!
[2020-09-04 16:01:30.728] INIT: Initialized Jukeboxes subsystem within 0 seconds!
[2020-09-04 16:01:30.728] INIT: Initialized Medals subsystem within 0 seconds!
[2020-09-04 16:01:30.998] INIT: Initialized Minimaps subsystem within 0.2 seconds!
[2020-09-04 16:01:31.060] INIT: Initialized Night Shift subsystem within 0 seconds!
[2020-09-04 16:01:31.061] INIT: Initialized Parallax subsystem within 0 seconds!
[2020-09-04 16:01:31.061] INIT: Initialized Sun subsystem within 0 seconds!
[2020-09-04 16:01:31.296] INIT: Initialized Traumas subsystem within 0.2 seconds!
[2020-09-04 16:01:31.332] INIT: Initialized Bluespace Locker subsystem within 0.1 seconds!
[2020-09-04 16:01:31.364] INIT: Initialized Pacification Bans subsystem within 0 seconds!
[2020-09-04 16:01:31.364] INIT: Initialized Logging subsystem within 0 seconds!
[2020-09-04 16:01:31.364] INIT: Initialized Recycling subsystem within 0 seconds!
[2020-09-04 16:01:37.530] INIT: Initialized Atmospherics subsystem within 6.2 seconds!
[2020-09-04 16:01:37.530] INIT: Initialized Atmospherics - Turfs subsystem within 0 seconds!
[2020-09-04 16:01:40.664] INIT: Initialized Assets subsystem within 3.1 seconds!
[2020-09-04 16:01:46.850] INIT: Initialized Icon Smoothing subsystem within 6.2 seconds!
[2020-09-04 16:01:48.072] INIT: Initialized Overlay subsystem within 1.2 seconds!
[2020-09-04 16:01:48.072] INIT: Initialized XKeyScore subsystem within 0 seconds!
[2020-09-04 16:01:48.073] INIT: Initialized Sticky Ban subsystem within 0 seconds!
[2020-09-04 16:01:56.141] INIT: Initialized Lighting subsystem within 8.1 seconds!
[2020-09-04 16:02:01.177] INIT: Initialized Shuttle subsystem within 5 seconds!
[2020-09-04 16:02:01.224] INIT: Initialized Minor Mapping subsystem within 0.1 seconds!
[2020-09-04 16:02:01.225] INIT: Initialized Pathfinder subsystem within 0 seconds!
[2020-09-04 16:02:01.256] INIT: Initialized Persistence subsystem within 0 seconds!
[2020-09-04 16:02:01.256] INIT: Initialized Chat subsystem within 0 seconds!
