[2020-09-27 05:45:18.170] Starting up round ID .
 - -------------------------
[2020-09-27 05:45:24.048] INIT: Initialized Profiler subsystem within 0 seconds!
[2020-09-27 05:45:24.250] Fail2Topic: Failed to drop firewall rule. Exit code: 1.
[2020-09-27 05:45:24.250] INIT: Initialized Fail2Topic subsystem within 0.2 seconds!
[2020-09-27 05:45:24.253] INIT: Initialized Title Screen subsystem within 0 seconds!
[2020-09-27 05:45:24.254] INIT: Initialized Database subsystem within 0 seconds!
[2020-09-27 05:45:24.255] INIT: Initialized Blackbox subsystem within 0 seconds!
[2020-09-27 05:45:24.255] INIT: Initialized Server Tasks subsystem within 0 seconds!
[2020-09-27 05:45:24.258] INIT: Initialized Input subsystem within 0 seconds!
[2020-09-27 05:45:24.260] INIT: Initialized Sounds subsystem within 0 seconds!
[2020-09-27 05:45:24.260] INIT: Initialized Vis contents overlays subsystem within 0 seconds!
[2020-09-27 05:45:24.341] INIT: Initialized Research subsystem within 0.1 seconds!
[2020-09-27 05:45:24.345] INIT: Initialized Events subsystem within 0 seconds!
[2020-09-27 05:45:24.350] INIT: Initialized Jobs subsystem within 0 seconds!
[2020-09-27 05:45:24.357] INIT: Initialized Quirks subsystem within 0 seconds!
[2020-09-27 05:45:24.363] INIT: Initialized Ticker subsystem within 0 seconds!
[2020-09-27 05:45:24.379] INIT: Initialized Instruments subsystem within 0 seconds!
[2020-09-27 05:45:42.112] INIT: Initialized Mapping subsystem within 17.8 seconds!
[2020-09-27 05:45:42.126] INIT: Initialized Economy subsystem within 0 seconds!
[2020-09-27 05:45:42.127] INIT: Initialized Networks subsystem within 0 seconds!
[2020-09-27 05:45:42.127] INIT: Initialized Holodeck subsystem within 0 seconds!
[2020-09-27 05:46:17.072] INIT: Initialized Atoms subsystem within 34.9 seconds!
[2020-09-27 05:46:17.098] INIT: Initialized Language subsystem within 0 seconds!
[2020-09-27 05:46:17.252] INIT: Initialized Machines subsystem within 0.2 seconds!
[2020-09-27 05:46:17.315] INIT: Initialized Circuit subsystem within 0.1 seconds!
[2020-09-27 05:46:18.690] INIT: Initialized Atmos Adjacency subsystem within 1.3 seconds!
[2020-09-27 05:46:18.690] INIT: Initialized Autotransfer Vote subsystem within 0 seconds!
[2020-09-27 05:46:18.690] INIT: Initialized Chemistry subsystem within 0 seconds!
[2020-09-27 05:46:18.690] INIT: Initialized Status Effects subsystem within 0 seconds!
[2020-09-27 05:46:18.691] INIT: Initialized Weather subsystem within 0 seconds!
[2020-09-27 05:46:18.695] INIT: Initialized Disease subsystem within 0 seconds!
[2020-09-27 05:46:18.695] INIT: Initialized Jukeboxes subsystem within 0 seconds!
[2020-09-27 05:46:18.695] INIT: Initialized Medals subsystem within 0 seconds!
[2020-09-27 05:46:18.954] INIT: Initialized Minimaps subsystem within 0.3 seconds!
[2020-09-27 05:46:19.008] INIT: Initialized Night Shift subsystem within 0 seconds!
[2020-09-27 05:46:19.008] INIT: Initialized Parallax subsystem within 0 seconds!
[2020-09-27 05:46:19.008] INIT: Initialized Sun subsystem within 0 seconds!
[2020-09-27 05:46:19.224] INIT: Initialized Traumas subsystem within 0.2 seconds!
[2020-09-27 05:46:19.265] INIT: Initialized Bluespace Locker subsystem within 0 seconds!
[2020-09-27 05:46:19.296] INIT: Initialized Pacification Bans subsystem within 0 seconds!
[2020-09-27 05:46:19.296] INIT: Initialized Logging subsystem within 0 seconds!
[2020-09-27 05:46:19.296] INIT: Initialized Recycling subsystem within 0 seconds!
[2020-09-27 05:46:26.615] INIT: Initialized Atmospherics subsystem within 7.4 seconds!
[2020-09-27 05:46:26.615] INIT: Initialized Atmospherics - Turfs subsystem within 0 seconds!
[2020-09-27 05:46:30.312] INIT: Initialized Assets subsystem within 3.7 seconds!
[2020-09-27 05:46:37.382] INIT: Initialized Icon Smoothing subsystem within 7 seconds!
[2020-09-27 05:46:38.675] INIT: Initialized Overlay subsystem within 1.3 seconds!
[2020-09-27 05:46:38.675] INIT: Initialized XKeyScore subsystem within 0 seconds!
[2020-09-27 05:46:38.676] INIT: Initialized Sticky Ban subsystem within 0 seconds!
[2020-09-27 05:46:50.646] INIT: Initialized Lighting subsystem within 12 seconds!
[2020-09-27 05:46:54.481] INIT: Initialized Shuttle subsystem within 3.8 seconds!
[2020-09-27 05:46:54.520] INIT: Initialized Minor Mapping subsystem within 0.1 seconds!
[2020-09-27 05:46:54.520] INIT: Initialized Pathfinder subsystem within 0 seconds!
[2020-09-27 05:46:54.554] INIT: Initialized Persistence subsystem within 0 seconds!
[2020-09-27 05:46:54.554] INIT: Initialized Chat subsystem within 0 seconds!
