[2020-09-10 19:23:10.048] Starting up round ID .
 - -------------------------
[2020-09-10 19:23:16.068] INIT: Initialized Profiler subsystem within 0 seconds!
[2020-09-10 19:23:16.268] Fail2Topic: Failed to drop firewall rule. Exit code: 1.
[2020-09-10 19:23:16.268] INIT: Initialized Fail2Topic subsystem within 0.2 seconds!
[2020-09-10 19:23:16.270] INIT: Initialized Title Screen subsystem within 0 seconds!
[2020-09-10 19:23:16.270] INIT: Initialized Database subsystem within 0 seconds!
[2020-09-10 19:23:16.270] INIT: Initialized Blackbox subsystem within 0 seconds!
[2020-09-10 19:23:16.270] INIT: Initialized Server Tasks subsystem within 0 seconds!
[2020-09-10 19:23:16.271] INIT: Initialized Input subsystem within 0 seconds!
[2020-09-10 19:23:16.273] INIT: Initialized Sounds subsystem within 0 seconds!
[2020-09-10 19:23:16.273] INIT: Initialized Vis contents overlays subsystem within 0 seconds!
[2020-09-10 19:23:16.334] INIT: Initialized Research subsystem within 0.1 seconds!
[2020-09-10 19:23:16.338] INIT: Initialized Events subsystem within 0 seconds!
[2020-09-10 19:23:16.343] INIT: Initialized Jobs subsystem within 0 seconds!
[2020-09-10 19:23:16.352] INIT: Initialized Quirks subsystem within 0 seconds!
[2020-09-10 19:23:16.358] INIT: Initialized Ticker subsystem within 0 seconds!
[2020-09-10 19:23:16.371] INIT: Initialized Instruments subsystem within 0 seconds!
[2020-09-10 19:23:33.606] INIT: Initialized Mapping subsystem within 17.3 seconds!
[2020-09-10 19:23:33.619] INIT: Initialized Economy subsystem within 0 seconds!
[2020-09-10 19:23:33.620] INIT: Initialized Networks subsystem within 0 seconds!
[2020-09-10 19:23:33.620] INIT: Initialized Holodeck subsystem within 0 seconds!
[2020-09-10 19:24:09.371] INIT: Initialized Atoms subsystem within 35.7 seconds!
[2020-09-10 19:24:09.398] INIT: Initialized Language subsystem within 0 seconds!
[2020-09-10 19:24:09.543] INIT: Initialized Machines subsystem within 0.2 seconds!
[2020-09-10 19:24:09.592] INIT: Initialized Circuit subsystem within 0 seconds!
[2020-09-10 19:24:10.949] INIT: Initialized Atmos Adjacency subsystem within 1.4 seconds!
[2020-09-10 19:24:10.949] INIT: Initialized Autotransfer Vote subsystem within 0 seconds!
[2020-09-10 19:24:10.949] INIT: Initialized Chemistry subsystem within 0 seconds!
[2020-09-10 19:24:10.950] INIT: Initialized Status Effects subsystem within 0 seconds!
[2020-09-10 19:24:10.951] INIT: Initialized Weather subsystem within 0 seconds!
[2020-09-10 19:24:10.954] INIT: Initialized Disease subsystem within 0 seconds!
[2020-09-10 19:24:10.955] INIT: Initialized Jukeboxes subsystem within 0 seconds!
[2020-09-10 19:24:10.955] INIT: Initialized Medals subsystem within 0 seconds!
[2020-09-10 19:24:11.212] INIT: Initialized Minimaps subsystem within 0.3 seconds!
[2020-09-10 19:24:11.261] INIT: Initialized Night Shift subsystem within 0 seconds!
[2020-09-10 19:24:11.261] INIT: Initialized Parallax subsystem within 0 seconds!
[2020-09-10 19:24:11.262] INIT: Initialized Sun subsystem within 0 seconds!
[2020-09-10 19:24:11.486] INIT: Initialized Traumas subsystem within 0.2 seconds!
[2020-09-10 19:24:11.528] INIT: Initialized Bluespace Locker subsystem within 0.1 seconds!
[2020-09-10 19:24:11.558] INIT: Initialized Pacification Bans subsystem within 0 seconds!
[2020-09-10 19:24:11.558] INIT: Initialized Logging subsystem within 0 seconds!
[2020-09-10 19:24:11.558] INIT: Initialized Recycling subsystem within 0 seconds!
[2020-09-10 19:24:18.448] INIT: Initialized Atmospherics subsystem within 6.9 seconds!
[2020-09-10 19:24:18.449] INIT: Initialized Atmospherics - Turfs subsystem within 0 seconds!
[2020-09-10 19:24:21.850] INIT: Initialized Assets subsystem within 3.4 seconds!
[2020-09-10 19:24:28.652] INIT: Initialized Icon Smoothing subsystem within 6.8 seconds!
[2020-09-10 19:24:30.202] INIT: Initialized Overlay subsystem within 1.6 seconds!
[2020-09-10 19:24:30.203] INIT: Initialized XKeyScore subsystem within 0 seconds!
[2020-09-10 19:24:30.204] INIT: Initialized Sticky Ban subsystem within 0 seconds!
[2020-09-10 19:24:39.095] INIT: Initialized Lighting subsystem within 8.8 seconds!
[2020-09-10 19:24:44.087] INIT: Initialized Shuttle subsystem within 5 seconds!
[2020-09-10 19:24:44.131] INIT: Initialized Minor Mapping subsystem within 0.1 seconds!
[2020-09-10 19:24:44.132] INIT: Initialized Pathfinder subsystem within 0 seconds!
[2020-09-10 19:24:44.165] INIT: Initialized Persistence subsystem within 0 seconds!
[2020-09-10 19:24:44.165] INIT: Initialized Chat subsystem within 0 seconds!
