[2020-09-10 02:21:37.875] Starting up round ID .
 - -------------------------
[2020-09-10 02:21:43.773] INIT: Initialized Profiler subsystem within 0 seconds!
[2020-09-10 02:21:43.973] Fail2Topic: Failed to drop firewall rule. Exit code: 1.
[2020-09-10 02:21:43.973] INIT: Initialized Fail2Topic subsystem within 0.2 seconds!
[2020-09-10 02:21:43.975] INIT: Initialized Title Screen subsystem within 0 seconds!
[2020-09-10 02:21:43.976] INIT: Initialized Database subsystem within 0 seconds!
[2020-09-10 02:21:43.976] INIT: Initialized Blackbox subsystem within 0 seconds!
[2020-09-10 02:21:43.976] INIT: Initialized Server Tasks subsystem within 0 seconds!
[2020-09-10 02:21:43.979] INIT: Initialized Input subsystem within 0 seconds!
[2020-09-10 02:21:43.981] INIT: Initialized Sounds subsystem within 0 seconds!
[2020-09-10 02:21:43.981] INIT: Initialized Vis contents overlays subsystem within 0 seconds!
[2020-09-10 02:21:44.038] INIT: Initialized Research subsystem within 0.1 seconds!
[2020-09-10 02:21:44.041] INIT: Initialized Events subsystem within 0 seconds!
[2020-09-10 02:21:44.045] INIT: Initialized Jobs subsystem within 0 seconds!
[2020-09-10 02:21:44.051] INIT: Initialized Quirks subsystem within 0 seconds!
[2020-09-10 02:21:44.058] INIT: Initialized Ticker subsystem within 0 seconds!
[2020-09-10 02:21:44.070] INIT: Initialized Instruments subsystem within 0 seconds!
[2020-09-10 02:22:00.094] INIT: Initialized Mapping subsystem within 16 seconds!
[2020-09-10 02:22:00.105] INIT: Initialized Economy subsystem within 0 seconds!
[2020-09-10 02:22:00.106] INIT: Initialized Networks subsystem within 0 seconds!
[2020-09-10 02:22:00.106] INIT: Initialized Holodeck subsystem within 0 seconds!
[2020-09-10 02:22:32.678] INIT: Initialized Atoms subsystem within 32.5 seconds!
[2020-09-10 02:22:32.706] INIT: Initialized Language subsystem within 0.1 seconds!
[2020-09-10 02:22:32.858] INIT: Initialized Machines subsystem within 0.1 seconds!
[2020-09-10 02:22:32.908] INIT: Initialized Circuit subsystem within 0.1 seconds!
[2020-09-10 02:22:34.167] INIT: Initialized Atmos Adjacency subsystem within 1.2 seconds!
[2020-09-10 02:22:34.168] INIT: Initialized Autotransfer Vote subsystem within 0 seconds!
[2020-09-10 02:22:34.168] INIT: Initialized Chemistry subsystem within 0 seconds!
[2020-09-10 02:22:34.168] INIT: Initialized Status Effects subsystem within 0 seconds!
[2020-09-10 02:22:34.169] INIT: Initialized Weather subsystem within 0 seconds!
[2020-09-10 02:22:34.172] INIT: Initialized Disease subsystem within 0 seconds!
[2020-09-10 02:22:34.172] INIT: Initialized Jukeboxes subsystem within 0 seconds!
[2020-09-10 02:22:34.173] INIT: Initialized Medals subsystem within 0 seconds!
[2020-09-10 02:22:34.414] INIT: Initialized Minimaps subsystem within 0.3 seconds!
[2020-09-10 02:22:34.464] INIT: Initialized Night Shift subsystem within 0 seconds!
[2020-09-10 02:22:34.464] INIT: Initialized Parallax subsystem within 0 seconds!
[2020-09-10 02:22:34.464] INIT: Initialized Sun subsystem within 0 seconds!
[2020-09-10 02:22:34.690] INIT: Initialized Traumas subsystem within 0.2 seconds!
[2020-09-10 02:22:34.727] INIT: Initialized Bluespace Locker subsystem within 0.1 seconds!
[2020-09-10 02:22:34.758] INIT: Initialized Pacification Bans subsystem within 0 seconds!
[2020-09-10 02:22:34.758] INIT: Initialized Logging subsystem within 0 seconds!
[2020-09-10 02:22:34.758] INIT: Initialized Recycling subsystem within 0 seconds!
[2020-09-10 02:22:40.376] INIT: Initialized Atmospherics subsystem within 5.6 seconds!
[2020-09-10 02:22:40.376] INIT: Initialized Atmospherics - Turfs subsystem within 0 seconds!
[2020-09-10 02:22:43.310] INIT: Initialized Assets subsystem within 3 seconds!
[2020-09-10 02:22:49.277] INIT: Initialized Icon Smoothing subsystem within 5.9 seconds!
[2020-09-10 02:22:50.445] INIT: Initialized Overlay subsystem within 1.2 seconds!
[2020-09-10 02:22:50.445] INIT: Initialized XKeyScore subsystem within 0 seconds!
[2020-09-10 02:22:50.446] INIT: Initialized Sticky Ban subsystem within 0 seconds!
[2020-09-10 02:22:57.815] INIT: Initialized Lighting subsystem within 7.4 seconds!
[2020-09-10 02:23:01.318] INIT: Initialized Shuttle subsystem within 3.5 seconds!
[2020-09-10 02:23:01.354] INIT: Initialized Minor Mapping subsystem within 0 seconds!
[2020-09-10 02:23:01.355] INIT: Initialized Pathfinder subsystem within 0 seconds!
[2020-09-10 02:23:01.385] INIT: Initialized Persistence subsystem within 0 seconds!
[2020-09-10 02:23:01.385] INIT: Initialized Chat subsystem within 0 seconds!
