[2020-09-11 22:07:47.442] Starting up round ID .
 - -------------------------
[2020-09-11 22:07:53.717] INIT: Initialized Profiler subsystem within 0 seconds!
[2020-09-11 22:07:53.872] Fail2Topic: Failed to drop firewall rule. Exit code: 1.
[2020-09-11 22:07:53.872] INIT: Initialized Fail2Topic subsystem within 0.1 seconds!
[2020-09-11 22:07:53.873] INIT: Initialized Title Screen subsystem within 0 seconds!
[2020-09-11 22:07:53.874] INIT: Initialized Database subsystem within 0 seconds!
[2020-09-11 22:07:53.874] INIT: Initialized Blackbox subsystem within 0 seconds!
[2020-09-11 22:07:53.875] INIT: Initialized Server Tasks subsystem within 0 seconds!
[2020-09-11 22:07:53.875] INIT: Initialized Input subsystem within 0 seconds!
[2020-09-11 22:07:53.877] INIT: Initialized Sounds subsystem within 0 seconds!
[2020-09-11 22:07:53.877] INIT: Initialized Vis contents overlays subsystem within 0 seconds!
[2020-09-11 22:07:53.938] INIT: Initialized Research subsystem within 0.1 seconds!
[2020-09-11 22:07:53.941] INIT: Initialized Events subsystem within 0 seconds!
[2020-09-11 22:07:53.945] INIT: Initialized Jobs subsystem within 0 seconds!
[2020-09-11 22:07:53.951] INIT: Initialized Quirks subsystem within 0 seconds!
[2020-09-11 22:07:53.957] INIT: Initialized Ticker subsystem within 0 seconds!
[2020-09-11 22:07:53.970] INIT: Initialized Instruments subsystem within 0 seconds!
[2020-09-11 22:08:11.419] INIT: Initialized Mapping subsystem within 17.5 seconds!
[2020-09-11 22:08:11.443] INIT: Initialized Economy subsystem within 0 seconds!
[2020-09-11 22:08:11.444] INIT: Initialized Networks subsystem within 0 seconds!
[2020-09-11 22:08:11.444] INIT: Initialized Holodeck subsystem within 0 seconds!
[2020-09-11 22:08:48.674] INIT: Initialized Atoms subsystem within 37.2 seconds!
[2020-09-11 22:08:48.706] INIT: Initialized Language subsystem within 0.1 seconds!
[2020-09-11 22:08:48.880] INIT: Initialized Machines subsystem within 0.1 seconds!
[2020-09-11 22:08:48.933] INIT: Initialized Circuit subsystem within 0.1 seconds!
[2020-09-11 22:08:50.383] INIT: Initialized Atmos Adjacency subsystem within 1.4 seconds!
[2020-09-11 22:08:50.383] INIT: Initialized Autotransfer Vote subsystem within 0 seconds!
[2020-09-11 22:08:50.383] INIT: Initialized Chemistry subsystem within 0 seconds!
[2020-09-11 22:08:50.384] INIT: Initialized Status Effects subsystem within 0 seconds!
[2020-09-11 22:08:50.385] INIT: Initialized Weather subsystem within 0 seconds!
[2020-09-11 22:08:50.388] INIT: Initialized Disease subsystem within 0 seconds!
[2020-09-11 22:08:50.389] INIT: Initialized Jukeboxes subsystem within 0 seconds!
[2020-09-11 22:08:50.389] INIT: Initialized Medals subsystem within 0 seconds!
[2020-09-11 22:08:50.662] INIT: Initialized Minimaps subsystem within 0.3 seconds!
[2020-09-11 22:08:50.720] INIT: Initialized Night Shift subsystem within 0 seconds!
[2020-09-11 22:08:50.720] INIT: Initialized Parallax subsystem within 0 seconds!
[2020-09-11 22:08:50.720] INIT: Initialized Sun subsystem within 0 seconds!
[2020-09-11 22:08:50.956] INIT: Initialized Traumas subsystem within 0.2 seconds!
[2020-09-11 22:08:50.996] INIT: Initialized Bluespace Locker subsystem within 0 seconds!
[2020-09-11 22:08:51.031] INIT: Initialized Pacification Bans subsystem within 0 seconds!
[2020-09-11 22:08:51.031] INIT: Initialized Logging subsystem within 0 seconds!
[2020-09-11 22:08:51.031] INIT: Initialized Recycling subsystem within 0 seconds!
[2020-09-11 22:08:57.334] INIT: Initialized Atmospherics subsystem within 6.3 seconds!
[2020-09-11 22:08:57.334] INIT: Initialized Atmospherics - Turfs subsystem within 0 seconds!
[2020-09-11 22:09:00.559] INIT: Initialized Assets subsystem within 3.2 seconds!
[2020-09-11 22:09:07.157] INIT: Initialized Icon Smoothing subsystem within 6.6 seconds!
[2020-09-11 22:09:08.457] INIT: Initialized Overlay subsystem within 1.3 seconds!
[2020-09-11 22:09:08.457] INIT: Initialized XKeyScore subsystem within 0 seconds!
[2020-09-11 22:09:08.457] INIT: Initialized Sticky Ban subsystem within 0 seconds!
[2020-09-11 22:09:16.913] INIT: Initialized Lighting subsystem within 8.5 seconds!
[2020-09-11 22:09:21.009] INIT: Initialized Shuttle subsystem within 4.1 seconds!
[2020-09-11 22:09:21.054] INIT: Initialized Minor Mapping subsystem within 0 seconds!
[2020-09-11 22:09:21.055] INIT: Initialized Pathfinder subsystem within 0 seconds!
[2020-09-11 22:09:21.089] INIT: Initialized Persistence subsystem within 0 seconds!
[2020-09-11 22:09:21.089] INIT: Initialized Chat subsystem within 0 seconds!
