[2020-08-27 22:49:10.967] Starting up round ID .
 - -------------------------
[2020-08-27 22:49:11.009] ADMIN: Loading Banlist
[2020-08-27 22:49:11.040] ACCESS: Login: Bob Joga from localhost-3000796718 || BYOND v513.1528
[2020-08-27 22:49:11.041] ACCESS: Mob Login: Bob Joga/(Bob Joga) was assigned to a /mob/dead/new_player
[2020-08-27 22:49:13.515] GAME: Bob Joga/(Bob Joga) Client Bob Joga/(Bob Joga) has taken ownership of mob Bob Joga(/mob/dead/new_player) (start area (11, 174, 1))
[2020-08-27 22:49:16.620] GAME: Saved mode is 'extended'
[2020-08-27 22:49:23.319] ADMIN: Bob Joga has started the game.
[2020-08-27 22:49:28.686] GAME: Hierophant's Arena loaded at 114,181,6
[2020-08-27 22:49:28.701] GAME: Blood-Drunk Miner (Guidance) loaded at 45,200,6
[2020-08-27 22:49:28.718] GAME: Blood-Drunk Miner (Hunter) loaded at 211,156,6
[2020-08-27 22:49:28.733] GAME: Blood-Drunk Miner loaded at 154,83,6
[2020-08-27 22:49:28.751] GAME: King Goat Boss Ruin loaded at 174,58,6
[2020-08-27 22:49:28.779] GAME: Rogue's Arena loaded at 165,108,6
[2020-08-27 22:49:28.810] GAME: Sif's Sword loaded at 167,166,6
[2020-08-27 22:49:28.816] GAME: Pulsating Tumor loaded at 70,190,6
[2020-08-27 22:49:28.835] GAME: Makeshift Shelter loaded at 105,80,6
[2020-08-27 22:49:28.855] GAME: Ruin of Wrath loaded at 129,99,6
[2020-08-27 22:49:28.887] GAME: Dead God loaded at 89,112,6
[2020-08-27 22:49:28.911] GAME: Dark Wizard Altar loaded at 195,136,6
[2020-08-27 22:49:28.928] GAME: Survival Capsule Ruins loaded at 51,110,6
[2020-08-27 22:49:28.934] GAME: Pulsating Tumor loaded at 132,56,6
[2020-08-27 22:49:28.935] GAME: E1M1 loaded at 177,93,6
[2020-08-27 22:49:28.941] GAME: Pulsating Tumor loaded at 41,181,6
[2020-08-27 22:49:28.997] GAME: Animal Hospital loaded at 82,65,6
[2020-08-27 22:49:29.019] GAME: Ruin of Sloth loaded at 183,95,6
[2020-08-27 22:49:29.019] GAME: Biodome Winter loaded at 114,49,6
[2020-08-27 22:49:29.068] GAME: Biodome Beach loaded at 43,154,6
[2020-08-27 22:49:32.046] GAME: Abandoned Teleporter loaded at 151,141,4
[2020-08-27 22:49:32.068] GAME: Whiteship Dock loaded at 31,30,3
[2020-08-27 22:49:32.123] GAME: Derelict 5 loaded at 49,162,3
[2020-08-27 22:49:32.277] GAME: Syndicate Ambush loaded at 87,154,3
[2020-08-27 22:49:32.310] GAME: Big Ape loaded at 162,220,4
[2020-08-27 22:49:32.350] GAME: Unnamed Turreted Outpost loaded at 36,179,4
[2020-08-27 22:49:32.394] GAME: DJ Station loaded at 49,174,8
[2020-08-27 22:49:32.995] GAME: Ancient Space Station loaded at 36,72,4
[2020-08-27 22:49:33.338] GAME: The Twin-Nexus Hotel loaded at 126,63,3
[2020-08-27 22:49:33.379] GAME: Strange Ship loaded at 193,26,8
[2020-08-27 22:49:33.587] GAME: Survivalist Bunker loaded at 23,128,4
[2020-08-27 22:49:33.731] GAME: Derelict Tradepost loaded at 33,35,4
[2020-08-27 22:49:33.802] GAME: DK Excavator 453 loaded at 74,143,8
[2020-08-27 22:49:33.874] GAME: Feline-Human Combination Den loaded at 135,67,8
[2020-08-27 22:49:33.921] GAME: Waylaid Buses loaded at 188,170,8
[2020-08-27 22:49:33.958] GAME: Abductor Replication Lab loaded at 158,182,4
[2020-08-27 22:49:33.979] GAME: Mineable Asteroid 4 loaded at 172,25,2
[2020-08-27 22:49:33.986] GAME: Mineable Asteroid 1 loaded at 221,33,2
[2020-08-27 22:49:34.011] GAME: Monitoring Roid loaded at 209,180,2
[2020-08-27 22:49:34.018] GAME: Mineable Asteroid 1 loaded at 187,200,2
[2020-08-27 22:49:34.045] GAME: Mineable Asteroid 5 loaded at 191,208,2
[2020-08-27 22:49:34.059] GAME: Crab Roid loaded at 25,198,2
[2020-08-27 22:49:34.066] GAME: Mineable Asteroid 1 loaded at 39,224,2
[2020-08-27 22:49:34.084] GAME: Dead wizard Roid loaded at 143,207,2
[2020-08-27 22:49:34.098] GAME: Maze Roid loaded at 38,40,2
[2020-08-27 22:49:34.118] GAME: Dorm Roid loaded at 38,23,2
[2020-08-27 22:49:34.201] GAME: Box Tesla loaded at 96,49,2
[2020-08-27 22:49:34.459] GAME: Public Mining Base loaded at 1,1,6
[2020-08-27 22:49:44.544] ADMIN: Bob Joga has started the game.
[2020-08-27 22:50:34.450] GAME: Backup Shuttle loaded at 84,206,1
[2020-08-27 22:50:34.529] GAME: assault pod (Default) loaded at 85,207,1
[2020-08-27 22:50:34.849] GAME: basic syndicate infiltrator loaded at 80,199,1
[2020-08-27 22:50:35.113] GAME: fancy transport ferry loaded at 82,208,1
[2020-08-27 22:50:35.270] GAME: Box Station Emergency Shuttle loaded at 83,199,1
[2020-08-27 22:50:35.450] GAME: cargo ferry (Box) loaded at 85,204,1
[2020-08-27 22:50:35.991] GAME: escape pod (Default) loaded at 87,208,1
[2020-08-27 22:50:36.017] GAME: escape pod (Default) loaded at 87,208,1
[2020-08-27 22:50:36.067] GAME: auxilliary base (Default) loaded at 84,206,1
[2020-08-27 22:50:36.182] GAME: arrival shuttle (Box) loaded at 81,207,1
[2020-08-27 22:50:36.274] GAME: mining shuttle (Box) loaded at 86,207,1
[2020-08-27 22:50:36.325] GAME: labour shuttle (Box) loaded at 86,206,1
[2020-08-27 22:50:36.369] GAME: escape pod (Default) loaded at 87,208,1
[2020-08-27 22:50:36.396] GAME: escape pod (Default) loaded at 87,208,1
[2020-08-27 22:50:36.424] GAME: lavaland Mining Elevator loaded at 86,208,1
[2020-08-27 22:50:37.426] GAME: Hospital Ship loaded at 73,202,1
[2020-08-27 22:50:37.714] GAME: Syndicate Fighter loaded at 86,206,1
[2020-08-27 22:50:37.942] GAME: Small Freighter loaded at 78,205,1
[2020-08-27 22:50:38.269] GAME: Pirate Cutter loaded at 77,204,1
[2020-08-27 22:50:38.534] GAME: Syndicate Dropship loaded at 81,207,1
[2020-08-27 22:50:38.753] VOTE: Roundtype vote started by server.
[2020-08-27 22:50:40.304] VOTE: <b>Roundtype Vote</b><b>Vote Result: Inconclusive - No Votes!</b>
[2020-08-27 22:50:40.929] GAME: *no key*/(Bob Joga) *no key*/(Bob Joga) is no longer owning mob Bob Joga(/mob/dead/new_player) (start area (11, 174, 1))
[2020-08-27 22:50:40.929] ACCESS: Mob Login: Bob Joga/(Cockmistress) was assigned to a /mob/living/carbon/human
[2020-08-27 22:50:41.589] GAME: Bob Joga/(Cockmistress) Client Bob Joga/(Cockmistress) has taken ownership of mob (/mob/living/carbon/human) (Custodial Closet (121, 108, 2))
[2020-08-27 22:51:01.118] ADMIN: Bob Joga/(Cockmistress) changed the equipment of Bob Joga/(Cockmistress) to /datum/outfit/job/cmo.
