[2020-08-27 22:49:10.971] Starting up round ID .
 - -------------------------
[2020-08-27 22:49:16.394] INIT: Initialized Profiler subsystem within 0 seconds!
[2020-08-27 22:49:16.541] Fail2Topic: Failed to drop firewall rule. Exit code: 1.
[2020-08-27 22:49:16.541] INIT: Initialized Fail2Topic subsystem within 0.2 seconds!
[2020-08-27 22:49:16.545] INIT: Initialized Title Screen subsystem within 0 seconds!
[2020-08-27 22:49:16.546] INIT: Initialized Database subsystem within 0 seconds!
[2020-08-27 22:49:16.546] INIT: Initialized Blackbox subsystem within 0 seconds!
[2020-08-27 22:49:16.546] INIT: Initialized Server Tasks subsystem within 0 seconds!
[2020-08-27 22:49:16.547] INIT: Initialized Input subsystem within 0 seconds!
[2020-08-27 22:49:16.549] INIT: Initialized Sounds subsystem within 0 seconds!
[2020-08-27 22:49:16.550] INIT: Initialized Vis contents overlays subsystem within 0 seconds!
[2020-08-27 22:49:16.607] INIT: Initialized Research subsystem within 0.1 seconds!
[2020-08-27 22:49:16.610] INIT: Initialized Events subsystem within 0 seconds!
[2020-08-27 22:49:16.615] INIT: Initialized Jobs subsystem within 0 seconds!
[2020-08-27 22:49:16.620] INIT: Initialized Quirks subsystem within 0 seconds!
[2020-08-27 22:49:16.626] INIT: Initialized Ticker subsystem within 0 seconds!
[2020-08-27 22:49:16.638] INIT: Initialized Instruments subsystem within 0 seconds!
[2020-08-27 22:49:34.865] INIT: Initialized Mapping subsystem within 18.2 seconds!
[2020-08-27 22:49:34.880] INIT: Initialized Economy subsystem within 0 seconds!
[2020-08-27 22:49:34.881] INIT: Initialized Networks subsystem within 0 seconds!
[2020-08-27 22:49:34.881] INIT: Initialized Holodeck subsystem within 0 seconds!
[2020-08-27 22:50:08.382] INIT: Initialized Atoms subsystem within 33.5 seconds!
[2020-08-27 22:50:08.406] INIT: Initialized Language subsystem within 0.1 seconds!
[2020-08-27 22:50:08.749] INIT: Initialized Machines subsystem within 0.3 seconds!
[2020-08-27 22:50:08.797] INIT: Initialized Circuit subsystem within 0 seconds!
[2020-08-27 22:50:10.090] INIT: Initialized Atmos Adjacency subsystem within 1.3 seconds!
[2020-08-27 22:50:10.091] INIT: Initialized Autotransfer Vote subsystem within 0 seconds!
[2020-08-27 22:50:10.091] INIT: Initialized Chemistry subsystem within 0 seconds!
[2020-08-27 22:50:10.091] INIT: Initialized Status Effects subsystem within 0 seconds!
[2020-08-27 22:50:10.092] INIT: Initialized Weather subsystem within 0 seconds!
[2020-08-27 22:50:10.095] INIT: Initialized Disease subsystem within 0 seconds!
[2020-08-27 22:50:10.095] INIT: Initialized Jukeboxes subsystem within 0 seconds!
[2020-08-27 22:50:10.096] INIT: Initialized Medals subsystem within 0 seconds!
[2020-08-27 22:50:10.353] INIT: Initialized Minimaps subsystem within 0.3 seconds!
[2020-08-27 22:50:10.410] INIT: Initialized Night Shift subsystem within 0 seconds!
[2020-08-27 22:50:10.410] INIT: Initialized Parallax subsystem within 0 seconds!
[2020-08-27 22:50:10.410] INIT: Initialized Sun subsystem within 0 seconds!
[2020-08-27 22:50:10.689] INIT: Initialized Traumas subsystem within 0.2 seconds!
[2020-08-27 22:50:10.765] INIT: Initialized Bluespace Locker subsystem within 0 seconds!
[2020-08-27 22:50:10.765] INIT: Initialized Pacification Bans subsystem within 0 seconds!
[2020-08-27 22:50:10.766] INIT: Initialized Logging subsystem within 0 seconds!
[2020-08-27 22:50:10.766] INIT: Initialized Recycling subsystem within 0 seconds!
[2020-08-27 22:50:16.983] INIT: Initialized Atmospherics subsystem within 6.2 seconds!
[2020-08-27 22:50:16.983] INIT: Initialized Atmospherics - Turfs subsystem within 0 seconds!
[2020-08-27 22:50:19.870] INIT: Initialized Assets subsystem within 2.9 seconds!
[2020-08-27 22:50:25.781] INIT: Initialized Icon Smoothing subsystem within 5.9 seconds!
[2020-08-27 22:50:26.990] INIT: Initialized Overlay subsystem within 1.2 seconds!
[2020-08-27 22:50:26.991] INIT: Initialized XKeyScore subsystem within 0 seconds!
[2020-08-27 22:50:26.991] INIT: Initialized Sticky Ban subsystem within 0 seconds!
[2020-08-27 22:50:34.412] INIT: Initialized Lighting subsystem within 7.5 seconds!
[2020-08-27 22:50:38.601] INIT: Initialized Shuttle subsystem within 4.2 seconds!
[2020-08-27 22:50:38.636] INIT: Initialized Minor Mapping subsystem within 0 seconds!
[2020-08-27 22:50:38.658] INIT: Initialized Pathfinder subsystem within 0 seconds!
[2020-08-27 22:50:38.688] INIT: Initialized Persistence subsystem within 0 seconds!
[2020-08-27 22:50:38.688] INIT: Initialized Chat subsystem within 0 seconds!
