[2020-09-27 20:27:09.621] Starting up round ID .
 - -------------------------
[2020-09-27 20:27:15.268] INIT: Initialized Profiler subsystem within 0 seconds!
[2020-09-27 20:27:15.420] Fail2Topic: Failed to drop firewall rule. Exit code: 1.
[2020-09-27 20:27:15.420] INIT: Initialized Fail2Topic subsystem within 0.2 seconds!
[2020-09-27 20:27:15.427] INIT: Initialized Title Screen subsystem within 0 seconds!
[2020-09-27 20:27:15.427] INIT: Initialized Database subsystem within 0 seconds!
[2020-09-27 20:27:15.428] INIT: Initialized Blackbox subsystem within 0 seconds!
[2020-09-27 20:27:15.428] INIT: Initialized Server Tasks subsystem within 0 seconds!
[2020-09-27 20:27:15.429] INIT: Initialized Input subsystem within 0 seconds!
[2020-09-27 20:27:15.432] INIT: Initialized Sounds subsystem within 0 seconds!
[2020-09-27 20:27:15.432] INIT: Initialized Vis contents overlays subsystem within 0 seconds!
[2020-09-27 20:27:15.499] INIT: Initialized Research subsystem within 0 seconds!
[2020-09-27 20:27:15.502] INIT: Initialized Events subsystem within 0.1 seconds!
[2020-09-27 20:27:15.507] INIT: Initialized Jobs subsystem within 0 seconds!
[2020-09-27 20:27:15.512] INIT: Initialized Quirks subsystem within 0 seconds!
[2020-09-27 20:27:15.518] INIT: Initialized Ticker subsystem within 0 seconds!
[2020-09-27 20:27:15.531] INIT: Initialized Instruments subsystem within 0 seconds!
[2020-09-27 20:27:33.616] INIT: Initialized Mapping subsystem within 18.1 seconds!
[2020-09-27 20:27:33.631] INIT: Initialized Economy subsystem within 0 seconds!
[2020-09-27 20:27:33.632] INIT: Initialized Networks subsystem within 0 seconds!
[2020-09-27 20:27:33.632] INIT: Initialized Holodeck subsystem within 0 seconds!
[2020-09-27 20:28:11.348] INIT: Initialized Atoms subsystem within 37.7 seconds!
[2020-09-27 20:28:11.375] INIT: Initialized Language subsystem within 0 seconds!
[2020-09-27 20:28:11.565] INIT: Initialized Machines subsystem within 0.2 seconds!
[2020-09-27 20:28:11.627] INIT: Initialized Circuit subsystem within 0.1 seconds!
[2020-09-27 20:28:13.042] INIT: Initialized Atmos Adjacency subsystem within 1.4 seconds!
[2020-09-27 20:28:13.042] INIT: Initialized Autotransfer Vote subsystem within 0 seconds!
[2020-09-27 20:28:13.042] INIT: Initialized Chemistry subsystem within 0 seconds!
[2020-09-27 20:28:13.042] INIT: Initialized Status Effects subsystem within 0 seconds!
[2020-09-27 20:28:13.043] INIT: Initialized Weather subsystem within 0 seconds!
[2020-09-27 20:28:13.047] INIT: Initialized Disease subsystem within 0 seconds!
[2020-09-27 20:28:13.047] INIT: Initialized Jukeboxes subsystem within 0 seconds!
[2020-09-27 20:28:13.047] INIT: Initialized Medals subsystem within 0 seconds!
[2020-09-27 20:28:13.422] INIT: Initialized Minimaps subsystem within 0.4 seconds!
[2020-09-27 20:28:13.514] INIT: Initialized Night Shift subsystem within 0 seconds!
[2020-09-27 20:28:13.514] INIT: Initialized Parallax subsystem within 0 seconds!
[2020-09-27 20:28:13.514] INIT: Initialized Sun subsystem within 0 seconds!
[2020-09-27 20:28:13.862] INIT: Initialized Traumas subsystem within 0.3 seconds!
[2020-09-27 20:28:13.958] INIT: Initialized Bluespace Locker subsystem within 0.1 seconds!
[2020-09-27 20:28:13.959] INIT: Initialized Pacification Bans subsystem within 0 seconds!
[2020-09-27 20:28:13.959] INIT: Initialized Logging subsystem within 0 seconds!
[2020-09-27 20:28:13.960] INIT: Initialized Recycling subsystem within 0 seconds!
