[2020-09-10 14:44:51.542] Starting up round ID .
 - -------------------------
[2020-09-10 14:44:57.658] INIT: Initialized Profiler subsystem within 0 seconds!
[2020-09-10 14:44:57.856] Fail2Topic: Failed to drop firewall rule. Exit code: 1.
[2020-09-10 14:44:57.858] INIT: Initialized Fail2Topic subsystem within 0.2 seconds!
[2020-09-10 14:44:57.862] INIT: Initialized Title Screen subsystem within 0 seconds!
[2020-09-10 14:44:57.862] INIT: Initialized Database subsystem within 0 seconds!
[2020-09-10 14:44:57.863] INIT: Initialized Blackbox subsystem within 0 seconds!
[2020-09-10 14:44:57.863] INIT: Initialized Server Tasks subsystem within 0 seconds!
[2020-09-10 14:44:57.866] INIT: Initialized Input subsystem within 0 seconds!
[2020-09-10 14:44:57.868] INIT: Initialized Sounds subsystem within 0 seconds!
[2020-09-10 14:44:57.868] INIT: Initialized Vis contents overlays subsystem within 0 seconds!
[2020-09-10 14:44:57.959] INIT: Initialized Research subsystem within 0.1 seconds!
[2020-09-10 14:44:57.962] INIT: Initialized Events subsystem within 0 seconds!
[2020-09-10 14:44:57.966] INIT: Initialized Jobs subsystem within 0 seconds!
[2020-09-10 14:44:57.976] INIT: Initialized Quirks subsystem within 0 seconds!
[2020-09-10 14:44:57.982] INIT: Initialized Ticker subsystem within 0 seconds!
[2020-09-10 14:44:57.998] INIT: Initialized Instruments subsystem within 0 seconds!
[2020-09-10 14:45:15.892] INIT: Initialized Mapping subsystem within 17.9 seconds!
[2020-09-10 14:45:15.905] INIT: Initialized Economy subsystem within 0 seconds!
[2020-09-10 14:45:15.906] INIT: Initialized Networks subsystem within 0 seconds!
[2020-09-10 14:45:15.906] INIT: Initialized Holodeck subsystem within 0 seconds!
[2020-09-10 14:45:50.398] INIT: Initialized Atoms subsystem within 34.4 seconds!
[2020-09-10 14:45:50.422] INIT: Initialized Language subsystem within 0 seconds!
[2020-09-10 14:45:50.746] INIT: Initialized Machines subsystem within 0.3 seconds!
[2020-09-10 14:45:50.810] INIT: Initialized Circuit subsystem within 0.1 seconds!
[2020-09-10 14:45:52.082] INIT: Initialized Atmos Adjacency subsystem within 1.2 seconds!
[2020-09-10 14:45:52.082] INIT: Initialized Autotransfer Vote subsystem within 0 seconds!
[2020-09-10 14:45:52.082] INIT: Initialized Chemistry subsystem within 0 seconds!
[2020-09-10 14:45:52.082] INIT: Initialized Status Effects subsystem within 0 seconds!
[2020-09-10 14:45:52.083] INIT: Initialized Weather subsystem within 0 seconds!
[2020-09-10 14:45:52.086] INIT: Initialized Disease subsystem within 0 seconds!
[2020-09-10 14:45:52.087] INIT: Initialized Jukeboxes subsystem within 0 seconds!
[2020-09-10 14:45:52.087] INIT: Initialized Medals subsystem within 0 seconds!
[2020-09-10 14:45:52.330] INIT: Initialized Minimaps subsystem within 0.3 seconds!
[2020-09-10 14:45:52.376] INIT: Initialized Night Shift subsystem within 0 seconds!
[2020-09-10 14:45:52.376] INIT: Initialized Parallax subsystem within 0 seconds!
[2020-09-10 14:45:52.376] INIT: Initialized Sun subsystem within 0 seconds!
[2020-09-10 14:45:52.584] INIT: Initialized Traumas subsystem within 0.2 seconds!
[2020-09-10 14:45:52.623] INIT: Initialized Bluespace Locker subsystem within 0.1 seconds!
[2020-09-10 14:45:52.623] INIT: Initialized Pacification Bans subsystem within 0 seconds!
[2020-09-10 14:45:52.623] INIT: Initialized Logging subsystem within 0 seconds!
[2020-09-10 14:45:52.623] INIT: Initialized Recycling subsystem within 0 seconds!
[2020-09-10 14:45:59.235] INIT: Initialized Atmospherics subsystem within 6.6 seconds!
[2020-09-10 14:45:59.235] INIT: Initialized Atmospherics - Turfs subsystem within 0 seconds!
[2020-09-10 14:46:02.454] INIT: Initialized Assets subsystem within 3.2 seconds!
[2020-09-10 14:46:08.979] INIT: Initialized Icon Smoothing subsystem within 6.5 seconds!
[2020-09-10 14:46:10.362] INIT: Initialized Overlay subsystem within 1.4 seconds!
[2020-09-10 14:46:10.363] INIT: Initialized XKeyScore subsystem within 0 seconds!
[2020-09-10 14:46:10.363] INIT: Initialized Sticky Ban subsystem within 0 seconds!
[2020-09-10 14:46:18.748] INIT: Initialized Lighting subsystem within 8.4 seconds!
[2020-09-10 14:46:22.415] INIT: Initialized Shuttle subsystem within 3.7 seconds!
[2020-09-10 14:46:22.454] INIT: Initialized Minor Mapping subsystem within 0 seconds!
[2020-09-10 14:46:22.455] INIT: Initialized Pathfinder subsystem within 0 seconds!
[2020-09-10 14:46:22.486] INIT: Initialized Persistence subsystem within 0 seconds!
[2020-09-10 14:46:22.487] INIT: Initialized Chat subsystem within 0 seconds!
