[2020-09-29 00:56:16.384] Logs from logging subsystem:
 - (2020-09-28 21:55:12) ASSET: Sending asset common.css to client Bob Joga
 - (2020-09-28 21:55:12) ASSET: Sending asset jquery.min.js to client Bob Joga
 - (2020-09-28 21:55:13) ASSET: Sending asset json2.min.js to client Bob Joga
 - (2020-09-28 21:55:13) ASSET: Sending asset browserOutput.js to client Bob Joga
 - (2020-09-28 21:55:13) ASSET: Sending asset browserOutput.css to client Bob Joga
 - (2020-09-28 21:55:13) ASSET: Sending asset browserOutput_dark.css to client Bob Joga
 - (2020-09-28 21:55:13) ASSET: Sending asset browserOutput_light.css to client Bob Joga
 - (2020-09-28 21:55:13) ASSET: Sending asset spritesheet_chat.css to client Bob Joga
 - (2020-09-28 21:55:13) ASSET: Sending asset chat_16x16.png to client Bob Joga
 - (2020-09-28 21:55:13) ASSET: Sending asset fa-regular-400.eot to client Bob Joga
 - (2020-09-28 21:55:13) ASSET: Sending asset fa-regular-400.woff to client Bob Joga
 - (2020-09-28 21:55:13) ASSET: Sending asset fa-solid-900.eot to client Bob Joga
 - (2020-09-28 21:55:13) ASSET: Sending asset fa-solid-900.woff to client Bob Joga
 - (2020-09-28 21:55:13) ASSET: Sending asset font-awesome.css to client Bob Joga
 - (2020-09-28 21:55:13) ASSET: Sending asset v4shim.css to client Bob Joga
 - (2020-09-28 21:56:14) ASSET: Sending asset spritesheet_paper.css to client Bob Joga
 - (2020-09-28 21:56:14) ASSET: Sending asset paper_121x54.png to client Bob Joga
 - (2020-09-28 21:56:14) ASSET: Sending asset spritesheet_pills.css to client Bob Joga
 - (2020-09-28 21:56:16) ASSET: Sending asset pills_22x10.png to client Bob Joga
 - (2020-09-28 21:56:16) ASSET: Sending asset pills_14x14.png to client Bob Joga
 - (2020-09-28 21:56:16) ASSET: Sending asset minimap-5d8b76a2fa053695b89e17b98592598f.png to client Bob Joga
