[2020-09-29 00:54:37.370] Starting up round ID .
 - -------------------------
[2020-09-29 00:54:38.399] INIT: Initialized Profiler subsystem within 0 seconds!
[2020-09-29 00:54:38.549] Fail2Topic: Failed to drop firewall rule. Exit code: 1.
[2020-09-29 00:54:38.549] INIT: Initialized Fail2Topic subsystem within 0.2 seconds!
[2020-09-29 00:54:38.552] INIT: Initialized Title Screen subsystem within 0 seconds!
[2020-09-29 00:54:38.552] INIT: Initialized Database subsystem within 0 seconds!
[2020-09-29 00:54:38.552] INIT: Initialized Blackbox subsystem within 0 seconds!
[2020-09-29 00:54:38.553] INIT: Initialized Server Tasks subsystem within 0 seconds!
[2020-09-29 00:54:38.555] INIT: Initialized Input subsystem within 0 seconds!
[2020-09-29 00:54:38.556] INIT: Initialized Sounds subsystem within 0 seconds!
[2020-09-29 00:54:38.556] INIT: Initialized Vis contents overlays subsystem within 0 seconds!
[2020-09-29 00:54:38.610] INIT: Initialized Research subsystem within 0.1 seconds!
[2020-09-29 00:54:38.612] INIT: Initialized Events subsystem within 0 seconds!
[2020-09-29 00:54:38.616] INIT: Initialized Jobs subsystem within 0 seconds!
[2020-09-29 00:54:38.621] INIT: Initialized Quirks subsystem within 0 seconds!
[2020-09-29 00:54:38.627] INIT: Initialized Ticker subsystem within 0 seconds!
[2020-09-29 00:54:38.638] INIT: Initialized Instruments subsystem within 0 seconds!
[2020-09-29 00:54:54.245] INIT: Initialized Mapping subsystem within 15.6 seconds!
[2020-09-29 00:54:54.247] INIT: Initialized Economy subsystem within 0 seconds!
[2020-09-29 00:54:54.248] INIT: Initialized Networks subsystem within 0 seconds!
[2020-09-29 00:54:54.248] INIT: Initialized Holodeck subsystem within 0 seconds!
[2020-09-29 00:55:33.745] INIT: Initialized Atoms subsystem within 39.5 seconds!
[2020-09-29 00:55:33.765] INIT: Initialized Language subsystem within 0 seconds!
[2020-09-29 00:55:33.936] INIT: Initialized Machines subsystem within 0.2 seconds!
[2020-09-29 00:55:34.002] INIT: Initialized Circuit subsystem within 0.1 seconds!
[2020-09-29 00:55:35.418] INIT: Initialized Atmos Adjacency subsystem within 1.4 seconds!
[2020-09-29 00:55:35.418] INIT: Initialized Autotransfer Vote subsystem within 0 seconds!
[2020-09-29 00:55:35.418] INIT: Initialized Chemistry subsystem within 0 seconds!
[2020-09-29 00:55:35.419] INIT: Initialized Status Effects subsystem within 0 seconds!
[2020-09-29 00:55:35.420] INIT: Initialized Weather subsystem within 0 seconds!
[2020-09-29 00:55:35.426] INIT: Initialized Disease subsystem within 0 seconds!
[2020-09-29 00:55:35.426] INIT: Initialized Jukeboxes subsystem within 0 seconds!
[2020-09-29 00:55:35.426] INIT: Initialized Medals subsystem within 0 seconds!
[2020-09-29 00:55:35.780] INIT: Initialized Minimaps subsystem within 0.3 seconds!
[2020-09-29 00:55:35.783] INIT: Initialized Night Shift subsystem within 0 seconds!
[2020-09-29 00:55:35.783] INIT: Initialized Parallax subsystem within 0 seconds!
[2020-09-29 00:55:35.783] INIT: Initialized Sun subsystem within 0 seconds!
[2020-09-29 00:55:36.017] INIT: Initialized Traumas subsystem within 0.3 seconds!
[2020-09-29 00:55:36.073] INIT: Initialized Bluespace Locker subsystem within 0 seconds!
[2020-09-29 00:55:36.077] INIT: Initialized Pacification Bans subsystem within 0 seconds!
[2020-09-29 00:55:36.077] INIT: Initialized Logging subsystem within 0 seconds!
[2020-09-29 00:55:36.077] INIT: Initialized Recycling subsystem within 0 seconds!
[2020-09-29 00:55:43.515] INIT: Initialized Atmospherics subsystem within 7.5 seconds!
[2020-09-29 00:55:43.515] INIT: Initialized Atmospherics - Turfs subsystem within 0 seconds!
[2020-09-29 00:55:47.927] INIT: Initialized Assets subsystem within 4.4 seconds!
[2020-09-29 00:55:54.016] INIT: Initialized Icon Smoothing subsystem within 6.1 seconds!
[2020-09-29 00:55:55.273] INIT: Initialized Overlay subsystem within 1.2 seconds!
[2020-09-29 00:55:55.273] INIT: Initialized XKeyScore subsystem within 0 seconds!
[2020-09-29 00:55:55.274] INIT: Initialized Sticky Ban subsystem within 0 seconds!
[2020-09-29 00:56:07.485] INIT: Initialized Lighting subsystem within 12.2 seconds!
[2020-09-29 00:56:12.300] INIT: Initialized Shuttle subsystem within 4.9 seconds!
[2020-09-29 00:56:12.349] INIT: Initialized Minor Mapping subsystem within 0 seconds!
[2020-09-29 00:56:12.350] INIT: Initialized Pathfinder subsystem within 0 seconds!
[2020-09-29 00:56:12.388] INIT: Initialized Persistence subsystem within 0 seconds!
[2020-09-29 00:56:12.389] INIT: Initialized Chat subsystem within 0 seconds!
