[2020-08-27 22:39:53.721] Starting up round ID .
 - -------------------------
[2020-08-27 22:39:59.763] INIT: Initialized Profiler subsystem within 0 seconds!
[2020-08-27 22:39:59.913] Fail2Topic: Failed to drop firewall rule. Exit code: 1.
[2020-08-27 22:39:59.913] INIT: Initialized Fail2Topic subsystem within 0.2 seconds!
[2020-08-27 22:39:59.916] INIT: Initialized Title Screen subsystem within 0 seconds!
[2020-08-27 22:39:59.916] INIT: Initialized Database subsystem within 0 seconds!
[2020-08-27 22:39:59.917] INIT: Initialized Blackbox subsystem within 0 seconds!
[2020-08-27 22:39:59.918] INIT: Initialized Server Tasks subsystem within 0 seconds!
[2020-08-27 22:39:59.919] INIT: Initialized Input subsystem within 0 seconds!
[2020-08-27 22:39:59.921] INIT: Initialized Sounds subsystem within 0 seconds!
[2020-08-27 22:39:59.922] INIT: Initialized Vis contents overlays subsystem within 0 seconds!
[2020-08-27 22:39:59.982] INIT: Initialized Research subsystem within 0 seconds!
[2020-08-27 22:39:59.987] INIT: Initialized Events subsystem within 0 seconds!
[2020-08-27 22:39:59.991] INIT: Initialized Jobs subsystem within 0 seconds!
[2020-08-27 22:39:59.997] INIT: Initialized Quirks subsystem within 0 seconds!
[2020-08-27 22:40:00.013] INIT: Initialized Ticker subsystem within 0.1 seconds!
[2020-08-27 22:40:00.026] INIT: Initialized Instruments subsystem within 0 seconds!
[2020-08-27 22:40:21.344] INIT: Initialized Mapping subsystem within 21.3 seconds!
[2020-08-27 22:40:21.357] INIT: Initialized Economy subsystem within 0 seconds!
[2020-08-27 22:40:21.358] INIT: Initialized Networks subsystem within 0 seconds!
[2020-08-27 22:40:21.358] INIT: Initialized Holodeck subsystem within 0 seconds!
[2020-08-27 22:40:55.301] INIT: Initialized Atoms subsystem within 34 seconds!
[2020-08-27 22:40:55.328] INIT: Initialized Language subsystem within 0 seconds!
[2020-08-27 22:40:55.660] INIT: Initialized Machines subsystem within 0.3 seconds!
[2020-08-27 22:40:55.710] INIT: Initialized Circuit subsystem within 0.1 seconds!
[2020-08-27 22:40:57.058] INIT: Initialized Atmos Adjacency subsystem within 1.3 seconds!
[2020-08-27 22:40:57.058] INIT: Initialized Autotransfer Vote subsystem within 0 seconds!
[2020-08-27 22:40:57.058] INIT: Initialized Chemistry subsystem within 0 seconds!
[2020-08-27 22:40:57.058] INIT: Initialized Status Effects subsystem within 0 seconds!
[2020-08-27 22:40:57.059] INIT: Initialized Weather subsystem within 0 seconds!
[2020-08-27 22:40:57.062] INIT: Initialized Disease subsystem within 0 seconds!
[2020-08-27 22:40:57.062] INIT: Initialized Jukeboxes subsystem within 0 seconds!
[2020-08-27 22:40:57.062] INIT: Initialized Medals subsystem within 0 seconds!
[2020-08-27 22:40:57.309] INIT: Initialized Minimaps subsystem within 0.3 seconds!
[2020-08-27 22:40:57.355] INIT: Initialized Night Shift subsystem within 0 seconds!
[2020-08-27 22:40:57.355] INIT: Initialized Parallax subsystem within 0 seconds!
[2020-08-27 22:40:57.355] INIT: Initialized Sun subsystem within 0 seconds!
[2020-08-27 22:40:57.565] INIT: Initialized Traumas subsystem within 0.2 seconds!
[2020-08-27 22:40:57.603] INIT: Initialized Bluespace Locker subsystem within 0.1 seconds!
[2020-08-27 22:40:57.603] INIT: Initialized Pacification Bans subsystem within 0 seconds!
[2020-08-27 22:40:57.603] INIT: Initialized Logging subsystem within 0 seconds!
[2020-08-27 22:40:57.603] INIT: Initialized Recycling subsystem within 0 seconds!
[2020-08-27 22:41:04.295] INIT: Initialized Atmospherics subsystem within 6.6 seconds!
[2020-08-27 22:41:04.295] INIT: Initialized Atmospherics - Turfs subsystem within 0 seconds!
[2020-08-27 22:41:07.238] INIT: Initialized Assets subsystem within 3 seconds!
[2020-08-27 22:41:13.045] INIT: Initialized Icon Smoothing subsystem within 5.8 seconds!
[2020-08-27 22:41:14.293] INIT: Initialized Overlay subsystem within 1.2 seconds!
[2020-08-27 22:41:14.293] INIT: Initialized XKeyScore subsystem within 0 seconds!
[2020-08-27 22:41:14.297] INIT: Initialized Sticky Ban subsystem within 0 seconds!
[2020-08-27 22:41:21.999] INIT: Initialized Lighting subsystem within 7.7 seconds!
[2020-08-27 22:41:25.409] INIT: Initialized Shuttle subsystem within 3.5 seconds!
[2020-08-27 22:41:25.448] INIT: Initialized Minor Mapping subsystem within 0 seconds!
[2020-08-27 22:41:25.448] INIT: Initialized Pathfinder subsystem within 0 seconds!
[2020-08-27 22:41:25.478] INIT: Initialized Persistence subsystem within 0 seconds!
[2020-08-27 22:41:25.479] INIT: Initialized Chat subsystem within 0 seconds!
