[2020-09-10 01:22:24.523] Logs from logging subsystem:
 - (2020-09-09 22:20:47) ASSET: Sending asset common.css to client Bob Joga
 - (2020-09-09 22:20:47) ASSET: Sending asset jquery.min.js to client Bob Joga
 - (2020-09-09 22:20:48) ASSET: Sending asset json2.min.js to client Bob Joga
 - (2020-09-09 22:20:48) ASSET: Sending asset browserOutput.js to client Bob Joga
 - (2020-09-09 22:20:48) ASSET: Sending asset browserOutput.css to client Bob Joga
 - (2020-09-09 22:20:48) ASSET: Sending asset browserOutput_dark.css to client Bob Joga
 - (2020-09-09 22:20:48) ASSET: Sending asset browserOutput_light.css to client Bob Joga
 - (2020-09-09 22:20:48) ASSET: Sending asset spritesheet_chat.css to client Bob Joga
 - (2020-09-09 22:20:48) ASSET: Sending asset chat_16x16.png to client Bob Joga
 - (2020-09-09 22:20:48) ASSET: Sending asset fa-regular-400.eot to client Bob Joga
 - (2020-09-09 22:20:48) ASSET: Sending asset fa-regular-400.woff to client Bob Joga
 - (2020-09-09 22:20:48) ASSET: Sending asset fa-solid-900.eot to client Bob Joga
 - (2020-09-09 22:20:48) ASSET: Sending asset fa-solid-900.woff to client Bob Joga
 - (2020-09-09 22:20:48) ASSET: Sending asset font-awesome.css to client Bob Joga
 - (2020-09-09 22:20:48) ASSET: Sending asset v4shim.css to client Bob Joga
 - (2020-09-09 22:22:22) ASSET: Sending asset spritesheet_paper.css to client Bob Joga
 - (2020-09-09 22:22:22) ASSET: Sending asset paper_121x54.png to client Bob Joga
 - (2020-09-09 22:22:22) ASSET: Sending asset spritesheet_pills.css to client Bob Joga
 - (2020-09-09 22:22:24) ASSET: Sending asset pills_22x10.png to client Bob Joga
 - (2020-09-09 22:22:24) ASSET: Sending asset pills_14x14.png to client Bob Joga
 - (2020-09-09 22:22:24) ASSET: Sending asset minimap-dc226bb5b4c5d0e04014087846144be9.png to client Bob Joga
