[2020-09-11 01:01:06.052] Starting up round ID .
 - -------------------------
[2020-09-11 01:01:06.059] Running /tg/ revision: 2020-09-11
 - origin/master: 773c9202bd803e20291a5ef3100b97a9e076ab65
 - HEAD: 5ef22c29fa428227ff640f9ebaa9f3acf5091cc7
[2020-09-11 01:01:07.249] Loading Box Station...
[2020-09-11 01:01:14.045] Loaded Station in 6.8s!
[2020-09-11 01:01:16.768] Loaded Lavaland in 2.6s!
[2020-09-11 01:01:18.467] Ruin loader finished with 0 left to spend.
[2020-09-11 01:01:22.275] Ruin loader finished with 0 left to spend.
[2020-09-11 01:01:22.465] Ruin loader finished with 0 left to spend.
[2020-09-11 01:02:03.791] ## WARNING: HEY! LISTEN! 0.5 seconds were wasted processing 472 turf(s) (connected to 23326 other turfs) with atmos differences at round start.
[2020-09-11 01:02:06.106] ## WARNING: design /datum/design/ipc_kidneys with icon 'modular_skyrat/icons/obj/surgery.dmi' missing state 'capcitor-ipc'
[2020-09-11 01:02:27.359] Initializations complete within 80.3 seconds!
[2020-09-11 01:02:29.624] Game start took 0.7s
[2020-09-11 01:02:59.943] ### VarEdit by Bob Joga/(Pedro Ilurdoz): /obj/machinery/clonepod biomass=0 => 12000
[2020-09-11 01:03:29.789] runtime error: Cannot read null.player_details
 - proc name: Login (/mob/Login)
 -   source file: login.dm,51
 -   usr: (src)
 -   src: Kawsar Malik (/mob/living/carbon/human)
 -   src.loc: the cloning pod (/obj/machinery/clonepod)
 -   call stack:
 - Kawsar Malik (/mob/living/carbon/human): Login()
 - Kawsar Malik (/mob/living/carbon/human): Login()
 - Kawsar Malik (/mob/living/carbon/human): Login()
 - 
