[2020-09-11 01:01:06.054] Starting up round ID .
 - -------------------------
[2020-09-11 01:01:07.012] INIT: Initialized Profiler subsystem within 0 seconds!
[2020-09-11 01:01:07.162] Fail2Topic: Failed to drop firewall rule. Exit code: 1.
[2020-09-11 01:01:07.162] INIT: Initialized Fail2Topic subsystem within 0.1 seconds!
[2020-09-11 01:01:07.163] INIT: Initialized Title Screen subsystem within 0 seconds!
[2020-09-11 01:01:07.163] INIT: Initialized Database subsystem within 0 seconds!
[2020-09-11 01:01:07.164] INIT: Initialized Blackbox subsystem within 0 seconds!
[2020-09-11 01:01:07.164] INIT: Initialized Server Tasks subsystem within 0 seconds!
[2020-09-11 01:01:07.165] INIT: Initialized Input subsystem within 0 seconds!
[2020-09-11 01:01:07.166] INIT: Initialized Sounds subsystem within 0 seconds!
[2020-09-11 01:01:07.166] INIT: Initialized Vis contents overlays subsystem within 0 seconds!
[2020-09-11 01:01:07.221] INIT: Initialized Research subsystem within 0.1 seconds!
[2020-09-11 01:01:07.223] INIT: Initialized Events subsystem within 0 seconds!
[2020-09-11 01:01:07.228] INIT: Initialized Jobs subsystem within 0 seconds!
[2020-09-11 01:01:07.231] INIT: Initialized Quirks subsystem within 0 seconds!
[2020-09-11 01:01:07.238] INIT: Initialized Ticker subsystem within 0 seconds!
[2020-09-11 01:01:07.249] INIT: Initialized Instruments subsystem within 0 seconds!
[2020-09-11 01:01:23.171] INIT: Initialized Mapping subsystem within 15.9 seconds!
[2020-09-11 01:01:23.176] INIT: Initialized Economy subsystem within 0 seconds!
[2020-09-11 01:01:23.177] INIT: Initialized Networks subsystem within 0 seconds!
[2020-09-11 01:01:23.177] INIT: Initialized Holodeck subsystem within 0 seconds!
[2020-09-11 01:01:56.607] INIT: Initialized Atoms subsystem within 33.5 seconds!
[2020-09-11 01:01:56.632] INIT: Initialized Language subsystem within 0 seconds!
[2020-09-11 01:01:56.803] INIT: Initialized Machines subsystem within 0.2 seconds!
[2020-09-11 01:01:56.861] INIT: Initialized Circuit subsystem within 0 seconds!
[2020-09-11 01:01:58.049] INIT: Initialized Atmos Adjacency subsystem within 1.2 seconds!
[2020-09-11 01:01:58.049] INIT: Initialized Autotransfer Vote subsystem within 0 seconds!
[2020-09-11 01:01:58.049] INIT: Initialized Chemistry subsystem within 0 seconds!
[2020-09-11 01:01:58.049] INIT: Initialized Status Effects subsystem within 0 seconds!
[2020-09-11 01:01:58.050] INIT: Initialized Weather subsystem within 0 seconds!
[2020-09-11 01:01:58.053] INIT: Initialized Disease subsystem within 0 seconds!
[2020-09-11 01:01:58.054] INIT: Initialized Jukeboxes subsystem within 0 seconds!
[2020-09-11 01:01:58.054] INIT: Initialized Medals subsystem within 0 seconds!
[2020-09-11 01:01:58.280] INIT: Initialized Minimaps subsystem within 0.2 seconds!
[2020-09-11 01:01:58.284] INIT: Initialized Night Shift subsystem within 0 seconds!
[2020-09-11 01:01:58.284] INIT: Initialized Parallax subsystem within 0 seconds!
[2020-09-11 01:01:58.284] INIT: Initialized Sun subsystem within 0 seconds!
[2020-09-11 01:01:58.559] INIT: Initialized Traumas subsystem within 0.3 seconds!
[2020-09-11 01:01:58.620] INIT: Initialized Bluespace Locker subsystem within 0.1 seconds!
[2020-09-11 01:01:58.620] INIT: Initialized Pacification Bans subsystem within 0 seconds!
[2020-09-11 01:01:58.620] INIT: Initialized Logging subsystem within 0 seconds!
[2020-09-11 01:01:58.620] INIT: Initialized Recycling subsystem within 0 seconds!
[2020-09-11 01:02:04.155] INIT: Initialized Atmospherics subsystem within 5.5 seconds!
[2020-09-11 01:02:04.155] INIT: Initialized Atmospherics - Turfs subsystem within 0 seconds!
[2020-09-11 01:02:07.734] INIT: Initialized Assets subsystem within 3.6 seconds!
[2020-09-11 01:02:13.631] INIT: Initialized Icon Smoothing subsystem within 5.9 seconds!
[2020-09-11 01:02:14.884] INIT: Initialized Overlay subsystem within 1.2 seconds!
[2020-09-11 01:02:14.884] INIT: Initialized XKeyScore subsystem within 0 seconds!
[2020-09-11 01:02:14.884] INIT: Initialized Sticky Ban subsystem within 0 seconds!
[2020-09-11 01:02:22.509] INIT: Initialized Lighting subsystem within 7.7 seconds!
[2020-09-11 01:02:27.279] INIT: Initialized Shuttle subsystem within 4.7 seconds!
[2020-09-11 01:02:27.323] INIT: Initialized Minor Mapping subsystem within 0.1 seconds!
[2020-09-11 01:02:27.324] INIT: Initialized Pathfinder subsystem within 0 seconds!
[2020-09-11 01:02:27.358] INIT: Initialized Persistence subsystem within 0 seconds!
[2020-09-11 01:02:27.358] INIT: Initialized Chat subsystem within 0 seconds!
