[2020-08-30 01:59:48.473] Starting up round ID .
 - -------------------------
[2020-08-30 01:59:54.296] INIT: Initialized Profiler subsystem within 0 seconds!
[2020-08-30 01:59:54.445] Fail2Topic: Failed to drop firewall rule. Exit code: 1.
[2020-08-30 01:59:54.446] INIT: Initialized Fail2Topic subsystem within 0.2 seconds!
[2020-08-30 01:59:54.447] INIT: Initialized Title Screen subsystem within 0 seconds!
[2020-08-30 01:59:54.447] INIT: Initialized Database subsystem within 0 seconds!
[2020-08-30 01:59:54.448] INIT: Initialized Blackbox subsystem within 0 seconds!
[2020-08-30 01:59:54.448] INIT: Initialized Server Tasks subsystem within 0 seconds!
[2020-08-30 01:59:54.451] INIT: Initialized Input subsystem within 0 seconds!
[2020-08-30 01:59:54.453] INIT: Initialized Sounds subsystem within 0 seconds!
[2020-08-30 01:59:54.453] INIT: Initialized Vis contents overlays subsystem within 0 seconds!
[2020-08-30 01:59:54.513] INIT: Initialized Research subsystem within 0.1 seconds!
[2020-08-30 01:59:54.516] INIT: Initialized Events subsystem within 0 seconds!
[2020-08-30 01:59:54.521] INIT: Initialized Jobs subsystem within 0 seconds!
[2020-08-30 01:59:54.527] INIT: Initialized Quirks subsystem within 0 seconds!
[2020-08-30 01:59:54.534] INIT: Initialized Ticker subsystem within 0 seconds!
[2020-08-30 01:59:54.547] INIT: Initialized Instruments subsystem within 0 seconds!
[2020-08-30 02:00:12.456] INIT: Initialized Mapping subsystem within 17.9 seconds!
[2020-08-30 02:00:12.483] INIT: Initialized Economy subsystem within 0 seconds!
[2020-08-30 02:00:12.487] INIT: Initialized Networks subsystem within 0 seconds!
[2020-08-30 02:00:12.487] INIT: Initialized Holodeck subsystem within 0 seconds!
[2020-08-30 02:00:45.443] INIT: Initialized Atoms subsystem within 32.9 seconds!
[2020-08-30 02:00:45.470] INIT: Initialized Language subsystem within 0 seconds!
[2020-08-30 02:00:45.646] INIT: Initialized Machines subsystem within 0.2 seconds!
[2020-08-30 02:00:45.680] INIT: Initialized Circuit subsystem within 0 seconds!
[2020-08-30 02:00:47.259] INIT: Initialized Atmos Adjacency subsystem within 1.6 seconds!
[2020-08-30 02:00:47.259] INIT: Initialized Autotransfer Vote subsystem within 0 seconds!
[2020-08-30 02:00:47.259] INIT: Initialized Chemistry subsystem within 0 seconds!
[2020-08-30 02:00:47.259] INIT: Initialized Status Effects subsystem within 0 seconds!
[2020-08-30 02:00:47.260] INIT: Initialized Weather subsystem within 0 seconds!
[2020-08-30 02:00:47.263] INIT: Initialized Disease subsystem within 0 seconds!
[2020-08-30 02:00:47.263] INIT: Initialized Jukeboxes subsystem within 0 seconds!
[2020-08-30 02:00:47.263] INIT: Initialized Medals subsystem within 0 seconds!
[2020-08-30 02:00:47.516] INIT: Initialized Minimaps subsystem within 0.3 seconds!
[2020-08-30 02:00:47.565] INIT: Initialized Night Shift subsystem within 0 seconds!
[2020-08-30 02:00:47.565] INIT: Initialized Parallax subsystem within 0 seconds!
[2020-08-30 02:00:47.565] INIT: Initialized Sun subsystem within 0 seconds!
[2020-08-30 02:00:47.772] INIT: Initialized Traumas subsystem within 0.2 seconds!
[2020-08-30 02:00:47.809] INIT: Initialized Bluespace Locker subsystem within 0.1 seconds!
[2020-08-30 02:00:47.809] INIT: Initialized Pacification Bans subsystem within 0 seconds!
[2020-08-30 02:00:47.810] INIT: Initialized Logging subsystem within 0 seconds!
[2020-08-30 02:00:47.810] INIT: Initialized Recycling subsystem within 0 seconds!
[2020-08-30 02:00:54.446] INIT: Initialized Atmospherics subsystem within 6.6 seconds!
[2020-08-30 02:00:54.446] INIT: Initialized Atmospherics - Turfs subsystem within 0 seconds!
[2020-08-30 02:00:57.647] INIT: Initialized Assets subsystem within 3.2 seconds!
[2020-08-30 02:01:05.118] INIT: Initialized Icon Smoothing subsystem within 7.5 seconds!
[2020-08-30 02:01:06.508] INIT: Initialized Overlay subsystem within 1.4 seconds!
[2020-08-30 02:01:06.508] INIT: Initialized XKeyScore subsystem within 0 seconds!
[2020-08-30 02:01:06.509] INIT: Initialized Sticky Ban subsystem within 0 seconds!
[2020-08-30 02:01:16.433] INIT: Initialized Lighting subsystem within 9.9 seconds!
[2020-08-30 02:01:20.602] INIT: Initialized Shuttle subsystem within 4.2 seconds!
[2020-08-30 02:01:20.647] INIT: Initialized Minor Mapping subsystem within 0 seconds!
[2020-08-30 02:01:20.649] INIT: Initialized Pathfinder subsystem within 0 seconds!
[2020-08-30 02:01:20.680] INIT: Initialized Persistence subsystem within 0 seconds!
[2020-08-30 02:01:20.681] INIT: Initialized Chat subsystem within 0 seconds!
