[2020-08-30 19:13:20.616] Starting up round ID .
 - -------------------------
[2020-08-30 19:13:26.247] INIT: Initialized Profiler subsystem within 0 seconds!
[2020-08-30 19:13:26.447] Fail2Topic: Failed to drop firewall rule. Exit code: 1.
[2020-08-30 19:13:26.447] INIT: Initialized Fail2Topic subsystem within 0.2 seconds!
[2020-08-30 19:13:26.452] INIT: Initialized Title Screen subsystem within 0 seconds!
[2020-08-30 19:13:26.452] INIT: Initialized Database subsystem within 0 seconds!
[2020-08-30 19:13:26.453] INIT: Initialized Blackbox subsystem within 0 seconds!
[2020-08-30 19:13:26.453] INIT: Initialized Server Tasks subsystem within 0 seconds!
[2020-08-30 19:13:26.454] INIT: Initialized Input subsystem within 0 seconds!
[2020-08-30 19:13:26.456] INIT: Initialized Sounds subsystem within 0 seconds!
[2020-08-30 19:13:26.456] INIT: Initialized Vis contents overlays subsystem within 0 seconds!
[2020-08-30 19:13:26.548] INIT: Initialized Research subsystem within 0.1 seconds!
[2020-08-30 19:13:26.552] INIT: Initialized Events subsystem within 0 seconds!
[2020-08-30 19:13:26.557] INIT: Initialized Jobs subsystem within 0 seconds!
[2020-08-30 19:13:26.560] INIT: Initialized Quirks subsystem within 0 seconds!
[2020-08-30 19:13:26.567] INIT: Initialized Ticker subsystem within 0 seconds!
[2020-08-30 19:13:26.581] INIT: Initialized Instruments subsystem within 0 seconds!
[2020-08-30 19:13:44.771] INIT: Initialized Mapping subsystem within 18.2 seconds!
[2020-08-30 19:13:44.786] INIT: Initialized Economy subsystem within 0 seconds!
[2020-08-30 19:13:44.787] INIT: Initialized Networks subsystem within 0 seconds!
[2020-08-30 19:13:44.787] INIT: Initialized Holodeck subsystem within 0 seconds!
[2020-08-30 19:14:16.882] INIT: Initialized Atoms subsystem within 32 seconds!
[2020-08-30 19:14:16.915] INIT: Initialized Language subsystem within 0.1 seconds!
[2020-08-30 19:14:17.092] INIT: Initialized Machines subsystem within 0.1 seconds!
[2020-08-30 19:14:17.127] INIT: Initialized Circuit subsystem within 0.1 seconds!
[2020-08-30 19:14:18.294] INIT: Initialized Atmos Adjacency subsystem within 1.1 seconds!
[2020-08-30 19:14:18.294] INIT: Initialized Autotransfer Vote subsystem within 0 seconds!
[2020-08-30 19:14:18.295] INIT: Initialized Chemistry subsystem within 0 seconds!
[2020-08-30 19:14:18.295] INIT: Initialized Status Effects subsystem within 0 seconds!
[2020-08-30 19:14:18.296] INIT: Initialized Weather subsystem within 0 seconds!
[2020-08-30 19:14:18.299] INIT: Initialized Disease subsystem within 0 seconds!
[2020-08-30 19:14:18.299] INIT: Initialized Jukeboxes subsystem within 0 seconds!
[2020-08-30 19:14:18.299] INIT: Initialized Medals subsystem within 0 seconds!
[2020-08-30 19:14:18.564] INIT: Initialized Minimaps subsystem within 0.3 seconds!
[2020-08-30 19:14:18.621] INIT: Initialized Night Shift subsystem within 0 seconds!
[2020-08-30 19:14:18.621] INIT: Initialized Parallax subsystem within 0 seconds!
[2020-08-30 19:14:18.621] INIT: Initialized Sun subsystem within 0 seconds!
[2020-08-30 19:14:18.831] INIT: Initialized Traumas subsystem within 0.2 seconds!
[2020-08-30 19:14:18.877] INIT: Initialized Bluespace Locker subsystem within 0 seconds!
[2020-08-30 19:14:18.915] INIT: Initialized Pacification Bans subsystem within 0 seconds!
[2020-08-30 19:14:18.915] INIT: Initialized Logging subsystem within 0 seconds!
[2020-08-30 19:14:18.915] INIT: Initialized Recycling subsystem within 0 seconds!
[2020-08-30 19:14:24.785] INIT: Initialized Atmospherics subsystem within 5.8 seconds!
[2020-08-30 19:14:24.785] INIT: Initialized Atmospherics - Turfs subsystem within 0 seconds!
[2020-08-30 19:14:27.565] INIT: Initialized Assets subsystem within 2.8 seconds!
[2020-08-30 19:14:33.919] INIT: Initialized Icon Smoothing subsystem within 6.4 seconds!
[2020-08-30 19:14:35.181] INIT: Initialized Overlay subsystem within 1.2 seconds!
[2020-08-30 19:14:35.181] INIT: Initialized XKeyScore subsystem within 0 seconds!
[2020-08-30 19:14:35.182] INIT: Initialized Sticky Ban subsystem within 0 seconds!
[2020-08-30 19:14:42.641] INIT: Initialized Lighting subsystem within 7.5 seconds!
[2020-08-30 19:14:46.924] INIT: Initialized Shuttle subsystem within 4.3 seconds!
[2020-08-30 19:14:46.960] INIT: Initialized Minor Mapping subsystem within 0 seconds!
[2020-08-30 19:14:46.983] INIT: Initialized Pathfinder subsystem within 0 seconds!
[2020-08-30 19:14:47.013] INIT: Initialized Persistence subsystem within 0.1 seconds!
[2020-08-30 19:14:47.014] INIT: Initialized Chat subsystem within 0 seconds!
