[2020-09-23 23:59:59.505] Starting up round ID .
 - -------------------------
[2020-09-23 23:59:59.546] ADMIN: Loading Banlist
[2020-09-23 23:59:59.582] ACCESS: Login: Bob Joga from localhost-3000796718 || BYOND v513.1528
[2020-09-23 23:59:59.583] ACCESS: Mob Login: Bob Joga/(Bob Joga) was assigned to a /mob/dead/new_player
[2020-09-24 00:00:02.074] GAME: Bob Joga/(Bob Joga) Client Bob Joga/(Bob Joga) has taken ownership of mob Bob Joga(/mob/dead/new_player) (start area (11, 174, 1))
[2020-09-24 00:00:05.248] GAME: Saved mode is 'extended'
[2020-09-24 00:00:16.521] GAME: Hierophant's Arena loaded at 157,171,6
[2020-09-24 00:00:16.537] GAME: Blood-Drunk Miner (Guidance) loaded at 98,95,6
[2020-09-24 00:00:16.552] GAME: Blood-Drunk Miner (Hunter) loaded at 201,127,6
[2020-09-24 00:00:16.569] GAME: Blood-Drunk Miner loaded at 56,64,6
[2020-09-24 00:00:16.587] GAME: King Goat Boss Ruin loaded at 82,133,6
[2020-09-24 00:00:16.617] GAME: Rogue's Arena loaded at 204,184,6
[2020-09-24 00:00:16.652] GAME: Sif's Sword loaded at 42,158,6
[2020-09-24 00:00:16.659] GAME: Pulsating Tumor loaded at 142,80,6
[2020-09-24 00:00:16.666] GAME: Pulsating Tumor loaded at 90,176,6
[2020-09-24 00:00:17.024] GAME: Syndicate Lava Base loaded at 157,67,6
[2020-09-24 00:00:17.050] GAME: Free Golem Ship loaded at 88,191,6
[2020-09-24 00:00:17.057] GAME: Pulsating Tumor loaded at 130,64,6
[2020-09-24 00:00:17.076] GAME: UFO Crash loaded at 119,173,6
[2020-09-24 00:00:20.234] GAME: Abandoned Teleporter loaded at 33,61,7
[2020-09-24 00:00:20.255] GAME: Whiteship Dock loaded at 160,106,8
[2020-09-24 00:00:20.292] GAME: Aesthetic Outpost loaded at 133,165,3
[2020-09-24 00:00:20.335] GAME: Derelict 1 loaded at 185,142,7
[2020-09-24 00:00:20.390] GAME: Biological Storage Facility loaded at 153,193,4
[2020-09-24 00:00:20.448] GAME: Gondoland loaded at 113,82,7
[2020-09-24 00:00:20.599] GAME: Syndicate Ambush loaded at 122,145,8
[2020-09-24 00:00:20.689] GAME: Syndicate Listening Station loaded at 179,138,4
[2020-09-24 00:00:20.720] GAME: Salvation loaded at 63,143,7
[2020-09-24 00:00:20.765] GAME: Space Arcade loaded at 114,55,3
[2020-09-24 00:00:20.810] GAME: Derelict 4 loaded at 126,80,3
[2020-09-24 00:00:20.833] GAME: Big Ape loaded at 211,155,3
[2020-09-24 00:00:20.888] GAME: Derelict 5 loaded at 98,143,7
[2020-09-24 00:00:21.467] GAME: Ancient Space Station loaded at 52,36,8
[2020-09-24 00:00:21.510] GAME: Crashed Clown Ship loaded at 160,119,7
[2020-09-24 00:00:21.557] GAME: Unnamed Turreted Outpost loaded at 46,185,7
[2020-09-24 00:00:21.568] GAME: Mineable Asteroid 1 loaded at 214,39,2
[2020-09-24 00:00:21.580] GAME: Crab Roid loaded at 29,47,2
[2020-09-24 00:00:21.596] GAME: Mineable Asteroid 4 loaded at 43,22,2
[2020-09-24 00:00:21.620] GAME: Monitoring Roid loaded at 213,204,2
[2020-09-24 00:00:21.635] GAME: Maze Roid loaded at 179,214,2
[2020-09-24 00:00:21.662] GAME: Mineable Asteroid 5 loaded at 154,200,2
[2020-09-24 00:00:21.683] GAME: Dead wizard Roid loaded at 193,26,2
[2020-09-24 00:00:21.697] GAME: Mineable Asteroid 3 loaded at 196,180,2
[2020-09-24 00:00:21.716] GAME: Mineable Asteroid 2 loaded at 39,210,2
[2020-09-24 00:00:21.737] GAME: Dorm Roid loaded at 177,197,2
[2020-09-24 00:00:21.846] GAME: Box SM loaded at 96,49,2
[2020-09-24 00:00:22.106] GAME: Public Mining Base loaded at 1,1,6
