[2020-08-29 21:51:29.887] Starting up round ID .
 - -------------------------
[2020-08-29 21:51:29.957] ADMIN: Loading Banlist
[2020-08-29 21:51:30.009] ACCESS: Login: Bob Joga from localhost-3000796718 || BYOND v513.1528
[2020-08-29 21:51:30.009] ACCESS: Mob Login: Bob Joga/(Bob Joga) was assigned to a /mob/dead/new_player
[2020-08-29 21:51:33.028] GAME: Bob Joga/(Bob Joga) Client Bob Joga/(Bob Joga) has taken ownership of mob Bob Joga(/mob/dead/new_player) (start area (11, 174, 1))
[2020-08-29 21:51:37.005] GAME: Saved mode is 'extended'
[2020-08-29 21:51:52.034] GAME: Hierophant's Arena loaded at 186,170,6
[2020-08-29 21:51:52.052] GAME: Blood-Drunk Miner (Guidance) loaded at 207,119,6
[2020-08-29 21:51:52.068] GAME: Blood-Drunk Miner (Hunter) loaded at 115,73,6
[2020-08-29 21:51:52.084] GAME: Blood-Drunk Miner loaded at 147,55,6
[2020-08-29 21:51:52.103] GAME: King Goat Boss Ruin loaded at 99,199,6
[2020-08-29 21:51:52.127] GAME: Rogue's Arena loaded at 88,67,6
[2020-08-29 21:51:52.166] GAME: Sif's Sword loaded at 114,43,6
[2020-08-29 21:51:52.174] GAME: Pulsating Tumor loaded at 41,153,6
[2020-08-29 21:51:52.199] GAME: Dark Wizard Altar loaded at 71,185,6
[2020-08-29 21:51:52.211] GAME: Fountain Hall loaded at 110,93,6
[2020-08-29 21:51:52.234] GAME: Dark Wizard Altar loaded at 152,171,6
[2020-08-29 21:51:52.266] GAME: The Wishgranter Cube loaded at 170,121,6
[2020-08-29 21:51:52.291] GAME: Free Golem Ship loaded at 161,31,6
[2020-08-29 21:51:52.354] GAME: Elephant Graveyard loaded at 35,186,6
[2020-08-29 21:51:55.689] GAME: Abandoned Teleporter loaded at 118,211,7
[2020-08-29 21:51:55.712] GAME: Whiteship Dock loaded at 165,68,3
[2020-08-29 21:51:55.743] GAME: Asteroid 3 loaded at 67,24,7
[2020-08-29 21:51:55.771] GAME: Empty Shell loaded at 178,60,8
[2020-08-29 21:51:55.804] GAME: Salvation loaded at 45,153,3
[2020-08-29 21:51:55.834] GAME: Asteroid 4 loaded at 145,95,8
[2020-08-29 21:51:55.884] GAME: NT Medical Ship loaded at 170,103,8
[2020-08-29 21:51:55.922] GAME: Cleric's Den loaded at 74,61,3
[2020-08-29 21:51:55.982] GAME: Asteroid 5 loaded at 55,139,4
[2020-08-29 21:51:56.129] GAME: Derelict Tradepost loaded at 145,93,3
[2020-08-29 21:51:56.171] GAME: Aesthetic Outpost loaded at 71,144,3
[2020-08-29 21:51:56.212] GAME: Ancient Cloning Lab loaded at 162,43,8
[2020-08-29 21:51:56.259] GAME: DJ Station loaded at 56,180,4
[2020-08-29 21:51:56.299] GAME: Disposal Facility 17 loaded at 211,54,8
[2020-08-29 21:51:56.662] GAME: The Twin-Nexus Hotel loaded at 123,56,4
[2020-08-29 21:51:56.707] GAME: Derelict 3 loaded at 131,160,4
[2020-08-29 21:51:56.731] GAME: Crab Roid loaded at 178,216,2
[2020-08-29 21:51:56.753] GAME: Mineable Asteroid 2 loaded at 204,199,2
[2020-08-29 21:51:56.781] GAME: Mineable Asteroid 5 loaded at 41,22,2
[2020-08-29 21:51:56.798] GAME: Mineable Asteroid 4 loaded at 43,203,2
[2020-08-29 21:51:56.817] GAME: Dead wizard Roid loaded at 23,192,2
[2020-08-29 21:51:56.832] GAME: Maze Roid loaded at 213,182,2
[2020-08-29 21:51:56.860] GAME: Monitoring Roid loaded at 156,205,2
[2020-08-29 21:51:56.889] GAME: Dorm Roid loaded at 33,43,2
[2020-08-29 21:51:56.903] GAME: Mineable Asteroid 3 loaded at 69,25,2
[2020-08-29 21:51:56.910] GAME: Mineable Asteroid 1 loaded at 223,160,2
[2020-08-29 21:51:56.964] GAME: Box Antimatter loaded at 96,49,2
[2020-08-29 21:51:57.242] GAME: Public Mining Base loaded at 1,1,6
[2020-08-29 21:52:10.296] GAME: *no key*/(Rima Duc) Rima Duc name changed from Rima Duc to Dazzle (Unexplored Location (156, 98, 8))
[2020-08-29 21:52:59.565] GAME: Backup Shuttle loaded at 84,206,1
[2020-08-29 21:52:59.656] GAME: assault pod (Default) loaded at 85,207,1
[2020-08-29 21:53:00.033] GAME: basic syndicate infiltrator loaded at 80,199,1
[2020-08-29 21:53:00.337] GAME: fancy transport ferry loaded at 82,208,1
[2020-08-29 21:53:00.504] GAME: Box Station Emergency Shuttle loaded at 83,199,1
[2020-08-29 21:53:00.714] GAME: cargo ferry (Box) loaded at 85,204,1
[2020-08-29 21:53:01.322] GAME: escape pod (Default) loaded at 87,208,1
[2020-08-29 21:53:01.351] GAME: escape pod (Default) loaded at 87,208,1
[2020-08-29 21:53:01.408] GAME: auxilliary base (Default) loaded at 84,206,1
[2020-08-29 21:53:01.517] GAME: arrival shuttle (Box) loaded at 81,207,1
[2020-08-29 21:53:01.620] GAME: mining shuttle (Box) loaded at 86,207,1
[2020-08-29 21:53:01.679] GAME: labour shuttle (Box) loaded at 86,206,1
[2020-08-29 21:53:01.731] GAME: escape pod (Default) loaded at 87,208,1
[2020-08-29 21:53:01.761] GAME: escape pod (Default) loaded at 87,208,1
[2020-08-29 21:53:01.792] GAME: lavaland Mining Elevator loaded at 86,208,1
[2020-08-29 21:53:02.960] GAME: Hospital Ship loaded at 73,202,1
[2020-08-29 21:53:03.358] VOTE: Roundtype vote started by server.
[2020-08-29 21:53:20.507] ADMIN: Bob Joga has started the game.
[2020-08-29 21:53:21.607] VOTE: <b>Roundtype Vote</b><b>Vote Result: Inconclusive - No Votes!</b>
[2020-08-29 21:53:21.734] GAME: *no key*/(AI) AI name changed from  to Voltes V (AI Chamber (150, 32, 2))
[2020-08-29 21:53:21.798] GAME: *no key*/(Voltes V) Voltes V name changed from Voltes V to Jinx (AI Chamber (150, 32, 2))
[2020-08-29 21:53:21.864] GAME: *no key*/(Bob Joga) *no key*/(Bob Joga) is no longer owning mob Bob Joga(/mob/dead/new_player) (start area (11, 174, 1))
[2020-08-29 21:53:21.864] ACCESS: Mob Login: Bob Joga/(Jinx) was assigned to a /mob/living/silicon/ai
[2020-08-29 21:53:22.229] GAME: Bob Joga/(Jinx) Client Bob Joga/(Jinx) has taken ownership of mob Jinx(/mob/living/silicon/ai) (AI Chamber (150, 32, 2))
[2020-08-29 21:55:33.503] ADMIN: Bob Joga/(Jinx) admin-recalled the emergency shuttle.
[2020-08-29 21:55:36.736] ADMIN: Bob Joga/(Jinx) admin ghosted.
[2020-08-29 21:55:36.736] GAME: *no key*/(Jinx) *no key*/(Jinx) is no longer owning mob Jinx(/mob/living/silicon/ai) (AI Chamber (150, 32, 2))
[2020-08-29 21:55:36.737] ACCESS: Mob Login: bobjoga/(Jinx) was assigned to a /mob/dead/observer
[2020-08-29 21:55:36.773] GAME: bobjoga/(Jinx) Client bobjoga/(Jinx) has taken ownership of mob Jinx(/mob/dead/observer) (AI Chamber (150, 32, 2))
[2020-08-29 21:56:04.952] ADMIN: bobjoga/(Jinx) checked the individual player panel for bobjoga/(Jinx).
[2020-08-29 21:56:07.259] ADMIN: bobjoga/(Jinx) has used rudimentary transformation on bobjoga/(Jinx). Transforming to human.; deletemob=1
[2020-08-29 21:56:09.579] GAME: *no key*/(Jinx) *no key*/(Jinx) is no longer owning mob Jinx(/mob/dead/observer) (Engineering (120, 76, 2))
[2020-08-29 21:56:09.579] ACCESS: Mob Login: Bob Joga/(Cockmistress) was assigned to a /mob/living/carbon/human
[2020-08-29 21:56:09.599] GAME: Z-TRACKING: Cockmistress has somehow ended up in Z-level 2 despite being registered in Z-level .
[2020-08-29 21:56:09.823] GAME: Bob Joga/(Cockmistress) Client Bob Joga/(Cockmistress) has taken ownership of mob Cockmistress(/mob/living/carbon/human) (Engineering (120, 76, 2))
[2020-08-29 21:56:35.394] ADMIN: Bob Joga/(Cockmistress) created a /obj/item/storage/toolbox/syndicate
