[2020-08-29 21:51:29.892] Starting up round ID .
 - -------------------------
[2020-08-29 21:51:36.664] INIT: Initialized Profiler subsystem within 0 seconds!
[2020-08-29 21:51:36.911] Fail2Topic: Failed to drop firewall rule. Exit code: 1.
[2020-08-29 21:51:36.911] INIT: Initialized Fail2Topic subsystem within 0.3 seconds!
[2020-08-29 21:51:36.915] INIT: Initialized Title Screen subsystem within 0 seconds!
[2020-08-29 21:51:36.915] INIT: Initialized Database subsystem within 0 seconds!
[2020-08-29 21:51:36.915] INIT: Initialized Blackbox subsystem within 0 seconds!
[2020-08-29 21:51:36.915] INIT: Initialized Server Tasks subsystem within 0 seconds!
[2020-08-29 21:51:36.916] INIT: Initialized Input subsystem within 0 seconds!
[2020-08-29 21:51:36.918] INIT: Initialized Sounds subsystem within 0 seconds!
[2020-08-29 21:51:36.918] INIT: Initialized Vis contents overlays subsystem within 0 seconds!
[2020-08-29 21:51:36.988] INIT: Initialized Research subsystem within 0 seconds!
[2020-08-29 21:51:36.992] INIT: Initialized Events subsystem within 0 seconds!
[2020-08-29 21:51:36.999] INIT: Initialized Jobs subsystem within 0 seconds!
[2020-08-29 21:51:37.005] INIT: Initialized Quirks subsystem within 0.1 seconds!
[2020-08-29 21:51:37.074] INIT: Initialized Ticker subsystem within 0 seconds!
[2020-08-29 21:51:37.089] INIT: Initialized Instruments subsystem within 0 seconds!
[2020-08-29 21:51:57.688] INIT: Initialized Mapping subsystem within 20.6 seconds!
[2020-08-29 21:51:57.698] INIT: Initialized Economy subsystem within 0 seconds!
[2020-08-29 21:51:57.699] INIT: Initialized Networks subsystem within 0 seconds!
[2020-08-29 21:51:57.700] INIT: Initialized Holodeck subsystem within 0 seconds!
[2020-08-29 21:52:30.867] INIT: Initialized Atoms subsystem within 33.1 seconds!
[2020-08-29 21:52:30.896] INIT: Initialized Language subsystem within 0 seconds!
[2020-08-29 21:52:31.073] INIT: Initialized Machines subsystem within 0.2 seconds!
[2020-08-29 21:52:31.110] INIT: Initialized Circuit subsystem within 0.1 seconds!
[2020-08-29 21:52:32.886] INIT: Initialized Atmos Adjacency subsystem within 1.7 seconds!
[2020-08-29 21:52:32.886] INIT: Initialized Autotransfer Vote subsystem within 0 seconds!
[2020-08-29 21:52:32.886] INIT: Initialized Chemistry subsystem within 0 seconds!
[2020-08-29 21:52:32.886] INIT: Initialized Status Effects subsystem within 0 seconds!
[2020-08-29 21:52:32.887] INIT: Initialized Weather subsystem within 0 seconds!
[2020-08-29 21:52:32.890] INIT: Initialized Disease subsystem within 0 seconds!
[2020-08-29 21:52:32.891] INIT: Initialized Jukeboxes subsystem within 0 seconds!
[2020-08-29 21:52:32.891] INIT: Initialized Medals subsystem within 0 seconds!
[2020-08-29 21:52:33.155] INIT: Initialized Minimaps subsystem within 0.3 seconds!
[2020-08-29 21:52:33.217] INIT: Initialized Night Shift subsystem within 0 seconds!
[2020-08-29 21:52:33.217] INIT: Initialized Parallax subsystem within 0 seconds!
[2020-08-29 21:52:33.217] INIT: Initialized Sun subsystem within 0 seconds!
[2020-08-29 21:52:33.466] INIT: Initialized Traumas subsystem within 0.2 seconds!
[2020-08-29 21:52:33.507] INIT: Initialized Bluespace Locker subsystem within 0.1 seconds!
[2020-08-29 21:52:33.545] INIT: Initialized Pacification Bans subsystem within 0 seconds!
[2020-08-29 21:52:33.545] INIT: Initialized Logging subsystem within 0 seconds!
[2020-08-29 21:52:33.545] INIT: Initialized Recycling subsystem within 0 seconds!
[2020-08-29 21:52:40.285] INIT: Initialized Atmospherics subsystem within 6.7 seconds!
[2020-08-29 21:52:40.285] INIT: Initialized Atmospherics - Turfs subsystem within 0 seconds!
[2020-08-29 21:52:43.503] INIT: Initialized Assets subsystem within 3.3 seconds!
[2020-08-29 21:52:49.890] INIT: Initialized Icon Smoothing subsystem within 6.3 seconds!
[2020-08-29 21:52:51.141] INIT: Initialized Overlay subsystem within 1.3 seconds!
[2020-08-29 21:52:51.141] INIT: Initialized XKeyScore subsystem within 0 seconds!
[2020-08-29 21:52:51.142] INIT: Initialized Sticky Ban subsystem within 0 seconds!
[2020-08-29 21:52:59.519] INIT: Initialized Lighting subsystem within 8.4 seconds!
[2020-08-29 21:53:03.220] INIT: Initialized Shuttle subsystem within 3.7 seconds!
[2020-08-29 21:53:03.261] INIT: Initialized Minor Mapping subsystem within 0 seconds!
[2020-08-29 21:53:03.262] INIT: Initialized Pathfinder subsystem within 0 seconds!
[2020-08-29 21:53:03.295] INIT: Initialized Persistence subsystem within 0 seconds!
[2020-08-29 21:53:03.295] INIT: Initialized Chat subsystem within 0 seconds!
