[2020-09-02 20:23:21.011] Logs from logging subsystem:
 - (2020-09-02 17:20:22) ASSET: Sending asset common.css to client Bob Joga
 - (2020-09-02 17:20:22) ASSET: Sending asset jquery.min.js to client Bob Joga
 - (2020-09-02 17:20:22) ASSET: Sending asset json2.min.js to client Bob Joga
 - (2020-09-02 17:20:22) ASSET: Sending asset browserOutput.js to client Bob Joga
 - (2020-09-02 17:20:22) ASSET: Sending asset browserOutput.css to client Bob Joga
 - (2020-09-02 17:20:22) ASSET: Sending asset browserOutput_dark.css to client Bob Joga
 - (2020-09-02 17:20:22) ASSET: Sending asset browserOutput_light.css to client Bob Joga
 - (2020-09-02 17:20:22) ASSET: Sending asset spritesheet_chat.css to client Bob Joga
 - (2020-09-02 17:20:22) ASSET: Sending asset chat_16x16.png to client Bob Joga
 - (2020-09-02 17:20:22) ASSET: Sending asset fa-regular-400.eot to client Bob Joga
 - (2020-09-02 17:20:22) ASSET: Sending asset fa-regular-400.woff to client Bob Joga
 - (2020-09-02 17:20:22) ASSET: Sending asset fa-solid-900.eot to client Bob Joga
 - (2020-09-02 17:20:22) ASSET: Sending asset fa-solid-900.woff to client Bob Joga
 - (2020-09-02 17:20:22) ASSET: Sending asset font-awesome.css to client Bob Joga
 - (2020-09-02 17:20:22) ASSET: Sending asset v4shim.css to client Bob Joga
 - (2020-09-02 17:21:52) ASSET: Sending asset spritesheet_paper.css to client Bob Joga
 - (2020-09-02 17:21:52) ASSET: Sending asset paper_121x54.png to client Bob Joga
 - (2020-09-02 17:21:52) ASSET: Sending asset spritesheet_pills.css to client Bob Joga
 - (2020-09-02 17:21:52) ASSET: Sending asset pills_22x10.png to client Bob Joga
 - (2020-09-02 17:21:52) ASSET: Sending asset pills_14x14.png to client Bob Joga
 - (2020-09-02 17:21:52) ASSET: Sending asset minimap-a76509950cdafc1b72d91ae4c2f84280.png to client Bob Joga
 - (2020-09-02 17:21:52) ASSET: Sending asset minimap-a76509950cdafc1b72d91ae4c2f84280-meta.png to client Bob Joga
 - (2020-09-02 17:21:52) ASSET: Sending asset tgui.css to client Bob Joga
 - (2020-09-02 17:21:52) ASSET: Sending asset tgui.js to client Bob Joga
 - (2020-09-02 17:21:52) ASSET: Sending asset tgui-main.html to client Bob Joga
 - (2020-09-02 17:21:52) ASSET: Sending asset tgui.bundle.js to client Bob Joga
 - (2020-09-02 17:21:53) ASSET: Sending asset tgui.bundle.css to client Bob Joga
 - (2020-09-02 17:21:53) ASSET: Sending asset tgui-fallback.html to client Bob Joga
 - (2020-09-02 17:21:53) ASSET: Sending asset shim-html5shiv.js to client Bob Joga
 - (2020-09-02 17:21:53) ASSET: Sending asset shim-ie8.js to client Bob Joga
 - (2020-09-02 17:21:53) ASSET: Sending asset shim-dom4.js to client Bob Joga
 - (2020-09-02 17:21:53) ASSET: Sending asset shim-css-om.js to client Bob Joga
 - (2020-09-02 17:21:53) ASSET: Sending asset alarm_green.gif to client Bob Joga
 - (2020-09-02 17:21:53) ASSET: Sending asset alarm_red.gif to client Bob Joga
 - (2020-09-02 17:21:53) ASSET: Sending asset batt_5.gif to client Bob Joga
 - (2020-09-02 17:21:53) ASSET: Sending asset batt_20.gif to client Bob Joga
 - (2020-09-02 17:21:53) ASSET: Sending asset batt_40.gif to client Bob Joga
 - (2020-09-02 17:21:53) ASSET: Sending asset batt_60.gif to client Bob Joga
 - (2020-09-02 17:21:53) ASSET: Sending asset batt_80.gif to client Bob Joga
 - (2020-09-02 17:21:54) ASSET: Sending asset batt_100.gif to client Bob Joga
 - (2020-09-02 17:21:54) ASSET: Sending asset charging.gif to client Bob Joga
 - (2020-09-02 17:21:54) ASSET: Sending asset downloader_finished.gif to client Bob Joga
 - (2020-09-02 17:21:54) ASSET: Sending asset downloader_running.gif to client Bob Joga
 - (2020-09-02 17:21:54) ASSET: Sending asset ntnrc_idle.gif to client Bob Joga
 - (2020-09-02 17:21:54) ASSET: Sending asset ntnrc_new.gif to client Bob Joga
 - (2020-09-02 17:21:54) ASSET: Sending asset power_norm.gif to client Bob Joga
 - (2020-09-02 17:21:54) ASSET: Sending asset power_warn.gif to client Bob Joga
 - (2020-09-02 17:21:54) ASSET: Sending asset sig_high.gif to client Bob Joga
 - (2020-09-02 17:21:54) ASSET: Sending asset sig_low.gif to client Bob Joga
 - (2020-09-02 17:21:54) ASSET: Sending asset sig_lan.gif to client Bob Joga
 - (2020-09-02 17:21:54) ASSET: Sending asset sig_none.gif to client Bob Joga
 - (2020-09-02 17:21:55) ASSET: Sending asset smmon_0.gif to client Bob Joga
 - (2020-09-02 17:21:55) ASSET: Sending asset smmon_1.gif to client Bob Joga
 - (2020-09-02 17:21:55) ASSET: Sending asset smmon_2.gif to client Bob Joga
 - (2020-09-02 17:21:55) ASSET: Sending asset smmon_3.gif to client Bob Joga
 - (2020-09-02 17:21:55) ASSET: Sending asset smmon_4.gif to client Bob Joga
 - (2020-09-02 17:21:55) ASSET: Sending asset smmon_5.gif to client Bob Joga
 - (2020-09-02 17:21:55) ASSET: Sending asset smmon_6.gif to client Bob Joga
 - (2020-09-02 17:21:55) ASSET: Sending asset jquery-ui.custom-core-widgit-mouse-sortable-min.js to client Bob Joga
 - (2020-09-02 17:21:55) ASSET: Sending asset 88x31.png to client Bob Joga
 - (2020-09-02 17:21:55) ASSET: Sending asset bug-minus.png to client Bob Joga
 - (2020-09-02 17:21:55) ASSET: Sending asset cross-circle.png to client Bob Joga
 - (2020-09-02 17:21:55) ASSET: Sending asset hard-hat-exclamation.png to client Bob Joga
 - (2020-09-02 17:21:56) ASSET: Sending asset image-minus.png to client Bob Joga
 - (2020-09-02 17:21:56) ASSET: Sending asset image-plus.png to client Bob Joga
 - (2020-09-02 17:21:56) ASSET: Sending asset music-minus.png to client Bob Joga
 - (2020-09-02 17:21:56) ASSET: Sending asset music-plus.png to client Bob Joga
 - (2020-09-02 17:21:56) ASSET: Sending asset tick-circle.png to client Bob Joga
 - (2020-09-02 17:21:56) ASSET: Sending asset wrench-screwdriver.png to client Bob Joga
 - (2020-09-02 17:21:56) ASSET: Sending asset spell-check.png to client Bob Joga
 - (2020-09-02 17:21:56) ASSET: Sending asset burn-exclamation.png to client Bob Joga
 - (2020-09-02 17:21:56) ASSET: Sending asset chevron.png to client Bob Joga
 - (2020-09-02 17:21:56) ASSET: Sending asset chevron-expand.png to client Bob Joga
 - (2020-09-02 17:21:56) ASSET: Sending asset scales.png to client Bob Joga
 - (2020-09-02 17:21:57) ASSET: Sending asset coding.png to client Bob Joga
 - (2020-09-02 17:21:57) ASSET: Sending asset ban.png to client Bob Joga
 - (2020-09-02 17:21:57) ASSET: Sending asset chrome-wrench.png to client Bob Joga
 - (2020-09-02 17:21:57) ASSET: Sending asset changelog.css to client Bob Joga
 - (2020-09-02 17:21:57) ASSET: Sending asset padlock.png to client Bob Joga
 - (2020-09-02 17:21:57) ASSET: Sending asset high_button.png to client Bob Joga
 - (2020-09-02 17:21:57) ASSET: Sending asset medium_button.png to client Bob Joga
 - (2020-09-02 17:21:57) ASSET: Sending asset minor_button.png to client Bob Joga
 - (2020-09-02 17:21:57) ASSET: Sending asset none_button.png to client Bob Joga
 - (2020-09-02 17:21:57) ASSET: Sending asset dna_discovered.gif to client Bob Joga
 - (2020-09-02 17:21:57) ASSET: Sending asset dna_undiscovered.gif to client Bob Joga
 - (2020-09-02 17:21:57) ASSET: Sending asset dna_extra.gif to client Bob Joga
 - (2020-09-02 17:21:58) ASSET: Sending asset view_variables.css to client Bob Joga
 - (2020-09-02 17:21:58) ASSET: Sending asset sui-nano-common.js to client Bob Joga
 - (2020-09-02 17:21:58) ASSET: Sending asset sui-nano-common.css to client Bob Joga
 - (2020-09-02 17:21:58) ASSET: Sending asset tetris_0.gif to client Bob Joga
 - (2020-09-02 17:21:58) ASSET: Sending asset tetris_1.gif to client Bob Joga
 - (2020-09-02 17:21:58) ASSET: Sending asset tetris_2.gif to client Bob Joga
 - (2020-09-02 17:21:58) ASSET: Sending asset tetris_3.gif to client Bob Joga
 - (2020-09-02 17:21:58) ASSET: Sending asset tetris_4.gif to client Bob Joga
 - (2020-09-02 17:21:58) ASSET: Sending asset tetris_5.gif to client Bob Joga
 - (2020-09-02 17:21:58) ASSET: Sending asset tetris_6.gif to client Bob Joga
 - (2020-09-02 17:21:59) ASSET: Sending asset tetris_7.gif to client Bob Joga
 - (2020-09-02 17:21:59) ASSET: Sending asset tetrisp0.gif to client Bob Joga
 - (2020-09-02 17:21:59) ASSET: Sending asset tetrisp1.gif to client Bob Joga
 - (2020-09-02 17:21:59) ASSET: Sending asset tetrisp2.gif to client Bob Joga
 - (2020-09-02 17:21:59) ASSET: Sending asset tetrisp3.gif to client Bob Joga
 - (2020-09-02 17:21:59) ASSET: Sending asset tetrisp4.gif to client Bob Joga
 - (2020-09-02 17:21:59) ASSET: Sending asset tetrisp5.gif to client Bob Joga
 - (2020-09-02 17:21:59) ASSET: Sending asset tetrisp6.gif to client Bob Joga
 - (2020-09-02 17:21:59) ASSET: Sending asset tetrisp7.gif to client Bob Joga
 - (2020-09-02 17:21:59) ASSET: Sending asset tetris.js to client Bob Joga
 - (2020-09-02 17:22:00) ASSET: Sending asset tetris2.js to client Bob Joga
 - (2020-09-02 17:22:00) ASSET: Sending asset spritesheet_pda.css to client Bob Joga
 - (2020-09-02 17:22:00) ASSET: Sending asset pda_16x16.png to client Bob Joga
 - (2020-09-02 17:22:00) ASSET: Sending asset spritesheet_minesweeper.css to client Bob Joga
 - (2020-09-02 17:22:00) ASSET: Sending asset minesweeper_16x16.png to client Bob Joga
 - (2020-09-02 17:22:00) ASSET: Sending asset spritesheet_pipes.css to client Bob Joga
 - (2020-09-02 17:22:00) ASSET: Sending asset pipes_32x32.png to client Bob Joga
 - (2020-09-02 17:22:00) ASSET: Sending asset spritesheet_design.css to client Bob Joga
 - (2020-09-02 17:22:00) ASSET: Sending asset design_32x32.png to client Bob Joga
 - (2020-09-02 17:22:00) ASSET: Sending asset design_32x64.png to client Bob Joga
 - (2020-09-02 17:22:00) ASSET: Sending asset design_64x32.png to client Bob Joga
 - (2020-09-02 17:22:00) ASSET: Sending asset spritesheet_vending.css to client Bob Joga
 - (2020-09-02 17:22:01) ASSET: Sending asset vending_32x32.png to client Bob Joga
[2020-09-02 20:43:29.764] Logs from logging subsystem:
 - (2020-09-02 17:35:13) ASSET: Sending asset playeroptions.css to client Bob Joga
 - (2020-09-02 17:35:32) ASSET: Sending asset asset.f9fffb934726f745c0e146b640e93c70.png to client Bob Joga
 - (2020-09-02 17:35:32) ASSET: Sending asset asset.9377799c7d5f142c0882bbfa9173559f.png to client Bob Joga
 - (2020-09-02 17:35:32) ASSET: Sending asset asset.0ff97f4acfe2e796696e3c8c3a8be8ef.png to client Bob Joga
 - (2020-09-02 17:35:32) ASSET: Sending asset asset.848dff1b02b0fd57c8cde1c750fc5987.png to client Bob Joga
 - (2020-09-02 17:35:32) ASSET: Sending asset asset.07ef5f8f4e2f7b5d8c4010b513eaecb9.png to client Bob Joga
 - (2020-09-02 17:35:32) ASSET: Sending asset asset.397aa86b5c3d5d62c37651497040ade1.png to client Bob Joga
 - (2020-09-02 17:35:32) ASSET: Sending asset asset.7996a593191253cf3e065e6167833614.png to client Bob Joga
 - (2020-09-02 17:35:32) ASSET: Sending asset asset.bd93dc49b6a7c7e42505300fe06eb928.png to client Bob Joga
 - (2020-09-02 17:35:32) ASSET: Sending asset asset.d26176cf37c6718575dd1d6dce3f7865.png to client Bob Joga
 - (2020-09-02 17:35:32) ASSET: Sending asset asset.ba496062280ab9e523364902f78ad79e.png to client Bob Joga
 - (2020-09-02 17:35:32) ASSET: Sending asset asset.4f3764c94e5e56931bb0cbd641b8aec2.png to client Bob Joga
 - (2020-09-02 17:35:53) ASSET: Sending asset asset.e07954d7677911813415e08035e39917.png to client Bob Joga
 - (2020-09-02 17:35:54) ASSET: Sending asset asset.9756d5af56a43e2181829a941efe4caa.png to client Bob Joga
 - (2020-09-02 17:38:30) ASSET: Sending asset asset.10d77c7b3679701500c635ddcd74d4f1.png to client Bob Joga
 - (2020-09-02 17:41:45) ASSET: Sending asset asset.522c913c72b8dbc2224db46bf87134d6.png to client Bob Joga
