[2020-09-02 20:20:18.975] Starting up round ID .
 - -------------------------
[2020-09-02 20:33:26.096] Logs from logging subsystem:
 - (2020-09-02 17:27:24) ATTACK: *no key*/(Bam Bam) has suffered: Second Degree Burns to right hand | Damage: 10.8(rolled 26/27.9765) (Unexplored Location (56, 210, 4))
 - (2020-09-02 17:27:38) ATTACK: *no key*/(Knicknack) has suffered: Second Degree Burns to right leg | Damage: 10.8(rolled 27/27.9765) (Unexplored Location (55, 208, 4))
 - (2020-09-02 17:27:54) ATTACK: *no key*/(Tickle) has suffered: Second Degree Burns to right arm | Damage: 10.8(rolled 27/27.9765) (Unexplored Location (58, 207, 4))
 - (2020-09-02 17:28:02) ATTACK: *no key*/(Knicknack) has suffered: Second Degree Burns to right hand | Damage: 10.8(rolled 27/27.9765) (Unexplored Location (55, 208, 4))
 - (2020-09-02 17:28:08) ATTACK: *no key*/(Knicknack) has suffered: Second Degree Burns to groin | Damage: 10.8(rolled 26/27.9765) (Unexplored Location (55, 208, 4))
 - (2020-09-02 17:28:08) ATTACK: *no key*/(Knicknack) has suffered: Hip Dislocation to groin | Damage: 8.8(rolled 5/21.0027) (Unexplored Location (55, 208, 4))
 - (2020-09-02 17:28:12) ATTACK: *no key*/(Knicknack) has suffered: Third Degree Burns to groin | Damage: 10.8(rolled 22/27.9765) (Unexplored Location (55, 208, 4))
 - (2020-09-02 17:28:40) ATTACK: *no key*/(Knicknack) has suffered: Hairline Fracture to groin | Damage: 9.6(rolled 3/23.7236) (Unexplored Location (55, 208, 4))
 - (2020-09-02 17:29:53) ATTACK: *no key*/(Tickle) has suffered: Second Degree Burns to groin | Damage: 10.8(rolled 27/27.9765) (Unexplored Location (58, 207, 4))
 - (2020-09-02 17:29:55) ATTACK: *no key*/(Tickle) has suffered: Hip Dislocation to groin | Damage: 8.8(rolled 13/21.0027) (Unexplored Location (58, 207, 4))
 - (2020-09-02 17:29:59) ATTACK: *no key*/(Tickle) has suffered: Hairline Fracture to groin | Damage: 8.8(rolled 12/21.0027) (Unexplored Location (58, 207, 4))
 - (2020-09-02 17:30:07) ATTACK: *no key*/(Tickle) has suffered: Third Degree Burns to groin | Damage: 10.8(rolled 17/27.9765) (Unexplored Location (58, 207, 4))
 - (2020-09-02 17:30:13) ATTACK: *no key*/(Bam Bam) has suffered: Second Degree Burns to right leg | Damage: 10.8(rolled 27/27.9765) (Unexplored Location (56, 210, 4))
 - (2020-09-02 17:30:56) ATTACK: *no key*/(Bam Bam) has suffered: Second Degree Burns to left foot | Damage: 10.8(rolled 27/27.9765) (Unexplored Location (56, 210, 4))
 - (2020-09-02 17:31:08) ATTACK: *no key*/(Tickle) has suffered: Second Degree Burns to left hand | Damage: 10.8(rolled 26/27.9765) (Unexplored Location (58, 207, 4))
 - (2020-09-02 17:31:14) ATTACK: *no key*/(Bam Bam) has suffered: Second Degree Burns to chest | Damage: 10.8(rolled 27/27.9765) (Unexplored Location (56, 210, 4))
 - (2020-09-02 17:31:20) ATTACK: *no key*/(Bam Bam) has suffered: Second Degree Burns to left arm | Damage: 10.8(rolled 26/27.9765) (Unexplored Location (56, 210, 4))
 - (2020-09-02 17:31:20) ATTACK: *no key*/(coder monkey (197)) has suffered: Hip Dislocation to groin | Damage: 20(rolled 50/66.2891) | WB: 2 (Space (82, 60, 2))
 - (2020-09-02 17:31:26) ATTACK: *no key*/(Bam Bam) has suffered: Hairline Fracture to chest | Damage: 8.8(rolled 21/21.0027) (Unexplored Location (56, 210, 4))
 - (2020-09-02 17:32:20) ATTACK: *no key*/(Bam Bam) has suffered: Third Degree Burns to chest | Damage: 10.8(rolled 22/27.9765) (Unexplored Location (56, 210, 4))
 - (2020-09-02 17:32:22) ATTACK: *no key*/(Tickle) has suffered: Second Degree Burns to chest | Damage: 10.8(rolled 26/27.9765) (Unexplored Location (58, 207, 4))
 - (2020-09-02 17:32:28) ATTACK: *no key*/(Tickle) has suffered: Hairline Fracture to chest | Damage: 8.8(rolled 20/21.0027) (Unexplored Location (58, 207, 4))
 - (2020-09-02 17:32:34) ATTACK: *no key*/(Bam Bam) has suffered: Compound Fracture to chest | Damage: 12(rolled 32/32.423) (Unexplored Location (56, 210, 4))
 - (2020-09-02 17:32:43) ATTACK: *no key*/(Bam Bam) has suffered: Disembowelment (Unexplored Location (56, 210, 4))
 - (2020-09-02 17:33:04) ATTACK: *no key*/(Bam Bam) has suffered: Catastrophic Burns to chest | Damage: 10.8(rolled 4/27.9765) (Unexplored Location (56, 210, 4))
 - (2020-09-02 17:33:10) ATTACK: *no key*/(Bam Bam) has suffered: Weeping Avulsion to chest | Damage: 5.85(rolled 10/11.8582) (Unexplored Location (56, 210, 4))
[2020-09-02 20:43:29.763] Logs from logging subsystem:
 - (2020-09-02 17:33:38) ATTACK: *no key*/(Tickle) has suffered: Third Degree Burns to chest | Damage: 10.8(rolled 25/27.9765) (Unexplored Location (58, 207, 4))
 - (2020-09-02 17:33:42) ATTACK: *no key*/(Bam Bam) has suffered: Second Degree Burns to left leg | Damage: 10.8(rolled 26/27.9765) (Unexplored Location (56, 210, 4))
 - (2020-09-02 17:33:54) ATTACK: *no key*/(Bam Bam) has suffered: Second Degree Burns to right arm | Damage: 10.8(rolled 27/27.9765) (Unexplored Location (56, 210, 4))
 - (2020-09-02 17:34:05) ATTACK: *no key*/(Knicknack) has suffered: Second Degree Burns to left leg | Damage: 10.8(rolled 27/27.9765) (Unexplored Location (55, 208, 4))
 - (2020-09-02 17:34:51) ATTACK: *no key*/(Tickle) has suffered: Second Degree Burns to right foot | Damage: 10.8(rolled 27/27.9765) (Unexplored Location (58, 207, 4))
 - (2020-09-02 17:35:46) ATTACK: Bob Joga/(Pedro Ilurdoz) has kicks [display case] (Captain's Office (125, 130, 2))
 - (2020-09-02 17:35:49) ATTACK: Bob Joga/(Pedro Ilurdoz) has kicks [display case] (Captain's Office (125, 130, 2))
 - (2020-09-02 17:36:04) ATTACK: *no key*/(Bam Bam) has suffered: Second Degree Burns to left hand | Damage: 10.8(rolled 27/27.9765) (Unexplored Location (56, 210, 4))
 - (2020-09-02 17:37:12) ATTACK: Bob Joga/(Pedro Ilurdoz) has kicks [display case] (Captain's Office (125, 129, 2))
 - (2020-09-02 17:37:18) ATTACK: Bob Joga/(Pedro Ilurdoz) has kicks [display case] (Captain's Office (125, 130, 2))
 - (2020-09-02 17:37:22) ATTACK: *no key*/(Bam Bam) has suffered: Second Degree Burns to right foot | Damage: 10.8(rolled 27/27.9765) (Unexplored Location (56, 210, 4))
 - (2020-09-02 17:37:53) ATTACK: Bob Joga/(Pedro Ilurdoz) has kicks [display case] (Captain's Office (125, 130, 2))
 - (2020-09-02 17:38:36) ATTACK: Bob Joga/(Pedro Ilurdoz) has fired at [floor] with [deluxe hellfire laser] from Bridge (Bridge (113, 135, 2))
 - (2020-09-02 17:38:36) ATTACK: Bob Joga/(Pedro Ilurdoz) has shot *no key*/(Curt Boafo) with [deluxe hellfire laser] (NEWHP: 100)  (Bridge (113, 135, 2))
 - (2020-09-02 17:38:37) ATTACK: Bob Joga/(Pedro Ilurdoz) has fired at [floor] with [deluxe hellfire laser] from Bridge (Bridge (113, 135, 2))
 - (2020-09-02 17:38:37) ATTACK: *no key*/(Curt Boafo) has suffered: Second Degree Burns to chest | Damage: 25(rolled 44/90.5975) | WB: 15 | BWB: 10 (Bridge (111, 135, 2))
 - (2020-09-02 17:38:37) ATTACK: Bob Joga/(Pedro Ilurdoz) has shot *no key*/(Curt Boafo) with [deluxe hellfire laser] (NEWHP: 100)  (Bridge (113, 135, 2))
 - (2020-09-02 17:38:37) ATTACK: Bob Joga/(Pedro Ilurdoz) has fired at [floor] with [deluxe hellfire laser] from Bridge (Bridge (113, 135, 2))
 - (2020-09-02 17:38:37) ATTACK: *no key*/(Curt Boafo) has suffered: Third Degree Burns to left hand | Damage: 25(rolled 71/90.5975) | WB: 15 | BWB: 10 (Bridge (111, 135, 2))
 - (2020-09-02 17:38:37) ATTACK: Bob Joga/(Pedro Ilurdoz) has shot *no key*/(Curt Boafo) with [deluxe hellfire laser] (NEWHP: 100)  (Bridge (113, 135, 2))
 - (2020-09-02 17:38:38) ATTACK: Bob Joga/(Pedro Ilurdoz) has fired at [floor] with [deluxe hellfire laser] from Bridge (Bridge (113, 135, 2))
 - (2020-09-02 17:38:38) ATTACK: *no key*/(Curt Boafo) has suffered: Catastrophic Burns to chest | Damage: 27.5(rolled 89/103.53) | WB: 15 | BWB: 10 (Bridge (111, 135, 2))
 - (2020-09-02 17:38:38) ATTACK: Bob Joga/(Pedro Ilurdoz) has shot *no key*/(Curt Boafo) with [deluxe hellfire laser] (NEWHP: 100)  (Bridge (113, 135, 2))
 - (2020-09-02 17:39:03) ATTACK: *no key*/(Knicknack) has suffered: Second Degree Burns to right arm | Damage: 10.8(rolled 26/27.9765) (Unexplored Location (55, 208, 4))
 - (2020-09-02 17:39:28) ATTACK: Bob Joga/(Pedro Ilurdoz) has fired at *no key*/(Curt Boafo) with [deluxe hellfire disabler beam] from Bridge (NEWHP: 100)  (Bridge (113, 135, 2))
 - (2020-09-02 17:39:28) ATTACK: Bob Joga/(Pedro Ilurdoz) has shot *no key*/(Curt Boafo) with [deluxe hellfire disabler beam] (NEWHP: 100)  (Bridge (113, 135, 2))
 - (2020-09-02 17:39:50) ATTACK: Bob Joga/(Pedro Ilurdoz) has fired at *no key*/(Curt Boafo) with [deluxe hellfire laser] from Bridge (NEWHP: 100)  (Bridge (113, 135, 2))
 - (2020-09-02 17:39:50) ATTACK: *no key*/(Curt Boafo) has suffered: Third Degree Burns to head | Damage: 25(rolled 73/90.5975) | WB: 15 | BWB: 10 (Bridge (111, 135, 2))
 - (2020-09-02 17:39:50) ATTACK: Bob Joga/(Pedro Ilurdoz) has shot *no key*/(Curt Boafo) with [deluxe hellfire laser] (NEWHP: 100)  (Bridge (113, 135, 2))
 - (2020-09-02 17:39:50) ATTACK: Bob Joga/(Pedro Ilurdoz) has fired at *no key*/(Curt Boafo) with [deluxe hellfire laser] from Bridge (NEWHP: 100)  (Bridge (113, 135, 2))
 - (2020-09-02 17:39:50) ATTACK: *no key*/(Curt Boafo) has suffered: Catastrophic Burns to head | Damage: 30(rolled 99/116.942) | WB: 15 | BWB: 10 (Bridge (111, 135, 2))
 - (2020-09-02 17:39:50) ATTACK: Bob Joga/(Pedro Ilurdoz) has shot *no key*/(Curt Boafo) with [deluxe hellfire laser] (NEWHP: 100)  (Bridge (113, 135, 2))
 - (2020-09-02 17:39:50) ATTACK: Bob Joga/(Pedro Ilurdoz) has fired at *no key*/(Curt Boafo) with [deluxe hellfire laser] from Bridge (NEWHP: 100)  (Bridge (113, 135, 2))
 - (2020-09-02 17:39:50) ATTACK: Bob Joga/(Pedro Ilurdoz) has shot *no key*/(Curt Boafo) with [deluxe hellfire laser] (NEWHP: 100)  (Bridge (113, 135, 2))
 - (2020-09-02 17:39:51) ATTACK: Bob Joga/(Pedro Ilurdoz) has fired at *no key*/(Curt Boafo) with [deluxe hellfire laser] from Bridge (NEWHP: 100)  (Bridge (113, 135, 2))
 - (2020-09-02 17:39:51) ATTACK: *no key*/(Curt Boafo) has suffered: Catastrophic Burns to left hand | Damage: 30(rolled 83/116.942) | WB: 15 | BWB: 10 (Bridge (111, 135, 2))
 - (2020-09-02 17:39:51) ATTACK: Bob Joga/(Pedro Ilurdoz) has shot *no key*/(Curt Boafo) with [deluxe hellfire laser] (NEWHP: 100)  (Bridge (113, 135, 2))
 - (2020-09-02 17:40:05) ATTACK: Bob Joga/(Pedro Ilurdoz) has fired at [floor] with [deluxe hellfire laser] from Bridge (Bridge (113, 136, 2))
 - (2020-09-02 17:40:05) ATTACK: Bob Joga/(Pedro Ilurdoz) has fired at *no key*/(Curt Boafo) with [deluxe hellfire laser] from Bridge (NEWHP: 100)  (Bridge (113, 136, 2))
 - (2020-09-02 17:40:05) ATTACK: *no key*/(Curt Boafo) has suffered: Second Degree Burns to left arm | Damage: 25(rolled 18/90.5975) | WB: 15 | BWB: 10 (Bridge (111, 135, 2))
 - (2020-09-02 17:40:05) ATTACK: Bob Joga/(Pedro Ilurdoz) has shot *no key*/(Curt Boafo) with [deluxe hellfire laser] (NEWHP: 100)  (Bridge (113, 136, 2))
 - (2020-09-02 17:40:06) ATTACK: Bob Joga/(Pedro Ilurdoz) has fired at *no key*/(Curt Boafo) with [deluxe hellfire laser] from Bridge (NEWHP: 100)  (Bridge (113, 136, 2))
 - (2020-09-02 17:40:06) ATTACK: *no key*/(Curt Boafo) has suffered: Second Degree Burns to right arm | Damage: 25(rolled 52/90.5975) | WB: 15 | BWB: 10 (Bridge (111, 135, 2))
 - (2020-09-02 17:40:06) ATTACK: Bob Joga/(Pedro Ilurdoz) has shot *no key*/(Curt Boafo) with [deluxe hellfire laser] (NEWHP: 100)  (Bridge (113, 136, 2))
 - (2020-09-02 17:40:06) ATTACK: Bob Joga/(Pedro Ilurdoz) has fired at *no key*/(Curt Boafo) with [deluxe hellfire laser] from Bridge (NEWHP: 100)  (Bridge (113, 136, 2))
 - (2020-09-02 17:40:06) ATTACK: *no key*/(Curt Boafo) has suffered: Third Degree Burns to left arm | Damage: 27.5(rolled 46/103.53) | WB: 15 | BWB: 10 (Bridge (111, 135, 2))
 - (2020-09-02 17:40:06) ATTACK: Bob Joga/(Pedro Ilurdoz) has shot *no key*/(Curt Boafo) with [deluxe hellfire laser] (NEWHP: 100)  (Bridge (113, 136, 2))
 - (2020-09-02 17:40:07) ATTACK: Bob Joga/(Pedro Ilurdoz) has fired at *no key*/(Curt Boafo) with [deluxe hellfire laser] from Bridge (NEWHP: 100)  (Bridge (113, 136, 2))
 - (2020-09-02 17:40:07) ATTACK: Bob Joga/(Pedro Ilurdoz) has shot *no key*/(Curt Boafo) with [deluxe hellfire laser] (NEWHP: 100)  (Bridge (113, 136, 2))
 - (2020-09-02 17:40:07) ATTACK: Bob Joga/(Pedro Ilurdoz) has fired at *no key*/(Curt Boafo) with [deluxe hellfire laser] from Bridge (NEWHP: 100)  (Bridge (113, 136, 2))
 - (2020-09-02 17:40:07) ATTACK: *no key*/(Curt Boafo) has suffered: Third Degree Burns to right arm | Damage: 27.5(rolled 33/103.53) | WB: 15 | BWB: 10 (Bridge (111, 135, 2))
 - (2020-09-02 17:40:07) ATTACK: Bob Joga/(Pedro Ilurdoz) has shot *no key*/(Curt Boafo) with [deluxe hellfire laser] (NEWHP: 100)  (Bridge (113, 136, 2))
 - (2020-09-02 17:40:08) ATTACK: Bob Joga/(Pedro Ilurdoz) has fired at *no key*/(Curt Boafo) with [deluxe hellfire laser] from Bridge (NEWHP: 100)  (Bridge (113, 136, 2))
 - (2020-09-02 17:40:08) ATTACK: Bob Joga/(Pedro Ilurdoz) has shot *no key*/(Curt Boafo) with [deluxe hellfire laser] (NEWHP: 100)  (Bridge (113, 136, 2))
 - (2020-09-02 17:40:15) ATTACK: *no key*/(Knicknack) has suffered: Second Degree Burns to left hand | Damage: 10.8(rolled 26/27.9765) (Unexplored Location (55, 208, 4))
 - (2020-09-02 17:40:16) ATTACK: Bob Joga/(Pedro Ilurdoz) has fired at *no key*/(Curt Boafo) with [deluxe hellfire laser] from Bridge (NEWHP: 100)  (Bridge (113, 136, 2))
 - (2020-09-02 17:40:16) ATTACK: Bob Joga/(Pedro Ilurdoz) has shot *no key*/(Curt Boafo) with [deluxe hellfire laser] (NEWHP: 100)  (Bridge (113, 136, 2))
 - (2020-09-02 17:40:16) ATTACK: Bob Joga/(Pedro Ilurdoz) has fired at *no key*/(Curt Boafo) with [deluxe hellfire laser] from Bridge (NEWHP: 100)  (Bridge (113, 136, 2))
 - (2020-09-02 17:40:17) ATTACK: *no key*/(Curt Boafo) has suffered: Catastrophic Burns to left arm | Damage: 30(rolled 106/116.942) | WB: 15 | BWB: 10 (Bridge (111, 135, 2))
 - (2020-09-02 17:40:17) ATTACK: Bob Joga/(Pedro Ilurdoz) has shot *no key*/(Curt Boafo) with [deluxe hellfire laser] (NEWHP: 100)  (Bridge (113, 136, 2))
 - (2020-09-02 17:40:20) ATTACK: Bob Joga/(Pedro Ilurdoz) has fired at *no key*/(Curt Boafo) with [deluxe hellfire laser] from Bridge (NEWHP: 100)  (Bridge (113, 136, 2))
 - (2020-09-02 17:40:20) ATTACK: Bob Joga/(Pedro Ilurdoz) has shot *no key*/(Curt Boafo) with [deluxe hellfire laser] (NEWHP: 100)  (Bridge (113, 136, 2))
 - (2020-09-02 17:40:21) ATTACK: Bob Joga/(Pedro Ilurdoz) has fired at *no key*/(Curt Boafo) with [deluxe hellfire laser] from Bridge (NEWHP: 100)  (Bridge (113, 136, 2))
 - (2020-09-02 17:40:21) ATTACK: Bob Joga/(Pedro Ilurdoz) has shot *no key*/(Curt Boafo) with [deluxe hellfire laser] (NEWHP: 100)  (Bridge (113, 136, 2))
 - (2020-09-02 17:40:21) ATTACK: Bob Joga/(Pedro Ilurdoz) has fired at *no key*/(Curt Boafo) with [deluxe hellfire laser] from Bridge (NEWHP: 100)  (Bridge (113, 136, 2))
 - (2020-09-02 17:40:21) ATTACK: Bob Joga/(Pedro Ilurdoz) has shot *no key*/(Curt Boafo) with [deluxe hellfire laser] (NEWHP: 100)  (Bridge (113, 136, 2))
 - (2020-09-02 17:40:22) ATTACK: Bob Joga/(Pedro Ilurdoz) has fired at *no key*/(Curt Boafo) with [deluxe hellfire laser] from Bridge (NEWHP: 100)  (Bridge (113, 136, 2))
 - (2020-09-02 17:40:22) ATTACK: Bob Joga/(Pedro Ilurdoz) has shot *no key*/(Curt Boafo) with [deluxe hellfire laser] (NEWHP: 100)  (Bridge (113, 136, 2))
 - (2020-09-02 17:41:05) ATTACK: Bob Joga/(Pedro Ilurdoz) has fired at *no key*/(Curt Boafo) with [deluxe hellfire laser] from Bridge (NEWHP: 100)  (Bridge (113, 136, 2))
 - (2020-09-02 17:41:05) ATTACK: *no key*/(Curt Boafo) has suffered: Third Degree Burns to right hand | Damage: 25(rolled 57/90.5975) | WB: 15 | BWB: 10 (Bridge (111, 135, 2))
 - (2020-09-02 17:41:05) ATTACK: Bob Joga/(Pedro Ilurdoz) has shot *no key*/(Curt Boafo) with [deluxe hellfire laser] (NEWHP: 100)  (Bridge (113, 136, 2))
 - (2020-09-02 17:41:06) ATTACK: Bob Joga/(Pedro Ilurdoz) has fired at *no key*/(Curt Boafo) with [deluxe hellfire laser] from Bridge (NEWHP: 100)  (Bridge (113, 136, 2))
 - (2020-09-02 17:41:06) ATTACK: *no key*/(Curt Boafo) has suffered: Third Degree Burns to left leg | Damage: 25(rolled 78/90.5975) | WB: 15 | BWB: 10 (Bridge (111, 135, 2))
 - (2020-09-02 17:41:06) ATTACK: Bob Joga/(Pedro Ilurdoz) has shot *no key*/(Curt Boafo) with [deluxe hellfire laser] (NEWHP: 100)  (Bridge (113, 136, 2))
 - (2020-09-02 17:41:08) ATTACK: Bob Joga/(Pedro Ilurdoz) has fired at *no key*/(Curt Boafo) with [deluxe hellfire laser] from Bridge (NEWHP: 100)  (Bridge (113, 136, 2))
 - (2020-09-02 17:41:08) ATTACK: *no key*/(Curt Boafo) has suffered: Catastrophic Burns to right arm | Damage: 30(rolled 82/116.942) | WB: 15 | BWB: 10 (Bridge (111, 135, 2))
 - (2020-09-02 17:41:08) ATTACK: Bob Joga/(Pedro Ilurdoz) has shot *no key*/(Curt Boafo) with [deluxe hellfire laser] (NEWHP: 100)  (Bridge (113, 136, 2))
 - (2020-09-02 17:41:09) ATTACK: Bob Joga/(Pedro Ilurdoz) has fired at *no key*/(Curt Boafo) with [deluxe hellfire laser] from Bridge (NEWHP: 100)  (Bridge (113, 136, 2))
 - (2020-09-02 17:41:09) ATTACK: Bob Joga/(Pedro Ilurdoz) has shot *no key*/(Curt Boafo) with [deluxe hellfire laser] (NEWHP: 100)  (Bridge (113, 136, 2))
 - (2020-09-02 17:41:09) ATTACK: Bob Joga/(Pedro Ilurdoz) has fired at *no key*/(Curt Boafo) with [deluxe hellfire laser] from Bridge (NEWHP: 100)  (Bridge (113, 136, 2))
 - (2020-09-02 17:41:09) ATTACK: Bob Joga/(Pedro Ilurdoz) has shot *no key*/(Curt Boafo) with [deluxe hellfire laser] (NEWHP: 100)  (Bridge (113, 136, 2))
 - (2020-09-02 17:41:10) ATTACK: Bob Joga/(Pedro Ilurdoz) has fired at *no key*/(Curt Boafo) with [deluxe hellfire laser] from Bridge (NEWHP: 100)  (Bridge (113, 136, 2))
 - (2020-09-02 17:41:10) ATTACK: Bob Joga/(Pedro Ilurdoz) has shot *no key*/(Curt Boafo) with [deluxe hellfire laser] (NEWHP: 100)  (Bridge (113, 136, 2))
 - (2020-09-02 17:41:21) ATTACK: Bob Joga/(Pedro Ilurdoz) has fired at *no key*/(Curt Boafo) with [deluxe hellfire laser] from Bridge (NEWHP: 100)  (Bridge (110, 137, 2))
 - (2020-09-02 17:41:21) ATTACK: *no key*/(Curt Boafo) has suffered: Second Degree Burns to groin | Damage: 25(rolled 42/90.5975) | WB: 15 | BWB: 10 (Bridge (111, 135, 2))
 - (2020-09-02 17:41:21) ATTACK: Bob Joga/(Pedro Ilurdoz) has shot *no key*/(Curt Boafo) with [deluxe hellfire laser] (NEWHP: 100)  (Bridge (110, 137, 2))
 - (2020-09-02 17:41:22) ATTACK: Bob Joga/(Pedro Ilurdoz) has fired at *no key*/(Curt Boafo) with [deluxe hellfire laser] from Bridge (NEWHP: 100)  (Bridge (110, 137, 2))
 - (2020-09-02 17:41:22) ATTACK: *no key*/(Curt Boafo) has suffered: Third Degree Burns to groin | Damage: 27.5(rolled 42/103.53) | WB: 15 | BWB: 10 (Bridge (111, 135, 2))
 - (2020-09-02 17:41:22) ATTACK: Bob Joga/(Pedro Ilurdoz) has shot *no key*/(Curt Boafo) with [deluxe hellfire laser] (NEWHP: 100)  (Bridge (110, 137, 2))
 - (2020-09-02 17:41:23) ATTACK: Bob Joga/(Pedro Ilurdoz) has fired at *no key*/(Curt Boafo) with [deluxe hellfire laser] from Bridge (NEWHP: 100)  (Bridge (110, 137, 2))
 - (2020-09-02 17:41:24) ATTACK: *no key*/(Curt Boafo) has suffered: Catastrophic Burns to groin | Damage: 30(rolled 83/116.942) | WB: 15 | BWB: 10 (Bridge (111, 135, 2))
 - (2020-09-02 17:41:24) ATTACK: Bob Joga/(Pedro Ilurdoz) has shot *no key*/(Curt Boafo) with [deluxe hellfire laser] (NEWHP: 100)  (Bridge (110, 137, 2))
 - (2020-09-02 17:41:28) ATTACK: Bob Joga/(Pedro Ilurdoz) has fired at *no key*/(Curt Boafo) with [deluxe hellfire laser] from Bridge (NEWHP: 100)  (Bridge (110, 137, 2))
 - (2020-09-02 17:41:28) ATTACK: *no key*/(Curt Boafo) has suffered: Second Degree Burns to right leg | Damage: 25(rolled 48/90.5975) | WB: 15 | BWB: 10 (Bridge (111, 135, 2))
 - (2020-09-02 17:41:28) ATTACK: Bob Joga/(Pedro Ilurdoz) has shot *no key*/(Curt Boafo) with [deluxe hellfire laser] (NEWHP: 100)  (Bridge (110, 137, 2))
 - (2020-09-02 17:41:30) ATTACK: *no key*/(Knicknack) has suffered: Second Degree Burns to right foot | Damage: 10.8(rolled 27/27.9765) (Unexplored Location (55, 208, 4))
 - (2020-09-02 17:41:47) ATTACK: Bob Joga/(Pedro Ilurdoz) <font color='red'>has turned ON the combat indicator!</font> (Bridge (109, 135, 2))
 - (2020-09-02 17:41:49) ATTACK: Bob Joga/(Pedro Ilurdoz) has fired at *no key*/(Curt Boafo) with [deluxe hellfire laser] from Bridge (NEWHP: 100)  (Bridge (109, 135, 2))
 - (2020-09-02 17:41:49) ATTACK: *no key*/(Curt Boafo) has suffered: Third Degree Burns to right leg | Damage: 27.5(rolled 66/103.53) | WB: 15 | BWB: 10 (Bridge (111, 135, 2))
 - (2020-09-02 17:41:49) ATTACK: Bob Joga/(Pedro Ilurdoz) has shot *no key*/(Curt Boafo) with [deluxe hellfire laser] (NEWHP: 100)  (Bridge (109, 135, 2))
 - (2020-09-02 17:41:50) ATTACK: Bob Joga/(Pedro Ilurdoz) <font color='blue'>has turned OFF the combat indicator!</font> (Bridge (109, 135, 2))
 - (2020-09-02 17:42:40) ATTACK: Bob Joga/(Pedro Ilurdoz) has fired at *no key*/(Curt Boafo) with [deluxe hellfire laser] from Bridge (NEWHP: 100)  (Bridge (111, 136, 2))
 - (2020-09-02 17:42:40) ATTACK: Bob Joga/(Pedro Ilurdoz) has shot *no key*/(Curt Boafo) with [deluxe hellfire laser] (NEWHP: 100)  (Bridge (111, 136, 2))
 - (2020-09-02 17:42:41) ATTACK: Bob Joga/(Pedro Ilurdoz) has fired at *no key*/(Curt Boafo) with [deluxe hellfire laser] from Bridge (NEWHP: 100)  (Bridge (111, 136, 2))
 - (2020-09-02 17:42:41) ATTACK: Bob Joga/(Pedro Ilurdoz) has shot *no key*/(Curt Boafo) with [deluxe hellfire laser] (NEWHP: 100)  (Bridge (111, 136, 2))
 - (2020-09-02 17:42:42) ATTACK: Bob Joga/(Pedro Ilurdoz) has fired at *no key*/(Curt Boafo) with [deluxe hellfire laser] from Bridge (NEWHP: 100)  (Bridge (111, 136, 2))
 - (2020-09-02 17:42:42) ATTACK: Bob Joga/(Pedro Ilurdoz) has shot *no key*/(Curt Boafo) with [deluxe hellfire laser] (NEWHP: 100)  (Bridge (111, 136, 2))
 - (2020-09-02 17:42:46) ATTACK: Bob Joga/(Pedro Ilurdoz) has fired at *no key*/(Curt Boafo) with [deluxe hellfire laser] from Bridge (NEWHP: 100)  (Bridge (111, 136, 2))
 - (2020-09-02 17:42:46) ATTACK: *no key*/(Curt Boafo) has suffered: Catastrophic Burns to right hand | Damage: 30(rolled 108/116.942) | WB: 15 | BWB: 10 (Bridge (111, 135, 2))
 - (2020-09-02 17:42:46) ATTACK: Bob Joga/(Pedro Ilurdoz) has shot *no key*/(Curt Boafo) with [deluxe hellfire laser] (NEWHP: 100)  (Bridge (111, 136, 2))
 - (2020-09-02 17:42:51) ATTACK: Bob Joga/(Pedro Ilurdoz) has fired at *no key*/(Curt Boafo) with [deluxe hellfire laser] from Bridge (NEWHP: 100)  (Bridge (111, 136, 2))
 - (2020-09-02 17:42:51) ATTACK: Bob Joga/(Pedro Ilurdoz) has shot *no key*/(Curt Boafo) with [deluxe hellfire laser] (NEWHP: 100)  (Bridge (111, 136, 2))
 - (2020-09-02 17:42:53) ATTACK: Bob Joga/(Pedro Ilurdoz) has fired at *no key*/(Curt Boafo) with [deluxe hellfire laser] from Bridge (NEWHP: 100)  (Bridge (111, 136, 2))
 - (2020-09-02 17:42:53) ATTACK: *no key*/(Curt Boafo) has suffered: Catastrophic Burns to right leg | Damage: 30(rolled 78/116.942) | WB: 15 | BWB: 10 (Bridge (111, 135, 2))
 - (2020-09-02 17:42:53) ATTACK: Bob Joga/(Pedro Ilurdoz) has shot *no key*/(Curt Boafo) with [deluxe hellfire laser] (NEWHP: 100)  (Bridge (111, 136, 2))
 - (2020-09-02 17:42:56) ATTACK: Bob Joga/(Pedro Ilurdoz) has fired at *no key*/(Curt Boafo) with [deluxe hellfire laser] from Bridge (NEWHP: 100)  (Bridge (111, 136, 2))
 - (2020-09-02 17:42:56) ATTACK: Bob Joga/(Pedro Ilurdoz) has shot *no key*/(Curt Boafo) with [deluxe hellfire laser] (NEWHP: 100)  (Bridge (111, 136, 2))
 - (2020-09-02 17:42:57) ATTACK: Bob Joga/(Pedro Ilurdoz) has fired at *no key*/(Curt Boafo) with [deluxe hellfire laser] from Bridge (NEWHP: 100)  (Bridge (111, 136, 2))
 - (2020-09-02 17:42:57) ATTACK: *no key*/(Curt Boafo) has suffered: Second Degree Burns to right foot | Damage: 25(rolled 29/90.5975) | WB: 15 | BWB: 10 (Bridge (111, 135, 2))
 - (2020-09-02 17:42:57) ATTACK: Bob Joga/(Pedro Ilurdoz) has shot *no key*/(Curt Boafo) with [deluxe hellfire laser] (NEWHP: 100)  (Bridge (111, 136, 2))
 - (2020-09-02 17:42:58) ATTACK: Bob Joga/(Pedro Ilurdoz) has fired at *no key*/(Curt Boafo) with [deluxe hellfire laser] from Bridge (NEWHP: 100)  (Bridge (111, 136, 2))
 - (2020-09-02 17:42:58) ATTACK: *no key*/(Curt Boafo) has suffered: Third Degree Burns to right foot | Damage: 27.5(rolled 20/103.53) | WB: 15 | BWB: 10 (Bridge (111, 135, 2))
 - (2020-09-02 17:42:58) ATTACK: Bob Joga/(Pedro Ilurdoz) has shot *no key*/(Curt Boafo) with [deluxe hellfire laser] (NEWHP: 100)  (Bridge (111, 136, 2))
 - (2020-09-02 17:43:02) ATTACK: Bob Joga/(Pedro Ilurdoz) has fired at *no key*/(Curt Boafo) with [deluxe hellfire laser] from Bridge (NEWHP: 100)  (Bridge (111, 136, 2))
 - (2020-09-02 17:43:02) ATTACK: Bob Joga/(Pedro Ilurdoz) has shot *no key*/(Curt Boafo) with [deluxe hellfire laser] (NEWHP: 100)  (Bridge (111, 136, 2))
 - (2020-09-02 17:43:02) ATTACK: Bob Joga/(Pedro Ilurdoz) has fired at *no key*/(Curt Boafo) with [deluxe hellfire laser] from Bridge (NEWHP: 100)  (Bridge (111, 136, 2))
 - (2020-09-02 17:43:02) ATTACK: Bob Joga/(Pedro Ilurdoz) has shot *no key*/(Curt Boafo) with [deluxe hellfire laser] (NEWHP: 100)  (Bridge (111, 136, 2))
 - (2020-09-02 17:43:03) ATTACK: Bob Joga/(Pedro Ilurdoz) has fired at *no key*/(Curt Boafo) with [deluxe hellfire laser] from Bridge (NEWHP: 100)  (Bridge (111, 136, 2))
 - (2020-09-02 17:43:03) ATTACK: Bob Joga/(Pedro Ilurdoz) has shot *no key*/(Curt Boafo) with [deluxe hellfire laser] (NEWHP: 100)  (Bridge (111, 136, 2))
 - (2020-09-02 17:43:05) ATTACK: Bob Joga/(Pedro Ilurdoz) has fired at *no key*/(Curt Boafo) with [deluxe hellfire laser] from Bridge (NEWHP: 100)  (Bridge (111, 136, 2))
 - (2020-09-02 17:43:05) ATTACK: *no key*/(Curt Boafo) has suffered: Catastrophic Burns to left leg | Damage: 30(rolled 94/116.942) | WB: 15 | BWB: 10 (Bridge (111, 135, 2))
 - (2020-09-02 17:43:05) ATTACK: Bob Joga/(Pedro Ilurdoz) has shot *no key*/(Curt Boafo) with [deluxe hellfire laser] (NEWHP: 100)  (Bridge (111, 136, 2))
 - (2020-09-02 17:43:08) ATTACK: Bob Joga/(Pedro Ilurdoz) has fired at *no key*/(Curt Boafo) with [deluxe hellfire laser] from Bridge (NEWHP: 100)  (Bridge (111, 136, 2))
 - (2020-09-02 17:43:08) ATTACK: Bob Joga/(Pedro Ilurdoz) has shot *no key*/(Curt Boafo) with [deluxe hellfire laser] (NEWHP: 100)  (Bridge (111, 136, 2))
 - (2020-09-02 17:43:09) ATTACK: Bob Joga/(Pedro Ilurdoz) has fired at *no key*/(Curt Boafo) with [deluxe hellfire laser] from Bridge (NEWHP: 100)  (Bridge (111, 136, 2))
 - (2020-09-02 17:43:09) ATTACK: *no key*/(Curt Boafo) has suffered: Second Degree Burns to left foot | Damage: 25(rolled 28/90.5975) | WB: 15 | BWB: 10 (Bridge (111, 135, 2))
 - (2020-09-02 17:43:09) ATTACK: Bob Joga/(Pedro Ilurdoz) has shot *no key*/(Curt Boafo) with [deluxe hellfire laser] (NEWHP: 100)  (Bridge (111, 136, 2))
 - (2020-09-02 17:43:17) ATTACK: Bob Joga/(Pedro Ilurdoz) has fired at *no key*/(Curt Boafo) with [deluxe hellfire laser] from Bridge (NEWHP: 100)  (Bridge (111, 136, 2))
 - (2020-09-02 17:43:17) ATTACK: *no key*/(Curt Boafo) has suffered: Third Degree Burns to left foot | Damage: 27.5(rolled 32/103.53) | WB: 15 | BWB: 10 (Bridge (111, 135, 2))
 - (2020-09-02 17:43:17) ATTACK: Bob Joga/(Pedro Ilurdoz) has shot *no key*/(Curt Boafo) with [deluxe hellfire laser] (NEWHP: 100)  (Bridge (111, 136, 2))
