[2020-09-02 20:20:18.980] Starting up round ID .
 - -------------------------
[2020-09-02 20:20:25.619] INIT: Initialized Profiler subsystem within 0 seconds!
[2020-09-02 20:20:25.768] Fail2Topic: Failed to drop firewall rule. Exit code: 1.
[2020-09-02 20:20:25.768] INIT: Initialized Fail2Topic subsystem within 0.1 seconds!
[2020-09-02 20:20:25.770] INIT: Initialized Title Screen subsystem within 0 seconds!
[2020-09-02 20:20:25.770] INIT: Initialized Database subsystem within 0 seconds!
[2020-09-02 20:20:25.770] INIT: Initialized Blackbox subsystem within 0 seconds!
[2020-09-02 20:20:25.771] INIT: Initialized Server Tasks subsystem within 0 seconds!
[2020-09-02 20:20:25.773] INIT: Initialized Input subsystem within 0 seconds!
[2020-09-02 20:20:25.774] INIT: Initialized Sounds subsystem within 0 seconds!
[2020-09-02 20:20:25.775] INIT: Initialized Vis contents overlays subsystem within 0 seconds!
[2020-09-02 20:20:25.832] INIT: Initialized Research subsystem within 0.1 seconds!
[2020-09-02 20:20:25.835] INIT: Initialized Events subsystem within 0 seconds!
[2020-09-02 20:20:25.842] INIT: Initialized Jobs subsystem within 0 seconds!
[2020-09-02 20:20:25.848] INIT: Initialized Quirks subsystem within 0 seconds!
[2020-09-02 20:20:25.856] INIT: Initialized Ticker subsystem within 0 seconds!
[2020-09-02 20:20:25.868] INIT: Initialized Instruments subsystem within 0 seconds!
[2020-09-02 20:20:44.693] INIT: Initialized Mapping subsystem within 18.8 seconds!
[2020-09-02 20:20:44.706] INIT: Initialized Economy subsystem within 0 seconds!
[2020-09-02 20:20:44.707] INIT: Initialized Networks subsystem within 0 seconds!
[2020-09-02 20:20:44.707] INIT: Initialized Holodeck subsystem within 0 seconds!
[2020-09-02 20:21:18.618] INIT: Initialized Atoms subsystem within 33.9 seconds!
[2020-09-02 20:21:18.649] INIT: Initialized Language subsystem within 0 seconds!
[2020-09-02 20:21:18.800] INIT: Initialized Machines subsystem within 0.2 seconds!
[2020-09-02 20:21:18.836] INIT: Initialized Circuit subsystem within 0 seconds!
[2020-09-02 20:21:20.421] INIT: Initialized Atmos Adjacency subsystem within 1.6 seconds!
[2020-09-02 20:21:20.421] INIT: Initialized Autotransfer Vote subsystem within 0 seconds!
[2020-09-02 20:21:20.421] INIT: Initialized Chemistry subsystem within 0 seconds!
[2020-09-02 20:21:20.421] INIT: Initialized Status Effects subsystem within 0 seconds!
[2020-09-02 20:21:20.422] INIT: Initialized Weather subsystem within 0 seconds!
[2020-09-02 20:21:20.425] INIT: Initialized Disease subsystem within 0 seconds!
[2020-09-02 20:21:20.426] INIT: Initialized Jukeboxes subsystem within 0 seconds!
[2020-09-02 20:21:20.426] INIT: Initialized Medals subsystem within 0 seconds!
[2020-09-02 20:21:20.723] INIT: Initialized Minimaps subsystem within 0.3 seconds!
[2020-09-02 20:21:20.781] INIT: Initialized Night Shift subsystem within 0 seconds!
[2020-09-02 20:21:20.781] INIT: Initialized Parallax subsystem within 0 seconds!
[2020-09-02 20:21:20.781] INIT: Initialized Sun subsystem within 0 seconds!
[2020-09-02 20:21:21.031] INIT: Initialized Traumas subsystem within 0.3 seconds!
[2020-09-02 20:21:21.072] INIT: Initialized Bluespace Locker subsystem within 0 seconds!
[2020-09-02 20:21:21.103] INIT: Initialized Pacification Bans subsystem within 0 seconds!
[2020-09-02 20:21:21.103] INIT: Initialized Logging subsystem within 0 seconds!
[2020-09-02 20:21:21.103] INIT: Initialized Recycling subsystem within 0 seconds!
[2020-09-02 20:21:27.318] INIT: Initialized Atmospherics subsystem within 6.2 seconds!
[2020-09-02 20:21:27.318] INIT: Initialized Atmospherics - Turfs subsystem within 0 seconds!
[2020-09-02 20:21:30.352] INIT: Initialized Assets subsystem within 3 seconds!
[2020-09-02 20:21:36.552] INIT: Initialized Icon Smoothing subsystem within 6.2 seconds!
[2020-09-02 20:21:37.819] INIT: Initialized Overlay subsystem within 1.3 seconds!
[2020-09-02 20:21:37.820] INIT: Initialized XKeyScore subsystem within 0 seconds!
[2020-09-02 20:21:37.820] INIT: Initialized Sticky Ban subsystem within 0 seconds!
[2020-09-02 20:21:46.213] INIT: Initialized Lighting subsystem within 8.4 seconds!
[2020-09-02 20:21:50.277] INIT: Initialized Shuttle subsystem within 4 seconds!
[2020-09-02 20:21:50.323] INIT: Initialized Minor Mapping subsystem within 0.1 seconds!
[2020-09-02 20:21:50.324] INIT: Initialized Pathfinder subsystem within 0 seconds!
[2020-09-02 20:21:50.355] INIT: Initialized Persistence subsystem within 0 seconds!
[2020-09-02 20:21:50.355] INIT: Initialized Chat subsystem within 0 seconds!
