[2020-09-01 23:09:18.457] Logs from logging subsystem:
 - (2020-09-01 20:08:01) ASSET: Sending asset spritesheet_paper.css to client Bob Joga
 - (2020-09-01 20:08:01) ASSET: Sending asset paper_121x54.png to client Bob Joga
 - (2020-09-01 20:08:01) ASSET: Sending asset spritesheet_pills.css to client Bob Joga
 - (2020-09-01 20:08:03) ASSET: Sending asset common.css to client Bob Joga
 - (2020-09-01 20:08:03) ASSET: Sending asset jquery.min.js to client Bob Joga
 - (2020-09-01 20:08:03) ASSET: Sending asset pills_22x10.png to client Bob Joga
 - (2020-09-01 20:08:03) ASSET: Sending asset pills_14x14.png to client Bob Joga
 - (2020-09-01 20:08:03) ASSET: Sending asset minimap-f860f7eb8cd7ae7d3cb8278103cfadee.png to client Bob Joga
 - (2020-09-01 20:08:04) ASSET: Sending asset json2.min.js to client Bob Joga
 - (2020-09-01 20:08:04) ASSET: Sending asset browserOutput.js to client Bob Joga
 - (2020-09-01 20:08:04) ASSET: Sending asset browserOutput.css to client Bob Joga
 - (2020-09-01 20:08:04) ASSET: Sending asset browserOutput_dark.css to client Bob Joga
 - (2020-09-01 20:08:04) ASSET: Sending asset browserOutput_light.css to client Bob Joga
 - (2020-09-01 20:08:04) ASSET: Sending asset spritesheet_chat.css to client Bob Joga
 - (2020-09-01 20:08:04) ASSET: Sending asset chat_16x16.png to client Bob Joga
 - (2020-09-01 20:08:04) ASSET: Sending asset fa-regular-400.eot to client Bob Joga
 - (2020-09-01 20:08:04) ASSET: Sending asset fa-regular-400.woff to client Bob Joga
 - (2020-09-01 20:08:04) ASSET: Sending asset fa-solid-900.eot to client Bob Joga
 - (2020-09-01 20:08:04) ASSET: Sending asset fa-solid-900.woff to client Bob Joga
 - (2020-09-01 20:08:04) ASSET: Sending asset font-awesome.css to client Bob Joga
 - (2020-09-01 20:08:04) ASSET: Sending asset v4shim.css to client Bob Joga
 - (2020-09-01 20:08:06) ASSET: Sending asset minimap-f860f7eb8cd7ae7d3cb8278103cfadee-meta.png to client Bob Joga
 - (2020-09-01 20:08:06) ASSET: Sending asset tgui.css to client Bob Joga
 - (2020-09-01 20:08:06) ASSET: Sending asset tgui.js to client Bob Joga
 - (2020-09-01 20:08:06) ASSET: Sending asset tgui-main.html to client Bob Joga
 - (2020-09-01 20:08:06) ASSET: Sending asset tgui.bundle.js to client Bob Joga
 - (2020-09-01 20:08:06) ASSET: Sending asset tgui.bundle.css to client Bob Joga
 - (2020-09-01 20:08:09) ASSET: Sending asset tgui-fallback.html to client Bob Joga
 - (2020-09-01 20:08:09) ASSET: Sending asset shim-html5shiv.js to client Bob Joga
 - (2020-09-01 20:08:09) ASSET: Sending asset shim-ie8.js to client Bob Joga
 - (2020-09-01 20:08:09) ASSET: Sending asset shim-dom4.js to client Bob Joga
 - (2020-09-01 20:08:09) ASSET: Sending asset shim-css-om.js to client Bob Joga
 - (2020-09-01 20:08:09) ASSET: Sending asset alarm_green.gif to client Bob Joga
 - (2020-09-01 20:08:09) ASSET: Sending asset alarm_red.gif to client Bob Joga
 - (2020-09-01 20:08:09) ASSET: Sending asset batt_5.gif to client Bob Joga
 - (2020-09-01 20:08:10) ASSET: Sending asset batt_20.gif to client Bob Joga
 - (2020-09-01 20:08:10) ASSET: Sending asset batt_40.gif to client Bob Joga
 - (2020-09-01 20:08:10) ASSET: Sending asset batt_60.gif to client Bob Joga
 - (2020-09-01 20:08:10) ASSET: Sending asset batt_80.gif to client Bob Joga
 - (2020-09-01 20:08:10) ASSET: Sending asset batt_100.gif to client Bob Joga
 - (2020-09-01 20:08:10) ASSET: Sending asset charging.gif to client Bob Joga
 - (2020-09-01 20:08:10) ASSET: Sending asset downloader_finished.gif to client Bob Joga
 - (2020-09-01 20:08:10) ASSET: Sending asset downloader_running.gif to client Bob Joga
 - (2020-09-01 20:08:10) ASSET: Sending asset ntnrc_idle.gif to client Bob Joga
 - (2020-09-01 20:08:10) ASSET: Sending asset ntnrc_new.gif to client Bob Joga
 - (2020-09-01 20:08:10) ASSET: Sending asset power_norm.gif to client Bob Joga
 - (2020-09-01 20:08:10) ASSET: Sending asset power_warn.gif to client Bob Joga
 - (2020-09-01 20:08:10) ASSET: Sending asset sig_high.gif to client Bob Joga
 - (2020-09-01 20:08:10) ASSET: Sending asset sig_low.gif to client Bob Joga
 - (2020-09-01 20:08:10) ASSET: Sending asset sig_lan.gif to client Bob Joga
 - (2020-09-01 20:08:11) ASSET: Sending asset sig_none.gif to client Bob Joga
 - (2020-09-01 20:08:11) ASSET: Sending asset smmon_0.gif to client Bob Joga
 - (2020-09-01 20:08:11) ASSET: Sending asset smmon_1.gif to client Bob Joga
 - (2020-09-01 20:08:11) ASSET: Sending asset smmon_2.gif to client Bob Joga
 - (2020-09-01 20:08:11) ASSET: Sending asset smmon_3.gif to client Bob Joga
 - (2020-09-01 20:08:11) ASSET: Sending asset smmon_4.gif to client Bob Joga
 - (2020-09-01 20:08:11) ASSET: Sending asset smmon_5.gif to client Bob Joga
 - (2020-09-01 20:08:11) ASSET: Sending asset smmon_6.gif to client Bob Joga
 - (2020-09-01 20:08:11) ASSET: Sending asset jquery-ui.custom-core-widgit-mouse-sortable-min.js to client Bob Joga
 - (2020-09-01 20:08:11) ASSET: Sending asset 88x31.png to client Bob Joga
 - (2020-09-01 20:08:11) ASSET: Sending asset bug-minus.png to client Bob Joga
 - (2020-09-01 20:08:11) ASSET: Sending asset cross-circle.png to client Bob Joga
 - (2020-09-01 20:08:11) ASSET: Sending asset hard-hat-exclamation.png to client Bob Joga
 - (2020-09-01 20:08:11) ASSET: Sending asset image-minus.png to client Bob Joga
 - (2020-09-01 20:08:12) ASSET: Sending asset image-plus.png to client Bob Joga
 - (2020-09-01 20:08:12) ASSET: Sending asset music-minus.png to client Bob Joga
 - (2020-09-01 20:08:12) ASSET: Sending asset music-plus.png to client Bob Joga
 - (2020-09-01 20:08:12) ASSET: Sending asset tick-circle.png to client Bob Joga
 - (2020-09-01 20:08:12) ASSET: Sending asset wrench-screwdriver.png to client Bob Joga
 - (2020-09-01 20:08:12) ASSET: Sending asset spell-check.png to client Bob Joga
 - (2020-09-01 20:08:12) ASSET: Sending asset burn-exclamation.png to client Bob Joga
 - (2020-09-01 20:08:12) ASSET: Sending asset chevron.png to client Bob Joga
 - (2020-09-01 20:08:12) ASSET: Sending asset chevron-expand.png to client Bob Joga
 - (2020-09-01 20:08:12) ASSET: Sending asset scales.png to client Bob Joga
 - (2020-09-01 20:08:12) ASSET: Sending asset coding.png to client Bob Joga
 - (2020-09-01 20:08:12) ASSET: Sending asset ban.png to client Bob Joga
 - (2020-09-01 20:08:12) ASSET: Sending asset chrome-wrench.png to client Bob Joga
 - (2020-09-01 20:08:12) ASSET: Sending asset changelog.css to client Bob Joga
 - (2020-09-01 20:08:12) ASSET: Sending asset padlock.png to client Bob Joga
 - (2020-09-01 20:08:13) ASSET: Sending asset high_button.png to client Bob Joga
 - (2020-09-01 20:08:13) ASSET: Sending asset medium_button.png to client Bob Joga
 - (2020-09-01 20:08:13) ASSET: Sending asset minor_button.png to client Bob Joga
 - (2020-09-01 20:08:13) ASSET: Sending asset none_button.png to client Bob Joga
 - (2020-09-01 20:08:13) ASSET: Sending asset dna_discovered.gif to client Bob Joga
 - (2020-09-01 20:08:13) ASSET: Sending asset dna_undiscovered.gif to client Bob Joga
 - (2020-09-01 20:08:13) ASSET: Sending asset dna_extra.gif to client Bob Joga
 - (2020-09-01 20:08:13) ASSET: Sending asset view_variables.css to client Bob Joga
 - (2020-09-01 20:08:13) ASSET: Sending asset sui-nano-common.js to client Bob Joga
 - (2020-09-01 20:08:13) ASSET: Sending asset sui-nano-common.css to client Bob Joga
 - (2020-09-01 20:08:13) ASSET: Sending asset tetris_0.gif to client Bob Joga
 - (2020-09-01 20:08:13) ASSET: Sending asset tetris_1.gif to client Bob Joga
 - (2020-09-01 20:08:13) ASSET: Sending asset tetris_2.gif to client Bob Joga
 - (2020-09-01 20:08:13) ASSET: Sending asset tetris_3.gif to client Bob Joga
 - (2020-09-01 20:08:13) ASSET: Sending asset tetris_4.gif to client Bob Joga
 - (2020-09-01 20:08:14) ASSET: Sending asset tetris_5.gif to client Bob Joga
 - (2020-09-01 20:08:14) ASSET: Sending asset tetris_6.gif to client Bob Joga
 - (2020-09-01 20:08:14) ASSET: Sending asset tetris_7.gif to client Bob Joga
 - (2020-09-01 20:08:14) ASSET: Sending asset tetrisp0.gif to client Bob Joga
 - (2020-09-01 20:08:14) ASSET: Sending asset tetrisp1.gif to client Bob Joga
 - (2020-09-01 20:08:14) ASSET: Sending asset tetrisp2.gif to client Bob Joga
 - (2020-09-01 20:08:14) ASSET: Sending asset tetrisp3.gif to client Bob Joga
 - (2020-09-01 20:08:14) ASSET: Sending asset tetrisp4.gif to client Bob Joga
 - (2020-09-01 20:08:14) ASSET: Sending asset tetrisp5.gif to client Bob Joga
 - (2020-09-01 20:08:14) ASSET: Sending asset tetrisp6.gif to client Bob Joga
 - (2020-09-01 20:08:14) ASSET: Sending asset tetrisp7.gif to client Bob Joga
 - (2020-09-01 20:08:14) ASSET: Sending asset tetris.js to client Bob Joga
 - (2020-09-01 20:08:14) ASSET: Sending asset tetris2.js to client Bob Joga
 - (2020-09-01 20:08:14) ASSET: Sending asset spritesheet_pda.css to client Bob Joga
 - (2020-09-01 20:08:14) ASSET: Sending asset pda_16x16.png to client Bob Joga
 - (2020-09-01 20:08:15) ASSET: Sending asset spritesheet_minesweeper.css to client Bob Joga
 - (2020-09-01 20:08:15) ASSET: Sending asset minesweeper_16x16.png to client Bob Joga
 - (2020-09-01 20:08:15) ASSET: Sending asset spritesheet_pipes.css to client Bob Joga
 - (2020-09-01 20:08:15) ASSET: Sending asset pipes_32x32.png to client Bob Joga
 - (2020-09-01 20:08:15) ASSET: Sending asset spritesheet_design.css to client Bob Joga
 - (2020-09-01 20:08:15) ASSET: Sending asset design_32x32.png to client Bob Joga
 - (2020-09-01 20:08:15) ASSET: Sending asset design_32x64.png to client Bob Joga
 - (2020-09-01 20:08:15) ASSET: Sending asset design_64x32.png to client Bob Joga
 - (2020-09-01 20:08:15) ASSET: Sending asset spritesheet_vending.css to client Bob Joga
 - (2020-09-01 20:08:15) ASSET: Sending asset vending_32x32.png to client Bob Joga
 - (2020-09-01 20:09:18) ASSET: Sending asset asset.02b23f1dedce88fb2bb9bbb1c7528b0f.png to client Bob Joga
[2020-09-01 23:19:19.171] Logs from logging subsystem:
 - (2020-09-01 20:09:32) ASSET: Sending asset asset.09f0566c5123e363ff60a6065e9c2061.png to client Bob Joga
 - (2020-09-01 20:11:28) ASSET: Sending asset asset.a7d99786f2ca2895897208682d4f1ab4.png to client Bob Joga
 - (2020-09-01 20:11:28) ASSET: Sending asset asset.d3bacd743de08be05925d6eb6d18325a.png to client Bob Joga
 - (2020-09-01 20:11:28) ASSET: Sending asset asset.066823164c7331b07f1ea32eb3bac394.png to client Bob Joga
 - (2020-09-01 20:11:28) ASSET: Sending asset asset.5027fa9e8338dfdc949581bc017c8f3e.png to client Bob Joga
 - (2020-09-01 20:11:28) ASSET: Sending asset asset.8242a4a7b6a25fe288ef2bcf8fe2ee20.png to client Bob Joga
 - (2020-09-01 20:11:28) ASSET: Sending asset asset.75afd24113bde3b251470d7ae4ccb49c.png to client Bob Joga
 - (2020-09-01 20:11:28) ASSET: WARNING: dupe asset added to the asset cache: asset.a7d99786f2ca2895897208682d4f1ab4.png existing asset md5: a7d99786f2ca2895897208682d4f1ab4 new asset md5:a7d99786f2ca2895897208682d4f1ab4
 - gib stack trace()
 - register asset("asset.a7d99786f2ca289589720868...", /icon (/icon))
 - icon2html(Clone Pod (Machine Board) (/obj/item/circuitboard/machine/clonepod), Pedro Ilurdoz (/mob/living/carbon/human), "id_mod", 2, 1, 0)
 - the cloning pod (/obj/machinery/clonepod): display parts(Pedro Ilurdoz (/mob/living/carbon/human))
 - the cloning pod (/obj/machinery/clonepod): exchange parts(Pedro Ilurdoz (/mob/living/carbon/human), the bluespace rapid part excha... (/obj/item/storage/part_replacer/bluespace/tier4))
 - the bluespace rapid part excha... (/obj/item/storage/part_replacer/bluespace/tier4): afterattack(the cloning pod (/obj/machinery/clonepod), Pedro Ilurdoz (/mob/living/carbon/human), 0, "icon-x=11;icon-y=36;left=1;scr...")
 - the bluespace rapid part excha... (/obj/item/storage/part_replacer/bluespace/tier4): ranged attack chain(Pedro Ilurdoz (/mob/living/carbon/human), the cloning pod (/obj/machinery/clonepod), "icon-x=11;icon-y=36;left=1;scr...")
 - Pedro Ilurdoz (/mob/living/carbon/human): ClickOn(the cloning pod (/obj/machinery/clonepod), "icon-x=11;icon-y=36;left=1;scr...")
 - the cloning pod (/obj/machinery/clonepod): Click(the floor (161,114,2) (/turf/open/floor/plasteel/dark), "mapwindow.map", "icon-x=11;icon-y=36;left=1;scr...", 0)
 - Bob Joga (/client): Click(the cloning pod (/obj/machinery/clonepod), the floor (161,114,2) (/turf/open/floor/plasteel/dark), "mapwindow.map", "icon-x=11;icon-y=36;left=1;scr...", 0)
 - 
 - (2020-09-01 20:11:28) ASSET: WARNING: dupe asset added to the asset cache: asset.75afd24113bde3b251470d7ae4ccb49c.png existing asset md5: 75afd24113bde3b251470d7ae4ccb49c new asset md5:75afd24113bde3b251470d7ae4ccb49c
 - gib stack trace()
 - register asset("asset.75afd24113bde3b251470d7a...", /icon (/icon))
 - icon2html(the cable piece (/obj/item/stack/cable_coil), Pedro Ilurdoz (/mob/living/carbon/human), "coil2", 2, 1, 0)
 - the cloning pod (/obj/machinery/clonepod): display parts(Pedro Ilurdoz (/mob/living/carbon/human))
 - the cloning pod (/obj/machinery/clonepod): exchange parts(Pedro Ilurdoz (/mob/living/carbon/human), the bluespace rapid part excha... (/obj/item/storage/part_replacer/bluespace/tier4))
 - the bluespace rapid part excha... (/obj/item/storage/part_replacer/bluespace/tier4): afterattack(the cloning pod (/obj/machinery/clonepod), Pedro Ilurdoz (/mob/living/carbon/human), 0, "icon-x=11;icon-y=36;left=1;scr...")
 - the bluespace rapid part excha... (/obj/item/storage/part_replacer/bluespace/tier4): ranged attack chain(Pedro Ilurdoz (/mob/living/carbon/human), the cloning pod (/obj/machinery/clonepod), "icon-x=11;icon-y=36;left=1;scr...")
 - Pedro Ilurdoz (/mob/living/carbon/human): ClickOn(the cloning pod (/obj/machinery/clonepod), "icon-x=11;icon-y=36;left=1;scr...")
 - the cloning pod (/obj/machinery/clonepod): Click(the floor (161,114,2) (/turf/open/floor/plasteel/dark), "mapwindow.map", "icon-x=11;icon-y=36;left=1;scr...", 0)
 - Bob Joga (/client): Click(the cloning pod (/obj/machinery/clonepod), the floor (161,114,2) (/turf/open/floor/plasteel/dark), "mapwindow.map", "icon-x=11;icon-y=36;left=1;scr...", 0)
 - 
 - (2020-09-01 20:11:28) ASSET: WARNING: dupe asset added to the asset cache: asset.d3bacd743de08be05925d6eb6d18325a.png existing asset md5: d3bacd743de08be05925d6eb6d18325a new asset md5:d3bacd743de08be05925d6eb6d18325a
 - gib stack trace()
 - register asset("asset.d3bacd743de08be05925d6eb...", /icon (/icon))
 - icon2html(the scanning module (/obj/item/stock_parts/scanning_module), Pedro Ilurdoz (/mob/living/carbon/human), "scan_module", 2, 1, 0)
 - the cloning pod (/obj/machinery/clonepod): display parts(Pedro Ilurdoz (/mob/living/carbon/human))
 - the cloning pod (/obj/machinery/clonepod): exchange parts(Pedro Ilurdoz (/mob/living/carbon/human), the bluespace rapid part excha... (/obj/item/storage/part_replacer/bluespace/tier4))
 - the bluespace rapid part excha... (/obj/item/storage/part_replacer/bluespace/tier4): afterattack(the cloning pod (/obj/machinery/clonepod), Pedro Ilurdoz (/mob/living/carbon/human), 0, "icon-x=11;icon-y=36;left=1;scr...")
 - the bluespace rapid part excha... (/obj/item/storage/part_replacer/bluespace/tier4): ranged attack chain(Pedro Ilurdoz (/mob/living/carbon/human), the cloning pod (/obj/machinery/clonepod), "icon-x=11;icon-y=36;left=1;scr...")
 - Pedro Ilurdoz (/mob/living/carbon/human): ClickOn(the cloning pod (/obj/machinery/clonepod), "icon-x=11;icon-y=36;left=1;scr...")
 - the cloning pod (/obj/machinery/clonepod): Click(the floor (161,114,2) (/turf/open/floor/plasteel/dark), "mapwindow.map", "icon-x=11;icon-y=36;left=1;scr...", 0)
 - Bob Joga (/client): Click(the cloning pod (/obj/machinery/clonepod), the floor (161,114,2) (/turf/open/floor/plasteel/dark), "mapwindow.map", "icon-x=11;icon-y=36;left=1;scr...", 0)
 - 
 - (2020-09-01 20:11:28) ASSET: WARNING: dupe asset added to the asset cache: asset.d3bacd743de08be05925d6eb6d18325a.png existing asset md5: d3bacd743de08be05925d6eb6d18325a new asset md5:d3bacd743de08be05925d6eb6d18325a
 - gib stack trace()
 - register asset("asset.d3bacd743de08be05925d6eb...", /icon (/icon))
 - icon2html(the scanning module (/obj/item/stock_parts/scanning_module), Pedro Ilurdoz (/mob/living/carbon/human), "scan_module", 2, 1, 0)
 - the cloning pod (/obj/machinery/clonepod): display parts(Pedro Ilurdoz (/mob/living/carbon/human))
 - the cloning pod (/obj/machinery/clonepod): exchange parts(Pedro Ilurdoz (/mob/living/carbon/human), the bluespace rapid part excha... (/obj/item/storage/part_replacer/bluespace/tier4))
 - the bluespace rapid part excha... (/obj/item/storage/part_replacer/bluespace/tier4): afterattack(the cloning pod (/obj/machinery/clonepod), Pedro Ilurdoz (/mob/living/carbon/human), 0, "icon-x=11;icon-y=36;left=1;scr...")
 - the bluespace rapid part excha... (/obj/item/storage/part_replacer/bluespace/tier4): ranged attack chain(Pedro Ilurdoz (/mob/living/carbon/human), the cloning pod (/obj/machinery/clonepod), "icon-x=11;icon-y=36;left=1;scr...")
 - Pedro Ilurdoz (/mob/living/carbon/human): ClickOn(the cloning pod (/obj/machinery/clonepod), "icon-x=11;icon-y=36;left=1;scr...")
 - the cloning pod (/obj/machinery/clonepod): Click(the floor (161,114,2) (/turf/open/floor/plasteel/dark), "mapwindow.map", "icon-x=11;icon-y=36;left=1;scr...", 0)
 - Bob Joga (/client): Click(the cloning pod (/obj/machinery/clonepod), the floor (161,114,2) (/turf/open/floor/plasteel/dark), "mapwindow.map", "icon-x=11;icon-y=36;left=1;scr...", 0)
 - 
 - (2020-09-01 20:11:28) ASSET: Sending asset asset.78a99639161fea490d90c28b129547bd.png to client Bob Joga
 - (2020-09-01 20:11:28) ASSET: WARNING: dupe asset added to the asset cache: asset.78a99639161fea490d90c28b129547bd.png existing asset md5: 78a99639161fea490d90c28b129547bd new asset md5:78a99639161fea490d90c28b129547bd
 - gib stack trace()
 - register asset("asset.78a99639161fea490d90c28b...", /icon (/icon))
 - icon2html(the micro-manipulator (/obj/item/stock_parts/manipulator), Pedro Ilurdoz (/mob/living/carbon/human), "micro_mani", 2, 1, 0)
 - the cloning pod (/obj/machinery/clonepod): display parts(Pedro Ilurdoz (/mob/living/carbon/human))
 - the cloning pod (/obj/machinery/clonepod): exchange parts(Pedro Ilurdoz (/mob/living/carbon/human), the bluespace rapid part excha... (/obj/item/storage/part_replacer/bluespace/tier4))
 - the bluespace rapid part excha... (/obj/item/storage/part_replacer/bluespace/tier4): afterattack(the cloning pod (/obj/machinery/clonepod), Pedro Ilurdoz (/mob/living/carbon/human), 0, "icon-x=11;icon-y=36;left=1;scr...")
 - the bluespace rapid part excha... (/obj/item/storage/part_replacer/bluespace/tier4): ranged attack chain(Pedro Ilurdoz (/mob/living/carbon/human), the cloning pod (/obj/machinery/clonepod), "icon-x=11;icon-y=36;left=1;scr...")
 - Pedro Ilurdoz (/mob/living/carbon/human): ClickOn(the cloning pod (/obj/machinery/clonepod), "icon-x=11;icon-y=36;left=1;scr...")
 - the cloning pod (/obj/machinery/clonepod): Click(the floor (161,114,2) (/turf/open/floor/plasteel/dark), "mapwindow.map", "icon-x=11;icon-y=36;left=1;scr...", 0)
 - Bob Joga (/client): Click(the cloning pod (/obj/machinery/clonepod), the floor (161,114,2) (/turf/open/floor/plasteel/dark), "mapwindow.map", "icon-x=11;icon-y=36;left=1;scr...", 0)
 - 
 - (2020-09-01 20:11:28) ASSET: WARNING: dupe asset added to the asset cache: asset.8242a4a7b6a25fe288ef2bcf8fe2ee20.png existing asset md5: 8242a4a7b6a25fe288ef2bcf8fe2ee20 new asset md5:8242a4a7b6a25fe288ef2bcf8fe2ee20
 - gib stack trace()
 - register asset("asset.8242a4a7b6a25fe288ef2bcf...", /icon (/icon))
 - icon2html(the glass (/obj/item/stack/sheet/glass), Pedro Ilurdoz (/mob/living/carbon/human), "sheet-glass", 2, 1, 0)
 - the cloning pod (/obj/machinery/clonepod): display parts(Pedro Ilurdoz (/mob/living/carbon/human))
 - the cloning pod (/obj/machinery/clonepod): exchange parts(Pedro Ilurdoz (/mob/living/carbon/human), the bluespace rapid part excha... (/obj/item/storage/part_replacer/bluespace/tier4))
 - the bluespace rapid part excha... (/obj/item/storage/part_replacer/bluespace/tier4): afterattack(the cloning pod (/obj/machinery/clonepod), Pedro Ilurdoz (/mob/living/carbon/human), 0, "icon-x=11;icon-y=36;left=1;scr...")
 - the bluespace rapid part excha... (/obj/item/storage/part_replacer/bluespace/tier4): ranged attack chain(Pedro Ilurdoz (/mob/living/carbon/human), the cloning pod (/obj/machinery/clonepod), "icon-x=11;icon-y=36;left=1;scr...")
 - Pedro Ilurdoz (/mob/living/carbon/human): ClickOn(the cloning pod (/obj/machinery/clonepod), "icon-x=11;icon-y=36;left=1;scr...")
 - the cloning pod (/obj/machinery/clonepod): Click(the floor (161,114,2) (/turf/open/floor/plasteel/dark), "mapwindow.map", "icon-x=11;icon-y=36;left=1;scr...", 0)
 - Bob Joga (/client): Click(the cloning pod (/obj/machinery/clonepod), the floor (161,114,2) (/turf/open/floor/plasteel/dark), "mapwindow.map", "icon-x=11;icon-y=36;left=1;scr...", 0)
 - 
 - (2020-09-01 20:13:00) ASSET: Sending asset asset.45a8ad3207fab89736bdbbdcb15d88e7.png to client Bob Joga
 - (2020-09-01 20:14:21) ASSET: WARNING: dupe asset added to the asset cache: asset.45a8ad3207fab89736bdbbdcb15d88e7.png existing asset md5: 45a8ad3207fab89736bdbbdcb15d88e7 new asset md5:45a8ad3207fab89736bdbbdcb15d88e7
 - gib stack trace()
 - register asset("asset.45a8ad3207fab89736bdbbdc...", /icon (/icon))
 - icon2html(the cloning pod (/obj/machinery/clonepod), Pedro Ilurdoz (/mob/dead/observer), "pod_1", 2, 1, 0)
 - the cloning pod (/obj/machinery/clonepod): get examine string(Pedro Ilurdoz (/mob/dead/observer), 1)
 - the cloning pod (/obj/machinery/clonepod): examine(Pedro Ilurdoz (/mob/dead/observer))
 - the cloning pod (/obj/machinery/clonepod): examine(Pedro Ilurdoz (/mob/dead/observer))
 - the cloning pod (/obj/machinery/clonepod): examine(Pedro Ilurdoz (/mob/dead/observer))
 - the cloning pod (/obj/machinery/clonepod): examine(Pedro Ilurdoz (/mob/dead/observer))
 - the cloning pod (/obj/machinery/clonepod): attack ai(Pedro Ilurdoz (/mob/dead/observer))
 - the cloning pod (/obj/machinery/clonepod): attack ghost(Pedro Ilurdoz (/mob/dead/observer))
 - the cloning pod (/obj/machinery/clonepod): attack ghost(Pedro Ilurdoz (/mob/dead/observer))
 - Pedro Ilurdoz (/mob/dead/observer): ClickOn(the cloning pod (/obj/machinery/clonepod), "icon-x=20;icon-y=10;left=1;scr...")
 - the cloning pod (/obj/machinery/clonepod): Click(the floor (161,114,2) (/turf/open/floor/plasteel/dark), "mapwindow.map", "icon-x=20;icon-y=10;left=1;scr...", 0)
 - Bob Joga (/client): Click(the cloning pod (/obj/machinery/clonepod), the floor (161,114,2) (/turf/open/floor/plasteel/dark), "mapwindow.map", "icon-x=20;icon-y=10;left=1;scr...", 0)
 - 
 - (2020-09-01 20:14:23) ASSET: WARNING: dupe asset added to the asset cache: asset.45a8ad3207fab89736bdbbdcb15d88e7.png existing asset md5: 45a8ad3207fab89736bdbbdcb15d88e7 new asset md5:45a8ad3207fab89736bdbbdcb15d88e7
 - gib stack trace()
 - register asset("asset.45a8ad3207fab89736bdbbdc...", /icon (/icon))
 - icon2html(the cloning pod (/obj/machinery/clonepod), Pedro Ilurdoz (/mob/dead/observer), "pod_1", 2, 1, 0)
 - the cloning pod (/obj/machinery/clonepod): get examine string(Pedro Ilurdoz (/mob/dead/observer), 1)
 - the cloning pod (/obj/machinery/clonepod): examine(Pedro Ilurdoz (/mob/dead/observer))
 - the cloning pod (/obj/machinery/clonepod): examine(Pedro Ilurdoz (/mob/dead/observer))
 - the cloning pod (/obj/machinery/clonepod): examine(Pedro Ilurdoz (/mob/dead/observer))
 - the cloning pod (/obj/machinery/clonepod): examine(Pedro Ilurdoz (/mob/dead/observer))
 - the cloning pod (/obj/machinery/clonepod): attack ai(Pedro Ilurdoz (/mob/dead/observer))
 - the cloning pod (/obj/machinery/clonepod): attack ghost(Pedro Ilurdoz (/mob/dead/observer))
 - the cloning pod (/obj/machinery/clonepod): attack ghost(Pedro Ilurdoz (/mob/dead/observer))
 - Pedro Ilurdoz (/mob/dead/observer): ClickOn(the cloning pod (/obj/machinery/clonepod), "icon-x=20;icon-y=10;left=1;scr...")
 - the cloning pod (/obj/machinery/clonepod): Click(the floor (161,114,2) (/turf/open/floor/plasteel/dark), "mapwindow.map", "icon-x=20;icon-y=10;left=1;scr...", 0)
 - Bob Joga (/client): Click(the cloning pod (/obj/machinery/clonepod), the floor (161,114,2) (/turf/open/floor/plasteel/dark), "mapwindow.map", "icon-x=20;icon-y=10;left=1;scr...", 0)
 - 
 - (2020-09-01 20:14:26) ASSET: WARNING: dupe asset added to the asset cache: asset.45a8ad3207fab89736bdbbdcb15d88e7.png existing asset md5: 45a8ad3207fab89736bdbbdcb15d88e7 new asset md5:45a8ad3207fab89736bdbbdcb15d88e7
 - gib stack trace()
 - register asset("asset.45a8ad3207fab89736bdbbdc...", /icon (/icon))
 - icon2html(the cloning pod (/obj/machinery/clonepod), Pedro Ilurdoz (/mob/dead/observer), "pod_1", 2, 1, 0)
 - the cloning pod (/obj/machinery/clonepod): get examine string(Pedro Ilurdoz (/mob/dead/observer), 1)
 - the cloning pod (/obj/machinery/clonepod): examine(Pedro Ilurdoz (/mob/dead/observer))
 - the cloning pod (/obj/machinery/clonepod): examine(Pedro Ilurdoz (/mob/dead/observer))
 - the cloning pod (/obj/machinery/clonepod): examine(Pedro Ilurdoz (/mob/dead/observer))
 - the cloning pod (/obj/machinery/clonepod): examine(Pedro Ilurdoz (/mob/dead/observer))
 - Pedro Ilurdoz (/mob/dead/observer): Examine(the cloning pod (/obj/machinery/clonepod))
 - 
 - (2020-09-01 20:16:14) ASSET: WARNING: dupe asset added to the asset cache: asset.45a8ad3207fab89736bdbbdcb15d88e7.png existing asset md5: 45a8ad3207fab89736bdbbdcb15d88e7 new asset md5:45a8ad3207fab89736bdbbdcb15d88e7
 - gib stack trace()
 - register asset("asset.45a8ad3207fab89736bdbbdc...", /icon (/icon))
 - icon2html(the cloning pod (/obj/machinery/clonepod), Pedro Ilurdoz (/mob/dead/observer), "pod_1", 2, 1, 0)
 - the cloning pod (/obj/machinery/clonepod): get examine string(Pedro Ilurdoz (/mob/dead/observer), 1)
 - the cloning pod (/obj/machinery/clonepod): examine(Pedro Ilurdoz (/mob/dead/observer))
 - the cloning pod (/obj/machinery/clonepod): examine(Pedro Ilurdoz (/mob/dead/observer))
 - the cloning pod (/obj/machinery/clonepod): examine(Pedro Ilurdoz (/mob/dead/observer))
 - the cloning pod (/obj/machinery/clonepod): examine(Pedro Ilurdoz (/mob/dead/observer))
 - the cloning pod (/obj/machinery/clonepod): attack ai(Pedro Ilurdoz (/mob/dead/observer))
 - the cloning pod (/obj/machinery/clonepod): attack ghost(Pedro Ilurdoz (/mob/dead/observer))
 - the cloning pod (/obj/machinery/clonepod): attack ghost(Pedro Ilurdoz (/mob/dead/observer))
 - Pedro Ilurdoz (/mob/dead/observer): ClickOn(the cloning pod (/obj/machinery/clonepod), "icon-x=16;icon-y=24;left=1;scr...")
 - the cloning pod (/obj/machinery/clonepod): Click(the floor (161,114,2) (/turf/open/floor/plasteel/dark), "mapwindow.map", "icon-x=16;icon-y=24;left=1;scr...", 0)
 - Bob Joga (/client): Click(the cloning pod (/obj/machinery/clonepod), the floor (161,114,2) (/turf/open/floor/plasteel/dark), "mapwindow.map", "icon-x=16;icon-y=24;left=1;scr...", 0)
 - 
