[2020-09-01 23:06:10.068] Starting up round ID .
 - -------------------------
[2020-09-01 23:19:19.169] Logs from logging subsystem:
 - (2020-09-01 20:10:49) ATTACK: *no key*/(Redshirt McBeat) has suffered: Second Degree Burns to right leg | Damage: 10.8(rolled 27/27.9765) (Unexplored Location (135, 41, 8))
 - (2020-09-01 20:11:01) ATTACK: *no key*/(Jo Jo Bobo Bo) has suffered: Second Degree Burns to left arm | Damage: 10.8(rolled 26/27.9765) (Unexplored Location (138, 40, 8))
 - (2020-09-01 20:12:23) ATTACK: *no key*/(Redshirt McBeat) has suffered: Second Degree Burns to right hand | Damage: 10.8(rolled 26/27.9765) (Unexplored Location (135, 41, 8))
 - (2020-09-01 20:12:39) ATTACK: *no key*/(Bohdan Sampson) has suffered: Second Degree Burns to right hand | Damage: 10.8(rolled 26/27.9765) (Small Freighter (44, 95, 7))
 - (2020-09-01 20:12:45) ATTACK: *no key*/(Bohdan Sampson) has suffered: Second Degree Burns to groin | Damage: 10.8(rolled 26/27.9765) (Small Freighter (44, 95, 7))
 - (2020-09-01 20:12:47) ATTACK: *no key*/(Bohdan Sampson) has suffered: Hairline Fracture to groin | Damage: 8.8(rolled 17/21.0027) (Small Freighter (44, 95, 7))
 - (2020-09-01 20:12:59) ATTACK: *no key*/(Brody Unal) has suffered: Second Degree Burns to left arm | Damage: 10.8(rolled 27/27.9765) (Small Freighter (51, 93, 7))
 - (2020-09-01 20:13:17) ATTACK: *no key*/(Pocket) has suffered: Second Degree Burns to left hand | Damage: 10.8(rolled 27/27.9765) (Unexplored Location (136, 43, 8))
 - (2020-09-01 20:13:29) ATTACK: *no key*/(Pocket) has suffered: Second Degree Burns to chest | Damage: 10.8(rolled 27/27.9765) (Unexplored Location (136, 43, 8))
 - (2020-09-01 20:13:35) ATTACK: *no key*/(Brody Unal) has suffered: Second Degree Burns to right hand | Damage: 10.8(rolled 26/27.9765) (Small Freighter (51, 93, 7))
 - (2020-09-01 20:13:35) ATTACK: *no key*/(Pocket) has suffered: Rib Dislocation to chest | Damage: 8.8(rolled 13/21.0027) (Unexplored Location (136, 43, 8))
 - (2020-09-01 20:13:39) ATTACK: *no key*/(Pocket) has suffered: Second Degree Burns to right foot | Damage: 10.8(rolled 27/27.9765) (Unexplored Location (136, 43, 8))
 - (2020-09-01 20:13:41) ATTACK: *no key*/(Brody Unal) has suffered: Second Degree Burns to left hand | Damage: 10.8(rolled 27/27.9765) (Small Freighter (51, 93, 7))
 - (2020-09-01 20:13:43) ATTACK: *no key*/(Pocket) has suffered: Hairline Fracture to chest | Damage: 9.9(rolled 24/24.7679) (Unexplored Location (136, 43, 8))
 - (2020-09-01 20:13:47) ATTACK: *no key*/(Bohdan Sampson) has suffered: Third Degree Burns to groin | Damage: 10.8(rolled 8/27.9765) (Small Freighter (44, 95, 7))
 - (2020-09-01 20:13:53) ATTACK: *no key*/(Brody Unal) has suffered: Second Degree Burns to right leg | Damage: 10.8(rolled 26/27.9765) (Small Freighter (51, 93, 7))
 - (2020-09-01 20:14:19) ATTACK: *no key*/(Brody Unal) has suffered: Second Degree Burns to left leg | Damage: 10.8(rolled 26/27.9765) (Small Freighter (51, 93, 7))
 - (2020-09-01 20:14:23) ATTACK: *no key*/(Brody Unal) has suffered: Second Degree Burns to right arm | Damage: 10.8(rolled 27/27.9765) (Small Freighter (51, 93, 7))
 - (2020-09-01 20:14:31) ATTACK: *no key*/(Brody Unal) has suffered: Second Degree Burns to chest | Damage: 10.8(rolled 27/27.9765) (Small Freighter (51, 93, 7))
 - (2020-09-01 20:14:35) ATTACK: *no key*/(Redshirt McBeat) has suffered: Second Degree Burns to chest | Damage: 10.8(rolled 26/27.9765) (Unexplored Location (135, 41, 8))
 - (2020-09-01 20:14:47) ATTACK: *no key*/(Brody Unal) has suffered: Rib Dislocation to chest | Damage: 9.9(rolled 4/24.7679) (Small Freighter (51, 93, 7))
 - (2020-09-01 20:14:47) ATTACK: *no key*/(Redshirt McBeat) has suffered: Second Degree Burns to groin | Damage: 10.8(rolled 27/27.9765) (Unexplored Location (135, 41, 8))
 - (2020-09-01 20:14:53) ATTACK: *no key*/(Bohdan Sampson) has suffered: Second Degree Burns to left foot | Damage: 10.8(rolled 27/27.9765) (Small Freighter (44, 95, 7))
 - (2020-09-01 20:14:53) ATTACK: *no key*/(Redshirt McBeat) has suffered: Rib Dislocation to chest | Damage: 9.9(rolled 13/24.7679) (Unexplored Location (135, 41, 8))
 - (2020-09-01 20:14:55) ATTACK: *no key*/(Pocket) has suffered: Third Degree Burns to chest | Damage: 10.8(rolled 25/27.9765) (Unexplored Location (136, 43, 8))
 - (2020-09-01 20:14:57) ATTACK: *no key*/(Jo Jo Bobo Bo) has suffered: Second Degree Burns to left foot | Damage: 10.8(rolled 26/27.9765) (Unexplored Location (138, 40, 8))
 - (2020-09-01 20:15:03) ATTACK: *no key*/(Brody Unal) has suffered: Hairline Fracture to chest | Damage: 8.8(rolled 12/21.0027) (Small Freighter (51, 93, 7))
 - (2020-09-01 20:15:07) ATTACK: *no key*/(Redshirt McBeat) has suffered: Hairline Fracture to chest | Damage: 9.9(rolled 2/24.7679) (Unexplored Location (135, 41, 8))
 - (2020-09-01 20:15:09) ATTACK: *no key*/(Redshirt McBeat) has suffered: Hip Dislocation to groin | Damage: 8.8(rolled 9/21.0027) (Unexplored Location (135, 41, 8))
 - (2020-09-01 20:15:13) ATTACK: *no key*/(Bohdan Sampson) has suffered: Second Degree Burns to left hand | Damage: 10.8(rolled 26/27.9765) (Small Freighter (44, 95, 7))
 - (2020-09-01 20:15:33) ATTACK: *no key*/(coder monkey (241)) has suffered: Hairline Fracture to right arm | Damage: 20(rolled 59/66.2891) | WB: 2 (Space (142, 118, 3))
 - (2020-09-01 20:15:47) ATTACK: *no key*/(Redshirt McBeat) has suffered: Third Degree Burns to chest | Damage: 10.8(rolled 6/27.9765) (Unexplored Location (135, 41, 8))
 - (2020-09-01 20:15:49) ATTACK: *no key*/(Brody Unal) has suffered: Second Degree Burns to left foot | Damage: 10.8(rolled 27/27.9765) (Small Freighter (51, 93, 7))
 - (2020-09-01 20:15:51) ATTACK: *no key*/(Margarida Marion) has suffered: Second Degree Burns to left hand | Damage: 10.8(rolled 26/27.9765) (Tiny Freighter (107, 92, 7))
 - (2020-09-01 20:16:07) ATTACK: *no key*/(Pocket) has suffered: Second Degree Burns to right arm | Damage: 10.8(rolled 27/27.9765) (Unexplored Location (136, 43, 8))
 - (2020-09-01 20:16:13) ATTACK: *no key*/(Brody Unal) has suffered: Third Degree Burns to chest | Damage: 10.8(rolled 23/27.9765) (Small Freighter (51, 93, 7))
 - (2020-09-01 20:16:17) ATTACK: *no key*/(Redshirt McBeat) has suffered: Second Degree Burns to left leg | Damage: 10.8(rolled 26/27.9765) (Unexplored Location (135, 41, 8))
 - (2020-09-01 20:16:35) ATTACK: *no key*/(Pocket) has suffered: Hip Dislocation to groin | Damage: 9(rolled 21/21.674) (Unexplored Location (136, 43, 8))
 - (2020-09-01 20:16:37) ATTACK: *no key*/(Jo Jo Bobo Bo) has suffered: Second Degree Burns to groin | Damage: 10.8(rolled 27/27.9765) (Unexplored Location (138, 40, 8))
 - (2020-09-01 20:16:43) ATTACK: *no key*/(Pocket) has suffered: Second Degree Burns to groin | Damage: 10.8(rolled 27/27.9765) (Unexplored Location (136, 43, 8))
 - (2020-09-01 20:16:49) ATTACK: *no key*/(Pocket) has suffered: Hairline Fracture to groin | Damage: 8.8(rolled 3/21.0027) (Unexplored Location (136, 43, 8))
 - (2020-09-01 20:17:03) ATTACK: *no key*/(Pocket) has suffered: Third Degree Burns to groin | Damage: 10.8(rolled 19/27.9765) (Unexplored Location (136, 43, 8))
 - (2020-09-01 20:17:07) ATTACK: *no key*/(Redshirt McBeat) has suffered: Hairline Fracture to groin | Damage: 8.8(rolled 17/21.0027) (Unexplored Location (135, 41, 8))
 - (2020-09-01 20:17:29) ATTACK: *no key*/(Jo Jo Bobo Bo) has suffered: Hip Dislocation to groin | Damage: 9.9(rolled 4/24.7679) (Unexplored Location (138, 40, 8))
 - (2020-09-01 20:17:35) ATTACK: *no key*/(Redshirt McBeat) has suffered: Third Degree Burns to groin | Damage: 10.8(rolled 27/27.9765) (Unexplored Location (135, 41, 8))
 - (2020-09-01 20:17:45) ATTACK: *no key*/(Pocket) has suffered: Compound Fracture to chest | Damage: 12(rolled 31/32.423) (Unexplored Location (136, 43, 8))
 - (2020-09-01 20:17:49) ATTACK: *no key*/(Jo Jo Bobo Bo) has suffered: Hairline Fracture to groin | Damage: 8.8(rolled 6/21.0027) (Unexplored Location (138, 40, 8))
 - (2020-09-01 20:17:49) ATTACK: *no key*/(Margarida Marion) has suffered: Rib Dislocation to chest | Damage: 9(rolled 21/21.674) (Tiny Freighter (107, 92, 7))
 - (2020-09-01 20:18:05) ATTACK: *no key*/(Margarida Marion) has suffered: Second Degree Burns to chest | Damage: 10.8(rolled 26/27.9765) (Tiny Freighter (107, 92, 7))
 - (2020-09-01 20:18:41) ATTACK: *no key*/(Margarida Marion) has suffered: Hairline Fracture to chest | Damage: 8.8(rolled 5/21.0027) (Tiny Freighter (107, 92, 7))
 - (2020-09-01 20:18:53) ATTACK: *no key*/(Jo Jo Bobo Bo) has suffered: Second Degree Burns to right leg | Damage: 10.8(rolled 26/27.9765) (Unexplored Location (138, 40, 8))
 - (2020-09-01 20:19:11) ATTACK: *no key*/(Margarida Marion) has suffered: Third Degree Burns to chest | Damage: 10.8(rolled 15/27.9765) (Tiny Freighter (107, 92, 7))
