[2020-09-01 23:06:10.070] Starting up round ID .
 - -------------------------
[2020-09-01 23:09:18.456] Logs from logging subsystem:
 - (2020-09-01 20:08:06) HREF: Bob Joga (usr:Bob Joga[(11,174,1)]) : _src_=chat&proc=doneLoading
 - (2020-09-01 20:08:06) HREF: Bob Joga (usr:Bob Joga[(11,174,1)]) : _src_=chat&proc=analyzeClientData&param[cookie]={"connData":[{"ckey":"bobjoga","ip":"179.104.27.255","compid":"3000796718"},{"ckey":"bobjoga","ip":"127.0.0.1","compid":"3000796718"},{"ckey":"bobjoga","ip":"179.104.31.67","compid":"3000796718"},{"ckey":"bobjoga","ip":"189.41.143.175","compid":"3000796718"},{"ckey":"bobjoga","ip":null,"compid":"3000796718"}]}
 - (2020-09-01 20:08:06) HREF: Bob Joga (usr:Bob Joga[(11,174,1)]) : 
 - (2020-09-01 20:08:06) HREF: Bob Joga (usr:Bob Joga[(11,174,1)]) : 
 - (2020-09-01 20:09:12) HREF: Bob Joga (usr:Bob Joga[(11,174,1)]) : Bob Joga src=[mob_308];ready=1
 - (2020-09-01 20:09:15) HREF: Bob Joga (usr:Bob Joga[(11,174,1)]) : Bob Joga src=[mob_308];show_preferences=1
 - (2020-09-01 20:09:17) HREF: Bob Joga (usr:Bob Joga[(11,174,1)]) : _src_=prefs;preference=tab;tab=2
[2020-09-01 23:19:19.167] Logs from logging subsystem:
 - (2020-09-01 20:09:21) HREF: Bob Joga (usr:Pedro Ilurdoz[(73,36,5)]) : _src_=prefs;preference=has_balls
 - (2020-09-01 20:09:22) HREF: Bob Joga (usr:Pedro Ilurdoz[(73,36,5)]) : _src_=prefs;preference=save
 - (2020-09-01 20:09:23) HREF: Bob Joga (usr:Pedro Ilurdoz[(73,36,5)]) : /datum/preferences close=1
 - (2020-09-01 20:09:37) HREF: Bob Joga (usr:Pedro Ilurdoz[(144,116,2)]) : _src_=holder;admin_token=1010102124667650841091085346788410904;simplemake=human;mob=[mob_316]
 - (2020-09-01 20:11:05) HREF: Bob Joga (usr:Pedro Ilurdoz[(159,112,2)]) : The cloning console src=[0x200a145];scan=1
 - (2020-09-01 20:11:09) HREF: Bob Joga (usr:Pedro Ilurdoz[(159,112,2)]) : The cloning console src=[0x200a145];scan=1
 - (2020-09-01 20:11:19) HREF: Bob Joga (usr:Pedro Ilurdoz[(159,113,2)]) : bobjoga's admin datum (!localhost!) src=[0x2103fafb];admin_token=1010102124667650841091085346788410904;create_object=1
 - (2020-09-01 20:11:25) HREF: Bob Joga (usr:Pedro Ilurdoz[(159,113,2)]) : bobjoga's admin datum (!localhost!) src=%5B0x2103fafb%5D%3Badmin_token%3D1010102124667650841091085346788410904&admin_token=1010102124667650841091085346788410904&filter=part_replacer&offset=x%2Cy%2Cz&offset_type=relative&object_count=1&object_dir=&object_name=&object_where=onfloor&object_list=%2Fobj%2Fitem%2Fstorage%2Fpart_replacer%2Fbluespace%2Ftier4
 - (2020-09-01 20:11:43) HREF: Bob Joga (usr:Pedro Ilurdoz[(159,112,2)]) : _src_=holder;admin_token=1010102124667650841091085346788410904;revive=[mob_318]
 - (2020-09-01 20:11:52) HREF: Bob Joga (usr:Pedro Ilurdoz[(160,112,2)]) : The cloning console src=[0x200a145];menu=2
 - (2020-09-01 20:11:54) HREF: Bob Joga (usr:Pedro Ilurdoz[(160,112,2)]) : The cloning console src=[0x200a145];view_rec=19fe
 - (2020-09-01 20:11:58) HREF: Bob Joga (usr:Pedro Ilurdoz[(160,112,2)]) : The cloning console src=[0x200a145];menu=2
 - (2020-09-01 20:11:59) HREF: Bob Joga (usr:Pedro Ilurdoz[(160,112,2)]) : The cloning console src=[0x200a145];task=autoprocess
 - (2020-09-01 20:12:00) HREF: Bob Joga (usr:Pedro Ilurdoz[(160,112,2)]) : The cloning console src=[0x200a145];menu=1
 - (2020-09-01 20:12:09) HREF: Bob Joga (usr:Pedro Ilurdoz[(159,115,2)]) : bobjoga's admin datum (!localhost!) src=[0x2103fafb];admin_token=1010102124667650841091085346788410904;create_object=1
 - (2020-09-01 20:12:27) HREF: Bob Joga (usr:Pedro Ilurdoz[(160,114,2)]) : bobjoga's admin datum (!localhost!) src=%5B0x2103fafb%5D%3Badmin_token%3D1010102124667650841091085346788410904&admin_token=1010102124667650841091085346788410904&filter=meat&offset=x%2Cy%2Cz&offset_type=relative&object_count=1&object_dir=&object_name=&object_where=onfloor&object_list=%2Fobj%2Fitem%2Freagent_containers%2Ffood%2Fsnacks%2Fmeat%2Fslab%2Fkillertomato
 - (2020-09-01 20:12:28) HREF: Bob Joga (usr:Pedro Ilurdoz[(160,114,2)]) : bobjoga's admin datum (!localhost!) src=%5B0x2103fafb%5D%3Badmin_token%3D1010102124667650841091085346788410904&admin_token=1010102124667650841091085346788410904&filter=meat&offset=x%2Cy%2Cz&offset_type=relative&object_count=1&object_dir=&object_name=&object_where=onfloor&object_list=%2Fobj%2Fitem%2Freagent_containers%2Ffood%2Fsnacks%2Fmeat%2Fslab%2Fkillertomato
 - (2020-09-01 20:12:28) HREF: Bob Joga (usr:Pedro Ilurdoz[(160,114,2)]) : bobjoga's admin datum (!localhost!) src=%5B0x2103fafb%5D%3Badmin_token%3D1010102124667650841091085346788410904&admin_token=1010102124667650841091085346788410904&filter=meat&offset=x%2Cy%2Cz&offset_type=relative&object_count=1&object_dir=&object_name=&object_where=onfloor&object_list=%2Fobj%2Fitem%2Freagent_containers%2Ffood%2Fsnacks%2Fmeat%2Fslab%2Fkillertomato
 - (2020-09-01 20:12:28) HREF: Bob Joga (usr:Pedro Ilurdoz[(160,114,2)]) : bobjoga's admin datum (!localhost!) src=%5B0x2103fafb%5D%3Badmin_token%3D1010102124667650841091085346788410904&admin_token=1010102124667650841091085346788410904&filter=meat&offset=x%2Cy%2Cz&offset_type=relative&object_count=1&object_dir=&object_name=&object_where=onfloor&object_list=%2Fobj%2Fitem%2Freagent_containers%2Ffood%2Fsnacks%2Fmeat%2Fslab%2Fkillertomato
 - (2020-09-01 20:12:29) HREF: Bob Joga (usr:Pedro Ilurdoz[(160,114,2)]) : bobjoga's admin datum (!localhost!) src=%5B0x2103fafb%5D%3Badmin_token%3D1010102124667650841091085346788410904&admin_token=1010102124667650841091085346788410904&filter=meat&offset=x%2Cy%2Cz&offset_type=relative&object_count=1&object_dir=&object_name=&object_where=onfloor&object_list=%2Fobj%2Fitem%2Freagent_containers%2Ffood%2Fsnacks%2Fmeat%2Fslab%2Fkillertomato
 - (2020-09-01 20:12:29) HREF: Bob Joga (usr:Pedro Ilurdoz[(160,114,2)]) : bobjoga's admin datum (!localhost!) src=%5B0x2103fafb%5D%3Badmin_token%3D1010102124667650841091085346788410904&admin_token=1010102124667650841091085346788410904&filter=meat&offset=x%2Cy%2Cz&offset_type=relative&object_count=1&object_dir=&object_name=&object_where=onfloor&object_list=%2Fobj%2Fitem%2Freagent_containers%2Ffood%2Fsnacks%2Fmeat%2Fslab%2Fkillertomato
 - (2020-09-01 20:12:29) HREF: Bob Joga (usr:Pedro Ilurdoz[(160,114,2)]) : bobjoga's admin datum (!localhost!) src=%5B0x2103fafb%5D%3Badmin_token%3D1010102124667650841091085346788410904&admin_token=1010102124667650841091085346788410904&filter=meat&offset=x%2Cy%2Cz&offset_type=relative&object_count=1&object_dir=&object_name=&object_where=onfloor&object_list=%2Fobj%2Fitem%2Freagent_containers%2Ffood%2Fsnacks%2Fmeat%2Fslab%2Fkillertomato
 - (2020-09-01 20:12:30) HREF: Bob Joga (usr:Pedro Ilurdoz[(160,114,2)]) : bobjoga's admin datum (!localhost!) src=%5B0x2103fafb%5D%3Badmin_token%3D1010102124667650841091085346788410904&admin_token=1010102124667650841091085346788410904&filter=meat&offset=x%2Cy%2Cz&offset_type=relative&object_count=1&object_dir=&object_name=&object_where=onfloor&object_list=%2Fobj%2Fitem%2Freagent_containers%2Ffood%2Fsnacks%2Fmeat%2Fslab%2Fkillertomato
 - (2020-09-01 20:12:30) HREF: Bob Joga (usr:Pedro Ilurdoz[(160,114,2)]) : bobjoga's admin datum (!localhost!) src=%5B0x2103fafb%5D%3Badmin_token%3D1010102124667650841091085346788410904&admin_token=1010102124667650841091085346788410904&filter=meat&offset=x%2Cy%2Cz&offset_type=relative&object_count=1&object_dir=&object_name=&object_where=onfloor&object_list=%2Fobj%2Fitem%2Freagent_containers%2Ffood%2Fsnacks%2Fmeat%2Fslab%2Fkillertomato
 - (2020-09-01 20:12:32) HREF: Bob Joga (usr:Pedro Ilurdoz[(160,113,2)]) : The cloning console src=[0x200a145];task=succ
 - (2020-09-01 20:12:37) HREF: Bob Joga (usr:Pedro Ilurdoz[(160,114,2)]) : bobjoga's admin datum (!localhost!) src=%5B0x2103fafb%5D%3Badmin_token%3D1010102124667650841091085346788410904&admin_token=1010102124667650841091085346788410904&filter=meat&offset=x%2Cy%2Cz&offset_type=relative&object_count=1&object_dir=&object_name=&object_where=onfloor&object_list=%2Fobj%2Fitem%2Freagent_containers%2Ffood%2Fsnacks%2Fmeat%2Fslab%2Fkillertomato
 - (2020-09-01 20:12:37) HREF: Bob Joga (usr:Pedro Ilurdoz[(160,114,2)]) : bobjoga's admin datum (!localhost!) src=%5B0x2103fafb%5D%3Badmin_token%3D1010102124667650841091085346788410904&admin_token=1010102124667650841091085346788410904&filter=meat&offset=x%2Cy%2Cz&offset_type=relative&object_count=1&object_dir=&object_name=&object_where=onfloor&object_list=%2Fobj%2Fitem%2Freagent_containers%2Ffood%2Fsnacks%2Fmeat%2Fslab%2Fkillertomato
 - (2020-09-01 20:12:38) HREF: Bob Joga (usr:Pedro Ilurdoz[(160,114,2)]) : bobjoga's admin datum (!localhost!) src=%5B0x2103fafb%5D%3Badmin_token%3D1010102124667650841091085346788410904&admin_token=1010102124667650841091085346788410904&filter=meat&offset=x%2Cy%2Cz&offset_type=relative&object_count=1&object_dir=&object_name=&object_where=onfloor&object_list=%2Fobj%2Fitem%2Freagent_containers%2Ffood%2Fsnacks%2Fmeat%2Fslab%2Fkillertomato
 - (2020-09-01 20:12:38) HREF: Bob Joga (usr:Pedro Ilurdoz[(160,114,2)]) : bobjoga's admin datum (!localhost!) src=%5B0x2103fafb%5D%3Badmin_token%3D1010102124667650841091085346788410904&admin_token=1010102124667650841091085346788410904&filter=meat&offset=x%2Cy%2Cz&offset_type=relative&object_count=1&object_dir=&object_name=&object_where=onfloor&object_list=%2Fobj%2Fitem%2Freagent_containers%2Ffood%2Fsnacks%2Fmeat%2Fslab%2Fkillertomato
 - (2020-09-01 20:12:38) HREF: Bob Joga (usr:Pedro Ilurdoz[(160,114,2)]) : bobjoga's admin datum (!localhost!) src=%5B0x2103fafb%5D%3Badmin_token%3D1010102124667650841091085346788410904&admin_token=1010102124667650841091085346788410904&filter=meat&offset=x%2Cy%2Cz&offset_type=relative&object_count=1&object_dir=&object_name=&object_where=onfloor&object_list=%2Fobj%2Fitem%2Freagent_containers%2Ffood%2Fsnacks%2Fmeat%2Fslab%2Fkillertomato
 - (2020-09-01 20:12:38) HREF: Bob Joga (usr:Pedro Ilurdoz[(160,114,2)]) : bobjoga's admin datum (!localhost!) src=%5B0x2103fafb%5D%3Badmin_token%3D1010102124667650841091085346788410904&admin_token=1010102124667650841091085346788410904&filter=meat&offset=x%2Cy%2Cz&offset_type=relative&object_count=1&object_dir=&object_name=&object_where=onfloor&object_list=%2Fobj%2Fitem%2Freagent_containers%2Ffood%2Fsnacks%2Fmeat%2Fslab%2Fkillertomato
 - (2020-09-01 20:12:39) HREF: Bob Joga (usr:Pedro Ilurdoz[(160,114,2)]) : bobjoga's admin datum (!localhost!) src=%5B0x2103fafb%5D%3Badmin_token%3D1010102124667650841091085346788410904&admin_token=1010102124667650841091085346788410904&filter=meat&offset=x%2Cy%2Cz&offset_type=relative&object_count=1&object_dir=&object_name=&object_where=onfloor&object_list=%2Fobj%2Fitem%2Freagent_containers%2Ffood%2Fsnacks%2Fmeat%2Fslab%2Fkillertomato
 - (2020-09-01 20:12:39) HREF: Bob Joga (usr:Pedro Ilurdoz[(160,114,2)]) : bobjoga's admin datum (!localhost!) src=%5B0x2103fafb%5D%3Badmin_token%3D1010102124667650841091085346788410904&admin_token=1010102124667650841091085346788410904&filter=meat&offset=x%2Cy%2Cz&offset_type=relative&object_count=1&object_dir=&object_name=&object_where=onfloor&object_list=%2Fobj%2Fitem%2Freagent_containers%2Ffood%2Fsnacks%2Fmeat%2Fslab%2Fkillertomato
 - (2020-09-01 20:12:39) HREF: Bob Joga (usr:Pedro Ilurdoz[(160,114,2)]) : bobjoga's admin datum (!localhost!) src=%5B0x2103fafb%5D%3Badmin_token%3D1010102124667650841091085346788410904&admin_token=1010102124667650841091085346788410904&filter=meat&offset=x%2Cy%2Cz&offset_type=relative&object_count=1&object_dir=&object_name=&object_where=onfloor&object_list=%2Fobj%2Fitem%2Freagent_containers%2Ffood%2Fsnacks%2Fmeat%2Fslab%2Fkillertomato
 - (2020-09-01 20:12:39) HREF: Bob Joga (usr:Pedro Ilurdoz[(160,114,2)]) : bobjoga's admin datum (!localhost!) src=%5B0x2103fafb%5D%3Badmin_token%3D1010102124667650841091085346788410904&admin_token=1010102124667650841091085346788410904&filter=meat&offset=x%2Cy%2Cz&offset_type=relative&object_count=1&object_dir=&object_name=&object_where=onfloor&object_list=%2Fobj%2Fitem%2Freagent_containers%2Ffood%2Fsnacks%2Fmeat%2Fslab%2Fkillertomato
 - (2020-09-01 20:12:40) HREF: Bob Joga (usr:Pedro Ilurdoz[(160,114,2)]) : bobjoga's admin datum (!localhost!) src=%5B0x2103fafb%5D%3Badmin_token%3D1010102124667650841091085346788410904&admin_token=1010102124667650841091085346788410904&filter=meat&offset=x%2Cy%2Cz&offset_type=relative&object_count=1&object_dir=&object_name=&object_where=onfloor&object_list=%2Fobj%2Fitem%2Freagent_containers%2Ffood%2Fsnacks%2Fmeat%2Fslab%2Fkillertomato
 - (2020-09-01 20:12:40) HREF: Bob Joga (usr:Pedro Ilurdoz[(160,114,2)]) : bobjoga's admin datum (!localhost!) src=%5B0x2103fafb%5D%3Badmin_token%3D1010102124667650841091085346788410904&admin_token=1010102124667650841091085346788410904&filter=meat&offset=x%2Cy%2Cz&offset_type=relative&object_count=1&object_dir=&object_name=&object_where=onfloor&object_list=%2Fobj%2Fitem%2Freagent_containers%2Ffood%2Fsnacks%2Fmeat%2Fslab%2Fkillertomato
 - (2020-09-01 20:12:40) HREF: Bob Joga (usr:Pedro Ilurdoz[(160,114,2)]) : bobjoga's admin datum (!localhost!) src=%5B0x2103fafb%5D%3Badmin_token%3D1010102124667650841091085346788410904&admin_token=1010102124667650841091085346788410904&filter=meat&offset=x%2Cy%2Cz&offset_type=relative&object_count=1&object_dir=&object_name=&object_where=onfloor&object_list=%2Fobj%2Fitem%2Freagent_containers%2Ffood%2Fsnacks%2Fmeat%2Fslab%2Fkillertomato
 - (2020-09-01 20:12:40) HREF: Bob Joga (usr:Pedro Ilurdoz[(160,114,2)]) : bobjoga's admin datum (!localhost!) src=%5B0x2103fafb%5D%3Badmin_token%3D1010102124667650841091085346788410904&admin_token=1010102124667650841091085346788410904&filter=meat&offset=x%2Cy%2Cz&offset_type=relative&object_count=1&object_dir=&object_name=&object_where=onfloor&object_list=%2Fobj%2Fitem%2Freagent_containers%2Ffood%2Fsnacks%2Fmeat%2Fslab%2Fkillertomato
 - (2020-09-01 20:12:40) HREF: Bob Joga (usr:Pedro Ilurdoz[(160,114,2)]) : bobjoga's admin datum (!localhost!) src=%5B0x2103fafb%5D%3Badmin_token%3D1010102124667650841091085346788410904&admin_token=1010102124667650841091085346788410904&filter=meat&offset=x%2Cy%2Cz&offset_type=relative&object_count=1&object_dir=&object_name=&object_where=onfloor&object_list=%2Fobj%2Fitem%2Freagent_containers%2Ffood%2Fsnacks%2Fmeat%2Fslab%2Fkillertomato
 - (2020-09-01 20:12:41) HREF: Bob Joga (usr:Pedro Ilurdoz[(160,114,2)]) : bobjoga's admin datum (!localhost!) src=%5B0x2103fafb%5D%3Badmin_token%3D1010102124667650841091085346788410904&admin_token=1010102124667650841091085346788410904&filter=meat&offset=x%2Cy%2Cz&offset_type=relative&object_count=1&object_dir=&object_name=&object_where=onfloor&object_list=%2Fobj%2Fitem%2Freagent_containers%2Ffood%2Fsnacks%2Fmeat%2Fslab%2Fkillertomato
 - (2020-09-01 20:12:41) HREF: Bob Joga (usr:Pedro Ilurdoz[(160,114,2)]) : bobjoga's admin datum (!localhost!) src=%5B0x2103fafb%5D%3Badmin_token%3D1010102124667650841091085346788410904&admin_token=1010102124667650841091085346788410904&filter=meat&offset=x%2Cy%2Cz&offset_type=relative&object_count=1&object_dir=&object_name=&object_where=onfloor&object_list=%2Fobj%2Fitem%2Freagent_containers%2Ffood%2Fsnacks%2Fmeat%2Fslab%2Fkillertomato
 - (2020-09-01 20:12:46) HREF: Bob Joga (usr:Pedro Ilurdoz[(160,114,2)]) : The cloning console src=[0x200a145];task=succ
