[2020-09-01 23:06:10.071] Starting up round ID .
 - -------------------------
[2020-09-01 23:06:10.079] Running /tg/ revision: 2020-09-01
 - origin/master: 6ffb5b0ddaa9ecb51ed3c7350ccaac1fdedd8104
 - HEAD: 879a420fc4f28f95b1480eed7db47fef277c1959
[2020-09-01 23:06:11.301] Loading Box Station...
[2020-09-01 23:06:18.216] Loaded Station in 6.9s!
[2020-09-01 23:06:20.740] Loaded Lavaland in 2.5s!
[2020-09-01 23:06:22.218] Ruin loader finished with 0 left to spend.
[2020-09-01 23:06:26.493] Ruin loader finished with 0 left to spend.
[2020-09-01 23:06:26.644] Ruin loader finished with 0 left to spend.
[2020-09-01 23:07:08.870] ## WARNING: HEY! LISTEN! 0.9 seconds were wasted processing 510 turf(s) (connected to 32182 other turfs) with atmos differences at round start.
[2020-09-01 23:07:34.889] Initializations complete within 83.8 seconds!
[2020-09-01 23:09:17.254] Game start took 0.8s
[2020-09-01 23:11:28.605] runtime error: 
 - proc name: stack trace (/proc/stack_trace)
 -   source file: unsorted.dm,1093
 -   usr: Pedro Ilurdoz (/mob/living/carbon/human)
 -   src: null
 -   usr.loc: the floor (159,113,2) (/turf/open/floor/plasteel/dark)
 -   call stack:
 - stack trace(null)
 - gib stack trace()
 - register asset("asset.a7d99786f2ca289589720868...", /icon (/icon))
 - icon2html(Clone Pod (Machine Board) (/obj/item/circuitboard/machine/clonepod), Pedro Ilurdoz (/mob/living/carbon/human), "id_mod", 2, 1, 0)
 - the cloning pod (/obj/machinery/clonepod): display parts(Pedro Ilurdoz (/mob/living/carbon/human))
 - the cloning pod (/obj/machinery/clonepod): exchange parts(Pedro Ilurdoz (/mob/living/carbon/human), the bluespace rapid part excha... (/obj/item/storage/part_replacer/bluespace/tier4))
 - the bluespace rapid part excha... (/obj/item/storage/part_replacer/bluespace/tier4): afterattack(the cloning pod (/obj/machinery/clonepod), Pedro Ilurdoz (/mob/living/carbon/human), 0, "icon-x=11;icon-y=36;left=1;scr...")
 - the bluespace rapid part excha... (/obj/item/storage/part_replacer/bluespace/tier4): ranged attack chain(Pedro Ilurdoz (/mob/living/carbon/human), the cloning pod (/obj/machinery/clonepod), "icon-x=11;icon-y=36;left=1;scr...")
 - Pedro Ilurdoz (/mob/living/carbon/human): ClickOn(the cloning pod (/obj/machinery/clonepod), "icon-x=11;icon-y=36;left=1;scr...")
 - the cloning pod (/obj/machinery/clonepod): Click(the floor (161,114,2) (/turf/open/floor/plasteel/dark), "mapwindow.map", "icon-x=11;icon-y=36;left=1;scr...", 0)
 - Bob Joga (/client): Click(the cloning pod (/obj/machinery/clonepod), the floor (161,114,2) (/turf/open/floor/plasteel/dark), "mapwindow.map", "icon-x=11;icon-y=36;left=1;scr...", 0)
 - 
[2020-09-01 23:11:28.626] runtime error: 
 - proc name: stack trace (/proc/stack_trace)
 -   source file: unsorted.dm,1093
 -   usr: Pedro Ilurdoz (/mob/living/carbon/human)
 -   src: null
 -   usr.loc: the floor (159,113,2) (/turf/open/floor/plasteel/dark)
 -   call stack:
 - stack trace(null)
 - gib stack trace()
 - register asset("asset.75afd24113bde3b251470d7a...", /icon (/icon))
 - icon2html(the cable piece (/obj/item/stack/cable_coil), Pedro Ilurdoz (/mob/living/carbon/human), "coil2", 2, 1, 0)
 - the cloning pod (/obj/machinery/clonepod): display parts(Pedro Ilurdoz (/mob/living/carbon/human))
 - the cloning pod (/obj/machinery/clonepod): exchange parts(Pedro Ilurdoz (/mob/living/carbon/human), the bluespace rapid part excha... (/obj/item/storage/part_replacer/bluespace/tier4))
 - the bluespace rapid part excha... (/obj/item/storage/part_replacer/bluespace/tier4): afterattack(the cloning pod (/obj/machinery/clonepod), Pedro Ilurdoz (/mob/living/carbon/human), 0, "icon-x=11;icon-y=36;left=1;scr...")
 - the bluespace rapid part excha... (/obj/item/storage/part_replacer/bluespace/tier4): ranged attack chain(Pedro Ilurdoz (/mob/living/carbon/human), the cloning pod (/obj/machinery/clonepod), "icon-x=11;icon-y=36;left=1;scr...")
 - Pedro Ilurdoz (/mob/living/carbon/human): ClickOn(the cloning pod (/obj/machinery/clonepod), "icon-x=11;icon-y=36;left=1;scr...")
 - the cloning pod (/obj/machinery/clonepod): Click(the floor (161,114,2) (/turf/open/floor/plasteel/dark), "mapwindow.map", "icon-x=11;icon-y=36;left=1;scr...", 0)
 - Bob Joga (/client): Click(the cloning pod (/obj/machinery/clonepod), the floor (161,114,2) (/turf/open/floor/plasteel/dark), "mapwindow.map", "icon-x=11;icon-y=36;left=1;scr...", 0)
 - 
[2020-09-01 23:11:28.649] runtime error: 
 - proc name: stack trace (/proc/stack_trace)
 -   source file: unsorted.dm,1093
 -   usr: Pedro Ilurdoz (/mob/living/carbon/human)
 -   src: null
 -   usr.loc: the floor (159,113,2) (/turf/open/floor/plasteel/dark)
 -   call stack:
 - stack trace(null)
 - gib stack trace()
 - register asset("asset.d3bacd743de08be05925d6eb...", /icon (/icon))
 - icon2html(the scanning module (/obj/item/stock_parts/scanning_module), Pedro Ilurdoz (/mob/living/carbon/human), "scan_module", 2, 1, 0)
 - the cloning pod (/obj/machinery/clonepod): display parts(Pedro Ilurdoz (/mob/living/carbon/human))
 - the cloning pod (/obj/machinery/clonepod): exchange parts(Pedro Ilurdoz (/mob/living/carbon/human), the bluespace rapid part excha... (/obj/item/storage/part_replacer/bluespace/tier4))
 - the bluespace rapid part excha... (/obj/item/storage/part_replacer/bluespace/tier4): afterattack(the cloning pod (/obj/machinery/clonepod), Pedro Ilurdoz (/mob/living/carbon/human), 0, "icon-x=11;icon-y=36;left=1;scr...")
 - the bluespace rapid part excha... (/obj/item/storage/part_replacer/bluespace/tier4): ranged attack chain(Pedro Ilurdoz (/mob/living/carbon/human), the cloning pod (/obj/machinery/clonepod), "icon-x=11;icon-y=36;left=1;scr...")
 - Pedro Ilurdoz (/mob/living/carbon/human): ClickOn(the cloning pod (/obj/machinery/clonepod), "icon-x=11;icon-y=36;left=1;scr...")
 - the cloning pod (/obj/machinery/clonepod): Click(the floor (161,114,2) (/turf/open/floor/plasteel/dark), "mapwindow.map", "icon-x=11;icon-y=36;left=1;scr...", 0)
 - Bob Joga (/client): Click(the cloning pod (/obj/machinery/clonepod), the floor (161,114,2) (/turf/open/floor/plasteel/dark), "mapwindow.map", "icon-x=11;icon-y=36;left=1;scr...", 0)
 - 
[2020-09-01 23:11:28.674] runtime error: 
 - proc name: stack trace (/proc/stack_trace)
 -   source file: unsorted.dm,1093
 -   usr: Pedro Ilurdoz (/mob/living/carbon/human)
 -   src: null
 -   usr.loc: the floor (159,113,2) (/turf/open/floor/plasteel/dark)
 -   call stack:
 - stack trace(null)
 - gib stack trace()
 - register asset("asset.d3bacd743de08be05925d6eb...", /icon (/icon))
 - icon2html(the scanning module (/obj/item/stock_parts/scanning_module), Pedro Ilurdoz (/mob/living/carbon/human), "scan_module", 2, 1, 0)
 - the cloning pod (/obj/machinery/clonepod): display parts(Pedro Ilurdoz (/mob/living/carbon/human))
 - the cloning pod (/obj/machinery/clonepod): exchange parts(Pedro Ilurdoz (/mob/living/carbon/human), the bluespace rapid part excha... (/obj/item/storage/part_replacer/bluespace/tier4))
 - the bluespace rapid part excha... (/obj/item/storage/part_replacer/bluespace/tier4): afterattack(the cloning pod (/obj/machinery/clonepod), Pedro Ilurdoz (/mob/living/carbon/human), 0, "icon-x=11;icon-y=36;left=1;scr...")
 - the bluespace rapid part excha... (/obj/item/storage/part_replacer/bluespace/tier4): ranged attack chain(Pedro Ilurdoz (/mob/living/carbon/human), the cloning pod (/obj/machinery/clonepod), "icon-x=11;icon-y=36;left=1;scr...")
 - Pedro Ilurdoz (/mob/living/carbon/human): ClickOn(the cloning pod (/obj/machinery/clonepod), "icon-x=11;icon-y=36;left=1;scr...")
 - the cloning pod (/obj/machinery/clonepod): Click(the floor (161,114,2) (/turf/open/floor/plasteel/dark), "mapwindow.map", "icon-x=11;icon-y=36;left=1;scr...", 0)
 - Bob Joga (/client): Click(the cloning pod (/obj/machinery/clonepod), the floor (161,114,2) (/turf/open/floor/plasteel/dark), "mapwindow.map", "icon-x=11;icon-y=36;left=1;scr...", 0)
 - 
[2020-09-01 23:11:28.701] runtime error: 
 - proc name: stack trace (/proc/stack_trace)
 -   source file: unsorted.dm,1093
 -   usr: Pedro Ilurdoz (/mob/living/carbon/human)
 -   src: null
 -   usr.loc: the floor (159,113,2) (/turf/open/floor/plasteel/dark)
 -   call stack:
 - stack trace(null)
 - gib stack trace()
 - register asset("asset.78a99639161fea490d90c28b...", /icon (/icon))
 - icon2html(the micro-manipulator (/obj/item/stock_parts/manipulator), Pedro Ilurdoz (/mob/living/carbon/human), "micro_mani", 2, 1, 0)
 - the cloning pod (/obj/machinery/clonepod): display parts(Pedro Ilurdoz (/mob/living/carbon/human))
 - the cloning pod (/obj/machinery/clonepod): exchange parts(Pedro Ilurdoz (/mob/living/carbon/human), the bluespace rapid part excha... (/obj/item/storage/part_replacer/bluespace/tier4))
 - the bluespace rapid part excha... (/obj/item/storage/part_replacer/bluespace/tier4): afterattack(the cloning pod (/obj/machinery/clonepod), Pedro Ilurdoz (/mob/living/carbon/human), 0, "icon-x=11;icon-y=36;left=1;scr...")
 - the bluespace rapid part excha... (/obj/item/storage/part_replacer/bluespace/tier4): ranged attack chain(Pedro Ilurdoz (/mob/living/carbon/human), the cloning pod (/obj/machinery/clonepod), "icon-x=11;icon-y=36;left=1;scr...")
 - Pedro Ilurdoz (/mob/living/carbon/human): ClickOn(the cloning pod (/obj/machinery/clonepod), "icon-x=11;icon-y=36;left=1;scr...")
 - the cloning pod (/obj/machinery/clonepod): Click(the floor (161,114,2) (/turf/open/floor/plasteel/dark), "mapwindow.map", "icon-x=11;icon-y=36;left=1;scr...", 0)
 - Bob Joga (/client): Click(the cloning pod (/obj/machinery/clonepod), the floor (161,114,2) (/turf/open/floor/plasteel/dark), "mapwindow.map", "icon-x=11;icon-y=36;left=1;scr...", 0)
 - 
[2020-09-01 23:11:28.725] runtime error: 
 - proc name: stack trace (/proc/stack_trace)
 -   source file: unsorted.dm,1093
 -   usr: Pedro Ilurdoz (/mob/living/carbon/human)
 -   src: null
 -   usr.loc: the floor (159,113,2) (/turf/open/floor/plasteel/dark)
 -   call stack:
 - stack trace(null)
 - gib stack trace()
 - register asset("asset.8242a4a7b6a25fe288ef2bcf...", /icon (/icon))
 - icon2html(the glass (/obj/item/stack/sheet/glass), Pedro Ilurdoz (/mob/living/carbon/human), "sheet-glass", 2, 1, 0)
 - the cloning pod (/obj/machinery/clonepod): display parts(Pedro Ilurdoz (/mob/living/carbon/human))
 - the cloning pod (/obj/machinery/clonepod): exchange parts(Pedro Ilurdoz (/mob/living/carbon/human), the bluespace rapid part excha... (/obj/item/storage/part_replacer/bluespace/tier4))
 - the bluespace rapid part excha... (/obj/item/storage/part_replacer/bluespace/tier4): afterattack(the cloning pod (/obj/machinery/clonepod), Pedro Ilurdoz (/mob/living/carbon/human), 0, "icon-x=11;icon-y=36;left=1;scr...")
 - the bluespace rapid part excha... (/obj/item/storage/part_replacer/bluespace/tier4): ranged attack chain(Pedro Ilurdoz (/mob/living/carbon/human), the cloning pod (/obj/machinery/clonepod), "icon-x=11;icon-y=36;left=1;scr...")
 - Pedro Ilurdoz (/mob/living/carbon/human): ClickOn(the cloning pod (/obj/machinery/clonepod), "icon-x=11;icon-y=36;left=1;scr...")
 - the cloning pod (/obj/machinery/clonepod): Click(the floor (161,114,2) (/turf/open/floor/plasteel/dark), "mapwindow.map", "icon-x=11;icon-y=36;left=1;scr...", 0)
 - Bob Joga (/client): Click(the cloning pod (/obj/machinery/clonepod), the floor (161,114,2) (/turf/open/floor/plasteel/dark), "mapwindow.map", "icon-x=11;icon-y=36;left=1;scr...", 0)
 - 
[2020-09-01 23:12:56.924] runtime error: Cannot read null.player_details
 - proc name: Login (/mob/Login)
 -   source file: login.dm,47
 -   usr: (src)
 -   src: Robin Rafael (/mob/living/carbon/human)
 -   src.loc: the cloning pod (/obj/machinery/clonepod)
 -   call stack:
 - Robin Rafael (/mob/living/carbon/human): Login()
 - Robin Rafael (/mob/living/carbon/human): Login()
 - Robin Rafael (/mob/living/carbon/human): Login()
 - 
[2020-09-01 23:14:21.607] runtime error: 
 - proc name: stack trace (/proc/stack_trace)
 -   source file: unsorted.dm,1093
 -   usr: Pedro Ilurdoz (/mob/dead/observer)
 -   src: null
 -   usr.loc: the floor (160,114,2) (/turf/open/floor/plasteel/dark)
 -   call stack:
 - stack trace(null)
 - gib stack trace()
 - register asset("asset.45a8ad3207fab89736bdbbdc...", /icon (/icon))
 - icon2html(the cloning pod (/obj/machinery/clonepod), Pedro Ilurdoz (/mob/dead/observer), "pod_1", 2, 1, 0)
 - the cloning pod (/obj/machinery/clonepod): get examine string(Pedro Ilurdoz (/mob/dead/observer), 1)
 - the cloning pod (/obj/machinery/clonepod): examine(Pedro Ilurdoz (/mob/dead/observer))
 - the cloning pod (/obj/machinery/clonepod): examine(Pedro Ilurdoz (/mob/dead/observer))
 - the cloning pod (/obj/machinery/clonepod): examine(Pedro Ilurdoz (/mob/dead/observer))
 - the cloning pod (/obj/machinery/clonepod): examine(Pedro Ilurdoz (/mob/dead/observer))
 - the cloning pod (/obj/machinery/clonepod): attack ai(Pedro Ilurdoz (/mob/dead/observer))
 - the cloning pod (/obj/machinery/clonepod): attack ghost(Pedro Ilurdoz (/mob/dead/observer))
 - the cloning pod (/obj/machinery/clonepod): attack ghost(Pedro Ilurdoz (/mob/dead/observer))
 - Pedro Ilurdoz (/mob/dead/observer): ClickOn(the cloning pod (/obj/machinery/clonepod), "icon-x=20;icon-y=10;left=1;scr...")
 - the cloning pod (/obj/machinery/clonepod): Click(the floor (161,114,2) (/turf/open/floor/plasteel/dark), "mapwindow.map", "icon-x=20;icon-y=10;left=1;scr...", 0)
 - Bob Joga (/client): Click(the cloning pod (/obj/machinery/clonepod), the floor (161,114,2) (/turf/open/floor/plasteel/dark), "mapwindow.map", "icon-x=20;icon-y=10;left=1;scr...", 0)
 - 
[2020-09-01 23:14:23.209] runtime error: 
 - proc name: stack trace (/proc/stack_trace)
 -   source file: unsorted.dm,1093
 -   usr: Pedro Ilurdoz (/mob/dead/observer)
 -   src: null
 -   usr.loc: the floor (160,114,2) (/turf/open/floor/plasteel/dark)
 -   call stack:
 - stack trace(null)
 - gib stack trace()
 - register asset("asset.45a8ad3207fab89736bdbbdc...", /icon (/icon))
 - icon2html(the cloning pod (/obj/machinery/clonepod), Pedro Ilurdoz (/mob/dead/observer), "pod_1", 2, 1, 0)
 - the cloning pod (/obj/machinery/clonepod): get examine string(Pedro Ilurdoz (/mob/dead/observer), 1)
 - the cloning pod (/obj/machinery/clonepod): examine(Pedro Ilurdoz (/mob/dead/observer))
 - the cloning pod (/obj/machinery/clonepod): examine(Pedro Ilurdoz (/mob/dead/observer))
 - the cloning pod (/obj/machinery/clonepod): examine(Pedro Ilurdoz (/mob/dead/observer))
 - the cloning pod (/obj/machinery/clonepod): examine(Pedro Ilurdoz (/mob/dead/observer))
 - the cloning pod (/obj/machinery/clonepod): attack ai(Pedro Ilurdoz (/mob/dead/observer))
 - the cloning pod (/obj/machinery/clonepod): attack ghost(Pedro Ilurdoz (/mob/dead/observer))
 - the cloning pod (/obj/machinery/clonepod): attack ghost(Pedro Ilurdoz (/mob/dead/observer))
 - Pedro Ilurdoz (/mob/dead/observer): ClickOn(the cloning pod (/obj/machinery/clonepod), "icon-x=20;icon-y=10;left=1;scr...")
 - the cloning pod (/obj/machinery/clonepod): Click(the floor (161,114,2) (/turf/open/floor/plasteel/dark), "mapwindow.map", "icon-x=20;icon-y=10;left=1;scr...", 0)
 - Bob Joga (/client): Click(the cloning pod (/obj/machinery/clonepod), the floor (161,114,2) (/turf/open/floor/plasteel/dark), "mapwindow.map", "icon-x=20;icon-y=10;left=1;scr...", 0)
 - 
[2020-09-01 23:14:26.353] runtime error: 
 - proc name: stack trace (/proc/stack_trace)
 -   source file: unsorted.dm,1093
 -   usr: Pedro Ilurdoz (/mob/dead/observer)
 -   src: null
 -   usr.loc: the floor (160,114,2) (/turf/open/floor/plasteel/dark)
 -   call stack:
 - stack trace(null)
 - gib stack trace()
 - register asset("asset.45a8ad3207fab89736bdbbdc...", /icon (/icon))
 - icon2html(the cloning pod (/obj/machinery/clonepod), Pedro Ilurdoz (/mob/dead/observer), "pod_1", 2, 1, 0)
 - the cloning pod (/obj/machinery/clonepod): get examine string(Pedro Ilurdoz (/mob/dead/observer), 1)
 - the cloning pod (/obj/machinery/clonepod): examine(Pedro Ilurdoz (/mob/dead/observer))
 - the cloning pod (/obj/machinery/clonepod): examine(Pedro Ilurdoz (/mob/dead/observer))
 - the cloning pod (/obj/machinery/clonepod): examine(Pedro Ilurdoz (/mob/dead/observer))
 - the cloning pod (/obj/machinery/clonepod): examine(Pedro Ilurdoz (/mob/dead/observer))
 - Pedro Ilurdoz (/mob/dead/observer): Examine(the cloning pod (/obj/machinery/clonepod))
 - 
[2020-09-01 23:16:14.899] runtime error: 
 - proc name: stack trace (/proc/stack_trace)
 -   source file: unsorted.dm,1093
 -   usr: Pedro Ilurdoz (/mob/dead/observer)
 -   src: null
 -   usr.loc: the floor (160,114,2) (/turf/open/floor/plasteel/dark)
 -   call stack:
 - stack trace(null)
 - gib stack trace()
 - register asset("asset.45a8ad3207fab89736bdbbdc...", /icon (/icon))
 - icon2html(the cloning pod (/obj/machinery/clonepod), Pedro Ilurdoz (/mob/dead/observer), "pod_1", 2, 1, 0)
 - the cloning pod (/obj/machinery/clonepod): get examine string(Pedro Ilurdoz (/mob/dead/observer), 1)
 - the cloning pod (/obj/machinery/clonepod): examine(Pedro Ilurdoz (/mob/dead/observer))
 - the cloning pod (/obj/machinery/clonepod): examine(Pedro Ilurdoz (/mob/dead/observer))
 - the cloning pod (/obj/machinery/clonepod): examine(Pedro Ilurdoz (/mob/dead/observer))
 - the cloning pod (/obj/machinery/clonepod): examine(Pedro Ilurdoz (/mob/dead/observer))
 - the cloning pod (/obj/machinery/clonepod): attack ai(Pedro Ilurdoz (/mob/dead/observer))
 - the cloning pod (/obj/machinery/clonepod): attack ghost(Pedro Ilurdoz (/mob/dead/observer))
 - the cloning pod (/obj/machinery/clonepod): attack ghost(Pedro Ilurdoz (/mob/dead/observer))
 - Pedro Ilurdoz (/mob/dead/observer): ClickOn(the cloning pod (/obj/machinery/clonepod), "icon-x=16;icon-y=24;left=1;scr...")
 - the cloning pod (/obj/machinery/clonepod): Click(the floor (161,114,2) (/turf/open/floor/plasteel/dark), "mapwindow.map", "icon-x=16;icon-y=24;left=1;scr...", 0)
 - Bob Joga (/client): Click(the cloning pod (/obj/machinery/clonepod), the floor (161,114,2) (/turf/open/floor/plasteel/dark), "mapwindow.map", "icon-x=16;icon-y=24;left=1;scr...", 0)
 - 
[2020-09-01 23:21:59.363] ### VarEdit by Bob Joga/(Pedro Ilurdoz): /mob/living/carbon/human shock_stage=48 => 0
[2020-09-01 23:22:56.826] ### VarEdit by Bob Joga/(Pedro Ilurdoz): /mob/living/carbon/human shock_stage=28 => 0
