[2020-09-01 23:06:10.069] Starting up round ID .
 - -------------------------
[2020-09-01 23:09:39.427] TCOMMS: *no key*/(Poly) [Engineering] (spans:  ) "Wire the solars, you lazy bums!" (language: Galactic Common) (Chief Engineer's Office (117, 82, 2))
[2020-09-01 23:09:43.427] TCOMMS: *no key*/(Poly) [Engineering] (spans:  ) "WHO TOOK THE DAMN HARDSUITS?" (language: Galactic Common) (Chief Engineer's Office (116, 82, 2))
[2020-09-01 23:09:49.427] TCOMMS: *no key*/(Poly) [Engineering] (spans:  ) "WHO TOOK THE DAMN HARDSUITS?" (language: Galactic Common) (Chief Engineer's Office (115, 81, 2))
[2020-09-01 23:09:53.458] TCOMMS: *no key*/(Poly) [Engineering] (spans:  ) "OH GOD ITS ABOUT TO DELAMINATE CALL THE SHUTTLE" (language: Galactic Common) (Chief Engineer's Office (115, 81, 2))
[2020-09-01 23:10:07.464] TCOMMS: *no key*/(Poly) [Engineering] (spans:  ) "OH GOD ITS ABOUT TO DELAMINATE CALL THE SHUTTLE" (language: Galactic Common) (Chief Engineer's Office (115, 81, 2))
[2020-09-01 23:10:13.462] TCOMMS: *no key*/(Poly) [Engineering] (spans:  ) "Wire the solars, you lazy bums!" (language: Galactic Common) (Chief Engineer's Office (115, 81, 2))
[2020-09-01 23:10:39.469] TCOMMS: *no key*/(Poly) [Engineering] (spans:  ) "Poly wanna cracker!" (language: Galactic Common) (Chief Engineer's Office (116, 82, 2))
[2020-09-01 23:10:53.473] TCOMMS: *no key*/(Poly) [Engineering] (spans:  ) "Check the crystal, you chucklefucks!" (language: Galactic Common) (Chief Engineer's Office (115, 81, 2))
[2020-09-01 23:11:05.472] TCOMMS: *no key*/(Poly) [Engineering] (spans:  ) "Check the crystal, you chucklefucks!" (language: Galactic Common) (Chief Engineer's Office (115, 81, 2))
[2020-09-01 23:11:11.473] TCOMMS: *no key*/(Poly) [Engineering] (spans:  ) "Check the crystal, you chucklefucks!" (language: Galactic Common) (Chief Engineer's Office (115, 81, 2))
[2020-09-01 23:11:25.507] TCOMMS: *no key*/(Poly) [Engineering] (spans:  ) "...0." (language: Galactic Common) (Chief Engineer's Office (115, 81, 2))
[2020-09-01 23:12:00.856] TCOMMS: The cloning pod [Medical] (spans: robot ) "Insufficient amount of biomass to initiate cloning procedure." (language: Galactic Common) (Cloning Lab (161, 114, 2))
[2020-09-01 23:12:02.854] TCOMMS: The cloning pod [Medical] (spans: robot ) "Insufficient amount of biomass to initiate cloning procedure." (language: Galactic Common) (Cloning Lab (161, 114, 2))
[2020-09-01 23:12:04.855] TCOMMS: The cloning pod [Medical] (spans: robot ) "Insufficient amount of biomass to initiate cloning procedure." (language: Galactic Common) (Cloning Lab (161, 114, 2))
[2020-09-01 23:12:05.610] TCOMMS: *no key*/(Poly) [Engineering] (spans:  ) "WHO TOOK THE DAMN HARDSUITS?" (language: Galactic Common) (Chief Engineer's Office (115, 81, 2))
[2020-09-01 23:12:06.855] TCOMMS: The cloning pod [Medical] (spans: robot ) "Insufficient amount of biomass to initiate cloning procedure." (language: Galactic Common) (Cloning Lab (161, 114, 2))
[2020-09-01 23:12:08.855] TCOMMS: The cloning pod [Medical] (spans: robot ) "Insufficient amount of biomass to initiate cloning procedure." (language: Galactic Common) (Cloning Lab (161, 114, 2))
[2020-09-01 23:12:10.864] TCOMMS: The cloning pod [Medical] (spans: robot ) "Insufficient amount of biomass to initiate cloning procedure." (language: Galactic Common) (Cloning Lab (161, 114, 2))
[2020-09-01 23:12:12.864] TCOMMS: The cloning pod [Medical] (spans: robot ) "Insufficient amount of biomass to initiate cloning procedure." (language: Galactic Common) (Cloning Lab (161, 114, 2))
[2020-09-01 23:12:14.863] TCOMMS: The cloning pod [Medical] (spans: robot ) "Insufficient amount of biomass to initiate cloning procedure." (language: Galactic Common) (Cloning Lab (161, 114, 2))
[2020-09-01 23:12:15.618] TCOMMS: *no key*/(Poly) [Engineering] (spans:  ) "WHO TOOK THE DAMN HARDSUITS?" (language: Galactic Common) (Chief Engineer's Office (115, 81, 2))
[2020-09-01 23:12:16.863] TCOMMS: The cloning pod [Medical] (spans: robot ) "Insufficient amount of biomass to initiate cloning procedure." (language: Galactic Common) (Cloning Lab (161, 114, 2))
[2020-09-01 23:12:18.865] TCOMMS: The cloning pod [Medical] (spans: robot ) "Insufficient amount of biomass to initiate cloning procedure." (language: Galactic Common) (Cloning Lab (161, 114, 2))
[2020-09-01 23:12:19.619] TCOMMS: *no key*/(Poly) [Engineering] (spans:  ) "OH GOD ITS ABOUT TO DELAMINATE CALL THE SHUTTLE" (language: Galactic Common) (Chief Engineer's Office (115, 81, 2))
[2020-09-01 23:12:20.864] TCOMMS: The cloning pod [Medical] (spans: robot ) "Insufficient amount of biomass to initiate cloning procedure." (language: Galactic Common) (Cloning Lab (161, 114, 2))
[2020-09-01 23:12:22.864] TCOMMS: The cloning pod [Medical] (spans: robot ) "Insufficient amount of biomass to initiate cloning procedure." (language: Galactic Common) (Cloning Lab (161, 114, 2))
[2020-09-01 23:12:24.865] TCOMMS: The cloning pod [Medical] (spans: robot ) "Insufficient amount of biomass to initiate cloning procedure." (language: Galactic Common) (Cloning Lab (161, 114, 2))
[2020-09-01 23:12:26.864] TCOMMS: The cloning pod [Medical] (spans: robot ) "Insufficient amount of biomass to initiate cloning procedure." (language: Galactic Common) (Cloning Lab (161, 114, 2))
[2020-09-01 23:12:28.864] TCOMMS: The cloning pod [Medical] (spans: robot ) "Insufficient amount of biomass to initiate cloning procedure." (language: Galactic Common) (Cloning Lab (161, 114, 2))
[2020-09-01 23:12:30.864] TCOMMS: The cloning pod [Medical] (spans: robot ) "Insufficient amount of biomass to initiate cloning procedure." (language: Galactic Common) (Cloning Lab (161, 114, 2))
[2020-09-01 23:12:43.618] TCOMMS: *no key*/(Poly) [Engineering] (spans:  ) "Check the crystal, you chucklefucks!" (language: Galactic Common) (Chief Engineer's Office (115, 81, 2))
[2020-09-01 23:13:13.621] TCOMMS: *no key*/(Poly) [Engineering] (spans:  ) "WHO TOOK THE DAMN HARDSUITS?" (language: Galactic Common) (Chief Engineer's Office (115, 81, 2))
[2020-09-01 23:13:45.696] TCOMMS: *no key*/(Poly) [Engineering] (spans:  ) "WHO TOOK THE DAMN HARDSUITS?" (language: Galactic Common) (Chief Engineer's Office (115, 81, 2))
[2020-09-01 23:14:17.698] TCOMMS: *no key*/(Poly) [Engineering] (spans:  ) "Poly wanna cracker!" (language: Galactic Common) (Chief Engineer's Office (115, 81, 2))
[2020-09-01 23:15:05.796] TCOMMS: *no key*/(Poly) [Engineering] (spans:  ) "Check the crystal, you chucklefucks!" (language: Galactic Common) (Chief Engineer's Office (115, 81, 2))
[2020-09-01 23:15:51.796] TCOMMS: *no key*/(Poly) [Engineering] (spans:  ) "Wire the solars, you lazy bums!" (language: Galactic Common) (Chief Engineer's Office (115, 81, 2))
[2020-09-01 23:16:09.800] TCOMMS: *no key*/(Poly) [Engineering] (spans:  ) "Poly wanna cracker!" (language: Galactic Common) (Chief Engineer's Office (115, 81, 2))
[2020-09-01 23:16:39.847] TCOMMS: *no key*/(Poly) [Engineering] (spans:  ) "...0." (language: Galactic Common) (Chief Engineer's Office (116, 80, 2))
[2020-09-01 23:16:43.849] TCOMMS: *no key*/(Poly) [Engineering] (spans:  ) "...0." (language: Galactic Common) (Chief Engineer's Office (118, 80, 2))
[2020-09-01 23:16:45.848] TCOMMS: *no key*/(Poly) [Engineering] (spans:  ) "Wire the solars, you lazy bums!" (language: Galactic Common) (Chief Engineer's Office (118, 81, 2))
[2020-09-01 23:18:19.995] TCOMMS: *no key*/(Poly) [Engineering] (spans:  ) "Check the crystal, you chucklefucks!" (language: Galactic Common) (Chief Engineer's Office (115, 81, 2))
[2020-09-01 23:18:21.997] TCOMMS: *no key*/(Poly) [Engineering] (spans:  ) "Wire the solars, you lazy bums!" (language: Galactic Common) (Chief Engineer's Office (115, 81, 2))
[2020-09-01 23:18:36.015] TCOMMS: *no key*/(Poly) [Engineering] (spans:  ) "Wire the solars, you lazy bums!" (language: Galactic Common) (Chief Engineer's Office (115, 81, 2))
[2020-09-01 23:18:50.016] TCOMMS: *no key*/(Poly) [Engineering] (spans:  ) "WHO TOOK THE DAMN HARDSUITS?" (language: Galactic Common) (Chief Engineer's Office (115, 81, 2))
[2020-09-01 23:20:08.066] TCOMMS: *no key*/(Poly) [Engineering] (spans:  ) "OH GOD ITS ABOUT TO DELAMINATE CALL THE SHUTTLE" (language: Galactic Common) (Chief Engineer's Office (116, 79, 2))
[2020-09-01 23:21:14.208] TCOMMS: *no key*/(Poly) [Engineering] (spans:  ) "...0." (language: Galactic Common) (Chief Engineer's Office (115, 81, 2))
[2020-09-01 23:21:18.211] TCOMMS: *no key*/(Poly) [Engineering] (spans:  ) "Check the crystal, you chucklefucks!" (language: Galactic Common) (Chief Engineer's Office (116, 79, 2))
[2020-09-01 23:21:24.211] TCOMMS: *no key*/(Poly) [Engineering] (spans:  ) "Wire the solars, you lazy bums!" (language: Galactic Common) (Chief Engineer's Office (116, 80, 2))
[2020-09-01 23:21:26.209] TCOMMS: *no key*/(Poly) [Engineering] (spans:  ) "OH GOD ITS ABOUT TO DELAMINATE CALL THE SHUTTLE" (language: Galactic Common) (Chief Engineer's Office (117, 80, 2))
[2020-09-01 23:21:54.242] TCOMMS: *no key*/(Poly) [Engineering] (spans:  ) "OH GOD ITS ABOUT TO DELAMINATE CALL THE SHUTTLE" (language: Galactic Common) (Chief Engineer's Office (115, 81, 2))
[2020-09-01 23:22:12.255] TCOMMS: *no key*/(Poly) [Engineering] (spans:  ) "WHO TOOK THE DAMN HARDSUITS?" (language: Galactic Common) (Chief Engineer's Office (115, 81, 2))
[2020-09-01 23:22:56.402] TCOMMS: *no key*/(Poly) [Engineering] (spans:  ) "OH GOD ITS ABOUT TO DELAMINATE CALL THE SHUTTLE" (language: Galactic Common) (Chief Engineer's Office (115, 81, 2))
[2020-09-01 23:23:10.425] TCOMMS: *no key*/(Poly) [Engineering] (spans:  ) "OH GOD ITS ABOUT TO DELAMINATE CALL THE SHUTTLE" (language: Galactic Common) (Chief Engineer's Office (115, 81, 2))
[2020-09-01 23:23:34.431] TCOMMS: *no key*/(Poly) [Engineering] (spans:  ) "Wire the solars, you lazy bums!" (language: Galactic Common) (Chief Engineer's Office (115, 81, 2))
[2020-09-01 23:25:07.586] TCOMMS: *no key*/(Poly) [Engineering] (spans:  ) "OH GOD ITS ABOUT TO DELAMINATE CALL THE SHUTTLE" (language: Galactic Common) (Chief Engineer's Office (115, 81, 2))
[2020-09-01 23:25:29.580] TCOMMS: *no key*/(Poly) [Engineering] (spans:  ) "OH GOD ITS ABOUT TO DELAMINATE CALL THE SHUTTLE" (language: Galactic Common) (Chief Engineer's Office (115, 81, 2))
[2020-09-01 23:25:35.583] TCOMMS: *no key*/(Poly) [Engineering] (spans:  ) "Poly wanna cracker!" (language: Galactic Common) (Chief Engineer's Office (116, 79, 2))
[2020-09-01 23:25:37.584] TCOMMS: *no key*/(Poly) [Engineering] (spans:  ) "WHO TOOK THE DAMN HARDSUITS?" (language: Galactic Common) (Chief Engineer's Office (116, 79, 2))
