[2020-08-30 01:07:06.323] Starting up round ID .
 - -------------------------
[2020-08-30 01:07:11.778] INIT: Initialized Profiler subsystem within 0 seconds!
[2020-08-30 01:07:11.928] Fail2Topic: Failed to drop firewall rule. Exit code: 1.
[2020-08-30 01:07:11.928] INIT: Initialized Fail2Topic subsystem within 0.2 seconds!
[2020-08-30 01:07:11.929] INIT: Initialized Title Screen subsystem within 0 seconds!
[2020-08-30 01:07:11.930] INIT: Initialized Database subsystem within 0 seconds!
[2020-08-30 01:07:11.930] INIT: Initialized Blackbox subsystem within 0 seconds!
[2020-08-30 01:07:11.931] INIT: Initialized Server Tasks subsystem within 0 seconds!
[2020-08-30 01:07:11.932] INIT: Initialized Input subsystem within 0 seconds!
[2020-08-30 01:07:11.936] INIT: Initialized Sounds subsystem within 0 seconds!
[2020-08-30 01:07:11.936] INIT: Initialized Vis contents overlays subsystem within 0 seconds!
[2020-08-30 01:07:11.995] INIT: Initialized Research subsystem within 0 seconds!
[2020-08-30 01:07:11.998] INIT: Initialized Events subsystem within 0 seconds!
[2020-08-30 01:07:12.003] INIT: Initialized Jobs subsystem within 0.1 seconds!
[2020-08-30 01:07:12.008] INIT: Initialized Quirks subsystem within 0 seconds!
[2020-08-30 01:07:12.014] INIT: Initialized Ticker subsystem within 0 seconds!
[2020-08-30 01:07:12.026] INIT: Initialized Instruments subsystem within 0 seconds!
[2020-08-30 01:07:29.068] INIT: Initialized Mapping subsystem within 17 seconds!
[2020-08-30 01:07:29.079] INIT: Initialized Economy subsystem within 0 seconds!
[2020-08-30 01:07:29.080] INIT: Initialized Networks subsystem within 0 seconds!
[2020-08-30 01:07:29.080] INIT: Initialized Holodeck subsystem within 0 seconds!
[2020-08-30 01:08:00.750] INIT: Initialized Atoms subsystem within 31.7 seconds!
[2020-08-30 01:08:00.776] INIT: Initialized Language subsystem within 0 seconds!
[2020-08-30 01:08:00.935] INIT: Initialized Machines subsystem within 0.2 seconds!
[2020-08-30 01:08:00.969] INIT: Initialized Circuit subsystem within 0 seconds!
[2020-08-30 01:08:02.214] INIT: Initialized Atmos Adjacency subsystem within 1.3 seconds!
[2020-08-30 01:08:02.214] INIT: Initialized Autotransfer Vote subsystem within 0 seconds!
[2020-08-30 01:08:02.214] INIT: Initialized Chemistry subsystem within 0 seconds!
[2020-08-30 01:08:02.214] INIT: Initialized Status Effects subsystem within 0 seconds!
[2020-08-30 01:08:02.215] INIT: Initialized Weather subsystem within 0 seconds!
[2020-08-30 01:08:02.218] INIT: Initialized Disease subsystem within 0 seconds!
[2020-08-30 01:08:02.218] INIT: Initialized Jukeboxes subsystem within 0 seconds!
[2020-08-30 01:08:02.218] INIT: Initialized Medals subsystem within 0 seconds!
[2020-08-30 01:08:02.461] INIT: Initialized Minimaps subsystem within 0.2 seconds!
[2020-08-30 01:08:02.509] INIT: Initialized Night Shift subsystem within 0 seconds!
[2020-08-30 01:08:02.509] INIT: Initialized Parallax subsystem within 0 seconds!
[2020-08-30 01:08:02.509] INIT: Initialized Sun subsystem within 0 seconds!
[2020-08-30 01:08:02.712] INIT: Initialized Traumas subsystem within 0.2 seconds!
[2020-08-30 01:08:02.748] INIT: Initialized Bluespace Locker subsystem within 0 seconds!
[2020-08-30 01:08:02.748] INIT: Initialized Pacification Bans subsystem within 0 seconds!
[2020-08-30 01:08:02.749] INIT: Initialized Logging subsystem within 0 seconds!
[2020-08-30 01:08:02.749] INIT: Initialized Recycling subsystem within 0 seconds!
[2020-08-30 01:08:08.994] INIT: Initialized Atmospherics subsystem within 6.2 seconds!
[2020-08-30 01:08:08.994] INIT: Initialized Atmospherics - Turfs subsystem within 0 seconds!
[2020-08-30 01:08:11.914] INIT: Initialized Assets subsystem within 3 seconds!
[2020-08-30 01:08:18.014] INIT: Initialized Icon Smoothing subsystem within 6.1 seconds!
[2020-08-30 01:08:19.218] INIT: Initialized Overlay subsystem within 1.2 seconds!
[2020-08-30 01:08:19.218] INIT: Initialized XKeyScore subsystem within 0 seconds!
[2020-08-30 01:08:19.218] INIT: Initialized Sticky Ban subsystem within 0 seconds!
[2020-08-30 01:08:27.455] INIT: Initialized Lighting subsystem within 8.2 seconds!
[2020-08-30 01:08:35.267] INIT: Initialized Shuttle subsystem within 7.8 seconds!
[2020-08-30 01:08:35.338] INIT: Initialized Minor Mapping subsystem within 0.1 seconds!
[2020-08-30 01:08:35.340] INIT: Initialized Pathfinder subsystem within 0 seconds!
[2020-08-30 01:08:35.382] INIT: Initialized Persistence subsystem within 0 seconds!
[2020-08-30 01:08:35.382] INIT: Initialized Chat subsystem within 0 seconds!
