[2020-09-17 13:46:11.868] Starting up round ID .
 - -------------------------
[2020-09-17 13:46:18.003] INIT: Initialized Profiler subsystem within 0 seconds!
[2020-09-17 13:46:18.204] Fail2Topic: Failed to drop firewall rule. Exit code: 1.
[2020-09-17 13:46:18.206] INIT: Initialized Fail2Topic subsystem within 0.2 seconds!
[2020-09-17 13:46:18.210] INIT: Initialized Title Screen subsystem within 0 seconds!
[2020-09-17 13:46:18.210] INIT: Initialized Database subsystem within 0 seconds!
[2020-09-17 13:46:18.211] INIT: Initialized Blackbox subsystem within 0 seconds!
[2020-09-17 13:46:18.211] INIT: Initialized Server Tasks subsystem within 0 seconds!
[2020-09-17 13:46:18.213] INIT: Initialized Input subsystem within 0 seconds!
[2020-09-17 13:46:18.218] INIT: Initialized Sounds subsystem within 0 seconds!
[2020-09-17 13:46:18.219] INIT: Initialized Vis contents overlays subsystem within 0 seconds!
[2020-09-17 13:46:18.290] INIT: Initialized Research subsystem within 0 seconds!
[2020-09-17 13:46:18.294] INIT: Initialized Events subsystem within 0 seconds!
[2020-09-17 13:46:18.298] INIT: Initialized Jobs subsystem within 0 seconds!
[2020-09-17 13:46:18.304] INIT: Initialized Quirks subsystem within 0.1 seconds!
[2020-09-17 13:46:18.311] INIT: Initialized Ticker subsystem within 0 seconds!
[2020-09-17 13:46:18.324] INIT: Initialized Instruments subsystem within 0 seconds!
[2020-09-17 13:46:36.491] INIT: Initialized Mapping subsystem within 18.1 seconds!
[2020-09-17 13:46:36.509] INIT: Initialized Economy subsystem within 0 seconds!
[2020-09-17 13:46:36.510] INIT: Initialized Networks subsystem within 0 seconds!
[2020-09-17 13:46:36.510] INIT: Initialized Holodeck subsystem within 0 seconds!
