[2020-09-10 02:01:24.441] Starting up round ID .
 - -------------------------
[2020-09-10 02:01:29.857] INIT: Initialized Profiler subsystem within 0 seconds!
[2020-09-10 02:01:30.056] Fail2Topic: Failed to drop firewall rule. Exit code: 1.
[2020-09-10 02:01:30.057] INIT: Initialized Fail2Topic subsystem within 0.2 seconds!
[2020-09-10 02:01:30.060] INIT: Initialized Title Screen subsystem within 0 seconds!
[2020-09-10 02:01:30.061] INIT: Initialized Database subsystem within 0 seconds!
[2020-09-10 02:01:30.061] INIT: Initialized Blackbox subsystem within 0 seconds!
[2020-09-10 02:01:30.062] INIT: Initialized Server Tasks subsystem within 0 seconds!
[2020-09-10 02:01:30.063] INIT: Initialized Input subsystem within 0 seconds!
[2020-09-10 02:01:30.065] INIT: Initialized Sounds subsystem within 0 seconds!
[2020-09-10 02:01:30.066] INIT: Initialized Vis contents overlays subsystem within 0 seconds!
[2020-09-10 02:01:30.126] INIT: Initialized Research subsystem within 0.1 seconds!
[2020-09-10 02:01:30.129] INIT: Initialized Events subsystem within 0 seconds!
[2020-09-10 02:01:30.133] INIT: Initialized Jobs subsystem within 0 seconds!
[2020-09-10 02:01:30.138] INIT: Initialized Quirks subsystem within 0 seconds!
[2020-09-10 02:01:30.145] INIT: Initialized Ticker subsystem within 0 seconds!
[2020-09-10 02:01:30.157] INIT: Initialized Instruments subsystem within 0 seconds!
[2020-09-10 02:01:47.884] INIT: Initialized Mapping subsystem within 17.7 seconds!
[2020-09-10 02:01:47.898] INIT: Initialized Economy subsystem within 0 seconds!
[2020-09-10 02:01:47.899] INIT: Initialized Networks subsystem within 0 seconds!
[2020-09-10 02:01:47.899] INIT: Initialized Holodeck subsystem within 0 seconds!
[2020-09-10 02:02:22.605] INIT: Initialized Atoms subsystem within 34.7 seconds!
[2020-09-10 02:02:22.632] INIT: Initialized Language subsystem within 0 seconds!
[2020-09-10 02:02:22.830] INIT: Initialized Machines subsystem within 0.2 seconds!
[2020-09-10 02:02:22.901] INIT: Initialized Circuit subsystem within 0.1 seconds!
[2020-09-10 02:02:24.517] INIT: Initialized Atmos Adjacency subsystem within 1.6 seconds!
[2020-09-10 02:02:24.517] INIT: Initialized Autotransfer Vote subsystem within 0 seconds!
[2020-09-10 02:02:24.517] INIT: Initialized Chemistry subsystem within 0 seconds!
[2020-09-10 02:02:24.518] INIT: Initialized Status Effects subsystem within 0 seconds!
[2020-09-10 02:02:24.519] INIT: Initialized Weather subsystem within 0 seconds!
[2020-09-10 02:02:24.522] INIT: Initialized Disease subsystem within 0 seconds!
[2020-09-10 02:02:24.522] INIT: Initialized Jukeboxes subsystem within 0 seconds!
[2020-09-10 02:02:24.523] INIT: Initialized Medals subsystem within 0 seconds!
[2020-09-10 02:02:24.798] INIT: Initialized Minimaps subsystem within 0.2 seconds!
[2020-09-10 02:02:24.869] INIT: Initialized Night Shift subsystem within 0 seconds!
[2020-09-10 02:02:24.869] INIT: Initialized Parallax subsystem within 0 seconds!
[2020-09-10 02:02:24.869] INIT: Initialized Sun subsystem within 0 seconds!
[2020-09-10 02:02:25.175] INIT: Initialized Traumas subsystem within 0.3 seconds!
[2020-09-10 02:02:25.268] INIT: Initialized Bluespace Locker subsystem within 0 seconds!
[2020-09-10 02:02:25.268] INIT: Initialized Pacification Bans subsystem within 0 seconds!
[2020-09-10 02:02:25.269] INIT: Initialized Logging subsystem within 0 seconds!
[2020-09-10 02:02:25.269] INIT: Initialized Recycling subsystem within 0 seconds!
[2020-09-10 02:02:32.566] INIT: Initialized Atmospherics subsystem within 7.3 seconds!
[2020-09-10 02:02:32.566] INIT: Initialized Atmospherics - Turfs subsystem within 0 seconds!
[2020-09-10 02:02:35.814] INIT: Initialized Assets subsystem within 3.3 seconds!
[2020-09-10 02:02:42.220] INIT: Initialized Icon Smoothing subsystem within 6.4 seconds!
[2020-09-10 02:02:43.534] INIT: Initialized Overlay subsystem within 1.3 seconds!
[2020-09-10 02:02:43.534] INIT: Initialized XKeyScore subsystem within 0 seconds!
[2020-09-10 02:02:43.535] INIT: Initialized Sticky Ban subsystem within 0 seconds!
[2020-09-10 02:02:51.626] INIT: Initialized Lighting subsystem within 8.1 seconds!
[2020-09-10 02:02:55.448] INIT: Initialized Shuttle subsystem within 3.8 seconds!
[2020-09-10 02:02:55.522] INIT: Initialized Minor Mapping subsystem within 0.1 seconds!
[2020-09-10 02:02:55.523] INIT: Initialized Pathfinder subsystem within 0 seconds!
[2020-09-10 02:02:55.555] INIT: Initialized Persistence subsystem within 0 seconds!
[2020-09-10 02:02:55.556] INIT: Initialized Chat subsystem within 0 seconds!
