[2020-09-30 21:36:20.204] Starting up round ID .
 - -------------------------
[2020-09-30 21:36:26.321] INIT: Initialized Profiler subsystem within 0 seconds!
[2020-09-30 21:36:26.571] Fail2Topic: Failed to drop firewall rule. Exit code: 1.
[2020-09-30 21:36:26.571] INIT: Initialized Fail2Topic subsystem within 0.2 seconds!
[2020-09-30 21:36:26.575] INIT: Initialized Title Screen subsystem within 0 seconds!
[2020-09-30 21:36:26.575] INIT: Initialized Database subsystem within 0 seconds!
[2020-09-30 21:36:26.575] INIT: Initialized Blackbox subsystem within 0 seconds!
[2020-09-30 21:36:26.576] INIT: Initialized Server Tasks subsystem within 0 seconds!
[2020-09-30 21:36:26.578] INIT: Initialized Input subsystem within 0 seconds!
[2020-09-30 21:36:26.579] INIT: Initialized Sounds subsystem within 0 seconds!
[2020-09-30 21:36:26.580] INIT: Initialized Vis contents overlays subsystem within 0 seconds!
[2020-09-30 21:36:26.641] INIT: Initialized Research subsystem within 0.1 seconds!
[2020-09-30 21:36:26.645] INIT: Initialized Events subsystem within 0 seconds!
[2020-09-30 21:36:26.650] INIT: Initialized Jobs subsystem within 0 seconds!
[2020-09-30 21:36:26.657] INIT: Initialized Quirks subsystem within 0 seconds!
[2020-09-30 21:36:26.663] INIT: Initialized Ticker subsystem within 0 seconds!
[2020-09-30 21:36:26.678] INIT: Initialized Instruments subsystem within 0 seconds!
[2020-09-30 21:36:50.514] INIT: Initialized Mapping subsystem within 23.9 seconds!
[2020-09-30 21:36:50.533] INIT: Initialized Economy subsystem within 0 seconds!
[2020-09-30 21:36:50.534] INIT: Initialized Networks subsystem within 0 seconds!
[2020-09-30 21:36:50.534] INIT: Initialized Holodeck subsystem within 0 seconds!
[2020-09-30 21:37:36.277] INIT: Initialized Atoms subsystem within 45.7 seconds!
[2020-09-30 21:37:36.306] INIT: Initialized Language subsystem within 0.1 seconds!
[2020-09-30 21:37:36.532] INIT: Initialized Machines subsystem within 0.2 seconds!
[2020-09-30 21:37:36.601] INIT: Initialized Circuit subsystem within 0.1 seconds!
[2020-09-30 21:37:38.362] INIT: Initialized Atmos Adjacency subsystem within 1.7 seconds!
[2020-09-30 21:37:38.363] INIT: Initialized Autotransfer Vote subsystem within 0 seconds!
[2020-09-30 21:37:38.363] INIT: Initialized Chemistry subsystem within 0 seconds!
[2020-09-30 21:37:38.363] INIT: Initialized Status Effects subsystem within 0 seconds!
[2020-09-30 21:37:38.364] INIT: Initialized Weather subsystem within 0 seconds!
[2020-09-30 21:37:38.367] INIT: Initialized Disease subsystem within 0 seconds!
[2020-09-30 21:37:38.368] INIT: Initialized Jukeboxes subsystem within 0 seconds!
[2020-09-30 21:37:38.368] INIT: Initialized Medals subsystem within 0 seconds!
[2020-09-30 21:37:38.731] INIT: Initialized Minimaps subsystem within 0.4 seconds!
[2020-09-30 21:37:38.884] INIT: Initialized Night Shift subsystem within 0 seconds!
[2020-09-30 21:37:38.884] INIT: Initialized Parallax subsystem within 0 seconds!
[2020-09-30 21:37:38.884] INIT: Initialized Sun subsystem within 0 seconds!
[2020-09-30 21:37:39.337] INIT: Initialized Traumas subsystem within 0.5 seconds!
[2020-09-30 21:37:39.516] INIT: Initialized Bluespace Locker subsystem within 0.1 seconds!
[2020-09-30 21:37:39.516] INIT: Initialized Pacification Bans subsystem within 0 seconds!
[2020-09-30 21:37:39.516] INIT: Initialized Logging subsystem within 0 seconds!
[2020-09-30 21:37:39.517] INIT: Initialized Recycling subsystem within 0 seconds!
[2020-09-30 21:37:48.703] INIT: Initialized Atmospherics subsystem within 9.2 seconds!
[2020-09-30 21:37:48.703] INIT: Initialized Atmospherics - Turfs subsystem within 0 seconds!
[2020-09-30 21:37:52.386] INIT: Initialized Assets subsystem within 3.6 seconds!
[2020-09-30 21:38:00.413] INIT: Initialized Icon Smoothing subsystem within 8 seconds!
[2020-09-30 21:38:01.897] INIT: Initialized Overlay subsystem within 1.4 seconds!
[2020-09-30 21:38:01.897] INIT: Initialized XKeyScore subsystem within 0 seconds!
[2020-09-30 21:38:01.898] INIT: Initialized Sticky Ban subsystem within 0 seconds!
