[2020-09-03 15:18:36.827] Starting up round ID .
 - -------------------------
[2020-09-03 15:18:42.620] INIT: Initialized Profiler subsystem within 0 seconds!
[2020-09-03 15:18:42.771] Fail2Topic: Failed to drop firewall rule. Exit code: 1.
[2020-09-03 15:18:42.771] INIT: Initialized Fail2Topic subsystem within 0.1 seconds!
[2020-09-03 15:18:42.773] INIT: Initialized Title Screen subsystem within 0 seconds!
[2020-09-03 15:18:42.774] INIT: Initialized Database subsystem within 0 seconds!
[2020-09-03 15:18:42.774] INIT: Initialized Blackbox subsystem within 0 seconds!
[2020-09-03 15:18:42.774] INIT: Initialized Server Tasks subsystem within 0 seconds!
[2020-09-03 15:18:42.777] INIT: Initialized Input subsystem within 0 seconds!
[2020-09-03 15:18:42.779] INIT: Initialized Sounds subsystem within 0 seconds!
[2020-09-03 15:18:42.779] INIT: Initialized Vis contents overlays subsystem within 0 seconds!
[2020-09-03 15:18:42.848] INIT: Initialized Research subsystem within 0.1 seconds!
[2020-09-03 15:18:42.851] INIT: Initialized Events subsystem within 0 seconds!
[2020-09-03 15:18:42.856] INIT: Initialized Jobs subsystem within 0 seconds!
[2020-09-03 15:18:42.861] INIT: Initialized Quirks subsystem within 0 seconds!
[2020-09-03 15:18:42.867] INIT: Initialized Ticker subsystem within 0 seconds!
[2020-09-03 15:18:42.879] INIT: Initialized Instruments subsystem within 0 seconds!
[2020-09-03 15:19:00.622] INIT: Initialized Mapping subsystem within 17.8 seconds!
[2020-09-03 15:19:00.635] INIT: Initialized Economy subsystem within 0 seconds!
[2020-09-03 15:19:00.636] INIT: Initialized Networks subsystem within 0 seconds!
[2020-09-03 15:19:00.637] INIT: Initialized Holodeck subsystem within 0 seconds!
[2020-09-03 15:19:32.843] INIT: Initialized Atoms subsystem within 32.2 seconds!
[2020-09-03 15:19:32.871] INIT: Initialized Language subsystem within 0 seconds!
[2020-09-03 15:19:33.050] INIT: Initialized Machines subsystem within 0.2 seconds!
[2020-09-03 15:19:33.087] INIT: Initialized Circuit subsystem within 0 seconds!
[2020-09-03 15:19:34.439] INIT: Initialized Atmos Adjacency subsystem within 1.4 seconds!
[2020-09-03 15:19:34.440] INIT: Initialized Autotransfer Vote subsystem within 0 seconds!
[2020-09-03 15:19:34.440] INIT: Initialized Chemistry subsystem within 0 seconds!
[2020-09-03 15:19:34.440] INIT: Initialized Status Effects subsystem within 0 seconds!
[2020-09-03 15:19:34.441] INIT: Initialized Weather subsystem within 0 seconds!
[2020-09-03 15:19:34.446] INIT: Initialized Disease subsystem within 0 seconds!
[2020-09-03 15:19:34.446] INIT: Initialized Jukeboxes subsystem within 0 seconds!
[2020-09-03 15:19:34.446] INIT: Initialized Medals subsystem within 0 seconds!
[2020-09-03 15:19:34.704] INIT: Initialized Minimaps subsystem within 0.3 seconds!
[2020-09-03 15:19:34.754] INIT: Initialized Night Shift subsystem within 0 seconds!
[2020-09-03 15:19:34.754] INIT: Initialized Parallax subsystem within 0 seconds!
[2020-09-03 15:19:34.754] INIT: Initialized Sun subsystem within 0 seconds!
[2020-09-03 15:19:34.989] INIT: Initialized Traumas subsystem within 0.2 seconds!
[2020-09-03 15:19:35.029] INIT: Initialized Bluespace Locker subsystem within 0.1 seconds!
[2020-09-03 15:19:35.085] INIT: Initialized Pacification Bans subsystem within 0 seconds!
[2020-09-03 15:19:35.085] INIT: Initialized Logging subsystem within 0 seconds!
[2020-09-03 15:19:35.085] INIT: Initialized Recycling subsystem within 0 seconds!
[2020-09-03 15:19:41.150] INIT: Initialized Atmospherics subsystem within 6.1 seconds!
[2020-09-03 15:19:41.150] INIT: Initialized Atmospherics - Turfs subsystem within 0 seconds!
[2020-09-03 15:19:44.201] INIT: Initialized Assets subsystem within 3.1 seconds!
[2020-09-03 15:19:50.444] INIT: Initialized Icon Smoothing subsystem within 6.2 seconds!
[2020-09-03 15:19:51.779] INIT: Initialized Overlay subsystem within 1.3 seconds!
[2020-09-03 15:19:51.780] INIT: Initialized XKeyScore subsystem within 0 seconds!
[2020-09-03 15:19:51.780] INIT: Initialized Sticky Ban subsystem within 0 seconds!
[2020-09-03 15:19:59.895] INIT: Initialized Lighting subsystem within 8.1 seconds!
[2020-09-03 15:20:04.758] INIT: Initialized Shuttle subsystem within 4.9 seconds!
[2020-09-03 15:20:04.800] INIT: Initialized Minor Mapping subsystem within 0.1 seconds!
[2020-09-03 15:20:04.801] INIT: Initialized Pathfinder subsystem within 0 seconds!
[2020-09-03 15:20:04.832] INIT: Initialized Persistence subsystem within 0 seconds!
[2020-09-03 15:20:04.832] INIT: Initialized Chat subsystem within 0 seconds!
