[2020-09-28 03:15:07.284] Starting up round ID .
 - -------------------------
[2020-09-28 03:26:45.976] Logs from logging subsystem:
 - (2020-09-28 00:18:02) ATTACK: *no key*/(Tafil Currie) has suffered: Open Laceration to head | Damage: 43.2(rolled 71/194.84) (Bridge (115, 135, 2))
 - (2020-09-28 00:18:02) ATTACK: Bob Joga/(Cock Advisor) has attacked *no key*/(Tafil Currie) with officer's sabre (Wielded)[DC] (INTENT: HELP) (DAMTYPE: BRUTE) (NEWHP: 56.8)  (Bridge (114, 135, 2))
 - (2020-09-28 00:18:04) ATTACK: *no key*/(Tafil Currie) has suffered: Dismembered stump (Bridge (115, 135, 2))
 - (2020-09-28 00:18:04) ATTACK: Bob Joga/(Cock Advisor) has attacked *no key*/(Tafil Currie) with officer's sabre (Wielded)[DC] (INTENT: HELP) (DAMTYPE: BRUTE) (NEWHP: 78.52)  (Bridge (114, 135, 2))
 - (2020-09-28 00:18:09) ATTACK: *no key*/(Goose McSunny) has suffered: Second Degree Burns to right arm | Damage: 10.8(rolled 26/27.9765) (Unexplored Location (60, 77, 3))
 - (2020-09-28 00:18:26) ATTACK: *no key*/(Tafil Currie) has suffered: Weeping Avulsion to right arm | Damage: 43.2(rolled 110/194.84) (Bridge (115, 135, 2))
 - (2020-09-28 00:18:26) ATTACK: Bob Joga/(Cock Advisor) has attacked *no key*/(Tafil Currie) with officer's sabre (Wielded)[DC] (INTENT: HELP) (DAMTYPE: BRUTE) (NEWHP: -21.88)  (Bridge (114, 135, 2))
 - (2020-09-28 00:18:27) ATTACK: *no key*/(Tafil Currie) has suffered: Dismembered stump (Bridge (115, 135, 2))
 - (2020-09-28 00:18:27) ATTACK: Bob Joga/(Cock Advisor) has attacked *no key*/(Tafil Currie) with officer's sabre (Wielded)[DC] (INTENT: HELP) (DAMTYPE: BRUTE) (NEWHP: 4.12)  (Bridge (114, 135, 2))
 - (2020-09-28 00:18:31) ATTACK: *no key*/(Tafil Currie) has suffered: Weeping Avulsion to groin | Damage: 43.2(rolled 109/194.84) (Bridge (115, 135, 2))
 - (2020-09-28 00:18:31) ATTACK: Bob Joga/(Cock Advisor) has attacked *no key*/(Tafil Currie) with officer's sabre (Wielded)[DC] (INTENT: HELP) (DAMTYPE: BRUTE) (NEWHP: -43.48)  (Bridge (114, 135, 2))
 - (2020-09-28 00:18:32) ATTACK: *no key*/(Tafil Currie) has suffered: Hip Dislocation to groin | Damage: 23.76(rolled 7/84.3694) (Bridge (115, 135, 2))
 - (2020-09-28 00:18:32) ATTACK: Bob Joga/(Cock Advisor) has attacked *no key*/(Tafil Currie) with officer's sabre (Wielded)[DC] (INTENT: HELP) (DAMTYPE: BRUTE) (NEWHP: -91.08)  (Bridge (114, 135, 2))
 - (2020-09-28 00:18:33) ATTACK: *no key*/(Tafil Currie) has suffered: Disembowelment (Bridge (115, 135, 2))
 - (2020-09-28 00:18:33) ATTACK: Bob Joga/(Cock Advisor) has attacked *no key*/(Tafil Currie) with officer's sabre (Wielded)[DC] (INTENT: HELP) (DAMTYPE: BRUTE) (NEWHP: -91.08)  (Bridge (114, 135, 2))
 - (2020-09-28 00:18:34) ATTACK: *no key*/(Tafil Currie) has suffered: Weeping Avulsion to right leg | Damage: 43.2(rolled 179/194.84) (Bridge (115, 135, 2))
 - (2020-09-28 00:18:34) ATTACK: Bob Joga/(Cock Advisor) has attacked *no key*/(Tafil Currie) with officer's sabre (Wielded)[DC] (INTENT: HELP) (DAMTYPE: BRUTE) (NEWHP: -138.68)  (Bridge (114, 135, 2))
 - (2020-09-28 00:18:35) ATTACK: *no key*/(Tafil Currie) has suffered: Dismembered stump (Bridge (115, 135, 2))
 - (2020-09-28 00:18:35) ATTACK: Bob Joga/(Cock Advisor) has attacked *no key*/(Tafil Currie) with officer's sabre (Wielded)[DC] (INTENT: HELP) (DAMTYPE: BRUTE) (NEWHP: -13.28)  (Bridge (114, 135, 2))
 - (2020-09-28 00:19:17) ATTACK: *no key*/(Honkel the III) has suffered: Second Degree Burns to left hand | Damage: 10.8(rolled 26/27.9765) (Unexplored Location (61, 79, 3))
 - (2020-09-28 00:19:28) ATTACK: *no key*/(Scootaloo) has suffered: Second Degree Burns to left foot | Damage: 10.8(rolled 27/27.9765) (Unexplored Location (63, 76, 3))
 - (2020-09-28 00:19:40) ATTACK: *no key*/(Scootaloo) has suffered: Second Degree Burns to right leg | Damage: 10.8(rolled 27/27.9765) (Unexplored Location (63, 76, 3))
 - (2020-09-28 00:19:52) ATTACK: Bob Joga/(Cock Advisor) has shaked *no key*/(Tafil Currie) (NEWHP: -83.48)  (Bridge (115, 136, 2))
 - (2020-09-28 00:19:55) ATTACK: *no key*/(Tafil Currie) has suffered: Disembowelment (Bridge (115, 135, 2))
 - (2020-09-28 00:19:55) ATTACK: Bob Joga/(Cock Advisor) has attacked *no key*/(Tafil Currie) with officer's sabre[DC] (INTENT: HARM) (DAMTYPE: BRUTE) (NEWHP: -138.28)  (Bridge (115, 136, 2))
 - (2020-09-28 00:19:55) ATTACK: *no key*/(Tafil Currie) has suffered: Rough Abrasion to left arm | Damage: 36(rolled 27/150.947) (Bridge (115, 135, 2))
 - (2020-09-28 00:19:56) ATTACK: Bob Joga/(Cock Advisor) has attacked *no key*/(Tafil Currie) with officer's sabre[DC] (INTENT: HARM) (DAMTYPE: BRUTE) (NEWHP: -174.28)  (Bridge (115, 136, 2))
 - (2020-09-28 00:19:56) ATTACK: *no key*/(Tafil Currie) has suffered: Compound Fracture to chest | Damage: 39.6(rolled 84/172.494) (Bridge (115, 135, 2))
 - (2020-09-28 00:19:56) ATTACK: Bob Joga/(Cock Advisor) has attacked *no key*/(Tafil Currie) with officer's sabre[DC] (INTENT: HARM) (DAMTYPE: BRUTE) (NEWHP: -201.8)  (Bridge (115, 136, 2))
 - (2020-09-28 00:19:57) ATTACK: Bob Joga/(Cock Advisor) has attacked *no key*/(Tafil Currie) with officer's sabre[DC] (INTENT: HARM) (DAMTYPE: BRUTE) (NEWHP: -201.8)  (Bridge (115, 136, 2))
 - (2020-09-28 00:19:57) ATTACK: Bob Joga/(Cock Advisor) has attacked *no key*/(Tafil Currie) with officer's sabre[DC] (INTENT: HARM) (DAMTYPE: BRUTE) (NEWHP: -201.8)  (Bridge (115, 136, 2))
 - (2020-09-28 00:19:58) ATTACK: Bob Joga/(Cock Advisor) has attacked *no key*/(Tafil Currie) with officer's sabre[DC] (INTENT: HARM) (DAMTYPE: BRUTE) (NEWHP: -203.6)  (Bridge (115, 136, 2))
 - (2020-09-28 00:19:59) ATTACK: Bob Joga/(Cock Advisor) has attacked *no key*/(Tafil Currie) with officer's sabre[DC] (INTENT: HARM) (DAMTYPE: BRUTE) (NEWHP: -203.6)  (Bridge (115, 136, 2))
 - (2020-09-28 00:20:00) ATTACK: Bob Joga/(Cock Advisor) has attacked *no key*/(Tafil Currie) with officer's sabre[DC] (INTENT: HARM) (DAMTYPE: BRUTE) (NEWHP: -205.4)  (Bridge (115, 136, 2))
 - (2020-09-28 00:20:08) ATTACK: *no key*/(Scootaloo) has suffered: Second Degree Burns to chest | Damage: 10.8(rolled 27/27.9765) (Unexplored Location (63, 76, 3))
 - (2020-09-28 00:20:08) ATTACK: *no key*/(Goose McSunny) has suffered: Second Degree Burns to groin | Damage: 10.8(rolled 26/27.9765) (Unexplored Location (60, 77, 3))
 - (2020-09-28 00:20:14) ATTACK: *no key*/(Goose McSunny) has suffered: Second Degree Burns to right hand | Damage: 10.8(rolled 27/27.9765) (Unexplored Location (60, 77, 3))
 - (2020-09-28 00:20:16) ATTACK: *no key*/(Scootaloo) has suffered: Rib Dislocation to chest | Damage: 8.8(rolled 10/21.0027) (Unexplored Location (63, 76, 3))
 - (2020-09-28 00:20:24) ATTACK: *no key*/(Goose McSunny) has suffered: Second Degree Burns to right leg | Damage: 10.8(rolled 27/27.9765) (Unexplored Location (60, 77, 3))
 - (2020-09-28 00:20:32) ATTACK: *no key*/(Goose McSunny) has suffered: Second Degree Burns to left hand | Damage: 10.8(rolled 27/27.9765) (Unexplored Location (60, 77, 3))
 - (2020-09-28 00:20:38) ATTACK: *no key*/(Scootaloo) has suffered: Hairline Fracture to chest | Damage: 9.9(rolled 6/24.7679) (Unexplored Location (63, 76, 3))
 - (2020-09-28 00:20:46) ATTACK: *no key*/(Scootaloo) has suffered: Open Laceration to chest | Damage: 5.4(rolled 1/10.6011) (Unexplored Location (63, 76, 3))
 - (2020-09-28 00:20:48) ATTACK: *no key*/(Goose McSunny) has suffered: Hip Dislocation to groin | Damage: 8.8(rolled 5/21.0027) (Unexplored Location (60, 77, 3))
 - (2020-09-28 00:20:54) ATTACK: *no key*/(Honkel the III) has suffered: Second Degree Burns to left arm | Damage: 10.8(rolled 26/27.9765) (Unexplored Location (61, 79, 3))
 - (2020-09-28 00:20:58) ATTACK: *no key*/(Goose McSunny) has suffered: Hairline Fracture to groin | Damage: 8.8(rolled 18/21.0027) (Unexplored Location (60, 77, 3))
 - (2020-09-28 00:21:24) ATTACK: *no key*/(Goose McSunny) has suffered: Second Degree Burns to left arm | Damage: 10.8(rolled 26/27.9765) (Unexplored Location (60, 77, 3))
 - (2020-09-28 00:21:25) ATTACK: *no key*/(Khawla Rossouw) has suffered: Rough Abrasion to right hand | Damage: 43.2(rolled 33/194.84) (Bridge (110, 134, 2))
 - (2020-09-28 00:21:25) ATTACK: Bob Joga/(Cock Advisor) has attacked *no key*/(Khawla Rossouw) with officer's sabre (Wielded)[DC] (INTENT: HARM) (DAMTYPE: BRUTE) (NEWHP: 52)  (Bridge (110, 135, 2))
 - (2020-09-28 00:21:28) ATTACK: *no key*/(Khawla Rossouw) has suffered: Joint Dislocation to right hand | Damage: 23.76(rolled 23/84.3694) (Bridge (110, 134, 2))
 - (2020-09-28 00:21:28) ATTACK: *no key*/(Khawla Rossouw) has suffered: Weeping Avulsion to right arm | Damage: 43(rolled 187/193.578) (Bridge (110, 134, 2))
 - (2020-09-28 00:21:28) ATTACK: Bob Joga/(Cock Advisor) has attacked *no key*/(Khawla Rossouw) with officer's sabre (Wielded)[DC] (INTENT: HARM) (DAMTYPE: BRUTE) (NEWHP: 15)  (Bridge (110, 135, 2))
 - (2020-09-28 00:21:29) ATTACK: *no key*/(Khawla Rossouw) has suffered: Weeping Avulsion to groin | Damage: 43.2(rolled 159/194.84) (Bridge (110, 134, 2))
 - (2020-09-28 00:21:29) ATTACK: Bob Joga/(Cock Advisor) has attacked *no key*/(Khawla Rossouw) with officer's sabre (Wielded)[DC] (INTENT: HARM) (DAMTYPE: BRUTE) (NEWHP: -28.2)  (Bridge (110, 135, 2))
 - (2020-09-28 00:21:30) ATTACK: *no key*/(Khawla Rossouw) has suffered: Rough Abrasion to left leg | Damage: 43.2(rolled 43/194.84) (Bridge (110, 134, 2))
 - (2020-09-28 00:21:30) ATTACK: Bob Joga/(Cock Advisor) has attacked *no key*/(Khawla Rossouw) with officer's sabre (Wielded)[DC] (INTENT: HARM) (DAMTYPE: BRUTE) (NEWHP: -70.4)  (Bridge (110, 135, 2))
 - (2020-09-28 00:21:31) ATTACK: *no key*/(Khawla Rossouw) has suffered: Dismembered stump (Bridge (110, 134, 2))
 - (2020-09-28 00:21:31) ATTACK: Bob Joga/(Cock Advisor) has attacked *no key*/(Khawla Rossouw) with officer's sabre (Wielded)[DC] (INTENT: HARM) (DAMTYPE: BRUTE) (NEWHP: -53.15)  (Bridge (110, 135, 2))
 - (2020-09-28 00:21:36) ATTACK: *no key*/(Goose McSunny) has suffered: Second Degree Burns to left leg | Damage: 10.8(rolled 27/27.9765) (Unexplored Location (60, 77, 3))
 - (2020-09-28 00:21:37) ATTACK: *no key*/(Khawla Rossouw) has suffered: Dismembered stump (Bridge (110, 134, 2))
 - (2020-09-28 00:21:37) ATTACK: Bob Joga/(Cock Advisor) has attacked *no key*/(Khawla Rossouw) with officer's sabre (Wielded)[DC] (INTENT: HARM) (DAMTYPE: BRUTE) (NEWHP: -28.93)  (Bridge (109, 135, 2))
 - (2020-09-28 00:21:39) ATTACK: *no key*/(Khawla Rossouw) has suffered: Compound Fracture to groin | Damage: 23.76(rolled 51/84.3694) (Bridge (110, 134, 2))
 - (2020-09-28 00:21:39) ATTACK: Bob Joga/(Cock Advisor) has attacked *no key*/(Khawla Rossouw) with officer's sabre (Wielded)[DC] (INTENT: HARM) (DAMTYPE: BRUTE) (NEWHP: -71)  (Bridge (109, 135, 2))
 - (2020-09-28 00:21:40) ATTACK: *no key*/(Khawla Rossouw) has suffered: Disembowelment (Bridge (110, 134, 2))
 - (2020-09-28 00:21:40) ATTACK: Bob Joga/(Cock Advisor) has attacked *no key*/(Khawla Rossouw) with officer's sabre (Wielded)[DC] (INTENT: HARM) (DAMTYPE: BRUTE) (NEWHP: -71)  (Bridge (109, 135, 2))
 - (2020-09-28 00:21:52) ATTACK: *no key*/(Goose McSunny) has suffered: Weeping Avulsion to groin | Damage: 5.4(rolled 7/10.6011) (Unexplored Location (60, 77, 3))
 - (2020-09-28 00:21:54) ATTACK: *no key*/(Scootaloo) has suffered: Second Degree Burns to left leg | Damage: 10.8(rolled 26/27.9765) (Unexplored Location (63, 76, 3))
 - (2020-09-28 00:21:59) ATTACK: *no key*/(Khawla Rossouw) has suffered: Weeping Avulsion to chest | Damage: 43.2(rolled 176/194.84) (Bridge (110, 134, 2))
 - (2020-09-28 00:21:59) ATTACK: Bob Joga/(Cock Advisor) has attacked *no key*/(Khawla Rossouw) with officer's sabre (Wielded)[DC] (INTENT: HARM) (DAMTYPE: BRUTE) (NEWHP: -103.2)  (Bridge (110, 135, 2))
 - (2020-09-28 00:21:59) ATTACK: *no key*/(Khawla Rossouw) has suffered: Compound Fracture to right arm | Damage: 23.76(rolled 22/84.3694) (Bridge (110, 134, 2))
 - (2020-09-28 00:21:59) ATTACK: *no key*/(Khawla Rossouw) has suffered: Hairline Fracture to chest | Damage: 19.8(rolled 42/65.3629) (Bridge (110, 134, 2))
 - (2020-09-28 00:21:59) ATTACK: Bob Joga/(Cock Advisor) has attacked *no key*/(Khawla Rossouw) with officer's sabre (Wielded)[DC] (INTENT: HARM) (DAMTYPE: BRUTE) (NEWHP: -232.2)  (Bridge (110, 135, 2))
 - (2020-09-28 00:22:00) ATTACK: *no key*/(Khawla Rossouw) has suffered: Dismembered stump (Bridge (110, 134, 2))
 - (2020-09-28 00:22:00) ATTACK: Bob Joga/(Cock Advisor) has attacked *no key*/(Khawla Rossouw) with officer's sabre (Wielded)[DC] (INTENT: HARM) (DAMTYPE: BRUTE) (NEWHP: -201)  (Bridge (110, 135, 2))
 - (2020-09-28 00:22:08) ATTACK: *no key*/(Khawla Rossouw) has suffered: Weeping Avulsion to left arm | Damage: 43.2(rolled 158/194.84) (Bridge (110, 134, 2))
 - (2020-09-28 00:22:08) ATTACK: Bob Joga/(Cock Advisor) has attacked *no key*/(Khawla Rossouw) with officer's sabre (Wielded)[DC] (INTENT: HARM) (DAMTYPE: BRUTE) (NEWHP: -238.95)  (Bridge (110, 135, 2))
 - (2020-09-28 00:22:08) ATTACK: *no key*/(Khawla Rossouw) has suffered: Hairline Fracture to left arm | Damage: 23.76(rolled 30/84.3694) (Bridge (110, 134, 2))
 - (2020-09-28 00:22:08) ATTACK: *no key*/(Khawla Rossouw) has suffered: Compound Fracture to chest | Damage: 11(rolled 13/28.7045) (Bridge (110, 134, 2))
 - (2020-09-28 00:22:08) ATTACK: *no key*/(Khawla Rossouw) has suffered: Open Laceration to left hand | Damage: 20(rolled 56/66.2891) (Bridge (110, 134, 2))
 - (2020-09-28 00:22:08) ATTACK: Bob Joga/(Cock Advisor) has attacked *no key*/(Khawla Rossouw) with officer's sabre (Wielded)[DC] (INTENT: HARM) (DAMTYPE: BRUTE) (NEWHP: -264)  (Bridge (110, 135, 2))
 - (2020-09-28 00:22:09) ATTACK: *no key*/(Khawla Rossouw) has suffered: Dismembered stump (Bridge (110, 134, 2))
 - (2020-09-28 00:22:10) ATTACK: Bob Joga/(Cock Advisor) has attacked *no key*/(Khawla Rossouw) with officer's sabre (Wielded)[DC] (INTENT: HARM) (DAMTYPE: BRUTE) (NEWHP: -244)  (Bridge (110, 135, 2))
 - (2020-09-28 00:22:11) ATTACK: *no key*/(Khawla Rossouw) has suffered: Compound Fracture to left arm | Damage: 23.76(rolled 40/84.3694) (Bridge (110, 134, 2))
 - (2020-09-28 00:22:11) ATTACK: Bob Joga/(Cock Advisor) has attacked *no key*/(Khawla Rossouw) with officer's sabre (Wielded)[DC] (INTENT: HARM) (DAMTYPE: BRUTE) (NEWHP: -243)  (Bridge (109, 135, 2))
 - (2020-09-28 00:22:12) ATTACK: *no key*/(Khawla Rossouw) has suffered: Dismembered stump (Bridge (110, 134, 2))
 - (2020-09-28 00:22:12) ATTACK: Bob Joga/(Cock Advisor) has attacked *no key*/(Khawla Rossouw) with officer's sabre (Wielded)[DC] (INTENT: HARM) (DAMTYPE: BRUTE) (NEWHP: -208)  (Bridge (109, 135, 2))
 - (2020-09-28 00:22:23) ATTACK: *no key*/(Khawla Rossouw) has suffered: Dismembered stump (Bridge (110, 134, 2))
 - (2020-09-28 00:22:23) ATTACK: Bob Joga/(Cock Advisor) has attacked *no key*/(Khawla Rossouw) with officer's sabre (Wielded)[DC] (INTENT: HARM) (DAMTYPE: BRUTE) (NEWHP: -139.6)  (Bridge (110, 135, 2))
 - (2020-09-28 00:22:56) ATTACK: *no key*/(Khawla Rossouw) has suffered: Open Laceration to head | Damage: 43(rolled 52/193.578) (Bridge (110, 134, 2))
 - (2020-09-28 00:22:56) ATTACK: Bob Joga/(Cock Advisor) has attacked *no key*/(Khawla Rossouw) with officer's sabre (Wielded)[DC] (INTENT: HELP) (DAMTYPE: BRUTE) (NEWHP: -242)  (Bridge (109, 135, 2))
 - (2020-09-28 00:22:57) ATTACK: *no key*/(Khawla Rossouw) has suffered: Disembowelment (Bridge (110, 134, 2))
 - (2020-09-28 00:22:57) ATTACK: Bob Joga/(Cock Advisor) has attacked *no key*/(Khawla Rossouw) with officer's sabre (Wielded)[DC] (INTENT: HELP) (DAMTYPE: BRUTE) (NEWHP: -191.9)  (Bridge (109, 135, 2))
 - (2020-09-28 00:22:57) ATTACK: Bob Joga/(Cock Advisor) has attacked *no key*/(Khawla Rossouw) with officer's sabre (Wielded)[DC] (INTENT: HELP) (DAMTYPE: BRUTE) (NEWHP: -191.9)  (Bridge (109, 135, 2))
 - (2020-09-28 00:22:58) ATTACK: *no key*/(Honkel the III) has suffered: Second Degree Burns to left leg | Damage: 10.8(rolled 26/27.9765) (Unexplored Location (61, 79, 3))
 - (2020-09-28 00:22:58) ATTACK: Bob Joga/(Cock Advisor) has attacked *no key*/(Khawla Rossouw) with officer's sabre (Wielded)[DC] (INTENT: HELP) (DAMTYPE: BRUTE) (NEWHP: -191.8)  (Bridge (109, 135, 2))
 - (2020-09-28 00:23:00) ATTACK: *no key*/(Goose McSunny) has suffered: Rib Dislocation to chest | Damage: 9(rolled 21/21.674) (Unexplored Location (60, 77, 3))
 - (2020-09-28 00:23:22) ATTACK: *no key*/(Honkel the III) has suffered: Second Degree Burns to right arm | Damage: 10.8(rolled 27/27.9765) (Unexplored Location (61, 79, 3))
 - (2020-09-28 00:23:24) ATTACK: *no key*/(Scootaloo) has suffered: Weeping Avulsion to chest | Damage: 5.4(rolled 10/10.6011) (Unexplored Location (63, 76, 3))
 - (2020-09-28 00:23:32) ATTACK: *no key*/(Honkel the III) has suffered: Second Degree Burns to chest | Damage: 10.8(rolled 26/27.9765) (Unexplored Location (61, 79, 3))
 - (2020-09-28 00:23:32) ATTACK: *no key*/(Honkel the III) has suffered: Rib Dislocation to chest | Damage: 8.8(rolled 15/21.0027) (Unexplored Location (61, 79, 3))
 - (2020-09-28 00:23:58) ATTACK: *no key*/(Honkel the III) has suffered: Hairline Fracture to chest | Damage: 9.9(rolled 1/24.7679) (Unexplored Location (61, 79, 3))
 - (2020-09-28 00:24:10) ATTACK: *no key*/(Honkel the III) has suffered: Weeping Avulsion to chest | Damage: 5.4(rolled 6/10.6011) (Unexplored Location (61, 79, 3))
 - (2020-09-28 00:26:12) ATTACK: *no key*/(Scootaloo) has suffered: Second Degree Burns to right foot | Damage: 10.8(rolled 27/27.9765) (Unexplored Location (63, 76, 3))
[2020-09-28 03:36:46.454] Logs from logging subsystem:
 - (2020-09-28 00:26:47) ATTACK: Bob Joga/(Cock Advisor) has punched *no key*/(Hector Mohamedi) (NEWHP: 87.2)  (Central Primary Hallway (97, 123, 2))
 - (2020-09-28 00:26:48) ATTACK: Bob Joga/(Cock Advisor) has punched *no key*/(Hector Mohamedi) (NEWHP: 72.8)  (Central Primary Hallway (97, 123, 2))
 - (2020-09-28 00:26:49) ATTACK: Bob Joga/(Cock Advisor) has punched *no key*/(Hector Mohamedi) (NEWHP: 53.4)  (Central Primary Hallway (97, 123, 2))
 - (2020-09-28 00:26:50) ATTACK: *no key*/(Hector Mohamedi) has suffered: Joint Dislocation to left foot | Damage: 16(rolled 38/48.5029) (Central Primary Hallway (97, 124, 2))
 - (2020-09-28 00:26:50) ATTACK: Bob Joga/(Cock Advisor) has punched *no key*/(Hector Mohamedi) (NEWHP: 32.4)  (Central Primary Hallway (97, 123, 2))
 - (2020-09-28 00:26:50) ATTACK: Bob Joga/(Cock Advisor) has got a stun punch with their previous punch *no key*/(Hector Mohamedi) (NEWHP: 32.4)  (Central Primary Hallway (97, 123, 2))
 - (2020-09-28 00:27:14) ATTACK: Bob Joga/(Cock Advisor) has kicked *no key*/(Hector Mohamedi) (NEWHP: 41.75)  (Central Primary Hallway (96, 123, 2))
 - (2020-09-28 00:27:15) ATTACK: Bob Joga/(Cock Advisor) has kicked *no key*/(Hector Mohamedi) (NEWHP: 39.35)  (Central Primary Hallway (97, 125, 2))
 - (2020-09-28 00:27:16) ATTACK: Bob Joga/(Cock Advisor) has kicked *no key*/(Hector Mohamedi) (NEWHP: 36.95)  (Central Primary Hallway (97, 125, 2))
 - (2020-09-28 00:27:17) ATTACK: Bob Joga/(Cock Advisor) has kicked *no key*/(Hector Mohamedi) (NEWHP: 22.55)  (Central Primary Hallway (97, 125, 2))
 - (2020-09-28 00:27:18) ATTACK: *no key*/(Hector Mohamedi) has suffered: Jaw Dislocation to head | Damage: 24(rolled 51/85.5649) (Central Primary Hallway (97, 124, 2))
 - (2020-09-28 00:27:18) ATTACK: Bob Joga/(Cock Advisor) has kicked *no key*/(Hector Mohamedi) (NEWHP: -6.65)  (Central Primary Hallway (97, 125, 2))
 - (2020-09-28 00:27:19) ATTACK: *no key*/(Hector Mohamedi) has suffered: Rib Dislocation to chest | Damage: 21(rolled 56/70.9753) (Central Primary Hallway (97, 124, 2))
 - (2020-09-28 00:27:19) ATTACK: Bob Joga/(Cock Advisor) has kicked *no key*/(Hector Mohamedi) (NEWHP: -26.4)  (Central Primary Hallway (97, 125, 2))
 - (2020-09-28 00:27:19) ATTACK: Bob Joga/(Cock Advisor) has kicked *no key*/(Hector Mohamedi) (NEWHP: -40.4)  (Central Primary Hallway (97, 125, 2))
 - (2020-09-28 00:27:20) ATTACK: Bob Joga/(Cock Advisor) has kicked *no key*/(Hector Mohamedi) (NEWHP: -45.9)  (Central Primary Hallway (97, 125, 2))
 - (2020-09-28 00:27:21) ATTACK: Bob Joga/(Cock Advisor) has kicked *no key*/(Hector Mohamedi) (NEWHP: -68.9)  (Central Primary Hallway (97, 125, 2))
 - (2020-09-28 00:27:22) ATTACK: Bob Joga/(Cock Advisor) has kicked *no key*/(Hector Mohamedi) (NEWHP: -74.9)  (Central Primary Hallway (97, 125, 2))
 - (2020-09-28 00:28:02) ATTACK: *no key*/(Goose McSunny) has suffered: Second Degree Burns to chest | Damage: 10.8(rolled 16/27.9765) (Unexplored Location (60, 77, 3))
 - (2020-09-28 00:28:05) ATTACK: Bob Joga/(Cock Advisor) has kicked *no key*/(Hector Mohamedi) (NEWHP: -73.9)  (Central Primary Hallway (97, 125, 2))
 - (2020-09-28 00:28:06) ATTACK: Bob Joga/(Cock Advisor) has kicked *no key*/(Hector Mohamedi) (NEWHP: -94.15)  (Central Primary Hallway (97, 125, 2))
 - (2020-09-28 00:28:06) ATTACK: Bob Joga/(Cock Advisor) has got a stun punch with their previous punch *no key*/(Hector Mohamedi) (NEWHP: -94.15)  (Central Primary Hallway (97, 125, 2))
 - (2020-09-28 00:28:06) ATTACK: *no key*/(Goose McSunny) has suffered: Hairline Fracture to chest | Damage: 9.9(rolled 4/24.7679) (Unexplored Location (60, 77, 3))
 - (2020-09-28 00:28:07) ATTACK: Bob Joga/(Cock Advisor) has kicked *no key*/(Hector Mohamedi) (NEWHP: -95.15)  (Central Primary Hallway (97, 125, 2))
 - (2020-09-28 00:28:08) ATTACK: Bob Joga/(Cock Advisor) has kicked *no key*/(Hector Mohamedi) (NEWHP: -97.15)  (Central Primary Hallway (97, 125, 2))
 - (2020-09-28 00:28:08) ATTACK: Bob Joga/(Cock Advisor) has got a stun punch with their previous punch *no key*/(Hector Mohamedi) (NEWHP: -97.15)  (Central Primary Hallway (97, 125, 2))
 - (2020-09-28 00:28:09) ATTACK: *no key*/(Hector Mohamedi) has suffered: Hairline Fracture to chest | Damage: 24(rolled 68/85.5649) (Central Primary Hallway (97, 124, 2))
 - (2020-09-28 00:28:10) ATTACK: Bob Joga/(Cock Advisor) has kicked *no key*/(Hector Mohamedi) (NEWHP: -107.15)  (Central Primary Hallway (96, 124, 2))
 - (2020-09-28 00:28:10) ATTACK: Bob Joga/(Cock Advisor) has got a stun punch with their previous punch *no key*/(Hector Mohamedi) (NEWHP: -107.15)  (Central Primary Hallway (96, 124, 2))
 - (2020-09-28 00:28:10) ATTACK: *no key*/(Hector Mohamedi) has suffered: Hairline Fracture to head | Damage: 19.2(rolled 55/62.6068) (Central Primary Hallway (97, 124, 2))
 - (2020-09-28 00:28:10) ATTACK: *no key*/(Hector Mohamedi) has suffered: Rough Abrasion to chest | Damage: 9.5(rolled 2/23.3783) (Central Primary Hallway (97, 124, 2))
 - (2020-09-28 00:28:10) ATTACK: Bob Joga/(Cock Advisor) has kicked *no key*/(Hector Mohamedi) (NEWHP: -110.9)  (Central Primary Hallway (96, 124, 2))
 - (2020-09-28 00:28:11) ATTACK: *no key*/(Hector Mohamedi) has suffered: Joint Dislocation to right leg | Damage: 21.6(rolled 41/73.8304) (Central Primary Hallway (97, 124, 2))
 - (2020-09-28 00:28:11) ATTACK: Bob Joga/(Cock Advisor) has kicked *no key*/(Hector Mohamedi) (NEWHP: -132.5)  (Central Primary Hallway (96, 124, 2))
 - (2020-09-28 00:28:11) ATTACK: Bob Joga/(Cock Advisor) has got a stun punch with their previous punch *no key*/(Hector Mohamedi) (NEWHP: -132.5)  (Central Primary Hallway (96, 124, 2))
 - (2020-09-28 00:28:12) ATTACK: *no key*/(Hector Mohamedi) has suffered: Rough Abrasion to head | Damage: 9.6(rolled 13/23.7235) (Central Primary Hallway (97, 124, 2))
 - (2020-09-28 00:28:12) ATTACK: Bob Joga/(Cock Advisor) has kicked *no key*/(Hector Mohamedi) (NEWHP: -132.5)  (Central Primary Hallway (96, 124, 2))
 - (2020-09-28 00:28:12) ATTACK: Bob Joga/(Cock Advisor) has got a stun punch with their previous punch *no key*/(Hector Mohamedi) (NEWHP: -132.5)  (Central Primary Hallway (96, 124, 2))
 - (2020-09-28 00:28:13) ATTACK: Bob Joga/(Cock Advisor) has kicked *no key*/(Hector Mohamedi) (NEWHP: -132)  (Central Primary Hallway (96, 124, 2))
 - (2020-09-28 00:28:14) ATTACK: Bob Joga/(Cock Advisor) has kicked *no key*/(Hector Mohamedi) (NEWHP: -134)  (Central Primary Hallway (96, 124, 2))
 - (2020-09-28 00:28:14) ATTACK: Bob Joga/(Cock Advisor) has got a stun punch with their previous punch *no key*/(Hector Mohamedi) (NEWHP: -134)  (Central Primary Hallway (96, 124, 2))
 - (2020-09-28 00:28:14) ATTACK: *no key*/(Goose McSunny) has suffered: Open Laceration to chest | Damage: 5.4(rolled 2/10.6011) (Unexplored Location (60, 77, 3))
 - (2020-09-28 00:28:15) ATTACK: Bob Joga/(Cock Advisor) has kicked *no key*/(Hector Mohamedi) (NEWHP: -133.5)  (Central Primary Hallway (96, 124, 2))
 - (2020-09-28 00:28:16) ATTACK: Bob Joga/(Cock Advisor) has kicked *no key*/(Hector Mohamedi) (NEWHP: -133.5)  (Central Primary Hallway (96, 124, 2))
 - (2020-09-28 00:28:17) ATTACK: Bob Joga/(Cock Advisor) has kicked *no key*/(Hector Mohamedi) (NEWHP: -140.7)  (Central Primary Hallway (96, 124, 2))
 - (2020-09-28 00:28:17) ATTACK: Bob Joga/(Cock Advisor) has kicked *no key*/(Hector Mohamedi) (NEWHP: -140.7)  (Central Primary Hallway (96, 124, 2))
 - (2020-09-28 00:28:19) ATTACK: Bob Joga/(Cock Advisor) has kicked *no key*/(Hector Mohamedi) (NEWHP: -146.65)  (Central Primary Hallway (97, 125, 2))
 - (2020-09-28 00:28:20) ATTACK: *no key*/(Hector Mohamedi) has suffered: Open Laceration to head | Damage: 6(rolled 10/12.286) (Central Primary Hallway (97, 124, 2))
 - (2020-09-28 00:28:20) ATTACK: *no key*/(Hector Mohamedi) has suffered: Open Laceration to chest | Damage: 6(rolled 1/12.286) (Central Primary Hallway (97, 124, 2))
 - (2020-09-28 00:28:20) ATTACK: Bob Joga/(Cock Advisor) has kicked *no key*/(Hector Mohamedi) (NEWHP: -221.65)  (Central Primary Hallway (97, 125, 2))
 - (2020-09-28 00:28:22) ATTACK: Bob Joga/(Cock Advisor) has kicked *no key*/(Hector Mohamedi) (NEWHP: -242)  (Central Primary Hallway (97, 125, 2))
 - (2020-09-28 00:28:23) ATTACK: Bob Joga/(Cock Advisor) has kicked *no key*/(Hector Mohamedi) (NEWHP: -247.95)  (Central Primary Hallway (97, 125, 2))
 - (2020-09-28 00:28:24) ATTACK: Bob Joga/(Cock Advisor) has kicked *no key*/(Hector Mohamedi) (NEWHP: -247.95)  (Central Primary Hallway (97, 125, 2))
 - (2020-09-28 00:28:24) ATTACK: Bob Joga/(Cock Advisor) has kicked *no key*/(Hector Mohamedi) (NEWHP: -261.1)  (Central Primary Hallway (97, 125, 2))
 - (2020-09-28 00:28:25) ATTACK: Bob Joga/(Cock Advisor) has kicked *no key*/(Hector Mohamedi) (NEWHP: -275.5)  (Central Primary Hallway (97, 125, 2))
 - (2020-09-28 00:28:26) ATTACK: Bob Joga/(Cock Advisor) has kicked *no key*/(Hector Mohamedi) (NEWHP: -275.5)  (Central Primary Hallway (97, 125, 2))
 - (2020-09-28 00:28:26) ATTACK: *no key*/(Honkel the III) has suffered: Second Degree Burns to groin | Damage: 10.8(rolled 26/27.9765) (Unexplored Location (61, 79, 3))
 - (2020-09-28 00:28:26) ATTACK: *no key*/(Honkel the III) has suffered: Hip Dislocation to groin | Damage: 8.8(rolled 9/21.0027) (Unexplored Location (61, 79, 3))
 - (2020-09-28 00:28:27) ATTACK: Bob Joga/(Cock Advisor) has kicked *no key*/(Hector Mohamedi) (NEWHP: -281.45)  (Central Primary Hallway (97, 125, 2))
 - (2020-09-28 00:28:28) ATTACK: Bob Joga/(Cock Advisor) has kicked *no key*/(Hector Mohamedi) (NEWHP: -281.45)  (Central Primary Hallway (97, 125, 2))
 - (2020-09-28 00:28:28) ATTACK: *no key*/(Honkel the III) has suffered: Hairline Fracture to groin | Damage: 8.8(rolled 2/21.0027) (Unexplored Location (61, 79, 3))
 - (2020-09-28 00:28:29) ATTACK: *no key*/(Hector Mohamedi) has suffered: Weeping Avulsion to chest | Damage: 6(rolled 12/12.286) (Central Primary Hallway (97, 124, 2))
 - (2020-09-28 00:28:29) ATTACK: Bob Joga/(Cock Advisor) has kicked *no key*/(Hector Mohamedi) (NEWHP: -287.4)  (Central Primary Hallway (97, 125, 2))
 - (2020-09-28 00:28:30) ATTACK: Bob Joga/(Cock Advisor) has kicked *no key*/(Hector Mohamedi) (NEWHP: -287.4)  (Central Primary Hallway (97, 125, 2))
 - (2020-09-28 00:28:31) ATTACK: *no key*/(Hector Mohamedi) has suffered: Open Laceration to head | Damage: 5.4(rolled 6/10.6011) (Central Primary Hallway (97, 124, 2))
 - (2020-09-28 00:28:31) ATTACK: Bob Joga/(Cock Advisor) has kicked *no key*/(Hector Mohamedi) (NEWHP: -293.35)  (Central Primary Hallway (97, 125, 2))
 - (2020-09-28 00:28:32) ATTACK: Bob Joga/(Cock Advisor) has kicked *no key*/(Hector Mohamedi) (NEWHP: -293.35)  (Central Primary Hallway (97, 125, 2))
 - (2020-09-28 00:28:33) ATTACK: Bob Joga/(Cock Advisor) has kicked *no key*/(Hector Mohamedi) (NEWHP: -299.3)  (Central Primary Hallway (97, 125, 2))
 - (2020-09-28 00:28:34) ATTACK: Bob Joga/(Cock Advisor) has kicked *no key*/(Hector Mohamedi) (NEWHP: -299.3)  (Central Primary Hallway (97, 125, 2))
 - (2020-09-28 00:28:35) ATTACK: Bob Joga/(Cock Advisor) has kicked *no key*/(Hector Mohamedi) (NEWHP: -322.05)  (Central Primary Hallway (97, 125, 2))
 - (2020-09-28 00:28:36) ATTACK: Bob Joga/(Cock Advisor) has kicked *no key*/(Hector Mohamedi) (NEWHP: -322.05)  (Central Primary Hallway (97, 125, 2))
 - (2020-09-28 00:28:36) ATTACK: *no key*/(Hector Mohamedi) has suffered: Joint Dislocation to right foot | Damage: 19.2(rolled 46/62.6068) (Central Primary Hallway (97, 124, 2))
 - (2020-09-28 00:28:36) ATTACK: Bob Joga/(Cock Advisor) has kicked *no key*/(Hector Mohamedi) (NEWHP: -347.2)  (Central Primary Hallway (97, 125, 2))
 - (2020-09-28 00:28:37) ATTACK: Bob Joga/(Cock Advisor) has kicked *no key*/(Hector Mohamedi) (NEWHP: -347.2)  (Central Primary Hallway (97, 125, 2))
 - (2020-09-28 00:28:38) ATTACK: Bob Joga/(Cock Advisor) has kicked *no key*/(Hector Mohamedi) (NEWHP: -353.15)  (Central Primary Hallway (97, 125, 2))
 - (2020-09-28 00:28:58) ATTACK: Bob Joga/(Cock Advisor) has kicked *no key*/(Hector Mohamedi) (NEWHP: -412.65)  (Central Primary Hallway (97, 125, 2))
 - (2020-09-28 00:28:59) ATTACK: Bob Joga/(Cock Advisor) has kicked *no key*/(Hector Mohamedi) (NEWHP: -427.05)  (Central Primary Hallway (97, 125, 2))
 - (2020-09-28 00:29:00) ATTACK: Bob Joga/(Cock Advisor) has kicked *no key*/(Hector Mohamedi) (NEWHP: -434.25)  (Central Primary Hallway (97, 125, 2))
 - (2020-09-28 00:29:01) ATTACK: *no key*/(Hector Mohamedi) has suffered: Rough Abrasion to head | Damage: 10.8(rolled 2/27.9765) (Central Primary Hallway (97, 124, 2))
 - (2020-09-28 00:29:01) ATTACK: Bob Joga/(Cock Advisor) has kicked *no key*/(Hector Mohamedi) (NEWHP: -440.2)  (Central Primary Hallway (97, 125, 2))
 - (2020-09-28 00:29:02) ATTACK: *no key*/(Hector Mohamedi) has suffered: Joint Dislocation to left leg | Damage: 24(rolled 50/85.5649) (Central Primary Hallway (97, 124, 2))
 - (2020-09-28 00:29:02) ATTACK: Bob Joga/(Cock Advisor) has kicked *no key*/(Hector Mohamedi) (NEWHP: -464.2)  (Central Primary Hallway (97, 125, 2))
 - (2020-09-28 00:29:02) ATTACK: *no key*/(Goose McSunny) has suffered: Weeping Avulsion to chest | Damage: 5.4(rolled 10/10.6011) (Unexplored Location (60, 77, 3))
 - (2020-09-28 00:29:03) ATTACK: Bob Joga/(Cock Advisor) has kicked *no key*/(Hector Mohamedi) (NEWHP: -470.15)  (Central Primary Hallway (97, 125, 2))
 - (2020-09-28 00:29:04) ATTACK: Bob Joga/(Cock Advisor) has kicked *no key*/(Hector Mohamedi) (NEWHP: -470.15)  (Central Primary Hallway (96, 125, 2))
 - (2020-09-28 00:29:07) ATTACK: Bob Joga/(Cock Advisor) has kicked *no key*/(Hector Mohamedi) (NEWHP: -503.45)  (Central Primary Hallway (96, 124, 2))
 - (2020-09-28 00:29:08) ATTACK: Bob Joga/(Cock Advisor) has kicked *no key*/(Hector Mohamedi) (NEWHP: -505.45)  (Central Primary Hallway (96, 124, 2))
 - (2020-09-28 00:29:09) ATTACK: *no key*/(Hector Mohamedi) has suffered: Hairline Fracture to right hand | Damage: 21.6(rolled 59/73.8304) (Central Primary Hallway (97, 124, 2))
 - (2020-09-28 00:29:09) ATTACK: Bob Joga/(Cock Advisor) has kicked *no key*/(Hector Mohamedi) (NEWHP: -515.2)  (Central Primary Hallway (96, 124, 2))
 - (2020-09-28 00:29:09) ATTACK: *no key*/(Hector Mohamedi) has suffered: Rough Abrasion to right hand | Damage: 7.2(rolled 2/15.8586) (Central Primary Hallway (97, 124, 2))
 - (2020-09-28 00:29:09) ATTACK: Bob Joga/(Cock Advisor) has kicked *no key*/(Hector Mohamedi) (NEWHP: -515.2)  (Central Primary Hallway (96, 124, 2))
 - (2020-09-28 00:29:10) ATTACK: Bob Joga/(Cock Advisor) has kicked *no key*/(Hector Mohamedi) (NEWHP: -515.2)  (Central Primary Hallway (96, 124, 2))
 - (2020-09-28 00:29:11) ATTACK: Bob Joga/(Cock Advisor) has kicked *no key*/(Hector Mohamedi) (NEWHP: -521.15)  (Central Primary Hallway (96, 124, 2))
 - (2020-09-28 00:29:12) ATTACK: *no key*/(Hector Mohamedi) has suffered: Open Laceration to right hand | Damage: 5.4(rolled 3/10.6011) (Central Primary Hallway (97, 124, 2))
 - (2020-09-28 00:29:12) ATTACK: Bob Joga/(Cock Advisor) has kicked *no key*/(Hector Mohamedi) (NEWHP: -521.15)  (Central Primary Hallway (96, 124, 2))
 - (2020-09-28 00:29:13) ATTACK: Bob Joga/(Cock Advisor) has kicked *no key*/(Hector Mohamedi) (NEWHP: -527.1)  (Central Primary Hallway (96, 124, 2))
 - (2020-09-28 00:29:14) ATTACK: Bob Joga/(Cock Advisor) has kicked *no key*/(Hector Mohamedi) (NEWHP: -527.1)  (Central Primary Hallway (96, 124, 2))
 - (2020-09-28 00:29:15) ATTACK: Bob Joga/(Cock Advisor) has kicked *no key*/(Hector Mohamedi) (NEWHP: -533.05)  (Central Primary Hallway (96, 124, 2))
 - (2020-09-28 00:29:16) ATTACK: Bob Joga/(Cock Advisor) has kicked *no key*/(Hector Mohamedi) (NEWHP: -533.05)  (Central Primary Hallway (96, 124, 2))
 - (2020-09-28 00:29:17) ATTACK: Bob Joga/(Cock Advisor) has kicked *no key*/(Hector Mohamedi) (NEWHP: -539)  (Central Primary Hallway (96, 124, 2))
 - (2020-09-28 00:29:18) ATTACK: Bob Joga/(Cock Advisor) has kicked *no key*/(Hector Mohamedi) (NEWHP: -549)  (Central Primary Hallway (96, 124, 2))
 - (2020-09-28 00:29:19) ATTACK: Bob Joga/(Cock Advisor) has kicked *no key*/(Hector Mohamedi) (NEWHP: -554.95)  (Central Primary Hallway (96, 124, 2))
 - (2020-09-28 00:29:20) ATTACK: Bob Joga/(Cock Advisor) has kicked *no key*/(Hector Mohamedi) (NEWHP: -554.95)  (Central Primary Hallway (96, 124, 2))
 - (2020-09-28 00:29:21) ATTACK: Bob Joga/(Cock Advisor) has kicked *no key*/(Hector Mohamedi) (NEWHP: -560.9)  (Central Primary Hallway (96, 124, 2))
 - (2020-09-28 00:29:22) ATTACK: Bob Joga/(Cock Advisor) has kicked *no key*/(Hector Mohamedi) (NEWHP: -560.9)  (Central Primary Hallway (96, 124, 2))
 - (2020-09-28 00:29:23) ATTACK: Bob Joga/(Cock Advisor) has kicked *no key*/(Hector Mohamedi) (NEWHP: -578.85)  (Central Primary Hallway (96, 124, 2))
 - (2020-09-28 00:29:24) ATTACK: Bob Joga/(Cock Advisor) has kicked *no key*/(Hector Mohamedi) (NEWHP: -578.85)  (Central Primary Hallway (96, 124, 2))
 - (2020-09-28 00:29:24) ATTACK: *no key*/(Hector Mohamedi) has suffered: Open Laceration to right hand | Damage: 10.8(rolled 21/27.9765) (Central Primary Hallway (97, 124, 2))
 - (2020-09-28 00:29:24) ATTACK: Bob Joga/(Cock Advisor) has kicked *no key*/(Hector Mohamedi) (NEWHP: -584.8)  (Central Primary Hallway (96, 124, 2))
 - (2020-09-28 00:29:25) ATTACK: Bob Joga/(Cock Advisor) has kicked *no key*/(Hector Mohamedi) (NEWHP: -584.8)  (Central Primary Hallway (96, 124, 2))
 - (2020-09-28 00:29:26) ATTACK: Bob Joga/(Cock Advisor) has kicked *no key*/(Hector Mohamedi) (NEWHP: -584.8)  (Central Primary Hallway (96, 124, 2))
 - (2020-09-28 00:29:29) ATTACK: Bob Joga/(Cock Advisor) has kicked *no key*/(Hector Mohamedi) (NEWHP: -596.7)  (Central Primary Hallway (96, 124, 2))
 - (2020-09-28 00:29:30) ATTACK: Bob Joga/(Cock Advisor) has kicked *no key*/(Hector Mohamedi) (NEWHP: -596.7)  (Central Primary Hallway (96, 124, 2))
 - (2020-09-28 00:29:32) ATTACK: Bob Joga/(Cock Advisor) has kicked *no key*/(Hector Mohamedi) (NEWHP: -602.65)  (Central Primary Hallway (96, 124, 2))
 - (2020-09-28 00:29:33) ATTACK: Bob Joga/(Cock Advisor) has kicked *no key*/(Hector Mohamedi) (NEWHP: -608.6)  (Central Primary Hallway (96, 124, 2))
 - (2020-09-28 00:29:34) ATTACK: Bob Joga/(Cock Advisor) has kicked *no key*/(Hector Mohamedi) (NEWHP: -608.6)  (Central Primary Hallway (96, 124, 2))
 - (2020-09-28 00:29:35) ATTACK: Bob Joga/(Cock Advisor) has kicked *no key*/(Hector Mohamedi) (NEWHP: -636.65)  (Central Primary Hallway (98, 125, 2))
 - (2020-09-28 00:29:36) ATTACK: *no key*/(Honkel the III) has suffered: Weeping Avulsion to groin | Damage: 5.4(rolled 8/10.6011) (Unexplored Location (61, 79, 3))
 - (2020-09-28 00:29:41) ATTACK: *no key*/(Hector Mohamedi) has suffered: Dismembered stump (Central Primary Hallway (97, 124, 2))
 - (2020-09-28 00:29:41) ATTACK: Bob Joga/(Cock Advisor) has attacked *no key*/(Hector Mohamedi) with fire extinguisher (Wielded)[DC] (INTENT: HARM) (DAMTYPE: BRUTE) (NEWHP: -611.9)  (Central Primary Hallway (97, 125, 2))
 - (2020-09-28 00:29:51) ATTACK: *no key*/(Hector Mohamedi) has suffered: Rough Abrasion to head | Damage: 12(rolled 12/32.423) (Central Primary Hallway (97, 124, 2))
 - (2020-09-28 00:29:51) ATTACK: Bob Joga/(Cock Advisor) has attacked *no key*/(Hector Mohamedi) with fire extinguisher (Wielded)[DC] (INTENT: HARM) (DAMTYPE: BRUTE) (NEWHP: -640.15)  (Central Primary Hallway (97, 125, 2))
 - (2020-09-28 00:29:54) ATTACK: Bob Joga/(Cock Advisor) has attacked *no key*/(Hector Mohamedi) with fire extinguisher (Wielded)[DC] (INTENT: HARM) (DAMTYPE: BRUTE) (NEWHP: -645.8)  (Central Primary Hallway (97, 125, 2))
 - (2020-09-28 00:29:54) ATTACK: Bob Joga/(Cock Advisor) has attacked *no key*/(Hector Mohamedi) with fire extinguisher (Wielded)[DC] (INTENT: HARM) (DAMTYPE: BRUTE) (NEWHP: -651.45)  (Central Primary Hallway (97, 125, 2))
 - (2020-09-28 00:29:55) ATTACK: *no key*/(Hector Mohamedi) has suffered: Hairline Fracture to left arm | Damage: 24(rolled 80/85.5649) (Central Primary Hallway (97, 124, 2))
 - (2020-09-28 00:29:55) ATTACK: Bob Joga/(Cock Advisor) has attacked *no key*/(Hector Mohamedi) with fire extinguisher (Wielded)[DC] (INTENT: HARM) (DAMTYPE: BRUTE) (NEWHP: -675.45)  (Central Primary Hallway (97, 125, 2))
 - (2020-09-28 00:29:56) ATTACK: Bob Joga/(Cock Advisor) has attacked *no key*/(Hector Mohamedi) with fire extinguisher (Wielded)[DC] (INTENT: HARM) (DAMTYPE: BRUTE) (NEWHP: -699.45)  (Central Primary Hallway (97, 125, 2))
 - (2020-09-28 00:29:57) ATTACK: Bob Joga/(Cock Advisor) has attacked *no key*/(Hector Mohamedi) with fire extinguisher (Wielded)[DC] (INTENT: HARM) (DAMTYPE: BRUTE) (NEWHP: -705.1)  (Central Primary Hallway (97, 125, 2))
 - (2020-09-28 00:29:57) ATTACK: *no key*/(Hector Mohamedi) has suffered: Open Laceration to head | Damage: 6(rolled 11/12.286) (Central Primary Hallway (97, 124, 2))
 - (2020-09-28 00:29:57) ATTACK: Bob Joga/(Cock Advisor) has attacked *no key*/(Hector Mohamedi) with fire extinguisher (Wielded)[DC] (INTENT: HARM) (DAMTYPE: BRUTE) (NEWHP: -705.1)  (Central Primary Hallway (97, 125, 2))
 - (2020-09-28 00:29:58) ATTACK: Bob Joga/(Cock Advisor) has attacked *no key*/(Hector Mohamedi) with fire extinguisher (Wielded)[DC] (INTENT: HARM) (DAMTYPE: BRUTE) (NEWHP: -705.1)  (Central Primary Hallway (97, 125, 2))
 - (2020-09-28 00:29:59) ATTACK: Bob Joga/(Cock Advisor) has attacked *no key*/(Hector Mohamedi) with fire extinguisher (Wielded)[DC] (INTENT: HARM) (DAMTYPE: BRUTE) (NEWHP: -710.75)  (Central Primary Hallway (97, 125, 2))
 - (2020-09-28 00:29:59) ATTACK: Bob Joga/(Cock Advisor) has attacked *no key*/(Hector Mohamedi) with fire extinguisher (Wielded)[DC] (INTENT: HARM) (DAMTYPE: BRUTE) (NEWHP: -710.75)  (Central Primary Hallway (97, 125, 2))
 - (2020-09-28 00:30:00) ATTACK: *no key*/(Hector Mohamedi) has suffered: Hairline Fracture to right leg | Damage: 24(rolled 63/85.5649) (Central Primary Hallway (97, 124, 2))
 - (2020-09-28 00:30:00) ATTACK: Bob Joga/(Cock Advisor) has attacked *no key*/(Hector Mohamedi) with fire extinguisher (Wielded)[DC] (INTENT: HARM) (DAMTYPE: BRUTE) (NEWHP: -724.55)  (Central Primary Hallway (97, 125, 2))
 - (2020-09-28 00:30:01) ATTACK: Bob Joga/(Cock Advisor) has attacked *no key*/(Hector Mohamedi) with fire extinguisher (Wielded)[DC] (INTENT: HARM) (DAMTYPE: BRUTE) (NEWHP: -730.2)  (Central Primary Hallway (97, 125, 2))
 - (2020-09-28 00:30:01) ATTACK: Bob Joga/(Cock Advisor) has attacked *no key*/(Hector Mohamedi) with fire extinguisher (Wielded)[DC] (INTENT: HARM) (DAMTYPE: BRUTE) (NEWHP: -730.2)  (Central Primary Hallway (97, 125, 2))
 - (2020-09-28 00:30:02) ATTACK: Bob Joga/(Cock Advisor) has attacked *no key*/(Hector Mohamedi) with fire extinguisher (Wielded)[DC] (INTENT: HARM) (DAMTYPE: BRUTE) (NEWHP: -730.2)  (Central Primary Hallway (97, 125, 2))
 - (2020-09-28 00:30:07) ATTACK: Bob Joga/(Cock Advisor) has attacked *no key*/(Hector Mohamedi) with fire extinguisher (Wielded)[DC] (INTENT: HARM) (DAMTYPE: BRUTE) (NEWHP: -747.15)  (Central Primary Hallway (97, 125, 2))
 - (2020-09-28 00:30:07) ATTACK: Bob Joga/(Cock Advisor) has attacked *no key*/(Hector Mohamedi) with fire extinguisher (Wielded)[DC] (INTENT: HARM) (DAMTYPE: BRUTE) (NEWHP: -747.15)  (Central Primary Hallway (97, 125, 2))
 - (2020-09-28 00:30:08) ATTACK: Bob Joga/(Cock Advisor) has attacked *no key*/(Hector Mohamedi) with fire extinguisher (Wielded)[DC] (INTENT: HARM) (DAMTYPE: BRUTE) (NEWHP: -747.15)  (Central Primary Hallway (97, 125, 2))
 - (2020-09-28 00:30:09) ATTACK: *no key*/(Hector Mohamedi) has suffered: Dismembered stump (Central Primary Hallway (97, 124, 2))
 - (2020-09-28 00:30:09) ATTACK: Bob Joga/(Cock Advisor) has attacked *no key*/(Hector Mohamedi) with fire extinguisher (Wielded)[DC] (INTENT: HARM) (DAMTYPE: BRUTE) (NEWHP: -659.8)  (Central Primary Hallway (97, 125, 2))
 - (2020-09-28 00:30:10) ATTACK: *no key*/(Hector Mohamedi) has suffered: Hairline Fracture to left foot | Damage: 24(rolled 76/85.5649) (Central Primary Hallway (97, 124, 2))
 - (2020-09-28 00:30:10) ATTACK: Bob Joga/(Cock Advisor) has attacked *no key*/(Hector Mohamedi) with fire extinguisher (Wielded)[DC] (INTENT: HARM) (DAMTYPE: BRUTE) (NEWHP: -688.65)  (Central Primary Hallway (97, 125, 2))
 - (2020-09-28 00:30:11) ATTACK: *no key*/(Hector Mohamedi) has suffered: Weeping Avulsion to right arm | Damage: 12(rolled 1/32.423) (Central Primary Hallway (97, 124, 2))
 - (2020-09-28 00:30:12) ATTACK: Bob Joga/(Cock Advisor) has attacked *no key*/(Hector Mohamedi) with fire extinguisher (Wielded)[DC] (INTENT: HARM) (DAMTYPE: BRUTE) (NEWHP: -688.65)  (Central Primary Hallway (97, 125, 2))
 - (2020-09-28 00:30:13) ATTACK: *no key*/(Hector Mohamedi) has suffered: Open Laceration to head | Damage: 12(rolled 20/32.423) (Central Primary Hallway (97, 124, 2))
 - (2020-09-28 00:30:13) ATTACK: Bob Joga/(Cock Advisor) has attacked *no key*/(Hector Mohamedi) with fire extinguisher (Wielded)[DC] (INTENT: HARM) (DAMTYPE: BRUTE) (NEWHP: -693.5)  (Central Primary Hallway (97, 125, 2))
 - (2020-09-28 00:30:13) ATTACK: Bob Joga/(Cock Advisor) has attacked *no key*/(Hector Mohamedi) with fire extinguisher (Wielded)[DC] (INTENT: HARM) (DAMTYPE: BRUTE) (NEWHP: -693.5)  (Central Primary Hallway (97, 125, 2))
 - (2020-09-28 00:30:14) ATTACK: Bob Joga/(Cock Advisor) has attacked *no key*/(Hector Mohamedi) with fire extinguisher (Wielded)[DC] (INTENT: HARM) (DAMTYPE: BRUTE) (NEWHP: -705.5)  (Central Primary Hallway (97, 125, 2))
 - (2020-09-28 00:30:15) ATTACK: Bob Joga/(Cock Advisor) has attacked *no key*/(Hector Mohamedi) with fire extinguisher (Wielded)[DC] (INTENT: HARM) (DAMTYPE: BRUTE) (NEWHP: -710.35)  (Central Primary Hallway (97, 125, 2))
 - (2020-09-28 00:30:15) ATTACK: Bob Joga/(Cock Advisor) has attacked *no key*/(Hector Mohamedi) with fire extinguisher (Wielded)[DC] (INTENT: HARM) (DAMTYPE: BRUTE) (NEWHP: -710.35)  (Central Primary Hallway (97, 125, 2))
 - (2020-09-28 00:30:16) ATTACK: Bob Joga/(Cock Advisor) has attacked *no key*/(Hector Mohamedi) with fire extinguisher (Wielded)[DC] (INTENT: HARM) (DAMTYPE: BRUTE) (NEWHP: -710.35)  (Central Primary Hallway (97, 125, 2))
 - (2020-09-28 00:30:17) ATTACK: Bob Joga/(Cock Advisor) has attacked *no key*/(Hector Mohamedi) with fire extinguisher (Wielded)[DC] (INTENT: HARM) (DAMTYPE: BRUTE) (NEWHP: -715.2)  (Central Primary Hallway (97, 125, 2))
 - (2020-09-28 00:30:17) ATTACK: Bob Joga/(Cock Advisor) has attacked *no key*/(Hector Mohamedi) with fire extinguisher (Wielded)[DC] (INTENT: HARM) (DAMTYPE: BRUTE) (NEWHP: -715.2)  (Central Primary Hallway (97, 125, 2))
 - (2020-09-28 00:30:18) ATTACK: Bob Joga/(Cock Advisor) has attacked *no key*/(Hector Mohamedi) with fire extinguisher (Wielded)[DC] (INTENT: HARM) (DAMTYPE: BRUTE) (NEWHP: -715.2)  (Central Primary Hallway (97, 125, 2))
 - (2020-09-28 00:30:18) ATTACK: *no key*/(Honkel the III) has suffered: Second Degree Burns to right hand | Damage: 10.8(rolled 26/27.9765) (Unexplored Location (61, 79, 3))
 - (2020-09-28 00:30:20) ATTACK: Bob Joga/(Cock Advisor) has attacked *no key*/(Hector Mohamedi) with fire extinguisher (Wielded)[DC] (INTENT: HARM) (DAMTYPE: BRUTE) (NEWHP: -720.05)  (Central Primary Hallway (97, 125, 2))
 - (2020-09-28 00:30:21) ATTACK: Bob Joga/(Cock Advisor) has attacked *no key*/(Hector Mohamedi) with fire extinguisher (Wielded)[DC] (INTENT: HARM) (DAMTYPE: BRUTE) (NEWHP: -735.9)  (Central Primary Hallway (97, 125, 2))
 - (2020-09-28 00:30:22) ATTACK: Bob Joga/(Cock Advisor) <font color='red'>has turned ON the combat indicator!</font> (Central Primary Hallway (97, 125, 2))
 - (2020-09-28 00:30:23) ATTACK: Bob Joga/(Cock Advisor) has attacked *no key*/(Hector Mohamedi) with fire extinguisher (Wielded)[DC] (INTENT: HARM) (DAMTYPE: BRUTE) (NEWHP: -740.75)  (Central Primary Hallway (97, 125, 2))
 - (2020-09-28 00:30:24) ATTACK: Bob Joga/(Cock Advisor) has attacked *no key*/(Hector Mohamedi) with fire extinguisher (Wielded)[DC] (INTENT: HARM) (DAMTYPE: BRUTE) (NEWHP: -740.75)  (Central Primary Hallway (97, 125, 2))
 - (2020-09-28 00:30:25) ATTACK: *no key*/(Hector Mohamedi) has suffered: Hairline Fracture to left leg | Damage: 23.35(rolled 64/82.3382) (Central Primary Hallway (97, 124, 2))
 - (2020-09-28 00:30:25) ATTACK: Bob Joga/(Cock Advisor) has attacked *no key*/(Hector Mohamedi) with fire extinguisher (Wielded)[DC] (INTENT: HARM) (DAMTYPE: BRUTE) (NEWHP: -767.2)  (Central Primary Hallway (97, 125, 2))
 - (2020-09-28 00:30:26) ATTACK: *no key*/(Hector Mohamedi) has suffered: Hip Dislocation to groin | Damage: 22(rolled 39/75.7516) (Central Primary Hallway (97, 124, 2))
 - (2020-09-28 00:30:26) ATTACK: Bob Joga/(Cock Advisor) has attacked *no key*/(Hector Mohamedi) with fire extinguisher (Wielded)[DC] (INTENT: HARM) (DAMTYPE: BRUTE) (NEWHP: -794.05)  (Central Primary Hallway (96, 124, 2))
 - (2020-09-28 00:30:27) ATTACK: Bob Joga/(Cock Advisor) has attacked *no key*/(Hector Mohamedi) with fire extinguisher (Wielded)[DC] (INTENT: HARM) (DAMTYPE: BRUTE) (NEWHP: -812.05)  (Central Primary Hallway (96, 124, 2))
 - (2020-09-28 00:30:28) ATTACK: *no key*/(Hector Mohamedi) has suffered: Rough Abrasion to head | Damage: 11.02(rolled 1/28.7776) (Central Primary Hallway (97, 124, 2))
 - (2020-09-28 00:30:28) ATTACK: Bob Joga/(Cock Advisor) has attacked *no key*/(Hector Mohamedi) with fire extinguisher (Wielded)[DC] (INTENT: HARM) (DAMTYPE: BRUTE) (NEWHP: -812.05)  (Central Primary Hallway (96, 124, 2))
 - (2020-09-28 00:30:29) ATTACK: Bob Joga/(Cock Advisor) has attacked *no key*/(Hector Mohamedi) with fire extinguisher (Wielded)[DC] (INTENT: HARM) (DAMTYPE: BRUTE) (NEWHP: -816.9)  (Central Primary Hallway (96, 124, 2))
 - (2020-09-28 00:30:30) ATTACK: Bob Joga/(Cock Advisor) has attacked *no key*/(Hector Mohamedi) with fire extinguisher (Wielded)[DC] (INTENT: HARM) (DAMTYPE: BRUTE) (NEWHP: -816.9)  (Central Primary Hallway (96, 124, 2))
 - (2020-09-28 00:30:31) ATTACK: Bob Joga/(Cock Advisor) <font color='blue'>has turned OFF the combat indicator!</font> (Central Primary Hallway (96, 124, 2))
 - (2020-09-28 00:30:35) ATTACK: Bob Joga/(Cock Advisor) <font color='red'>has turned ON the combat indicator!</font> (Central Primary Hallway (96, 124, 2))
 - (2020-09-28 00:30:36) ATTACK: Bob Joga/(Cock Advisor) has attacked *no key*/(Hector Mohamedi) with fire extinguisher (Wielded)[DC] (INTENT: HARM) (DAMTYPE: BRUTE) (NEWHP: -831.45)  (Central Primary Hallway (96, 124, 2))
 - (2020-09-28 00:30:37) ATTACK: Bob Joga/(Cock Advisor) has attacked *no key*/(Hector Mohamedi) with fire extinguisher (Wielded)[DC] (INTENT: HARM) (DAMTYPE: BRUTE) (NEWHP: -836.3)  (Central Primary Hallway (96, 124, 2))
 - (2020-09-28 00:30:37) ATTACK: *no key*/(Hector Mohamedi) has suffered: Open Laceration to head | Damage: 6.6(rolled 6/14.0398) (Central Primary Hallway (97, 124, 2))
 - (2020-09-28 00:30:37) ATTACK: Bob Joga/(Cock Advisor) has attacked *no key*/(Hector Mohamedi) with fire extinguisher (Wielded)[DC] (INTENT: HARM) (DAMTYPE: BRUTE) (NEWHP: -836.3)  (Central Primary Hallway (96, 124, 2))
 - (2020-09-28 00:30:38) ATTACK: Bob Joga/(Cock Advisor) has attacked *no key*/(Hector Mohamedi) with fire extinguisher (Wielded)[DC] (INTENT: HARM) (DAMTYPE: BRUTE) (NEWHP: -836.3)  (Central Primary Hallway (96, 124, 2))
 - (2020-09-28 00:30:41) ATTACK: Bob Joga/(Cock Advisor) has attacked *no key*/(Hector Mohamedi) with fire extinguisher (Wielded)[DC] (INTENT: HARM) (DAMTYPE: BRUTE) (NEWHP: -846)  (Central Primary Hallway (96, 124, 2))
 - (2020-09-28 00:30:42) ATTACK: Bob Joga/(Cock Advisor) has attacked *no key*/(Hector Mohamedi) with fire extinguisher (Wielded)[DC] (INTENT: HARM) (DAMTYPE: BRUTE) (NEWHP: -846)  (Central Primary Hallway (96, 124, 2))
 - (2020-09-28 00:30:43) ATTACK: Bob Joga/(Cock Advisor) has attacked *no key*/(Hector Mohamedi) with fire extinguisher (Wielded)[DC] (INTENT: HARM) (DAMTYPE: BRUTE) (NEWHP: -850.85)  (Central Primary Hallway (96, 124, 2))
 - (2020-09-28 00:30:44) ATTACK: Bob Joga/(Cock Advisor) has attacked *no key*/(Hector Mohamedi) with fire extinguisher (Wielded)[DC] (INTENT: HARM) (DAMTYPE: BRUTE) (NEWHP: -850.85)  (Central Primary Hallway (96, 125, 2))
 - (2020-09-28 00:30:45) ATTACK: *no key*/(Hector Mohamedi) has suffered: Rough Abrasion to left leg | Damage: 13.2(rolled 3/37.0513) (Central Primary Hallway (97, 124, 2))
 - (2020-09-28 00:30:45) ATTACK: Bob Joga/(Cock Advisor) has attacked *no key*/(Hector Mohamedi) with fire extinguisher (Wielded)[DC] (INTENT: HARM) (DAMTYPE: BRUTE) (NEWHP: -855.7)  (Central Primary Hallway (98, 125, 2))
 - (2020-09-28 00:30:45) ATTACK: Bob Joga/(Cock Advisor) has attacked *no key*/(Hector Mohamedi) with fire extinguisher (Wielded)[DC] (INTENT: HARM) (DAMTYPE: BRUTE) (NEWHP: -855.7)  (Central Primary Hallway (98, 125, 2))
 - (2020-09-28 00:30:46) ATTACK: Bob Joga/(Cock Advisor) has attacked *no key*/(Hector Mohamedi) with fire extinguisher (Wielded)[DC] (INTENT: HARM) (DAMTYPE: BRUTE) (NEWHP: -855.7)  (Central Primary Hallway (98, 125, 2))
 - (2020-09-28 00:30:47) ATTACK: *no key*/(Hector Mohamedi) has suffered: Dismembered stump (Central Primary Hallway (97, 124, 2))
 - (2020-09-28 00:30:47) ATTACK: Bob Joga/(Cock Advisor) has attacked *no key*/(Hector Mohamedi) with fire extinguisher (Wielded)[DC] (INTENT: HARM) (DAMTYPE: BRUTE) (NEWHP: -773.05)  (Central Primary Hallway (98, 125, 2))
 - (2020-09-28 00:30:48) ATTACK: Bob Joga/(Cock Advisor) has attacked *no key*/(Hector Mohamedi) with fire extinguisher (Wielded)[DC] (INTENT: HARM) (DAMTYPE: BRUTE) (NEWHP: -773.05)  (Central Primary Hallway (98, 125, 2))
 - (2020-09-28 00:30:52) ATTACK: *no key*/(Hector Mohamedi) has suffered: Dismembered stump (Central Primary Hallway (97, 124, 2))
 - (2020-09-28 00:30:52) ATTACK: Bob Joga/(Cock Advisor) has attacked *no key*/(Hector Mohamedi) with fire extinguisher (Wielded)[DC] (INTENT: HARM) (DAMTYPE: BRUTE) (NEWHP: -649)  (Central Primary Hallway (98, 125, 2))
 - (2020-09-28 00:31:02) ATTACK: *no key*/(Scootaloo) has suffered: Second Degree Burns to right hand | Damage: 10.8(rolled 27/27.9765) (Unexplored Location (63, 76, 3))
 - (2020-09-28 00:31:16) ATTACK: *no key*/(Scootaloo) has suffered: Second Degree Burns to groin | Damage: 10.8(rolled 26/27.9765) (Unexplored Location (63, 76, 3))
 - (2020-09-28 00:31:24) ATTACK: *no key*/(Scootaloo) has suffered: Second Degree Burns to right arm | Damage: 10.8(rolled 27/27.9765) (Unexplored Location (63, 76, 3))
 - (2020-09-28 00:32:56) ATTACK: Bob Joga/(Cock Advisor) has attacked *no key*/(Keith Sutton) with fire extinguisher (Wielded)[DC] (INTENT: HARM) (DAMTYPE: BRUTE) (NEWHP: 73.6)  (Central Primary Hallway (109, 112, 2))
 - (2020-09-28 00:32:57) ATTACK: Bob Joga/(Cock Advisor) has attacked *no key*/(Keith Sutton) with fire extinguisher (Wielded)[DC] (INTENT: HARM) (DAMTYPE: BRUTE) (NEWHP: 47.2)  (Central Primary Hallway (109, 112, 2))
 - (2020-09-28 00:32:58) ATTACK: *no key*/(Keith Sutton) has suffered: Hairline Fracture to head | Damage: 26.4(rolled 89/97.779) (Central Primary Hallway (110, 112, 2))
 - (2020-09-28 00:32:58) ATTACK: Bob Joga/(Cock Advisor) has attacked *no key*/(Keith Sutton) with fire extinguisher (Wielded)[DC] (INTENT: HARM) (DAMTYPE: BRUTE) (NEWHP: 16)  (Central Primary Hallway (109, 112, 2))
 - (2020-09-28 00:32:59) ATTACK: *no key*/(Keith Sutton) has suffered: Open Laceration to head | Damage: 13.2(rolled 36/37.0513) (Central Primary Hallway (110, 112, 2))
 - (2020-09-28 00:32:59) ATTACK: *no key*/(Keith Sutton) has suffered: Rib Dislocation to chest | Damage: 26(rolled 52/95.7112) (Central Primary Hallway (110, 112, 2))
 - (2020-09-28 00:32:59) ATTACK: Bob Joga/(Cock Advisor) has attacked *no key*/(Keith Sutton) with fire extinguisher (Wielded)[DC] (INTENT: HARM) (DAMTYPE: BRUTE) (NEWHP: -14)  (Central Primary Hallway (109, 112, 2))
 - (2020-09-28 00:33:00) ATTACK: Bob Joga/(Cock Advisor) has attacked *no key*/(Keith Sutton) with fire extinguisher (Wielded)[DC] (INTENT: HARM) (DAMTYPE: BRUTE) (NEWHP: -43)  (Central Primary Hallway (109, 112, 2))
 - (2020-09-28 00:33:01) ATTACK: *no key*/(Keith Sutton) has suffered: Hairline Fracture to chest | Damage: 26(rolled 60/95.7112) (Central Primary Hallway (110, 112, 2))
 - (2020-09-28 00:33:01) ATTACK: Bob Joga/(Cock Advisor) has attacked *no key*/(Keith Sutton) with fire extinguisher (Wielded)[DC] (INTENT: HARM) (DAMTYPE: BRUTE) (NEWHP: -77.75)  (Central Primary Hallway (109, 112, 2))
 - (2020-09-28 00:33:02) ATTACK: *no key*/(Keith Sutton) has suffered: Open Laceration to chest | Damage: 13(rolled 35/36.2678) (Central Primary Hallway (110, 112, 2))
 - (2020-09-28 00:33:02) ATTACK: Bob Joga/(Cock Advisor) has attacked *no key*/(Keith Sutton) with fire extinguisher (Wielded)[DC] (INTENT: HARM) (DAMTYPE: BRUTE) (NEWHP: -96)  (Central Primary Hallway (109, 112, 2))
 - (2020-09-28 00:33:02) ATTACK: Bob Joga/(Cock Advisor) has attacked *no key*/(Keith Sutton) with fire extinguisher (Wielded)[DC] (INTENT: HARM) (DAMTYPE: BRUTE) (NEWHP: -96)  (Central Primary Hallway (109, 112, 2))
 - (2020-09-28 00:33:03) ATTACK: *no key*/(Keith Sutton) has suffered: Weeping Avulsion to chest | Damage: 6.5(rolled 13/13.7429) (Central Primary Hallway (110, 112, 2))
 - (2020-09-28 00:33:03) ATTACK: Bob Joga/(Cock Advisor) has attacked *no key*/(Keith Sutton) with fire extinguisher (Wielded)[DC] (INTENT: HARM) (DAMTYPE: BRUTE) (NEWHP: -180.95)  (Central Primary Hallway (109, 112, 2))
 - (2020-09-28 00:33:04) ATTACK: Bob Joga/(Cock Advisor) has attacked *no key*/(Keith Sutton) with fire extinguisher (Wielded)[DC] (INTENT: HARM) (DAMTYPE: BRUTE) (NEWHP: -180.95)  (Central Primary Hallway (109, 112, 2))
 - (2020-09-28 00:33:05) ATTACK: Bob Joga/(Cock Advisor) has attacked *no key*/(Keith Sutton) with fire extinguisher (Wielded)[DC] (INTENT: HARM) (DAMTYPE: BRUTE) (NEWHP: -186.9)  (Central Primary Hallway (109, 112, 2))
 - (2020-09-28 00:33:05) ATTACK: *no key*/(Keith Sutton) has suffered: Joint Dislocation to right hand | Damage: 26.4(rolled 40/97.779) (Central Primary Hallway (110, 112, 2))
 - (2020-09-28 00:33:05) ATTACK: Bob Joga/(Cock Advisor) has attacked *no key*/(Keith Sutton) with fire extinguisher (Wielded)[DC] (INTENT: HARM) (DAMTYPE: BRUTE) (NEWHP: -213.3)  (Central Primary Hallway (109, 112, 2))
 - (2020-09-28 00:33:06) ATTACK: Bob Joga/(Cock Advisor) has attacked *no key*/(Keith Sutton) with fire extinguisher (Wielded)[DC] (INTENT: HARM) (DAMTYPE: BRUTE) (NEWHP: -213.3)  (Central Primary Hallway (109, 112, 2))
 - (2020-09-28 00:33:07) ATTACK: Bob Joga/(Cock Advisor) has attacked *no key*/(Keith Sutton) with fire extinguisher (Wielded)[DC] (INTENT: HARM) (DAMTYPE: BRUTE) (NEWHP: -219.25)  (Central Primary Hallway (109, 112, 2))
 - (2020-09-28 00:33:12) ATTACK: *no key*/(Keith Sutton) attacked himself to a Muscle Spasm (Central Primary Hallway (110, 112, 2))
 - (2020-09-28 00:33:21) ATTACK: *no key*/(Keith Sutton) has suffered: Dismembered stump (Central Primary Hallway (110, 112, 2))
 - (2020-09-28 00:33:21) ATTACK: Bob Joga/(Cock Advisor) has attacked *no key*/(Keith Sutton) with fire extinguisher (Wielded)[DC] (INTENT: HARM) (DAMTYPE: BRUTE) (NEWHP: -205.4)  (Central Primary Hallway (109, 113, 2))
 - (2020-09-28 00:33:39) ATTACK: *no key*/(Scootaloo) has suffered: Hairline Fracture to groin | Damage: 9.9(rolled 17/24.7679) (Unexplored Location (63, 76, 3))
 - (2020-09-28 00:34:27) ATTACK: Bob Joga/(Cock Advisor) <font color='blue'>has turned OFF the combat indicator!</font> (Central Primary Hallway (108, 113, 2))
 - (2020-09-28 00:34:53) ATTACK: *no key*/(Scootaloo) has suffered: Open Laceration to groin | Damage: 5.4(rolled 2/10.6011) (Unexplored Location (63, 76, 3))
 - (2020-09-28 00:36:19) ATTACK: Bob Joga/(Cock Advisor) <font color='red'>has turned ON the combat indicator!</font> (Starboard Primary Hallway (143, 130, 2))
 - (2020-09-28 00:36:33) ATTACK: Bob Joga/(Cock Advisor) has punched *no key*/(Lindsay Pulley) (NEWHP: 88)  (Starboard Primary Hallway (136, 130, 2))
 - (2020-09-28 00:36:34) ATTACK: Bob Joga/(Cock Advisor) has punched *no key*/(Lindsay Pulley) (NEWHP: 82)  (Starboard Primary Hallway (136, 129, 2))
 - (2020-09-28 00:36:34) ATTACK: Bob Joga/(Cock Advisor) has punched *no key*/(Lindsay Pulley) (NEWHP: 61)  (Starboard Primary Hallway (136, 129, 2))
 - (2020-09-28 00:36:35) ATTACK: Bob Joga/(Cock Advisor) has punched *no key*/(Lindsay Pulley) (NEWHP: 43)  (Starboard Primary Hallway (136, 129, 2))
 - (2020-09-28 00:36:37) ATTACK: Bob Joga/(Cock Advisor) has punched *no key*/(Lindsay Pulley) (NEWHP: 32)  (Starboard Primary Hallway (136, 129, 2))
 - (2020-09-28 00:36:37) ATTACK: Bob Joga/(Cock Advisor) has punched *no key*/(Lindsay Pulley) (NEWHP: 24)  (Starboard Primary Hallway (136, 129, 2))
 - (2020-09-28 00:36:38) ATTACK: Bob Joga/(Cock Advisor) has punched *no key*/(Lindsay Pulley) (NEWHP: 22)  (Starboard Primary Hallway (136, 129, 2))
 - (2020-09-28 00:36:39) ATTACK: Bob Joga/(Cock Advisor) has punched *no key*/(Lindsay Pulley) (NEWHP: 25)  (Starboard Primary Hallway (136, 129, 2))
 - (2020-09-28 00:36:41) ATTACK: *no key*/(Scootaloo) has suffered: Open Laceration to groin | Damage: 5.4(rolled 5/10.6011) (Unexplored Location (63, 76, 3))
 - (2020-09-28 00:36:41) ATTACK: Bob Joga/(Cock Advisor) has punched *no key*/(Lindsay Pulley) (NEWHP: 15)  (Starboard Primary Hallway (134, 129, 2))
 - (2020-09-28 00:36:42) ATTACK: *no key*/(Lindsay Pulley) has suffered: Jaw Dislocation to head | Damage: 20(rolled 48/66.2891) (Starboard Primary Hallway (135, 130, 2))
 - (2020-09-28 00:36:42) ATTACK: Bob Joga/(Cock Advisor) has punched *no key*/(Lindsay Pulley) (NEWHP: -5)  (Starboard Primary Hallway (134, 129, 2))
 - (2020-09-28 00:36:42) ATTACK: Bob Joga/(Cock Advisor) has got a stun punch with their previous punch *no key*/(Lindsay Pulley) (NEWHP: -5)  (Starboard Primary Hallway (134, 129, 2))
[2020-09-28 03:46:47.202] Logs from logging subsystem:
 - (2020-09-28 00:37:01) ATTACK: *no key*/(Scootaloo) has suffered: Weeping Avulsion to groin | Damage: 5.4(rolled 10/10.6011) (Unexplored Location (63, 76, 3))
 - (2020-09-28 00:37:03) ATTACK: Bob Joga/(Cock Advisor) <font color='blue'>has turned OFF the combat indicator!</font> (Central Primary Hallway (131, 129, 2))
 - (2020-09-28 00:38:01) ATTACK: *no key*/(Lindsay Pulley) has suffered: Hairline Fracture to head | Damage: 24(rolled 45/85.5649) (Starboard Primary Hallway (135, 130, 2))
 - (2020-09-28 00:38:01) ATTACK: *no key*/(Lindsay Pulley) has suffered: Rib Dislocation to chest | Damage: 22(rolled 53/75.7516) (Starboard Primary Hallway (135, 130, 2))
 - (2020-09-28 00:38:01) ATTACK: Bob Joga/(Cock Advisor) has kicked *no key*/(Lindsay Pulley) (NEWHP: -24)  (Starboard Primary Hallway (134, 130, 2))
 - (2020-09-28 00:38:03) ATTACK: *no key*/(Lindsay Pulley) has suffered: Open Laceration to head | Damage: 10.8(rolled 26/27.9765) (Starboard Primary Hallway (135, 130, 2))
 - (2020-09-28 00:38:03) ATTACK: Bob Joga/(Cock Advisor) has kicked *no key*/(Lindsay Pulley) (NEWHP: -49.75)  (Starboard Primary Hallway (134, 130, 2))
 - (2020-09-28 00:38:04) ATTACK: Bob Joga/(Cock Advisor) has kicked *no key*/(Lindsay Pulley) (NEWHP: -54.55)  (Starboard Primary Hallway (134, 130, 2))
 - (2020-09-28 00:38:05) ATTACK: Bob Joga/(Cock Advisor) has kicked *no key*/(Lindsay Pulley) (NEWHP: -66.55)  (Starboard Primary Hallway (134, 130, 2))
 - (2020-09-28 00:38:06) ATTACK: Bob Joga/(Cock Advisor) has kicked *no key*/(Lindsay Pulley) (NEWHP: -83.3)  (Starboard Primary Hallway (134, 130, 2))
 - (2020-09-28 00:38:06) ATTACK: Bob Joga/(Cock Advisor) <font color='red'>has turned ON the combat indicator!</font> (Starboard Primary Hallway (134, 130, 2))
 - (2020-09-28 00:38:06) ATTACK: Bob Joga/(Cock Advisor) has kicked *no key*/(Lindsay Pulley) (NEWHP: -111.3)  (Starboard Primary Hallway (134, 130, 2))
 - (2020-09-28 00:38:07) ATTACK: Bob Joga/(Cock Advisor) has kicked *no key*/(Lindsay Pulley) (NEWHP: -113.05)  (Starboard Primary Hallway (134, 130, 2))
 - (2020-09-28 00:38:08) ATTACK: Bob Joga/(Cock Advisor) has kicked *no key*/(Lindsay Pulley) (NEWHP: -114.8)  (Starboard Primary Hallway (134, 130, 2))
 - (2020-09-28 00:38:10) ATTACK: Bob Joga/(Cock Advisor) has kicked *no key*/(Lindsay Pulley) (NEWHP: -115.8)  (Starboard Primary Hallway (134, 129, 2))
 - (2020-09-28 00:38:11) ATTACK: *no key*/(Honkel the III) has suffered: Second Degree Burns to left foot | Damage: 10.8(rolled 27/27.9765) (Unexplored Location (61, 79, 3))
 - (2020-09-28 00:38:11) ATTACK: Bob Joga/(Cock Advisor) has kicked *no key*/(Lindsay Pulley) (NEWHP: -117.8)  (Starboard Primary Hallway (134, 129, 2))
 - (2020-09-28 00:38:12) ATTACK: Bob Joga/(Cock Advisor) has kicked *no key*/(Lindsay Pulley) (NEWHP: -118.8)  (Starboard Primary Hallway (134, 129, 2))
 - (2020-09-28 00:38:15) ATTACK: Bob Joga/(Cock Advisor) has kicked *no key*/(Lindsay Pulley) (NEWHP: -122.8)  (Starboard Primary Hallway (136, 130, 2))
 - (2020-09-28 00:38:16) ATTACK: Bob Joga/(Cock Advisor) has kicked *no key*/(Lindsay Pulley) (NEWHP: -126.8)  (Starboard Primary Hallway (136, 130, 2))
 - (2020-09-28 00:38:16) ATTACK: Bob Joga/(Cock Advisor) has kicked *no key*/(Lindsay Pulley) (NEWHP: -126.8)  (Starboard Primary Hallway (136, 130, 2))
 - (2020-09-28 00:38:17) ATTACK: Bob Joga/(Cock Advisor) has kicked *no key*/(Lindsay Pulley) (NEWHP: -129.8)  (Starboard Primary Hallway (136, 130, 2))
 - (2020-09-28 00:38:18) ATTACK: Bob Joga/(Cock Advisor) has kicked *no key*/(Lindsay Pulley) (NEWHP: -129.8)  (Starboard Primary Hallway (136, 130, 2))
 - (2020-09-28 00:38:19) ATTACK: Bob Joga/(Cock Advisor) has kicked *no key*/(Lindsay Pulley) (NEWHP: -135.75)  (Starboard Primary Hallway (136, 130, 2))
 - (2020-09-28 00:38:20) ATTACK: *no key*/(Lindsay Pulley) has suffered: Hairline Fracture to chest | Damage: 27(rolled 49/100.904) (Starboard Primary Hallway (135, 130, 2))
 - (2020-09-28 00:38:20) ATTACK: Bob Joga/(Cock Advisor) has kicked *no key*/(Lindsay Pulley) (NEWHP: -135.75)  (Starboard Primary Hallway (136, 130, 2))
 - (2020-09-28 00:38:21) ATTACK: *no key*/(Lindsay Pulley) has suffered: Open Laceration to chest | Damage: 7.5(rolled 6/16.7914) (Starboard Primary Hallway (135, 130, 2))
 - (2020-09-28 00:38:21) ATTACK: Bob Joga/(Cock Advisor) has kicked *no key*/(Lindsay Pulley) (NEWHP: -141.7)  (Starboard Primary Hallway (136, 130, 2))
 - (2020-09-28 00:38:22) ATTACK: Bob Joga/(Cock Advisor) has kicked *no key*/(Lindsay Pulley) (NEWHP: -141.7)  (Starboard Primary Hallway (136, 130, 2))
 - (2020-09-28 00:38:25) ATTACK: Bob Joga/(Cock Advisor) <font color='blue'>has turned OFF the combat indicator!</font> (Central Primary Hallway (129, 129, 2))
 - (2020-09-28 00:38:38) ATTACK: *no key*/(Lindsay Pulley) has suffered: Rough Abrasion to head | Damage: 6(rolled 2/12.286) (Starboard Primary Hallway (135, 130, 2))
 - (2020-09-28 00:38:38) ATTACK: *no key*/(Lindsay Pulley) has suffered: Rough Abrasion to chest | Damage: 6(rolled 5/12.286) (Starboard Primary Hallway (135, 130, 2))
 - (2020-09-28 00:38:38) ATTACK: Bob Joga/(Cock Advisor) has kicked *no key*/(Lindsay Pulley) (NEWHP: -189.3)  (Starboard Primary Hallway (134, 130, 2))
 - (2020-09-28 00:38:39) ATTACK: *no key*/(Lindsay Pulley) has suffered: Open Laceration to head | Damage: 5.4(rolled 6/10.6011) (Starboard Primary Hallway (135, 130, 2))
 - (2020-09-28 00:38:39) ATTACK: *no key*/(Lindsay Pulley) has suffered: Open Laceration to chest | Damage: 5.5(rolled 2/10.877) (Starboard Primary Hallway (135, 130, 2))
 - (2020-09-28 00:38:39) ATTACK: Bob Joga/(Cock Advisor) has kicked *no key*/(Lindsay Pulley) (NEWHP: -195.25)  (Starboard Primary Hallway (134, 130, 2))
 - (2020-09-28 00:38:40) ATTACK: Bob Joga/(Cock Advisor) has kicked *no key*/(Lindsay Pulley) (NEWHP: -195.25)  (Starboard Primary Hallway (134, 130, 2))
 - (2020-09-28 00:38:41) ATTACK: Bob Joga/(Cock Advisor) has kicked *no key*/(Lindsay Pulley) (NEWHP: -279.2)  (Starboard Primary Hallway (134, 130, 2))
 - (2020-09-28 00:38:42) ATTACK: Bob Joga/(Cock Advisor) has kicked *no key*/(Lindsay Pulley) (NEWHP: -279.2)  (Starboard Primary Hallway (134, 130, 2))
 - (2020-09-28 00:39:01) ATTACK: *no key*/(Scootaloo) has suffered: Second Degree Burns to left hand | Damage: 10.8(rolled 26/27.9765) (Unexplored Location (63, 76, 3))
 - (2020-09-28 00:39:21) ATTACK: *no key*/(Lindsay Pulley) has suffered: Rough Abrasion to head | Damage: 6(rolled 7/12.286) (Starboard Primary Hallway (135, 130, 2))
 - (2020-09-28 00:39:21) ATTACK: *no key*/(Lindsay Pulley) has suffered: Rough Abrasion to chest | Damage: 6(rolled 4/12.286) (Starboard Primary Hallway (135, 130, 2))
 - (2020-09-28 00:39:21) ATTACK: Bob Joga/(Cock Advisor) has kicked *no key*/(Lindsay Pulley) (NEWHP: -398.2)  (Starboard Primary Hallway (134, 130, 2))
 - (2020-09-28 00:39:23) ATTACK: Bob Joga/(Cock Advisor) has attacked *no key*/(Officer Beepsky) (NEWHP: 23.5)  (Starboard Primary Hallway (134, 130, 2))
 - (2020-09-28 00:39:24) ATTACK: Bob Joga/(Cock Advisor) has kicked *no key*/(Lindsay Pulley) (NEWHP: -423.35)  (Starboard Primary Hallway (134, 129, 2))
 - (2020-09-28 00:39:27) ATTACK: Bob Joga/(Cock Advisor) has attacked *no key*/(Officer Beepsky) (NEWHP: 22)  (Starboard Primary Hallway (132, 129, 2))
 - (2020-09-28 00:39:27) ATTACK: *no key*/(Officer Beepsky) has stunned Bob Joga/(Cock Advisor) (NEWHP: 100)  (Starboard Primary Hallway (133, 129, 2))
 - (2020-09-28 00:39:28) ATTACK: Bob Joga/(Cock Advisor) has attacked *no key*/(Officer Beepsky) (NEWHP: 20.5)  (Starboard Primary Hallway (132, 130, 2))
 - (2020-09-28 00:39:29) ATTACK: *no key*/(Officer Beepsky) has stunned Bob Joga/(Cock Advisor) (NEWHP: 100)  (Starboard Primary Hallway (132, 129, 2))
 - (2020-09-28 00:39:30) ATTACK: Bob Joga/(Cock Advisor) has attacked *no key*/(Officer Beepsky) (NEWHP: 19)  (Central Primary Hallway (129, 129, 2))
 - (2020-09-28 00:39:31) ATTACK: Bob Joga/(Cock Advisor) has attacked *no key*/(Officer Beepsky) (NEWHP: 17.5)  (Central Primary Hallway (129, 130, 2))
 - (2020-09-28 00:39:31) ATTACK: *no key*/(Officer Beepsky) has stunned Bob Joga/(Cock Advisor) (NEWHP: 100)  (Central Primary Hallway (129, 130, 2))
 - (2020-09-28 00:39:33) ATTACK: *no key*/(Officer Beepsky) has stunned Bob Joga/(Cock Advisor) (NEWHP: 100)  (Central Primary Hallway (129, 133, 2))
 - (2020-09-28 00:39:33) ATTACK: Bob Joga/(Cock Advisor) has attacked *no key*/(Officer Beepsky) (NEWHP: 16)  (Central Primary Hallway (129, 135, 2))
 - (2020-09-28 00:39:34) ATTACK: Bob Joga/(Cock Advisor) <font color='red'>has turned ON the combat indicator!</font> (Central Primary Hallway (129, 136, 2))
 - (2020-09-28 00:39:34) ATTACK: Bob Joga/(Cock Advisor) has attacked *no key*/(Officer Beepsky) (NEWHP: 14.5)  (Central Primary Hallway (129, 136, 2))
 - (2020-09-28 00:39:35) ATTACK: *no key*/(Officer Beepsky) has stunned Bob Joga/(Cock Advisor) (NEWHP: 100)  (Central Primary Hallway (129, 136, 2))
 - (2020-09-28 00:39:36) ATTACK: Bob Joga/(Cock Advisor) has attacked *no key*/(Officer Beepsky) (NEWHP: 13)  (Central Primary Hallway (129, 138, 2))
 - (2020-09-28 00:39:36) ATTACK: Bob Joga/(Cock Advisor) has attacked *no key*/(Officer Beepsky) (NEWHP: 11.5)  (Central Primary Hallway (129, 139, 2))
 - (2020-09-28 00:39:37) ATTACK: *no key*/(Officer Beepsky) has stunned Bob Joga/(Cock Advisor) (NEWHP: 100)  (Central Primary Hallway (129, 139, 2))
 - (2020-09-28 00:39:37) ATTACK: Bob Joga/(Cock Advisor) has attacked *no key*/(Officer Beepsky) (NEWHP: 10)  (Central Primary Hallway (129, 141, 2))
 - (2020-09-28 00:39:39) ATTACK: Bob Joga/(Cock Advisor) has attacked *no key*/(Officer Beepsky) (NEWHP: 8.5)  (Central Primary Hallway (128, 142, 2))
 - (2020-09-28 00:39:39) ATTACK: *no key*/(Officer Beepsky) has stunned Bob Joga/(Cock Advisor) (NEWHP: 100)  (Central Primary Hallway (129, 141, 2))
 - (2020-09-28 00:39:41) ATTACK: Bob Joga/(Cock Advisor) <font color='blue'>has turned OFF the combat indicator!</font> (Central Primary Hallway (125, 142, 2))
 - (2020-09-28 00:39:41) ATTACK: *no key*/(Officer Beepsky) has stunned Bob Joga/(Cock Advisor) (NEWHP: 100)  (Central Primary Hallway (126, 142, 2))
 - (2020-09-28 00:39:47) ATTACK: *no key*/(Officer Beepsky) has stunned Bob Joga/(Cock Advisor) (NEWHP: 100)  (Central Primary Hallway (126, 142, 2))
 - (2020-09-28 00:39:58) ATTACK: Bob Joga/(Cock Advisor) <font color='red'>has turned ON the combat indicator!</font> (Central Primary Hallway (128, 133, 2))
 - (2020-09-28 00:40:00) ATTACK: Bob Joga/(Cock Advisor) has attacked *no key*/(Officer Beepsky) (NEWHP: 7)  (Central Primary Hallway (128, 130, 2))
 - (2020-09-28 00:40:01) ATTACK: Bob Joga/(Cock Advisor) has attacked *no key*/(Officer Beepsky) (NEWHP: 5.5)  (Central Primary Hallway (128, 129, 2))
 - (2020-09-28 00:40:01) ATTACK: *no key*/(Officer Beepsky) has stunned Bob Joga/(Cock Advisor) (NEWHP: 100)  (Central Primary Hallway (129, 130, 2))
 - (2020-09-28 00:40:03) ATTACK: *no key*/(Honkel the III) has suffered: Second Degree Burns to right leg | Damage: 10.8(rolled 27/27.9765) (Unexplored Location (61, 79, 3))
 - (2020-09-28 00:40:03) ATTACK: *no key*/(Officer Beepsky) has stunned Bob Joga/(Cock Advisor) (NEWHP: 100)  (Central Primary Hallway (129, 130, 2))
 - (2020-09-28 00:40:03) ATTACK: Bob Joga/(Cock Advisor) has attacked *no key*/(Officer Beepsky) (NEWHP: 4)  (Central Primary Hallway (128, 129, 2))
 - (2020-09-28 00:40:04) ATTACK: Bob Joga/(Cock Advisor) has attacked *no key*/(Officer Beepsky) (NEWHP: 2.5)  (Central Primary Hallway (128, 129, 2))
 - (2020-09-28 00:40:06) ATTACK: Bob Joga/(Cock Advisor) has attacked *no key*/(Officer Beepsky) (NEWHP: 1)  (Central Primary Hallway (128, 128, 2))
 - (2020-09-28 00:40:07) ATTACK: *no key*/(Officer Beepsky) has stunned Bob Joga/(Cock Advisor) (NEWHP: 100)  (Central Primary Hallway (128, 128, 2))
 - (2020-09-28 00:40:08) ATTACK: Bob Joga/(Cock Advisor) has attacked *no key*/(Officer Beepsky) (NEWHP: 0)  (Central Primary Hallway (128, 126, 2))
 - (2020-09-28 00:40:10) ATTACK: Bob Joga/(Cock Advisor) <font color='blue'>has turned OFF the combat indicator!</font> (Central Primary Hallway (128, 125, 2))
 - (2020-09-28 00:40:11) ATTACK: Bob Joga/(Cock Advisor) <font color='red'>has turned ON the combat indicator!</font> (Central Primary Hallway (128, 125, 2))
 - (2020-09-28 00:40:13) ATTACK: Bob Joga/(Cock Advisor) <font color='blue'>has turned OFF the combat indicator!</font> (Central Primary Hallway (129, 132, 2))
 - (2020-09-28 00:42:39) ATTACK: Bob Joga/(Cock Advisor) <font color='red'>has turned ON the combat indicator!</font> (Central Primary Hallway (129, 125, 2))
 - (2020-09-28 00:42:49) ATTACK: *no key*/(Tish Strasburger) has suffered: Rough Abrasion to left foot | Damage: 52.8(rolled 40/258.04) (Central Primary Hallway (129, 130, 2))
 - (2020-09-28 00:42:49) ATTACK: *no key*/(Tish Strasburger) has suffered: Open Laceration to left leg | Damage: 23(rolled 53/80.6156) (Central Primary Hallway (129, 130, 2))
 - (2020-09-28 00:42:49) ATTACK: Bob Joga/(Cock Advisor) has attacked *no key*/(Tish Strasburger) with fire axe (Wielded)[DC] (INTENT: HARM) (DAMTYPE: BRUTE) (NEWHP: 42)  (Central Primary Hallway (128, 129, 2))
 - (2020-09-28 00:42:50) ATTACK: *no key*/(Tish Strasburger) has suffered: Rough Abrasion to head | Damage: 52.8(rolled 52/258.04) (Central Primary Hallway (129, 130, 2))
 - (2020-09-28 00:42:50) ATTACK: Bob Joga/(Cock Advisor) has attacked *no key*/(Tish Strasburger) with fire axe (Wielded)[DC] (INTENT: HARM) (DAMTYPE: BRUTE) (NEWHP: -10.3)  (Central Primary Hallway (128, 129, 2))
 - (2020-09-28 00:42:51) ATTACK: *no key*/(Tish Strasburger) has suffered: Rough Abrasion to right arm | Damage: 52.8(rolled 26/258.04) (Central Primary Hallway (129, 130, 2))
 - (2020-09-28 00:42:51) ATTACK: Bob Joga/(Cock Advisor) has attacked *no key*/(Tish Strasburger) with fire axe (Wielded)[DC] (INTENT: HARM) (DAMTYPE: BRUTE) (NEWHP: -67.3)  (Central Primary Hallway (128, 129, 2))
 - (2020-09-28 00:42:52) ATTACK: *no key*/(Tish Strasburger) has suffered: Open Laceration to right leg | Damage: 52.8(rolled 55/258.04) (Central Primary Hallway (129, 130, 2))
 - (2020-09-28 00:42:52) ATTACK: Bob Joga/(Cock Advisor) has attacked *no key*/(Tish Strasburger) with fire axe (Wielded)[DC] (INTENT: HARM) (DAMTYPE: BRUTE) (NEWHP: -123.3)  (Central Primary Hallway (128, 130, 2))
 - (2020-09-28 00:42:53) ATTACK: *no key*/(Tish Strasburger) has suffered: Rough Abrasion to left arm | Damage: 52.8(rolled 47/258.04) (Central Primary Hallway (129, 130, 2))
 - (2020-09-28 00:42:53) ATTACK: Bob Joga/(Cock Advisor) has attacked *no key*/(Tish Strasburger) with fire axe (Wielded)[DC] (INTENT: HARM) (DAMTYPE: BRUTE) (NEWHP: -179.05)  (Central Primary Hallway (128, 130, 2))
 - (2020-09-28 00:42:54) ATTACK: *no key*/(Tish Strasburger) has suffered: Hairline Fracture to left leg | Damage: 29.04(rolled 50/111.737) (Central Primary Hallway (129, 130, 2))
 - (2020-09-28 00:42:54) ATTACK: *no key*/(Tish Strasburger) has suffered: Rough Abrasion to groin | Damage: 13(rolled 27/36.2678) (Central Primary Hallway (129, 130, 2))
 - (2020-09-28 00:42:54) ATTACK: Bob Joga/(Cock Advisor) has attacked *no key*/(Tish Strasburger) with fire axe (Wielded)[DC] (INTENT: HARM) (DAMTYPE: BRUTE) (NEWHP: -225.55)  (Central Primary Hallway (128, 130, 2))
 - (2020-09-28 00:42:54) ATTACK: *no key*/(Tish Strasburger) has suffered: Compound Fracture to left arm | Damage: 29.04(rolled 92/111.737) (Central Primary Hallway (129, 130, 2))
 - (2020-09-28 00:42:54) ATTACK: *no key*/(Tish Strasburger) has suffered: Open Laceration to left hand | Damage: 26(rolled 43/95.7112) (Central Primary Hallway (129, 130, 2))
 - (2020-09-28 00:42:54) ATTACK: Bob Joga/(Cock Advisor) has attacked *no key*/(Tish Strasburger) with fire axe (Wielded)[DC] (INTENT: HARM) (DAMTYPE: BRUTE) (NEWHP: -277.55)  (Central Primary Hallway (128, 130, 2))
 - (2020-09-28 00:42:55) ATTACK: *no key*/(Tish Strasburger) has suffered: Weeping Avulsion to right hand | Damage: 52.8(rolled 219/258.04) (Central Primary Hallway (129, 130, 2))
 - (2020-09-28 00:42:55) ATTACK: *no key*/(Tish Strasburger) has suffered: Dismembered stump (Central Primary Hallway (129, 130, 2))
 - (2020-09-28 00:42:56) ATTACK: Bob Joga/(Cock Advisor) has attacked *no key*/(Tish Strasburger) with fire axe (Wielded)[DC] (INTENT: HARM) (DAMTYPE: BRUTE) (NEWHP: -249.43)  (Central Primary Hallway (128, 130, 2))
 - (2020-09-28 00:43:11) ATTACK: *no key*/(Tish Strasburger) has suffered: Disembowelment (Central Primary Hallway (129, 130, 2))
 - (2020-09-28 00:43:11) ATTACK: Bob Joga/(Cock Advisor) has attacked *no key*/(Tish Strasburger) with fire axe (Wielded)[DC] (INTENT: HARM) (DAMTYPE: BRUTE) (NEWHP: -227.68)  (Central Primary Hallway (128, 130, 2))
 - (2020-09-28 00:43:35) ATTACK: *no key*/(Lindsay Pulley) has suffered: Dismembered stump (Starboard Primary Hallway (135, 130, 2))
 - (2020-09-28 00:43:35) ATTACK: Bob Joga/(Cock Advisor) has attacked *no key*/(Lindsay Pulley) with fire axe (Wielded)[DC] (INTENT: HARM) (DAMTYPE: BRUTE) (NEWHP: -699)  (Starboard Primary Hallway (134, 129, 2))
 - (2020-09-28 00:44:17) ATTACK: *no key*/(Goose McSunny) has suffered: Second Degree Burns to left foot | Damage: 10.8(rolled 27/27.9765) (Unexplored Location (60, 77, 3))
 - (2020-09-28 00:44:27) ATTACK: *no key*/(Kepler Moniruzzaman) has suffered: Weeping Avulsion to head | Damage: 52.8(rolled 191/258.04) (Starboard Primary Hallway (141, 129, 2))
 - (2020-09-28 00:44:27) ATTACK: Bob Joga/(Cock Advisor) has attacked *no key*/(Kepler Moniruzzaman) with fire axe (Wielded)[DC] (INTENT: HARM) (DAMTYPE: BRUTE) (NEWHP: 47.2)  (Starboard Primary Hallway (142, 130, 2))
 - (2020-09-28 00:44:31) ATTACK: *no key*/(Kepler Moniruzzaman) has suffered: Dismembered stump (Starboard Primary Hallway (141, 129, 2))
 - (2020-09-28 00:44:31) ATTACK: Bob Joga/(Cock Advisor) has attacked *no key*/(Kepler Moniruzzaman) with fire axe (Wielded)[DC] (INTENT: HARM) (DAMTYPE: BRUTE) (NEWHP: 73.72)  (Starboard Primary Hallway (142, 130, 2))
 - (2020-09-28 00:44:46) ATTACK: Bob Joga/(Cock Advisor) <font color='blue'>has turned OFF the combat indicator!</font> (Starboard Primary Hallway (154, 130, 2))
 - (2020-09-28 00:45:06) ATTACK: Bob Joga/(Trey Liam) <font color='red'>has turned ON the combat indicator!</font> (Starboard Primary Hallway (151, 129, 2))
 - (2020-09-28 00:45:12) ATTACK: *no key*/(Amit Swank) has suffered: Weeping Avulsion to right arm | Damage: 52.8(rolled 125/258.04) (Starboard Primary Hallway (145, 129, 2))
 - (2020-09-28 00:45:12) ATTACK: Bob Joga/(Trey Liam) has attacked *no key*/(Amit Swank) with fire axe (Wielded)[DC] (INTENT: HARM) (DAMTYPE: BRUTE) (NEWHP: 43)  (Starboard Primary Hallway (146, 129, 2))
 - (2020-09-28 00:45:15) ATTACK: *no key*/(Amit Swank) has suffered: Hairline Fracture to right arm | Damage: 29.04(rolled 28/111.737) (Starboard Primary Hallway (145, 129, 2))
 - (2020-09-28 00:45:15) ATTACK: *no key*/(Amit Swank) has suffered: Weeping Avulsion to chest | Damage: 26(rolled 89/95.7112) (Starboard Primary Hallway (145, 129, 2))
 - (2020-09-28 00:45:15) ATTACK: *no key*/(Amit Swank) has suffered: Rough Abrasion to right hand | Damage: 26(rolled 8/95.7112) (Starboard Primary Hallway (145, 129, 2))
 - (2020-09-28 00:45:15) ATTACK: Bob Joga/(Trey Liam) has attacked *no key*/(Amit Swank) with fire axe (Wielded)[DC] (INTENT: HARM) (DAMTYPE: BRUTE) (NEWHP: -9)  (Starboard Primary Hallway (146, 129, 2))
 - (2020-09-28 00:45:17) ATTACK: *no key*/(Amit Swank) has suffered: Dismembered stump (Starboard Primary Hallway (145, 129, 2))
 - (2020-09-28 00:45:17) ATTACK: Bob Joga/(Trey Liam) has attacked *no key*/(Amit Swank) with fire axe (Wielded)[DC] (INTENT: HARM) (DAMTYPE: BRUTE) (NEWHP: 38.5)  (Starboard Primary Hallway (146, 129, 2))
 - (2020-09-28 00:46:23) ATTACK: *no key*/(Amit Swank) has suffered: Open Laceration to left arm | Damage: 52.8(rolled 51/258.04) (Starboard Primary Hallway (145, 129, 2))
 - (2020-09-28 00:46:23) ATTACK: Bob Joga/(Trey Liam) has attacked *no key*/(Amit Swank) with fire axe (Wielded)[DC] (INTENT: HARM) (DAMTYPE: BRUTE) (NEWHP: -18)  (Starboard Primary Hallway (144, 129, 2))
 - (2020-09-28 00:46:24) ATTACK: *no key*/(Amit Swank) has suffered: Joint Dislocation to left arm | Damage: 29.04(rolled 4/111.737) (Starboard Primary Hallway (145, 129, 2))
 - (2020-09-28 00:46:24) ATTACK: *no key*/(Amit Swank) has suffered: Compound Fracture to chest | Damage: 14.3(rolled 36/41.4448) (Starboard Primary Hallway (145, 129, 2))
 - (2020-09-28 00:46:24) ATTACK: *no key*/(Amit Swank) has suffered: Weeping Avulsion to left hand | Damage: 26(rolled 78/95.7112) (Starboard Primary Hallway (145, 129, 2))
 - (2020-09-28 00:46:24) ATTACK: Bob Joga/(Trey Liam) has attacked *no key*/(Amit Swank) with fire axe (Wielded)[DC] (INTENT: HARM) (DAMTYPE: BRUTE) (NEWHP: -78.5)  (Starboard Primary Hallway (144, 129, 2))
 - (2020-09-28 00:46:25) ATTACK: *no key*/(Amit Swank) has suffered: Dismembered stump (Starboard Primary Hallway (145, 129, 2))
 - (2020-09-28 00:46:25) ATTACK: Bob Joga/(Trey Liam) has attacked *no key*/(Amit Swank) with fire axe (Wielded)[DC] (INTENT: HARM) (DAMTYPE: BRUTE) (NEWHP: -32.5)  (Starboard Primary Hallway (144, 129, 2))
 - (2020-09-28 00:46:29) ATTACK: *no key*/(Amit Swank) has suffered: Open Laceration to groin | Damage: 52.8(rolled 67/258.04) (Starboard Primary Hallway (145, 129, 2))
 - (2020-09-28 00:46:29) ATTACK: Bob Joga/(Trey Liam) has attacked *no key*/(Amit Swank) with fire axe (Wielded)[DC] (INTENT: HARM) (DAMTYPE: BRUTE) (NEWHP: -95.3)  (Starboard Primary Hallway (145, 130, 2))
 - (2020-09-28 00:46:30) ATTACK: *no key*/(Amit Swank) has suffered: Hairline Fracture to groin | Damage: 29.04(rolled 89/111.737) (Starboard Primary Hallway (145, 129, 2))
 - (2020-09-28 00:46:30) ATTACK: Bob Joga/(Trey Liam) has attacked *no key*/(Amit Swank) with fire axe (Wielded)[DC] (INTENT: HARM) (DAMTYPE: BRUTE) (NEWHP: -148.5)  (Starboard Primary Hallway (145, 130, 2))
 - (2020-09-28 00:46:31) ATTACK: *no key*/(Amit Swank) has suffered: Dismembered stump (Starboard Primary Hallway (145, 129, 2))
 - (2020-09-28 00:46:31) ATTACK: *no key*/(Amit Swank) has suffered: Jaw Dislocation to head | Damage: 18(rolled 42/57.1981) (Starboard Primary Hallway (145, 129, 2))
 - (2020-09-28 00:46:31) ATTACK: Bob Joga/(Trey Liam) has attacked *no key*/(Amit Swank) with fire axe (Wielded)[DC] (INTENT: HARM) (DAMTYPE: BRUTE) (NEWHP: -92.5)  (Starboard Primary Hallway (145, 130, 2))
 - (2020-09-28 00:46:34) ATTACK: Bob Joga/(Trey Liam) has grabbed *no key*/(Amit Swank) passive grab (NEWHP: -110.4)  (Starboard Primary Hallway (144, 129, 2))
 - (2020-09-28 00:46:37) ATTACK: *no key*/(Amit Swank) has suffered: Compound Fracture to head | Damage: 52.8(rolled 199/258.04) (Medbay Central (143, 125, 2))
 - (2020-09-28 00:46:37) ATTACK: Bob Joga/(Trey Liam) has attacked *no key*/(Amit Swank) with fire axe (Wielded)[DC] (INTENT: HARM) (DAMTYPE: BRUTE) (NEWHP: -168.1)  (Medbay Central (143, 124, 2))
 - (2020-09-28 00:46:38) ATTACK: *no key*/(Amit Swank) has suffered: Dismembered stump (Medbay Central (143, 125, 2))
 - (2020-09-28 00:46:38) ATTACK: *no key*/(Amit Swank) has suffered: Weeping Avulsion to head | Damage: 17.5(rolled 30/54.9861) (Medbay Central (143, 125, 2))
 - (2020-09-28 00:46:39) ATTACK: Bob Joga/(Trey Liam) has attacked *no key*/(Amit Swank) with fire axe (Wielded)[DC] (INTENT: HARM) (DAMTYPE: BRUTE) (NEWHP: -94.5)  (Medbay Central (143, 124, 2))
