[2020-09-25 01:48:22.839] Starting up round ID .
 - -------------------------
[2020-09-25 01:48:28.872] INIT: Initialized Profiler subsystem within 0 seconds!
[2020-09-25 01:48:29.029] Fail2Topic: Failed to drop firewall rule. Exit code: 1.
[2020-09-25 01:48:29.029] INIT: Initialized Fail2Topic subsystem within 0.2 seconds!
[2020-09-25 01:48:29.034] INIT: Initialized Title Screen subsystem within 0 seconds!
[2020-09-25 01:48:29.034] INIT: Initialized Database subsystem within 0 seconds!
[2020-09-25 01:48:29.035] INIT: Initialized Blackbox subsystem within 0 seconds!
[2020-09-25 01:48:29.035] INIT: Initialized Server Tasks subsystem within 0 seconds!
[2020-09-25 01:48:29.036] INIT: Initialized Input subsystem within 0 seconds!
[2020-09-25 01:48:29.037] INIT: Initialized Sounds subsystem within 0 seconds!
[2020-09-25 01:48:29.038] INIT: Initialized Vis contents overlays subsystem within 0 seconds!
[2020-09-25 01:48:29.099] INIT: Initialized Research subsystem within 0 seconds!
[2020-09-25 01:48:29.102] INIT: Initialized Events subsystem within 0.1 seconds!
[2020-09-25 01:48:29.106] INIT: Initialized Jobs subsystem within 0 seconds!
[2020-09-25 01:48:29.112] INIT: Initialized Quirks subsystem within 0 seconds!
[2020-09-25 01:48:29.118] INIT: Initialized Ticker subsystem within 0 seconds!
[2020-09-25 01:48:29.131] INIT: Initialized Instruments subsystem within 0 seconds!
[2020-09-25 01:48:48.923] INIT: Initialized Mapping subsystem within 19.8 seconds!
[2020-09-25 01:48:48.936] INIT: Initialized Economy subsystem within 0 seconds!
[2020-09-25 01:48:48.937] INIT: Initialized Networks subsystem within 0 seconds!
[2020-09-25 01:48:48.938] INIT: Initialized Holodeck subsystem within 0 seconds!
[2020-09-25 01:49:30.708] INIT: Initialized Atoms subsystem within 41.8 seconds!
[2020-09-25 01:49:30.737] INIT: Initialized Language subsystem within 0 seconds!
[2020-09-25 01:49:30.912] INIT: Initialized Machines subsystem within 0.2 seconds!
[2020-09-25 01:49:30.966] INIT: Initialized Circuit subsystem within 0 seconds!
[2020-09-25 01:49:32.397] INIT: Initialized Atmos Adjacency subsystem within 1.4 seconds!
[2020-09-25 01:49:32.397] INIT: Initialized Autotransfer Vote subsystem within 0 seconds!
[2020-09-25 01:49:32.397] INIT: Initialized Chemistry subsystem within 0 seconds!
[2020-09-25 01:49:32.398] INIT: Initialized Status Effects subsystem within 0 seconds!
[2020-09-25 01:49:32.399] INIT: Initialized Weather subsystem within 0 seconds!
[2020-09-25 01:49:32.402] INIT: Initialized Disease subsystem within 0.1 seconds!
[2020-09-25 01:49:32.402] INIT: Initialized Jukeboxes subsystem within 0 seconds!
[2020-09-25 01:49:32.402] INIT: Initialized Medals subsystem within 0 seconds!
[2020-09-25 01:49:32.675] INIT: Initialized Minimaps subsystem within 0.2 seconds!
[2020-09-25 01:49:32.732] INIT: Initialized Night Shift subsystem within 0 seconds!
[2020-09-25 01:49:32.732] INIT: Initialized Parallax subsystem within 0 seconds!
[2020-09-25 01:49:32.732] INIT: Initialized Sun subsystem within 0 seconds!
[2020-09-25 01:49:32.968] INIT: Initialized Traumas subsystem within 0.2 seconds!
[2020-09-25 01:49:33.007] INIT: Initialized Bluespace Locker subsystem within 0.1 seconds!
[2020-09-25 01:49:33.042] INIT: Initialized Pacification Bans subsystem within 0 seconds!
[2020-09-25 01:49:33.042] INIT: Initialized Logging subsystem within 0 seconds!
[2020-09-25 01:49:33.042] INIT: Initialized Recycling subsystem within 0 seconds!
[2020-09-25 01:49:40.495] INIT: Initialized Atmospherics subsystem within 7.4 seconds!
[2020-09-25 01:49:40.495] INIT: Initialized Atmospherics - Turfs subsystem within 0 seconds!
[2020-09-25 01:49:44.295] INIT: Initialized Assets subsystem within 3.8 seconds!
[2020-09-25 01:49:51.530] INIT: Initialized Icon Smoothing subsystem within 7.2 seconds!
[2020-09-25 01:49:52.990] INIT: Initialized Overlay subsystem within 1.4 seconds!
[2020-09-25 01:49:52.991] INIT: Initialized XKeyScore subsystem within 0 seconds!
[2020-09-25 01:49:52.992] INIT: Initialized Sticky Ban subsystem within 0 seconds!
[2020-09-25 01:50:01.695] INIT: Initialized Lighting subsystem within 8.7 seconds!
[2020-09-25 01:50:05.315] INIT: Initialized Shuttle subsystem within 3.7 seconds!
[2020-09-25 01:50:05.355] INIT: Initialized Minor Mapping subsystem within 0 seconds!
[2020-09-25 01:50:05.356] INIT: Initialized Pathfinder subsystem within 0 seconds!
[2020-09-25 01:50:05.388] INIT: Initialized Persistence subsystem within 0 seconds!
[2020-09-25 01:50:05.388] INIT: Initialized Chat subsystem within 0 seconds!
