[2020-09-06 19:09:22.664] Starting up round ID .
 - -------------------------
[2020-09-06 19:09:28.455] INIT: Initialized Profiler subsystem within 0 seconds!
[2020-09-06 19:09:28.657] Fail2Topic: Failed to drop firewall rule. Exit code: 1.
[2020-09-06 19:09:28.657] INIT: Initialized Fail2Topic subsystem within 0.2 seconds!
[2020-09-06 19:09:28.662] INIT: Initialized Title Screen subsystem within 0 seconds!
[2020-09-06 19:09:28.662] INIT: Initialized Database subsystem within 0 seconds!
[2020-09-06 19:09:28.663] INIT: Initialized Blackbox subsystem within 0 seconds!
[2020-09-06 19:09:28.663] INIT: Initialized Server Tasks subsystem within 0 seconds!
[2020-09-06 19:09:28.665] INIT: Initialized Input subsystem within 0 seconds!
[2020-09-06 19:09:28.668] INIT: Initialized Sounds subsystem within 0 seconds!
[2020-09-06 19:09:28.669] INIT: Initialized Vis contents overlays subsystem within 0 seconds!
[2020-09-06 19:09:28.737] INIT: Initialized Research subsystem within 0.1 seconds!
[2020-09-06 19:09:28.740] INIT: Initialized Events subsystem within 0 seconds!
[2020-09-06 19:09:28.744] INIT: Initialized Jobs subsystem within 0 seconds!
[2020-09-06 19:09:28.751] INIT: Initialized Quirks subsystem within 0 seconds!
[2020-09-06 19:09:28.757] INIT: Initialized Ticker subsystem within 0 seconds!
[2020-09-06 19:09:28.771] INIT: Initialized Instruments subsystem within 0 seconds!
[2020-09-06 19:09:46.232] INIT: Initialized Mapping subsystem within 17.5 seconds!
[2020-09-06 19:09:46.244] INIT: Initialized Economy subsystem within 0 seconds!
[2020-09-06 19:09:46.245] INIT: Initialized Networks subsystem within 0 seconds!
[2020-09-06 19:09:46.245] INIT: Initialized Holodeck subsystem within 0 seconds!
[2020-09-06 19:10:20.741] INIT: Initialized Atoms subsystem within 34.5 seconds!
[2020-09-06 19:10:20.830] INIT: Initialized Language subsystem within 0 seconds!
[2020-09-06 19:10:20.987] INIT: Initialized Machines subsystem within 0.1 seconds!
[2020-09-06 19:10:21.022] INIT: Initialized Circuit subsystem within 0.1 seconds!
[2020-09-06 19:10:22.287] INIT: Initialized Atmos Adjacency subsystem within 1.2 seconds!
[2020-09-06 19:10:22.287] INIT: Initialized Autotransfer Vote subsystem within 0 seconds!
[2020-09-06 19:10:22.287] INIT: Initialized Chemistry subsystem within 0 seconds!
[2020-09-06 19:10:22.287] INIT: Initialized Status Effects subsystem within 0 seconds!
[2020-09-06 19:10:22.288] INIT: Initialized Weather subsystem within 0 seconds!
[2020-09-06 19:10:22.291] INIT: Initialized Disease subsystem within 0 seconds!
[2020-09-06 19:10:22.292] INIT: Initialized Jukeboxes subsystem within 0 seconds!
[2020-09-06 19:10:22.292] INIT: Initialized Medals subsystem within 0 seconds!
[2020-09-06 19:10:22.553] INIT: Initialized Minimaps subsystem within 0.3 seconds!
[2020-09-06 19:10:22.605] INIT: Initialized Night Shift subsystem within 0 seconds!
[2020-09-06 19:10:22.605] INIT: Initialized Parallax subsystem within 0 seconds!
[2020-09-06 19:10:22.605] INIT: Initialized Sun subsystem within 0 seconds!
[2020-09-06 19:10:22.820] INIT: Initialized Traumas subsystem within 0.2 seconds!
[2020-09-06 19:10:22.858] INIT: Initialized Bluespace Locker subsystem within 0 seconds!
[2020-09-06 19:10:22.896] INIT: Initialized Pacification Bans subsystem within 0 seconds!
[2020-09-06 19:10:22.896] INIT: Initialized Logging subsystem within 0 seconds!
[2020-09-06 19:10:22.896] INIT: Initialized Recycling subsystem within 0 seconds!
[2020-09-06 19:10:29.516] INIT: Initialized Atmospherics subsystem within 6.7 seconds!
[2020-09-06 19:10:29.516] INIT: Initialized Atmospherics - Turfs subsystem within 0 seconds!
