[2020-09-05 11:16:37.805] Starting up round ID .
 - -------------------------
[2020-09-05 11:16:43.467] INIT: Initialized Profiler subsystem within 0 seconds!
[2020-09-05 11:16:43.667] Fail2Topic: Failed to drop firewall rule. Exit code: 1.
[2020-09-05 11:16:43.667] INIT: Initialized Fail2Topic subsystem within 0.2 seconds!
[2020-09-05 11:16:43.671] INIT: Initialized Title Screen subsystem within 0 seconds!
[2020-09-05 11:16:43.671] INIT: Initialized Database subsystem within 0 seconds!
[2020-09-05 11:16:43.672] INIT: Initialized Blackbox subsystem within 0 seconds!
[2020-09-05 11:16:43.672] INIT: Initialized Server Tasks subsystem within 0 seconds!
[2020-09-05 11:16:43.673] INIT: Initialized Input subsystem within 0 seconds!
[2020-09-05 11:16:43.674] INIT: Initialized Sounds subsystem within 0 seconds!
[2020-09-05 11:16:43.675] INIT: Initialized Vis contents overlays subsystem within 0 seconds!
[2020-09-05 11:16:43.736] INIT: Initialized Research subsystem within 0.1 seconds!
[2020-09-05 11:16:43.740] INIT: Initialized Events subsystem within 0 seconds!
[2020-09-05 11:16:43.744] INIT: Initialized Jobs subsystem within 0 seconds!
[2020-09-05 11:16:43.749] INIT: Initialized Quirks subsystem within 0 seconds!
[2020-09-05 11:16:43.763] INIT: Initialized Ticker subsystem within 0 seconds!
[2020-09-05 11:16:43.776] INIT: Initialized Instruments subsystem within 0 seconds!
[2020-09-05 11:17:03.221] INIT: Initialized Mapping subsystem within 19.5 seconds!
[2020-09-05 11:17:03.235] INIT: Initialized Economy subsystem within 0 seconds!
[2020-09-05 11:17:03.236] INIT: Initialized Networks subsystem within 0 seconds!
[2020-09-05 11:17:03.236] INIT: Initialized Holodeck subsystem within 0 seconds!
[2020-09-05 11:17:34.664] INIT: Initialized Atoms subsystem within 31.4 seconds!
[2020-09-05 11:17:34.690] INIT: Initialized Language subsystem within 0 seconds!
[2020-09-05 11:17:34.838] INIT: Initialized Machines subsystem within 0.2 seconds!
[2020-09-05 11:17:34.873] INIT: Initialized Circuit subsystem within 0 seconds!
[2020-09-05 11:17:36.256] INIT: Initialized Atmos Adjacency subsystem within 1.4 seconds!
[2020-09-05 11:17:36.256] INIT: Initialized Autotransfer Vote subsystem within 0 seconds!
[2020-09-05 11:17:36.256] INIT: Initialized Chemistry subsystem within 0 seconds!
[2020-09-05 11:17:36.256] INIT: Initialized Status Effects subsystem within 0 seconds!
[2020-09-05 11:17:36.257] INIT: Initialized Weather subsystem within 0 seconds!
[2020-09-05 11:17:36.260] INIT: Initialized Disease subsystem within 0 seconds!
[2020-09-05 11:17:36.261] INIT: Initialized Jukeboxes subsystem within 0 seconds!
[2020-09-05 11:17:36.261] INIT: Initialized Medals subsystem within 0 seconds!
[2020-09-05 11:17:36.508] INIT: Initialized Minimaps subsystem within 0.3 seconds!
[2020-09-05 11:17:36.556] INIT: Initialized Night Shift subsystem within 0 seconds!
[2020-09-05 11:17:36.556] INIT: Initialized Parallax subsystem within 0 seconds!
[2020-09-05 11:17:36.556] INIT: Initialized Sun subsystem within 0 seconds!
[2020-09-05 11:17:36.781] INIT: Initialized Traumas subsystem within 0.2 seconds!
[2020-09-05 11:17:36.817] INIT: Initialized Bluespace Locker subsystem within 0.1 seconds!
[2020-09-05 11:17:36.844] INIT: Initialized Pacification Bans subsystem within 0 seconds!
[2020-09-05 11:17:36.844] INIT: Initialized Logging subsystem within 0 seconds!
[2020-09-05 11:17:36.844] INIT: Initialized Recycling subsystem within 0 seconds!
[2020-09-05 11:17:43.146] INIT: Initialized Atmospherics subsystem within 6.3 seconds!
[2020-09-05 11:17:43.147] INIT: Initialized Atmospherics - Turfs subsystem within 0 seconds!
[2020-09-05 11:17:46.356] INIT: Initialized Assets subsystem within 3.2 seconds!
[2020-09-05 11:17:52.768] INIT: Initialized Icon Smoothing subsystem within 6.4 seconds!
[2020-09-05 11:17:54.087] INIT: Initialized Overlay subsystem within 1.3 seconds!
[2020-09-05 11:17:54.088] INIT: Initialized XKeyScore subsystem within 0 seconds!
[2020-09-05 11:17:54.088] INIT: Initialized Sticky Ban subsystem within 0 seconds!
[2020-09-05 11:18:01.723] INIT: Initialized Lighting subsystem within 7.7 seconds!
[2020-09-05 11:18:06.207] INIT: Initialized Shuttle subsystem within 4.5 seconds!
[2020-09-05 11:18:06.246] INIT: Initialized Minor Mapping subsystem within 0 seconds!
[2020-09-05 11:18:06.247] INIT: Initialized Pathfinder subsystem within 0 seconds!
[2020-09-05 11:18:06.275] INIT: Initialized Persistence subsystem within 0 seconds!
[2020-09-05 11:18:06.276] INIT: Initialized Chat subsystem within 0 seconds!
