[2020-09-05 11:16:37.801] Starting up round ID .
 - -------------------------
[2020-09-05 11:20:02.592] TCOMMS: *no key*/(Poly) [Engineering] (spans:  ) "Wire the solars, you lazy bums!" (language: Galactic Common) (Chief Engineer's Office (117, 81, 2))
[2020-09-05 11:20:50.711] TCOMMS: *no key*/(Poly) [Engineering] (spans:  ) "Wire the solars, you lazy bums!" (language: Galactic Common) (Chief Engineer's Office (117, 81, 2))
[2020-09-05 11:20:54.725] TCOMMS: *no key*/(Poly) [Engineering] (spans:  ) "OH GOD ITS ABOUT TO DELAMINATE CALL THE SHUTTLE" (language: Galactic Common) (Chief Engineer's Office (115, 79, 2))
[2020-09-05 11:20:56.748] TCOMMS: *no key*/(Poly) [Engineering] (spans:  ) "OH GOD ITS ABOUT TO DELAMINATE CALL THE SHUTTLE" (language: Galactic Common) (Chief Engineer's Office (115, 79, 2))
[2020-09-05 11:21:14.776] TCOMMS: *no key*/(Poly) [Engineering] (spans:  ) "Wire the solars, you lazy bums!" (language: Galactic Common) (Chief Engineer's Office (115, 79, 2))
[2020-09-05 11:21:26.806] TCOMMS: *no key*/(Poly) [Engineering] (spans:  ) "WHO TOOK THE DAMN HARDSUITS?" (language: Galactic Common) (Chief Engineer's Office (115, 79, 2))
[2020-09-05 11:21:38.934] TCOMMS: *no key*/(Poly) [Engineering] (spans:  ) "WHO TOOK THE DAMN HARDSUITS?" (language: Galactic Common) (Chief Engineer's Office (115, 79, 2))
[2020-09-05 11:21:53.024] TCOMMS: *no key*/(Poly) [Engineering] (spans:  ) "Poly wanna cracker!" (language: Galactic Common) (Chief Engineer's Office (116, 80, 2))
[2020-09-05 11:23:15.147] TCOMMS: *no key*/(Poly) [Engineering] (spans:  ) "Poly wanna cracker!" (language: Galactic Common) (Chief Engineer's Office (115, 79, 2))
[2020-09-05 11:23:23.165] TCOMMS: *no key*/(Poly) [Engineering] (spans:  ) "Poly wanna cracker!" (language: Galactic Common) (Chief Engineer's Office (115, 79, 2))
[2020-09-05 11:24:49.452] TCOMMS: *no key*/(Poly) [Engineering] (spans:  ) "Poly wanna cracker!" (language: Galactic Common) (Chief Engineer's Office (115, 79, 2))
[2020-09-05 11:24:51.457] TCOMMS: *no key*/(Poly) [Engineering] (spans:  ) "I have lived many lives!" (language: Galactic Common) (Chief Engineer's Office (115, 79, 2))
[2020-09-05 11:24:59.491] TCOMMS: *no key*/(Poly) [Engineering] (spans:  ) "Poly wanna cracker!" (language: Galactic Common) (Chief Engineer's Office (115, 79, 2))
[2020-09-05 11:25:07.518] TCOMMS: *no key*/(Poly) [Engineering] (spans:  ) "Wire the solars, you lazy bums!" (language: Galactic Common) (Chief Engineer's Office (115, 79, 2))
[2020-09-05 11:25:11.546] TCOMMS: *no key*/(Poly) [Engineering] (spans:  ) "Poly wanna cracker!" (language: Galactic Common) (Chief Engineer's Office (116, 79, 2))
[2020-09-05 11:25:17.556] TCOMMS: *no key*/(Poly) [Engineering] (spans:  ) "Wire the solars, you lazy bums!" (language: Galactic Common) (Chief Engineer's Office (116, 80, 2))
[2020-09-05 11:25:21.556] TCOMMS: *no key*/(Poly) [Engineering] (spans:  ) "Wire the solars, you lazy bums!" (language: Galactic Common) (Chief Engineer's Office (116, 81, 2))
[2020-09-05 11:25:39.577] TCOMMS: *no key*/(Poly) [Engineering] (spans:  ) "WHO TOOK THE DAMN HARDSUITS?" (language: Galactic Common) (Chief Engineer's Office (116, 82, 2))
[2020-09-05 11:26:05.625] TCOMMS: *no key*/(Poly) [Engineering] (spans:  ) "I have lived many lives!" (language: Galactic Common) (Chief Engineer's Office (115, 79, 2))
