[2020-08-30 20:18:16.738] Starting up round ID .
 - -------------------------
[2020-08-30 20:18:22.650] INIT: Initialized Profiler subsystem within 0 seconds!
[2020-08-30 20:18:22.849] Fail2Topic: Failed to drop firewall rule. Exit code: 1.
[2020-08-30 20:18:22.850] INIT: Initialized Fail2Topic subsystem within 0.2 seconds!
[2020-08-30 20:18:22.855] INIT: Initialized Title Screen subsystem within 0 seconds!
[2020-08-30 20:18:22.856] INIT: Initialized Database subsystem within 0 seconds!
[2020-08-30 20:18:22.856] INIT: Initialized Blackbox subsystem within 0 seconds!
[2020-08-30 20:18:22.856] INIT: Initialized Server Tasks subsystem within 0 seconds!
[2020-08-30 20:18:22.857] INIT: Initialized Input subsystem within 0 seconds!
[2020-08-30 20:18:22.859] INIT: Initialized Sounds subsystem within 0 seconds!
[2020-08-30 20:18:22.860] INIT: Initialized Vis contents overlays subsystem within 0 seconds!
[2020-08-30 20:18:22.940] INIT: Initialized Research subsystem within 0.1 seconds!
[2020-08-30 20:18:22.943] INIT: Initialized Events subsystem within 0 seconds!
[2020-08-30 20:18:22.951] INIT: Initialized Jobs subsystem within 0 seconds!
[2020-08-30 20:18:22.957] INIT: Initialized Quirks subsystem within 0 seconds!
[2020-08-30 20:18:22.977] INIT: Initialized Ticker subsystem within 0 seconds!
[2020-08-30 20:18:22.995] INIT: Initialized Instruments subsystem within 0 seconds!
[2020-08-30 20:18:43.560] INIT: Initialized Mapping subsystem within 20.6 seconds!
[2020-08-30 20:18:43.573] INIT: Initialized Economy subsystem within 0 seconds!
[2020-08-30 20:18:43.574] INIT: Initialized Networks subsystem within 0 seconds!
[2020-08-30 20:18:43.574] INIT: Initialized Holodeck subsystem within 0 seconds!
[2020-08-30 20:19:18.733] INIT: Initialized Atoms subsystem within 35.2 seconds!
[2020-08-30 20:19:18.761] INIT: Initialized Language subsystem within 0 seconds!
[2020-08-30 20:19:18.928] INIT: Initialized Machines subsystem within 0.2 seconds!
[2020-08-30 20:19:18.965] INIT: Initialized Circuit subsystem within 0 seconds!
[2020-08-30 20:19:20.335] INIT: Initialized Atmos Adjacency subsystem within 1.4 seconds!
[2020-08-30 20:19:20.335] INIT: Initialized Autotransfer Vote subsystem within 0 seconds!
[2020-08-30 20:19:20.336] INIT: Initialized Chemistry subsystem within 0 seconds!
[2020-08-30 20:19:20.336] INIT: Initialized Status Effects subsystem within 0 seconds!
[2020-08-30 20:19:20.337] INIT: Initialized Weather subsystem within 0 seconds!
[2020-08-30 20:19:20.340] INIT: Initialized Disease subsystem within 0 seconds!
[2020-08-30 20:19:20.340] INIT: Initialized Jukeboxes subsystem within 0 seconds!
[2020-08-30 20:19:20.341] INIT: Initialized Medals subsystem within 0 seconds!
[2020-08-30 20:19:20.603] INIT: Initialized Minimaps subsystem within 0.3 seconds!
[2020-08-30 20:19:20.655] INIT: Initialized Night Shift subsystem within 0 seconds!
[2020-08-30 20:19:20.655] INIT: Initialized Parallax subsystem within 0 seconds!
[2020-08-30 20:19:20.655] INIT: Initialized Sun subsystem within 0 seconds!
[2020-08-30 20:19:20.877] INIT: Initialized Traumas subsystem within 0.2 seconds!
[2020-08-30 20:19:20.920] INIT: Initialized Bluespace Locker subsystem within 0.1 seconds!
[2020-08-30 20:19:20.955] INIT: Initialized Pacification Bans subsystem within 0 seconds!
[2020-08-30 20:19:20.955] INIT: Initialized Logging subsystem within 0 seconds!
[2020-08-30 20:19:20.955] INIT: Initialized Recycling subsystem within 0 seconds!
[2020-08-30 20:19:27.941] INIT: Initialized Atmospherics subsystem within 7 seconds!
[2020-08-30 20:19:27.941] INIT: Initialized Atmospherics - Turfs subsystem within 0 seconds!
[2020-08-30 20:19:31.915] INIT: Initialized Assets subsystem within 4 seconds!
[2020-08-30 20:19:38.706] INIT: Initialized Icon Smoothing subsystem within 6.8 seconds!
[2020-08-30 20:19:39.960] INIT: Initialized Overlay subsystem within 1.2 seconds!
[2020-08-30 20:19:39.960] INIT: Initialized XKeyScore subsystem within 0 seconds!
[2020-08-30 20:19:39.961] INIT: Initialized Sticky Ban subsystem within 0 seconds!
[2020-08-30 20:19:48.684] INIT: Initialized Lighting subsystem within 8.7 seconds!
[2020-08-30 20:19:52.655] INIT: Initialized Shuttle subsystem within 4 seconds!
[2020-08-30 20:19:52.698] INIT: Initialized Minor Mapping subsystem within 0 seconds!
[2020-08-30 20:19:52.699] INIT: Initialized Pathfinder subsystem within 0 seconds!
[2020-08-30 20:19:52.732] INIT: Initialized Persistence subsystem within 0.1 seconds!
[2020-08-30 20:19:52.732] INIT: Initialized Chat subsystem within 0 seconds!
