[2020-09-02 19:47:40.331] Starting up round ID .
 - -------------------------
[2020-09-02 19:47:46.361] INIT: Initialized Profiler subsystem within 0 seconds!
[2020-09-02 19:47:46.560] Fail2Topic: Failed to drop firewall rule. Exit code: 1.
[2020-09-02 19:47:46.560] INIT: Initialized Fail2Topic subsystem within 0.2 seconds!
[2020-09-02 19:47:46.562] INIT: Initialized Title Screen subsystem within 0 seconds!
[2020-09-02 19:47:46.562] INIT: Initialized Database subsystem within 0 seconds!
[2020-09-02 19:47:46.562] INIT: Initialized Blackbox subsystem within 0 seconds!
[2020-09-02 19:47:46.563] INIT: Initialized Server Tasks subsystem within 0 seconds!
[2020-09-02 19:47:46.564] INIT: Initialized Input subsystem within 0 seconds!
[2020-09-02 19:47:46.565] INIT: Initialized Sounds subsystem within 0 seconds!
[2020-09-02 19:47:46.565] INIT: Initialized Vis contents overlays subsystem within 0 seconds!
[2020-09-02 19:47:46.622] INIT: Initialized Research subsystem within 0.1 seconds!
[2020-09-02 19:47:46.625] INIT: Initialized Events subsystem within 0 seconds!
[2020-09-02 19:47:46.630] INIT: Initialized Jobs subsystem within 0 seconds!
[2020-09-02 19:47:46.635] INIT: Initialized Quirks subsystem within 0 seconds!
[2020-09-02 19:47:46.641] INIT: Initialized Ticker subsystem within 0 seconds!
[2020-09-02 19:47:46.657] INIT: Initialized Instruments subsystem within 0 seconds!
[2020-09-02 19:48:04.838] INIT: Initialized Mapping subsystem within 18.2 seconds!
[2020-09-02 19:48:04.860] INIT: Initialized Economy subsystem within 0 seconds!
[2020-09-02 19:48:04.862] INIT: Initialized Networks subsystem within 0 seconds!
[2020-09-02 19:48:04.862] INIT: Initialized Holodeck subsystem within 0 seconds!
[2020-09-02 19:48:37.845] INIT: Initialized Atoms subsystem within 33 seconds!
[2020-09-02 19:48:37.873] INIT: Initialized Language subsystem within 0 seconds!
[2020-09-02 19:48:38.062] INIT: Initialized Machines subsystem within 0.2 seconds!
[2020-09-02 19:48:38.102] INIT: Initialized Circuit subsystem within 0.1 seconds!
[2020-09-02 19:48:39.477] INIT: Initialized Atmos Adjacency subsystem within 1.3 seconds!
[2020-09-02 19:48:39.477] INIT: Initialized Autotransfer Vote subsystem within 0 seconds!
[2020-09-02 19:48:39.477] INIT: Initialized Chemistry subsystem within 0 seconds!
[2020-09-02 19:48:39.477] INIT: Initialized Status Effects subsystem within 0 seconds!
[2020-09-02 19:48:39.478] INIT: Initialized Weather subsystem within 0 seconds!
[2020-09-02 19:48:39.482] INIT: Initialized Disease subsystem within 0 seconds!
[2020-09-02 19:48:39.482] INIT: Initialized Jukeboxes subsystem within 0 seconds!
[2020-09-02 19:48:39.482] INIT: Initialized Medals subsystem within 0 seconds!
[2020-09-02 19:48:39.748] INIT: Initialized Minimaps subsystem within 0.3 seconds!
[2020-09-02 19:48:39.802] INIT: Initialized Night Shift subsystem within 0 seconds!
[2020-09-02 19:48:39.802] INIT: Initialized Parallax subsystem within 0 seconds!
[2020-09-02 19:48:39.802] INIT: Initialized Sun subsystem within 0 seconds!
[2020-09-02 19:48:40.035] INIT: Initialized Traumas subsystem within 0.2 seconds!
[2020-09-02 19:48:40.070] INIT: Initialized Bluespace Locker subsystem within 0 seconds!
[2020-09-02 19:48:40.099] INIT: Initialized Pacification Bans subsystem within 0 seconds!
[2020-09-02 19:48:40.099] INIT: Initialized Logging subsystem within 0 seconds!
[2020-09-02 19:48:40.099] INIT: Initialized Recycling subsystem within 0 seconds!
[2020-09-02 19:48:46.405] INIT: Initialized Atmospherics subsystem within 6.4 seconds!
[2020-09-02 19:48:46.405] INIT: Initialized Atmospherics - Turfs subsystem within 0 seconds!
[2020-09-02 19:48:49.596] INIT: Initialized Assets subsystem within 3.1 seconds!
[2020-09-02 19:48:56.419] INIT: Initialized Icon Smoothing subsystem within 6.8 seconds!
[2020-09-02 19:48:57.614] INIT: Initialized Overlay subsystem within 1.2 seconds!
[2020-09-02 19:48:57.614] INIT: Initialized XKeyScore subsystem within 0 seconds!
[2020-09-02 19:48:57.614] INIT: Initialized Sticky Ban subsystem within 0 seconds!
[2020-09-02 19:49:06.180] INIT: Initialized Lighting subsystem within 8.5 seconds!
[2020-09-02 19:49:09.737] INIT: Initialized Shuttle subsystem within 3.6 seconds!
[2020-09-02 19:49:09.775] INIT: Initialized Minor Mapping subsystem within 0 seconds!
[2020-09-02 19:49:09.776] INIT: Initialized Pathfinder subsystem within 0 seconds!
[2020-09-02 19:49:09.806] INIT: Initialized Persistence subsystem within 0.1 seconds!
[2020-09-02 19:49:09.806] INIT: Initialized Chat subsystem within 0 seconds!
