[2020-09-10 17:31:16.428] Starting up round ID .
 - -------------------------
[2020-09-10 17:31:21.915] INIT: Initialized Profiler subsystem within 0 seconds!
[2020-09-10 17:31:22.114] Fail2Topic: Failed to drop firewall rule. Exit code: 1.
[2020-09-10 17:31:22.114] INIT: Initialized Fail2Topic subsystem within 0.2 seconds!
[2020-09-10 17:31:22.116] INIT: Initialized Title Screen subsystem within 0 seconds!
[2020-09-10 17:31:22.116] INIT: Initialized Database subsystem within 0 seconds!
[2020-09-10 17:31:22.116] INIT: Initialized Blackbox subsystem within 0 seconds!
[2020-09-10 17:31:22.116] INIT: Initialized Server Tasks subsystem within 0 seconds!
[2020-09-10 17:31:22.117] INIT: Initialized Input subsystem within 0 seconds!
[2020-09-10 17:31:22.119] INIT: Initialized Sounds subsystem within 0 seconds!
[2020-09-10 17:31:22.119] INIT: Initialized Vis contents overlays subsystem within 0 seconds!
[2020-09-10 17:31:22.179] INIT: Initialized Research subsystem within 0 seconds!
[2020-09-10 17:31:22.182] INIT: Initialized Events subsystem within 0 seconds!
[2020-09-10 17:31:22.187] INIT: Initialized Jobs subsystem within 0 seconds!
[2020-09-10 17:31:22.192] INIT: Initialized Quirks subsystem within 0 seconds!
[2020-09-10 17:31:22.198] INIT: Initialized Ticker subsystem within 0 seconds!
[2020-09-10 17:31:22.210] INIT: Initialized Instruments subsystem within 0.1 seconds!
[2020-09-10 17:31:39.264] INIT: Initialized Mapping subsystem within 17 seconds!
[2020-09-10 17:31:39.277] INIT: Initialized Economy subsystem within 0 seconds!
[2020-09-10 17:31:39.278] INIT: Initialized Networks subsystem within 0 seconds!
[2020-09-10 17:31:39.278] INIT: Initialized Holodeck subsystem within 0 seconds!
[2020-09-10 17:32:13.218] INIT: Initialized Atoms subsystem within 34 seconds!
[2020-09-10 17:32:13.246] INIT: Initialized Language subsystem within 0 seconds!
[2020-09-10 17:32:13.403] INIT: Initialized Machines subsystem within 0.2 seconds!
[2020-09-10 17:32:13.456] INIT: Initialized Circuit subsystem within 0 seconds!
[2020-09-10 17:32:14.891] INIT: Initialized Atmos Adjacency subsystem within 1.4 seconds!
[2020-09-10 17:32:14.891] INIT: Initialized Autotransfer Vote subsystem within 0 seconds!
[2020-09-10 17:32:14.891] INIT: Initialized Chemistry subsystem within 0 seconds!
[2020-09-10 17:32:14.891] INIT: Initialized Status Effects subsystem within 0 seconds!
[2020-09-10 17:32:14.893] INIT: Initialized Weather subsystem within 0 seconds!
[2020-09-10 17:32:14.896] INIT: Initialized Disease subsystem within 0 seconds!
[2020-09-10 17:32:14.896] INIT: Initialized Jukeboxes subsystem within 0 seconds!
[2020-09-10 17:32:14.896] INIT: Initialized Medals subsystem within 0 seconds!
[2020-09-10 17:32:15.144] INIT: Initialized Minimaps subsystem within 0.3 seconds!
[2020-09-10 17:32:15.197] INIT: Initialized Night Shift subsystem within 0 seconds!
[2020-09-10 17:32:15.197] INIT: Initialized Parallax subsystem within 0 seconds!
[2020-09-10 17:32:15.197] INIT: Initialized Sun subsystem within 0 seconds!
[2020-09-10 17:32:15.419] INIT: Initialized Traumas subsystem within 0.3 seconds!
[2020-09-10 17:32:15.457] INIT: Initialized Bluespace Locker subsystem within 0 seconds!
[2020-09-10 17:32:15.487] INIT: Initialized Pacification Bans subsystem within 0 seconds!
[2020-09-10 17:32:15.487] INIT: Initialized Logging subsystem within 0 seconds!
[2020-09-10 17:32:15.487] INIT: Initialized Recycling subsystem within 0 seconds!
[2020-09-10 17:32:21.918] INIT: Initialized Atmospherics subsystem within 6.5 seconds!
[2020-09-10 17:32:21.918] INIT: Initialized Atmospherics - Turfs subsystem within 0 seconds!
[2020-09-10 17:32:25.201] INIT: Initialized Assets subsystem within 3.3 seconds!
[2020-09-10 17:32:31.465] INIT: Initialized Icon Smoothing subsystem within 6.2 seconds!
[2020-09-10 17:32:32.700] INIT: Initialized Overlay subsystem within 1.3 seconds!
[2020-09-10 17:32:32.700] INIT: Initialized XKeyScore subsystem within 0 seconds!
[2020-09-10 17:32:32.700] INIT: Initialized Sticky Ban subsystem within 0 seconds!
[2020-09-10 17:32:40.887] INIT: Initialized Lighting subsystem within 8.1 seconds!
[2020-09-10 17:32:44.547] INIT: Initialized Shuttle subsystem within 3.7 seconds!
[2020-09-10 17:32:44.584] INIT: Initialized Minor Mapping subsystem within 0 seconds!
[2020-09-10 17:32:44.584] INIT: Initialized Pathfinder subsystem within 0 seconds!
[2020-09-10 17:32:44.616] INIT: Initialized Persistence subsystem within 0.1 seconds!
[2020-09-10 17:32:44.616] INIT: Initialized Chat subsystem within 0 seconds!
