[2020-09-13 19:11:08.199] Starting up round ID .
 - -------------------------
[2020-09-13 19:11:15.056] INIT: Initialized Profiler subsystem within 0 seconds!
[2020-09-13 19:11:15.305] Fail2Topic: Failed to drop firewall rule. Exit code: 1.
[2020-09-13 19:11:15.305] INIT: Initialized Fail2Topic subsystem within 0.3 seconds!
[2020-09-13 19:11:15.313] INIT: Initialized Title Screen subsystem within 0 seconds!
[2020-09-13 19:11:15.314] INIT: Initialized Database subsystem within 0 seconds!
[2020-09-13 19:11:15.315] INIT: Initialized Blackbox subsystem within 0 seconds!
[2020-09-13 19:11:15.315] INIT: Initialized Server Tasks subsystem within 0 seconds!
[2020-09-13 19:11:15.318] INIT: Initialized Input subsystem within 0 seconds!
[2020-09-13 19:11:15.320] INIT: Initialized Sounds subsystem within 0 seconds!
[2020-09-13 19:11:15.320] INIT: Initialized Vis contents overlays subsystem within 0 seconds!
[2020-09-13 19:11:15.388] INIT: Initialized Research subsystem within 0 seconds!
[2020-09-13 19:11:15.391] INIT: Initialized Events subsystem within 0 seconds!
[2020-09-13 19:11:15.397] INIT: Initialized Jobs subsystem within 0 seconds!
[2020-09-13 19:11:15.403] INIT: Initialized Quirks subsystem within 0.1 seconds!
[2020-09-13 19:11:15.409] INIT: Initialized Ticker subsystem within 0 seconds!
[2020-09-13 19:11:15.425] INIT: Initialized Instruments subsystem within 0 seconds!
[2020-09-13 19:11:36.089] INIT: Initialized Mapping subsystem within 20.6 seconds!
[2020-09-13 19:11:36.105] INIT: Initialized Economy subsystem within 0 seconds!
[2020-09-13 19:11:36.107] INIT: Initialized Networks subsystem within 0 seconds!
[2020-09-13 19:11:36.107] INIT: Initialized Holodeck subsystem within 0 seconds!
[2020-09-13 19:12:13.969] INIT: Initialized Atoms subsystem within 37.8 seconds!
[2020-09-13 19:12:13.997] INIT: Initialized Language subsystem within 0 seconds!
[2020-09-13 19:12:14.162] INIT: Initialized Machines subsystem within 0.2 seconds!
[2020-09-13 19:12:14.212] INIT: Initialized Circuit subsystem within 0.1 seconds!
[2020-09-13 19:12:15.703] INIT: Initialized Atmos Adjacency subsystem within 1.5 seconds!
[2020-09-13 19:12:15.703] INIT: Initialized Autotransfer Vote subsystem within 0 seconds!
[2020-09-13 19:12:15.703] INIT: Initialized Chemistry subsystem within 0 seconds!
[2020-09-13 19:12:15.703] INIT: Initialized Status Effects subsystem within 0 seconds!
[2020-09-13 19:12:15.704] INIT: Initialized Weather subsystem within 0 seconds!
[2020-09-13 19:12:15.708] INIT: Initialized Disease subsystem within 0 seconds!
[2020-09-13 19:12:15.708] INIT: Initialized Jukeboxes subsystem within 0 seconds!
[2020-09-13 19:12:15.708] INIT: Initialized Medals subsystem within 0 seconds!
[2020-09-13 19:12:15.985] INIT: Initialized Minimaps subsystem within 0.2 seconds!
[2020-09-13 19:12:16.047] INIT: Initialized Night Shift subsystem within 0 seconds!
[2020-09-13 19:12:16.047] INIT: Initialized Parallax subsystem within 0 seconds!
[2020-09-13 19:12:16.048] INIT: Initialized Sun subsystem within 0 seconds!
[2020-09-13 19:12:16.277] INIT: Initialized Traumas subsystem within 0.2 seconds!
[2020-09-13 19:12:16.317] INIT: Initialized Bluespace Locker subsystem within 0.1 seconds!
[2020-09-13 19:12:16.354] INIT: Initialized Pacification Bans subsystem within 0 seconds!
[2020-09-13 19:12:16.354] INIT: Initialized Logging subsystem within 0 seconds!
[2020-09-13 19:12:16.354] INIT: Initialized Recycling subsystem within 0 seconds!
[2020-09-13 19:12:22.690] INIT: Initialized Atmospherics subsystem within 6.3 seconds!
[2020-09-13 19:12:22.690] INIT: Initialized Atmospherics - Turfs subsystem within 0 seconds!
[2020-09-13 19:12:25.976] INIT: Initialized Assets subsystem within 3.3 seconds!
[2020-09-13 19:12:32.596] INIT: Initialized Icon Smoothing subsystem within 6.6 seconds!
[2020-09-13 19:12:33.975] INIT: Initialized Overlay subsystem within 1.4 seconds!
[2020-09-13 19:12:33.975] INIT: Initialized XKeyScore subsystem within 0 seconds!
[2020-09-13 19:12:33.975] INIT: Initialized Sticky Ban subsystem within 0 seconds!
[2020-09-13 19:12:42.705] INIT: Initialized Lighting subsystem within 8.8 seconds!
[2020-09-13 19:12:47.502] INIT: Initialized Shuttle subsystem within 4.8 seconds!
[2020-09-13 19:12:47.545] INIT: Initialized Minor Mapping subsystem within 0 seconds!
[2020-09-13 19:12:47.546] INIT: Initialized Pathfinder subsystem within 0 seconds!
[2020-09-13 19:12:47.579] INIT: Initialized Persistence subsystem within 0 seconds!
[2020-09-13 19:12:47.580] INIT: Initialized Chat subsystem within 0 seconds!
