[2020-08-28 01:41:04.873] Logs from logging subsystem:
 - (2020-08-27 22:40:09) ASSET: Sending asset common.css to client Bob Joga
 - (2020-08-27 22:40:09) ASSET: Sending asset jquery.min.js to client Bob Joga
 - (2020-08-27 22:40:10) ASSET: Sending asset json2.min.js to client Bob Joga
 - (2020-08-27 22:40:10) ASSET: Sending asset browserOutput.js to client Bob Joga
 - (2020-08-27 22:40:10) ASSET: Sending asset browserOutput.css to client Bob Joga
 - (2020-08-27 22:40:10) ASSET: Sending asset browserOutput_dark.css to client Bob Joga
 - (2020-08-27 22:40:10) ASSET: Sending asset browserOutput_light.css to client Bob Joga
 - (2020-08-27 22:40:10) ASSET: Sending asset spritesheet_chat.css to client Bob Joga
 - (2020-08-27 22:40:10) ASSET: Sending asset chat_16x16.png to client Bob Joga
 - (2020-08-27 22:40:10) ASSET: Sending asset fa-regular-400.eot to client Bob Joga
 - (2020-08-27 22:40:10) ASSET: Sending asset fa-regular-400.woff to client Bob Joga
 - (2020-08-27 22:40:10) ASSET: Sending asset fa-solid-900.eot to client Bob Joga
 - (2020-08-27 22:40:10) ASSET: Sending asset fa-solid-900.woff to client Bob Joga
 - (2020-08-27 22:40:10) ASSET: Sending asset font-awesome.css to client Bob Joga
 - (2020-08-27 22:40:10) ASSET: Sending asset v4shim.css to client Bob Joga
 - (2020-08-27 22:41:01) ASSET: Sending asset spritesheet_paper.css to client Bob Joga
 - (2020-08-27 22:41:01) ASSET: Sending asset paper_121x54.png to client Bob Joga
 - (2020-08-27 22:41:01) ASSET: Sending asset spritesheet_pills.css to client Bob Joga
 - (2020-08-27 22:41:01) ASSET: Sending asset pills_22x10.png to client Bob Joga
 - (2020-08-27 22:41:01) ASSET: Sending asset pills_14x14.png to client Bob Joga
 - (2020-08-27 22:41:01) ASSET: Sending asset minimap-52bb192ff9fc8e80e722dedff199f507.png to client Bob Joga
 - (2020-08-27 22:41:01) ASSET: Sending asset minimap-52bb192ff9fc8e80e722dedff199f507-meta.png to client Bob Joga
 - (2020-08-27 22:41:02) ASSET: Sending asset tgui.css to client Bob Joga
 - (2020-08-27 22:41:02) ASSET: Sending asset tgui.js to client Bob Joga
 - (2020-08-27 22:41:02) ASSET: Sending asset tgui-main.html to client Bob Joga
 - (2020-08-27 22:41:02) ASSET: Sending asset tgui.bundle.js to client Bob Joga
 - (2020-08-27 22:41:02) ASSET: Sending asset tgui.bundle.css to client Bob Joga
 - (2020-08-27 22:41:02) ASSET: Sending asset tgui-fallback.html to client Bob Joga
 - (2020-08-27 22:41:02) ASSET: Sending asset shim-html5shiv.js to client Bob Joga
 - (2020-08-27 22:41:02) ASSET: Sending asset playeroptions.css to client Bob Joga
 - (2020-08-27 22:41:02) ASSET: Sending asset shim-ie8.js to client Bob Joga
 - (2020-08-27 22:41:02) ASSET: Sending asset shim-dom4.js to client Bob Joga
 - (2020-08-27 22:41:02) ASSET: Sending asset shim-css-om.js to client Bob Joga
 - (2020-08-27 22:41:02) ASSET: Sending asset alarm_green.gif to client Bob Joga
 - (2020-08-27 22:41:02) ASSET: Sending asset alarm_red.gif to client Bob Joga
 - (2020-08-27 22:41:03) ASSET: Sending asset batt_5.gif to client Bob Joga
 - (2020-08-27 22:41:03) ASSET: Sending asset batt_20.gif to client Bob Joga
 - (2020-08-27 22:41:03) ASSET: Sending asset batt_40.gif to client Bob Joga
 - (2020-08-27 22:41:03) ASSET: Sending asset batt_60.gif to client Bob Joga
 - (2020-08-27 22:41:03) ASSET: Sending asset batt_80.gif to client Bob Joga
 - (2020-08-27 22:41:03) ASSET: Sending asset batt_100.gif to client Bob Joga
 - (2020-08-27 22:41:03) ASSET: Sending asset charging.gif to client Bob Joga
 - (2020-08-27 22:41:03) ASSET: Sending asset downloader_finished.gif to client Bob Joga
 - (2020-08-27 22:41:03) ASSET: Sending asset downloader_running.gif to client Bob Joga
 - (2020-08-27 22:41:03) ASSET: Sending asset ntnrc_idle.gif to client Bob Joga
 - (2020-08-27 22:41:03) ASSET: Sending asset ntnrc_new.gif to client Bob Joga
 - (2020-08-27 22:41:04) ASSET: Sending asset power_norm.gif to client Bob Joga
 - (2020-08-27 22:41:04) ASSET: Sending asset power_warn.gif to client Bob Joga
 - (2020-08-27 22:41:04) ASSET: Sending asset sig_high.gif to client Bob Joga
[2020-08-28 01:51:05.461] Logs from logging subsystem:
 - (2020-08-27 22:41:05) ASSET: Sending asset sig_low.gif to client Bob Joga
 - (2020-08-27 22:41:05) ASSET: Sending asset sig_lan.gif to client Bob Joga
 - (2020-08-27 22:41:05) ASSET: Sending asset sig_none.gif to client Bob Joga
 - (2020-08-27 22:41:05) ASSET: Sending asset smmon_0.gif to client Bob Joga
 - (2020-08-27 22:41:05) ASSET: Sending asset smmon_1.gif to client Bob Joga
 - (2020-08-27 22:41:05) ASSET: Sending asset smmon_2.gif to client Bob Joga
 - (2020-08-27 22:41:05) ASSET: Sending asset smmon_3.gif to client Bob Joga
 - (2020-08-27 22:41:05) ASSET: Sending asset smmon_4.gif to client Bob Joga
 - (2020-08-27 22:41:05) ASSET: Sending asset smmon_5.gif to client Bob Joga
 - (2020-08-27 22:41:05) ASSET: Sending asset smmon_6.gif to client Bob Joga
 - (2020-08-27 22:41:05) ASSET: Sending asset jquery-ui.custom-core-widgit-mouse-sortable-min.js to client Bob Joga
 - (2020-08-27 22:41:05) ASSET: Sending asset 88x31.png to client Bob Joga
 - (2020-08-27 22:41:06) ASSET: Sending asset bug-minus.png to client Bob Joga
 - (2020-08-27 22:41:06) ASSET: Sending asset cross-circle.png to client Bob Joga
 - (2020-08-27 22:41:06) ASSET: Sending asset hard-hat-exclamation.png to client Bob Joga
 - (2020-08-27 22:41:06) ASSET: Sending asset image-minus.png to client Bob Joga
 - (2020-08-27 22:41:06) ASSET: Sending asset image-plus.png to client Bob Joga
 - (2020-08-27 22:41:06) ASSET: Sending asset music-minus.png to client Bob Joga
 - (2020-08-27 22:41:06) ASSET: Sending asset music-plus.png to client Bob Joga
 - (2020-08-27 22:41:06) ASSET: Sending asset tick-circle.png to client Bob Joga
 - (2020-08-27 22:41:06) ASSET: Sending asset wrench-screwdriver.png to client Bob Joga
 - (2020-08-27 22:41:06) ASSET: Sending asset spell-check.png to client Bob Joga
 - (2020-08-27 22:41:06) ASSET: Sending asset burn-exclamation.png to client Bob Joga
 - (2020-08-27 22:41:06) ASSET: Sending asset chevron.png to client Bob Joga
 - (2020-08-27 22:41:07) ASSET: Sending asset chevron-expand.png to client Bob Joga
 - (2020-08-27 22:41:07) ASSET: Sending asset scales.png to client Bob Joga
 - (2020-08-27 22:41:07) ASSET: Sending asset coding.png to client Bob Joga
 - (2020-08-27 22:41:07) ASSET: Sending asset ban.png to client Bob Joga
 - (2020-08-27 22:41:07) ASSET: Sending asset chrome-wrench.png to client Bob Joga
 - (2020-08-27 22:41:07) ASSET: Sending asset changelog.css to client Bob Joga
 - (2020-08-27 22:41:07) ASSET: Sending asset padlock.png to client Bob Joga
 - (2020-08-27 22:41:07) ASSET: Sending asset high_button.png to client Bob Joga
 - (2020-08-27 22:41:07) ASSET: Sending asset medium_button.png to client Bob Joga
 - (2020-08-27 22:41:07) ASSET: Sending asset minor_button.png to client Bob Joga
 - (2020-08-27 22:41:07) ASSET: Sending asset none_button.png to client Bob Joga
 - (2020-08-27 22:41:07) ASSET: Sending asset dna_discovered.gif to client Bob Joga
 - (2020-08-27 22:41:08) ASSET: Sending asset dna_undiscovered.gif to client Bob Joga
 - (2020-08-27 22:41:08) ASSET: Sending asset dna_extra.gif to client Bob Joga
 - (2020-08-27 22:41:08) ASSET: Sending asset view_variables.css to client Bob Joga
 - (2020-08-27 22:41:08) ASSET: Sending asset sui-nano-common.js to client Bob Joga
 - (2020-08-27 22:41:08) ASSET: Sending asset sui-nano-common.css to client Bob Joga
 - (2020-08-27 22:41:08) ASSET: Sending asset tetris_0.gif to client Bob Joga
 - (2020-08-27 22:41:08) ASSET: Sending asset tetris_1.gif to client Bob Joga
 - (2020-08-27 22:41:08) ASSET: Sending asset tetris_2.gif to client Bob Joga
 - (2020-08-27 22:41:08) ASSET: Sending asset tetris_3.gif to client Bob Joga
 - (2020-08-27 22:41:08) ASSET: Sending asset tetris_4.gif to client Bob Joga
 - (2020-08-27 22:41:08) ASSET: Sending asset tetris_5.gif to client Bob Joga
 - (2020-08-27 22:41:08) ASSET: Sending asset tetris_6.gif to client Bob Joga
 - (2020-08-27 22:41:09) ASSET: Sending asset tetris_7.gif to client Bob Joga
 - (2020-08-27 22:41:09) ASSET: Sending asset tetrisp0.gif to client Bob Joga
 - (2020-08-27 22:41:09) ASSET: Sending asset tetrisp1.gif to client Bob Joga
 - (2020-08-27 22:41:09) ASSET: Sending asset tetrisp2.gif to client Bob Joga
 - (2020-08-27 22:41:09) ASSET: Sending asset tetrisp3.gif to client Bob Joga
 - (2020-08-27 22:41:09) ASSET: Sending asset tetrisp4.gif to client Bob Joga
 - (2020-08-27 22:41:09) ASSET: Sending asset tetrisp5.gif to client Bob Joga
 - (2020-08-27 22:41:09) ASSET: Sending asset tetrisp6.gif to client Bob Joga
 - (2020-08-27 22:41:09) ASSET: Sending asset tetrisp7.gif to client Bob Joga
 - (2020-08-27 22:41:09) ASSET: Sending asset tetris.js to client Bob Joga
 - (2020-08-27 22:41:09) ASSET: Sending asset tetris2.js to client Bob Joga
 - (2020-08-27 22:41:09) ASSET: Sending asset spritesheet_pda.css to client Bob Joga
 - (2020-08-27 22:41:10) ASSET: Sending asset pda_16x16.png to client Bob Joga
 - (2020-08-27 22:41:10) ASSET: Sending asset spritesheet_minesweeper.css to client Bob Joga
 - (2020-08-27 22:41:10) ASSET: Sending asset minesweeper_16x16.png to client Bob Joga
 - (2020-08-27 22:41:10) ASSET: Sending asset spritesheet_pipes.css to client Bob Joga
 - (2020-08-27 22:41:10) ASSET: Sending asset pipes_32x32.png to client Bob Joga
 - (2020-08-27 22:41:10) ASSET: Sending asset spritesheet_design.css to client Bob Joga
 - (2020-08-27 22:41:10) ASSET: Sending asset design_32x32.png to client Bob Joga
 - (2020-08-27 22:41:10) ASSET: Sending asset design_32x64.png to client Bob Joga
 - (2020-08-27 22:41:10) ASSET: Sending asset design_64x32.png to client Bob Joga
 - (2020-08-27 22:41:10) ASSET: Sending asset spritesheet_vending.css to client Bob Joga
 - (2020-08-27 22:41:10) ASSET: Sending asset vending_32x32.png to client Bob Joga
 - (2020-08-27 22:41:57) ASSET: Sending asset asset.b148c23e523886ec4c31efb1ea788803.png to client Bob Joga
 - (2020-08-27 22:41:57) ASSET: Sending asset asset.b8d4321e999478b18704391431bfc270.png to client Bob Joga
 - (2020-08-27 22:41:57) ASSET: Sending asset asset.0cd5aec2ffda6bf876a26e712e4af372.png to client Bob Joga
 - (2020-08-27 22:41:57) ASSET: Sending asset asset.c2e55c3c2395ba67c84c90756b7bda34.png to client Bob Joga
 - (2020-08-27 22:41:57) ASSET: Sending asset asset.12d734dea7502e5e65285ec25ecabed1.png to client Bob Joga
 - (2020-08-27 22:41:57) ASSET: Sending asset asset.e97f304c80562ffa178171ec4f17a52c.png to client Bob Joga
 - (2020-08-27 22:41:57) ASSET: Sending asset asset.8004571c8533910ae861af8dfdf06aed.png to client Bob Joga
 - (2020-08-27 22:41:57) ASSET: Sending asset asset.ec58dfcf75f3c668b5cb9d0f199d87a3.png to client Bob Joga
 - (2020-08-27 22:41:57) ASSET: Sending asset asset.e9900eed490572077bbcb4d1911ff847.png to client Bob Joga
 - (2020-08-27 22:42:03) ASSET: WARNING: dupe asset added to the asset cache: asset.b148c23e523886ec4c31efb1ea788803.png existing asset md5: b148c23e523886ec4c31efb1ea788803 new asset md5:b148c23e523886ec4c31efb1ea788803
 - gib stack trace()
 - register asset("asset.b148c23e523886ec4c31efb1...", /icon (/icon))
 - icon2html(the chief medical officer\'s j... (/obj/item/clothing/under/rank/medical/chief_medical_officer), Cockmistress (/mob/living/carbon/human), "cmo", 2, 1, 0)
 - the chief medical officer\'s j... (/obj/item/clothing/under/rank/medical/chief_medical_officer): get examine string(Cockmistress (/mob/living/carbon/human), 0)
 - Cockmistress (/mob/living/carbon/human): examine(Cockmistress (/mob/living/carbon/human))
 - Cockmistress (/mob/living/carbon/human): Examine(Cockmistress (/mob/living/carbon/human))
 - Cockmistress (/mob/living/carbon/human): ShiftClick(Cockmistress (/mob/living/carbon/human))
 - Cockmistress (/mob/living/carbon/human): ShiftClickOn(Cockmistress (/mob/living/carbon/human))
 - Cockmistress (/mob/living/carbon/human): ClickOn(Cockmistress (/mob/living/carbon/human), "icon-x=16;icon-y=22;left=1;shi...")
 - Cockmistress (/mob/living/carbon/human): Click(the floor (75,137,2) (/turf/open/floor/plasteel), "mapwindow.map", "icon-x=16;icon-y=22;left=1;shi...", 0)
 - Bob Joga (/client): Click(Cockmistress (/mob/living/carbon/human), the floor (75,137,2) (/turf/open/floor/plasteel), "mapwindow.map", "icon-x=16;icon-y=22;left=1;shi...", 0)
 - 
 - (2020-08-27 22:42:03) ASSET: WARNING: dupe asset added to the asset cache: asset.b8d4321e999478b18704391431bfc270.png existing asset md5: b8d4321e999478b18704391431bfc270 new asset md5:b8d4321e999478b18704391431bfc270
 - gib stack trace()
 - register asset("asset.b8d4321e999478b187043914...", /icon (/icon))
 - icon2html(the chief medical officer\'s l... (/obj/item/clothing/suit/toggle/labcoat/cmo), Cockmistress (/mob/living/carbon/human), "labcoat_cmo", 2, 1, 0)
 - the chief medical officer\'s l... (/obj/item/clothing/suit/toggle/labcoat/cmo): get examine string(Cockmistress (/mob/living/carbon/human), 0)
 - Cockmistress (/mob/living/carbon/human): examine(Cockmistress (/mob/living/carbon/human))
 - Cockmistress (/mob/living/carbon/human): Examine(Cockmistress (/mob/living/carbon/human))
 - Cockmistress (/mob/living/carbon/human): ShiftClick(Cockmistress (/mob/living/carbon/human))
 - Cockmistress (/mob/living/carbon/human): ShiftClickOn(Cockmistress (/mob/living/carbon/human))
 - Cockmistress (/mob/living/carbon/human): ClickOn(Cockmistress (/mob/living/carbon/human), "icon-x=16;icon-y=22;left=1;shi...")
 - Cockmistress (/mob/living/carbon/human): Click(the floor (75,137,2) (/turf/open/floor/plasteel), "mapwindow.map", "icon-x=16;icon-y=22;left=1;shi...", 0)
 - Bob Joga (/client): Click(Cockmistress (/mob/living/carbon/human), the floor (75,137,2) (/turf/open/floor/plasteel), "mapwindow.map", "icon-x=16;icon-y=22;left=1;shi...", 0)
 - 
 - (2020-08-27 22:42:03) ASSET: WARNING: dupe asset added to the asset cache: asset.0cd5aec2ffda6bf876a26e712e4af372.png existing asset md5: 0cd5aec2ffda6bf876a26e712e4af372 new asset md5:0cd5aec2ffda6bf876a26e712e4af372
 - gib stack trace()
 - register asset("asset.0cd5aec2ffda6bf876a26e71...", /icon (/icon))
 - icon2html(the paramedic penlight (/obj/item/flashlight/pen/paramedic), Cockmistress (/mob/living/carbon/human), "penlight_surgical", 2, 1, 0)
 - the paramedic penlight (/obj/item/flashlight/pen/paramedic): get examine string(Cockmistress (/mob/living/carbon/human), 0)
 - Cockmistress (/mob/living/carbon/human): examine(Cockmistress (/mob/living/carbon/human))
 - Cockmistress (/mob/living/carbon/human): Examine(Cockmistress (/mob/living/carbon/human))
 - Cockmistress (/mob/living/carbon/human): ShiftClick(Cockmistress (/mob/living/carbon/human))
 - Cockmistress (/mob/living/carbon/human): ShiftClickOn(Cockmistress (/mob/living/carbon/human))
 - Cockmistress (/mob/living/carbon/human): ClickOn(Cockmistress (/mob/living/carbon/human), "icon-x=16;icon-y=22;left=1;shi...")
 - Cockmistress (/mob/living/carbon/human): Click(the floor (75,137,2) (/turf/open/floor/plasteel), "mapwindow.map", "icon-x=16;icon-y=22;left=1;shi...", 0)
 - Bob Joga (/client): Click(Cockmistress (/mob/living/carbon/human), the floor (75,137,2) (/turf/open/floor/plasteel), "mapwindow.map", "icon-x=16;icon-y=22;left=1;shi...", 0)
 - 
 - (2020-08-27 22:42:03) ASSET: WARNING: dupe asset added to the asset cache: asset.c2e55c3c2395ba67c84c90756b7bda34.png existing asset md5: c2e55c3c2395ba67c84c90756b7bda34 new asset md5:c2e55c3c2395ba67c84c90756b7bda34
 - gib stack trace()
 - register asset("asset.c2e55c3c2395ba67c84c9075...", /icon (/icon))
 - icon2html(the medical backpack (/obj/item/storage/backpack/medic), Cockmistress (/mob/living/carbon/human), "medicalpack", 2, 1, 0)
 - the medical backpack (/obj/item/storage/backpack/medic): get examine string(Cockmistress (/mob/living/carbon/human), 0)
 - Cockmistress (/mob/living/carbon/human): examine(Cockmistress (/mob/living/carbon/human))
 - Cockmistress (/mob/living/carbon/human): Examine(Cockmistress (/mob/living/carbon/human))
 - Cockmistress (/mob/living/carbon/human): ShiftClick(Cockmistress (/mob/living/carbon/human))
 - Cockmistress (/mob/living/carbon/human): ShiftClickOn(Cockmistress (/mob/living/carbon/human))
 - Cockmistress (/mob/living/carbon/human): ClickOn(Cockmistress (/mob/living/carbon/human), "icon-x=16;icon-y=22;left=1;shi...")
 - Cockmistress (/mob/living/carbon/human): Click(the floor (75,137,2) (/turf/open/floor/plasteel), "mapwindow.map", "icon-x=16;icon-y=22;left=1;shi...", 0)
 - Bob Joga (/client): Click(Cockmistress (/mob/living/carbon/human), the floor (75,137,2) (/turf/open/floor/plasteel), "mapwindow.map", "icon-x=16;icon-y=22;left=1;shi...", 0)
 - 
 - (2020-08-27 22:42:03) ASSET: WARNING: dupe asset added to the asset cache: asset.12d734dea7502e5e65285ec25ecabed1.png existing asset md5: 12d734dea7502e5e65285ec25ecabed1 new asset md5:12d734dea7502e5e65285ec25ecabed1
 - gib stack trace()
 - register asset("asset.12d734dea7502e5e65285ec2...", /icon (/icon))
 - icon2html(the medical gauze (/obj/item/stack/medical/gauze), Cockmistress (/mob/living/carbon/human), "gauze_3", 2, 1, 0)
 - the medical gauze (/obj/item/stack/medical/gauze): get examine string(Cockmistress (/mob/living/carbon/human), 0)
 - Cockmistress (/mob/living/carbon/human): examine(Cockmistress (/mob/living/carbon/human))
 - Cockmistress (/mob/living/carbon/human): Examine(Cockmistress (/mob/living/carbon/human))
 - Cockmistress (/mob/living/carbon/human): ShiftClick(Cockmistress (/mob/living/carbon/human))
 - Cockmistress (/mob/living/carbon/human): ShiftClickOn(Cockmistress (/mob/living/carbon/human))
 - Cockmistress (/mob/living/carbon/human): ClickOn(Cockmistress (/mob/living/carbon/human), "icon-x=16;icon-y=22;left=1;shi...")
 - Cockmistress (/mob/living/carbon/human): Click(the floor (75,137,2) (/turf/open/floor/plasteel), "mapwindow.map", "icon-x=16;icon-y=22;left=1;shi...", 0)
 - Bob Joga (/client): Click(Cockmistress (/mob/living/carbon/human), the floor (75,137,2) (/turf/open/floor/plasteel), "mapwindow.map", "icon-x=16;icon-y=22;left=1;shi...", 0)
 - 
 - (2020-08-27 22:42:03) ASSET: WARNING: dupe asset added to the asset cache: asset.e97f304c80562ffa178171ec4f17a52c.png existing asset md5: e97f304c80562ffa178171ec4f17a52c new asset md5:e97f304c80562ffa178171ec4f17a52c
 - gib stack trace()
 - register asset("asset.e97f304c80562ffa178171ec...", /icon (/icon))
 - icon2html(the health analyzer (/obj/item/healthanalyzer), Cockmistress (/mob/living/carbon/human), "health", 2, 1, 0)
 - the health analyzer (/obj/item/healthanalyzer): get examine string(Cockmistress (/mob/living/carbon/human), 0)
 - Cockmistress (/mob/living/carbon/human): examine(Cockmistress (/mob/living/carbon/human))
 - Cockmistress (/mob/living/carbon/human): Examine(Cockmistress (/mob/living/carbon/human))
 - Cockmistress (/mob/living/carbon/human): ShiftClick(Cockmistress (/mob/living/carbon/human))
 - Cockmistress (/mob/living/carbon/human): ShiftClickOn(Cockmistress (/mob/living/carbon/human))
 - Cockmistress (/mob/living/carbon/human): ClickOn(Cockmistress (/mob/living/carbon/human), "icon-x=16;icon-y=22;left=1;shi...")
 - Cockmistress (/mob/living/carbon/human): Click(the floor (75,137,2) (/turf/open/floor/plasteel), "mapwindow.map", "icon-x=16;icon-y=22;left=1;shi...", 0)
 - Bob Joga (/client): Click(Cockmistress (/mob/living/carbon/human), the floor (75,137,2) (/turf/open/floor/plasteel), "mapwindow.map", "icon-x=16;icon-y=22;left=1;shi...", 0)
 - 
 - (2020-08-27 22:42:03) ASSET: WARNING: dupe asset added to the asset cache: asset.8004571c8533910ae861af8dfdf06aed.png existing asset md5: 8004571c8533910ae861af8dfdf06aed new asset md5:8004571c8533910ae861af8dfdf06aed
 - gib stack trace()
 - register asset("asset.8004571c8533910ae861af8d...", /icon (/icon))
 - icon2html(the brown shoes (/obj/item/clothing/shoes/sneakers/brown), Cockmistress (/mob/living/carbon/human), "brown", 2, 1, 0)
 - the brown shoes (/obj/item/clothing/shoes/sneakers/brown): get examine string(Cockmistress (/mob/living/carbon/human), 0)
 - Cockmistress (/mob/living/carbon/human): examine(Cockmistress (/mob/living/carbon/human))
 - Cockmistress (/mob/living/carbon/human): Examine(Cockmistress (/mob/living/carbon/human))
 - Cockmistress (/mob/living/carbon/human): ShiftClick(Cockmistress (/mob/living/carbon/human))
 - Cockmistress (/mob/living/carbon/human): ShiftClickOn(Cockmistress (/mob/living/carbon/human))
 - Cockmistress (/mob/living/carbon/human): ClickOn(Cockmistress (/mob/living/carbon/human), "icon-x=16;icon-y=22;left=1;shi...")
 - Cockmistress (/mob/living/carbon/human): Click(the floor (75,137,2) (/turf/open/floor/plasteel), "mapwindow.map", "icon-x=16;icon-y=22;left=1;shi...", 0)
 - Bob Joga (/client): Click(Cockmistress (/mob/living/carbon/human), the floor (75,137,2) (/turf/open/floor/plasteel), "mapwindow.map", "icon-x=16;icon-y=22;left=1;shi...", 0)
 - 
 - (2020-08-27 22:42:03) ASSET: WARNING: dupe asset added to the asset cache: asset.ec58dfcf75f3c668b5cb9d0f199d87a3.png existing asset md5: ec58dfcf75f3c668b5cb9d0f199d87a3 new asset md5:ec58dfcf75f3c668b5cb9d0f199d87a3
 - gib stack trace()
 - register asset("asset.ec58dfcf75f3c668b5cb9d0f...", /icon (/icon))
 - icon2html(the chief medical officer\'s h... (/obj/item/radio/headset/heads/cmo), Cockmistress (/mob/living/carbon/human), "com_headset", 2, 1, 0)
 - the chief medical officer\'s h... (/obj/item/radio/headset/heads/cmo): get examine string(Cockmistress (/mob/living/carbon/human), 0)
 - Cockmistress (/mob/living/carbon/human): examine(Cockmistress (/mob/living/carbon/human))
 - Cockmistress (/mob/living/carbon/human): Examine(Cockmistress (/mob/living/carbon/human))
 - Cockmistress (/mob/living/carbon/human): ShiftClick(Cockmistress (/mob/living/carbon/human))
 - Cockmistress (/mob/living/carbon/human): ShiftClickOn(Cockmistress (/mob/living/carbon/human))
 - Cockmistress (/mob/living/carbon/human): ClickOn(Cockmistress (/mob/living/carbon/human), "icon-x=16;icon-y=22;left=1;shi...")
 - Cockmistress (/mob/living/carbon/human): Click(the floor (75,137,2) (/turf/open/floor/plasteel), "mapwindow.map", "icon-x=16;icon-y=22;left=1;shi...", 0)
 - Bob Joga (/client): Click(Cockmistress (/mob/living/carbon/human), the floor (75,137,2) (/turf/open/floor/plasteel), "mapwindow.map", "icon-x=16;icon-y=22;left=1;shi...", 0)
 - 
 - (2020-08-27 22:42:03) ASSET: WARNING: dupe asset added to the asset cache: asset.e9900eed490572077bbcb4d1911ff847.png existing asset md5: e9900eed490572077bbcb4d1911ff847 new asset md5:e9900eed490572077bbcb4d1911ff847
 - gib stack trace()
 - register asset("asset.e9900eed490572077bbcb4d1...", /icon (/icon))
 - icon2html(PDA-Cockmistress (Chief Medica... (/obj/item/pda/heads/cmo), Cockmistress (/mob/living/carbon/human), "pda-cmo", 2, 1, 0)
 - PDA-Cockmistress (Chief Medica... (/obj/item/pda/heads/cmo): get examine string(Cockmistress (/mob/living/carbon/human), 0)
 - Cockmistress (/mob/living/carbon/human): examine(Cockmistress (/mob/living/carbon/human))
 - Cockmistress (/mob/living/carbon/human): Examine(Cockmistress (/mob/living/carbon/human))
 - Cockmistress (/mob/living/carbon/human): ShiftClick(Cockmistress (/mob/living/carbon/human))
 - Cockmistress (/mob/living/carbon/human): ShiftClickOn(Cockmistress (/mob/living/carbon/human))
 - Cockmistress (/mob/living/carbon/human): ClickOn(Cockmistress (/mob/living/carbon/human), "icon-x=16;icon-y=22;left=1;shi...")
 - Cockmistress (/mob/living/carbon/human): Click(the floor (75,137,2) (/turf/open/floor/plasteel), "mapwindow.map", "icon-x=16;icon-y=22;left=1;shi...", 0)
 - Bob Joga (/client): Click(Cockmistress (/mob/living/carbon/human), the floor (75,137,2) (/turf/open/floor/plasteel), "mapwindow.map", "icon-x=16;icon-y=22;left=1;shi...", 0)
 - 
 - (2020-08-27 22:42:23) ASSET: WARNING: dupe asset added to the asset cache: asset.b148c23e523886ec4c31efb1ea788803.png existing asset md5: b148c23e523886ec4c31efb1ea788803 new asset md5:b148c23e523886ec4c31efb1ea788803
 - gib stack trace()
 - register asset("asset.b148c23e523886ec4c31efb1...", /icon (/icon))
 - icon2html(the chief medical officer\'s j... (/obj/item/clothing/under/rank/medical/chief_medical_officer), Cockmistress (/mob/living/carbon/human), "cmo", 2, 1, 0)
 - the chief medical officer\'s j... (/obj/item/clothing/under/rank/medical/chief_medical_officer): get examine string(Cockmistress (/mob/living/carbon/human), 0)
 - Cockmistress (/mob/living/carbon/human): examine(Cockmistress (/mob/living/carbon/human))
 - Cockmistress (/mob/living/carbon/human): Examine(Cockmistress (/mob/living/carbon/human))
 - Cockmistress (/mob/living/carbon/human): ShiftClick(Cockmistress (/mob/living/carbon/human))
 - Cockmistress (/mob/living/carbon/human): ShiftClickOn(Cockmistress (/mob/living/carbon/human))
 - Cockmistress (/mob/living/carbon/human): ClickOn(Cockmistress (/mob/living/carbon/human), "icon-x=18;icon-y=15;left=1;shi...")
 - Cockmistress (/mob/living/carbon/human): Click(the floor (75,131,2) (/turf/open/floor/plasteel), "mapwindow.map", "icon-x=18;icon-y=15;left=1;shi...", 0)
 - Bob Joga (/client): Click(Cockmistress (/mob/living/carbon/human), the floor (75,131,2) (/turf/open/floor/plasteel), "mapwindow.map", "icon-x=18;icon-y=15;left=1;shi...", 0)
 - 
 - (2020-08-27 22:42:23) ASSET: WARNING: dupe asset added to the asset cache: asset.b8d4321e999478b18704391431bfc270.png existing asset md5: b8d4321e999478b18704391431bfc270 new asset md5:b8d4321e999478b18704391431bfc270
 - gib stack trace()
 - register asset("asset.b8d4321e999478b187043914...", /icon (/icon))
 - icon2html(the chief medical officer\'s l... (/obj/item/clothing/suit/toggle/labcoat/cmo), Cockmistress (/mob/living/carbon/human), "labcoat_cmo", 2, 1, 0)
 - the chief medical officer\'s l... (/obj/item/clothing/suit/toggle/labcoat/cmo): get examine string(Cockmistress (/mob/living/carbon/human), 0)
 - Cockmistress (/mob/living/carbon/human): examine(Cockmistress (/mob/living/carbon/human))
 - Cockmistress (/mob/living/carbon/human): Examine(Cockmistress (/mob/living/carbon/human))
 - Cockmistress (/mob/living/carbon/human): ShiftClick(Cockmistress (/mob/living/carbon/human))
 - Cockmistress (/mob/living/carbon/human): ShiftClickOn(Cockmistress (/mob/living/carbon/human))
 - Cockmistress (/mob/living/carbon/human): ClickOn(Cockmistress (/mob/living/carbon/human), "icon-x=18;icon-y=15;left=1;shi...")
 - Cockmistress (/mob/living/carbon/human): Click(the floor (75,131,2) (/turf/open/floor/plasteel), "mapwindow.map", "icon-x=18;icon-y=15;left=1;shi...", 0)
 - Bob Joga (/client): Click(Cockmistress (/mob/living/carbon/human), the floor (75,131,2) (/turf/open/floor/plasteel), "mapwindow.map", "icon-x=18;icon-y=15;left=1;shi...", 0)
 - 
 - (2020-08-27 22:42:23) ASSET: WARNING: dupe asset added to the asset cache: asset.0cd5aec2ffda6bf876a26e712e4af372.png existing asset md5: 0cd5aec2ffda6bf876a26e712e4af372 new asset md5:0cd5aec2ffda6bf876a26e712e4af372
 - gib stack trace()
 - register asset("asset.0cd5aec2ffda6bf876a26e71...", /icon (/icon))
 - icon2html(the paramedic penlight (/obj/item/flashlight/pen/paramedic), Cockmistress (/mob/living/carbon/human), "penlight_surgical", 2, 1, 0)
 - the paramedic penlight (/obj/item/flashlight/pen/paramedic): get examine string(Cockmistress (/mob/living/carbon/human), 0)
 - Cockmistress (/mob/living/carbon/human): examine(Cockmistress (/mob/living/carbon/human))
 - Cockmistress (/mob/living/carbon/human): Examine(Cockmistress (/mob/living/carbon/human))
 - Cockmistress (/mob/living/carbon/human): ShiftClick(Cockmistress (/mob/living/carbon/human))
 - Cockmistress (/mob/living/carbon/human): ShiftClickOn(Cockmistress (/mob/living/carbon/human))
 - Cockmistress (/mob/living/carbon/human): ClickOn(Cockmistress (/mob/living/carbon/human), "icon-x=18;icon-y=15;left=1;shi...")
 - Cockmistress (/mob/living/carbon/human): Click(the floor (75,131,2) (/turf/open/floor/plasteel), "mapwindow.map", "icon-x=18;icon-y=15;left=1;shi...", 0)
 - Bob Joga (/client): Click(Cockmistress (/mob/living/carbon/human), the floor (75,131,2) (/turf/open/floor/plasteel), "mapwindow.map", "icon-x=18;icon-y=15;left=1;shi...", 0)
 - 
 - (2020-08-27 22:42:23) ASSET: WARNING: dupe asset added to the asset cache: asset.c2e55c3c2395ba67c84c90756b7bda34.png existing asset md5: c2e55c3c2395ba67c84c90756b7bda34 new asset md5:c2e55c3c2395ba67c84c90756b7bda34
 - gib stack trace()
 - register asset("asset.c2e55c3c2395ba67c84c9075...", /icon (/icon))
 - icon2html(the medical backpack (/obj/item/storage/backpack/medic), Cockmistress (/mob/living/carbon/human), "medicalpack", 2, 1, 0)
 - the medical backpack (/obj/item/storage/backpack/medic): get examine string(Cockmistress (/mob/living/carbon/human), 0)
 - Cockmistress (/mob/living/carbon/human): examine(Cockmistress (/mob/living/carbon/human))
 - Cockmistress (/mob/living/carbon/human): Examine(Cockmistress (/mob/living/carbon/human))
 - Cockmistress (/mob/living/carbon/human): ShiftClick(Cockmistress (/mob/living/carbon/human))
 - Cockmistress (/mob/living/carbon/human): ShiftClickOn(Cockmistress (/mob/living/carbon/human))
 - Cockmistress (/mob/living/carbon/human): ClickOn(Cockmistress (/mob/living/carbon/human), "icon-x=18;icon-y=15;left=1;shi...")
 - Cockmistress (/mob/living/carbon/human): Click(the floor (75,131,2) (/turf/open/floor/plasteel), "mapwindow.map", "icon-x=18;icon-y=15;left=1;shi...", 0)
 - Bob Joga (/client): Click(Cockmistress (/mob/living/carbon/human), the floor (75,131,2) (/turf/open/floor/plasteel), "mapwindow.map", "icon-x=18;icon-y=15;left=1;shi...", 0)
 - 
 - (2020-08-27 22:42:23) ASSET: WARNING: dupe asset added to the asset cache: asset.12d734dea7502e5e65285ec25ecabed1.png existing asset md5: 12d734dea7502e5e65285ec25ecabed1 new asset md5:12d734dea7502e5e65285ec25ecabed1
 - gib stack trace()
 - register asset("asset.12d734dea7502e5e65285ec2...", /icon (/icon))
 - icon2html(the medical gauze (/obj/item/stack/medical/gauze), Cockmistress (/mob/living/carbon/human), "gauze_3", 2, 1, 0)
 - the medical gauze (/obj/item/stack/medical/gauze): get examine string(Cockmistress (/mob/living/carbon/human), 0)
 - Cockmistress (/mob/living/carbon/human): examine(Cockmistress (/mob/living/carbon/human))
 - Cockmistress (/mob/living/carbon/human): Examine(Cockmistress (/mob/living/carbon/human))
 - Cockmistress (/mob/living/carbon/human): ShiftClick(Cockmistress (/mob/living/carbon/human))
 - Cockmistress (/mob/living/carbon/human): ShiftClickOn(Cockmistress (/mob/living/carbon/human))
 - Cockmistress (/mob/living/carbon/human): ClickOn(Cockmistress (/mob/living/carbon/human), "icon-x=18;icon-y=15;left=1;shi...")
 - Cockmistress (/mob/living/carbon/human): Click(the floor (75,131,2) (/turf/open/floor/plasteel), "mapwindow.map", "icon-x=18;icon-y=15;left=1;shi...", 0)
 - Bob Joga (/client): Click(Cockmistress (/mob/living/carbon/human), the floor (75,131,2) (/turf/open/floor/plasteel), "mapwindow.map", "icon-x=18;icon-y=15;left=1;shi...", 0)
 - 
 - (2020-08-27 22:42:23) ASSET: WARNING: dupe asset added to the asset cache: asset.e97f304c80562ffa178171ec4f17a52c.png existing asset md5: e97f304c80562ffa178171ec4f17a52c new asset md5:e97f304c80562ffa178171ec4f17a52c
 - gib stack trace()
 - register asset("asset.e97f304c80562ffa178171ec...", /icon (/icon))
 - icon2html(the health analyzer (/obj/item/healthanalyzer), Cockmistress (/mob/living/carbon/human), "health", 2, 1, 0)
 - the health analyzer (/obj/item/healthanalyzer): get examine string(Cockmistress (/mob/living/carbon/human), 0)
 - Cockmistress (/mob/living/carbon/human): examine(Cockmistress (/mob/living/carbon/human))
 - Cockmistress (/mob/living/carbon/human): Examine(Cockmistress (/mob/living/carbon/human))
 - Cockmistress (/mob/living/carbon/human): ShiftClick(Cockmistress (/mob/living/carbon/human))
 - Cockmistress (/mob/living/carbon/human): ShiftClickOn(Cockmistress (/mob/living/carbon/human))
 - Cockmistress (/mob/living/carbon/human): ClickOn(Cockmistress (/mob/living/carbon/human), "icon-x=18;icon-y=15;left=1;shi...")
 - Cockmistress (/mob/living/carbon/human): Click(the floor (75,131,2) (/turf/open/floor/plasteel), "mapwindow.map", "icon-x=18;icon-y=15;left=1;shi...", 0)
 - Bob Joga (/client): Click(Cockmistress (/mob/living/carbon/human), the floor (75,131,2) (/turf/open/floor/plasteel), "mapwindow.map", "icon-x=18;icon-y=15;left=1;shi...", 0)
 - 
 - (2020-08-27 22:42:23) ASSET: WARNING: dupe asset added to the asset cache: asset.8004571c8533910ae861af8dfdf06aed.png existing asset md5: 8004571c8533910ae861af8dfdf06aed new asset md5:8004571c8533910ae861af8dfdf06aed
 - gib stack trace()
 - register asset("asset.8004571c8533910ae861af8d...", /icon (/icon))
 - icon2html(the brown shoes (/obj/item/clothing/shoes/sneakers/brown), Cockmistress (/mob/living/carbon/human), "brown", 2, 1, 0)
 - the brown shoes (/obj/item/clothing/shoes/sneakers/brown): get examine string(Cockmistress (/mob/living/carbon/human), 0)
 - Cockmistress (/mob/living/carbon/human): examine(Cockmistress (/mob/living/carbon/human))
 - Cockmistress (/mob/living/carbon/human): Examine(Cockmistress (/mob/living/carbon/human))
 - Cockmistress (/mob/living/carbon/human): ShiftClick(Cockmistress (/mob/living/carbon/human))
 - Cockmistress (/mob/living/carbon/human): ShiftClickOn(Cockmistress (/mob/living/carbon/human))
 - Cockmistress (/mob/living/carbon/human): ClickOn(Cockmistress (/mob/living/carbon/human), "icon-x=18;icon-y=15;left=1;shi...")
 - Cockmistress (/mob/living/carbon/human): Click(the floor (75,131,2) (/turf/open/floor/plasteel), "mapwindow.map", "icon-x=18;icon-y=15;left=1;shi...", 0)
 - Bob Joga (/client): Click(Cockmistress (/mob/living/carbon/human), the floor (75,131,2) (/turf/open/floor/plasteel), "mapwindow.map", "icon-x=18;icon-y=15;left=1;shi...", 0)
 - 
 - (2020-08-27 22:42:23) ASSET: WARNING: dupe asset added to the asset cache: asset.ec58dfcf75f3c668b5cb9d0f199d87a3.png existing asset md5: ec58dfcf75f3c668b5cb9d0f199d87a3 new asset md5:ec58dfcf75f3c668b5cb9d0f199d87a3
 - gib stack trace()
 - register asset("asset.ec58dfcf75f3c668b5cb9d0f...", /icon (/icon))
 - icon2html(the chief medical officer\'s h... (/obj/item/radio/headset/heads/cmo), Cockmistress (/mob/living/carbon/human), "com_headset", 2, 1, 0)
 - the chief medical officer\'s h... (/obj/item/radio/headset/heads/cmo): get examine string(Cockmistress (/mob/living/carbon/human), 0)
 - Cockmistress (/mob/living/carbon/human): examine(Cockmistress (/mob/living/carbon/human))
 - Cockmistress (/mob/living/carbon/human): Examine(Cockmistress (/mob/living/carbon/human))
 - Cockmistress (/mob/living/carbon/human): ShiftClick(Cockmistress (/mob/living/carbon/human))
 - Cockmistress (/mob/living/carbon/human): ShiftClickOn(Cockmistress (/mob/living/carbon/human))
 - Cockmistress (/mob/living/carbon/human): ClickOn(Cockmistress (/mob/living/carbon/human), "icon-x=18;icon-y=15;left=1;shi...")
 - Cockmistress (/mob/living/carbon/human): Click(the floor (75,131,2) (/turf/open/floor/plasteel), "mapwindow.map", "icon-x=18;icon-y=15;left=1;shi...", 0)
 - Bob Joga (/client): Click(Cockmistress (/mob/living/carbon/human), the floor (75,131,2) (/turf/open/floor/plasteel), "mapwindow.map", "icon-x=18;icon-y=15;left=1;shi...", 0)
 - 
 - (2020-08-27 22:42:23) ASSET: WARNING: dupe asset added to the asset cache: asset.e9900eed490572077bbcb4d1911ff847.png existing asset md5: e9900eed490572077bbcb4d1911ff847 new asset md5:e9900eed490572077bbcb4d1911ff847
 - gib stack trace()
 - register asset("asset.e9900eed490572077bbcb4d1...", /icon (/icon))
 - icon2html(PDA-Cockmistress (Chief Medica... (/obj/item/pda/heads/cmo), Cockmistress (/mob/living/carbon/human), "pda-cmo", 2, 1, 0)
 - PDA-Cockmistress (Chief Medica... (/obj/item/pda/heads/cmo): get examine string(Cockmistress (/mob/living/carbon/human), 0)
 - Cockmistress (/mob/living/carbon/human): examine(Cockmistress (/mob/living/carbon/human))
 - Cockmistress (/mob/living/carbon/human): Examine(Cockmistress (/mob/living/carbon/human))
 - Cockmistress (/mob/living/carbon/human): ShiftClick(Cockmistress (/mob/living/carbon/human))
 - Cockmistress (/mob/living/carbon/human): ShiftClickOn(Cockmistress (/mob/living/carbon/human))
 - Cockmistress (/mob/living/carbon/human): ClickOn(Cockmistress (/mob/living/carbon/human), "icon-x=18;icon-y=15;left=1;shi...")
 - Cockmistress (/mob/living/carbon/human): Click(the floor (75,131,2) (/turf/open/floor/plasteel), "mapwindow.map", "icon-x=18;icon-y=15;left=1;shi...", 0)
 - Bob Joga (/client): Click(Cockmistress (/mob/living/carbon/human), the floor (75,131,2) (/turf/open/floor/plasteel), "mapwindow.map", "icon-x=18;icon-y=15;left=1;shi...", 0)
 - 
 - (2020-08-27 22:42:43) ASSET: WARNING: dupe asset added to the asset cache: asset.b148c23e523886ec4c31efb1ea788803.png existing asset md5: b148c23e523886ec4c31efb1ea788803 new asset md5:b148c23e523886ec4c31efb1ea788803
 - gib stack trace()
 - register asset("asset.b148c23e523886ec4c31efb1...", /icon (/icon))
 - icon2html(the chief medical officer\'s j... (/obj/item/clothing/under/rank/medical/chief_medical_officer), Cockmistress (/mob/living/carbon/human), "cmo", 2, 1, 0)
 - the chief medical officer\'s j... (/obj/item/clothing/under/rank/medical/chief_medical_officer): get examine string(Cockmistress (/mob/living/carbon/human), 0)
 - Cockmistress (/mob/living/carbon/human): examine(Cockmistress (/mob/living/carbon/human))
 - Cockmistress (/mob/living/carbon/human): Examine(Cockmistress (/mob/living/carbon/human))
 - Cockmistress (/mob/living/carbon/human): ShiftClick(Cockmistress (/mob/living/carbon/human))
 - Cockmistress (/mob/living/carbon/human): ShiftClickOn(Cockmistress (/mob/living/carbon/human))
 - Cockmistress (/mob/living/carbon/human): ClickOn(Cockmistress (/mob/living/carbon/human), "icon-x=17;icon-y=23;vis-x=24;v...")
 - Cockmistress (/mob/living/carbon/human): Click(the floor (72,131,2) (/turf/open/floor/plasteel), "mapwindow.map", "icon-x=17;icon-y=23;vis-x=24;v...", 0)
 - Bob Joga (/client): Click(Cockmistress (/mob/living/carbon/human), the floor (72,131,2) (/turf/open/floor/plasteel), "mapwindow.map", "icon-x=17;icon-y=23;vis-x=24;v...", 0)
 - 
 - (2020-08-27 22:42:43) ASSET: WARNING: dupe asset added to the asset cache: asset.b8d4321e999478b18704391431bfc270.png existing asset md5: b8d4321e999478b18704391431bfc270 new asset md5:b8d4321e999478b18704391431bfc270
 - 
 - (2020-08-27 22:42:43) ASSET: WARNING: dupe asset added to the asset cache: asset.0cd5aec2ffda6bf876a26e712e4af372.png existing asset md5: 0cd5aec2ffda6bf876a26e712e4af372 new asset md5:0cd5aec2ffda6bf876a26e712e4af372
 - 
 - (2020-08-27 22:42:43) ASSET: WARNING: dupe asset added to the asset cache: asset.c2e55c3c2395ba67c84c90756b7bda34.png existing asset md5: c2e55c3c2395ba67c84c90756b7bda34 new asset md5:c2e55c3c2395ba67c84c90756b7bda34
 - 
 - (2020-08-27 22:42:43) ASSET: WARNING: dupe asset added to the asset cache: asset.e97f304c80562ffa178171ec4f17a52c.png existing asset md5: e97f304c80562ffa178171ec4f17a52c new asset md5:e97f304c80562ffa178171ec4f17a52c
 - 
 - (2020-08-27 22:42:43) ASSET: WARNING: dupe asset added to the asset cache: asset.8004571c8533910ae861af8dfdf06aed.png existing asset md5: 8004571c8533910ae861af8dfdf06aed new asset md5:8004571c8533910ae861af8dfdf06aed
 - 
 - (2020-08-27 22:42:43) ASSET: WARNING: dupe asset added to the asset cache: asset.ec58dfcf75f3c668b5cb9d0f199d87a3.png existing asset md5: ec58dfcf75f3c668b5cb9d0f199d87a3 new asset md5:ec58dfcf75f3c668b5cb9d0f199d87a3
 - 
 - (2020-08-27 22:42:43) ASSET: WARNING: dupe asset added to the asset cache: asset.e9900eed490572077bbcb4d1911ff847.png existing asset md5: e9900eed490572077bbcb4d1911ff847 new asset md5:e9900eed490572077bbcb4d1911ff847
 - 
 - (2020-08-27 22:42:47) ASSET: WARNING: dupe asset added to the asset cache: asset.b148c23e523886ec4c31efb1ea788803.png existing asset md5: b148c23e523886ec4c31efb1ea788803 new asset md5:b148c23e523886ec4c31efb1ea788803
 - 
 - (2020-08-27 22:42:47) ASSET: WARNING: dupe asset added to the asset cache: asset.b8d4321e999478b18704391431bfc270.png existing asset md5: b8d4321e999478b18704391431bfc270 new asset md5:b8d4321e999478b18704391431bfc270
 - 
 - (2020-08-27 22:42:47) ASSET: WARNING: dupe asset added to the asset cache: asset.0cd5aec2ffda6bf876a26e712e4af372.png existing asset md5: 0cd5aec2ffda6bf876a26e712e4af372 new asset md5:0cd5aec2ffda6bf876a26e712e4af372
 - 
 - (2020-08-27 22:42:47) ASSET: WARNING: dupe asset added to the asset cache: asset.c2e55c3c2395ba67c84c90756b7bda34.png existing asset md5: c2e55c3c2395ba67c84c90756b7bda34 new asset md5:c2e55c3c2395ba67c84c90756b7bda34
 - 
 - (2020-08-27 22:42:47) ASSET: WARNING: dupe asset added to the asset cache: asset.e97f304c80562ffa178171ec4f17a52c.png existing asset md5: e97f304c80562ffa178171ec4f17a52c new asset md5:e97f304c80562ffa178171ec4f17a52c
 - 
 - (2020-08-27 22:42:47) ASSET: WARNING: dupe asset added to the asset cache: asset.8004571c8533910ae861af8dfdf06aed.png existing asset md5: 8004571c8533910ae861af8dfdf06aed new asset md5:8004571c8533910ae861af8dfdf06aed
 - 
 - (2020-08-27 22:42:47) ASSET: WARNING: dupe asset added to the asset cache: asset.ec58dfcf75f3c668b5cb9d0f199d87a3.png existing asset md5: ec58dfcf75f3c668b5cb9d0f199d87a3 new asset md5:ec58dfcf75f3c668b5cb9d0f199d87a3
 - 
 - (2020-08-27 22:42:47) ASSET: WARNING: dupe asset added to the asset cache: asset.e9900eed490572077bbcb4d1911ff847.png existing asset md5: e9900eed490572077bbcb4d1911ff847 new asset md5:e9900eed490572077bbcb4d1911ff847
 - 
 - (2020-08-27 22:43:27) ASSET: WARNING: dupe asset added to the asset cache: asset.b148c23e523886ec4c31efb1ea788803.png existing asset md5: b148c23e523886ec4c31efb1ea788803 new asset md5:b148c23e523886ec4c31efb1ea788803
 - 
 - (2020-08-27 22:43:27) ASSET: WARNING: dupe asset added to the asset cache: asset.b8d4321e999478b18704391431bfc270.png existing asset md5: b8d4321e999478b18704391431bfc270 new asset md5:b8d4321e999478b18704391431bfc270
 - 
 - (2020-08-27 22:43:27) ASSET: WARNING: dupe asset added to the asset cache: asset.0cd5aec2ffda6bf876a26e712e4af372.png existing asset md5: 0cd5aec2ffda6bf876a26e712e4af372 new asset md5:0cd5aec2ffda6bf876a26e712e4af372
 - 
 - (2020-08-27 22:43:27) ASSET: WARNING: dupe asset added to the asset cache: asset.c2e55c3c2395ba67c84c90756b7bda34.png existing asset md5: c2e55c3c2395ba67c84c90756b7bda34 new asset md5:c2e55c3c2395ba67c84c90756b7bda34
 - 
 - (2020-08-27 22:43:27) ASSET: Sending asset asset.e2969b535ffa6c4f93691a7022857ab1.png to client Bob Joga
 - (2020-08-27 22:43:27) ASSET: WARNING: dupe asset added to the asset cache: asset.e97f304c80562ffa178171ec4f17a52c.png existing asset md5: e97f304c80562ffa178171ec4f17a52c new asset md5:e97f304c80562ffa178171ec4f17a52c
 - 
 - (2020-08-27 22:43:27) ASSET: WARNING: dupe asset added to the asset cache: asset.8004571c8533910ae861af8dfdf06aed.png existing asset md5: 8004571c8533910ae861af8dfdf06aed new asset md5:8004571c8533910ae861af8dfdf06aed
 - 
 - (2020-08-27 22:43:27) ASSET: WARNING: dupe asset added to the asset cache: asset.ec58dfcf75f3c668b5cb9d0f199d87a3.png existing asset md5: ec58dfcf75f3c668b5cb9d0f199d87a3 new asset md5:ec58dfcf75f3c668b5cb9d0f199d87a3
 - 
 - (2020-08-27 22:43:27) ASSET: WARNING: dupe asset added to the asset cache: asset.e9900eed490572077bbcb4d1911ff847.png existing asset md5: e9900eed490572077bbcb4d1911ff847 new asset md5:e9900eed490572077bbcb4d1911ff847
 - 
 - (2020-08-27 22:43:33) ASSET: WARNING: dupe asset added to the asset cache: asset.b148c23e523886ec4c31efb1ea788803.png existing asset md5: b148c23e523886ec4c31efb1ea788803 new asset md5:b148c23e523886ec4c31efb1ea788803
 - 
 - (2020-08-27 22:43:33) ASSET: WARNING: dupe asset added to the asset cache: asset.b8d4321e999478b18704391431bfc270.png existing asset md5: b8d4321e999478b18704391431bfc270 new asset md5:b8d4321e999478b18704391431bfc270
 - 
 - (2020-08-27 22:43:33) ASSET: WARNING: dupe asset added to the asset cache: asset.0cd5aec2ffda6bf876a26e712e4af372.png existing asset md5: 0cd5aec2ffda6bf876a26e712e4af372 new asset md5:0cd5aec2ffda6bf876a26e712e4af372
 - 
 - (2020-08-27 22:43:33) ASSET: WARNING: dupe asset added to the asset cache: asset.c2e55c3c2395ba67c84c90756b7bda34.png existing asset md5: c2e55c3c2395ba67c84c90756b7bda34 new asset md5:c2e55c3c2395ba67c84c90756b7bda34
 - 
 - (2020-08-27 22:43:33) ASSET: WARNING: dupe asset added to the asset cache: asset.e97f304c80562ffa178171ec4f17a52c.png existing asset md5: e97f304c80562ffa178171ec4f17a52c new asset md5:e97f304c80562ffa178171ec4f17a52c
 - 
 - (2020-08-27 22:43:33) ASSET: WARNING: dupe asset added to the asset cache: asset.8004571c8533910ae861af8dfdf06aed.png existing asset md5: 8004571c8533910ae861af8dfdf06aed new asset md5:8004571c8533910ae861af8dfdf06aed
 - 
 - (2020-08-27 22:43:33) ASSET: WARNING: dupe asset added to the asset cache: asset.ec58dfcf75f3c668b5cb9d0f199d87a3.png existing asset md5: ec58dfcf75f3c668b5cb9d0f199d87a3 new asset md5:ec58dfcf75f3c668b5cb9d0f199d87a3
 - 
 - (2020-08-27 22:43:33) ASSET: WARNING: dupe asset added to the asset cache: asset.e9900eed490572077bbcb4d1911ff847.png existing asset md5: e9900eed490572077bbcb4d1911ff847 new asset md5:e9900eed490572077bbcb4d1911ff847
 - 
 - (2020-08-27 22:43:41) ASSET: WARNING: dupe asset added to the asset cache: asset.b148c23e523886ec4c31efb1ea788803.png existing asset md5: b148c23e523886ec4c31efb1ea788803 new asset md5:b148c23e523886ec4c31efb1ea788803
 - 
 - (2020-08-27 22:43:41) ASSET: WARNING: dupe asset added to the asset cache: asset.b8d4321e999478b18704391431bfc270.png existing asset md5: b8d4321e999478b18704391431bfc270 new asset md5:b8d4321e999478b18704391431bfc270
 - 
 - (2020-08-27 22:43:41) ASSET: WARNING: dupe asset added to the asset cache: asset.0cd5aec2ffda6bf876a26e712e4af372.png existing asset md5: 0cd5aec2ffda6bf876a26e712e4af372 new asset md5:0cd5aec2ffda6bf876a26e712e4af372
 - 
 - (2020-08-27 22:43:41) ASSET: WARNING: dupe asset added to the asset cache: asset.c2e55c3c2395ba67c84c90756b7bda34.png existing asset md5: c2e55c3c2395ba67c84c90756b7bda34 new asset md5:c2e55c3c2395ba67c84c90756b7bda34
 - 
 - (2020-08-27 22:43:41) ASSET: WARNING: dupe asset added to the asset cache: asset.e97f304c80562ffa178171ec4f17a52c.png existing asset md5: e97f304c80562ffa178171ec4f17a52c new asset md5:e97f304c80562ffa178171ec4f17a52c
 - 
 - (2020-08-27 22:43:41) ASSET: WARNING: dupe asset added to the asset cache: asset.8004571c8533910ae861af8dfdf06aed.png existing asset md5: 8004571c8533910ae861af8dfdf06aed new asset md5:8004571c8533910ae861af8dfdf06aed
 - 
 - (2020-08-27 22:43:41) ASSET: WARNING: dupe asset added to the asset cache: asset.ec58dfcf75f3c668b5cb9d0f199d87a3.png existing asset md5: ec58dfcf75f3c668b5cb9d0f199d87a3 new asset md5:ec58dfcf75f3c668b5cb9d0f199d87a3
 - 
 - (2020-08-27 22:43:41) ASSET: WARNING: dupe asset added to the asset cache: asset.e9900eed490572077bbcb4d1911ff847.png existing asset md5: e9900eed490572077bbcb4d1911ff847 new asset md5:e9900eed490572077bbcb4d1911ff847
 - 
 - (2020-08-27 22:43:45) ASSET: WARNING: dupe asset added to the asset cache: asset.b148c23e523886ec4c31efb1ea788803.png existing asset md5: b148c23e523886ec4c31efb1ea788803 new asset md5:b148c23e523886ec4c31efb1ea788803
 - 
 - (2020-08-27 22:43:45) ASSET: WARNING: dupe asset added to the asset cache: asset.b8d4321e999478b18704391431bfc270.png existing asset md5: b8d4321e999478b18704391431bfc270 new asset md5:b8d4321e999478b18704391431bfc270
 - 
 - (2020-08-27 22:43:45) ASSET: WARNING: dupe asset added to the asset cache: asset.0cd5aec2ffda6bf876a26e712e4af372.png existing asset md5: 0cd5aec2ffda6bf876a26e712e4af372 new asset md5:0cd5aec2ffda6bf876a26e712e4af372
 - 
 - (2020-08-27 22:43:45) ASSET: WARNING: dupe asset added to the asset cache: asset.c2e55c3c2395ba67c84c90756b7bda34.png existing asset md5: c2e55c3c2395ba67c84c90756b7bda34 new asset md5:c2e55c3c2395ba67c84c90756b7bda34
 - 
 - (2020-08-27 22:43:45) ASSET: WARNING: dupe asset added to the asset cache: asset.e97f304c80562ffa178171ec4f17a52c.png existing asset md5: e97f304c80562ffa178171ec4f17a52c new asset md5:e97f304c80562ffa178171ec4f17a52c
 - 
 - (2020-08-27 22:43:45) ASSET: WARNING: dupe asset added to the asset cache: asset.8004571c8533910ae861af8dfdf06aed.png existing asset md5: 8004571c8533910ae861af8dfdf06aed new asset md5:8004571c8533910ae861af8dfdf06aed
 - 
 - (2020-08-27 22:43:45) ASSET: WARNING: dupe asset added to the asset cache: asset.ec58dfcf75f3c668b5cb9d0f199d87a3.png existing asset md5: ec58dfcf75f3c668b5cb9d0f199d87a3 new asset md5:ec58dfcf75f3c668b5cb9d0f199d87a3
 - 
 - (2020-08-27 22:43:45) ASSET: WARNING: dupe asset added to the asset cache: asset.e9900eed490572077bbcb4d1911ff847.png existing asset md5: e9900eed490572077bbcb4d1911ff847 new asset md5:e9900eed490572077bbcb4d1911ff847
 - 
 - (2020-08-27 22:44:33) ASSET: WARNING: dupe asset added to the asset cache: asset.b148c23e523886ec4c31efb1ea788803.png existing asset md5: b148c23e523886ec4c31efb1ea788803 new asset md5:b148c23e523886ec4c31efb1ea788803
 - 
 - (2020-08-27 22:44:33) ASSET: WARNING: dupe asset added to the asset cache: asset.b8d4321e999478b18704391431bfc270.png existing asset md5: b8d4321e999478b18704391431bfc270 new asset md5:b8d4321e999478b18704391431bfc270
 - 
 - (2020-08-27 22:44:33) ASSET: WARNING: dupe asset added to the asset cache: asset.0cd5aec2ffda6bf876a26e712e4af372.png existing asset md5: 0cd5aec2ffda6bf876a26e712e4af372 new asset md5:0cd5aec2ffda6bf876a26e712e4af372
 - 
 - (2020-08-27 22:44:33) ASSET: WARNING: dupe asset added to the asset cache: asset.c2e55c3c2395ba67c84c90756b7bda34.png existing asset md5: c2e55c3c2395ba67c84c90756b7bda34 new asset md5:c2e55c3c2395ba67c84c90756b7bda34
 - 
 - (2020-08-27 22:44:33) ASSET: WARNING: dupe asset added to the asset cache: asset.e97f304c80562ffa178171ec4f17a52c.png existing asset md5: e97f304c80562ffa178171ec4f17a52c new asset md5:e97f304c80562ffa178171ec4f17a52c
 - 
 - (2020-08-27 22:44:33) ASSET: WARNING: dupe asset added to the asset cache: asset.8004571c8533910ae861af8dfdf06aed.png existing asset md5: 8004571c8533910ae861af8dfdf06aed new asset md5:8004571c8533910ae861af8dfdf06aed
 - 
 - (2020-08-27 22:44:33) ASSET: WARNING: dupe asset added to the asset cache: asset.ec58dfcf75f3c668b5cb9d0f199d87a3.png existing asset md5: ec58dfcf75f3c668b5cb9d0f199d87a3 new asset md5:ec58dfcf75f3c668b5cb9d0f199d87a3
 - 
 - (2020-08-27 22:44:33) ASSET: WARNING: dupe asset added to the asset cache: asset.e9900eed490572077bbcb4d1911ff847.png existing asset md5: e9900eed490572077bbcb4d1911ff847 new asset md5:e9900eed490572077bbcb4d1911ff847
 - 
 - (2020-08-27 22:45:52) ASSET: Sending asset asset.c7d3be090506bc0ef93a6cb4889a78a6.png to client Bob Joga
 - (2020-08-27 22:45:52) ASSET: WARNING: dupe asset added to the asset cache: asset.b148c23e523886ec4c31efb1ea788803.png existing asset md5: b148c23e523886ec4c31efb1ea788803 new asset md5:b148c23e523886ec4c31efb1ea788803
 - 
 - (2020-08-27 22:45:52) ASSET: WARNING: dupe asset added to the asset cache: asset.b8d4321e999478b18704391431bfc270.png existing asset md5: b8d4321e999478b18704391431bfc270 new asset md5:b8d4321e999478b18704391431bfc270
 - 
 - (2020-08-27 22:45:52) ASSET: WARNING: dupe asset added to the asset cache: asset.0cd5aec2ffda6bf876a26e712e4af372.png existing asset md5: 0cd5aec2ffda6bf876a26e712e4af372 new asset md5:0cd5aec2ffda6bf876a26e712e4af372
 - 
 - (2020-08-27 22:45:52) ASSET: WARNING: dupe asset added to the asset cache: asset.c2e55c3c2395ba67c84c90756b7bda34.png existing asset md5: c2e55c3c2395ba67c84c90756b7bda34 new asset md5:c2e55c3c2395ba67c84c90756b7bda34
 - 
 - (2020-08-27 22:45:52) ASSET: WARNING: dupe asset added to the asset cache: asset.e97f304c80562ffa178171ec4f17a52c.png existing asset md5: e97f304c80562ffa178171ec4f17a52c new asset md5:e97f304c80562ffa178171ec4f17a52c
 - 
 - (2020-08-27 22:45:52) ASSET: WARNING: dupe asset added to the asset cache: asset.8004571c8533910ae861af8dfdf06aed.png existing asset md5: 8004571c8533910ae861af8dfdf06aed new asset md5:8004571c8533910ae861af8dfdf06aed
 - 
 - (2020-08-27 22:45:52) ASSET: WARNING: dupe asset added to the asset cache: asset.ec58dfcf75f3c668b5cb9d0f199d87a3.png existing asset md5: ec58dfcf75f3c668b5cb9d0f199d87a3 new asset md5:ec58dfcf75f3c668b5cb9d0f199d87a3
 - 
 - (2020-08-27 22:45:52) ASSET: WARNING: dupe asset added to the asset cache: asset.e9900eed490572077bbcb4d1911ff847.png existing asset md5: e9900eed490572077bbcb4d1911ff847 new asset md5:e9900eed490572077bbcb4d1911ff847
 - 
 - (2020-08-27 22:46:04) ASSET: Sending asset asset.0658e74c47d08f5fb846716b23d79495.png to client Bob Joga
 - (2020-08-27 22:48:10) ASSET: WARNING: dupe asset added to the asset cache: asset.b148c23e523886ec4c31efb1ea788803.png existing asset md5: b148c23e523886ec4c31efb1ea788803 new asset md5:b148c23e523886ec4c31efb1ea788803
 - 
 - (2020-08-27 22:48:10) ASSET: WARNING: dupe asset added to the asset cache: asset.b8d4321e999478b18704391431bfc270.png existing asset md5: b8d4321e999478b18704391431bfc270 new asset md5:b8d4321e999478b18704391431bfc270
 - 
 - (2020-08-27 22:48:10) ASSET: WARNING: dupe asset added to the asset cache: asset.0cd5aec2ffda6bf876a26e712e4af372.png existing asset md5: 0cd5aec2ffda6bf876a26e712e4af372 new asset md5:0cd5aec2ffda6bf876a26e712e4af372
 - 
 - (2020-08-27 22:48:10) ASSET: WARNING: dupe asset added to the asset cache: asset.c2e55c3c2395ba67c84c90756b7bda34.png existing asset md5: c2e55c3c2395ba67c84c90756b7bda34 new asset md5:c2e55c3c2395ba67c84c90756b7bda34
 - 
 - (2020-08-27 22:48:10) ASSET: WARNING: dupe asset added to the asset cache: asset.e97f304c80562ffa178171ec4f17a52c.png existing asset md5: e97f304c80562ffa178171ec4f17a52c new asset md5:e97f304c80562ffa178171ec4f17a52c
 - 
 - (2020-08-27 22:48:10) ASSET: WARNING: dupe asset added to the asset cache: asset.8004571c8533910ae861af8dfdf06aed.png existing asset md5: 8004571c8533910ae861af8dfdf06aed new asset md5:8004571c8533910ae861af8dfdf06aed
 - 
 - (2020-08-27 22:48:10) ASSET: WARNING: dupe asset added to the asset cache: asset.ec58dfcf75f3c668b5cb9d0f199d87a3.png existing asset md5: ec58dfcf75f3c668b5cb9d0f199d87a3 new asset md5:ec58dfcf75f3c668b5cb9d0f199d87a3
 - 
 - (2020-08-27 22:48:10) ASSET: WARNING: dupe asset added to the asset cache: asset.e9900eed490572077bbcb4d1911ff847.png existing asset md5: e9900eed490572077bbcb4d1911ff847 new asset md5:e9900eed490572077bbcb4d1911ff847
 - 
 - (2020-08-27 22:48:14) ASSET: WARNING: dupe asset added to the asset cache: asset.b148c23e523886ec4c31efb1ea788803.png existing asset md5: b148c23e523886ec4c31efb1ea788803 new asset md5:b148c23e523886ec4c31efb1ea788803
 - 
 - (2020-08-27 22:48:14) ASSET: WARNING: dupe asset added to the asset cache: asset.b8d4321e999478b18704391431bfc270.png existing asset md5: b8d4321e999478b18704391431bfc270 new asset md5:b8d4321e999478b18704391431bfc270
 - 
 - (2020-08-27 22:48:14) ASSET: WARNING: dupe asset added to the asset cache: asset.0cd5aec2ffda6bf876a26e712e4af372.png existing asset md5: 0cd5aec2ffda6bf876a26e712e4af372 new asset md5:0cd5aec2ffda6bf876a26e712e4af372
 - 
 - (2020-08-27 22:48:14) ASSET: WARNING: dupe asset added to the asset cache: asset.c2e55c3c2395ba67c84c90756b7bda34.png existing asset md5: c2e55c3c2395ba67c84c90756b7bda34 new asset md5:c2e55c3c2395ba67c84c90756b7bda34
 - 
 - (2020-08-27 22:48:14) ASSET: WARNING: dupe asset added to the asset cache: asset.e97f304c80562ffa178171ec4f17a52c.png existing asset md5: e97f304c80562ffa178171ec4f17a52c new asset md5:e97f304c80562ffa178171ec4f17a52c
 - 
 - (2020-08-27 22:48:14) ASSET: WARNING: dupe asset added to the asset cache: asset.8004571c8533910ae861af8dfdf06aed.png existing asset md5: 8004571c8533910ae861af8dfdf06aed new asset md5:8004571c8533910ae861af8dfdf06aed
 - 
 - (2020-08-27 22:48:14) ASSET: WARNING: dupe asset added to the asset cache: asset.ec58dfcf75f3c668b5cb9d0f199d87a3.png existing asset md5: ec58dfcf75f3c668b5cb9d0f199d87a3 new asset md5:ec58dfcf75f3c668b5cb9d0f199d87a3
 - 
 - (2020-08-27 22:48:14) ASSET: WARNING: dupe asset added to the asset cache: asset.e9900eed490572077bbcb4d1911ff847.png existing asset md5: e9900eed490572077bbcb4d1911ff847 new asset md5:e9900eed490572077bbcb4d1911ff847
 - 
 - (2020-08-27 22:48:22) ASSET: WARNING: dupe asset added to the asset cache: asset.b148c23e523886ec4c31efb1ea788803.png existing asset md5: b148c23e523886ec4c31efb1ea788803 new asset md5:b148c23e523886ec4c31efb1ea788803
 - 
 - (2020-08-27 22:48:22) ASSET: WARNING: dupe asset added to the asset cache: asset.b8d4321e999478b18704391431bfc270.png existing asset md5: b8d4321e999478b18704391431bfc270 new asset md5:b8d4321e999478b18704391431bfc270
 - 
 - (2020-08-27 22:48:22) ASSET: WARNING: dupe asset added to the asset cache: asset.0cd5aec2ffda6bf876a26e712e4af372.png existing asset md5: 0cd5aec2ffda6bf876a26e712e4af372 new asset md5:0cd5aec2ffda6bf876a26e712e4af372
 - 
 - (2020-08-27 22:48:22) ASSET: WARNING: dupe asset added to the asset cache: asset.c2e55c3c2395ba67c84c90756b7bda34.png existing asset md5: c2e55c3c2395ba67c84c90756b7bda34 new asset md5:c2e55c3c2395ba67c84c90756b7bda34
 - 
 - (2020-08-27 22:48:22) ASSET: WARNING: dupe asset added to the asset cache: asset.e97f304c80562ffa178171ec4f17a52c.png existing asset md5: e97f304c80562ffa178171ec4f17a52c new asset md5:e97f304c80562ffa178171ec4f17a52c
 - 
 - (2020-08-27 22:48:22) ASSET: WARNING: dupe asset added to the asset cache: asset.8004571c8533910ae861af8dfdf06aed.png existing asset md5: 8004571c8533910ae861af8dfdf06aed new asset md5:8004571c8533910ae861af8dfdf06aed
 - 
 - (2020-08-27 22:48:22) ASSET: WARNING: dupe asset added to the asset cache: asset.ec58dfcf75f3c668b5cb9d0f199d87a3.png existing asset md5: ec58dfcf75f3c668b5cb9d0f199d87a3 new asset md5:ec58dfcf75f3c668b5cb9d0f199d87a3
 - 
 - (2020-08-27 22:48:22) ASSET: WARNING: dupe asset added to the asset cache: asset.e9900eed490572077bbcb4d1911ff847.png existing asset md5: e9900eed490572077bbcb4d1911ff847 new asset md5:e9900eed490572077bbcb4d1911ff847
 - 
 - (2020-08-27 22:48:27) ASSET: WARNING: dupe asset added to the asset cache: asset.b148c23e523886ec4c31efb1ea788803.png existing asset md5: b148c23e523886ec4c31efb1ea788803 new asset md5:b148c23e523886ec4c31efb1ea788803
 - 
 - (2020-08-27 22:48:27) ASSET: WARNING: dupe asset added to the asset cache: asset.b8d4321e999478b18704391431bfc270.png existing asset md5: b8d4321e999478b18704391431bfc270 new asset md5:b8d4321e999478b18704391431bfc270
 - 
 - (2020-08-27 22:48:27) ASSET: WARNING: dupe asset added to the asset cache: asset.0cd5aec2ffda6bf876a26e712e4af372.png existing asset md5: 0cd5aec2ffda6bf876a26e712e4af372 new asset md5:0cd5aec2ffda6bf876a26e712e4af372
 - 
 - (2020-08-27 22:48:27) ASSET: WARNING: dupe asset added to the asset cache: asset.c2e55c3c2395ba67c84c90756b7bda34.png existing asset md5: c2e55c3c2395ba67c84c90756b7bda34 new asset md5:c2e55c3c2395ba67c84c90756b7bda34
 - 
 - (2020-08-27 22:48:27) ASSET: WARNING: dupe asset added to the asset cache: asset.e97f304c80562ffa178171ec4f17a52c.png existing asset md5: e97f304c80562ffa178171ec4f17a52c new asset md5:e97f304c80562ffa178171ec4f17a52c
 - 
 - (2020-08-27 22:48:27) ASSET: WARNING: dupe asset added to the asset cache: asset.8004571c8533910ae861af8dfdf06aed.png existing asset md5: 8004571c8533910ae861af8dfdf06aed new asset md5:8004571c8533910ae861af8dfdf06aed
 - 
 - (2020-08-27 22:48:27) ASSET: WARNING: dupe asset added to the asset cache: asset.ec58dfcf75f3c668b5cb9d0f199d87a3.png existing asset md5: ec58dfcf75f3c668b5cb9d0f199d87a3 new asset md5:ec58dfcf75f3c668b5cb9d0f199d87a3
 - 
 - (2020-08-27 22:48:27) ASSET: WARNING: dupe asset added to the asset cache: asset.e9900eed490572077bbcb4d1911ff847.png existing asset md5: e9900eed490572077bbcb4d1911ff847 new asset md5:e9900eed490572077bbcb4d1911ff847
 - 
 - (2020-08-27 22:48:54) ASSET: WARNING: dupe asset added to the asset cache: asset.b148c23e523886ec4c31efb1ea788803.png existing asset md5: b148c23e523886ec4c31efb1ea788803 new asset md5:b148c23e523886ec4c31efb1ea788803
 - 
 - (2020-08-27 22:48:54) ASSET: WARNING: dupe asset added to the asset cache: asset.b8d4321e999478b18704391431bfc270.png existing asset md5: b8d4321e999478b18704391431bfc270 new asset md5:b8d4321e999478b18704391431bfc270
 - 
 - (2020-08-27 22:48:54) ASSET: WARNING: dupe asset added to the asset cache: asset.0cd5aec2ffda6bf876a26e712e4af372.png existing asset md5: 0cd5aec2ffda6bf876a26e712e4af372 new asset md5:0cd5aec2ffda6bf876a26e712e4af372
 - 
 - (2020-08-27 22:48:54) ASSET: WARNING: dupe asset added to the asset cache: asset.c2e55c3c2395ba67c84c90756b7bda34.png existing asset md5: c2e55c3c2395ba67c84c90756b7bda34 new asset md5:c2e55c3c2395ba67c84c90756b7bda34
 - 
 - (2020-08-27 22:48:54) ASSET: WARNING: dupe asset added to the asset cache: asset.e97f304c80562ffa178171ec4f17a52c.png existing asset md5: e97f304c80562ffa178171ec4f17a52c new asset md5:e97f304c80562ffa178171ec4f17a52c
 - 
 - (2020-08-27 22:48:54) ASSET: WARNING: dupe asset added to the asset cache: asset.8004571c8533910ae861af8dfdf06aed.png existing asset md5: 8004571c8533910ae861af8dfdf06aed new asset md5:8004571c8533910ae861af8dfdf06aed
 - 
 - (2020-08-27 22:48:54) ASSET: WARNING: dupe asset added to the asset cache: asset.ec58dfcf75f3c668b5cb9d0f199d87a3.png existing asset md5: ec58dfcf75f3c668b5cb9d0f199d87a3 new asset md5:ec58dfcf75f3c668b5cb9d0f199d87a3
 - 
 - (2020-08-27 22:48:54) ASSET: WARNING: dupe asset added to the asset cache: asset.e9900eed490572077bbcb4d1911ff847.png existing asset md5: e9900eed490572077bbcb4d1911ff847 new asset md5:e9900eed490572077bbcb4d1911ff847
 - 
 - (2020-08-27 22:48:59) ASSET: WARNING: dupe asset added to the asset cache: asset.b148c23e523886ec4c31efb1ea788803.png existing asset md5: b148c23e523886ec4c31efb1ea788803 new asset md5:b148c23e523886ec4c31efb1ea788803
 - 
 - (2020-08-27 22:48:59) ASSET: WARNING: dupe asset added to the asset cache: asset.b8d4321e999478b18704391431bfc270.png existing asset md5: b8d4321e999478b18704391431bfc270 new asset md5:b8d4321e999478b18704391431bfc270
 - 
 - (2020-08-27 22:48:59) ASSET: WARNING: dupe asset added to the asset cache: asset.0cd5aec2ffda6bf876a26e712e4af372.png existing asset md5: 0cd5aec2ffda6bf876a26e712e4af372 new asset md5:0cd5aec2ffda6bf876a26e712e4af372
 - 
 - (2020-08-27 22:48:59) ASSET: WARNING: dupe asset added to the asset cache: asset.c2e55c3c2395ba67c84c90756b7bda34.png existing asset md5: c2e55c3c2395ba67c84c90756b7bda34 new asset md5:c2e55c3c2395ba67c84c90756b7bda34
 - 
 - (2020-08-27 22:48:59) ASSET: WARNING: dupe asset added to the asset cache: asset.e97f304c80562ffa178171ec4f17a52c.png existing asset md5: e97f304c80562ffa178171ec4f17a52c new asset md5:e97f304c80562ffa178171ec4f17a52c
 - 
 - (2020-08-27 22:48:59) ASSET: WARNING: dupe asset added to the asset cache: asset.8004571c8533910ae861af8dfdf06aed.png existing asset md5: 8004571c8533910ae861af8dfdf06aed new asset md5:8004571c8533910ae861af8dfdf06aed
 - 
 - (2020-08-27 22:48:59) ASSET: WARNING: dupe asset added to the asset cache: asset.ec58dfcf75f3c668b5cb9d0f199d87a3.png existing asset md5: ec58dfcf75f3c668b5cb9d0f199d87a3 new asset md5:ec58dfcf75f3c668b5cb9d0f199d87a3
 - 
 - (2020-08-27 22:48:59) ASSET: WARNING: dupe asset added to the asset cache: asset.e9900eed490572077bbcb4d1911ff847.png existing asset md5: e9900eed490572077bbcb4d1911ff847 new asset md5:e9900eed490572077bbcb4d1911ff847
 - 
 - (2020-08-27 22:49:03) ASSET: WARNING: dupe asset added to the asset cache: asset.b148c23e523886ec4c31efb1ea788803.png existing asset md5: b148c23e523886ec4c31efb1ea788803 new asset md5:b148c23e523886ec4c31efb1ea788803
 - 
 - (2020-08-27 22:49:03) ASSET: WARNING: dupe asset added to the asset cache: asset.b8d4321e999478b18704391431bfc270.png existing asset md5: b8d4321e999478b18704391431bfc270 new asset md5:b8d4321e999478b18704391431bfc270
 - 
 - (2020-08-27 22:49:03) ASSET: WARNING: dupe asset added to the asset cache: asset.0cd5aec2ffda6bf876a26e712e4af372.png existing asset md5: 0cd5aec2ffda6bf876a26e712e4af372 new asset md5:0cd5aec2ffda6bf876a26e712e4af372
 - 
 - (2020-08-27 22:49:03) ASSET: WARNING: dupe asset added to the asset cache: asset.c2e55c3c2395ba67c84c90756b7bda34.png existing asset md5: c2e55c3c2395ba67c84c90756b7bda34 new asset md5:c2e55c3c2395ba67c84c90756b7bda34
 - 
 - (2020-08-27 22:49:03) ASSET: WARNING: dupe asset added to the asset cache: asset.e97f304c80562ffa178171ec4f17a52c.png existing asset md5: e97f304c80562ffa178171ec4f17a52c new asset md5:e97f304c80562ffa178171ec4f17a52c
 - 
 - (2020-08-27 22:49:03) ASSET: WARNING: dupe asset added to the asset cache: asset.8004571c8533910ae861af8dfdf06aed.png existing asset md5: 8004571c8533910ae861af8dfdf06aed new asset md5:8004571c8533910ae861af8dfdf06aed
 - 
 - (2020-08-27 22:49:03) ASSET: WARNING: dupe asset added to the asset cache: asset.ec58dfcf75f3c668b5cb9d0f199d87a3.png existing asset md5: ec58dfcf75f3c668b5cb9d0f199d87a3 new asset md5:ec58dfcf75f3c668b5cb9d0f199d87a3
 - 
 - (2020-08-27 22:49:03) ASSET: WARNING: dupe asset added to the asset cache: asset.e9900eed490572077bbcb4d1911ff847.png existing asset md5: e9900eed490572077bbcb4d1911ff847 new asset md5:e9900eed490572077bbcb4d1911ff847
 - 
 - (2020-08-27 22:50:46) ASSET: WARNING: dupe asset added to the asset cache: asset.b148c23e523886ec4c31efb1ea788803.png existing asset md5: b148c23e523886ec4c31efb1ea788803 new asset md5:b148c23e523886ec4c31efb1ea788803
 - 
 - (2020-08-27 22:50:46) ASSET: WARNING: dupe asset added to the asset cache: asset.b8d4321e999478b18704391431bfc270.png existing asset md5: b8d4321e999478b18704391431bfc270 new asset md5:b8d4321e999478b18704391431bfc270
 - 
 - (2020-08-27 22:50:46) ASSET: WARNING: dupe asset added to the asset cache: asset.0cd5aec2ffda6bf876a26e712e4af372.png existing asset md5: 0cd5aec2ffda6bf876a26e712e4af372 new asset md5:0cd5aec2ffda6bf876a26e712e4af372
 - 
 - (2020-08-27 22:50:46) ASSET: WARNING: dupe asset added to the asset cache: asset.c2e55c3c2395ba67c84c90756b7bda34.png existing asset md5: c2e55c3c2395ba67c84c90756b7bda34 new asset md5:c2e55c3c2395ba67c84c90756b7bda34
 - 
 - (2020-08-27 22:50:46) ASSET: WARNING: dupe asset added to the asset cache: asset.e97f304c80562ffa178171ec4f17a52c.png existing asset md5: e97f304c80562ffa178171ec4f17a52c new asset md5:e97f304c80562ffa178171ec4f17a52c
 - 
 - (2020-08-27 22:50:46) ASSET: WARNING: dupe asset added to the asset cache: asset.8004571c8533910ae861af8dfdf06aed.png existing asset md5: 8004571c8533910ae861af8dfdf06aed new asset md5:8004571c8533910ae861af8dfdf06aed
 - 
 - (2020-08-27 22:50:46) ASSET: WARNING: dupe asset added to the asset cache: asset.ec58dfcf75f3c668b5cb9d0f199d87a3.png existing asset md5: ec58dfcf75f3c668b5cb9d0f199d87a3 new asset md5:ec58dfcf75f3c668b5cb9d0f199d87a3
 - 
 - (2020-08-27 22:50:46) ASSET: WARNING: dupe asset added to the asset cache: asset.e9900eed490572077bbcb4d1911ff847.png existing asset md5: e9900eed490572077bbcb4d1911ff847 new asset md5:e9900eed490572077bbcb4d1911ff847
 - 
 - (2020-08-27 22:50:50) ASSET: WARNING: dupe asset added to the asset cache: asset.b148c23e523886ec4c31efb1ea788803.png existing asset md5: b148c23e523886ec4c31efb1ea788803 new asset md5:b148c23e523886ec4c31efb1ea788803
 - 
 - (2020-08-27 22:50:50) ASSET: WARNING: dupe asset added to the asset cache: asset.b8d4321e999478b18704391431bfc270.png existing asset md5: b8d4321e999478b18704391431bfc270 new asset md5:b8d4321e999478b18704391431bfc270
 - 
 - (2020-08-27 22:50:50) ASSET: WARNING: dupe asset added to the asset cache: asset.0cd5aec2ffda6bf876a26e712e4af372.png existing asset md5: 0cd5aec2ffda6bf876a26e712e4af372 new asset md5:0cd5aec2ffda6bf876a26e712e4af372
 - 
 - (2020-08-27 22:50:50) ASSET: WARNING: dupe asset added to the asset cache: asset.c2e55c3c2395ba67c84c90756b7bda34.png existing asset md5: c2e55c3c2395ba67c84c90756b7bda34 new asset md5:c2e55c3c2395ba67c84c90756b7bda34
 - 
 - (2020-08-27 22:50:50) ASSET: WARNING: dupe asset added to the asset cache: asset.e97f304c80562ffa178171ec4f17a52c.png existing asset md5: e97f304c80562ffa178171ec4f17a52c new asset md5:e97f304c80562ffa178171ec4f17a52c
 - 
 - (2020-08-27 22:50:50) ASSET: WARNING: dupe asset added to the asset cache: asset.8004571c8533910ae861af8dfdf06aed.png existing asset md5: 8004571c8533910ae861af8dfdf06aed new asset md5:8004571c8533910ae861af8dfdf06aed
 - 
 - (2020-08-27 22:50:50) ASSET: WARNING: dupe asset added to the asset cache: asset.ec58dfcf75f3c668b5cb9d0f199d87a3.png existing asset md5: ec58dfcf75f3c668b5cb9d0f199d87a3 new asset md5:ec58dfcf75f3c668b5cb9d0f199d87a3
 - 
 - (2020-08-27 22:50:50) ASSET: WARNING: dupe asset added to the asset cache: asset.e9900eed490572077bbcb4d1911ff847.png existing asset md5: e9900eed490572077bbcb4d1911ff847 new asset md5:e9900eed490572077bbcb4d1911ff847
 - 
 - (2020-08-27 22:51:04) ASSET: WARNING: dupe asset added to the asset cache: asset.0658e74c47d08f5fb846716b23d79495.png existing asset md5: 0658e74c47d08f5fb846716b23d79495 new asset md5:0658e74c47d08f5fb846716b23d79495
 - 
[2020-08-28 02:01:05.895] Logs from logging subsystem:
 - (2020-08-27 22:51:06) ASSET: WARNING: dupe asset added to the asset cache: asset.b148c23e523886ec4c31efb1ea788803.png existing asset md5: b148c23e523886ec4c31efb1ea788803 new asset md5:b148c23e523886ec4c31efb1ea788803
 - 
 - (2020-08-27 22:51:06) ASSET: WARNING: dupe asset added to the asset cache: asset.b8d4321e999478b18704391431bfc270.png existing asset md5: b8d4321e999478b18704391431bfc270 new asset md5:b8d4321e999478b18704391431bfc270
 - 
 - (2020-08-27 22:51:06) ASSET: WARNING: dupe asset added to the asset cache: asset.0cd5aec2ffda6bf876a26e712e4af372.png existing asset md5: 0cd5aec2ffda6bf876a26e712e4af372 new asset md5:0cd5aec2ffda6bf876a26e712e4af372
 - 
 - (2020-08-27 22:51:06) ASSET: WARNING: dupe asset added to the asset cache: asset.c2e55c3c2395ba67c84c90756b7bda34.png existing asset md5: c2e55c3c2395ba67c84c90756b7bda34 new asset md5:c2e55c3c2395ba67c84c90756b7bda34
 - 
 - (2020-08-27 22:51:06) ASSET: WARNING: dupe asset added to the asset cache: asset.e97f304c80562ffa178171ec4f17a52c.png existing asset md5: e97f304c80562ffa178171ec4f17a52c new asset md5:e97f304c80562ffa178171ec4f17a52c
 - 
 - (2020-08-27 22:51:06) ASSET: WARNING: dupe asset added to the asset cache: asset.8004571c8533910ae861af8dfdf06aed.png existing asset md5: 8004571c8533910ae861af8dfdf06aed new asset md5:8004571c8533910ae861af8dfdf06aed
 - 
 - (2020-08-27 22:51:06) ASSET: WARNING: dupe asset added to the asset cache: asset.ec58dfcf75f3c668b5cb9d0f199d87a3.png existing asset md5: ec58dfcf75f3c668b5cb9d0f199d87a3 new asset md5:ec58dfcf75f3c668b5cb9d0f199d87a3
 - 
 - (2020-08-27 22:51:06) ASSET: WARNING: dupe asset added to the asset cache: asset.e9900eed490572077bbcb4d1911ff847.png existing asset md5: e9900eed490572077bbcb4d1911ff847 new asset md5:e9900eed490572077bbcb4d1911ff847
 - 
 - (2020-08-27 22:56:04) ASSET: WARNING: dupe asset added to the asset cache: asset.0658e74c47d08f5fb846716b23d79495.png existing asset md5: 0658e74c47d08f5fb846716b23d79495 new asset md5:0658e74c47d08f5fb846716b23d79495
 - 
 - (2020-08-27 23:01:04) ASSET: WARNING: dupe asset added to the asset cache: asset.0658e74c47d08f5fb846716b23d79495.png existing asset md5: 0658e74c47d08f5fb846716b23d79495 new asset md5:0658e74c47d08f5fb846716b23d79495
 - 
[2020-08-28 02:11:06.149] Logs from logging subsystem:
 - (2020-08-27 23:06:04) ASSET: WARNING: dupe asset added to the asset cache: asset.0658e74c47d08f5fb846716b23d79495.png existing asset md5: 0658e74c47d08f5fb846716b23d79495 new asset md5:0658e74c47d08f5fb846716b23d79495
 - 
 - (2020-08-27 23:11:04) ASSET: WARNING: dupe asset added to the asset cache: asset.0658e74c47d08f5fb846716b23d79495.png existing asset md5: 0658e74c47d08f5fb846716b23d79495 new asset md5:0658e74c47d08f5fb846716b23d79495
 - 
