[2020-08-28 01:39:44.445] Starting up round ID .
 - -------------------------
[2020-08-28 01:51:05.458] Logs from logging subsystem:
 - (2020-08-27 22:41:34) ATTACK: Bob Joga/(Cockmistress) has attacked Bob Joga/(Cockmistress) with survival knife[DC] (INTENT: HELP) (DAMTYPE: BRUTE) (NEWHP: 100)  (Port Primary Hallway (90, 141, 2))
 - (2020-08-27 22:41:35) ATTACK: Bob Joga/(Cockmistress) has attacked Bob Joga/(Cockmistress) with survival knife[DC] (INTENT: HELP) (DAMTYPE: BRUTE) (NEWHP: 100)  (Port Primary Hallway (90, 141, 2))
 - (2020-08-27 22:41:36) ATTACK: Bob Joga/(Cockmistress) has suffered: Rough Abrasion to left arm | Damage: 15(rolled 17/44.3127) | WB: -5 | BWB: 10 (Port Primary Hallway (89, 141, 2))
 - (2020-08-27 22:41:36) ATTACK: Bob Joga/(Cockmistress) has attacked Bob Joga/(Cockmistress) with survival knife[DC] (INTENT: HELP) (DAMTYPE: BRUTE) (NEWHP: 100)  (Port Primary Hallway (89, 141, 2))
 - (2020-08-27 22:41:37) ATTACK: Bob Joga/(Cockmistress) has attacked Bob Joga/(Cockmistress) with survival knife[DC] (INTENT: HELP) (DAMTYPE: BRUTE) (NEWHP: 100)  (Port Primary Hallway (84, 141, 2))
 - (2020-08-27 22:41:39) ATTACK: Bob Joga/(Cockmistress) has attacked Bob Joga/(Cockmistress) with survival knife[DC] (INTENT: HELP) (DAMTYPE: BRUTE) (NEWHP: 100)  (Port Primary Hallway (77, 141, 2))
 - (2020-08-27 22:42:14) ATTACK: Bob Joga/(Cockmistress) has attacked Bob Joga/(Cockmistress) with survival knife[DC] (INTENT: HELP) (DAMTYPE: BRUTE) (NEWHP: 100)  (Locker Room (76, 131, 2))
 - (2020-08-27 22:42:16) ATTACK: Bob Joga/(Cockmistress) has attacked Bob Joga/(Cockmistress) with survival knife[DC] (INTENT: HELP) (DAMTYPE: BRUTE) (NEWHP: 100)  (Locker Room (76, 131, 2))
 - (2020-08-27 22:43:05) ATTACK: *no key*/(Freckle) has suffered: Second Degree Burns to right foot | Damage: 10.8(rolled 26/27.9765) (Unexplored Location (118, 108, 8))
 - (2020-08-27 22:43:11) ATTACK: *no key*/(Freckle) has suffered: Second Degree Burns to left foot | Damage: 10.8(rolled 26/27.9765) (Unexplored Location (118, 108, 8))
 - (2020-08-27 22:43:17) ATTACK: *no key*/(Scootaloo) has suffered: Second Degree Burns to right arm | Damage: 10.8(rolled 27/27.9765) (Unexplored Location (121, 107, 8))
 - (2020-08-27 22:43:19) ATTACK: *no key*/(Dazzle) has suffered: Second Degree Burns to left foot | Damage: 10.8(rolled 27/27.9765) (Unexplored Location (119, 110, 8))
 - (2020-08-27 22:43:28) ATTACK: Bob Joga/(Cockmistress) has attacked Bob Joga/(Cockmistress) with survival knife[DC] (INTENT: HELP) (DAMTYPE: BRUTE) (NEWHP: 100)  (Port Primary Hallway (74, 142, 2))
 - (2020-08-27 22:43:30) ATTACK: Bob Joga/(Cockmistress) has attacked Bob Joga/(Cockmistress) with survival knife[DC] (INTENT: HELP) (DAMTYPE: BRUTE) (NEWHP: 100)  (Port Primary Hallway (71, 142, 2))
 - (2020-08-27 22:43:43) ATTACK: *no key*/(Dazzle) has suffered: Second Degree Burns to chest | Damage: 10.8(rolled 26/27.9765) (Unexplored Location (119, 110, 8))
 - (2020-08-27 22:43:49) ATTACK: *no key*/(Dazzle) has suffered: Hairline Fracture to chest | Damage: 8.8(rolled 20/21.0027) (Unexplored Location (119, 110, 8))
 - (2020-08-27 22:43:57) ATTACK: *no key*/(Dazzle) has suffered: Hip Dislocation to groin | Damage: 9(rolled 21/21.674) (Unexplored Location (119, 110, 8))
 - (2020-08-27 22:44:03) ATTACK: *no key*/(Scootaloo) has suffered: Second Degree Burns to right leg | Damage: 10.8(rolled 26/27.9765) (Unexplored Location (121, 107, 8))
 - (2020-08-27 22:44:07) ATTACK: *no key*/(Karima Venter) has suffered: Second Degree Burns to right foot | Damage: 10.8(rolled 26/27.9765) (Space (137, 115, 7))
 - (2020-08-27 22:44:13) ATTACK: *no key*/(Freckle) has suffered: Second Degree Burns to left hand | Damage: 10.8(rolled 27/27.9765) (Unexplored Location (118, 108, 8))
 - (2020-08-27 22:44:27) ATTACK: *no key*/(Karima Venter) has suffered: Second Degree Burns to right hand | Damage: 10.8(rolled 27/27.9765) (Space (137, 115, 7))
 - (2020-08-27 22:44:35) ATTACK: *no key*/(Dazzle) has suffered: Second Degree Burns to right hand | Damage: 10.8(rolled 26/27.9765) (Unexplored Location (119, 110, 8))
 - (2020-08-27 22:45:03) ATTACK: *no key*/(Dazzle) has suffered: Second Degree Burns to right arm | Damage: 10.8(rolled 26/27.9765) (Unexplored Location (119, 110, 8))
 - (2020-08-27 22:45:13) ATTACK: *no key*/(Karima Venter) has suffered: Rib Dislocation to chest | Damage: 9(rolled 21/21.674) (Space (137, 115, 7))
 - (2020-08-27 22:45:23) ATTACK: *no key*/(Freckle) has suffered: Hip Dislocation to groin | Damage: 9(rolled 21/21.674) (Unexplored Location (118, 108, 8))
 - (2020-08-27 22:45:33) ATTACK: *no key*/(Freckle) has suffered: Second Degree Burns to left arm | Damage: 10.8(rolled 26/27.9765) (Unexplored Location (118, 108, 8))
 - (2020-08-27 22:45:41) ATTACK: *no key*/(Freckle) has suffered: Second Degree Burns to groin | Damage: 10.8(rolled 16/27.9765) (Unexplored Location (118, 108, 8))
 - (2020-08-27 22:45:43) ATTACK: *no key*/(Freckle) has suffered: Hairline Fracture to groin | Damage: 9.9(rolled 15/24.7679) (Unexplored Location (118, 108, 8))
 - (2020-08-27 22:45:45) ATTACK: Bob Joga/(Cockmistress) has suffered: Rough Abrasion to chest | Damage: 15(rolled 31/44.3127) (Port Primary Hallway (70, 142, 2))
 - (2020-08-27 22:45:45) ATTACK: Bob Joga/(Cockmistress) has attacked Bob Joga/(Cockmistress) with survival knife[DC] (INTENT: HELP) (DAMTYPE: BRUTE) (NEWHP: 100)  (Port Primary Hallway (70, 142, 2))
 - (2020-08-27 22:45:47) ATTACK: *no key*/(Dazzle) has suffered: Third Degree Burns to chest | Damage: 10.8(rolled 26/27.9765) (Unexplored Location (119, 110, 8))
 - (2020-08-27 22:45:49) ATTACK: Bob Joga/(Cockmistress) has suffered: Rough Abrasion to head | Damage: 15(rolled 31/44.3127) | WB: -5 | BWB: 10 (Port Primary Hallway (70, 142, 2))
 - (2020-08-27 22:45:49) ATTACK: Bob Joga/(Cockmistress) has attacked Bob Joga/(Cockmistress) with survival knife[DC] (INTENT: HELP) (DAMTYPE: BRUTE) (NEWHP: 100)  (Port Primary Hallway (70, 142, 2))
 - (2020-08-27 22:45:57) ATTACK: *no key*/(Dazzle) has suffered: Second Degree Burns to groin | Damage: 10.8(rolled 12/27.9765) (Unexplored Location (119, 110, 8))
 - (2020-08-27 22:45:59) ATTACK: *no key*/(Freckle) has suffered: Third Degree Burns to groin | Damage: 10.8(rolled 6/27.9765) (Unexplored Location (118, 108, 8))
 - (2020-08-27 22:46:03) ATTACK: *no key*/(Karima Venter) has suffered: Second Degree Burns to chest | Damage: 10.8(rolled 15/27.9765) (Space (137, 115, 7))
 - (2020-08-27 22:46:03) ATTACK: *no key*/(Karima Venter) has suffered: Hairline Fracture to chest | Damage: 9.9(rolled 19/24.7679) (Space (137, 115, 7))
 - (2020-08-27 22:46:41) ATTACK: *no key*/(Dazzle) has suffered: Second Degree Burns to left arm | Damage: 10.8(rolled 26/27.9765) (Unexplored Location (119, 110, 8))
 - (2020-08-27 22:46:59) ATTACK: *no key*/(Dazzle) has suffered: Hairline Fracture to groin | Damage: 9.9(rolled 11/24.7679) (Unexplored Location (119, 110, 8))
 - (2020-08-27 22:47:05) ATTACK: *no key*/(Dazzle) has suffered: Second Degree Burns to right foot | Damage: 10.8(rolled 27/27.9765) (Unexplored Location (119, 110, 8))
 - (2020-08-27 22:47:07) ATTACK: *no key*/(Karima Venter) has suffered: Third Degree Burns to chest | Damage: 10.8(rolled 22/27.9765) (Space (137, 115, 7))
 - (2020-08-27 22:47:13) ATTACK: *no key*/(Dazzle) has suffered: Third Degree Burns to groin | Damage: 10.8(rolled 12/27.9765) (Unexplored Location (119, 110, 8))
 - (2020-08-27 22:47:27) ATTACK: *no key*/(Freckle) has suffered: Second Degree Burns to right arm | Damage: 10.8(rolled 27/27.9765) (Unexplored Location (118, 108, 8))
 - (2020-08-27 22:47:55) ATTACK: *no key*/(Karima Venter) has suffered: Second Degree Burns to groin | Damage: 10.8(rolled 26/27.9765) (Space (137, 115, 7))
 - (2020-08-27 22:48:06) ATTACK: Bob Joga/(Cockmistress) has suffered: Rough Abrasion to head | Damage: 15(rolled 18/44.3127) | WB: -5 | BWB: 10 (Port Primary Hallway (78, 142, 2))
 - (2020-08-27 22:48:06) ATTACK: Bob Joga/(Cockmistress) has attacked Bob Joga/(Cockmistress) with survival knife[DC] (INTENT: HELP) (DAMTYPE: BRUTE) (NEWHP: 100)  (Port Primary Hallway (78, 142, 2))
 - (2020-08-27 22:48:17) ATTACK: *no key*/(Freckle) has suffered: Rib Dislocation to chest | Damage: 9(rolled 21/21.674) (Unexplored Location (118, 108, 8))
 - (2020-08-27 22:48:21) ATTACK: *no key*/(Freckle) has suffered: Second Degree Burns to chest | Damage: 10.8(rolled 20/27.9765) (Unexplored Location (118, 108, 8))
 - (2020-08-27 22:48:21) ATTACK: *no key*/(Freckle) has suffered: Hairline Fracture to chest | Damage: 5.5(rolled 1/10.877) (Unexplored Location (118, 108, 8))
 - (2020-08-27 22:48:29) ATTACK: *no key*/(Karima Venter) has suffered: Second Degree Burns to right leg | Damage: 10.8(rolled 27/27.9765) (Space (137, 115, 7))
 - (2020-08-27 22:48:31) ATTACK: *no key*/(Karima Venter) has suffered: Hip Dislocation to groin | Damage: 9.9(rolled 1/24.7679) (Space (137, 115, 7))
 - (2020-08-27 22:48:49) ATTACK: *no key*/(Karima Venter) has suffered: Hairline Fracture to groin | Damage: 8.8(rolled 5/21.0027) (Space (137, 115, 7))
 - (2020-08-27 22:49:01) ATTACK: *no key*/(Dazzle) has suffered: Second Degree Burns to right leg | Damage: 10.8(rolled 27/27.9765) (Unexplored Location (119, 110, 8))
 - (2020-08-27 22:49:21) ATTACK: *no key*/(Freckle) has suffered: Third Degree Burns to chest | Damage: 10.8(rolled 21/27.9765) (Unexplored Location (118, 108, 8))
 - (2020-08-27 22:49:33) ATTACK: *no key*/(Dazzle) has suffered: Compound Fracture to chest | Damage: 12(rolled 32/32.423) (Unexplored Location (119, 110, 8))
 - (2020-08-27 22:50:07) ATTACK: *no key*/(Scootaloo) has suffered: Second Degree Burns to groin | Damage: 10.8(rolled 26/27.9765) (Unexplored Location (121, 107, 8))
 - (2020-08-27 22:50:35) ATTACK: *no key*/(Scootaloo) has suffered: Hip Dislocation to groin | Damage: 8.8(rolled 8/21.0027) (Unexplored Location (121, 107, 8))
 - (2020-08-27 22:50:35) ATTACK: *no key*/(Dazzle) has suffered: Second Degree Burns to left hand | Damage: 10.8(rolled 27/27.9765) (Unexplored Location (119, 110, 8))
 - (2020-08-27 22:50:41) ATTACK: *no key*/(Scootaloo) has suffered: Hairline Fracture to groin | Damage: 8.8(rolled 19/21.0027) (Unexplored Location (121, 107, 8))
 - (2020-08-27 22:50:43) ATTACK: *no key*/(Scootaloo) has suffered: Third Degree Burns to groin | Damage: 10.8(rolled 27/27.9765) (Unexplored Location (121, 107, 8))
 - (2020-08-27 22:51:04) ATTACK: *no key*/(Dazzle) has suffered: Disembowelment (Unexplored Location (119, 110, 8))
[2020-08-28 02:01:05.894] Logs from logging subsystem:
 - (2020-08-27 22:51:27) ATTACK: *no key*/(Dazzle) has suffered: Catastrophic Burns to chest | Damage: 10.8(rolled 8/27.9765) (Unexplored Location (119, 110, 8))
 - (2020-08-27 22:51:31) ATTACK: *no key*/(Karima Venter) has suffered: Third Degree Burns to groin | Damage: 10.8(rolled 7/27.9765) (Space (137, 115, 7))
 - (2020-08-27 22:52:06) ATTACK: *no key*/(Freckle) has suffered: Second Degree Burns to right leg | Damage: 10.8(rolled 27/27.9765) (Unexplored Location (118, 108, 8))
 - (2020-08-27 22:52:28) ATTACK: *no key*/(Scootaloo) has suffered: Second Degree Burns to right hand | Damage: 10.8(rolled 26/27.9765) (Unexplored Location (121, 107, 8))
 - (2020-08-27 22:55:36) ATTACK: *no key*/(Karima Venter) has suffered: Second Degree Burns to left arm | Damage: 10.8(rolled 27/27.9765) (Space (137, 115, 7))
 - (2020-08-27 22:55:40) ATTACK: *no key*/(Freckle) has suffered: Second Degree Burns to left leg | Damage: 10.8(rolled 26/27.9765) (Unexplored Location (118, 108, 8))
 - (2020-08-27 22:55:42) ATTACK: *no key*/(Karima Venter) has suffered: Second Degree Burns to left foot | Damage: 10.8(rolled 27/27.9765) (Space (137, 115, 7))
 - (2020-08-27 22:57:04) ATTACK: *no key*/(coder monkey (774)) attacked himself to a Muscle Spasm (Space (101, 126, 4))
 - (2020-08-27 22:57:31) ATTACK: *no key*/(coder monkey (774)) attacked himself to a Muscle Spasm (Space (101, 72, 4))
 - (2020-08-27 22:57:38) ATTACK: *no key*/(Dazzle) has suffered: Second Degree Burns to left leg | Damage: 10.8(rolled 26/27.9765) (Unexplored Location (119, 110, 8))
 - (2020-08-27 22:57:40) ATTACK: *no key*/(Freckle) has suffered: Second Degree Burns to right hand | Damage: 10.8(rolled 27/27.9765) (Unexplored Location (118, 108, 8))
 - (2020-08-27 22:57:40) ATTACK: *no key*/(coder monkey (774)) attacked himself to a Muscle Spasm (Space (101, 53, 4))
 - (2020-08-27 22:57:54) ATTACK: *no key*/(Scootaloo) has suffered: Second Degree Burns to left arm | Damage: 10.8(rolled 27/27.9765) (Unexplored Location (121, 107, 8))
 - (2020-08-27 22:58:19) ATTACK: *no key*/(coder monkey (774)) attacked himself to a Muscle Spasm (Space (101, 215, 7))
 - (2020-08-27 22:59:26) ATTACK: *no key*/(Scootaloo) has suffered: Second Degree Burns to left foot | Damage: 10.8(rolled 27/27.9765) (Unexplored Location (121, 107, 8))
 - (2020-08-27 23:00:02) ATTACK: *no key*/(Karima Venter) has suffered: Second Degree Burns to left leg | Damage: 10.8(rolled 26/27.9765) (Space (137, 115, 7))
 - (2020-08-27 23:00:22) ATTACK: *no key*/(Freckle) has suffered: Compound Fracture to chest | Damage: 12(rolled 32/32.423) (Unexplored Location (118, 108, 8))
 - (2020-08-27 23:00:26) ATTACK: *no key*/(Freckle) has suffered: Disembowelment (Unexplored Location (118, 108, 8))
 - (2020-08-27 23:00:34) ATTACK: *no key*/(Freckle) has suffered: Catastrophic Burns to chest | Damage: 10.8(rolled 19/27.9765) (Unexplored Location (118, 108, 8))
 - (2020-08-27 23:00:39) ATTACK: *no key*/(coder monkey (774)) attacked himself to a Muscle Spasm (Space (101, 217, 2))
 - (2020-08-27 23:00:52) ATTACK: *no key*/(coder monkey (774)) attacked himself to a Muscle Spasm (Space (101, 217, 2))
[2020-08-28 02:11:06.149] Logs from logging subsystem:
 - (2020-08-27 23:01:14) ATTACK: *no key*/(coder monkey (774)) attacked himself to a Muscle Spasm (Space (101, 217, 2))
 - (2020-08-27 23:01:28) ATTACK: *no key*/(Scootaloo) has suffered: Second Degree Burns to left hand | Damage: 10.8(rolled 26/27.9765) (Unexplored Location (121, 107, 8))
 - (2020-08-27 23:02:05) ATTACK: *no key*/(coder monkey (774)) attacked himself to a Muscle Spasm (Space (101, 217, 2))
 - (2020-08-27 23:02:52) ATTACK: *no key*/(Karima Venter) has suffered: Second Degree Burns to right arm | Damage: 10.8(rolled 26/27.9765) (Space (137, 115, 7))
 - (2020-08-27 23:03:31) ATTACK: *no key*/(coder monkey (774)) attacked himself to a Muscle Spasm (Space (101, 217, 2))
 - (2020-08-27 23:04:14) ATTACK: *no key*/(coder monkey (774)) attacked himself to a Muscle Spasm (Space (101, 217, 2))
 - (2020-08-27 23:04:43) ATTACK: *no key*/(coder monkey (774)) attacked himself to a Muscle Spasm (Space (101, 217, 2))
 - (2020-08-27 23:06:00) ATTACK: *no key*/(coder monkey (774)) attacked himself to a Muscle Spasm (Space (101, 217, 2))
 - (2020-08-27 23:06:48) ATTACK: *no key*/(coder monkey (774)) attacked himself to a Muscle Spasm (Space (101, 217, 2))
 - (2020-08-27 23:07:29) ATTACK: *no key*/(coder monkey (774)) attacked himself to a Muscle Spasm (Space (101, 217, 2))
 - (2020-08-27 23:08:31) ATTACK: *no key*/(coder monkey (774)) attacked himself to a Muscle Spasm (Space (101, 217, 2))
 - (2020-08-27 23:08:38) ATTACK: *no key*/(Scootaloo) has suffered: Second Degree Burns to right foot | Damage: 10.8(rolled 26/27.9765) (Unexplored Location (121, 107, 8))
 - (2020-08-27 23:09:15) ATTACK: *no key*/(coder monkey (774)) attacked himself to a Muscle Spasm (Space (101, 217, 2))
 - (2020-08-27 23:09:37) ATTACK: *no key*/(coder monkey (774)) attacked himself to a Muscle Spasm (Space (101, 217, 2))
 - (2020-08-27 23:10:50) ATTACK: *no key*/(coder monkey (774)) attacked himself to a Muscle Spasm (Space (101, 217, 2))
