[2020-08-28 01:39:44.450] Starting up round ID .
 - -------------------------
[2020-08-28 01:39:45.413] INIT: Initialized Profiler subsystem within 0 seconds!
[2020-08-28 01:39:45.563] Fail2Topic: Failed to drop firewall rule. Exit code: 1.
[2020-08-28 01:39:45.563] INIT: Initialized Fail2Topic subsystem within 0.1 seconds!
[2020-08-28 01:39:45.564] INIT: Initialized Title Screen subsystem within 0 seconds!
[2020-08-28 01:39:45.565] INIT: Initialized Database subsystem within 0 seconds!
[2020-08-28 01:39:45.565] INIT: Initialized Blackbox subsystem within 0 seconds!
[2020-08-28 01:39:45.565] INIT: Initialized Server Tasks subsystem within 0 seconds!
[2020-08-28 01:39:45.568] INIT: Initialized Input subsystem within 0 seconds!
[2020-08-28 01:39:45.570] INIT: Initialized Sounds subsystem within 0 seconds!
[2020-08-28 01:39:45.570] INIT: Initialized Vis contents overlays subsystem within 0 seconds!
[2020-08-28 01:39:45.638] INIT: Initialized Research subsystem within 0.1 seconds!
[2020-08-28 01:39:45.643] INIT: Initialized Events subsystem within 0 seconds!
[2020-08-28 01:39:45.648] INIT: Initialized Jobs subsystem within 0 seconds!
[2020-08-28 01:39:45.652] INIT: Initialized Quirks subsystem within 0 seconds!
[2020-08-28 01:39:45.661] INIT: Initialized Ticker subsystem within 0 seconds!
[2020-08-28 01:39:45.673] INIT: Initialized Instruments subsystem within 0 seconds!
[2020-08-28 01:40:00.315] INIT: Initialized Mapping subsystem within 14.7 seconds!
[2020-08-28 01:40:00.317] INIT: Initialized Economy subsystem within 0 seconds!
[2020-08-28 01:40:00.318] INIT: Initialized Networks subsystem within 0 seconds!
[2020-08-28 01:40:00.318] INIT: Initialized Holodeck subsystem within 0 seconds!
[2020-08-28 01:40:31.561] INIT: Initialized Atoms subsystem within 31.2 seconds!
[2020-08-28 01:40:31.578] INIT: Initialized Language subsystem within 0 seconds!
[2020-08-28 01:40:31.722] INIT: Initialized Machines subsystem within 0.2 seconds!
[2020-08-28 01:40:31.759] INIT: Initialized Circuit subsystem within 0 seconds!
[2020-08-28 01:40:33.026] INIT: Initialized Atmos Adjacency subsystem within 1.3 seconds!
[2020-08-28 01:40:33.027] INIT: Initialized Autotransfer Vote subsystem within 0 seconds!
[2020-08-28 01:40:33.027] INIT: Initialized Chemistry subsystem within 0 seconds!
[2020-08-28 01:40:33.027] INIT: Initialized Status Effects subsystem within 0 seconds!
[2020-08-28 01:40:33.028] INIT: Initialized Weather subsystem within 0 seconds!
[2020-08-28 01:40:33.031] INIT: Initialized Disease subsystem within 0 seconds!
[2020-08-28 01:40:33.031] INIT: Initialized Jukeboxes subsystem within 0 seconds!
[2020-08-28 01:40:33.032] INIT: Initialized Medals subsystem within 0 seconds!
[2020-08-28 01:40:33.260] INIT: Initialized Minimaps subsystem within 0.2 seconds!
[2020-08-28 01:40:33.261] INIT: Initialized Night Shift subsystem within 0 seconds!
[2020-08-28 01:40:33.261] INIT: Initialized Parallax subsystem within 0 seconds!
[2020-08-28 01:40:33.261] INIT: Initialized Sun subsystem within 0 seconds!
[2020-08-28 01:40:33.542] INIT: Initialized Traumas subsystem within 0.3 seconds!
[2020-08-28 01:40:33.612] INIT: Initialized Bluespace Locker subsystem within 0.1 seconds!
[2020-08-28 01:40:33.612] INIT: Initialized Pacification Bans subsystem within 0 seconds!
[2020-08-28 01:40:33.612] INIT: Initialized Logging subsystem within 0 seconds!
[2020-08-28 01:40:33.612] INIT: Initialized Recycling subsystem within 0 seconds!
[2020-08-28 01:40:38.993] INIT: Initialized Atmospherics subsystem within 5.3 seconds!
[2020-08-28 01:40:38.993] INIT: Initialized Atmospherics - Turfs subsystem within 0 seconds!
[2020-08-28 01:40:42.256] INIT: Initialized Assets subsystem within 3.3 seconds!
[2020-08-28 01:40:47.635] INIT: Initialized Icon Smoothing subsystem within 5.4 seconds!
[2020-08-28 01:40:48.730] INIT: Initialized Overlay subsystem within 1.1 seconds!
[2020-08-28 01:40:48.730] INIT: Initialized XKeyScore subsystem within 0 seconds!
[2020-08-28 01:40:48.730] INIT: Initialized Sticky Ban subsystem within 0 seconds!
[2020-08-28 01:40:55.844] INIT: Initialized Lighting subsystem within 7.1 seconds!
[2020-08-28 01:40:59.308] INIT: Initialized Shuttle subsystem within 3.5 seconds!
[2020-08-28 01:40:59.368] INIT: Initialized Minor Mapping subsystem within 0 seconds!
[2020-08-28 01:40:59.369] INIT: Initialized Pathfinder subsystem within 0 seconds!
[2020-08-28 01:40:59.409] INIT: Initialized Persistence subsystem within 0.1 seconds!
[2020-08-28 01:40:59.409] INIT: Initialized Chat subsystem within 0 seconds!
