[2020-09-11 00:44:08.621] Starting up round ID .
 - -------------------------
[2020-09-11 00:44:15.344] INIT: Initialized Profiler subsystem within 0 seconds!
[2020-09-11 00:44:15.594] Fail2Topic: Failed to drop firewall rule. Exit code: 1.
[2020-09-11 00:44:15.595] INIT: Initialized Fail2Topic subsystem within 0.2 seconds!
[2020-09-11 00:44:15.599] INIT: Initialized Title Screen subsystem within 0 seconds!
[2020-09-11 00:44:15.600] INIT: Initialized Database subsystem within 0 seconds!
[2020-09-11 00:44:15.601] INIT: Initialized Blackbox subsystem within 0 seconds!
[2020-09-11 00:44:15.601] INIT: Initialized Server Tasks subsystem within 0 seconds!
[2020-09-11 00:44:15.604] INIT: Initialized Input subsystem within 0 seconds!
[2020-09-11 00:44:15.609] INIT: Initialized Sounds subsystem within 0 seconds!
[2020-09-11 00:44:15.610] INIT: Initialized Vis contents overlays subsystem within 0 seconds!
[2020-09-11 00:44:15.714] INIT: Initialized Research subsystem within 0.1 seconds!
[2020-09-11 00:44:15.718] INIT: Initialized Events subsystem within 0 seconds!
[2020-09-11 00:44:15.725] INIT: Initialized Jobs subsystem within 0 seconds!
[2020-09-11 00:44:15.731] INIT: Initialized Quirks subsystem within 0 seconds!
[2020-09-11 00:44:15.741] INIT: Initialized Ticker subsystem within 0 seconds!
[2020-09-11 00:44:15.757] INIT: Initialized Instruments subsystem within 0 seconds!
[2020-09-11 00:44:35.426] INIT: Initialized Mapping subsystem within 19.7 seconds!
[2020-09-11 00:44:35.440] INIT: Initialized Economy subsystem within 0 seconds!
[2020-09-11 00:44:35.441] INIT: Initialized Networks subsystem within 0 seconds!
[2020-09-11 00:44:35.441] INIT: Initialized Holodeck subsystem within 0 seconds!
[2020-09-11 00:45:07.594] INIT: Initialized Atoms subsystem within 32.1 seconds!
[2020-09-11 00:45:07.622] INIT: Initialized Language subsystem within 0 seconds!
[2020-09-11 00:45:07.768] INIT: Initialized Machines subsystem within 0.1 seconds!
[2020-09-11 00:45:07.816] INIT: Initialized Circuit subsystem within 0.1 seconds!
[2020-09-11 00:45:09.182] INIT: Initialized Atmos Adjacency subsystem within 1.3 seconds!
[2020-09-11 00:45:09.182] INIT: Initialized Autotransfer Vote subsystem within 0 seconds!
[2020-09-11 00:45:09.182] INIT: Initialized Chemistry subsystem within 0 seconds!
[2020-09-11 00:45:09.182] INIT: Initialized Status Effects subsystem within 0 seconds!
[2020-09-11 00:45:09.183] INIT: Initialized Weather subsystem within 0 seconds!
[2020-09-11 00:45:09.187] INIT: Initialized Disease subsystem within 0 seconds!
[2020-09-11 00:45:09.187] INIT: Initialized Jukeboxes subsystem within 0 seconds!
[2020-09-11 00:45:09.187] INIT: Initialized Medals subsystem within 0 seconds!
[2020-09-11 00:45:09.462] INIT: Initialized Minimaps subsystem within 0.3 seconds!
[2020-09-11 00:45:09.515] INIT: Initialized Night Shift subsystem within 0 seconds!
[2020-09-11 00:45:09.515] INIT: Initialized Parallax subsystem within 0 seconds!
[2020-09-11 00:45:09.515] INIT: Initialized Sun subsystem within 0 seconds!
[2020-09-11 00:45:09.741] INIT: Initialized Traumas subsystem within 0.2 seconds!
[2020-09-11 00:45:09.783] INIT: Initialized Bluespace Locker subsystem within 0 seconds!
[2020-09-11 00:45:09.814] INIT: Initialized Pacification Bans subsystem within 0 seconds!
[2020-09-11 00:45:09.814] INIT: Initialized Logging subsystem within 0 seconds!
[2020-09-11 00:45:09.814] INIT: Initialized Recycling subsystem within 0 seconds!
[2020-09-11 00:45:16.345] INIT: Initialized Atmospherics subsystem within 6.5 seconds!
[2020-09-11 00:45:16.345] INIT: Initialized Atmospherics - Turfs subsystem within 0 seconds!
[2020-09-11 00:45:19.357] INIT: Initialized Assets subsystem within 3 seconds!
[2020-09-11 00:45:25.668] INIT: Initialized Icon Smoothing subsystem within 6.3 seconds!
[2020-09-11 00:45:26.867] INIT: Initialized Overlay subsystem within 1.2 seconds!
[2020-09-11 00:45:26.867] INIT: Initialized XKeyScore subsystem within 0 seconds!
[2020-09-11 00:45:26.868] INIT: Initialized Sticky Ban subsystem within 0 seconds!
[2020-09-11 00:45:34.385] INIT: Initialized Lighting subsystem within 7.5 seconds!
[2020-09-11 00:45:37.749] INIT: Initialized Shuttle subsystem within 3.4 seconds!
[2020-09-11 00:45:37.786] INIT: Initialized Minor Mapping subsystem within 0 seconds!
[2020-09-11 00:45:37.787] INIT: Initialized Pathfinder subsystem within 0 seconds!
[2020-09-11 00:45:37.817] INIT: Initialized Persistence subsystem within 0.1 seconds!
[2020-09-11 00:45:37.818] INIT: Initialized Chat subsystem within 0 seconds!
