[2020-09-10 13:15:52.204] Starting up round ID .
 - -------------------------
[2020-09-10 13:15:58.304] INIT: Initialized Profiler subsystem within 0 seconds!
[2020-09-10 13:15:58.504] Fail2Topic: Failed to drop firewall rule. Exit code: 1.
[2020-09-10 13:15:58.505] INIT: Initialized Fail2Topic subsystem within 0.2 seconds!
[2020-09-10 13:15:58.511] INIT: Initialized Title Screen subsystem within 0 seconds!
[2020-09-10 13:15:58.511] INIT: Initialized Database subsystem within 0 seconds!
[2020-09-10 13:15:58.511] INIT: Initialized Blackbox subsystem within 0 seconds!
[2020-09-10 13:15:58.512] INIT: Initialized Server Tasks subsystem within 0 seconds!
[2020-09-10 13:15:58.513] INIT: Initialized Input subsystem within 0 seconds!
[2020-09-10 13:15:58.515] INIT: Initialized Sounds subsystem within 0 seconds!
[2020-09-10 13:15:58.515] INIT: Initialized Vis contents overlays subsystem within 0 seconds!
[2020-09-10 13:15:58.582] INIT: Initialized Research subsystem within 0 seconds!
[2020-09-10 13:15:58.586] INIT: Initialized Events subsystem within 0 seconds!
[2020-09-10 13:15:58.590] INIT: Initialized Jobs subsystem within 0 seconds!
[2020-09-10 13:15:58.595] INIT: Initialized Quirks subsystem within 0 seconds!
[2020-09-10 13:15:58.611] INIT: Initialized Ticker subsystem within 0.1 seconds!
[2020-09-10 13:15:58.624] INIT: Initialized Instruments subsystem within 0 seconds!
[2020-09-10 13:16:18.167] INIT: Initialized Mapping subsystem within 19.5 seconds!
[2020-09-10 13:16:18.182] INIT: Initialized Economy subsystem within 0 seconds!
[2020-09-10 13:16:18.183] INIT: Initialized Networks subsystem within 0 seconds!
[2020-09-10 13:16:18.183] INIT: Initialized Holodeck subsystem within 0 seconds!
[2020-09-10 13:16:51.819] INIT: Initialized Atoms subsystem within 33.6 seconds!
[2020-09-10 13:16:51.853] INIT: Initialized Language subsystem within 0 seconds!
[2020-09-10 13:16:52.005] INIT: Initialized Machines subsystem within 0.2 seconds!
[2020-09-10 13:16:52.054] INIT: Initialized Circuit subsystem within 0 seconds!
[2020-09-10 13:16:53.504] INIT: Initialized Atmos Adjacency subsystem within 1.5 seconds!
[2020-09-10 13:16:53.504] INIT: Initialized Autotransfer Vote subsystem within 0 seconds!
[2020-09-10 13:16:53.504] INIT: Initialized Chemistry subsystem within 0 seconds!
[2020-09-10 13:16:53.504] INIT: Initialized Status Effects subsystem within 0 seconds!
[2020-09-10 13:16:53.506] INIT: Initialized Weather subsystem within 0 seconds!
[2020-09-10 13:16:53.509] INIT: Initialized Disease subsystem within 0 seconds!
[2020-09-10 13:16:53.509] INIT: Initialized Jukeboxes subsystem within 0 seconds!
[2020-09-10 13:16:53.509] INIT: Initialized Medals subsystem within 0 seconds!
[2020-09-10 13:16:53.761] INIT: Initialized Minimaps subsystem within 0.2 seconds!
[2020-09-10 13:16:53.810] INIT: Initialized Night Shift subsystem within 0 seconds!
[2020-09-10 13:16:53.811] INIT: Initialized Parallax subsystem within 0 seconds!
[2020-09-10 13:16:53.811] INIT: Initialized Sun subsystem within 0 seconds!
[2020-09-10 13:16:54.056] INIT: Initialized Traumas subsystem within 0.2 seconds!
[2020-09-10 13:16:54.095] INIT: Initialized Bluespace Locker subsystem within 0 seconds!
[2020-09-10 13:16:54.134] INIT: Initialized Pacification Bans subsystem within 0 seconds!
[2020-09-10 13:16:54.135] INIT: Initialized Logging subsystem within 0 seconds!
[2020-09-10 13:16:54.135] INIT: Initialized Recycling subsystem within 0 seconds!
[2020-09-10 13:17:00.464] INIT: Initialized Atmospherics subsystem within 6.3 seconds!
[2020-09-10 13:17:00.464] INIT: Initialized Atmospherics - Turfs subsystem within 0 seconds!
[2020-09-10 13:17:03.866] INIT: Initialized Assets subsystem within 3.4 seconds!
[2020-09-10 13:17:10.048] INIT: Initialized Icon Smoothing subsystem within 6.1 seconds!
[2020-09-10 13:17:11.336] INIT: Initialized Overlay subsystem within 1.3 seconds!
[2020-09-10 13:17:11.336] INIT: Initialized XKeyScore subsystem within 0 seconds!
[2020-09-10 13:17:11.337] INIT: Initialized Sticky Ban subsystem within 0 seconds!
[2020-09-10 13:17:19.755] INIT: Initialized Lighting subsystem within 8.4 seconds!
[2020-09-10 13:17:24.550] INIT: Initialized Shuttle subsystem within 4.8 seconds!
[2020-09-10 13:17:24.593] INIT: Initialized Minor Mapping subsystem within 0 seconds!
[2020-09-10 13:17:24.615] INIT: Initialized Pathfinder subsystem within 0 seconds!
[2020-09-10 13:17:24.646] INIT: Initialized Persistence subsystem within 0 seconds!
[2020-09-10 13:17:24.647] INIT: Initialized Chat subsystem within 0 seconds!
