[2020-09-20 20:52:45.427] Starting up round ID .
 - -------------------------
[2020-09-20 20:52:51.263] INIT: Initialized Profiler subsystem within 0 seconds!
[2020-09-20 20:52:51.509] Fail2Topic: Failed to drop firewall rule. Exit code: 1.
[2020-09-20 20:52:51.510] INIT: Initialized Fail2Topic subsystem within 0.3 seconds!
[2020-09-20 20:52:51.512] INIT: Initialized Title Screen subsystem within 0 seconds!
[2020-09-20 20:52:51.513] INIT: Initialized Database subsystem within 0 seconds!
[2020-09-20 20:52:51.513] INIT: Initialized Blackbox subsystem within 0 seconds!
[2020-09-20 20:52:51.513] INIT: Initialized Server Tasks subsystem within 0 seconds!
[2020-09-20 20:52:51.514] INIT: Initialized Input subsystem within 0 seconds!
[2020-09-20 20:52:51.515] INIT: Initialized Sounds subsystem within 0 seconds!
[2020-09-20 20:52:51.515] INIT: Initialized Vis contents overlays subsystem within 0 seconds!
[2020-09-20 20:52:51.580] INIT: Initialized Research subsystem within 0 seconds!
[2020-09-20 20:52:51.583] INIT: Initialized Events subsystem within 0 seconds!
[2020-09-20 20:52:51.589] INIT: Initialized Jobs subsystem within 0 seconds!
[2020-09-20 20:52:51.595] INIT: Initialized Quirks subsystem within 0 seconds!
[2020-09-20 20:52:51.612] INIT: Initialized Ticker subsystem within 0.1 seconds!
[2020-09-20 20:52:51.626] INIT: Initialized Instruments subsystem within 0 seconds!
[2020-09-20 20:53:11.767] INIT: Initialized Mapping subsystem within 20.1 seconds!
[2020-09-20 20:53:11.781] INIT: Initialized Economy subsystem within 0 seconds!
[2020-09-20 20:53:11.782] INIT: Initialized Networks subsystem within 0 seconds!
[2020-09-20 20:53:11.782] INIT: Initialized Holodeck subsystem within 0 seconds!
