[2020-09-27 01:59:28.399] Starting up round ID .
 - -------------------------
[2020-09-27 01:59:34.518] INIT: Initialized Profiler subsystem within 0 seconds!
[2020-09-27 01:59:34.719] Fail2Topic: Failed to drop firewall rule. Exit code: 1.
[2020-09-27 01:59:34.719] INIT: Initialized Fail2Topic subsystem within 0.2 seconds!
[2020-09-27 01:59:34.721] INIT: Initialized Title Screen subsystem within 0 seconds!
[2020-09-27 01:59:34.721] INIT: Initialized Database subsystem within 0 seconds!
[2020-09-27 01:59:34.721] INIT: Initialized Blackbox subsystem within 0 seconds!
[2020-09-27 01:59:34.722] INIT: Initialized Server Tasks subsystem within 0 seconds!
[2020-09-27 01:59:34.723] INIT: Initialized Input subsystem within 0 seconds!
[2020-09-27 01:59:34.727] INIT: Initialized Sounds subsystem within 0 seconds!
[2020-09-27 01:59:34.728] INIT: Initialized Vis contents overlays subsystem within 0 seconds!
[2020-09-27 01:59:34.802] INIT: Initialized Research subsystem within 0.1 seconds!
[2020-09-27 01:59:34.805] INIT: Initialized Events subsystem within 0 seconds!
[2020-09-27 01:59:34.810] INIT: Initialized Jobs subsystem within 0 seconds!
[2020-09-27 01:59:34.815] INIT: Initialized Quirks subsystem within 0 seconds!
[2020-09-27 01:59:34.822] INIT: Initialized Ticker subsystem within 0 seconds!
[2020-09-27 01:59:34.835] INIT: Initialized Instruments subsystem within 0 seconds!
[2020-09-27 01:59:54.700] INIT: Initialized Mapping subsystem within 19.9 seconds!
[2020-09-27 01:59:54.716] INIT: Initialized Economy subsystem within 0 seconds!
[2020-09-27 01:59:54.717] INIT: Initialized Networks subsystem within 0 seconds!
[2020-09-27 01:59:54.717] INIT: Initialized Holodeck subsystem within 0 seconds!
[2020-09-27 02:00:35.724] INIT: Initialized Atoms subsystem within 41 seconds!
[2020-09-27 02:00:35.757] INIT: Initialized Language subsystem within 0 seconds!
[2020-09-27 02:00:35.950] INIT: Initialized Machines subsystem within 0.2 seconds!
[2020-09-27 02:00:36.020] INIT: Initialized Circuit subsystem within 0.1 seconds!
[2020-09-27 02:00:37.713] INIT: Initialized Atmos Adjacency subsystem within 1.7 seconds!
[2020-09-27 02:00:37.713] INIT: Initialized Autotransfer Vote subsystem within 0 seconds!
[2020-09-27 02:00:37.714] INIT: Initialized Chemistry subsystem within 0 seconds!
[2020-09-27 02:00:37.714] INIT: Initialized Status Effects subsystem within 0 seconds!
[2020-09-27 02:00:37.715] INIT: Initialized Weather subsystem within 0 seconds!
[2020-09-27 02:00:37.719] INIT: Initialized Disease subsystem within 0 seconds!
[2020-09-27 02:00:37.719] INIT: Initialized Jukeboxes subsystem within 0 seconds!
[2020-09-27 02:00:37.719] INIT: Initialized Medals subsystem within 0 seconds!
[2020-09-27 02:00:38.009] INIT: Initialized Minimaps subsystem within 0.3 seconds!
[2020-09-27 02:00:38.069] INIT: Initialized Night Shift subsystem within 0 seconds!
[2020-09-27 02:00:38.069] INIT: Initialized Parallax subsystem within 0 seconds!
[2020-09-27 02:00:38.069] INIT: Initialized Sun subsystem within 0 seconds!
[2020-09-27 02:00:38.309] INIT: Initialized Traumas subsystem within 0.3 seconds!
[2020-09-27 02:00:38.352] INIT: Initialized Bluespace Locker subsystem within 0 seconds!
[2020-09-27 02:00:38.386] INIT: Initialized Pacification Bans subsystem within 0 seconds!
[2020-09-27 02:00:38.386] INIT: Initialized Logging subsystem within 0 seconds!
[2020-09-27 02:00:38.386] INIT: Initialized Recycling subsystem within 0 seconds!
[2020-09-27 02:00:45.660] INIT: Initialized Atmospherics subsystem within 7.3 seconds!
[2020-09-27 02:00:45.660] INIT: Initialized Atmospherics - Turfs subsystem within 0 seconds!
[2020-09-27 02:00:49.034] INIT: Initialized Assets subsystem within 3.4 seconds!
[2020-09-27 02:00:56.565] INIT: Initialized Icon Smoothing subsystem within 7.5 seconds!
[2020-09-27 02:00:57.912] INIT: Initialized Overlay subsystem within 1.4 seconds!
[2020-09-27 02:00:57.912] INIT: Initialized XKeyScore subsystem within 0 seconds!
[2020-09-27 02:00:57.912] INIT: Initialized Sticky Ban subsystem within 0 seconds!
[2020-09-27 02:01:11.163] INIT: Initialized Lighting subsystem within 13.2 seconds!
[2020-09-27 02:01:15.035] INIT: Initialized Shuttle subsystem within 3.9 seconds!
[2020-09-27 02:01:15.078] INIT: Initialized Minor Mapping subsystem within 0 seconds!
[2020-09-27 02:01:15.080] INIT: Initialized Pathfinder subsystem within 0 seconds!
[2020-09-27 02:01:15.116] INIT: Initialized Persistence subsystem within 0.1 seconds!
[2020-09-27 02:01:15.116] INIT: Initialized Chat subsystem within 0 seconds!
