[2020-09-11 22:03:09.280] Starting up round ID .
 - -------------------------
[2020-09-11 22:03:15.353] INIT: Initialized Profiler subsystem within 0 seconds!
[2020-09-11 22:03:15.551] Fail2Topic: Failed to drop firewall rule. Exit code: 1.
[2020-09-11 22:03:15.553] INIT: Initialized Fail2Topic subsystem within 0.2 seconds!
[2020-09-11 22:03:15.558] INIT: Initialized Title Screen subsystem within 0 seconds!
[2020-09-11 22:03:15.559] INIT: Initialized Database subsystem within 0 seconds!
[2020-09-11 22:03:15.559] INIT: Initialized Blackbox subsystem within 0 seconds!
[2020-09-11 22:03:15.560] INIT: Initialized Server Tasks subsystem within 0 seconds!
[2020-09-11 22:03:15.562] INIT: Initialized Input subsystem within 0 seconds!
[2020-09-11 22:03:15.566] INIT: Initialized Sounds subsystem within 0 seconds!
[2020-09-11 22:03:15.567] INIT: Initialized Vis contents overlays subsystem within 0 seconds!
[2020-09-11 22:03:15.648] INIT: Initialized Research subsystem within 0.1 seconds!
[2020-09-11 22:03:15.653] INIT: Initialized Events subsystem within 0 seconds!
[2020-09-11 22:03:15.659] INIT: Initialized Jobs subsystem within 0 seconds!
[2020-09-11 22:03:15.665] INIT: Initialized Quirks subsystem within 0 seconds!
[2020-09-11 22:03:15.675] INIT: Initialized Ticker subsystem within 0 seconds!
[2020-09-11 22:03:15.691] INIT: Initialized Instruments subsystem within 0 seconds!
[2020-09-11 22:03:34.436] INIT: Initialized Mapping subsystem within 18.8 seconds!
[2020-09-11 22:03:34.451] INIT: Initialized Economy subsystem within 0 seconds!
[2020-09-11 22:03:34.452] INIT: Initialized Networks subsystem within 0 seconds!
[2020-09-11 22:03:34.452] INIT: Initialized Holodeck subsystem within 0 seconds!
[2020-09-11 22:04:16.046] INIT: Initialized Atoms subsystem within 41.6 seconds!
[2020-09-11 22:04:16.077] INIT: Initialized Language subsystem within 0 seconds!
[2020-09-11 22:04:16.266] INIT: Initialized Machines subsystem within 0.2 seconds!
[2020-09-11 22:04:16.319] INIT: Initialized Circuit subsystem within 0.1 seconds!
[2020-09-11 22:04:17.889] INIT: Initialized Atmos Adjacency subsystem within 1.5 seconds!
[2020-09-11 22:04:17.889] INIT: Initialized Autotransfer Vote subsystem within 0 seconds!
[2020-09-11 22:04:17.889] INIT: Initialized Chemistry subsystem within 0 seconds!
[2020-09-11 22:04:17.890] INIT: Initialized Status Effects subsystem within 0 seconds!
[2020-09-11 22:04:17.890] INIT: Initialized Weather subsystem within 0 seconds!
[2020-09-11 22:04:17.895] INIT: Initialized Disease subsystem within 0 seconds!
[2020-09-11 22:04:17.896] INIT: Initialized Jukeboxes subsystem within 0 seconds!
[2020-09-11 22:04:17.896] INIT: Initialized Medals subsystem within 0 seconds!
[2020-09-11 22:04:18.260] INIT: Initialized Minimaps subsystem within 0.4 seconds!
[2020-09-11 22:04:18.319] INIT: Initialized Night Shift subsystem within 0 seconds!
[2020-09-11 22:04:18.319] INIT: Initialized Parallax subsystem within 0 seconds!
[2020-09-11 22:04:18.320] INIT: Initialized Sun subsystem within 0 seconds!
[2020-09-11 22:04:18.571] INIT: Initialized Traumas subsystem within 0.2 seconds!
[2020-09-11 22:04:18.649] INIT: Initialized Bluespace Locker subsystem within 0 seconds!
[2020-09-11 22:04:18.650] INIT: Initialized Pacification Bans subsystem within 0 seconds!
[2020-09-11 22:04:18.650] INIT: Initialized Logging subsystem within 0 seconds!
[2020-09-11 22:04:18.650] INIT: Initialized Recycling subsystem within 0 seconds!
[2020-09-11 22:04:25.487] INIT: Initialized Atmospherics subsystem within 6.8 seconds!
[2020-09-11 22:04:25.487] INIT: Initialized Atmospherics - Turfs subsystem within 0 seconds!
[2020-09-11 22:04:29.257] INIT: Initialized Assets subsystem within 3.8 seconds!
[2020-09-11 22:04:36.681] INIT: Initialized Icon Smoothing subsystem within 7.4 seconds!
[2020-09-11 22:04:38.125] INIT: Initialized Overlay subsystem within 1.5 seconds!
[2020-09-11 22:04:38.125] INIT: Initialized XKeyScore subsystem within 0 seconds!
[2020-09-11 22:04:38.125] INIT: Initialized Sticky Ban subsystem within 0 seconds!
[2020-09-11 22:04:47.038] INIT: Initialized Lighting subsystem within 8.9 seconds!
[2020-09-11 22:04:51.008] INIT: Initialized Shuttle subsystem within 4 seconds!
[2020-09-11 22:04:51.061] INIT: Initialized Minor Mapping subsystem within 0 seconds!
[2020-09-11 22:04:51.062] INIT: Initialized Pathfinder subsystem within 0 seconds!
[2020-09-11 22:04:51.099] INIT: Initialized Persistence subsystem within 0 seconds!
[2020-09-11 22:04:51.099] INIT: Initialized Chat subsystem within 0 seconds!
