[2020-08-26 12:58:21.700] Starting up round ID .
 - -------------------------
[2020-08-26 12:58:27.543] INIT: Initialized Profiler subsystem within 0 seconds!
[2020-08-26 12:58:41.391] Fail2Topic: Failed to drop firewall rule. Exit code: -1.07374e+009.
[2020-08-26 12:58:41.391] INIT: Initialized Fail2Topic subsystem within 13.8 seconds!
[2020-08-26 12:58:41.393] INIT: Initialized Title Screen subsystem within 0 seconds!
[2020-08-26 12:58:41.393] INIT: Initialized Database subsystem within 0 seconds!
[2020-08-26 12:58:41.394] INIT: Initialized Blackbox subsystem within 0 seconds!
[2020-08-26 12:58:41.394] INIT: Initialized Server Tasks subsystem within 0 seconds!
[2020-08-26 12:58:41.396] INIT: Initialized Input subsystem within 0 seconds!
[2020-08-26 12:58:41.398] INIT: Initialized Sounds subsystem within 0 seconds!
[2020-08-26 12:58:41.398] INIT: Initialized Vis contents overlays subsystem within 0 seconds!
[2020-08-26 12:58:41.455] INIT: Initialized Research subsystem within 0.1 seconds!
[2020-08-26 12:58:41.458] INIT: Initialized Events subsystem within 0 seconds!
[2020-08-26 12:58:41.463] INIT: Initialized Jobs subsystem within 0 seconds!
[2020-08-26 12:58:41.468] INIT: Initialized Quirks subsystem within 0 seconds!
[2020-08-26 12:58:41.473] INIT: Initialized Ticker subsystem within 0 seconds!
[2020-08-26 12:58:41.486] INIT: Initialized Instruments subsystem within 0 seconds!
[2020-08-26 12:59:00.579] INIT: Initialized Mapping subsystem within 19.1 seconds!
[2020-08-26 12:59:00.591] INIT: Initialized Economy subsystem within 0 seconds!
[2020-08-26 12:59:00.592] INIT: Initialized Networks subsystem within 0 seconds!
[2020-08-26 12:59:00.592] INIT: Initialized Holodeck subsystem within 0 seconds!
[2020-08-26 12:59:34.661] INIT: Initialized Atoms subsystem within 34 seconds!
[2020-08-26 12:59:34.688] INIT: Initialized Language subsystem within 0 seconds!
[2020-08-26 12:59:35.042] INIT: Initialized Machines subsystem within 0.4 seconds!
[2020-08-26 12:59:35.097] INIT: Initialized Circuit subsystem within 0 seconds!
[2020-08-26 12:59:36.445] INIT: Initialized Atmos Adjacency subsystem within 1.4 seconds!
[2020-08-26 12:59:36.445] INIT: Initialized Autotransfer Vote subsystem within 0 seconds!
[2020-08-26 12:59:36.445] INIT: Initialized Chemistry subsystem within 0 seconds!
[2020-08-26 12:59:36.446] INIT: Initialized Status Effects subsystem within 0 seconds!
[2020-08-26 12:59:36.447] INIT: Initialized Weather subsystem within 0 seconds!
[2020-08-26 12:59:36.450] INIT: Initialized Disease subsystem within 0 seconds!
[2020-08-26 12:59:36.450] INIT: Initialized Jukeboxes subsystem within 0 seconds!
[2020-08-26 12:59:36.450] INIT: Initialized Medals subsystem within 0 seconds!
[2020-08-26 12:59:36.714] INIT: Initialized Minimaps subsystem within 0.3 seconds!
[2020-08-26 12:59:36.775] INIT: Initialized Night Shift subsystem within 0 seconds!
[2020-08-26 12:59:36.775] INIT: Initialized Parallax subsystem within 0 seconds!
[2020-08-26 12:59:36.775] INIT: Initialized Sun subsystem within 0 seconds!
[2020-08-26 12:59:37.023] INIT: Initialized Traumas subsystem within 0.3 seconds!
[2020-08-26 12:59:37.071] INIT: Initialized Bluespace Locker subsystem within 0 seconds!
[2020-08-26 12:59:37.114] INIT: Initialized Pacification Bans subsystem within 0 seconds!
[2020-08-26 12:59:37.114] INIT: Initialized Logging subsystem within 0 seconds!
[2020-08-26 12:59:37.114] INIT: Initialized Recycling subsystem within 0 seconds!
[2020-08-26 12:59:42.977] INIT: Initialized Atmospherics subsystem within 5.8 seconds!
[2020-08-26 12:59:42.978] INIT: Initialized Atmospherics - Turfs subsystem within 0 seconds!
[2020-08-26 12:59:46.102] INIT: Initialized Assets subsystem within 3.2 seconds!
[2020-08-26 12:59:52.358] INIT: Initialized Icon Smoothing subsystem within 6.2 seconds!
[2020-08-26 12:59:53.897] INIT: Initialized Overlay subsystem within 1.5 seconds!
[2020-08-26 12:59:53.897] INIT: Initialized XKeyScore subsystem within 0 seconds!
[2020-08-26 12:59:53.898] INIT: Initialized Sticky Ban subsystem within 0 seconds!
[2020-08-26 13:00:02.733] INIT: Initialized Lighting subsystem within 8.9 seconds!
[2020-08-26 13:00:07.109] INIT: Initialized Shuttle subsystem within 4.4 seconds!
[2020-08-26 13:00:07.158] INIT: Initialized Minor Mapping subsystem within 0 seconds!
[2020-08-26 13:00:07.159] INIT: Initialized Pathfinder subsystem within 0 seconds!
[2020-08-26 13:00:07.193] INIT: Initialized Persistence subsystem within 0 seconds!
[2020-08-26 13:00:07.193] INIT: Initialized Chat subsystem within 0 seconds!
