[2020-09-01 17:08:23.579] Starting up round ID .
 - -------------------------
[2020-09-01 17:08:29.351] INIT: Initialized Profiler subsystem within 0 seconds!
[2020-09-01 17:08:29.501] Fail2Topic: Failed to drop firewall rule. Exit code: 1.
[2020-09-01 17:08:29.501] INIT: Initialized Fail2Topic subsystem within 0.2 seconds!
[2020-09-01 17:08:29.503] INIT: Initialized Title Screen subsystem within 0 seconds!
[2020-09-01 17:08:29.503] INIT: Initialized Database subsystem within 0 seconds!
[2020-09-01 17:08:29.504] INIT: Initialized Blackbox subsystem within 0 seconds!
[2020-09-01 17:08:29.504] INIT: Initialized Server Tasks subsystem within 0 seconds!
[2020-09-01 17:08:29.505] INIT: Initialized Input subsystem within 0 seconds!
[2020-09-01 17:08:29.508] INIT: Initialized Sounds subsystem within 0 seconds!
[2020-09-01 17:08:29.508] INIT: Initialized Vis contents overlays subsystem within 0 seconds!
[2020-09-01 17:08:29.574] INIT: Initialized Research subsystem within 0 seconds!
[2020-09-01 17:08:29.578] INIT: Initialized Events subsystem within 0 seconds!
[2020-09-01 17:08:29.583] INIT: Initialized Jobs subsystem within 0 seconds!
[2020-09-01 17:08:29.588] INIT: Initialized Quirks subsystem within 0 seconds!
[2020-09-01 17:08:29.595] INIT: Initialized Ticker subsystem within 0 seconds!
[2020-09-01 17:08:29.608] INIT: Initialized Instruments subsystem within 0.1 seconds!
[2020-09-01 17:08:47.947] INIT: Initialized Mapping subsystem within 18.3 seconds!
[2020-09-01 17:08:47.963] INIT: Initialized Economy subsystem within 0 seconds!
[2020-09-01 17:08:47.964] INIT: Initialized Networks subsystem within 0 seconds!
[2020-09-01 17:08:47.965] INIT: Initialized Holodeck subsystem within 0 seconds!
[2020-09-01 17:09:19.477] INIT: Initialized Atoms subsystem within 31.5 seconds!
[2020-09-01 17:09:19.503] INIT: Initialized Language subsystem within 0.1 seconds!
[2020-09-01 17:09:19.658] INIT: Initialized Machines subsystem within 0.1 seconds!
[2020-09-01 17:09:19.692] INIT: Initialized Circuit subsystem within 0 seconds!
[2020-09-01 17:09:21.109] INIT: Initialized Atmos Adjacency subsystem within 1.5 seconds!
[2020-09-01 17:09:21.109] INIT: Initialized Autotransfer Vote subsystem within 0 seconds!
[2020-09-01 17:09:21.109] INIT: Initialized Chemistry subsystem within 0 seconds!
[2020-09-01 17:09:21.109] INIT: Initialized Status Effects subsystem within 0 seconds!
[2020-09-01 17:09:21.110] INIT: Initialized Weather subsystem within 0 seconds!
[2020-09-01 17:09:21.114] INIT: Initialized Disease subsystem within 0 seconds!
[2020-09-01 17:09:21.114] INIT: Initialized Jukeboxes subsystem within 0 seconds!
[2020-09-01 17:09:21.115] INIT: Initialized Medals subsystem within 0 seconds!
[2020-09-01 17:09:21.375] INIT: Initialized Minimaps subsystem within 0.2 seconds!
[2020-09-01 17:09:21.433] INIT: Initialized Night Shift subsystem within 0 seconds!
[2020-09-01 17:09:21.433] INIT: Initialized Parallax subsystem within 0 seconds!
[2020-09-01 17:09:21.433] INIT: Initialized Sun subsystem within 0 seconds!
[2020-09-01 17:09:21.693] INIT: Initialized Traumas subsystem within 0.2 seconds!
[2020-09-01 17:09:21.767] INIT: Initialized Bluespace Locker subsystem within 0 seconds!
[2020-09-01 17:09:21.767] INIT: Initialized Pacification Bans subsystem within 0 seconds!
[2020-09-01 17:09:21.767] INIT: Initialized Logging subsystem within 0 seconds!
[2020-09-01 17:09:21.767] INIT: Initialized Recycling subsystem within 0 seconds!
[2020-09-01 17:09:28.022] INIT: Initialized Atmospherics subsystem within 6.3 seconds!
[2020-09-01 17:09:28.023] INIT: Initialized Atmospherics - Turfs subsystem within 0 seconds!
[2020-09-01 17:09:30.945] INIT: Initialized Assets subsystem within 2.9 seconds!
[2020-09-01 17:09:37.345] INIT: Initialized Icon Smoothing subsystem within 6.4 seconds!
[2020-09-01 17:09:38.540] INIT: Initialized Overlay subsystem within 1.2 seconds!
[2020-09-01 17:09:38.540] INIT: Initialized XKeyScore subsystem within 0 seconds!
[2020-09-01 17:09:38.541] INIT: Initialized Sticky Ban subsystem within 0 seconds!
[2020-09-01 17:09:46.214] INIT: Initialized Lighting subsystem within 7.7 seconds!
[2020-09-01 17:09:49.602] INIT: Initialized Shuttle subsystem within 3.4 seconds!
[2020-09-01 17:09:49.639] INIT: Initialized Minor Mapping subsystem within 0 seconds!
[2020-09-01 17:09:49.640] INIT: Initialized Pathfinder subsystem within 0 seconds!
[2020-09-01 17:09:49.669] INIT: Initialized Persistence subsystem within 0 seconds!
[2020-09-01 17:09:49.669] INIT: Initialized Chat subsystem within 0 seconds!
