[2020-08-28 18:45:09.459] Starting up round ID .
 - -------------------------
[2020-08-28 18:45:15.188] INIT: Initialized Profiler subsystem within 0 seconds!
[2020-08-28 18:45:15.339] Fail2Topic: Failed to drop firewall rule. Exit code: 1.
[2020-08-28 18:45:15.339] INIT: Initialized Fail2Topic subsystem within 0.2 seconds!
[2020-08-28 18:45:15.341] INIT: Initialized Title Screen subsystem within 0 seconds!
[2020-08-28 18:45:15.342] INIT: Initialized Database subsystem within 0 seconds!
[2020-08-28 18:45:15.342] INIT: Initialized Blackbox subsystem within 0 seconds!
[2020-08-28 18:45:15.343] INIT: Initialized Server Tasks subsystem within 0 seconds!
[2020-08-28 18:45:15.347] INIT: Initialized Input subsystem within 0 seconds!
[2020-08-28 18:45:15.348] INIT: Initialized Sounds subsystem within 0 seconds!
[2020-08-28 18:45:15.349] INIT: Initialized Vis contents overlays subsystem within 0 seconds!
[2020-08-28 18:45:15.431] INIT: Initialized Research subsystem within 0.1 seconds!
[2020-08-28 18:45:15.434] INIT: Initialized Events subsystem within 0 seconds!
[2020-08-28 18:45:15.440] INIT: Initialized Jobs subsystem within 0 seconds!
[2020-08-28 18:45:15.446] INIT: Initialized Quirks subsystem within 0 seconds!
[2020-08-28 18:45:15.453] INIT: Initialized Ticker subsystem within 0 seconds!
[2020-08-28 18:45:15.471] INIT: Initialized Instruments subsystem within 0 seconds!
[2020-08-28 18:45:33.056] INIT: Initialized Mapping subsystem within 17.6 seconds!
[2020-08-28 18:45:33.070] INIT: Initialized Economy subsystem within 0 seconds!
[2020-08-28 18:45:33.071] INIT: Initialized Networks subsystem within 0 seconds!
[2020-08-28 18:45:33.071] INIT: Initialized Holodeck subsystem within 0 seconds!
[2020-08-28 18:46:03.318] INIT: Initialized Atoms subsystem within 30.3 seconds!
[2020-08-28 18:46:03.342] INIT: Initialized Language subsystem within 0 seconds!
[2020-08-28 18:46:03.513] INIT: Initialized Machines subsystem within 0.2 seconds!
[2020-08-28 18:46:03.548] INIT: Initialized Circuit subsystem within 0 seconds!
[2020-08-28 18:46:04.796] INIT: Initialized Atmos Adjacency subsystem within 1.2 seconds!
[2020-08-28 18:46:04.796] INIT: Initialized Autotransfer Vote subsystem within 0 seconds!
[2020-08-28 18:46:04.796] INIT: Initialized Chemistry subsystem within 0 seconds!
[2020-08-28 18:46:04.796] INIT: Initialized Status Effects subsystem within 0 seconds!
[2020-08-28 18:46:04.797] INIT: Initialized Weather subsystem within 0 seconds!
[2020-08-28 18:46:04.800] INIT: Initialized Disease subsystem within 0.1 seconds!
[2020-08-28 18:46:04.801] INIT: Initialized Jukeboxes subsystem within 0 seconds!
[2020-08-28 18:46:04.801] INIT: Initialized Medals subsystem within 0 seconds!
[2020-08-28 18:46:05.039] INIT: Initialized Minimaps subsystem within 0.2 seconds!
[2020-08-28 18:46:05.085] INIT: Initialized Night Shift subsystem within 0 seconds!
[2020-08-28 18:46:05.085] INIT: Initialized Parallax subsystem within 0 seconds!
[2020-08-28 18:46:05.085] INIT: Initialized Sun subsystem within 0 seconds!
[2020-08-28 18:46:05.292] INIT: Initialized Traumas subsystem within 0.2 seconds!
[2020-08-28 18:46:05.329] INIT: Initialized Bluespace Locker subsystem within 0.1 seconds!
[2020-08-28 18:46:05.329] INIT: Initialized Pacification Bans subsystem within 0 seconds!
[2020-08-28 18:46:05.329] INIT: Initialized Logging subsystem within 0 seconds!
[2020-08-28 18:46:05.330] INIT: Initialized Recycling subsystem within 0 seconds!
[2020-08-28 18:46:11.542] INIT: Initialized Atmospherics subsystem within 6.2 seconds!
[2020-08-28 18:46:11.542] INIT: Initialized Atmospherics - Turfs subsystem within 0 seconds!
[2020-08-28 18:46:14.505] INIT: Initialized Assets subsystem within 3 seconds!
[2020-08-28 18:46:20.361] INIT: Initialized Icon Smoothing subsystem within 5.8 seconds!
[2020-08-28 18:46:21.552] INIT: Initialized Overlay subsystem within 1.2 seconds!
[2020-08-28 18:46:21.553] INIT: Initialized XKeyScore subsystem within 0 seconds!
[2020-08-28 18:46:21.553] INIT: Initialized Sticky Ban subsystem within 0 seconds!
[2020-08-28 18:46:28.941] INIT: Initialized Lighting subsystem within 7.4 seconds!
[2020-08-28 18:46:32.218] INIT: Initialized Shuttle subsystem within 3.3 seconds!
[2020-08-28 18:46:32.254] INIT: Initialized Minor Mapping subsystem within 0 seconds!
[2020-08-28 18:46:32.255] INIT: Initialized Pathfinder subsystem within 0 seconds!
[2020-08-28 18:46:32.285] INIT: Initialized Persistence subsystem within 0 seconds!
[2020-08-28 18:46:32.285] INIT: Initialized Chat subsystem within 0 seconds!
