[2020-09-08 19:55:56.034] Starting up round ID .
 - -------------------------
[2020-09-08 19:56:01.872] INIT: Initialized Profiler subsystem within 0 seconds!
[2020-09-08 19:56:02.072] Fail2Topic: Failed to drop firewall rule. Exit code: 1.
[2020-09-08 19:56:02.072] INIT: Initialized Fail2Topic subsystem within 0.2 seconds!
[2020-09-08 19:56:02.076] INIT: Initialized Title Screen subsystem within 0 seconds!
[2020-09-08 19:56:02.076] INIT: Initialized Database subsystem within 0 seconds!
[2020-09-08 19:56:02.077] INIT: Initialized Blackbox subsystem within 0 seconds!
[2020-09-08 19:56:02.077] INIT: Initialized Server Tasks subsystem within 0 seconds!
[2020-09-08 19:56:02.078] INIT: Initialized Input subsystem within 0 seconds!
[2020-09-08 19:56:02.082] INIT: Initialized Sounds subsystem within 0 seconds!
[2020-09-08 19:56:02.082] INIT: Initialized Vis contents overlays subsystem within 0 seconds!
[2020-09-08 19:56:02.160] INIT: Initialized Research subsystem within 0.1 seconds!
[2020-09-08 19:56:02.164] INIT: Initialized Events subsystem within 0 seconds!
[2020-09-08 19:56:02.169] INIT: Initialized Jobs subsystem within 0 seconds!
[2020-09-08 19:56:02.175] INIT: Initialized Quirks subsystem within 0 seconds!
[2020-09-08 19:56:02.182] INIT: Initialized Ticker subsystem within 0 seconds!
[2020-09-08 19:56:02.196] INIT: Initialized Instruments subsystem within 0 seconds!
[2020-09-08 19:56:22.218] INIT: Initialized Mapping subsystem within 20.1 seconds!
[2020-09-08 19:56:22.231] INIT: Initialized Economy subsystem within 0 seconds!
[2020-09-08 19:56:22.232] INIT: Initialized Networks subsystem within 0 seconds!
[2020-09-08 19:56:22.232] INIT: Initialized Holodeck subsystem within 0 seconds!
[2020-09-08 19:56:57.664] INIT: Initialized Atoms subsystem within 35.4 seconds!
[2020-09-08 19:56:57.692] INIT: Initialized Language subsystem within 0 seconds!
[2020-09-08 19:56:58.008] INIT: Initialized Machines subsystem within 0.4 seconds!
[2020-09-08 19:56:58.066] INIT: Initialized Circuit subsystem within 0 seconds!
[2020-09-08 19:56:59.413] INIT: Initialized Atmos Adjacency subsystem within 1.4 seconds!
[2020-09-08 19:56:59.413] INIT: Initialized Autotransfer Vote subsystem within 0 seconds!
[2020-09-08 19:56:59.413] INIT: Initialized Chemistry subsystem within 0 seconds!
[2020-09-08 19:56:59.413] INIT: Initialized Status Effects subsystem within 0 seconds!
[2020-09-08 19:56:59.414] INIT: Initialized Weather subsystem within 0 seconds!
[2020-09-08 19:56:59.417] INIT: Initialized Disease subsystem within 0 seconds!
[2020-09-08 19:56:59.418] INIT: Initialized Jukeboxes subsystem within 0 seconds!
[2020-09-08 19:56:59.418] INIT: Initialized Medals subsystem within 0 seconds!
[2020-09-08 19:56:59.678] INIT: Initialized Minimaps subsystem within 0.2 seconds!
[2020-09-08 19:56:59.733] INIT: Initialized Night Shift subsystem within 0 seconds!
[2020-09-08 19:56:59.733] INIT: Initialized Parallax subsystem within 0 seconds!
[2020-09-08 19:56:59.733] INIT: Initialized Sun subsystem within 0 seconds!
[2020-09-08 19:56:59.959] INIT: Initialized Traumas subsystem within 0.2 seconds!
[2020-09-08 19:57:00.013] INIT: Initialized Bluespace Locker subsystem within 0.1 seconds!
[2020-09-08 19:57:00.053] INIT: Initialized Pacification Bans subsystem within 0 seconds!
[2020-09-08 19:57:00.053] INIT: Initialized Logging subsystem within 0 seconds!
[2020-09-08 19:57:00.053] INIT: Initialized Recycling subsystem within 0 seconds!
[2020-09-08 19:57:06.597] INIT: Initialized Atmospherics subsystem within 6.5 seconds!
[2020-09-08 19:57:06.597] INIT: Initialized Atmospherics - Turfs subsystem within 0 seconds!
[2020-09-08 19:57:10.099] INIT: Initialized Assets subsystem within 3.5 seconds!
[2020-09-08 19:57:16.995] INIT: Initialized Icon Smoothing subsystem within 6.8 seconds!
[2020-09-08 19:57:18.345] INIT: Initialized Overlay subsystem within 1.4 seconds!
[2020-09-08 19:57:18.345] INIT: Initialized XKeyScore subsystem within 0 seconds!
[2020-09-08 19:57:18.346] INIT: Initialized Sticky Ban subsystem within 0 seconds!
[2020-09-08 19:57:27.010] INIT: Initialized Lighting subsystem within 8.7 seconds!
[2020-09-08 19:57:32.064] INIT: Initialized Shuttle subsystem within 5 seconds!
[2020-09-08 19:57:32.103] INIT: Initialized Minor Mapping subsystem within 0.1 seconds!
[2020-09-08 19:57:32.127] INIT: Initialized Pathfinder subsystem within 0 seconds!
[2020-09-08 19:57:32.161] INIT: Initialized Persistence subsystem within 0 seconds!
[2020-09-08 19:57:32.161] INIT: Initialized Chat subsystem within 0 seconds!
