[2020-08-30 00:51:20.806] Starting up round ID .
 - -------------------------
[2020-08-30 00:51:26.752] INIT: Initialized Profiler subsystem within 0 seconds!
[2020-08-30 00:51:26.898] Fail2Topic: Failed to drop firewall rule. Exit code: 1.
[2020-08-30 00:51:26.898] INIT: Initialized Fail2Topic subsystem within 0.1 seconds!
[2020-08-30 00:51:26.902] INIT: Initialized Title Screen subsystem within 0.1 seconds!
[2020-08-30 00:51:26.903] INIT: Initialized Database subsystem within 0 seconds!
[2020-08-30 00:51:26.903] INIT: Initialized Blackbox subsystem within 0 seconds!
[2020-08-30 00:51:26.903] INIT: Initialized Server Tasks subsystem within 0 seconds!
[2020-08-30 00:51:26.904] INIT: Initialized Input subsystem within 0 seconds!
[2020-08-30 00:51:26.906] INIT: Initialized Sounds subsystem within 0 seconds!
[2020-08-30 00:51:26.907] INIT: Initialized Vis contents overlays subsystem within 0 seconds!
[2020-08-30 00:51:26.976] INIT: Initialized Research subsystem within 0 seconds!
[2020-08-30 00:51:26.979] INIT: Initialized Events subsystem within 0 seconds!
[2020-08-30 00:51:26.986] INIT: Initialized Jobs subsystem within 0 seconds!
[2020-08-30 00:51:26.992] INIT: Initialized Quirks subsystem within 0 seconds!
[2020-08-30 00:51:26.998] INIT: Initialized Ticker subsystem within 0 seconds!
[2020-08-30 00:51:27.011] INIT: Initialized Instruments subsystem within 0.1 seconds!
[2020-08-30 00:51:45.795] INIT: Initialized Mapping subsystem within 18.7 seconds!
[2020-08-30 00:51:45.806] INIT: Initialized Economy subsystem within 0 seconds!
[2020-08-30 00:51:45.808] INIT: Initialized Networks subsystem within 0 seconds!
[2020-08-30 00:51:45.808] INIT: Initialized Holodeck subsystem within 0 seconds!
[2020-08-30 00:52:17.920] INIT: Initialized Atoms subsystem within 32.1 seconds!
[2020-08-30 00:52:17.947] INIT: Initialized Language subsystem within 0 seconds!
[2020-08-30 00:52:18.109] INIT: Initialized Machines subsystem within 0.2 seconds!
[2020-08-30 00:52:18.144] INIT: Initialized Circuit subsystem within 0 seconds!
[2020-08-30 00:52:19.492] INIT: Initialized Atmos Adjacency subsystem within 1.3 seconds!
[2020-08-30 00:52:19.502] INIT: Initialized Autotransfer Vote subsystem within 0 seconds!
[2020-08-30 00:52:19.502] INIT: Initialized Chemistry subsystem within 0 seconds!
[2020-08-30 00:52:19.502] INIT: Initialized Status Effects subsystem within 0 seconds!
[2020-08-30 00:52:19.503] INIT: Initialized Weather subsystem within 0 seconds!
[2020-08-30 00:52:19.507] INIT: Initialized Disease subsystem within 0 seconds!
[2020-08-30 00:52:19.507] INIT: Initialized Jukeboxes subsystem within 0 seconds!
[2020-08-30 00:52:19.507] INIT: Initialized Medals subsystem within 0 seconds!
[2020-08-30 00:52:19.751] INIT: Initialized Minimaps subsystem within 0.2 seconds!
[2020-08-30 00:52:19.751] INIT: Initialized Night Shift subsystem within 0 seconds!
[2020-08-30 00:52:19.751] INIT: Initialized Parallax subsystem within 0 seconds!
[2020-08-30 00:52:19.751] INIT: Initialized Sun subsystem within 0 seconds!
[2020-08-30 00:52:19.960] INIT: Initialized Traumas subsystem within 0.2 seconds!
[2020-08-30 00:52:20.061] INIT: Initialized Bluespace Locker subsystem within 0 seconds!
[2020-08-30 00:52:20.061] INIT: Initialized Pacification Bans subsystem within 0 seconds!
[2020-08-30 00:52:20.061] INIT: Initialized Logging subsystem within 0 seconds!
[2020-08-30 00:52:20.061] INIT: Initialized Recycling subsystem within 0 seconds!
[2020-08-30 00:52:26.204] INIT: Initialized Atmospherics subsystem within 6.2 seconds!
[2020-08-30 00:52:26.204] INIT: Initialized Atmospherics - Turfs subsystem within 0 seconds!
[2020-08-30 00:52:29.050] INIT: Initialized Assets subsystem within 2.8 seconds!
[2020-08-30 00:52:35.371] INIT: Initialized Icon Smoothing subsystem within 6.3 seconds!
[2020-08-30 00:52:36.579] INIT: Initialized Overlay subsystem within 1.2 seconds!
[2020-08-30 00:52:36.580] INIT: Initialized XKeyScore subsystem within 0 seconds!
[2020-08-30 00:52:36.580] INIT: Initialized Sticky Ban subsystem within 0 seconds!
[2020-08-30 00:52:44.955] INIT: Initialized Lighting subsystem within 8.4 seconds!
[2020-08-30 00:52:48.441] INIT: Initialized Shuttle subsystem within 3.5 seconds!
[2020-08-30 00:52:48.478] INIT: Initialized Minor Mapping subsystem within 0 seconds!
[2020-08-30 00:52:48.479] INIT: Initialized Pathfinder subsystem within 0 seconds!
[2020-08-30 00:52:48.508] INIT: Initialized Persistence subsystem within 0.1 seconds!
[2020-08-30 00:52:48.508] INIT: Initialized Chat subsystem within 0 seconds!
