[2020-09-13 18:56:43.610] Starting up round ID .
 - -------------------------
[2020-09-13 18:56:51.162] INIT: Initialized Profiler subsystem within 0 seconds!
[2020-09-13 18:56:51.310] Fail2Topic: Failed to drop firewall rule. Exit code: 1.
[2020-09-13 18:56:51.310] INIT: Initialized Fail2Topic subsystem within 0.2 seconds!
[2020-09-13 18:56:51.315] INIT: Initialized Title Screen subsystem within 0 seconds!
[2020-09-13 18:56:51.315] INIT: Initialized Database subsystem within 0 seconds!
[2020-09-13 18:56:51.315] INIT: Initialized Blackbox subsystem within 0 seconds!
[2020-09-13 18:56:51.315] INIT: Initialized Server Tasks subsystem within 0 seconds!
[2020-09-13 18:56:51.316] INIT: Initialized Input subsystem within 0 seconds!
[2020-09-13 18:56:51.318] INIT: Initialized Sounds subsystem within 0 seconds!
[2020-09-13 18:56:51.318] INIT: Initialized Vis contents overlays subsystem within 0 seconds!
[2020-09-13 18:56:51.412] INIT: Initialized Research subsystem within 0.1 seconds!
[2020-09-13 18:56:51.415] INIT: Initialized Events subsystem within 0 seconds!
[2020-09-13 18:56:51.425] INIT: Initialized Jobs subsystem within 0 seconds!
[2020-09-13 18:56:51.431] INIT: Initialized Quirks subsystem within 0 seconds!
[2020-09-13 18:56:51.452] INIT: Initialized Ticker subsystem within 0 seconds!
[2020-09-13 18:56:51.468] INIT: Initialized Instruments subsystem within 0 seconds!
[2020-09-13 18:57:13.026] INIT: Initialized Mapping subsystem within 21.6 seconds!
[2020-09-13 18:57:13.039] INIT: Initialized Economy subsystem within 0 seconds!
[2020-09-13 18:57:13.040] INIT: Initialized Networks subsystem within 0 seconds!
[2020-09-13 18:57:13.040] INIT: Initialized Holodeck subsystem within 0 seconds!
[2020-09-13 18:57:46.765] INIT: Initialized Atoms subsystem within 33.7 seconds!
[2020-09-13 18:57:46.790] INIT: Initialized Language subsystem within 0 seconds!
[2020-09-13 18:57:46.950] INIT: Initialized Machines subsystem within 0.2 seconds!
[2020-09-13 18:57:47.001] INIT: Initialized Circuit subsystem within 0.1 seconds!
[2020-09-13 18:57:48.209] INIT: Initialized Atmos Adjacency subsystem within 1.2 seconds!
[2020-09-13 18:57:48.209] INIT: Initialized Autotransfer Vote subsystem within 0 seconds!
[2020-09-13 18:57:48.209] INIT: Initialized Chemistry subsystem within 0 seconds!
[2020-09-13 18:57:48.210] INIT: Initialized Status Effects subsystem within 0 seconds!
[2020-09-13 18:57:48.211] INIT: Initialized Weather subsystem within 0 seconds!
[2020-09-13 18:57:48.214] INIT: Initialized Disease subsystem within 0 seconds!
[2020-09-13 18:57:48.214] INIT: Initialized Jukeboxes subsystem within 0 seconds!
[2020-09-13 18:57:48.214] INIT: Initialized Medals subsystem within 0 seconds!
[2020-09-13 18:57:48.456] INIT: Initialized Minimaps subsystem within 0.2 seconds!
[2020-09-13 18:57:48.502] INIT: Initialized Night Shift subsystem within 0 seconds!
[2020-09-13 18:57:48.502] INIT: Initialized Parallax subsystem within 0 seconds!
[2020-09-13 18:57:48.502] INIT: Initialized Sun subsystem within 0 seconds!
[2020-09-13 18:57:48.715] INIT: Initialized Traumas subsystem within 0.2 seconds!
[2020-09-13 18:57:48.755] INIT: Initialized Bluespace Locker subsystem within 0 seconds!
[2020-09-13 18:57:48.790] INIT: Initialized Pacification Bans subsystem within 0 seconds!
[2020-09-13 18:57:48.790] INIT: Initialized Logging subsystem within 0 seconds!
[2020-09-13 18:57:48.790] INIT: Initialized Recycling subsystem within 0 seconds!
[2020-09-13 18:57:55.065] INIT: Initialized Atmospherics subsystem within 6.3 seconds!
[2020-09-13 18:57:55.065] INIT: Initialized Atmospherics - Turfs subsystem within 0 seconds!
[2020-09-13 18:57:58.126] INIT: Initialized Assets subsystem within 3.1 seconds!
[2020-09-13 18:58:04.086] INIT: Initialized Icon Smoothing subsystem within 5.9 seconds!
[2020-09-13 18:58:05.244] INIT: Initialized Overlay subsystem within 1.2 seconds!
[2020-09-13 18:58:05.244] INIT: Initialized XKeyScore subsystem within 0 seconds!
[2020-09-13 18:58:05.244] INIT: Initialized Sticky Ban subsystem within 0 seconds!
[2020-09-13 18:58:12.773] INIT: Initialized Lighting subsystem within 7.5 seconds!
[2020-09-13 18:58:17.777] INIT: Initialized Shuttle subsystem within 5 seconds!
[2020-09-13 18:58:17.818] INIT: Initialized Minor Mapping subsystem within 0.1 seconds!
[2020-09-13 18:58:17.819] INIT: Initialized Pathfinder subsystem within 0 seconds!
[2020-09-13 18:58:17.853] INIT: Initialized Persistence subsystem within 0 seconds!
[2020-09-13 18:58:17.853] INIT: Initialized Chat subsystem within 0 seconds!
