[2020-09-16 14:30:10.560] Starting up round ID .
 - -------------------------
[2020-09-16 14:30:16.525] INIT: Initialized Profiler subsystem within 0 seconds!
[2020-09-16 14:30:16.673] Fail2Topic: Failed to drop firewall rule. Exit code: 1.
[2020-09-16 14:30:16.673] INIT: Initialized Fail2Topic subsystem within 0.1 seconds!
[2020-09-16 14:30:16.675] INIT: Initialized Title Screen subsystem within 0 seconds!
[2020-09-16 14:30:16.675] INIT: Initialized Database subsystem within 0 seconds!
[2020-09-16 14:30:16.675] INIT: Initialized Blackbox subsystem within 0 seconds!
[2020-09-16 14:30:16.676] INIT: Initialized Server Tasks subsystem within 0 seconds!
[2020-09-16 14:30:16.677] INIT: Initialized Input subsystem within 0 seconds!
[2020-09-16 14:30:16.678] INIT: Initialized Sounds subsystem within 0 seconds!
[2020-09-16 14:30:16.678] INIT: Initialized Vis contents overlays subsystem within 0 seconds!
[2020-09-16 14:30:16.735] INIT: Initialized Research subsystem within 0.1 seconds!
[2020-09-16 14:30:16.738] INIT: Initialized Events subsystem within 0 seconds!
[2020-09-16 14:30:16.743] INIT: Initialized Jobs subsystem within 0 seconds!
[2020-09-16 14:30:16.749] INIT: Initialized Quirks subsystem within 0 seconds!
[2020-09-16 14:30:16.755] INIT: Initialized Ticker subsystem within 0 seconds!
[2020-09-16 14:30:16.767] INIT: Initialized Instruments subsystem within 0 seconds!
[2020-09-16 14:30:33.432] INIT: Initialized Mapping subsystem within 16.7 seconds!
[2020-09-16 14:30:33.446] INIT: Initialized Economy subsystem within 0 seconds!
[2020-09-16 14:30:33.447] INIT: Initialized Networks subsystem within 0 seconds!
[2020-09-16 14:30:33.447] INIT: Initialized Holodeck subsystem within 0 seconds!
[2020-09-16 14:31:09.227] INIT: Initialized Atoms subsystem within 35.8 seconds!
[2020-09-16 14:31:09.257] INIT: Initialized Language subsystem within 0 seconds!
[2020-09-16 14:31:09.429] INIT: Initialized Machines subsystem within 0.2 seconds!
[2020-09-16 14:31:09.465] INIT: Initialized Circuit subsystem within 0 seconds!
[2020-09-16 14:31:10.925] INIT: Initialized Atmos Adjacency subsystem within 1.5 seconds!
[2020-09-16 14:31:10.925] INIT: Initialized Autotransfer Vote subsystem within 0 seconds!
[2020-09-16 14:31:10.925] INIT: Initialized Chemistry subsystem within 0 seconds!
[2020-09-16 14:31:10.926] INIT: Initialized Status Effects subsystem within 0 seconds!
[2020-09-16 14:31:10.927] INIT: Initialized Weather subsystem within 0 seconds!
[2020-09-16 14:31:10.930] INIT: Initialized Disease subsystem within 0 seconds!
[2020-09-16 14:31:10.930] INIT: Initialized Jukeboxes subsystem within 0 seconds!
[2020-09-16 14:31:10.930] INIT: Initialized Medals subsystem within 0 seconds!
[2020-09-16 14:31:11.212] INIT: Initialized Minimaps subsystem within 0.3 seconds!
[2020-09-16 14:31:11.274] INIT: Initialized Night Shift subsystem within 0 seconds!
[2020-09-16 14:31:11.274] INIT: Initialized Parallax subsystem within 0 seconds!
[2020-09-16 14:31:11.275] INIT: Initialized Sun subsystem within 0 seconds!
[2020-09-16 14:31:11.501] INIT: Initialized Traumas subsystem within 0.3 seconds!
[2020-09-16 14:31:11.537] INIT: Initialized Bluespace Locker subsystem within 0 seconds!
[2020-09-16 14:31:11.566] INIT: Initialized Pacification Bans subsystem within 0 seconds!
[2020-09-16 14:31:11.566] INIT: Initialized Logging subsystem within 0 seconds!
[2020-09-16 14:31:11.566] INIT: Initialized Recycling subsystem within 0 seconds!
[2020-09-16 14:31:18.503] INIT: Initialized Atmospherics subsystem within 7 seconds!
[2020-09-16 14:31:18.503] INIT: Initialized Atmospherics - Turfs subsystem within 0 seconds!
[2020-09-16 14:31:21.872] INIT: Initialized Assets subsystem within 3.3 seconds!
[2020-09-16 14:31:28.310] INIT: Initialized Icon Smoothing subsystem within 6.5 seconds!
[2020-09-16 14:31:29.623] INIT: Initialized Overlay subsystem within 1.3 seconds!
[2020-09-16 14:31:29.623] INIT: Initialized XKeyScore subsystem within 0 seconds!
[2020-09-16 14:31:29.624] INIT: Initialized Sticky Ban subsystem within 0 seconds!
[2020-09-16 14:31:38.144] INIT: Initialized Lighting subsystem within 8.5 seconds!
[2020-09-16 14:31:41.820] INIT: Initialized Shuttle subsystem within 3.7 seconds!
[2020-09-16 14:31:41.866] INIT: Initialized Minor Mapping subsystem within 0 seconds!
[2020-09-16 14:31:41.867] INIT: Initialized Pathfinder subsystem within 0 seconds!
[2020-09-16 14:31:41.902] INIT: Initialized Persistence subsystem within 0.1 seconds!
[2020-09-16 14:31:41.902] INIT: Initialized Chat subsystem within 0 seconds!
