[2020-09-03 18:24:52.094] Starting up round ID .
 - -------------------------
[2020-09-03 18:24:57.436] INIT: Initialized Profiler subsystem within 0 seconds!
[2020-09-03 18:24:57.585] Fail2Topic: Failed to drop firewall rule. Exit code: 1.
[2020-09-03 18:24:57.585] INIT: Initialized Fail2Topic subsystem within 0.1 seconds!
[2020-09-03 18:24:57.587] INIT: Initialized Title Screen subsystem within 0 seconds!
[2020-09-03 18:24:57.587] INIT: Initialized Database subsystem within 0 seconds!
[2020-09-03 18:24:57.588] INIT: Initialized Blackbox subsystem within 0 seconds!
[2020-09-03 18:24:57.588] INIT: Initialized Server Tasks subsystem within 0 seconds!
[2020-09-03 18:24:57.589] INIT: Initialized Input subsystem within 0 seconds!
[2020-09-03 18:24:57.591] INIT: Initialized Sounds subsystem within 0 seconds!
[2020-09-03 18:24:57.591] INIT: Initialized Vis contents overlays subsystem within 0 seconds!
[2020-09-03 18:24:57.656] INIT: Initialized Research subsystem within 0.1 seconds!
[2020-09-03 18:24:57.660] INIT: Initialized Events subsystem within 0 seconds!
[2020-09-03 18:24:57.664] INIT: Initialized Jobs subsystem within 0 seconds!
[2020-09-03 18:24:57.670] INIT: Initialized Quirks subsystem within 0 seconds!
[2020-09-03 18:24:57.676] INIT: Initialized Ticker subsystem within 0 seconds!
[2020-09-03 18:24:57.688] INIT: Initialized Instruments subsystem within 0 seconds!
[2020-09-03 18:25:15.082] INIT: Initialized Mapping subsystem within 17.4 seconds!
[2020-09-03 18:25:15.095] INIT: Initialized Economy subsystem within 0 seconds!
[2020-09-03 18:25:15.096] INIT: Initialized Networks subsystem within 0 seconds!
[2020-09-03 18:25:15.096] INIT: Initialized Holodeck subsystem within 0 seconds!
[2020-09-03 18:25:46.078] INIT: Initialized Atoms subsystem within 30.9 seconds!
[2020-09-03 18:25:46.110] INIT: Initialized Language subsystem within 0.1 seconds!
[2020-09-03 18:25:46.287] INIT: Initialized Machines subsystem within 0.1 seconds!
[2020-09-03 18:25:46.326] INIT: Initialized Circuit subsystem within 0.1 seconds!
[2020-09-03 18:25:47.786] INIT: Initialized Atmos Adjacency subsystem within 1.4 seconds!
[2020-09-03 18:25:47.786] INIT: Initialized Autotransfer Vote subsystem within 0 seconds!
[2020-09-03 18:25:47.787] INIT: Initialized Chemistry subsystem within 0 seconds!
[2020-09-03 18:25:47.787] INIT: Initialized Status Effects subsystem within 0 seconds!
[2020-09-03 18:25:47.788] INIT: Initialized Weather subsystem within 0 seconds!
[2020-09-03 18:25:47.794] INIT: Initialized Disease subsystem within 0 seconds!
[2020-09-03 18:25:47.795] INIT: Initialized Jukeboxes subsystem within 0 seconds!
[2020-09-03 18:25:47.795] INIT: Initialized Medals subsystem within 0 seconds!
[2020-09-03 18:25:48.058] INIT: Initialized Minimaps subsystem within 0.3 seconds!
[2020-09-03 18:25:48.115] INIT: Initialized Night Shift subsystem within 0 seconds!
[2020-09-03 18:25:48.115] INIT: Initialized Parallax subsystem within 0 seconds!
[2020-09-03 18:25:48.115] INIT: Initialized Sun subsystem within 0 seconds!
[2020-09-03 18:25:48.350] INIT: Initialized Traumas subsystem within 0.2 seconds!
[2020-09-03 18:25:48.391] INIT: Initialized Bluespace Locker subsystem within 0 seconds!
[2020-09-03 18:25:48.425] INIT: Initialized Pacification Bans subsystem within 0 seconds!
[2020-09-03 18:25:48.425] INIT: Initialized Logging subsystem within 0 seconds!
[2020-09-03 18:25:48.425] INIT: Initialized Recycling subsystem within 0 seconds!
[2020-09-03 18:25:54.367] INIT: Initialized Atmospherics subsystem within 5.9 seconds!
[2020-09-03 18:25:54.367] INIT: Initialized Atmospherics - Turfs subsystem within 0 seconds!
[2020-09-03 18:25:57.296] INIT: Initialized Assets subsystem within 2.9 seconds!
[2020-09-03 18:26:03.950] INIT: Initialized Icon Smoothing subsystem within 6.6 seconds!
[2020-09-03 18:26:05.378] INIT: Initialized Overlay subsystem within 1.4 seconds!
[2020-09-03 18:26:05.378] INIT: Initialized XKeyScore subsystem within 0 seconds!
[2020-09-03 18:26:05.379] INIT: Initialized Sticky Ban subsystem within 0 seconds!
[2020-09-03 18:26:12.904] INIT: Initialized Lighting subsystem within 7.6 seconds!
[2020-09-03 18:26:19.966] INIT: Initialized Shuttle subsystem within 7 seconds!
[2020-09-03 18:26:20.068] INIT: Initialized Minor Mapping subsystem within 0.1 seconds!
[2020-09-03 18:26:20.069] INIT: Initialized Pathfinder subsystem within 0 seconds!
[2020-09-03 18:26:20.141] INIT: Initialized Persistence subsystem within 0.1 seconds!
[2020-09-03 18:26:20.191] INIT: Initialized Chat subsystem within 0 seconds!
