[2020-09-27 05:22:16.516] Logs from logging subsystem:
 - (2020-09-27 02:20:34) ASSET: Sending asset common.css to client Bob Joga
 - (2020-09-27 02:20:34) ASSET: Sending asset jquery.min.js to client Bob Joga
 - (2020-09-27 02:20:35) ASSET: Sending asset json2.min.js to client Bob Joga
 - (2020-09-27 02:20:35) ASSET: Sending asset browserOutput.js to client Bob Joga
 - (2020-09-27 02:20:35) ASSET: Sending asset browserOutput.css to client Bob Joga
 - (2020-09-27 02:20:35) ASSET: Sending asset browserOutput_dark.css to client Bob Joga
 - (2020-09-27 02:20:35) ASSET: Sending asset browserOutput_light.css to client Bob Joga
 - (2020-09-27 02:20:35) ASSET: Sending asset spritesheet_chat.css to client Bob Joga
 - (2020-09-27 02:20:35) ASSET: Sending asset chat_16x16.png to client Bob Joga
 - (2020-09-27 02:20:35) ASSET: Sending asset fa-regular-400.eot to client Bob Joga
 - (2020-09-27 02:20:35) ASSET: Sending asset fa-regular-400.woff to client Bob Joga
 - (2020-09-27 02:20:35) ASSET: Sending asset fa-solid-900.eot to client Bob Joga
 - (2020-09-27 02:20:35) ASSET: Sending asset fa-solid-900.woff to client Bob Joga
 - (2020-09-27 02:20:35) ASSET: Sending asset font-awesome.css to client Bob Joga
 - (2020-09-27 02:20:35) ASSET: Sending asset v4shim.css to client Bob Joga
 - (2020-09-27 02:22:13) ASSET: Sending asset spritesheet_paper.css to client Bob Joga
 - (2020-09-27 02:22:13) ASSET: Sending asset paper_121x54.png to client Bob Joga
 - (2020-09-27 02:22:13) ASSET: Sending asset spritesheet_pills.css to client Bob Joga
 - (2020-09-27 02:22:13) ASSET: Sending asset pills_22x10.png to client Bob Joga
 - (2020-09-27 02:22:13) ASSET: Sending asset pills_14x14.png to client Bob Joga
 - (2020-09-27 02:22:13) ASSET: Sending asset minimap-d1dfcb2b1f353c4239b0fb118e38f0fb.png to client Bob Joga
 - (2020-09-27 02:22:14) ASSET: Sending asset minimap-d1dfcb2b1f353c4239b0fb118e38f0fb-meta.png to client Bob Joga
 - (2020-09-27 02:22:14) ASSET: Sending asset tgui.css to client Bob Joga
 - (2020-09-27 02:22:15) ASSET: Sending asset tgui.js to client Bob Joga
 - (2020-09-27 02:22:16) ASSET: Sending asset tgui-main.html to client Bob Joga
 - (2020-09-27 02:22:16) ASSET: Sending asset tgui.bundle.js to client Bob Joga
