[2020-09-27 05:20:32.013] Starting up round ID .
 - -------------------------
[2020-09-27 05:20:38.209] INIT: Initialized Profiler subsystem within 0 seconds!
[2020-09-27 05:20:38.408] Fail2Topic: Failed to drop firewall rule. Exit code: 1.
[2020-09-27 05:20:38.409] INIT: Initialized Fail2Topic subsystem within 0.2 seconds!
[2020-09-27 05:20:38.417] INIT: Initialized Title Screen subsystem within 0 seconds!
[2020-09-27 05:20:38.417] INIT: Initialized Database subsystem within 0 seconds!
[2020-09-27 05:20:38.417] INIT: Initialized Blackbox subsystem within 0 seconds!
[2020-09-27 05:20:38.418] INIT: Initialized Server Tasks subsystem within 0 seconds!
[2020-09-27 05:20:38.419] INIT: Initialized Input subsystem within 0 seconds!
[2020-09-27 05:20:38.421] INIT: Initialized Sounds subsystem within 0 seconds!
[2020-09-27 05:20:38.421] INIT: Initialized Vis contents overlays subsystem within 0 seconds!
[2020-09-27 05:20:38.495] INIT: Initialized Research subsystem within 0 seconds!
[2020-09-27 05:20:38.499] INIT: Initialized Events subsystem within 0 seconds!
[2020-09-27 05:20:38.505] INIT: Initialized Jobs subsystem within 0.1 seconds!
[2020-09-27 05:20:38.511] INIT: Initialized Quirks subsystem within 0 seconds!
[2020-09-27 05:20:38.518] INIT: Initialized Ticker subsystem within 0 seconds!
[2020-09-27 05:20:38.535] INIT: Initialized Instruments subsystem within 0 seconds!
[2020-09-27 05:20:57.438] INIT: Initialized Mapping subsystem within 18.9 seconds!
[2020-09-27 05:20:57.454] INIT: Initialized Economy subsystem within 0 seconds!
[2020-09-27 05:20:57.455] INIT: Initialized Networks subsystem within 0 seconds!
[2020-09-27 05:20:57.455] INIT: Initialized Holodeck subsystem within 0 seconds!
[2020-09-27 05:21:34.852] INIT: Initialized Atoms subsystem within 37.4 seconds!
[2020-09-27 05:21:34.883] INIT: Initialized Language subsystem within 0 seconds!
[2020-09-27 05:21:35.051] INIT: Initialized Machines subsystem within 0.2 seconds!
[2020-09-27 05:21:35.115] INIT: Initialized Circuit subsystem within 0.1 seconds!
[2020-09-27 05:21:36.582] INIT: Initialized Atmos Adjacency subsystem within 1.4 seconds!
[2020-09-27 05:21:36.582] INIT: Initialized Autotransfer Vote subsystem within 0 seconds!
[2020-09-27 05:21:36.582] INIT: Initialized Chemistry subsystem within 0 seconds!
[2020-09-27 05:21:36.582] INIT: Initialized Status Effects subsystem within 0 seconds!
[2020-09-27 05:21:36.583] INIT: Initialized Weather subsystem within 0 seconds!
[2020-09-27 05:21:36.587] INIT: Initialized Disease subsystem within 0 seconds!
[2020-09-27 05:21:36.587] INIT: Initialized Jukeboxes subsystem within 0 seconds!
[2020-09-27 05:21:36.587] INIT: Initialized Medals subsystem within 0 seconds!
[2020-09-27 05:21:36.868] INIT: Initialized Minimaps subsystem within 0.3 seconds!
[2020-09-27 05:21:36.921] INIT: Initialized Night Shift subsystem within 0 seconds!
[2020-09-27 05:21:36.921] INIT: Initialized Parallax subsystem within 0 seconds!
[2020-09-27 05:21:36.921] INIT: Initialized Sun subsystem within 0 seconds!
[2020-09-27 05:21:37.140] INIT: Initialized Traumas subsystem within 0.2 seconds!
[2020-09-27 05:21:37.180] INIT: Initialized Bluespace Locker subsystem within 0 seconds!
[2020-09-27 05:21:37.213] INIT: Initialized Pacification Bans subsystem within 0 seconds!
[2020-09-27 05:21:37.213] INIT: Initialized Logging subsystem within 0 seconds!
[2020-09-27 05:21:37.213] INIT: Initialized Recycling subsystem within 0 seconds!
[2020-09-27 05:21:43.728] INIT: Initialized Atmospherics subsystem within 6.5 seconds!
[2020-09-27 05:21:43.728] INIT: Initialized Atmospherics - Turfs subsystem within 0 seconds!
[2020-09-27 05:21:46.921] INIT: Initialized Assets subsystem within 3.2 seconds!
[2020-09-27 05:21:54.150] INIT: Initialized Icon Smoothing subsystem within 7.2 seconds!
[2020-09-27 05:21:55.473] INIT: Initialized Overlay subsystem within 1.3 seconds!
[2020-09-27 05:21:55.473] INIT: Initialized XKeyScore subsystem within 0 seconds!
[2020-09-27 05:21:55.473] INIT: Initialized Sticky Ban subsystem within 0 seconds!
[2020-09-27 05:22:08.146] INIT: Initialized Lighting subsystem within 12.7 seconds!
[2020-09-27 05:22:12.081] INIT: Initialized Shuttle subsystem within 3.9 seconds!
[2020-09-27 05:22:12.121] INIT: Initialized Minor Mapping subsystem within 0.1 seconds!
[2020-09-27 05:22:12.121] INIT: Initialized Pathfinder subsystem within 0 seconds!
[2020-09-27 05:22:12.154] INIT: Initialized Persistence subsystem within 0 seconds!
[2020-09-27 05:22:12.154] INIT: Initialized Chat subsystem within 0 seconds!
