[2020-08-31 22:43:15.873] Starting up round ID .
 - -------------------------
[2020-08-31 22:43:21.475] INIT: Initialized Profiler subsystem within 0 seconds!
[2020-08-31 22:43:21.625] Fail2Topic: Failed to drop firewall rule. Exit code: 1.
[2020-08-31 22:43:21.626] INIT: Initialized Fail2Topic subsystem within 0.2 seconds!
[2020-08-31 22:43:21.629] INIT: Initialized Title Screen subsystem within 0 seconds!
[2020-08-31 22:43:21.629] INIT: Initialized Database subsystem within 0 seconds!
[2020-08-31 22:43:21.630] INIT: Initialized Blackbox subsystem within 0 seconds!
[2020-08-31 22:43:21.630] INIT: Initialized Server Tasks subsystem within 0 seconds!
[2020-08-31 22:43:21.631] INIT: Initialized Input subsystem within 0 seconds!
[2020-08-31 22:43:21.633] INIT: Initialized Sounds subsystem within 0 seconds!
[2020-08-31 22:43:21.633] INIT: Initialized Vis contents overlays subsystem within 0 seconds!
[2020-08-31 22:43:21.728] INIT: Initialized Research subsystem within 0.1 seconds!
[2020-08-31 22:43:21.733] INIT: Initialized Events subsystem within 0 seconds!
[2020-08-31 22:43:21.740] INIT: Initialized Jobs subsystem within 0 seconds!
[2020-08-31 22:43:21.748] INIT: Initialized Quirks subsystem within 0 seconds!
[2020-08-31 22:43:21.757] INIT: Initialized Ticker subsystem within 0 seconds!
[2020-08-31 22:43:21.791] INIT: Initialized Instruments subsystem within 0 seconds!
[2020-08-31 22:43:41.061] INIT: Initialized Mapping subsystem within 19.3 seconds!
[2020-08-31 22:43:41.073] INIT: Initialized Economy subsystem within 0 seconds!
[2020-08-31 22:43:41.074] INIT: Initialized Networks subsystem within 0 seconds!
[2020-08-31 22:43:41.074] INIT: Initialized Holodeck subsystem within 0 seconds!
[2020-08-31 22:44:16.492] INIT: Initialized Atoms subsystem within 35.4 seconds!
[2020-08-31 22:44:16.524] INIT: Initialized Language subsystem within 0 seconds!
[2020-08-31 22:44:16.698] INIT: Initialized Machines subsystem within 0.1 seconds!
[2020-08-31 22:44:16.733] INIT: Initialized Circuit subsystem within 0.1 seconds!
[2020-08-31 22:44:18.373] INIT: Initialized Atmos Adjacency subsystem within 1.6 seconds!
[2020-08-31 22:44:18.373] INIT: Initialized Autotransfer Vote subsystem within 0 seconds!
[2020-08-31 22:44:18.373] INIT: Initialized Chemistry subsystem within 0 seconds!
[2020-08-31 22:44:18.373] INIT: Initialized Status Effects subsystem within 0 seconds!
[2020-08-31 22:44:18.374] INIT: Initialized Weather subsystem within 0 seconds!
[2020-08-31 22:44:18.378] INIT: Initialized Disease subsystem within 0 seconds!
[2020-08-31 22:44:18.378] INIT: Initialized Jukeboxes subsystem within 0 seconds!
[2020-08-31 22:44:18.378] INIT: Initialized Medals subsystem within 0 seconds!
[2020-08-31 22:44:18.645] INIT: Initialized Minimaps subsystem within 0.3 seconds!
[2020-08-31 22:44:18.694] INIT: Initialized Night Shift subsystem within 0 seconds!
[2020-08-31 22:44:18.694] INIT: Initialized Parallax subsystem within 0 seconds!
[2020-08-31 22:44:18.694] INIT: Initialized Sun subsystem within 0 seconds!
[2020-08-31 22:44:18.913] INIT: Initialized Traumas subsystem within 0.3 seconds!
[2020-08-31 22:44:18.952] INIT: Initialized Bluespace Locker subsystem within 0 seconds!
[2020-08-31 22:44:18.987] INIT: Initialized Pacification Bans subsystem within 0 seconds!
[2020-08-31 22:44:18.987] INIT: Initialized Logging subsystem within 0 seconds!
[2020-08-31 22:44:18.987] INIT: Initialized Recycling subsystem within 0 seconds!
[2020-08-31 22:44:26.286] INIT: Initialized Atmospherics subsystem within 7.3 seconds!
[2020-08-31 22:44:26.286] INIT: Initialized Atmospherics - Turfs subsystem within 0 seconds!
[2020-08-31 22:44:29.331] INIT: Initialized Assets subsystem within 3.1 seconds!
[2020-08-31 22:44:35.385] INIT: Initialized Icon Smoothing subsystem within 6 seconds!
[2020-08-31 22:44:36.624] INIT: Initialized Overlay subsystem within 1.3 seconds!
[2020-08-31 22:44:36.625] INIT: Initialized XKeyScore subsystem within 0 seconds!
[2020-08-31 22:44:36.625] INIT: Initialized Sticky Ban subsystem within 0 seconds!
[2020-08-31 22:44:44.087] INIT: Initialized Lighting subsystem within 7.4 seconds!
[2020-08-31 22:44:48.361] INIT: Initialized Shuttle subsystem within 4.3 seconds!
[2020-08-31 22:44:48.396] INIT: Initialized Minor Mapping subsystem within 0 seconds!
[2020-08-31 22:44:48.418] INIT: Initialized Pathfinder subsystem within 0 seconds!
[2020-08-31 22:44:48.448] INIT: Initialized Persistence subsystem within 0 seconds!
[2020-08-31 22:44:48.448] INIT: Initialized Chat subsystem within 0 seconds!
