[2020-09-07 03:42:27.965] Starting up round ID .
 - -------------------------
[2020-09-07 03:45:50.008] TCOMMS: *no key*/(Poly) [Engineering] (spans:  ) "OH GOD ITS ABOUT TO DELAMINATE CALL THE SHUTTLE" (language: Galactic Common) (Chief Engineer's Office (116, 82, 2))
[2020-09-07 03:45:52.008] TCOMMS: *no key*/(Poly) [Engineering] (spans:  ) "WHO TOOK THE DAMN HARDSUITS?" (language: Galactic Common) (Chief Engineer's Office (116, 82, 2))
[2020-09-07 03:45:56.008] TCOMMS: *no key*/(Poly) [Engineering] (spans:  ) "OH GOD ITS ABOUT TO DELAMINATE CALL THE SHUTTLE" (language: Galactic Common) (Chief Engineer's Office (117, 82, 2))
[2020-09-07 03:46:56.200] TCOMMS: *no key*/(Poly) [Engineering] (spans:  ) "Check the crystal, you chucklefucks!" (language: Galactic Common) (Chief Engineer's Office (115, 79, 2))
[2020-09-07 03:47:28.408] TCOMMS: *no key*/(Poly) [Engineering] (spans:  ) "Poly wanna cracker!" (language: Galactic Common) (Chief Engineer's Office (115, 79, 2))
[2020-09-07 03:47:30.408] TCOMMS: *no key*/(Poly) [Engineering] (spans:  ) "Poly wanna cracker!" (language: Galactic Common) (Chief Engineer's Office (115, 79, 2))
[2020-09-07 03:47:36.423] TCOMMS: *no key*/(Poly) [Engineering] (spans:  ) "Wire the solars, you lazy bums!" (language: Galactic Common) (Chief Engineer's Office (115, 79, 2))
[2020-09-07 03:47:42.419] TCOMMS: *no key*/(Poly) [Engineering] (spans:  ) "What are you before me?" (language: Galactic Common) (Chief Engineer's Office (115, 79, 2))
[2020-09-07 03:48:54.554] TCOMMS: *no key*/(Poly) [Engineering] (spans:  ) "Wire the solars, you lazy bums!" (language: Galactic Common) (Chief Engineer's Office (115, 79, 2))
[2020-09-07 03:49:06.611] TCOMMS: *no key*/(Poly) [Engineering] (spans:  ) "WHO TOOK THE DAMN HARDSUITS?" (language: Galactic Common) (Chief Engineer's Office (115, 79, 2))
[2020-09-07 03:49:08.622] TCOMMS: *no key*/(Poly) [Engineering] (spans:  ) "Wire the solars, you lazy bums!" (language: Galactic Common) (Chief Engineer's Office (115, 79, 2))
[2020-09-07 03:50:54.899] TCOMMS: *no key*/(Poly) [Engineering] (spans:  ) "Poly wanna cracker!" (language: Galactic Common) (Chief Engineer's Office (115, 79, 2))
[2020-09-07 03:51:27.046] TCOMMS: *no key*/(Poly) [Engineering] (spans:  ) "WHO TOOK THE DAMN HARDSUITS?" (language: Galactic Common) (Chief Engineer's Office (116, 80, 2))
[2020-09-07 03:52:49.178] TCOMMS: *no key*/(Poly) [Engineering] (spans:  ) "Wire the solars, you lazy bums!" (language: Galactic Common) (Chief Engineer's Office (115, 79, 2))
[2020-09-07 03:53:53.197] TCOMMS: *no key*/(Poly) [Engineering] (spans:  ) "Wire the solars, you lazy bums!" (language: Galactic Common) (Chief Engineer's Office (117, 82, 2))
[2020-09-07 03:55:11.332] TCOMMS: *no key*/(Poly) [Engineering] (spans:  ) "OH GOD ITS ABOUT TO DELAMINATE CALL THE SHUTTLE" (language: Galactic Common) (Chief Engineer's Office (116, 79, 2))
[2020-09-07 03:55:39.364] TCOMMS: *no key*/(Poly) [Engineering] (spans:  ) "Wire the solars, you lazy bums!" (language: Galactic Common) (Chief Engineer's Office (115, 79, 2))
[2020-09-07 03:56:03.407] TCOMMS: *no key*/(Poly) [Engineering] (spans:  ) "Poly wanna cracker!" (language: Galactic Common) (Chief Engineer's Office (115, 79, 2))
[2020-09-07 03:56:23.419] TCOMMS: *no key*/(Poly) [Engineering] (spans:  ) "Wire the solars, you lazy bums!" (language: Galactic Common) (Chief Engineer's Office (115, 79, 2))
[2020-09-07 03:56:43.419] TCOMMS: *no key*/(Poly) [Engineering] (spans:  ) "Wire the solars, you lazy bums!" (language: Galactic Common) (Chief Engineer's Office (115, 79, 2))
[2020-09-07 03:57:35.427] TCOMMS: *no key*/(Poly) [Engineering] (spans:  ) "Wire the solars, you lazy bums!" (language: Galactic Common) (Chief Engineer's Office (115, 79, 2))
[2020-09-07 03:57:37.427] TCOMMS: *no key*/(Poly) [Engineering] (spans:  ) "Wire the solars, you lazy bums!" (language: Galactic Common) (Chief Engineer's Office (115, 79, 2))
[2020-09-07 03:58:07.463] TCOMMS: *no key*/(Poly) [Engineering] (spans:  ) "Poly wanna cracker!" (language: Galactic Common) (Chief Engineer's Office (115, 79, 2))
[2020-09-07 03:59:25.666] TCOMMS: *no key*/(Poly) [Engineering] (spans:  ) "Wire the solars, you lazy bums!" (language: Galactic Common) (Chief Engineer's Office (115, 79, 2))
[2020-09-07 03:59:29.664] TCOMMS: *no key*/(Poly) [Engineering] (spans:  ) "What are you before me?" (language: Galactic Common) (Chief Engineer's Office (115, 79, 2))
[2020-09-07 03:59:55.770] TCOMMS: *no key*/(Poly) [Engineering] (spans:  ) "What are you before me?" (language: Galactic Common) (Chief Engineer's Office (115, 79, 2))
[2020-09-07 04:00:59.979] TCOMMS: *no key*/(Poly) [Engineering] (spans:  ) "Wire the solars, you lazy bums!" (language: Galactic Common) (Chief Engineer's Office (116, 79, 2))
[2020-09-07 04:01:32.253] TCOMMS: *no key*/(Poly) [Engineering] (spans:  ) "Poly wanna cracker!" (language: Galactic Common) (Chief Engineer's Office (115, 79, 2))
[2020-09-07 04:01:36.258] TCOMMS: *no key*/(Poly) [Engineering] (spans:  ) "What are you before me?" (language: Galactic Common) (Chief Engineer's Office (115, 79, 2))
[2020-09-07 04:01:38.368] TCOMMS: *no key*/(Poly) [Engineering] (spans:  ) "What are you before me?" (language: Galactic Common) (Chief Engineer's Office (115, 79, 2))
[2020-09-07 04:02:36.580] TCOMMS: *no key*/(Poly) [Engineering] (spans:  ) "OH GOD ITS ABOUT TO DELAMINATE CALL THE SHUTTLE" (language: Galactic Common) (Chief Engineer's Office (118, 79, 2))
[2020-09-07 04:02:46.623] TCOMMS: *no key*/(Poly) [Engineering] (spans:  ) "Poly wanna cracker!" (language: Galactic Common) (Chief Engineer's Office (118, 79, 2))
