[2020-08-28 01:33:58.181] Starting up round ID .
 - -------------------------
[2020-08-28 01:34:03.702] INIT: Initialized Profiler subsystem within 0 seconds!
[2020-08-28 01:34:03.904] Fail2Topic: Failed to drop firewall rule. Exit code: 1.
[2020-08-28 01:34:03.904] INIT: Initialized Fail2Topic subsystem within 0.2 seconds!
[2020-08-28 01:34:03.905] INIT: Initialized Title Screen subsystem within 0 seconds!
[2020-08-28 01:34:03.906] INIT: Initialized Database subsystem within 0 seconds!
[2020-08-28 01:34:03.906] INIT: Initialized Blackbox subsystem within 0 seconds!
[2020-08-28 01:34:03.906] INIT: Initialized Server Tasks subsystem within 0 seconds!
[2020-08-28 01:34:03.908] INIT: Initialized Input subsystem within 0 seconds!
[2020-08-28 01:34:03.912] INIT: Initialized Sounds subsystem within 0 seconds!
[2020-08-28 01:34:03.912] INIT: Initialized Vis contents overlays subsystem within 0 seconds!
[2020-08-28 01:34:03.984] INIT: Initialized Research subsystem within 0 seconds!
[2020-08-28 01:34:03.987] INIT: Initialized Events subsystem within 0 seconds!
[2020-08-28 01:34:03.992] INIT: Initialized Jobs subsystem within 0 seconds!
[2020-08-28 01:34:04.000] INIT: Initialized Quirks subsystem within 0 seconds!
[2020-08-28 01:34:04.006] INIT: Initialized Ticker subsystem within 0 seconds!
[2020-08-28 01:34:04.021] INIT: Initialized Instruments subsystem within 0 seconds!
[2020-08-28 01:34:21.443] INIT: Initialized Mapping subsystem within 17.4 seconds!
[2020-08-28 01:34:21.456] INIT: Initialized Economy subsystem within 0 seconds!
[2020-08-28 01:34:21.457] INIT: Initialized Networks subsystem within 0 seconds!
[2020-08-28 01:34:21.457] INIT: Initialized Holodeck subsystem within 0 seconds!
[2020-08-28 01:34:52.791] INIT: Initialized Atoms subsystem within 31.3 seconds!
[2020-08-28 01:34:52.817] INIT: Initialized Language subsystem within 0 seconds!
[2020-08-28 01:34:52.968] INIT: Initialized Machines subsystem within 0.1 seconds!
[2020-08-28 01:34:53.003] INIT: Initialized Circuit subsystem within 0.1 seconds!
[2020-08-28 01:34:54.355] INIT: Initialized Atmos Adjacency subsystem within 1.3 seconds!
[2020-08-28 01:34:54.355] INIT: Initialized Autotransfer Vote subsystem within 0 seconds!
[2020-08-28 01:34:54.356] INIT: Initialized Chemistry subsystem within 0 seconds!
[2020-08-28 01:34:54.356] INIT: Initialized Status Effects subsystem within 0 seconds!
[2020-08-28 01:34:54.357] INIT: Initialized Weather subsystem within 0 seconds!
[2020-08-28 01:34:54.360] INIT: Initialized Disease subsystem within 0 seconds!
[2020-08-28 01:34:54.360] INIT: Initialized Jukeboxes subsystem within 0 seconds!
[2020-08-28 01:34:54.360] INIT: Initialized Medals subsystem within 0 seconds!
[2020-08-28 01:34:54.622] INIT: Initialized Minimaps subsystem within 0.3 seconds!
[2020-08-28 01:34:54.669] INIT: Initialized Night Shift subsystem within 0 seconds!
[2020-08-28 01:34:54.669] INIT: Initialized Parallax subsystem within 0 seconds!
[2020-08-28 01:34:54.669] INIT: Initialized Sun subsystem within 0 seconds!
[2020-08-28 01:34:54.886] INIT: Initialized Traumas subsystem within 0.2 seconds!
[2020-08-28 01:34:54.930] INIT: Initialized Bluespace Locker subsystem within 0.1 seconds!
[2020-08-28 01:34:54.978] INIT: Initialized Pacification Bans subsystem within 0 seconds!
[2020-08-28 01:34:54.978] INIT: Initialized Logging subsystem within 0 seconds!
[2020-08-28 01:34:54.978] INIT: Initialized Recycling subsystem within 0 seconds!
[2020-08-28 01:35:00.935] INIT: Initialized Atmospherics subsystem within 6 seconds!
[2020-08-28 01:35:00.935] INIT: Initialized Atmospherics - Turfs subsystem within 0 seconds!
[2020-08-28 01:35:03.943] INIT: Initialized Assets subsystem within 3 seconds!
[2020-08-28 01:35:10.544] INIT: Initialized Icon Smoothing subsystem within 6.6 seconds!
[2020-08-28 01:35:11.779] INIT: Initialized Overlay subsystem within 1.2 seconds!
[2020-08-28 01:35:11.779] INIT: Initialized XKeyScore subsystem within 0 seconds!
[2020-08-28 01:35:11.780] INIT: Initialized Sticky Ban subsystem within 0 seconds!
[2020-08-28 01:35:19.857] INIT: Initialized Lighting subsystem within 8.1 seconds!
[2020-08-28 01:35:23.446] INIT: Initialized Shuttle subsystem within 3.6 seconds!
[2020-08-28 01:35:23.497] INIT: Initialized Minor Mapping subsystem within 0 seconds!
[2020-08-28 01:35:23.498] INIT: Initialized Pathfinder subsystem within 0 seconds!
[2020-08-28 01:35:23.530] INIT: Initialized Persistence subsystem within 0.1 seconds!
[2020-08-28 01:35:23.530] INIT: Initialized Chat subsystem within 0 seconds!
