[2020-08-28 18:06:40.052] Starting up round ID .
 - -------------------------
[2020-08-28 18:06:45.455] INIT: Initialized Profiler subsystem within 0 seconds!
[2020-08-28 18:06:45.604] Fail2Topic: Failed to drop firewall rule. Exit code: 1.
[2020-08-28 18:06:45.604] INIT: Initialized Fail2Topic subsystem within 0.2 seconds!
[2020-08-28 18:06:45.605] INIT: Initialized Title Screen subsystem within 0 seconds!
[2020-08-28 18:06:45.605] INIT: Initialized Database subsystem within 0 seconds!
[2020-08-28 18:06:45.606] INIT: Initialized Blackbox subsystem within 0 seconds!
[2020-08-28 18:06:45.606] INIT: Initialized Server Tasks subsystem within 0 seconds!
[2020-08-28 18:06:45.607] INIT: Initialized Input subsystem within 0 seconds!
[2020-08-28 18:06:45.609] INIT: Initialized Sounds subsystem within 0 seconds!
[2020-08-28 18:06:45.609] INIT: Initialized Vis contents overlays subsystem within 0 seconds!
[2020-08-28 18:06:45.664] INIT: Initialized Research subsystem within 0 seconds!
[2020-08-28 18:06:45.667] INIT: Initialized Events subsystem within 0 seconds!
[2020-08-28 18:06:45.671] INIT: Initialized Jobs subsystem within 0 seconds!
[2020-08-28 18:06:45.677] INIT: Initialized Quirks subsystem within 0 seconds!
[2020-08-28 18:06:45.683] INIT: Initialized Ticker subsystem within 0 seconds!
[2020-08-28 18:06:45.695] INIT: Initialized Instruments subsystem within 0 seconds!
[2020-08-28 18:07:02.565] INIT: Initialized Mapping subsystem within 16.9 seconds!
[2020-08-28 18:07:02.575] INIT: Initialized Economy subsystem within 0 seconds!
[2020-08-28 18:07:02.576] INIT: Initialized Networks subsystem within 0 seconds!
[2020-08-28 18:07:02.576] INIT: Initialized Holodeck subsystem within 0 seconds!
[2020-08-28 18:07:35.764] INIT: Initialized Atoms subsystem within 33.2 seconds!
[2020-08-28 18:07:35.792] INIT: Initialized Language subsystem within 0 seconds!
[2020-08-28 18:07:35.950] INIT: Initialized Machines subsystem within 0.2 seconds!
[2020-08-28 18:07:35.986] INIT: Initialized Circuit subsystem within 0 seconds!
[2020-08-28 18:07:37.308] INIT: Initialized Atmos Adjacency subsystem within 1.4 seconds!
[2020-08-28 18:07:37.309] INIT: Initialized Autotransfer Vote subsystem within 0 seconds!
[2020-08-28 18:07:37.309] INIT: Initialized Chemistry subsystem within 0 seconds!
[2020-08-28 18:07:37.309] INIT: Initialized Status Effects subsystem within 0 seconds!
[2020-08-28 18:07:37.310] INIT: Initialized Weather subsystem within 0 seconds!
[2020-08-28 18:07:37.313] INIT: Initialized Disease subsystem within 0 seconds!
[2020-08-28 18:07:37.314] INIT: Initialized Jukeboxes subsystem within 0 seconds!
[2020-08-28 18:07:37.314] INIT: Initialized Medals subsystem within 0 seconds!
[2020-08-28 18:07:37.571] INIT: Initialized Minimaps subsystem within 0.2 seconds!
[2020-08-28 18:07:37.619] INIT: Initialized Night Shift subsystem within 0 seconds!
[2020-08-28 18:07:37.619] INIT: Initialized Parallax subsystem within 0 seconds!
[2020-08-28 18:07:37.619] INIT: Initialized Sun subsystem within 0 seconds!
[2020-08-28 18:07:37.839] INIT: Initialized Traumas subsystem within 0.2 seconds!
[2020-08-28 18:07:37.877] INIT: Initialized Bluespace Locker subsystem within 0 seconds!
[2020-08-28 18:07:37.907] INIT: Initialized Pacification Bans subsystem within 0 seconds!
[2020-08-28 18:07:37.907] INIT: Initialized Logging subsystem within 0 seconds!
[2020-08-28 18:07:37.907] INIT: Initialized Recycling subsystem within 0 seconds!
[2020-08-28 18:07:43.744] INIT: Initialized Atmospherics subsystem within 5.8 seconds!
[2020-08-28 18:07:43.744] INIT: Initialized Atmospherics - Turfs subsystem within 0 seconds!
[2020-08-28 18:07:46.777] INIT: Initialized Assets subsystem within 3 seconds!
[2020-08-28 18:07:52.811] INIT: Initialized Icon Smoothing subsystem within 6 seconds!
[2020-08-28 18:07:54.118] INIT: Initialized Overlay subsystem within 1.3 seconds!
[2020-08-28 18:07:54.118] INIT: Initialized XKeyScore subsystem within 0 seconds!
[2020-08-28 18:07:54.119] INIT: Initialized Sticky Ban subsystem within 0 seconds!
[2020-08-28 18:08:02.144] INIT: Initialized Lighting subsystem within 8 seconds!
[2020-08-28 18:08:06.776] INIT: Initialized Shuttle subsystem within 4.6 seconds!
[2020-08-28 18:08:06.813] INIT: Initialized Minor Mapping subsystem within 0.1 seconds!
[2020-08-28 18:08:06.814] INIT: Initialized Pathfinder subsystem within 0 seconds!
[2020-08-28 18:08:06.843] INIT: Initialized Persistence subsystem within 0 seconds!
[2020-08-28 18:08:06.874] INIT: Initialized Chat subsystem within 0 seconds!
