[2020-09-06 21:03:50.244] Starting up round ID .
 - -------------------------
[2020-09-06 21:03:56.961] INIT: Initialized Profiler subsystem within 0 seconds!
[2020-09-06 21:03:57.211] Fail2Topic: Failed to drop firewall rule. Exit code: 1.
[2020-09-06 21:03:57.211] INIT: Initialized Fail2Topic subsystem within 0.3 seconds!
[2020-09-06 21:03:57.213] INIT: Initialized Title Screen subsystem within 0 seconds!
[2020-09-06 21:03:57.213] INIT: Initialized Database subsystem within 0 seconds!
[2020-09-06 21:03:57.213] INIT: Initialized Blackbox subsystem within 0 seconds!
[2020-09-06 21:03:57.214] INIT: Initialized Server Tasks subsystem within 0 seconds!
[2020-09-06 21:03:57.219] INIT: Initialized Input subsystem within 0 seconds!
[2020-09-06 21:03:57.224] INIT: Initialized Sounds subsystem within 0 seconds!
[2020-09-06 21:03:57.224] INIT: Initialized Vis contents overlays subsystem within 0 seconds!
[2020-09-06 21:03:57.396] INIT: Initialized Research subsystem within 0.1 seconds!
[2020-09-06 21:03:57.403] INIT: Initialized Events subsystem within 0.1 seconds!
[2020-09-06 21:03:57.409] INIT: Initialized Jobs subsystem within 0 seconds!
[2020-09-06 21:03:57.420] INIT: Initialized Quirks subsystem within 0 seconds!
[2020-09-06 21:03:57.429] INIT: Initialized Ticker subsystem within 0 seconds!
[2020-09-06 21:03:57.456] INIT: Initialized Instruments subsystem within 0 seconds!
[2020-09-06 21:04:16.287] INIT: Initialized Mapping subsystem within 18.8 seconds!
[2020-09-06 21:04:16.303] INIT: Initialized Economy subsystem within 0 seconds!
[2020-09-06 21:04:16.304] INIT: Initialized Networks subsystem within 0 seconds!
[2020-09-06 21:04:16.304] INIT: Initialized Holodeck subsystem within 0 seconds!
[2020-09-06 21:04:57.175] INIT: Initialized Atoms subsystem within 40.8 seconds!
[2020-09-06 21:04:57.205] INIT: Initialized Language subsystem within 0.1 seconds!
[2020-09-06 21:04:57.370] INIT: Initialized Machines subsystem within 0.1 seconds!
[2020-09-06 21:04:57.412] INIT: Initialized Circuit subsystem within 0.1 seconds!
[2020-09-06 21:04:59.083] INIT: Initialized Atmos Adjacency subsystem within 1.6 seconds!
[2020-09-06 21:04:59.084] INIT: Initialized Autotransfer Vote subsystem within 0 seconds!
[2020-09-06 21:04:59.084] INIT: Initialized Chemistry subsystem within 0 seconds!
[2020-09-06 21:04:59.084] INIT: Initialized Status Effects subsystem within 0 seconds!
[2020-09-06 21:04:59.086] INIT: Initialized Weather subsystem within 0 seconds!
[2020-09-06 21:04:59.090] INIT: Initialized Disease subsystem within 0 seconds!
[2020-09-06 21:04:59.090] INIT: Initialized Jukeboxes subsystem within 0 seconds!
[2020-09-06 21:04:59.090] INIT: Initialized Medals subsystem within 0 seconds!
[2020-09-06 21:04:59.389] INIT: Initialized Minimaps subsystem within 0.3 seconds!
[2020-09-06 21:04:59.461] INIT: Initialized Night Shift subsystem within 0 seconds!
[2020-09-06 21:04:59.461] INIT: Initialized Parallax subsystem within 0 seconds!
[2020-09-06 21:04:59.461] INIT: Initialized Sun subsystem within 0 seconds!
[2020-09-06 21:04:59.744] INIT: Initialized Traumas subsystem within 0.3 seconds!
[2020-09-06 21:04:59.831] INIT: Initialized Bluespace Locker subsystem within 0.1 seconds!
[2020-09-06 21:04:59.832] INIT: Initialized Pacification Bans subsystem within 0 seconds!
[2020-09-06 21:04:59.832] INIT: Initialized Logging subsystem within 0 seconds!
[2020-09-06 21:04:59.832] INIT: Initialized Recycling subsystem within 0 seconds!
[2020-09-06 21:05:07.285] INIT: Initialized Atmospherics subsystem within 7.4 seconds!
[2020-09-06 21:05:07.286] INIT: Initialized Atmospherics - Turfs subsystem within 0 seconds!
