[2020-08-29 23:40:38.065] Starting up round ID .
 - -------------------------
[2020-08-29 23:40:38.128] ADMIN: Loading Banlist
[2020-08-29 23:40:38.156] ACCESS: Login: Bob Joga from localhost-3000796718 || BYOND v513.1528
[2020-08-29 23:40:38.157] ACCESS: Mob Login: Bob Joga/(Bob Joga) was assigned to a /mob/dead/new_player
[2020-08-29 23:40:40.939] GAME: Bob Joga/(Bob Joga) Client Bob Joga/(Bob Joga) has taken ownership of mob Bob Joga(/mob/dead/new_player) (start area (11, 174, 1))
[2020-08-29 23:40:44.382] GAME: Saved mode is 'extended'
[2020-08-29 23:40:51.889] ADMIN: Bob Joga has started the game.
[2020-08-29 23:40:56.187] GAME: Hierophant's Arena loaded at 182,91,6
[2020-08-29 23:40:56.205] GAME: Blood-Drunk Miner (Guidance) loaded at 57,208,6
[2020-08-29 23:40:56.224] GAME: Blood-Drunk Miner (Hunter) loaded at 49,160,6
[2020-08-29 23:40:56.243] GAME: Blood-Drunk Miner loaded at 179,42,6
[2020-08-29 23:40:56.265] GAME: King Goat Boss Ruin loaded at 121,41,6
[2020-08-29 23:40:56.292] GAME: Rogue's Arena loaded at 210,58,6
[2020-08-29 23:40:56.347] GAME: Sif's Sword loaded at 145,149,6
[2020-08-29 23:40:56.361] GAME: Pulsating Tumor loaded at 163,62,6
[2020-08-29 23:40:56.384] GAME: Fountain Hall loaded at 102,81,6
[2020-08-29 23:40:56.429] GAME: Ruin of Gluttony loaded at 210,178,6
[2020-08-29 23:40:56.430] GAME: Biodome Clown Planet loaded at 208,32,6
[2020-08-29 23:40:56.442] GAME: Pulsating Tumor loaded at 38,157,6
[2020-08-29 23:40:56.497] GAME: Dead God loaded at 75,97,6
[2020-08-29 23:40:56.510] GAME: Pulsating Tumor loaded at 167,192,6
[2020-08-29 23:40:56.523] GAME: Pulsating Tumor loaded at 69,67,6
[2020-08-29 23:40:56.533] GAME: Pulsating Tumor loaded at 191,130,6
[2020-08-29 23:40:56.557] GAME: Summoning Ritual loaded at 176,179,6
[2020-08-29 23:40:56.603] GAME: The Wishgranter Cube loaded at 76,130,6
[2020-08-29 23:40:59.852] GAME: Abandoned Teleporter loaded at 181,180,4
[2020-08-29 23:40:59.872] GAME: Whiteship Dock loaded at 50,135,8
[2020-08-29 23:40:59.900] GAME: Authorship loaded at 114,72,8
[2020-08-29 23:41:00.093] GAME: Survivalist Bunker loaded at 157,98,3
[2020-08-29 23:41:00.189] GAME: A Giant Ball of Paper in Space loaded at 148,78,4
[2020-08-29 23:41:00.234] GAME: NT Medical Ship loaded at 143,143,8
[2020-08-29 23:41:00.284] GAME: Asteroid 5 loaded at 141,94,8
[2020-08-29 23:41:00.330] GAME: Derelict 4 loaded at 184,199,4
[2020-08-29 23:41:00.380] GAME: Hilbert Research Facility loaded at 136,190,8
[2020-08-29 23:41:00.440] GAME: Derelict 5 loaded at 30,185,4
[2020-08-29 23:41:00.475] GAME: Ancient Cloning Lab loaded at 196,150,3
[2020-08-29 23:41:00.499] GAME: Asteroid 1 loaded at 76,27,7
[2020-08-29 23:41:00.528] GAME: Strange Ship loaded at 58,103,7
[2020-08-29 23:41:00.555] GAME: Empty Shell loaded at 183,86,8
[2020-08-29 23:41:00.597] GAME: DJ Station loaded at 213,89,7
[2020-08-29 23:41:00.635] GAME: Derelict 3 loaded at 29,53,4
[2020-08-29 23:41:00.669] GAME: Monitoring Roid loaded at 146,205,2
[2020-08-29 23:41:00.694] GAME: Mineable Asteroid 5 loaded at 26,200,2
[2020-08-29 23:41:00.701] GAME: Mineable Asteroid 1 loaded at 166,199,2
[2020-08-29 23:41:00.714] GAME: Maze Roid loaded at 215,196,2
[2020-08-29 23:41:00.728] GAME: Crab Roid loaded at 36,50,2
[2020-08-29 23:41:00.750] GAME: Mineable Asteroid 2 loaded at 176,206,2
[2020-08-29 23:41:00.758] GAME: Mineable Asteroid 1 loaded at 62,216,2
[2020-08-29 23:41:00.765] GAME: Mineable Asteroid 1 loaded at 220,63,2
[2020-08-29 23:41:00.784] GAME: Dead wizard Roid loaded at 43,32,2
[2020-08-29 23:41:00.797] GAME: Mineable Asteroid 3 loaded at 24,22,2
[2020-08-29 23:41:00.864] GAME: Box Singulo loaded at 96,49,2
[2020-08-29 23:41:01.128] GAME: Public Mining Base loaded at 1,1,6
[2020-08-29 23:41:10.419] ADMIN: Bob Joga has started the game.
[2020-08-29 23:41:46.580] ADMIN: Bob Joga has started the game.
[2020-08-29 23:42:00.436] GAME: Backup Shuttle loaded at 84,206,1
[2020-08-29 23:42:00.555] GAME: assault pod (Default) loaded at 85,207,1
[2020-08-29 23:42:00.881] GAME: basic syndicate infiltrator loaded at 80,199,1
[2020-08-29 23:42:01.146] GAME: fancy transport ferry loaded at 82,208,1
[2020-08-29 23:42:01.316] GAME: Box Station Emergency Shuttle loaded at 83,199,1
[2020-08-29 23:42:01.499] GAME: cargo ferry (Box) loaded at 85,204,1
[2020-08-29 23:42:02.084] GAME: escape pod (Default) loaded at 87,208,1
[2020-08-29 23:42:02.111] GAME: escape pod (Default) loaded at 87,208,1
[2020-08-29 23:42:02.163] GAME: auxilliary base (Default) loaded at 84,206,1
[2020-08-29 23:42:02.272] GAME: arrival shuttle (Box) loaded at 81,207,1
[2020-08-29 23:42:02.378] GAME: mining shuttle (Box) loaded at 86,207,1
[2020-08-29 23:42:02.433] GAME: labour shuttle (Box) loaded at 86,206,1
[2020-08-29 23:42:02.480] GAME: escape pod (Default) loaded at 87,208,1
[2020-08-29 23:42:02.507] GAME: escape pod (Default) loaded at 87,208,1
[2020-08-29 23:42:02.534] GAME: lavaland Mining Elevator loaded at 86,208,1
[2020-08-29 23:42:03.833] GAME: Hospital Ship loaded at 73,202,1
[2020-08-29 23:42:04.206] VOTE: Roundtype vote started by server.
[2020-08-29 23:42:05.799] VOTE: <b>Roundtype Vote</b><b>Vote Result: Inconclusive - No Votes!</b>
[2020-08-29 23:42:06.320] GAME: *no key*/(Bob Joga) *no key*/(Bob Joga) is no longer owning mob Bob Joga(/mob/dead/new_player) (start area (11, 174, 1))
[2020-08-29 23:42:06.320] ACCESS: Mob Login: Bob Joga/(Cockmistress) was assigned to a /mob/living/carbon/human
[2020-08-29 23:42:06.995] GAME: Bob Joga/(Cockmistress) Client Bob Joga/(Cockmistress) has taken ownership of mob (/mob/living/carbon/human) (Prison Wing (113, 211, 2))
[2020-08-29 23:43:12.783] ADMIN: Bob Joga/(Cockmistress) changed the equipment of Bob Joga/(Cockmistress) to /datum/outfit/job/captain.
