[2020-08-29 23:40:38.070] Starting up round ID .
 - -------------------------
[2020-08-29 23:40:44.109] INIT: Initialized Profiler subsystem within 0 seconds!
[2020-08-29 23:40:44.308] Fail2Topic: Failed to drop firewall rule. Exit code: 1.
[2020-08-29 23:40:44.308] INIT: Initialized Fail2Topic subsystem within 0.2 seconds!
[2020-08-29 23:40:44.312] INIT: Initialized Title Screen subsystem within 0 seconds!
[2020-08-29 23:40:44.312] INIT: Initialized Database subsystem within 0 seconds!
[2020-08-29 23:40:44.312] INIT: Initialized Blackbox subsystem within 0 seconds!
[2020-08-29 23:40:44.312] INIT: Initialized Server Tasks subsystem within 0 seconds!
[2020-08-29 23:40:44.313] INIT: Initialized Input subsystem within 0 seconds!
[2020-08-29 23:40:44.315] INIT: Initialized Sounds subsystem within 0 seconds!
[2020-08-29 23:40:44.315] INIT: Initialized Vis contents overlays subsystem within 0 seconds!
[2020-08-29 23:40:44.370] INIT: Initialized Research subsystem within 0 seconds!
[2020-08-29 23:40:44.373] INIT: Initialized Events subsystem within 0 seconds!
[2020-08-29 23:40:44.377] INIT: Initialized Jobs subsystem within 0 seconds!
[2020-08-29 23:40:44.382] INIT: Initialized Quirks subsystem within 0 seconds!
[2020-08-29 23:40:44.388] INIT: Initialized Ticker subsystem within 0 seconds!
[2020-08-29 23:40:44.401] INIT: Initialized Instruments subsystem within 0.1 seconds!
[2020-08-29 23:41:01.571] INIT: Initialized Mapping subsystem within 17.1 seconds!
[2020-08-29 23:41:01.587] INIT: Initialized Economy subsystem within 0 seconds!
[2020-08-29 23:41:01.588] INIT: Initialized Networks subsystem within 0 seconds!
[2020-08-29 23:41:01.588] INIT: Initialized Holodeck subsystem within 0 seconds!
[2020-08-29 23:41:33.560] INIT: Initialized Atoms subsystem within 31.9 seconds!
[2020-08-29 23:41:33.594] INIT: Initialized Language subsystem within 0 seconds!
[2020-08-29 23:41:33.758] INIT: Initialized Machines subsystem within 0.2 seconds!
[2020-08-29 23:41:33.794] INIT: Initialized Circuit subsystem within 0 seconds!
[2020-08-29 23:41:35.183] INIT: Initialized Atmos Adjacency subsystem within 1.4 seconds!
[2020-08-29 23:41:35.183] INIT: Initialized Autotransfer Vote subsystem within 0 seconds!
[2020-08-29 23:41:35.183] INIT: Initialized Chemistry subsystem within 0 seconds!
[2020-08-29 23:41:35.183] INIT: Initialized Status Effects subsystem within 0 seconds!
[2020-08-29 23:41:35.184] INIT: Initialized Weather subsystem within 0 seconds!
[2020-08-29 23:41:35.187] INIT: Initialized Disease subsystem within 0 seconds!
[2020-08-29 23:41:35.187] INIT: Initialized Jukeboxes subsystem within 0 seconds!
[2020-08-29 23:41:35.188] INIT: Initialized Medals subsystem within 0 seconds!
[2020-08-29 23:41:35.462] INIT: Initialized Minimaps subsystem within 0.3 seconds!
[2020-08-29 23:41:35.522] INIT: Initialized Night Shift subsystem within 0 seconds!
[2020-08-29 23:41:35.522] INIT: Initialized Parallax subsystem within 0 seconds!
[2020-08-29 23:41:35.522] INIT: Initialized Sun subsystem within 0 seconds!
[2020-08-29 23:41:35.735] INIT: Initialized Traumas subsystem within 0.2 seconds!
[2020-08-29 23:41:35.770] INIT: Initialized Bluespace Locker subsystem within 0 seconds!
[2020-08-29 23:41:35.770] INIT: Initialized Pacification Bans subsystem within 0 seconds!
[2020-08-29 23:41:35.771] INIT: Initialized Logging subsystem within 0 seconds!
[2020-08-29 23:41:35.771] INIT: Initialized Recycling subsystem within 0 seconds!
[2020-08-29 23:41:42.235] INIT: Initialized Atmospherics subsystem within 6.5 seconds!
[2020-08-29 23:41:42.236] INIT: Initialized Atmospherics - Turfs subsystem within 0 seconds!
[2020-08-29 23:41:45.399] INIT: Initialized Assets subsystem within 3.1 seconds!
[2020-08-29 23:41:51.648] INIT: Initialized Icon Smoothing subsystem within 6.2 seconds!
[2020-08-29 23:41:52.904] INIT: Initialized Overlay subsystem within 1.3 seconds!
[2020-08-29 23:41:52.904] INIT: Initialized XKeyScore subsystem within 0 seconds!
[2020-08-29 23:41:52.905] INIT: Initialized Sticky Ban subsystem within 0 seconds!
[2020-08-29 23:42:00.398] INIT: Initialized Lighting subsystem within 7.4 seconds!
[2020-08-29 23:42:04.081] INIT: Initialized Shuttle subsystem within 3.7 seconds!
[2020-08-29 23:42:04.120] INIT: Initialized Minor Mapping subsystem within 0.1 seconds!
[2020-08-29 23:42:04.121] INIT: Initialized Pathfinder subsystem within 0 seconds!
[2020-08-29 23:42:04.150] INIT: Initialized Persistence subsystem within 0 seconds!
[2020-08-29 23:42:04.151] INIT: Initialized Chat subsystem within 0 seconds!
