[2020-09-03 13:02:16.368] Starting up round ID .
 - -------------------------
[2020-09-03 13:02:22.272] INIT: Initialized Profiler subsystem within 0 seconds!
[2020-09-03 13:02:22.472] Fail2Topic: Failed to drop firewall rule. Exit code: 1.
[2020-09-03 13:02:22.472] INIT: Initialized Fail2Topic subsystem within 0.2 seconds!
[2020-09-03 13:02:22.474] INIT: Initialized Title Screen subsystem within 0 seconds!
[2020-09-03 13:02:22.474] INIT: Initialized Database subsystem within 0 seconds!
[2020-09-03 13:02:22.474] INIT: Initialized Blackbox subsystem within 0 seconds!
[2020-09-03 13:02:22.475] INIT: Initialized Server Tasks subsystem within 0 seconds!
[2020-09-03 13:02:22.477] INIT: Initialized Input subsystem within 0 seconds!
[2020-09-03 13:02:22.478] INIT: Initialized Sounds subsystem within 0 seconds!
[2020-09-03 13:02:22.479] INIT: Initialized Vis contents overlays subsystem within 0 seconds!
[2020-09-03 13:02:22.556] INIT: Initialized Research subsystem within 0.1 seconds!
[2020-09-03 13:02:22.559] INIT: Initialized Events subsystem within 0 seconds!
[2020-09-03 13:02:22.563] INIT: Initialized Jobs subsystem within 0 seconds!
[2020-09-03 13:02:22.572] INIT: Initialized Quirks subsystem within 0 seconds!
[2020-09-03 13:02:22.578] INIT: Initialized Ticker subsystem within 0 seconds!
[2020-09-03 13:02:22.592] INIT: Initialized Instruments subsystem within 0 seconds!
[2020-09-03 13:02:42.222] INIT: Initialized Mapping subsystem within 19.7 seconds!
[2020-09-03 13:02:42.234] INIT: Initialized Economy subsystem within 0 seconds!
[2020-09-03 13:02:42.235] INIT: Initialized Networks subsystem within 0 seconds!
[2020-09-03 13:02:42.235] INIT: Initialized Holodeck subsystem within 0 seconds!
[2020-09-03 13:03:17.112] INIT: Initialized Atoms subsystem within 34.9 seconds!
[2020-09-03 13:03:17.141] INIT: Initialized Language subsystem within 0 seconds!
[2020-09-03 13:03:17.307] INIT: Initialized Machines subsystem within 0.2 seconds!
[2020-09-03 13:03:17.342] INIT: Initialized Circuit subsystem within 0 seconds!
[2020-09-03 13:03:18.821] INIT: Initialized Atmos Adjacency subsystem within 1.5 seconds!
[2020-09-03 13:03:18.821] INIT: Initialized Autotransfer Vote subsystem within 0 seconds!
[2020-09-03 13:03:18.821] INIT: Initialized Chemistry subsystem within 0 seconds!
[2020-09-03 13:03:18.821] INIT: Initialized Status Effects subsystem within 0 seconds!
[2020-09-03 13:03:18.822] INIT: Initialized Weather subsystem within 0 seconds!
[2020-09-03 13:03:18.826] INIT: Initialized Disease subsystem within 0 seconds!
[2020-09-03 13:03:18.826] INIT: Initialized Jukeboxes subsystem within 0 seconds!
[2020-09-03 13:03:18.826] INIT: Initialized Medals subsystem within 0 seconds!
[2020-09-03 13:03:19.083] INIT: Initialized Minimaps subsystem within 0.2 seconds!
[2020-09-03 13:03:19.137] INIT: Initialized Night Shift subsystem within 0 seconds!
[2020-09-03 13:03:19.137] INIT: Initialized Parallax subsystem within 0 seconds!
[2020-09-03 13:03:19.138] INIT: Initialized Sun subsystem within 0 seconds!
[2020-09-03 13:03:19.378] INIT: Initialized Traumas subsystem within 0.2 seconds!
[2020-09-03 13:03:19.416] INIT: Initialized Bluespace Locker subsystem within 0.1 seconds!
[2020-09-03 13:03:19.443] INIT: Initialized Pacification Bans subsystem within 0 seconds!
[2020-09-03 13:03:19.443] INIT: Initialized Logging subsystem within 0 seconds!
[2020-09-03 13:03:19.443] INIT: Initialized Recycling subsystem within 0 seconds!
[2020-09-03 13:03:26.142] INIT: Initialized Atmospherics subsystem within 6.7 seconds!
[2020-09-03 13:03:26.142] INIT: Initialized Atmospherics - Turfs subsystem within 0 seconds!
[2020-09-03 13:03:29.255] INIT: Initialized Assets subsystem within 3.1 seconds!
[2020-09-03 13:03:35.294] INIT: Initialized Icon Smoothing subsystem within 6 seconds!
[2020-09-03 13:03:36.498] INIT: Initialized Overlay subsystem within 1.2 seconds!
[2020-09-03 13:03:36.499] INIT: Initialized XKeyScore subsystem within 0 seconds!
[2020-09-03 13:03:36.499] INIT: Initialized Sticky Ban subsystem within 0 seconds!
[2020-09-03 13:03:44.081] INIT: Initialized Lighting subsystem within 7.6 seconds!
[2020-09-03 13:03:47.409] INIT: Initialized Shuttle subsystem within 3.4 seconds!
[2020-09-03 13:03:47.446] INIT: Initialized Minor Mapping subsystem within 0 seconds!
[2020-09-03 13:03:47.447] INIT: Initialized Pathfinder subsystem within 0 seconds!
[2020-09-03 13:03:47.475] INIT: Initialized Persistence subsystem within 0 seconds!
[2020-09-03 13:03:47.475] INIT: Initialized Chat subsystem within 0 seconds!
