[2020-09-03 16:23:57.346] Starting up round ID .
 - -------------------------
[2020-09-03 16:27:18.236] TCOMMS: *no key*/(Poly) [Engineering] (spans:  ) "Check the crystal, you chucklefucks!" (language: Galactic Common) (Chief Engineer's Office (119, 82, 2))
[2020-09-03 16:27:30.248] TCOMMS: *no key*/(Poly) [Engineering] (spans:  ) "Check the crystal, you chucklefucks!" (language: Galactic Common) (Chief Engineer's Office (118, 81, 2))
[2020-09-03 16:27:52.301] TCOMMS: *no key*/(Poly) [Engineering] (spans:  ) "OH GOD ITS ABOUT TO DELAMINATE CALL THE SHUTTLE" (language: Galactic Common) (Chief Engineer's Office (115, 83, 2))
[2020-09-03 16:28:54.422] TCOMMS: *no key*/(Poly) [Engineering] (spans:  ) "Wire the solars, you lazy bums!" (language: Galactic Common) (Chief Engineer's Office (115, 83, 2))
[2020-09-03 16:29:04.429] TCOMMS: *no key*/(Poly) [Engineering] (spans:  ) "What are you before me?" (language: Galactic Common) (Chief Engineer's Office (115, 83, 2))
[2020-09-03 16:29:10.430] TCOMMS: *no key*/(Poly) [Engineering] (spans:  ) "Wire the solars, you lazy bums!" (language: Galactic Common) (Chief Engineer's Office (115, 83, 2))
[2020-09-03 16:29:58.447] TCOMMS: *no key*/(Poly) [Engineering] (spans:  ) "OH GOD ITS ABOUT TO DELAMINATE CALL THE SHUTTLE" (language: Galactic Common) (Chief Engineer's Office (115, 83, 2))
[2020-09-03 16:30:12.479] TCOMMS: *no key*/(Poly) [Engineering] (spans:  ) "OH GOD ITS ABOUT TO DELAMINATE CALL THE SHUTTLE" (language: Galactic Common) (Chief Engineer's Office (115, 83, 2))
[2020-09-03 16:31:28.536] TCOMMS: *no key*/(Poly) [Engineering] (spans:  ) "Wire the solars, you lazy bums!" (language: Galactic Common) (Chief Engineer's Office (115, 83, 2))
[2020-09-03 16:32:38.752] TCOMMS: *no key*/(Poly) [Engineering] (spans:  ) "Wire the solars, you lazy bums!" (language: Galactic Common) (Chief Engineer's Office (115, 83, 2))
[2020-09-03 16:32:42.748] TCOMMS: *no key*/(Poly) [Engineering] (spans:  ) "WHO TOOK THE DAMN HARDSUITS?" (language: Galactic Common) (Chief Engineer's Office (117, 81, 2))
[2020-09-03 16:33:02.767] TCOMMS: *no key*/(Poly) [Engineering] (spans:  ) "WHO TOOK THE DAMN HARDSUITS?" (language: Galactic Common) (Chief Engineer's Office (115, 83, 2))
[2020-09-03 16:33:28.844] TCOMMS: *no key*/(Poly) [Engineering] (spans:  ) "Check the crystal, you chucklefucks!" (language: Galactic Common) (Chief Engineer's Office (115, 83, 2))
[2020-09-03 16:34:18.899] TCOMMS: *no key*/(Poly) [Engineering] (spans:  ) "Check the crystal, you chucklefucks!" (language: Galactic Common) (Chief Engineer's Office (115, 83, 2))
[2020-09-03 16:34:24.903] TCOMMS: *no key*/(Poly) [Engineering] (spans:  ) "What are you before me?" (language: Galactic Common) (Chief Engineer's Office (115, 83, 2))
[2020-09-03 16:34:40.923] TCOMMS: *no key*/(Poly) [Engineering] (spans:  ) "OH GOD ITS ABOUT TO DELAMINATE CALL THE SHUTTLE" (language: Galactic Common) (Chief Engineer's Office (118, 80, 2))
[2020-09-03 16:35:22.930] TCOMMS: *no key*/(Poly) [Engineering] (spans:  ) "OH GOD ITS ABOUT TO DELAMINATE CALL THE SHUTTLE" (language: Galactic Common) (Chief Engineer's Office (115, 83, 2))
[2020-09-03 16:35:36.927] TCOMMS: *no key*/(Poly) [Engineering] (spans:  ) "OH GOD ITS ABOUT TO DELAMINATE CALL THE SHUTTLE" (language: Galactic Common) (Chief Engineer's Office (118, 80, 2))
[2020-09-03 16:35:42.933] TCOMMS: *no key*/(Poly) [Engineering] (spans:  ) "WHO TOOK THE DAMN HARDSUITS?" (language: Galactic Common) (Chief Engineer's Office (115, 83, 2))
[2020-09-03 16:36:13.003] TCOMMS: *no key*/(Poly) [Engineering] (spans:  ) "OH GOD ITS ABOUT TO DELAMINATE CALL THE SHUTTLE" (language: Galactic Common) (Chief Engineer's Office (115, 83, 2))
[2020-09-03 16:36:19.009] TCOMMS: *no key*/(Poly) [Engineering] (spans:  ) "Check the crystal, you chucklefucks!" (language: Galactic Common) (Chief Engineer's Office (115, 83, 2))
[2020-09-03 16:37:01.348] TCOMMS: *no key*/(Poly) [Engineering] (spans:  ) "Check the crystal, you chucklefucks!" (language: Galactic Common) (Chief Engineer's Office (115, 83, 2))
[2020-09-03 16:37:09.384] TCOMMS: *no key*/(Poly) [Engineering] (spans:  ) "Poly wanna cracker!" (language: Galactic Common) (Chief Engineer's Office (115, 83, 2))
[2020-09-03 16:37:25.728] TCOMMS: *no key*/(Poly) [Engineering] (spans:  ) "WHO TOOK THE DAMN HARDSUITS?" (language: Galactic Common) (Chief Engineer's Office (115, 83, 2))
[2020-09-03 16:37:37.834] TCOMMS: *no key*/(Poly) [Engineering] (spans:  ) "Poly wanna cracker!" (language: Galactic Common) (Chief Engineer's Office (115, 83, 2))
[2020-09-03 16:37:45.861] TCOMMS: *no key*/(Poly) [Engineering] (spans:  ) "Check the crystal, you chucklefucks!" (language: Galactic Common) (Chief Engineer's Office (115, 83, 2))
[2020-09-03 16:37:55.951] TCOMMS: *no key*/(Poly) [Engineering] (spans:  ) "What are you before me?" (language: Galactic Common) (Chief Engineer's Office (115, 83, 2))
[2020-09-03 16:38:12.028] TCOMMS: *no key*/(Poly) [Engineering] (spans:  ) "What are you before me?" (language: Galactic Common) (Chief Engineer's Office (115, 83, 2))
[2020-09-03 16:38:20.060] TCOMMS: *no key*/(Poly) [Engineering] (spans:  ) "WHO TOOK THE DAMN HARDSUITS?" (language: Galactic Common) (Chief Engineer's Office (115, 83, 2))
