[2020-08-26 17:26:55.774] Starting up round ID .
 - -------------------------
[2020-08-26 17:26:55.815] ADMIN: Loading Banlist
[2020-08-26 17:26:56.965] GAME: Saved mode is 'extended'
[2020-08-26 17:27:07.235] GAME: Hierophant's Arena loaded at 209,42,6
[2020-08-26 17:27:07.249] GAME: Blood-Drunk Miner (Guidance) loaded at 178,112,6
[2020-08-26 17:27:07.264] GAME: Blood-Drunk Miner (Hunter) loaded at 133,77,6
[2020-08-26 17:27:07.279] GAME: Blood-Drunk Miner loaded at 117,29,6
[2020-08-26 17:27:07.295] GAME: King Goat Boss Ruin loaded at 124,57,6
[2020-08-26 17:27:07.320] GAME: Rogue's Arena loaded at 48,156,6
[2020-08-26 17:27:07.351] GAME: Sif's Sword loaded at 170,162,6
[2020-08-26 17:27:07.358] GAME: Pulsating Tumor loaded at 167,39,6
[2020-08-26 17:27:07.385] GAME: Seed Vault loaded at 126,98,6
[2020-08-26 17:27:07.386] GAME: Biodome Winter loaded at 202,219,6
[2020-08-26 17:27:07.402] GAME: Survival Capsule Ruins loaded at 146,193,6
[2020-08-26 17:27:07.456] GAME: Elephant Graveyard loaded at 72,102,6
[2020-08-26 17:27:07.476] GAME: Makeshift Shelter loaded at 154,51,6
[2020-08-26 17:27:07.495] GAME: Ruin of Wrath loaded at 23,166,6
[2020-08-26 17:27:07.510] GAME: Survival Capsule Ruins loaded at 216,178,6
[2020-08-26 17:27:10.451] GAME: Abandoned Teleporter loaded at 51,89,8
[2020-08-26 17:27:10.470] GAME: Whiteship Dock loaded at 24,207,4
[2020-08-26 17:27:10.505] GAME: Crashed Clown Ship loaded at 38,36,4
[2020-08-26 17:27:10.589] GAME: Syndicate Listening Station loaded at 111,180,7
[2020-08-26 17:27:10.617] GAME: Asteroid 4 loaded at 67,152,8
[2020-08-26 17:27:10.645] GAME: Dinner for Two loaded at 137,108,4
[2020-08-26 17:27:10.730] GAME: Space Hermit loaded at 92,167,8
[2020-08-26 17:27:10.771] GAME: Derelict 4 loaded at 174,198,8
[2020-08-26 17:27:10.807] GAME: Roboticst Augmentation Facility loaded at 30,196,3
[2020-08-26 17:27:11.118] GAME: The Twin-Nexus Hotel loaded at 111,151,3
[2020-08-26 17:27:11.173] GAME: Biological Storage Facility loaded at 134,68,8
[2020-08-26 17:27:11.702] GAME: Ancient Space Station loaded at 114,173,4
[2020-08-26 17:27:12.597] GAME: Kosmicheskaya Stantsiya 13 loaded at 24,79,7
[2020-08-26 17:27:12.633] GAME: Ancient Cloning Lab loaded at 186,122,3
[2020-08-26 17:27:12.666] GAME: Space Arcade loaded at 168,194,7
[2020-08-26 17:27:12.800] GAME: Syndicate Ambush loaded at 72,52,4
[2020-08-26 17:27:12.817] GAME: Crab Roid loaded at 27,63,2
[2020-08-26 17:27:12.824] GAME: Mineable Asteroid 1 loaded at 197,213,2
[2020-08-26 17:27:12.831] GAME: Mineable Asteroid 1 loaded at 218,199,2
[2020-08-26 17:27:12.849] GAME: Mineable Asteroid 2 loaded at 45,24,2
[2020-08-26 17:27:12.861] GAME: Maze Roid loaded at 33,208,2
[2020-08-26 17:27:12.873] GAME: Mineable Asteroid 3 loaded at 52,213,2
[2020-08-26 17:27:12.899] GAME: Mineable Asteroid 5 loaded at 65,22,2
[2020-08-26 17:27:12.917] GAME: Dorm Roid loaded at 185,25,2
[2020-08-26 17:27:12.939] GAME: Monitoring Roid loaded at 25,37,2
[2020-08-26 17:27:12.957] GAME: Dead wizard Roid loaded at 206,25,2
[2020-08-26 17:27:13.022] GAME: Box Tesla loaded at 96,49,2
[2020-08-26 17:27:13.254] GAME: Public Mining Base loaded at 1,1,6
[2020-08-26 17:27:26.299] GAME: *no key*/(Ji Min Rankin) Ji Min Rankin name changed from Ji Min Rankin to Silly Willy (Unexplored Location (56, 45, 4))
[2020-08-26 17:27:26.331] GAME: *no key*/(Pili Macklin) Pili Macklin name changed from Pili Macklin to Joy (Unexplored Location (57, 47, 4))
[2020-08-26 17:27:26.364] GAME: *no key*/(Miyar Snook) Miyar Snook name changed from Miyar Snook to Toodles Sharperton (Unexplored Location (59, 44, 4))
[2020-08-26 17:27:26.560] GAME: *no key*/(Moshe Romanov) Moshe Romanov name changed from Moshe Romanov to Toodles Sharperton (Unexplored Location (78, 155, 8))
[2020-08-26 17:27:26.657] GAME: *no key*/(Teagan Coronado) Teagan Coronado name changed from Teagan Coronado to Clueless (Unexplored Location (111, 192, 8))
[2020-08-26 17:28:11.945] GAME: Backup Shuttle loaded at 84,206,1
[2020-08-26 17:28:12.023] GAME: assault pod (Default) loaded at 85,207,1
[2020-08-26 17:28:12.336] GAME: basic syndicate infiltrator loaded at 80,199,1
[2020-08-26 17:28:12.593] GAME: fancy transport ferry loaded at 82,208,1
[2020-08-26 17:28:12.751] GAME: Box Station Emergency Shuttle loaded at 83,199,1
[2020-08-26 17:28:12.927] GAME: cargo ferry (Box) loaded at 85,204,1
[2020-08-26 17:28:13.478] GAME: escape pod (Default) loaded at 87,208,1
[2020-08-26 17:28:13.505] GAME: escape pod (Default) loaded at 87,208,1
[2020-08-26 17:28:13.561] GAME: auxilliary base (Default) loaded at 84,206,1
[2020-08-26 17:28:13.664] GAME: arrival shuttle (Box) loaded at 81,207,1
[2020-08-26 17:28:13.746] GAME: mining shuttle (Box) loaded at 86,207,1
[2020-08-26 17:28:13.797] GAME: labour shuttle (Box) loaded at 86,206,1
[2020-08-26 17:28:13.839] GAME: escape pod (Default) loaded at 87,208,1
[2020-08-26 17:28:13.863] GAME: escape pod (Default) loaded at 87,208,1
[2020-08-26 17:28:13.889] GAME: lavaland Mining Elevator loaded at 86,208,1
[2020-08-26 17:28:14.945] GAME: Hospital Ship loaded at 73,202,1
[2020-08-26 17:28:15.221] GAME: Syndicate Fighter loaded at 86,206,1
[2020-08-26 17:28:15.467] GAME: Small Freighter loaded at 78,205,1
[2020-08-26 17:28:15.831] GAME: Pirate Cutter loaded at 77,204,1
[2020-08-26 17:28:16.108] GAME: Syndicate Dropship loaded at 81,207,1
