[2020-08-26 17:26:55.778] Starting up round ID .
 - -------------------------
[2020-08-26 17:26:56.746] INIT: Initialized Profiler subsystem within 0 seconds!
[2020-08-26 17:26:56.896] Fail2Topic: Failed to drop firewall rule. Exit code: 1.
[2020-08-26 17:26:56.896] INIT: Initialized Fail2Topic subsystem within 0.1 seconds!
[2020-08-26 17:26:56.897] INIT: Initialized Title Screen subsystem within 0 seconds!
[2020-08-26 17:26:56.897] INIT: Initialized Database subsystem within 0 seconds!
[2020-08-26 17:26:56.898] INIT: Initialized Blackbox subsystem within 0 seconds!
[2020-08-26 17:26:56.898] INIT: Initialized Server Tasks subsystem within 0 seconds!
[2020-08-26 17:26:56.899] INIT: Initialized Input subsystem within 0 seconds!
[2020-08-26 17:26:56.899] INIT: Initialized Sounds subsystem within 0 seconds!
[2020-08-26 17:26:56.899] INIT: Initialized Vis contents overlays subsystem within 0 seconds!
[2020-08-26 17:26:56.954] INIT: Initialized Research subsystem within 0.1 seconds!
[2020-08-26 17:26:56.956] INIT: Initialized Events subsystem within 0 seconds!
[2020-08-26 17:26:56.960] INIT: Initialized Jobs subsystem within 0 seconds!
[2020-08-26 17:26:56.965] INIT: Initialized Quirks subsystem within 0 seconds!
[2020-08-26 17:26:56.971] INIT: Initialized Ticker subsystem within 0 seconds!
[2020-08-26 17:26:56.982] INIT: Initialized Instruments subsystem within 0 seconds!
[2020-08-26 17:27:13.735] INIT: Initialized Mapping subsystem within 16.8 seconds!
[2020-08-26 17:27:13.736] INIT: Initialized Economy subsystem within 0 seconds!
[2020-08-26 17:27:13.737] INIT: Initialized Networks subsystem within 0 seconds!
[2020-08-26 17:27:13.737] INIT: Initialized Holodeck subsystem within 0 seconds!
[2020-08-26 17:27:46.978] INIT: Initialized Atoms subsystem within 33.2 seconds!
[2020-08-26 17:27:46.992] INIT: Initialized Language subsystem within 0 seconds!
[2020-08-26 17:27:47.312] INIT: Initialized Machines subsystem within 0.4 seconds!
[2020-08-26 17:27:47.346] INIT: Initialized Circuit subsystem within 0 seconds!
[2020-08-26 17:27:48.627] INIT: Initialized Atmos Adjacency subsystem within 1.3 seconds!
[2020-08-26 17:27:48.627] INIT: Initialized Autotransfer Vote subsystem within 0 seconds!
[2020-08-26 17:27:48.627] INIT: Initialized Chemistry subsystem within 0 seconds!
[2020-08-26 17:27:48.627] INIT: Initialized Status Effects subsystem within 0 seconds!
[2020-08-26 17:27:48.628] INIT: Initialized Weather subsystem within 0 seconds!
[2020-08-26 17:27:48.631] INIT: Initialized Disease subsystem within 0 seconds!
[2020-08-26 17:27:48.631] INIT: Initialized Jukeboxes subsystem within 0 seconds!
[2020-08-26 17:27:48.631] INIT: Initialized Medals subsystem within 0 seconds!
[2020-08-26 17:27:48.869] INIT: Initialized Minimaps subsystem within 0.2 seconds!
[2020-08-26 17:27:48.871] INIT: Initialized Night Shift subsystem within 0 seconds!
[2020-08-26 17:27:48.871] INIT: Initialized Parallax subsystem within 0 seconds!
[2020-08-26 17:27:48.871] INIT: Initialized Sun subsystem within 0 seconds!
[2020-08-26 17:27:49.109] INIT: Initialized Traumas subsystem within 0.3 seconds!
[2020-08-26 17:27:49.149] INIT: Initialized Bluespace Locker subsystem within 0 seconds!
[2020-08-26 17:27:49.151] INIT: Initialized Pacification Bans subsystem within 0 seconds!
[2020-08-26 17:27:49.151] INIT: Initialized Logging subsystem within 0 seconds!
[2020-08-26 17:27:49.151] INIT: Initialized Recycling subsystem within 0 seconds!
[2020-08-26 17:27:55.031] INIT: Initialized Atmospherics subsystem within 5.9 seconds!
[2020-08-26 17:27:55.031] INIT: Initialized Atmospherics - Turfs subsystem within 0 seconds!
[2020-08-26 17:27:58.356] INIT: Initialized Assets subsystem within 3.3 seconds!
[2020-08-26 17:28:03.791] INIT: Initialized Icon Smoothing subsystem within 5.4 seconds!
[2020-08-26 17:28:05.046] INIT: Initialized Overlay subsystem within 1.3 seconds!
[2020-08-26 17:28:05.046] INIT: Initialized XKeyScore subsystem within 0 seconds!
[2020-08-26 17:28:05.047] INIT: Initialized Sticky Ban subsystem within 0 seconds!
[2020-08-26 17:28:11.904] INIT: Initialized Lighting subsystem within 6.9 seconds!
[2020-08-26 17:28:16.178] INIT: Initialized Shuttle subsystem within 4.2 seconds!
[2020-08-26 17:28:16.215] INIT: Initialized Minor Mapping subsystem within 0.1 seconds!
[2020-08-26 17:28:16.216] INIT: Initialized Pathfinder subsystem within 0 seconds!
[2020-08-26 17:28:16.245] INIT: Initialized Persistence subsystem within 0 seconds!
[2020-08-26 17:28:16.245] INIT: Initialized Chat subsystem within 0 seconds!
