[2020-09-11 00:36:43.445] Starting up round ID .
 - -------------------------
[2020-09-11 00:36:43.450] Running /tg/ revision: 2020-09-11
 - origin/master: 773c9202bd803e20291a5ef3100b97a9e076ab65
 - HEAD: 2b64fbe7fdd53cb64236b1156c15928f57c98d51
[2020-09-11 00:36:49.672] Loading Box Station...
[2020-09-11 00:36:56.796] Loaded Station in 7.1s!
[2020-09-11 00:36:59.263] Loaded Lavaland in 2.4s!
[2020-09-11 00:37:00.568] Ruin loader finished with 0 left to spend.
[2020-09-11 00:37:03.812] Ruin loader finished with 0 left to spend.
[2020-09-11 00:37:03.974] Ruin loader finished with 0 left to spend.
[2020-09-11 00:37:42.698] ## WARNING: HEY! LISTEN! 0.7 seconds were wasted processing 431 turf(s) (connected to 30149 other turfs) with atmos differences at round start.
[2020-09-11 00:37:44.753] ## WARNING: design /datum/design/ipc_kidneys with icon 'modular_skyrat/icons/obj/surgery.dmi' missing state 'capcitor-ipc'
[2020-09-11 00:38:03.136] Initializations complete within 73.7 seconds!
[2020-09-11 00:38:05.346] Game start took 0.6s
[2020-09-11 00:40:30.264] ### VarEdit by Bob Joga/(Pedro Ilurdoz): /obj/machinery/clonepod biomass=0 => 1200
[2020-09-11 00:40:48.640] runtime error: Cannot read null.player_details
 - proc name: Login (/mob/Login)
 -   source file: login.dm,47
 -   usr: (src)
 -   src: Heinrich Epperson (/mob/living/carbon/human)
 -   src.loc: the cloning pod (/obj/machinery/clonepod)
 -   call stack:
 - Heinrich Epperson (/mob/living/carbon/human): Login()
 - Heinrich Epperson (/mob/living/carbon/human): Login()
 - Heinrich Epperson (/mob/living/carbon/human): Login()
 - 
