[2020-09-11 00:36:43.446] Starting up round ID .
 - -------------------------
[2020-09-11 00:36:49.421] INIT: Initialized Profiler subsystem within 0 seconds!
[2020-09-11 00:36:49.571] Fail2Topic: Failed to drop firewall rule. Exit code: 1.
[2020-09-11 00:36:49.571] INIT: Initialized Fail2Topic subsystem within 0.1 seconds!
[2020-09-11 00:36:49.574] INIT: Initialized Title Screen subsystem within 0 seconds!
[2020-09-11 00:36:49.575] INIT: Initialized Database subsystem within 0 seconds!
[2020-09-11 00:36:49.575] INIT: Initialized Blackbox subsystem within 0 seconds!
[2020-09-11 00:36:49.575] INIT: Initialized Server Tasks subsystem within 0 seconds!
[2020-09-11 00:36:49.577] INIT: Initialized Input subsystem within 0 seconds!
[2020-09-11 00:36:49.579] INIT: Initialized Sounds subsystem within 0 seconds!
[2020-09-11 00:36:49.579] INIT: Initialized Vis contents overlays subsystem within 0 seconds!
[2020-09-11 00:36:49.643] INIT: Initialized Research subsystem within 0.1 seconds!
[2020-09-11 00:36:49.646] INIT: Initialized Events subsystem within 0 seconds!
[2020-09-11 00:36:49.650] INIT: Initialized Jobs subsystem within 0 seconds!
[2020-09-11 00:36:49.655] INIT: Initialized Quirks subsystem within 0 seconds!
[2020-09-11 00:36:49.661] INIT: Initialized Ticker subsystem within 0 seconds!
[2020-09-11 00:36:49.672] INIT: Initialized Instruments subsystem within 0 seconds!
[2020-09-11 00:37:04.735] INIT: Initialized Mapping subsystem within 15.1 seconds!
[2020-09-11 00:37:04.748] INIT: Initialized Economy subsystem within 0 seconds!
[2020-09-11 00:37:04.749] INIT: Initialized Networks subsystem within 0 seconds!
[2020-09-11 00:37:04.749] INIT: Initialized Holodeck subsystem within 0 seconds!
[2020-09-11 00:37:35.697] INIT: Initialized Atoms subsystem within 30.9 seconds!
[2020-09-11 00:37:35.722] INIT: Initialized Language subsystem within 0 seconds!
[2020-09-11 00:37:35.869] INIT: Initialized Machines subsystem within 0.1 seconds!
[2020-09-11 00:37:35.916] INIT: Initialized Circuit subsystem within 0.1 seconds!
[2020-09-11 00:37:36.987] INIT: Initialized Atmos Adjacency subsystem within 1 second!
[2020-09-11 00:37:36.987] INIT: Initialized Autotransfer Vote subsystem within 0 seconds!
[2020-09-11 00:37:36.987] INIT: Initialized Chemistry subsystem within 0 seconds!
[2020-09-11 00:37:36.988] INIT: Initialized Status Effects subsystem within 0 seconds!
[2020-09-11 00:37:36.989] INIT: Initialized Weather subsystem within 0 seconds!
[2020-09-11 00:37:36.992] INIT: Initialized Disease subsystem within 0 seconds!
[2020-09-11 00:37:36.992] INIT: Initialized Jukeboxes subsystem within 0 seconds!
[2020-09-11 00:37:36.992] INIT: Initialized Medals subsystem within 0 seconds!
[2020-09-11 00:37:37.220] INIT: Initialized Minimaps subsystem within 0.3 seconds!
[2020-09-11 00:37:37.273] INIT: Initialized Night Shift subsystem within 0 seconds!
[2020-09-11 00:37:37.273] INIT: Initialized Parallax subsystem within 0 seconds!
[2020-09-11 00:37:37.273] INIT: Initialized Sun subsystem within 0 seconds!
[2020-09-11 00:37:37.494] INIT: Initialized Traumas subsystem within 0.2 seconds!
[2020-09-11 00:37:37.532] INIT: Initialized Bluespace Locker subsystem within 0.1 seconds!
[2020-09-11 00:37:37.562] INIT: Initialized Pacification Bans subsystem within 0 seconds!
[2020-09-11 00:37:37.562] INIT: Initialized Logging subsystem within 0 seconds!
[2020-09-11 00:37:37.562] INIT: Initialized Recycling subsystem within 0 seconds!
[2020-09-11 00:37:43.067] INIT: Initialized Atmospherics subsystem within 5.5 seconds!
[2020-09-11 00:37:43.068] INIT: Initialized Atmospherics - Turfs subsystem within 0 seconds!
[2020-09-11 00:37:46.250] INIT: Initialized Assets subsystem within 3.2 seconds!
[2020-09-11 00:37:51.368] INIT: Initialized Icon Smoothing subsystem within 5.1 seconds!
[2020-09-11 00:37:52.533] INIT: Initialized Overlay subsystem within 1.2 seconds!
[2020-09-11 00:37:52.533] INIT: Initialized XKeyScore subsystem within 0 seconds!
[2020-09-11 00:37:52.534] INIT: Initialized Sticky Ban subsystem within 0 seconds!
[2020-09-11 00:37:59.394] INIT: Initialized Lighting subsystem within 6.8 seconds!
[2020-09-11 00:38:03.069] INIT: Initialized Shuttle subsystem within 3.7 seconds!
[2020-09-11 00:38:03.106] INIT: Initialized Minor Mapping subsystem within 0.1 seconds!
[2020-09-11 00:38:03.107] INIT: Initialized Pathfinder subsystem within 0 seconds!
[2020-09-11 00:38:03.136] INIT: Initialized Persistence subsystem within 0 seconds!
[2020-09-11 00:38:03.136] INIT: Initialized Chat subsystem within 0 seconds!
