[2020-08-26 14:02:00.966] Starting up round ID .
 - -------------------------
[2020-08-26 14:02:06.702] INIT: Initialized Profiler subsystem within 0 seconds!
[2020-08-26 14:02:06.902] Fail2Topic: Failed to drop firewall rule. Exit code: 1.
[2020-08-26 14:02:06.902] INIT: Initialized Fail2Topic subsystem within 0.2 seconds!
[2020-08-26 14:02:06.905] INIT: Initialized Title Screen subsystem within 0 seconds!
[2020-08-26 14:02:06.905] INIT: Initialized Database subsystem within 0 seconds!
[2020-08-26 14:02:06.905] INIT: Initialized Blackbox subsystem within 0 seconds!
[2020-08-26 14:02:06.906] INIT: Initialized Server Tasks subsystem within 0 seconds!
[2020-08-26 14:02:06.907] INIT: Initialized Input subsystem within 0 seconds!
[2020-08-26 14:02:06.909] INIT: Initialized Sounds subsystem within 0 seconds!
[2020-08-26 14:02:06.909] INIT: Initialized Vis contents overlays subsystem within 0 seconds!
[2020-08-26 14:02:06.964] INIT: Initialized Research subsystem within 0 seconds!
[2020-08-26 14:02:06.967] INIT: Initialized Events subsystem within 0 seconds!
[2020-08-26 14:02:06.971] INIT: Initialized Jobs subsystem within 0 seconds!
[2020-08-26 14:02:06.976] INIT: Initialized Quirks subsystem within 0 seconds!
[2020-08-26 14:02:06.982] INIT: Initialized Ticker subsystem within 0 seconds!
[2020-08-26 14:02:06.995] INIT: Initialized Instruments subsystem within 0 seconds!
[2020-08-26 14:02:25.714] INIT: Initialized Mapping subsystem within 18.8 seconds!
[2020-08-26 14:02:25.724] INIT: Initialized Economy subsystem within 0 seconds!
[2020-08-26 14:02:25.725] INIT: Initialized Networks subsystem within 0 seconds!
[2020-08-26 14:02:25.725] INIT: Initialized Holodeck subsystem within 0 seconds!
[2020-08-26 14:03:01.772] INIT: Initialized Atoms subsystem within 36 seconds!
[2020-08-26 14:03:01.808] INIT: Initialized Language subsystem within 0.1 seconds!
[2020-08-26 14:03:02.160] INIT: Initialized Machines subsystem within 0.3 seconds!
[2020-08-26 14:03:02.211] INIT: Initialized Circuit subsystem within 0.1 seconds!
[2020-08-26 14:03:03.684] INIT: Initialized Atmos Adjacency subsystem within 1.4 seconds!
[2020-08-26 14:03:03.684] INIT: Initialized Autotransfer Vote subsystem within 0 seconds!
[2020-08-26 14:03:03.684] INIT: Initialized Chemistry subsystem within 0 seconds!
[2020-08-26 14:03:03.684] INIT: Initialized Status Effects subsystem within 0 seconds!
[2020-08-26 14:03:03.686] INIT: Initialized Weather subsystem within 0 seconds!
[2020-08-26 14:03:03.689] INIT: Initialized Disease subsystem within 0 seconds!
[2020-08-26 14:03:03.689] INIT: Initialized Jukeboxes subsystem within 0 seconds!
[2020-08-26 14:03:03.690] INIT: Initialized Medals subsystem within 0 seconds!
[2020-08-26 14:03:04.081] INIT: Initialized Minimaps subsystem within 0.4 seconds!
[2020-08-26 14:03:04.164] INIT: Initialized Night Shift subsystem within 0 seconds!
[2020-08-26 14:03:04.164] INIT: Initialized Parallax subsystem within 0 seconds!
[2020-08-26 14:03:04.164] INIT: Initialized Sun subsystem within 0 seconds!
[2020-08-26 14:03:04.387] INIT: Initialized Traumas subsystem within 0.2 seconds!
[2020-08-26 14:03:04.429] INIT: Initialized Bluespace Locker subsystem within 0.1 seconds!
[2020-08-26 14:03:04.461] INIT: Initialized Pacification Bans subsystem within 0 seconds!
[2020-08-26 14:03:04.461] INIT: Initialized Logging subsystem within 0 seconds!
[2020-08-26 14:03:04.461] INIT: Initialized Recycling subsystem within 0 seconds!
[2020-08-26 14:03:11.499] INIT: Initialized Atmospherics subsystem within 7 seconds!
[2020-08-26 14:03:11.499] INIT: Initialized Atmospherics - Turfs subsystem within 0 seconds!
[2020-08-26 14:03:14.366] INIT: Initialized Assets subsystem within 2.9 seconds!
[2020-08-26 14:03:20.712] INIT: Initialized Icon Smoothing subsystem within 6.4 seconds!
[2020-08-26 14:03:22.080] INIT: Initialized Overlay subsystem within 1.3 seconds!
[2020-08-26 14:03:22.081] INIT: Initialized XKeyScore subsystem within 0 seconds!
[2020-08-26 14:03:22.081] INIT: Initialized Sticky Ban subsystem within 0 seconds!
[2020-08-26 14:03:30.414] INIT: Initialized Lighting subsystem within 8.4 seconds!
[2020-08-26 14:03:34.198] INIT: Initialized Shuttle subsystem within 3.7 seconds!
[2020-08-26 14:03:34.242] INIT: Initialized Minor Mapping subsystem within 0.1 seconds!
[2020-08-26 14:03:34.245] INIT: Initialized Pathfinder subsystem within 0 seconds!
[2020-08-26 14:03:34.278] INIT: Initialized Persistence subsystem within 0 seconds!
[2020-08-26 14:03:34.278] INIT: Initialized Chat subsystem within 0 seconds!
