[2020-09-17 21:02:51.230] Starting up round ID .
 - -------------------------
[2020-09-17 21:02:57.233] INIT: Initialized Profiler subsystem within 0 seconds!
[2020-09-17 21:02:57.431] Fail2Topic: Failed to drop firewall rule. Exit code: 1.
[2020-09-17 21:02:57.432] INIT: Initialized Fail2Topic subsystem within 0.2 seconds!
[2020-09-17 21:02:57.433] INIT: Initialized Title Screen subsystem within 0 seconds!
[2020-09-17 21:02:57.435] INIT: Initialized Database subsystem within 0 seconds!
[2020-09-17 21:02:57.435] INIT: Initialized Blackbox subsystem within 0 seconds!
[2020-09-17 21:02:57.436] INIT: Initialized Server Tasks subsystem within 0 seconds!
[2020-09-17 21:02:57.439] INIT: Initialized Input subsystem within 0 seconds!
[2020-09-17 21:02:57.442] INIT: Initialized Sounds subsystem within 0 seconds!
[2020-09-17 21:02:57.442] INIT: Initialized Vis contents overlays subsystem within 0 seconds!
[2020-09-17 21:02:57.525] INIT: Initialized Research subsystem within 0.1 seconds!
[2020-09-17 21:02:57.528] INIT: Initialized Events subsystem within 0 seconds!
[2020-09-17 21:02:57.533] INIT: Initialized Jobs subsystem within 0 seconds!
[2020-09-17 21:02:57.539] INIT: Initialized Quirks subsystem within 0 seconds!
[2020-09-17 21:02:57.547] INIT: Initialized Ticker subsystem within 0 seconds!
[2020-09-17 21:02:57.562] INIT: Initialized Instruments subsystem within 0 seconds!
[2020-09-17 21:03:16.769] INIT: Initialized Mapping subsystem within 19.2 seconds!
[2020-09-17 21:03:16.784] INIT: Initialized Economy subsystem within 0 seconds!
[2020-09-17 21:03:16.785] INIT: Initialized Networks subsystem within 0 seconds!
[2020-09-17 21:03:16.785] INIT: Initialized Holodeck subsystem within 0 seconds!
