[2020-09-11 22:57:26.598] Starting up round ID .
 - -------------------------
[2020-09-11 22:57:33.175] INIT: Initialized Profiler subsystem within 0 seconds!
[2020-09-11 22:57:33.375] Fail2Topic: Failed to drop firewall rule. Exit code: 1.
[2020-09-11 22:57:33.376] INIT: Initialized Fail2Topic subsystem within 0.2 seconds!
[2020-09-11 22:57:33.377] INIT: Initialized Title Screen subsystem within 0 seconds!
[2020-09-11 22:57:33.378] INIT: Initialized Database subsystem within 0 seconds!
[2020-09-11 22:57:33.379] INIT: Initialized Blackbox subsystem within 0 seconds!
[2020-09-11 22:57:33.380] INIT: Initialized Server Tasks subsystem within 0 seconds!
[2020-09-11 22:57:33.383] INIT: Initialized Input subsystem within 0 seconds!
[2020-09-11 22:57:33.385] INIT: Initialized Sounds subsystem within 0 seconds!
[2020-09-11 22:57:33.385] INIT: Initialized Vis contents overlays subsystem within 0 seconds!
[2020-09-11 22:57:33.464] INIT: Initialized Research subsystem within 0.1 seconds!
[2020-09-11 22:57:33.467] INIT: Initialized Events subsystem within 0 seconds!
[2020-09-11 22:57:33.473] INIT: Initialized Jobs subsystem within 0 seconds!
[2020-09-11 22:57:33.480] INIT: Initialized Quirks subsystem within 0 seconds!
[2020-09-11 22:57:33.487] INIT: Initialized Ticker subsystem within 0 seconds!
[2020-09-11 22:57:33.500] INIT: Initialized Instruments subsystem within 0 seconds!
[2020-09-11 22:57:54.189] INIT: Initialized Mapping subsystem within 20.6 seconds!
[2020-09-11 22:57:54.202] INIT: Initialized Economy subsystem within 0 seconds!
[2020-09-11 22:57:54.203] INIT: Initialized Networks subsystem within 0 seconds!
[2020-09-11 22:57:54.203] INIT: Initialized Holodeck subsystem within 0 seconds!
[2020-09-11 22:58:29.647] INIT: Initialized Atoms subsystem within 35.4 seconds!
[2020-09-11 22:58:29.681] INIT: Initialized Language subsystem within 0 seconds!
[2020-09-11 22:58:29.835] INIT: Initialized Machines subsystem within 0.2 seconds!
[2020-09-11 22:58:29.884] INIT: Initialized Circuit subsystem within 0 seconds!
[2020-09-11 22:58:31.375] INIT: Initialized Atmos Adjacency subsystem within 1.5 seconds!
[2020-09-11 22:58:31.376] INIT: Initialized Autotransfer Vote subsystem within 0 seconds!
[2020-09-11 22:58:31.376] INIT: Initialized Chemistry subsystem within 0 seconds!
[2020-09-11 22:58:31.376] INIT: Initialized Status Effects subsystem within 0 seconds!
[2020-09-11 22:58:31.377] INIT: Initialized Weather subsystem within 0 seconds!
[2020-09-11 22:58:31.381] INIT: Initialized Disease subsystem within 0 seconds!
[2020-09-11 22:58:31.381] INIT: Initialized Jukeboxes subsystem within 0 seconds!
[2020-09-11 22:58:31.381] INIT: Initialized Medals subsystem within 0 seconds!
[2020-09-11 22:58:31.656] INIT: Initialized Minimaps subsystem within 0.3 seconds!
[2020-09-11 22:58:31.728] INIT: Initialized Night Shift subsystem within 0 seconds!
[2020-09-11 22:58:31.728] INIT: Initialized Parallax subsystem within 0 seconds!
[2020-09-11 22:58:31.728] INIT: Initialized Sun subsystem within 0 seconds!
[2020-09-11 22:58:31.973] INIT: Initialized Traumas subsystem within 0.2 seconds!
[2020-09-11 22:58:32.013] INIT: Initialized Bluespace Locker subsystem within 0.1 seconds!
[2020-09-11 22:58:32.049] INIT: Initialized Pacification Bans subsystem within 0 seconds!
[2020-09-11 22:58:32.049] INIT: Initialized Logging subsystem within 0 seconds!
[2020-09-11 22:58:32.049] INIT: Initialized Recycling subsystem within 0 seconds!
[2020-09-11 22:58:38.560] INIT: Initialized Atmospherics subsystem within 6.5 seconds!
[2020-09-11 22:58:38.560] INIT: Initialized Atmospherics - Turfs subsystem within 0 seconds!
[2020-09-11 22:58:41.833] INIT: Initialized Assets subsystem within 3.3 seconds!
[2020-09-11 22:58:48.340] INIT: Initialized Icon Smoothing subsystem within 6.5 seconds!
[2020-09-11 22:58:49.700] INIT: Initialized Overlay subsystem within 1.3 seconds!
[2020-09-11 22:58:49.700] INIT: Initialized XKeyScore subsystem within 0 seconds!
[2020-09-11 22:58:49.700] INIT: Initialized Sticky Ban subsystem within 0 seconds!
[2020-09-11 22:58:58.542] INIT: Initialized Lighting subsystem within 8.8 seconds!
[2020-09-11 22:59:03.749] INIT: Initialized Shuttle subsystem within 5.2 seconds!
[2020-09-11 22:59:03.796] INIT: Initialized Minor Mapping subsystem within 0 seconds!
[2020-09-11 22:59:03.797] INIT: Initialized Pathfinder subsystem within 0 seconds!
[2020-09-11 22:59:03.830] INIT: Initialized Persistence subsystem within 0.1 seconds!
[2020-09-11 22:59:03.830] INIT: Initialized Chat subsystem within 0 seconds!
