[2020-09-04 14:38:39.075] Starting up round ID .
 - -------------------------
[2020-09-04 14:38:44.440] INIT: Initialized Profiler subsystem within 0 seconds!
[2020-09-04 14:38:44.588] Fail2Topic: Failed to drop firewall rule. Exit code: 1.
[2020-09-04 14:38:44.588] INIT: Initialized Fail2Topic subsystem within 0.1 seconds!
[2020-09-04 14:38:44.594] INIT: Initialized Title Screen subsystem within 0 seconds!
[2020-09-04 14:38:44.595] INIT: Initialized Database subsystem within 0 seconds!
[2020-09-04 14:38:44.595] INIT: Initialized Blackbox subsystem within 0 seconds!
[2020-09-04 14:38:44.595] INIT: Initialized Server Tasks subsystem within 0 seconds!
[2020-09-04 14:38:44.596] INIT: Initialized Input subsystem within 0 seconds!
[2020-09-04 14:38:44.598] INIT: Initialized Sounds subsystem within 0 seconds!
[2020-09-04 14:38:44.598] INIT: Initialized Vis contents overlays subsystem within 0 seconds!
[2020-09-04 14:38:44.657] INIT: Initialized Research subsystem within 0.1 seconds!
[2020-09-04 14:38:44.660] INIT: Initialized Events subsystem within 0 seconds!
[2020-09-04 14:38:44.664] INIT: Initialized Jobs subsystem within 0 seconds!
[2020-09-04 14:38:44.669] INIT: Initialized Quirks subsystem within 0 seconds!
[2020-09-04 14:38:44.675] INIT: Initialized Ticker subsystem within 0 seconds!
[2020-09-04 14:38:44.688] INIT: Initialized Instruments subsystem within 0 seconds!
[2020-09-04 14:39:02.696] INIT: Initialized Mapping subsystem within 18 seconds!
[2020-09-04 14:39:02.707] INIT: Initialized Economy subsystem within 0 seconds!
[2020-09-04 14:39:02.708] INIT: Initialized Networks subsystem within 0 seconds!
[2020-09-04 14:39:02.708] INIT: Initialized Holodeck subsystem within 0 seconds!
[2020-09-04 14:39:33.457] INIT: Initialized Atoms subsystem within 30.7 seconds!
[2020-09-04 14:39:33.485] INIT: Initialized Language subsystem within 0 seconds!
[2020-09-04 14:39:33.633] INIT: Initialized Machines subsystem within 0.2 seconds!
[2020-09-04 14:39:33.671] INIT: Initialized Circuit subsystem within 0 seconds!
[2020-09-04 14:39:35.058] INIT: Initialized Atmos Adjacency subsystem within 1.4 seconds!
[2020-09-04 14:39:35.058] INIT: Initialized Autotransfer Vote subsystem within 0 seconds!
[2020-09-04 14:39:35.058] INIT: Initialized Chemistry subsystem within 0 seconds!
[2020-09-04 14:39:35.059] INIT: Initialized Status Effects subsystem within 0 seconds!
[2020-09-04 14:39:35.060] INIT: Initialized Weather subsystem within 0 seconds!
[2020-09-04 14:39:35.063] INIT: Initialized Disease subsystem within 0 seconds!
[2020-09-04 14:39:35.063] INIT: Initialized Jukeboxes subsystem within 0 seconds!
[2020-09-04 14:39:35.063] INIT: Initialized Medals subsystem within 0 seconds!
[2020-09-04 14:39:35.353] INIT: Initialized Minimaps subsystem within 0.3 seconds!
[2020-09-04 14:39:35.425] INIT: Initialized Night Shift subsystem within 0 seconds!
[2020-09-04 14:39:35.425] INIT: Initialized Parallax subsystem within 0 seconds!
[2020-09-04 14:39:35.425] INIT: Initialized Sun subsystem within 0 seconds!
[2020-09-04 14:39:35.695] INIT: Initialized Traumas subsystem within 0.2 seconds!
[2020-09-04 14:39:35.786] INIT: Initialized Bluespace Locker subsystem within 0 seconds!
[2020-09-04 14:39:35.786] INIT: Initialized Pacification Bans subsystem within 0 seconds!
[2020-09-04 14:39:35.786] INIT: Initialized Logging subsystem within 0 seconds!
[2020-09-04 14:39:35.786] INIT: Initialized Recycling subsystem within 0 seconds!
[2020-09-04 14:39:42.520] INIT: Initialized Atmospherics subsystem within 6.8 seconds!
[2020-09-04 14:39:42.520] INIT: Initialized Atmospherics - Turfs subsystem within 0 seconds!
[2020-09-04 14:39:45.753] INIT: Initialized Assets subsystem within 3.2 seconds!
[2020-09-04 14:39:52.354] INIT: Initialized Icon Smoothing subsystem within 6.6 seconds!
[2020-09-04 14:39:53.584] INIT: Initialized Overlay subsystem within 1.2 seconds!
[2020-09-04 14:39:53.584] INIT: Initialized XKeyScore subsystem within 0 seconds!
[2020-09-04 14:39:53.585] INIT: Initialized Sticky Ban subsystem within 0 seconds!
[2020-09-04 14:40:01.913] INIT: Initialized Lighting subsystem within 8.4 seconds!
[2020-09-04 14:40:06.514] INIT: Initialized Shuttle subsystem within 4.6 seconds!
[2020-09-04 14:40:06.559] INIT: Initialized Minor Mapping subsystem within 0 seconds!
[2020-09-04 14:40:06.560] INIT: Initialized Pathfinder subsystem within 0 seconds!
[2020-09-04 14:40:06.592] INIT: Initialized Persistence subsystem within 0 seconds!
[2020-09-04 14:40:06.592] INIT: Initialized Chat subsystem within 0 seconds!
