[2020-09-11 22:31:05.002] Starting up round ID .
 - -------------------------
[2020-09-11 22:31:10.719] INIT: Initialized Profiler subsystem within 0 seconds!
[2020-09-11 22:33:53.468] Fail2Topic: Failed to drop firewall rule. Exit code: -1.07374e+009.
[2020-09-11 22:33:53.468] INIT: Initialized Fail2Topic subsystem within 162.7 seconds!
[2020-09-11 22:33:53.469] INIT: Initialized Title Screen subsystem within 0 seconds!
[2020-09-11 22:33:53.470] INIT: Initialized Database subsystem within 0 seconds!
[2020-09-11 22:33:53.470] INIT: Initialized Blackbox subsystem within 0 seconds!
[2020-09-11 22:33:53.470] INIT: Initialized Server Tasks subsystem within 0 seconds!
[2020-09-11 22:33:53.471] INIT: Initialized Input subsystem within 0 seconds!
[2020-09-11 22:33:53.473] INIT: Initialized Sounds subsystem within 0 seconds!
[2020-09-11 22:33:53.473] INIT: Initialized Vis contents overlays subsystem within 0 seconds!
[2020-09-11 22:33:53.540] INIT: Initialized Research subsystem within 0.1 seconds!
[2020-09-11 22:33:53.544] INIT: Initialized Events subsystem within 0 seconds!
[2020-09-11 22:33:53.548] INIT: Initialized Jobs subsystem within 0 seconds!
[2020-09-11 22:33:53.553] INIT: Initialized Quirks subsystem within 0 seconds!
[2020-09-11 22:33:53.559] INIT: Initialized Ticker subsystem within 0 seconds!
[2020-09-11 22:33:53.571] INIT: Initialized Instruments subsystem within 0 seconds!
[2020-09-11 22:34:11.761] INIT: Initialized Mapping subsystem within 18.2 seconds!
[2020-09-11 22:34:11.775] INIT: Initialized Economy subsystem within 0 seconds!
[2020-09-11 22:34:11.775] INIT: Initialized Networks subsystem within 0 seconds!
[2020-09-11 22:34:11.776] INIT: Initialized Holodeck subsystem within 0 seconds!
[2020-09-11 22:34:48.595] INIT: Initialized Atoms subsystem within 36.8 seconds!
[2020-09-11 22:34:48.625] INIT: Initialized Language subsystem within 0 seconds!
[2020-09-11 22:34:48.944] INIT: Initialized Machines subsystem within 0.3 seconds!
[2020-09-11 22:34:49.012] INIT: Initialized Circuit subsystem within 0.1 seconds!
[2020-09-11 22:34:50.429] INIT: Initialized Atmos Adjacency subsystem within 1.4 seconds!
[2020-09-11 22:34:50.430] INIT: Initialized Autotransfer Vote subsystem within 0 seconds!
[2020-09-11 22:34:50.430] INIT: Initialized Chemistry subsystem within 0 seconds!
[2020-09-11 22:34:50.430] INIT: Initialized Status Effects subsystem within 0 seconds!
[2020-09-11 22:34:50.431] INIT: Initialized Weather subsystem within 0 seconds!
[2020-09-11 22:34:50.434] INIT: Initialized Disease subsystem within 0 seconds!
[2020-09-11 22:34:50.434] INIT: Initialized Jukeboxes subsystem within 0 seconds!
[2020-09-11 22:34:50.435] INIT: Initialized Medals subsystem within 0 seconds!
[2020-09-11 22:34:50.706] INIT: Initialized Minimaps subsystem within 0.3 seconds!
[2020-09-11 22:34:50.756] INIT: Initialized Night Shift subsystem within 0 seconds!
[2020-09-11 22:34:50.756] INIT: Initialized Parallax subsystem within 0 seconds!
[2020-09-11 22:34:50.756] INIT: Initialized Sun subsystem within 0 seconds!
[2020-09-11 22:34:50.971] INIT: Initialized Traumas subsystem within 0.2 seconds!
[2020-09-11 22:34:51.011] INIT: Initialized Bluespace Locker subsystem within 0.1 seconds!
[2020-09-11 22:34:51.042] INIT: Initialized Pacification Bans subsystem within 0 seconds!
[2020-09-11 22:34:51.042] INIT: Initialized Logging subsystem within 0 seconds!
[2020-09-11 22:34:51.042] INIT: Initialized Recycling subsystem within 0 seconds!
[2020-09-11 22:34:58.099] INIT: Initialized Atmospherics subsystem within 7 seconds!
[2020-09-11 22:34:58.099] INIT: Initialized Atmospherics - Turfs subsystem within 0 seconds!
[2020-09-11 22:35:01.414] INIT: Initialized Assets subsystem within 3.4 seconds!
[2020-09-11 22:35:07.878] INIT: Initialized Icon Smoothing subsystem within 6.4 seconds!
[2020-09-11 22:35:09.277] INIT: Initialized Overlay subsystem within 1.4 seconds!
[2020-09-11 22:35:09.277] INIT: Initialized XKeyScore subsystem within 0 seconds!
[2020-09-11 22:35:09.278] INIT: Initialized Sticky Ban subsystem within 0 seconds!
[2020-09-11 22:35:17.944] INIT: Initialized Lighting subsystem within 8.7 seconds!
[2020-09-11 22:35:21.357] INIT: Initialized Shuttle subsystem within 3.4 seconds!
[2020-09-11 22:35:21.394] INIT: Initialized Minor Mapping subsystem within 0 seconds!
[2020-09-11 22:35:21.395] INIT: Initialized Pathfinder subsystem within 0 seconds!
[2020-09-11 22:35:21.426] INIT: Initialized Persistence subsystem within 0.1 seconds!
[2020-09-11 22:35:21.426] INIT: Initialized Chat subsystem within 0 seconds!
