[2020-09-17 21:22:02.241] Logs from logging subsystem:
 - (2020-09-17 18:21:44) ASSET: Sending asset jquery.min.js to client Bob Joga
 - (2020-09-17 18:21:45) ASSET: Sending asset json2.min.js to client Bob Joga
 - (2020-09-17 18:21:45) ASSET: Sending asset browserOutput.js to client Bob Joga
 - (2020-09-17 18:21:45) ASSET: Sending asset browserOutput.css to client Bob Joga
 - (2020-09-17 18:21:45) ASSET: Sending asset browserOutput_dark.css to client Bob Joga
 - (2020-09-17 18:21:45) ASSET: Sending asset browserOutput_light.css to client Bob Joga
 - (2020-09-17 18:21:45) ASSET: Sending asset spritesheet_chat.css to client Bob Joga
 - (2020-09-17 18:21:45) ASSET: Sending asset chat_16x16.png to client Bob Joga
 - (2020-09-17 18:21:45) ASSET: Sending asset fa-regular-400.eot to client Bob Joga
 - (2020-09-17 18:21:45) ASSET: Sending asset fa-regular-400.woff to client Bob Joga
 - (2020-09-17 18:21:45) ASSET: Sending asset fa-solid-900.eot to client Bob Joga
 - (2020-09-17 18:21:45) ASSET: Sending asset fa-solid-900.woff to client Bob Joga
 - (2020-09-17 18:21:45) ASSET: Sending asset font-awesome.css to client Bob Joga
 - (2020-09-17 18:21:45) ASSET: Sending asset v4shim.css to client Bob Joga
 - (2020-09-17 18:21:45) ASSET: Sending asset common.css to client Bob Joga
 - (2020-09-17 18:21:45) ASSET: Sending asset spritesheet_paper.css to client Bob Joga
 - (2020-09-17 18:21:46) ASSET: Sending asset paper_121x54.png to client Bob Joga
 - (2020-09-17 18:21:46) ASSET: Sending asset spritesheet_pills.css to client Bob Joga
 - (2020-09-17 18:21:51) ASSET: Sending asset pills_22x10.png to client Bob Joga
 - (2020-09-17 18:21:51) ASSET: Sending asset pills_14x14.png to client Bob Joga
 - (2020-09-17 18:21:51) ASSET: Sending asset minimap-06a9716124d7e67dd5a8fd3b307fff3e.png to client Bob Joga
 - (2020-09-17 18:21:51) ASSET: Sending asset minimap-06a9716124d7e67dd5a8fd3b307fff3e-meta.png to client Bob Joga
 - (2020-09-17 18:21:51) ASSET: Sending asset tgui.css to client Bob Joga
 - (2020-09-17 18:21:51) ASSET: Sending asset tgui.js to client Bob Joga
 - (2020-09-17 18:21:52) ASSET: Sending asset tgui-main.html to client Bob Joga
 - (2020-09-17 18:21:52) ASSET: Sending asset tgui.bundle.js to client Bob Joga
 - (2020-09-17 18:21:52) ASSET: Sending asset tgui.bundle.css to client Bob Joga
 - (2020-09-17 18:21:53) ASSET: Sending asset tgui-fallback.html to client Bob Joga
 - (2020-09-17 18:21:53) ASSET: Sending asset shim-html5shiv.js to client Bob Joga
 - (2020-09-17 18:21:53) ASSET: Sending asset shim-ie8.js to client Bob Joga
 - (2020-09-17 18:21:53) ASSET: Sending asset shim-dom4.js to client Bob Joga
 - (2020-09-17 18:21:53) ASSET: Sending asset shim-css-om.js to client Bob Joga
 - (2020-09-17 18:21:53) ASSET: Sending asset alarm_green.gif to client Bob Joga
 - (2020-09-17 18:21:53) ASSET: Sending asset alarm_red.gif to client Bob Joga
 - (2020-09-17 18:21:53) ASSET: Sending asset batt_5.gif to client Bob Joga
 - (2020-09-17 18:21:53) ASSET: Sending asset batt_20.gif to client Bob Joga
 - (2020-09-17 18:21:53) ASSET: Sending asset batt_40.gif to client Bob Joga
 - (2020-09-17 18:21:53) ASSET: Sending asset batt_60.gif to client Bob Joga
 - (2020-09-17 18:21:53) ASSET: Sending asset batt_80.gif to client Bob Joga
 - (2020-09-17 18:21:53) ASSET: Sending asset batt_100.gif to client Bob Joga
 - (2020-09-17 18:21:53) ASSET: Sending asset charging.gif to client Bob Joga
 - (2020-09-17 18:21:53) ASSET: Sending asset downloader_finished.gif to client Bob Joga
 - (2020-09-17 18:21:54) ASSET: Sending asset downloader_running.gif to client Bob Joga
 - (2020-09-17 18:21:54) ASSET: Sending asset ntnrc_idle.gif to client Bob Joga
 - (2020-09-17 18:21:54) ASSET: Sending asset ntnrc_new.gif to client Bob Joga
 - (2020-09-17 18:21:54) ASSET: Sending asset power_norm.gif to client Bob Joga
 - (2020-09-17 18:21:54) ASSET: Sending asset power_warn.gif to client Bob Joga
 - (2020-09-17 18:21:54) ASSET: Sending asset sig_high.gif to client Bob Joga
 - (2020-09-17 18:21:54) ASSET: Sending asset sig_low.gif to client Bob Joga
 - (2020-09-17 18:21:54) ASSET: Sending asset sig_lan.gif to client Bob Joga
 - (2020-09-17 18:21:54) ASSET: Sending asset sig_none.gif to client Bob Joga
 - (2020-09-17 18:21:54) ASSET: Sending asset smmon_0.gif to client Bob Joga
 - (2020-09-17 18:21:54) ASSET: Sending asset smmon_1.gif to client Bob Joga
 - (2020-09-17 18:21:54) ASSET: Sending asset smmon_2.gif to client Bob Joga
 - (2020-09-17 18:21:54) ASSET: Sending asset smmon_3.gif to client Bob Joga
 - (2020-09-17 18:21:54) ASSET: Sending asset smmon_4.gif to client Bob Joga
 - (2020-09-17 18:21:55) ASSET: Sending asset smmon_5.gif to client Bob Joga
 - (2020-09-17 18:21:55) ASSET: Sending asset smmon_6.gif to client Bob Joga
 - (2020-09-17 18:21:55) ASSET: Sending asset jquery-ui.custom-core-widgit-mouse-sortable-min.js to client Bob Joga
 - (2020-09-17 18:21:55) ASSET: Sending asset 88x31.png to client Bob Joga
 - (2020-09-17 18:21:55) ASSET: Sending asset bug-minus.png to client Bob Joga
 - (2020-09-17 18:21:55) ASSET: Sending asset cross-circle.png to client Bob Joga
 - (2020-09-17 18:21:55) ASSET: Sending asset hard-hat-exclamation.png to client Bob Joga
 - (2020-09-17 18:21:55) ASSET: Sending asset image-minus.png to client Bob Joga
 - (2020-09-17 18:21:55) ASSET: Sending asset image-plus.png to client Bob Joga
 - (2020-09-17 18:21:55) ASSET: Sending asset music-minus.png to client Bob Joga
 - (2020-09-17 18:21:55) ASSET: Sending asset music-plus.png to client Bob Joga
 - (2020-09-17 18:21:55) ASSET: Sending asset tick-circle.png to client Bob Joga
 - (2020-09-17 18:21:55) ASSET: Sending asset wrench-screwdriver.png to client Bob Joga
 - (2020-09-17 18:21:56) ASSET: Sending asset spell-check.png to client Bob Joga
 - (2020-09-17 18:21:56) ASSET: Sending asset burn-exclamation.png to client Bob Joga
 - (2020-09-17 18:21:56) ASSET: Sending asset chevron.png to client Bob Joga
 - (2020-09-17 18:21:56) ASSET: Sending asset chevron-expand.png to client Bob Joga
 - (2020-09-17 18:21:56) ASSET: Sending asset scales.png to client Bob Joga
 - (2020-09-17 18:21:56) ASSET: Sending asset coding.png to client Bob Joga
 - (2020-09-17 18:21:56) ASSET: Sending asset ban.png to client Bob Joga
 - (2020-09-17 18:21:56) ASSET: Sending asset chrome-wrench.png to client Bob Joga
 - (2020-09-17 18:21:56) ASSET: Sending asset changelog.css to client Bob Joga
 - (2020-09-17 18:21:56) ASSET: Sending asset padlock.png to client Bob Joga
 - (2020-09-17 18:21:56) ASSET: Sending asset high_button.png to client Bob Joga
 - (2020-09-17 18:21:56) ASSET: Sending asset medium_button.png to client Bob Joga
 - (2020-09-17 18:21:56) ASSET: Sending asset minor_button.png to client Bob Joga
 - (2020-09-17 18:21:56) ASSET: Sending asset none_button.png to client Bob Joga
 - (2020-09-17 18:21:56) ASSET: Sending asset dna_discovered.gif to client Bob Joga
 - (2020-09-17 18:21:57) ASSET: Sending asset dna_undiscovered.gif to client Bob Joga
 - (2020-09-17 18:21:57) ASSET: Sending asset dna_extra.gif to client Bob Joga
 - (2020-09-17 18:21:57) ASSET: Sending asset view_variables.css to client Bob Joga
 - (2020-09-17 18:21:57) ASSET: Sending asset sui-nano-common.js to client Bob Joga
 - (2020-09-17 18:21:57) ASSET: Sending asset sui-nano-common.css to client Bob Joga
 - (2020-09-17 18:21:57) ASSET: Sending asset tetris_0.gif to client Bob Joga
 - (2020-09-17 18:21:57) ASSET: Sending asset tetris_1.gif to client Bob Joga
 - (2020-09-17 18:21:57) ASSET: Sending asset tetris_2.gif to client Bob Joga
 - (2020-09-17 18:21:57) ASSET: Sending asset tetris_3.gif to client Bob Joga
 - (2020-09-17 18:21:57) ASSET: Sending asset tetris_4.gif to client Bob Joga
 - (2020-09-17 18:21:57) ASSET: Sending asset tetris_5.gif to client Bob Joga
 - (2020-09-17 18:21:57) ASSET: Sending asset tetris_6.gif to client Bob Joga
 - (2020-09-17 18:21:57) ASSET: Sending asset tetris_7.gif to client Bob Joga
 - (2020-09-17 18:21:57) ASSET: Sending asset tetrisp0.gif to client Bob Joga
 - (2020-09-17 18:21:57) ASSET: Sending asset tetrisp1.gif to client Bob Joga
 - (2020-09-17 18:21:58) ASSET: Sending asset tetrisp2.gif to client Bob Joga
 - (2020-09-17 18:21:58) ASSET: Sending asset tetrisp3.gif to client Bob Joga
 - (2020-09-17 18:21:58) ASSET: Sending asset tetrisp4.gif to client Bob Joga
 - (2020-09-17 18:21:58) ASSET: Sending asset tetrisp5.gif to client Bob Joga
 - (2020-09-17 18:21:58) ASSET: Sending asset tetrisp6.gif to client Bob Joga
 - (2020-09-17 18:21:58) ASSET: Sending asset tetrisp7.gif to client Bob Joga
 - (2020-09-17 18:21:58) ASSET: Sending asset tetris.js to client Bob Joga
 - (2020-09-17 18:21:58) ASSET: Sending asset tetris2.js to client Bob Joga
 - (2020-09-17 18:21:58) ASSET: Sending asset spritesheet_pda.css to client Bob Joga
 - (2020-09-17 18:21:58) ASSET: Sending asset pda_16x16.png to client Bob Joga
 - (2020-09-17 18:21:58) ASSET: Sending asset spritesheet_minesweeper.css to client Bob Joga
 - (2020-09-17 18:21:58) ASSET: Sending asset minesweeper_16x16.png to client Bob Joga
 - (2020-09-17 18:21:58) ASSET: Sending asset spritesheet_pipes.css to client Bob Joga
 - (2020-09-17 18:21:58) ASSET: Sending asset pipes_32x32.png to client Bob Joga
 - (2020-09-17 18:21:59) ASSET: Sending asset spritesheet_design.css to client Bob Joga
 - (2020-09-17 18:21:59) ASSET: Sending asset design_32x32.png to client Bob Joga
 - (2020-09-17 18:21:59) ASSET: Sending asset design_32x64.png to client Bob Joga
 - (2020-09-17 18:21:59) ASSET: Sending asset design_64x32.png to client Bob Joga
 - (2020-09-17 18:21:59) ASSET: Sending asset spritesheet_vending.css to client Bob Joga
 - (2020-09-17 18:21:59) ASSET: Sending asset vending_32x32.png to client Bob Joga
[2020-09-17 21:32:03.702] Logs from logging subsystem:
 - (2020-09-17 18:22:18) ASSET: Sending asset playeroptions.css to client Bob Joga
 - (2020-09-17 18:23:31) ASSET: Sending asset asset.a7876adbc45d5d90c86af51b5de0c3f3.png to client Bob Joga
 - (2020-09-17 18:23:31) ASSET: Sending asset asset.2a9daba8bbbd204b5ac207abaae57e51.png to client Bob Joga
 - (2020-09-17 18:23:31) ASSET: Sending asset asset.75888c4014691c58069700ed075b7552.png to client Bob Joga
 - (2020-09-17 18:23:31) ASSET: Sending asset asset.89df8d741931b6fc9bb989354c952429.png to client Bob Joga
 - (2020-09-17 18:23:31) ASSET: Sending asset asset.7086dd6a5cf2116e54d043308f7c8bf9.png to client Bob Joga
 - (2020-09-17 18:23:31) ASSET: Sending asset asset.12191bb64b3a77e395b534f17df03f93.png to client Bob Joga
 - (2020-09-17 18:23:33) ASSET: Sending asset asset.8ae292f988f1eced174d55277cceefc0.png to client Bob Joga
 - (2020-09-17 18:25:12) ASSET: Sending asset asset.75d8f351b634859b0d2f86c940ed1ee4.png to client Bob Joga
