[2020-09-17 21:20:25.313] Starting up round ID .
 - -------------------------
[2020-09-17 21:20:25.320] Running /tg/ revision: 2020-09-17
 - origin/master: d11fd4efd50d8f73db0616bcd74e1fd6e5296199
 - HEAD: 8145fbb43b9f8c751d234488c3345c77f40a0588
[2020-09-17 21:20:26.533] Loading Box Station...
[2020-09-17 21:20:33.389] Loaded Station in 6.8s!
[2020-09-17 21:20:36.452] Loaded Lavaland in 3s!
[2020-09-17 21:20:37.852] Ruin loader finished with 0 left to spend.
[2020-09-17 21:20:41.425] Ruin loader finished with 0 left to spend.
[2020-09-17 21:20:41.578] Ruin loader finished with 0 left to spend.
[2020-09-17 21:21:23.100] ## WARNING: HEY! LISTEN! 0.5 seconds were wasted processing 405 turf(s) (connected to 21817 other turfs) with atmos differences at round start.
[2020-09-17 21:21:51.142] Initializations complete within 84.9 seconds!
[2020-09-17 21:21:58.766] Game start took 0s
[2020-09-17 21:24:38.271] ### VarEdit by Bob Joga/(Cock Advisor): /obj/machinery/clonepod biomass=0 => 1200
[2020-09-17 21:25:09.357] runtime error: Cannot read null.player_details
 - proc name: Login (/mob/Login)
 -   source file: login.dm,51
 -   usr: (src)
 -   src: Abdel-Rahman Salcedo (/mob/living/carbon/human)
 -   src.loc: the cloning pod (/obj/machinery/clonepod)
 -   call stack:
 - Abdel-Rahman Salcedo (/mob/living/carbon/human): Login()
 - Abdel-Rahman Salcedo (/mob/living/carbon/human): Login()
 - Abdel-Rahman Salcedo (/mob/living/carbon/human): Login()
 - 
