[2020-09-17 21:20:25.314] Starting up round ID .
 - -------------------------
[2020-09-17 21:20:26.293] INIT: Initialized Profiler subsystem within 0 seconds!
[2020-09-17 21:20:26.441] Fail2Topic: Failed to drop firewall rule. Exit code: 1.
[2020-09-17 21:20:26.441] INIT: Initialized Fail2Topic subsystem within 0.2 seconds!
[2020-09-17 21:20:26.443] INIT: Initialized Title Screen subsystem within 0 seconds!
[2020-09-17 21:20:26.444] INIT: Initialized Database subsystem within 0 seconds!
[2020-09-17 21:20:26.444] INIT: Initialized Blackbox subsystem within 0 seconds!
[2020-09-17 21:20:26.444] INIT: Initialized Server Tasks subsystem within 0 seconds!
[2020-09-17 21:20:26.446] INIT: Initialized Input subsystem within 0 seconds!
[2020-09-17 21:20:26.448] INIT: Initialized Sounds subsystem within 0 seconds!
[2020-09-17 21:20:26.448] INIT: Initialized Vis contents overlays subsystem within 0 seconds!
[2020-09-17 21:20:26.505] INIT: Initialized Research subsystem within 0.1 seconds!
[2020-09-17 21:20:26.508] INIT: Initialized Events subsystem within 0 seconds!
[2020-09-17 21:20:26.512] INIT: Initialized Jobs subsystem within 0 seconds!
[2020-09-17 21:20:26.517] INIT: Initialized Quirks subsystem within 0 seconds!
[2020-09-17 21:20:26.523] INIT: Initialized Ticker subsystem within 0 seconds!
[2020-09-17 21:20:26.533] INIT: Initialized Instruments subsystem within 0 seconds!
[2020-09-17 21:20:42.370] INIT: Initialized Mapping subsystem within 15.8 seconds!
[2020-09-17 21:20:42.372] INIT: Initialized Economy subsystem within 0 seconds!
[2020-09-17 21:20:42.373] INIT: Initialized Networks subsystem within 0 seconds!
[2020-09-17 21:20:42.374] INIT: Initialized Holodeck subsystem within 0 seconds!
[2020-09-17 21:21:15.635] INIT: Initialized Atoms subsystem within 33.3 seconds!
[2020-09-17 21:21:15.652] INIT: Initialized Language subsystem within 0 seconds!
[2020-09-17 21:21:15.818] INIT: Initialized Machines subsystem within 0.2 seconds!
[2020-09-17 21:21:15.870] INIT: Initialized Circuit subsystem within 0 seconds!
[2020-09-17 21:21:17.129] INIT: Initialized Atmos Adjacency subsystem within 1.3 seconds!
[2020-09-17 21:21:17.130] INIT: Initialized Autotransfer Vote subsystem within 0 seconds!
[2020-09-17 21:21:17.130] INIT: Initialized Chemistry subsystem within 0 seconds!
[2020-09-17 21:21:17.130] INIT: Initialized Status Effects subsystem within 0 seconds!
[2020-09-17 21:21:17.131] INIT: Initialized Weather subsystem within 0 seconds!
[2020-09-17 21:21:17.136] INIT: Initialized Disease subsystem within 0 seconds!
[2020-09-17 21:21:17.137] INIT: Initialized Jukeboxes subsystem within 0 seconds!
[2020-09-17 21:21:17.137] INIT: Initialized Medals subsystem within 0 seconds!
[2020-09-17 21:21:17.409] INIT: Initialized Minimaps subsystem within 0.3 seconds!
[2020-09-17 21:21:17.411] INIT: Initialized Night Shift subsystem within 0 seconds!
[2020-09-17 21:21:17.411] INIT: Initialized Parallax subsystem within 0 seconds!
[2020-09-17 21:21:17.411] INIT: Initialized Sun subsystem within 0 seconds!
[2020-09-17 21:21:17.645] INIT: Initialized Traumas subsystem within 0.2 seconds!
[2020-09-17 21:21:17.681] INIT: Initialized Bluespace Locker subsystem within 0 seconds!
[2020-09-17 21:21:17.683] INIT: Initialized Pacification Bans subsystem within 0 seconds!
[2020-09-17 21:21:17.683] INIT: Initialized Logging subsystem within 0 seconds!
[2020-09-17 21:21:17.683] INIT: Initialized Recycling subsystem within 0 seconds!
[2020-09-17 21:21:23.454] INIT: Initialized Atmospherics subsystem within 5.8 seconds!
[2020-09-17 21:21:23.455] INIT: Initialized Atmospherics - Turfs subsystem within 0 seconds!
[2020-09-17 21:21:27.207] INIT: Initialized Assets subsystem within 3.8 seconds!
[2020-09-17 21:21:34.225] INIT: Initialized Icon Smoothing subsystem within 7 seconds!
[2020-09-17 21:21:35.427] INIT: Initialized Overlay subsystem within 1.2 seconds!
[2020-09-17 21:21:35.427] INIT: Initialized XKeyScore subsystem within 0 seconds!
[2020-09-17 21:21:35.428] INIT: Initialized Sticky Ban subsystem within 0 seconds!
[2020-09-17 21:21:46.533] INIT: Initialized Lighting subsystem within 11.1 seconds!
[2020-09-17 21:21:51.035] INIT: Initialized Shuttle subsystem within 4.5 seconds!
[2020-09-17 21:21:51.100] INIT: Initialized Minor Mapping subsystem within 0 seconds!
[2020-09-17 21:21:51.101] INIT: Initialized Pathfinder subsystem within 0 seconds!
[2020-09-17 21:21:51.141] INIT: Initialized Persistence subsystem within 0 seconds!
[2020-09-17 21:21:51.142] INIT: Initialized Chat subsystem within 0 seconds!
