[2020-09-07 22:19:42.839] Starting up round ID .
 - -------------------------
[2020-09-07 22:19:48.465] INIT: Initialized Profiler subsystem within 0 seconds!
[2020-09-07 22:19:48.614] Fail2Topic: Failed to drop firewall rule. Exit code: 1.
[2020-09-07 22:19:48.614] INIT: Initialized Fail2Topic subsystem within 0.2 seconds!
[2020-09-07 22:19:48.616] INIT: Initialized Title Screen subsystem within 0 seconds!
[2020-09-07 22:19:48.616] INIT: Initialized Database subsystem within 0 seconds!
[2020-09-07 22:19:48.616] INIT: Initialized Blackbox subsystem within 0 seconds!
[2020-09-07 22:19:48.617] INIT: Initialized Server Tasks subsystem within 0 seconds!
[2020-09-07 22:19:48.620] INIT: Initialized Input subsystem within 0 seconds!
[2020-09-07 22:19:48.621] INIT: Initialized Sounds subsystem within 0 seconds!
[2020-09-07 22:19:48.622] INIT: Initialized Vis contents overlays subsystem within 0 seconds!
[2020-09-07 22:19:48.692] INIT: Initialized Research subsystem within 0 seconds!
[2020-09-07 22:19:48.695] INIT: Initialized Events subsystem within 0 seconds!
[2020-09-07 22:19:48.699] INIT: Initialized Jobs subsystem within 0 seconds!
[2020-09-07 22:19:48.705] INIT: Initialized Quirks subsystem within 0.1 seconds!
[2020-09-07 22:19:48.711] INIT: Initialized Ticker subsystem within 0 seconds!
[2020-09-07 22:19:48.723] INIT: Initialized Instruments subsystem within 0 seconds!
[2020-09-07 22:20:06.954] INIT: Initialized Mapping subsystem within 18.2 seconds!
[2020-09-07 22:20:06.968] INIT: Initialized Economy subsystem within 0 seconds!
[2020-09-07 22:20:06.969] INIT: Initialized Networks subsystem within 0 seconds!
[2020-09-07 22:20:06.969] INIT: Initialized Holodeck subsystem within 0 seconds!
[2020-09-07 22:20:38.732] INIT: Initialized Atoms subsystem within 31.8 seconds!
[2020-09-07 22:20:38.757] INIT: Initialized Language subsystem within 0 seconds!
[2020-09-07 22:20:38.915] INIT: Initialized Machines subsystem within 0.2 seconds!
[2020-09-07 22:20:38.949] INIT: Initialized Circuit subsystem within 0 seconds!
[2020-09-07 22:20:40.276] INIT: Initialized Atmos Adjacency subsystem within 1.3 seconds!
[2020-09-07 22:20:40.276] INIT: Initialized Autotransfer Vote subsystem within 0 seconds!
[2020-09-07 22:20:40.276] INIT: Initialized Chemistry subsystem within 0 seconds!
[2020-09-07 22:20:40.276] INIT: Initialized Status Effects subsystem within 0 seconds!
[2020-09-07 22:20:40.277] INIT: Initialized Weather subsystem within 0 seconds!
[2020-09-07 22:20:40.280] INIT: Initialized Disease subsystem within 0 seconds!
[2020-09-07 22:20:40.281] INIT: Initialized Jukeboxes subsystem within 0 seconds!
[2020-09-07 22:20:40.281] INIT: Initialized Medals subsystem within 0 seconds!
[2020-09-07 22:20:40.539] INIT: Initialized Minimaps subsystem within 0.3 seconds!
[2020-09-07 22:20:40.589] INIT: Initialized Night Shift subsystem within 0 seconds!
[2020-09-07 22:20:40.589] INIT: Initialized Parallax subsystem within 0 seconds!
[2020-09-07 22:20:40.589] INIT: Initialized Sun subsystem within 0 seconds!
[2020-09-07 22:20:40.808] INIT: Initialized Traumas subsystem within 0.3 seconds!
[2020-09-07 22:20:40.848] INIT: Initialized Bluespace Locker subsystem within 0 seconds!
[2020-09-07 22:20:40.884] INIT: Initialized Pacification Bans subsystem within 0 seconds!
[2020-09-07 22:20:40.884] INIT: Initialized Logging subsystem within 0 seconds!
[2020-09-07 22:20:40.884] INIT: Initialized Recycling subsystem within 0 seconds!
[2020-09-07 22:20:46.827] INIT: Initialized Atmospherics subsystem within 6 seconds!
[2020-09-07 22:20:46.827] INIT: Initialized Atmospherics - Turfs subsystem within 0 seconds!
[2020-09-07 22:20:49.976] INIT: Initialized Assets subsystem within 3.1 seconds!
[2020-09-07 22:20:56.058] INIT: Initialized Icon Smoothing subsystem within 6 seconds!
[2020-09-07 22:20:57.298] INIT: Initialized Overlay subsystem within 1.2 seconds!
[2020-09-07 22:20:57.298] INIT: Initialized XKeyScore subsystem within 0 seconds!
[2020-09-07 22:20:57.299] INIT: Initialized Sticky Ban subsystem within 0 seconds!
[2020-09-07 22:21:04.900] INIT: Initialized Lighting subsystem within 7.7 seconds!
[2020-09-07 22:21:09.441] INIT: Initialized Shuttle subsystem within 4.5 seconds!
[2020-09-07 22:21:09.480] INIT: Initialized Minor Mapping subsystem within 0 seconds!
[2020-09-07 22:21:09.482] INIT: Initialized Pathfinder subsystem within 0 seconds!
[2020-09-07 22:21:09.513] INIT: Initialized Persistence subsystem within 0.1 seconds!
[2020-09-07 22:21:09.513] INIT: Initialized Chat subsystem within 0 seconds!
