[2020-09-26 20:01:15.852] Starting up round ID .
 - -------------------------
[2020-09-26 20:01:22.110] INIT: Initialized Profiler subsystem within 0 seconds!
[2020-09-26 20:01:22.315] Fail2Topic: Failed to drop firewall rule. Exit code: 1.
[2020-09-26 20:01:22.316] INIT: Initialized Fail2Topic subsystem within 0.2 seconds!
[2020-09-26 20:01:22.317] INIT: Initialized Title Screen subsystem within 0 seconds!
[2020-09-26 20:01:22.317] INIT: Initialized Database subsystem within 0 seconds!
[2020-09-26 20:01:22.317] INIT: Initialized Blackbox subsystem within 0 seconds!
[2020-09-26 20:01:22.318] INIT: Initialized Server Tasks subsystem within 0 seconds!
[2020-09-26 20:01:22.321] INIT: Initialized Input subsystem within 0 seconds!
[2020-09-26 20:01:22.322] INIT: Initialized Sounds subsystem within 0 seconds!
[2020-09-26 20:01:22.323] INIT: Initialized Vis contents overlays subsystem within 0 seconds!
[2020-09-26 20:01:22.387] INIT: Initialized Research subsystem within 0 seconds!
[2020-09-26 20:01:22.391] INIT: Initialized Events subsystem within 0 seconds!
[2020-09-26 20:01:22.396] INIT: Initialized Jobs subsystem within 0 seconds!
[2020-09-26 20:01:22.402] INIT: Initialized Quirks subsystem within 0.1 seconds!
[2020-09-26 20:01:22.409] INIT: Initialized Ticker subsystem within 0 seconds!
[2020-09-26 20:01:22.423] INIT: Initialized Instruments subsystem within 0 seconds!
[2020-09-26 20:01:41.557] INIT: Initialized Mapping subsystem within 19.1 seconds!
[2020-09-26 20:01:41.570] INIT: Initialized Economy subsystem within 0 seconds!
[2020-09-26 20:01:41.572] INIT: Initialized Networks subsystem within 0 seconds!
[2020-09-26 20:01:41.572] INIT: Initialized Holodeck subsystem within 0 seconds!
[2020-09-26 20:02:19.035] INIT: Initialized Atoms subsystem within 37.5 seconds!
[2020-09-26 20:02:19.065] INIT: Initialized Language subsystem within 0 seconds!
[2020-09-26 20:02:19.224] INIT: Initialized Machines subsystem within 0.2 seconds!
[2020-09-26 20:02:19.290] INIT: Initialized Circuit subsystem within 0 seconds!
[2020-09-26 20:02:20.853] INIT: Initialized Atmos Adjacency subsystem within 1.6 seconds!
[2020-09-26 20:02:20.854] INIT: Initialized Autotransfer Vote subsystem within 0 seconds!
[2020-09-26 20:02:20.854] INIT: Initialized Chemistry subsystem within 0 seconds!
[2020-09-26 20:02:20.854] INIT: Initialized Status Effects subsystem within 0 seconds!
[2020-09-26 20:02:20.855] INIT: Initialized Weather subsystem within 0 seconds!
[2020-09-26 20:02:20.858] INIT: Initialized Disease subsystem within 0 seconds!
[2020-09-26 20:02:20.859] INIT: Initialized Jukeboxes subsystem within 0 seconds!
[2020-09-26 20:02:20.859] INIT: Initialized Medals subsystem within 0 seconds!
[2020-09-26 20:02:21.207] INIT: Initialized Minimaps subsystem within 0.4 seconds!
[2020-09-26 20:02:21.268] INIT: Initialized Night Shift subsystem within 0 seconds!
[2020-09-26 20:02:21.268] INIT: Initialized Parallax subsystem within 0 seconds!
[2020-09-26 20:02:21.268] INIT: Initialized Sun subsystem within 0 seconds!
[2020-09-26 20:02:21.507] INIT: Initialized Traumas subsystem within 0.3 seconds!
[2020-09-26 20:02:21.547] INIT: Initialized Bluespace Locker subsystem within 0 seconds!
[2020-09-26 20:02:21.584] INIT: Initialized Pacification Bans subsystem within 0 seconds!
[2020-09-26 20:02:21.585] INIT: Initialized Logging subsystem within 0 seconds!
[2020-09-26 20:02:21.585] INIT: Initialized Recycling subsystem within 0 seconds!
[2020-09-26 20:02:28.178] INIT: Initialized Atmospherics subsystem within 6.6 seconds!
[2020-09-26 20:02:28.178] INIT: Initialized Atmospherics - Turfs subsystem within 0 seconds!
[2020-09-26 20:02:31.601] INIT: Initialized Assets subsystem within 3.5 seconds!
[2020-09-26 20:02:39.626] INIT: Initialized Icon Smoothing subsystem within 8 seconds!
[2020-09-26 20:02:40.986] INIT: Initialized Overlay subsystem within 1.3 seconds!
[2020-09-26 20:02:40.986] INIT: Initialized XKeyScore subsystem within 0 seconds!
[2020-09-26 20:02:40.987] INIT: Initialized Sticky Ban subsystem within 0 seconds!
[2020-09-26 20:02:55.131] INIT: Initialized Lighting subsystem within 14.2 seconds!
[2020-09-26 20:02:59.370] INIT: Initialized Shuttle subsystem within 4.2 seconds!
[2020-09-26 20:02:59.414] INIT: Initialized Minor Mapping subsystem within 0.1 seconds!
[2020-09-26 20:02:59.415] INIT: Initialized Pathfinder subsystem within 0 seconds!
[2020-09-26 20:02:59.451] INIT: Initialized Persistence subsystem within 0 seconds!
[2020-09-26 20:02:59.452] INIT: Initialized Chat subsystem within 0 seconds!
