[2020-09-24 00:39:50.305] Logs from logging subsystem:
 - (2020-09-23 21:38:10) ASSET: Sending asset common.css to client Bob Joga
 - (2020-09-23 21:38:10) ASSET: Sending asset jquery.min.js to client Bob Joga
 - (2020-09-23 21:38:11) ASSET: Sending asset json2.min.js to client Bob Joga
 - (2020-09-23 21:38:11) ASSET: Sending asset browserOutput.js to client Bob Joga
 - (2020-09-23 21:38:11) ASSET: Sending asset browserOutput.css to client Bob Joga
 - (2020-09-23 21:38:11) ASSET: Sending asset browserOutput_dark.css to client Bob Joga
 - (2020-09-23 21:38:11) ASSET: Sending asset browserOutput_light.css to client Bob Joga
 - (2020-09-23 21:38:11) ASSET: Sending asset spritesheet_chat.css to client Bob Joga
 - (2020-09-23 21:38:11) ASSET: Sending asset chat_16x16.png to client Bob Joga
 - (2020-09-23 21:38:11) ASSET: Sending asset fa-regular-400.eot to client Bob Joga
 - (2020-09-23 21:38:11) ASSET: Sending asset fa-regular-400.woff to client Bob Joga
 - (2020-09-23 21:38:11) ASSET: Sending asset fa-solid-900.eot to client Bob Joga
 - (2020-09-23 21:38:11) ASSET: Sending asset fa-solid-900.woff to client Bob Joga
 - (2020-09-23 21:38:11) ASSET: Sending asset font-awesome.css to client Bob Joga
 - (2020-09-23 21:38:11) ASSET: Sending asset v4shim.css to client Bob Joga
 - (2020-09-23 21:39:48) ASSET: Sending asset spritesheet_paper.css to client Bob Joga
 - (2020-09-23 21:39:48) ASSET: Sending asset paper_121x54.png to client Bob Joga
 - (2020-09-23 21:39:49) ASSET: Sending asset spritesheet_pills.css to client Bob Joga
 - (2020-09-23 21:39:49) ASSET: Sending asset pills_22x10.png to client Bob Joga
 - (2020-09-23 21:39:49) ASSET: Sending asset pills_14x14.png to client Bob Joga
 - (2020-09-23 21:39:49) ASSET: Sending asset minimap-d0d90c6b05a0cc638c0070daf8c80b96.png to client Bob Joga
 - (2020-09-23 21:39:49) ASSET: Sending asset minimap-d0d90c6b05a0cc638c0070daf8c80b96-meta.png to client Bob Joga
 - (2020-09-23 21:39:49) ASSET: Sending asset tgui.css to client Bob Joga
 - (2020-09-23 21:39:49) ASSET: Sending asset tgui.js to client Bob Joga
 - (2020-09-23 21:39:49) ASSET: Sending asset asset.f5748b8fd7fb17714de995df31ba7c84.png to client Bob Joga
 - (2020-09-23 21:39:49) ASSET: Sending asset tgui-main.html to client Bob Joga
 - (2020-09-23 21:39:49) ASSET: Sending asset tgui.bundle.js to client Bob Joga
 - (2020-09-23 21:39:50) ASSET: Sending asset tgui.bundle.css to client Bob Joga
