[2020-09-24 00:38:08.214] Starting up round ID .
 - -------------------------
[2020-09-24 00:38:14.102] INIT: Initialized Profiler subsystem within 0 seconds!
[2020-09-24 00:38:14.256] Fail2Topic: Failed to drop firewall rule. Exit code: 1.
[2020-09-24 00:38:14.256] INIT: Initialized Fail2Topic subsystem within 0.1 seconds!
[2020-09-24 00:38:14.258] INIT: Initialized Title Screen subsystem within 0 seconds!
[2020-09-24 00:38:14.259] INIT: Initialized Database subsystem within 0 seconds!
[2020-09-24 00:38:14.259] INIT: Initialized Blackbox subsystem within 0 seconds!
[2020-09-24 00:38:14.260] INIT: Initialized Server Tasks subsystem within 0 seconds!
[2020-09-24 00:38:14.261] INIT: Initialized Input subsystem within 0 seconds!
[2020-09-24 00:38:14.263] INIT: Initialized Sounds subsystem within 0 seconds!
[2020-09-24 00:38:14.264] INIT: Initialized Vis contents overlays subsystem within 0 seconds!
[2020-09-24 00:38:14.322] INIT: Initialized Research subsystem within 0.1 seconds!
[2020-09-24 00:38:14.325] INIT: Initialized Events subsystem within 0 seconds!
[2020-09-24 00:38:14.331] INIT: Initialized Jobs subsystem within 0 seconds!
[2020-09-24 00:38:14.336] INIT: Initialized Quirks subsystem within 0 seconds!
[2020-09-24 00:38:14.342] INIT: Initialized Ticker subsystem within 0 seconds!
[2020-09-24 00:38:14.355] INIT: Initialized Instruments subsystem within 0 seconds!
[2020-09-24 00:38:32.931] INIT: Initialized Mapping subsystem within 18.6 seconds!
[2020-09-24 00:38:32.946] INIT: Initialized Economy subsystem within 0 seconds!
[2020-09-24 00:38:32.947] INIT: Initialized Networks subsystem within 0 seconds!
[2020-09-24 00:38:32.947] INIT: Initialized Holodeck subsystem within 0 seconds!
[2020-09-24 00:39:10.324] INIT: Initialized Atoms subsystem within 37.4 seconds!
[2020-09-24 00:39:10.371] INIT: Initialized Language subsystem within 0 seconds!
[2020-09-24 00:39:10.719] INIT: Initialized Machines subsystem within 0.4 seconds!
[2020-09-24 00:39:10.795] INIT: Initialized Circuit subsystem within 0 seconds!
[2020-09-24 00:39:12.234] INIT: Initialized Atmos Adjacency subsystem within 1.5 seconds!
[2020-09-24 00:39:12.234] INIT: Initialized Autotransfer Vote subsystem within 0 seconds!
[2020-09-24 00:39:12.234] INIT: Initialized Chemistry subsystem within 0 seconds!
[2020-09-24 00:39:12.234] INIT: Initialized Status Effects subsystem within 0 seconds!
[2020-09-24 00:39:12.235] INIT: Initialized Weather subsystem within 0 seconds!
[2020-09-24 00:39:12.239] INIT: Initialized Disease subsystem within 0 seconds!
[2020-09-24 00:39:12.239] INIT: Initialized Jukeboxes subsystem within 0 seconds!
[2020-09-24 00:39:12.239] INIT: Initialized Medals subsystem within 0 seconds!
[2020-09-24 00:39:12.541] INIT: Initialized Minimaps subsystem within 0.3 seconds!
[2020-09-24 00:39:12.606] INIT: Initialized Night Shift subsystem within 0 seconds!
[2020-09-24 00:39:12.606] INIT: Initialized Parallax subsystem within 0 seconds!
[2020-09-24 00:39:12.606] INIT: Initialized Sun subsystem within 0 seconds!
[2020-09-24 00:39:12.833] INIT: Initialized Traumas subsystem within 0.2 seconds!
[2020-09-24 00:39:12.889] INIT: Initialized Bluespace Locker subsystem within 0 seconds!
[2020-09-24 00:39:12.928] INIT: Initialized Pacification Bans subsystem within 0 seconds!
[2020-09-24 00:39:12.928] INIT: Initialized Logging subsystem within 0 seconds!
[2020-09-24 00:39:12.928] INIT: Initialized Recycling subsystem within 0 seconds!
[2020-09-24 00:39:20.151] INIT: Initialized Atmospherics subsystem within 7.2 seconds!
[2020-09-24 00:39:20.151] INIT: Initialized Atmospherics - Turfs subsystem within 0 seconds!
[2020-09-24 00:39:23.348] INIT: Initialized Assets subsystem within 3.2 seconds!
[2020-09-24 00:39:30.785] INIT: Initialized Icon Smoothing subsystem within 7.4 seconds!
[2020-09-24 00:39:32.217] INIT: Initialized Overlay subsystem within 1.5 seconds!
[2020-09-24 00:39:32.217] INIT: Initialized XKeyScore subsystem within 0 seconds!
[2020-09-24 00:39:32.217] INIT: Initialized Sticky Ban subsystem within 0 seconds!
[2020-09-24 00:39:41.186] INIT: Initialized Lighting subsystem within 8.9 seconds!
[2020-09-24 00:39:45.972] INIT: Initialized Shuttle subsystem within 4.8 seconds!
[2020-09-24 00:39:46.015] INIT: Initialized Minor Mapping subsystem within 0.1 seconds!
[2020-09-24 00:39:46.016] INIT: Initialized Pathfinder subsystem within 0 seconds!
[2020-09-24 00:39:46.049] INIT: Initialized Persistence subsystem within 0 seconds!
[2020-09-24 00:39:46.049] INIT: Initialized Chat subsystem within 0 seconds!
