[2020-08-28 14:07:10.591] Starting up round ID .
 - -------------------------
[2020-08-28 14:09:08.459] Logs from logging subsystem:
 - (2020-08-28 11:08:56) HREF: Bob Joga (usr:Bob Joga[(11,174,1)]) : _src_=chat&proc=doneLoading
 - (2020-08-28 11:08:56) HREF: Bob Joga (usr:Bob Joga[(11,174,1)]) : _src_=chat&proc=analyzeClientData&param[cookie]={"connData":[{"ckey":"bobjoga","ip":"179.104.18.114","compid":"3000796718"},{"ckey":"bobjoga","ip":"127.0.0.1","compid":"3000796718"},{"ckey":"bobjoga","ip":"177.106.255.43","compid":"3000796718"},{"ckey":"bobjoga","ip":"179.126.113.169","compid":"3000796718"},{"ckey":"bobjoga","ip":null,"compid":"3000796718"}]}
 - (2020-08-28 11:08:56) HREF: Bob Joga (usr:Bob Joga[(11,174,1)]) : 
 - (2020-08-28 11:08:56) HREF: Bob Joga (usr:Bob Joga[(11,174,1)]) : 
 - (2020-08-28 11:09:02) HREF: Bob Joga (usr:Bob Joga[(11,174,1)]) : Bob Joga src=[mob_252];ready=1
[2020-08-28 14:19:09.204] Logs from logging subsystem:
 - (2020-08-28 11:10:17) HREF: Bob Joga (usr:Cockmistress[(121,75,2)]) : bobjoga's admin datum (!localhost!) src=[0x21038fd5];admin_token=4270105364642413971910573852075776;create_mob=1
 - (2020-08-28 11:10:27) HREF: Bob Joga (usr:Cockmistress[(121,75,2)]) : bobjoga's admin datum (!localhost!) src=%5B0x21038fd5%5D%3Badmin_token%3D4270105364642413971910573852075776&admin_token=4270105364642413971910573852075776&filter=felinid&offset=x%2Cy%2Cz&offset_type=relative&object_count=1&object_dir=&object_name=&object_where=onfloor&object_list=%2Fmob%2Fliving%2Fcarbon%2Fhuman%2Fspecies%2Ffelinid
 - (2020-08-28 11:10:29) HREF: Bob Joga (usr:Cockmistress[(121,71,2)]) : bobjoga's admin datum (!localhost!) src=[0x21038fd5];admin_token=4270105364642413971910573852075776;create_object=1
 - (2020-08-28 11:11:01) HREF: Bob Joga (usr:Cockmistress[(121,71,2)]) : bobjoga's admin datum (!localhost!) src=%5B0x21038fd5%5D%3Badmin_token%3D4270105364642413971910573852075776&admin_token=4270105364642413971910573852075776&filter=shotgun&offset=x%2Cy%2Cz&offset_type=relative&object_count=1&object_dir=&object_name=&object_where=onfloor&object_list=%2Fobj%2Fitem%2Fgun%2Fballistic%2Fshotgun%2Fdoomed
 - (2020-08-28 11:11:59) HREF: Bob Joga (usr:Cockmistress[(119,76,2)]) : bobjoga's admin datum (!localhost!) src=[0x21038fd5];admin_token=4270105364642413971910573852075776;create_object=1
 - (2020-08-28 11:13:37) HREF: Bob Joga (usr:Cockmistress[(119,75,2)]) : bobjoga's admin datum (!localhost!) src=%5B0x21038fd5%5D%3Badmin_token%3D4270105364642413971910573852075776&admin_token=4270105364642413971910573852075776&filter=praetor&offset=x%2Cy%2Cz&offset_type=relative&object_count=1&object_dir=&object_name=&object_where=onfloor&object_list=%2Fobj%2Fitem%2Fclothing%2Fsuit%2Fspace%2Fhardsuit%2Fdeathsquad%2Fpraetor
 - (2020-08-28 11:14:10) HREF: Bob Joga (usr:Cockmistress[(119,75,2)]) : _src_=vars;admin_token=4270105364642413971910573852075776;auto_rename=TRUE;target=[mob_253]
 - (2020-08-28 11:14:21) HREF: Bob Joga (usr:Cumguy[(119,74,2)]) : bobjoga's admin datum (!localhost!) src=[0x21038fd5];admin_token=4270105364642413971910573852075776;create_object=1
 - (2020-08-28 11:14:52) HREF: Bob Joga (usr:Cumguy[(119,74,2)]) : bobjoga's admin datum (!localhost!) src=%5B0x21038fd5%5D%3Badmin_token%3D4270105364642413971910573852075776&admin_token=4270105364642413971910573852075776&filter=doublebarrel&offset=x%2Cy%2Cz&offset_type=relative&object_count=1&object_dir=&object_name=&object_where=onfloor&object_list=%2Fobj%2Fitem%2Fgun%2Fballistic%2Frevolver%2Fdoublebarrel%2Fsuper
 - (2020-08-28 11:15:34) HREF: Bob Joga (usr:Cumguy[(119,75,2)]) : bobjoga's admin datum (!localhost!) src=[0x21038fd5];admin_token=4270105364642413971910573852075776;create_object=1
 - (2020-08-28 11:15:42) HREF: Bob Joga (usr:Cumguy[(119,75,2)]) : bobjoga's admin datum (!localhost!) src=%5B0x21038fd5%5D%3Badmin_token%3D4270105364642413971910573852075776&admin_token=4270105364642413971910573852075776&filter=buckshot&offset=x%2Cy%2Cz&offset_type=relative&object_count=1&object_dir=&object_name=&object_where=onfloor&object_list=%2Fobj%2Fitem%2Fammo_box%2Fshotgun%2Floaded%2Fbuckshot
 - (2020-08-28 11:17:07) HREF: Bob Joga (usr:Cumguy[(120,75,2)]) : _src_=holder;admin_token=4270105364642413971910573852075776;revive=[mob_270]
 - (2020-08-28 11:17:35) HREF: Bob Joga (usr:Cumguy[(118,74,2)]) : bobjoga's admin datum (!localhost!) src=[0x21038fd5];admin_token=4270105364642413971910573852075776;create_object=1
 - (2020-08-28 11:17:58) HREF: Bob Joga (usr:Cumguy[(118,74,2)]) : bobjoga's admin datum (!localhost!) src=%5B0x21038fd5%5D%3Badmin_token%3D4270105364642413971910573852075776&admin_token=4270105364642413971910573852075776&filter=loaded&offset=x%2Cy%2Cz&offset_type=relative&object_count=1&object_dir=&object_name=&object_where=onfloor&object_list=%2Fobj%2Fitem%2Fammo_box%2Fshotgun%2Floaded%2Fbuckshot
 - (2020-08-28 11:17:58) HREF: Bob Joga (usr:Cumguy[(118,74,2)]) : bobjoga's admin datum (!localhost!) src=%5B0x21038fd5%5D%3Badmin_token%3D4270105364642413971910573852075776&admin_token=4270105364642413971910573852075776&filter=loaded&offset=x%2Cy%2Cz&offset_type=relative&object_count=1&object_dir=&object_name=&object_where=onfloor&object_list=%2Fobj%2Fitem%2Fammo_box%2Fshotgun%2Floaded%2Fbuckshot
 - (2020-08-28 11:17:58) HREF: Bob Joga (usr:Cumguy[(118,74,2)]) : bobjoga's admin datum (!localhost!) src=%5B0x21038fd5%5D%3Badmin_token%3D4270105364642413971910573852075776&admin_token=4270105364642413971910573852075776&filter=loaded&offset=x%2Cy%2Cz&offset_type=relative&object_count=1&object_dir=&object_name=&object_where=onfloor&object_list=%2Fobj%2Fitem%2Fammo_box%2Fshotgun%2Floaded%2Fbuckshot
 - (2020-08-28 11:17:59) HREF: Bob Joga (usr:Cumguy[(118,74,2)]) : bobjoga's admin datum (!localhost!) src=%5B0x21038fd5%5D%3Badmin_token%3D4270105364642413971910573852075776&admin_token=4270105364642413971910573852075776&filter=loaded&offset=x%2Cy%2Cz&offset_type=relative&object_count=1&object_dir=&object_name=&object_where=onfloor&object_list=%2Fobj%2Fitem%2Fammo_box%2Fshotgun%2Floaded%2Fbuckshot
 - (2020-08-28 11:17:59) HREF: Bob Joga (usr:Cumguy[(118,74,2)]) : bobjoga's admin datum (!localhost!) src=%5B0x21038fd5%5D%3Badmin_token%3D4270105364642413971910573852075776&admin_token=4270105364642413971910573852075776&filter=loaded&offset=x%2Cy%2Cz&offset_type=relative&object_count=1&object_dir=&object_name=&object_where=onfloor&object_list=%2Fobj%2Fitem%2Fammo_box%2Fshotgun%2Floaded%2Fbuckshot
 - (2020-08-28 11:18:03) HREF: Bob Joga (usr:Cumguy[(119,75,2)]) : bobjoga's admin datum (!localhost!) src=[0x21038fd5];admin_token=4270105364642413971910573852075776;create_mob=1
 - (2020-08-28 11:18:08) HREF: Bob Joga (usr:Cumguy[(119,75,2)]) : bobjoga's admin datum (!localhost!) src=%5B0x21038fd5%5D%3Badmin_token%3D4270105364642413971910573852075776&admin_token=4270105364642413971910573852075776&filter=felinid&offset=x%2Cy%2Cz&offset_type=relative&object_count=1&object_dir=&object_name=&object_where=onfloor&object_list=%2Fmob%2Fliving%2Fcarbon%2Fhuman%2Fspecies%2Ffelinid
 - (2020-08-28 11:18:44) HREF: Bob Joga (usr:Cumguy[(121,76,2)]) : bobjoga's admin datum (!localhost!) src=[0x21038fd5];admin_token=4270105364642413971910573852075776;create_mob=1
 - (2020-08-28 11:18:49) HREF: Bob Joga (usr:Cumguy[(121,76,2)]) : bobjoga's admin datum (!localhost!) src=%5B0x21038fd5%5D%3Badmin_token%3D4270105364642413971910573852075776&admin_token=4270105364642413971910573852075776&filter=felinid&offset=x%2Cy%2Cz&offset_type=relative&object_count=1&object_dir=&object_name=&object_where=onfloor&object_list=%2Fmob%2Fliving%2Fcarbon%2Fhuman%2Fspecies%2Ffelinid
 - (2020-08-28 11:18:51) HREF: Bob Joga (usr:Cumguy[(122,76,2)]) : bobjoga's admin datum (!localhost!) src=%5B0x21038fd5%5D%3Badmin_token%3D4270105364642413971910573852075776&admin_token=4270105364642413971910573852075776&filter=felinid&offset=x%2Cy%2Cz&offset_type=relative&object_count=1&object_dir=&object_name=&object_where=onfloor&object_list=%2Fmob%2Fliving%2Fcarbon%2Fhuman%2Fspecies%2Ffelinid
[2020-08-28 14:29:09.771] Logs from logging subsystem:
 - (2020-08-28 11:26:48) HREF: Bob Joga (usr:Cumguy[(122,74,2)]) : bobjoga's admin datum (!localhost!) src=[0x21038fd5];admin_token=4270105364642413971910573852075776;create_mob=1
 - (2020-08-28 11:26:54) HREF: Bob Joga (usr:Cumguy[(122,74,2)]) : bobjoga's admin datum (!localhost!) src=%5B0x21038fd5%5D%3Badmin_token%3D4270105364642413971910573852075776&admin_token=4270105364642413971910573852075776&filter=felinid&offset=x%2Cy%2Cz&offset_type=relative&object_count=1&object_dir=&object_name=&object_where=onfloor&object_list=%2Fmob%2Fliving%2Fcarbon%2Fhuman%2Fspecies%2Ffelinid
 - (2020-08-28 11:28:03) HREF: Bob Joga (usr:Cumguy[(120,72,2)]) : bobjoga's admin datum (!localhost!) src=[0x21038fd5];admin_token=4270105364642413971910573852075776;create_object=1
[2020-08-28 14:39:10.412] Logs from logging subsystem:
 - (2020-08-28 11:31:59) HREF: Bob Joga (usr:Cumguy[(118,75,2)]) : bobjoga's admin datum (!localhost!) src=[0x21038fd5];admin_token=4270105364642413971910573852075776;create_mob=1
 - (2020-08-28 11:32:05) HREF: Bob Joga (usr:Cumguy[(118,75,2)]) : bobjoga's admin datum (!localhost!) src=%5B0x21038fd5%5D%3Badmin_token%3D4270105364642413971910573852075776&admin_token=4270105364642413971910573852075776&filter=felinid&offset=x%2Cy%2Cz&offset_type=relative&object_count=1&object_dir=&object_name=&object_where=onfloor&object_list=%2Fmob%2Fliving%2Fcarbon%2Fhuman%2Fspecies%2Ffelinid
 - (2020-08-28 11:32:31) HREF: Bob Joga (usr:Cumguy[(116,76,2)]) : bobjoga's admin datum (!localhost!) src=[0x21038fd5];admin_token=4270105364642413971910573852075776;create_object=1
 - (2020-08-28 11:32:39) HREF: Bob Joga (usr:Cumguy[(116,76,2)]) : bobjoga's admin datum (!localhost!) src=%5B0x21038fd5%5D%3Badmin_token%3D4270105364642413971910573852075776&admin_token=4270105364642413971910573852075776&filter=health&offset=x%2Cy%2Cz&offset_type=relative&object_count=1&object_dir=&object_name=&object_where=onfloor&object_list=%2Fobj%2Fitem%2Fclothing%2Fglasses%2Fhud%2Fhealth%2Fsunglasses
 - (2020-08-28 11:34:57) HREF: Bob Joga (usr:Cumguy[(119,73,2)]) : bobjoga's admin datum (!localhost!) src=[0x21038fd5];admin_token=4270105364642413971910573852075776;create_object=1
 - (2020-08-28 11:34:59) HREF: Bob Joga (usr:Cumguy[(119,73,2)]) : bobjoga's admin datum (!localhost!) src=[0x21038fd5];admin_token=4270105364642413971910573852075776;create_mob=1
 - (2020-08-28 11:35:04) HREF: Bob Joga (usr:Cumguy[(119,73,2)]) : bobjoga's admin datum (!localhost!) src=%5B0x21038fd5%5D%3Badmin_token%3D4270105364642413971910573852075776&admin_token=4270105364642413971910573852075776&filter=felinid&offset=x%2Cy%2Cz&offset_type=relative&object_count=1&object_dir=&object_name=&object_where=onfloor&object_list=%2Fmob%2Fliving%2Fcarbon%2Fhuman%2Fspecies%2Ffelinid
 - (2020-08-28 11:35:51) HREF: Bob Joga (usr:Cumguy[(118,71,2)]) : bobjoga's admin datum (!localhost!) src=[0x21038fd5];admin_token=4270105364642413971910573852075776;create_object=1
 - (2020-08-28 11:36:01) HREF: Bob Joga (usr:Cumguy[(118,71,2)]) : bobjoga's admin datum (!localhost!) src=%5B0x21038fd5%5D%3Badmin_token%3D4270105364642413971910573852075776&admin_token=4270105364642413971910573852075776&filter=baseball&offset=x%2Cy%2Cz&offset_type=relative&object_count=1&object_dir=&object_name=&object_where=onfloor&object_list=%2Fobj%2Fitem%2Fmelee%2Fbaseball_bat%2Fablative%2Fsyndi
 - (2020-08-28 11:36:25) HREF: Bob Joga (usr:Cumguy[(118,70,2)]) : _src_=holder;admin_token=4270105364642413971910573852075776;revive=[mob_276]
