[2020-08-28 14:07:10.594] Starting up round ID .
 - -------------------------
[2020-08-28 14:07:11.559] INIT: Initialized Profiler subsystem within 0 seconds!
[2020-08-28 14:07:11.758] Fail2Topic: Failed to drop firewall rule. Exit code: 1.
[2020-08-28 14:07:11.758] INIT: Initialized Fail2Topic subsystem within 0.2 seconds!
[2020-08-28 14:07:11.760] INIT: Initialized Title Screen subsystem within 0 seconds!
[2020-08-28 14:07:11.760] INIT: Initialized Database subsystem within 0 seconds!
[2020-08-28 14:07:11.760] INIT: Initialized Blackbox subsystem within 0 seconds!
[2020-08-28 14:07:11.760] INIT: Initialized Server Tasks subsystem within 0 seconds!
[2020-08-28 14:07:11.762] INIT: Initialized Input subsystem within 0 seconds!
[2020-08-28 14:07:11.764] INIT: Initialized Sounds subsystem within 0 seconds!
[2020-08-28 14:07:11.764] INIT: Initialized Vis contents overlays subsystem within 0 seconds!
[2020-08-28 14:07:11.824] INIT: Initialized Research subsystem within 0.1 seconds!
[2020-08-28 14:07:11.826] INIT: Initialized Events subsystem within 0 seconds!
[2020-08-28 14:07:11.830] INIT: Initialized Jobs subsystem within 0 seconds!
[2020-08-28 14:07:11.834] INIT: Initialized Quirks subsystem within 0 seconds!
[2020-08-28 14:07:11.840] INIT: Initialized Ticker subsystem within 0 seconds!
[2020-08-28 14:07:11.851] INIT: Initialized Instruments subsystem within 0 seconds!
[2020-08-28 14:07:26.545] INIT: Initialized Mapping subsystem within 14.7 seconds!
[2020-08-28 14:07:26.547] INIT: Initialized Economy subsystem within 0 seconds!
[2020-08-28 14:07:26.548] INIT: Initialized Networks subsystem within 0 seconds!
[2020-08-28 14:07:26.548] INIT: Initialized Holodeck subsystem within 0 seconds!
[2020-08-28 14:07:54.962] INIT: Initialized Atoms subsystem within 28.4 seconds!
[2020-08-28 14:07:54.975] INIT: Initialized Language subsystem within 0 seconds!
[2020-08-28 14:07:55.107] INIT: Initialized Machines subsystem within 0.2 seconds!
[2020-08-28 14:07:55.142] INIT: Initialized Circuit subsystem within 0 seconds!
[2020-08-28 14:07:56.255] INIT: Initialized Atmos Adjacency subsystem within 1.1 seconds!
[2020-08-28 14:07:56.255] INIT: Initialized Autotransfer Vote subsystem within 0 seconds!
[2020-08-28 14:07:56.255] INIT: Initialized Chemistry subsystem within 0 seconds!
[2020-08-28 14:07:56.255] INIT: Initialized Status Effects subsystem within 0 seconds!
[2020-08-28 14:07:56.256] INIT: Initialized Weather subsystem within 0 seconds!
[2020-08-28 14:07:56.259] INIT: Initialized Disease subsystem within 0 seconds!
[2020-08-28 14:07:56.259] INIT: Initialized Jukeboxes subsystem within 0 seconds!
[2020-08-28 14:07:56.260] INIT: Initialized Medals subsystem within 0 seconds!
[2020-08-28 14:07:56.510] INIT: Initialized Minimaps subsystem within 0.3 seconds!
[2020-08-28 14:07:56.511] INIT: Initialized Night Shift subsystem within 0 seconds!
[2020-08-28 14:07:56.511] INIT: Initialized Parallax subsystem within 0 seconds!
[2020-08-28 14:07:56.512] INIT: Initialized Sun subsystem within 0 seconds!
[2020-08-28 14:07:56.821] INIT: Initialized Traumas subsystem within 0.3 seconds!
[2020-08-28 14:07:56.856] INIT: Initialized Bluespace Locker subsystem within 0 seconds!
[2020-08-28 14:07:56.856] INIT: Initialized Pacification Bans subsystem within 0 seconds!
[2020-08-28 14:07:56.856] INIT: Initialized Logging subsystem within 0 seconds!
[2020-08-28 14:07:56.856] INIT: Initialized Recycling subsystem within 0 seconds!
[2020-08-28 14:08:01.989] INIT: Initialized Atmospherics subsystem within 5.1 seconds!
[2020-08-28 14:08:01.989] INIT: Initialized Atmospherics - Turfs subsystem within 0 seconds!
[2020-08-28 14:08:05.260] INIT: Initialized Assets subsystem within 3.3 seconds!
[2020-08-28 14:08:10.417] INIT: Initialized Icon Smoothing subsystem within 5.2 seconds!
[2020-08-28 14:08:11.472] INIT: Initialized Overlay subsystem within 1 second!
[2020-08-28 14:08:11.472] INIT: Initialized XKeyScore subsystem within 0 seconds!
[2020-08-28 14:08:11.473] INIT: Initialized Sticky Ban subsystem within 0 seconds!
[2020-08-28 14:08:18.403] INIT: Initialized Lighting subsystem within 7 seconds!
[2020-08-28 14:08:21.954] INIT: Initialized Shuttle subsystem within 3.5 seconds!
[2020-08-28 14:08:21.993] INIT: Initialized Minor Mapping subsystem within 0 seconds!
[2020-08-28 14:08:21.994] INIT: Initialized Pathfinder subsystem within 0 seconds!
[2020-08-28 14:08:22.025] INIT: Initialized Persistence subsystem within 0.1 seconds!
[2020-08-28 14:08:22.025] INIT: Initialized Chat subsystem within 0 seconds!
