[2020-09-10 02:39:34.380] Starting up round ID .
 - -------------------------
[2020-09-10 02:39:39.827] INIT: Initialized Profiler subsystem within 0 seconds!
[2020-09-10 02:39:39.975] Fail2Topic: Failed to drop firewall rule. Exit code: 1.
[2020-09-10 02:39:39.975] INIT: Initialized Fail2Topic subsystem within 0.1 seconds!
[2020-09-10 02:39:39.977] INIT: Initialized Title Screen subsystem within 0 seconds!
[2020-09-10 02:39:39.977] INIT: Initialized Database subsystem within 0 seconds!
[2020-09-10 02:39:39.978] INIT: Initialized Blackbox subsystem within 0 seconds!
[2020-09-10 02:39:39.979] INIT: Initialized Server Tasks subsystem within 0 seconds!
[2020-09-10 02:39:39.982] INIT: Initialized Input subsystem within 0 seconds!
[2020-09-10 02:39:39.985] INIT: Initialized Sounds subsystem within 0 seconds!
[2020-09-10 02:39:39.985] INIT: Initialized Vis contents overlays subsystem within 0 seconds!
[2020-09-10 02:39:40.074] INIT: Initialized Research subsystem within 0.1 seconds!
[2020-09-10 02:39:40.078] INIT: Initialized Events subsystem within 0 seconds!
[2020-09-10 02:39:40.085] INIT: Initialized Jobs subsystem within 0 seconds!
[2020-09-10 02:39:40.090] INIT: Initialized Quirks subsystem within 0 seconds!
[2020-09-10 02:39:40.097] INIT: Initialized Ticker subsystem within 0 seconds!
[2020-09-10 02:39:40.112] INIT: Initialized Instruments subsystem within 0.1 seconds!
[2020-09-10 02:39:56.781] INIT: Initialized Mapping subsystem within 16.6 seconds!
[2020-09-10 02:39:56.795] INIT: Initialized Economy subsystem within 0 seconds!
[2020-09-10 02:39:56.796] INIT: Initialized Networks subsystem within 0 seconds!
[2020-09-10 02:39:56.796] INIT: Initialized Holodeck subsystem within 0 seconds!
[2020-09-10 02:40:30.467] INIT: Initialized Atoms subsystem within 33.6 seconds!
[2020-09-10 02:40:30.492] INIT: Initialized Language subsystem within 0 seconds!
[2020-09-10 02:40:30.634] INIT: Initialized Machines subsystem within 0.2 seconds!
[2020-09-10 02:40:30.683] INIT: Initialized Circuit subsystem within 0 seconds!
[2020-09-10 02:40:32.153] INIT: Initialized Atmos Adjacency subsystem within 1.5 seconds!
[2020-09-10 02:40:32.153] INIT: Initialized Autotransfer Vote subsystem within 0 seconds!
[2020-09-10 02:40:32.154] INIT: Initialized Chemistry subsystem within 0 seconds!
[2020-09-10 02:40:32.154] INIT: Initialized Status Effects subsystem within 0 seconds!
[2020-09-10 02:40:32.155] INIT: Initialized Weather subsystem within 0 seconds!
[2020-09-10 02:40:32.158] INIT: Initialized Disease subsystem within 0 seconds!
[2020-09-10 02:40:32.159] INIT: Initialized Jukeboxes subsystem within 0 seconds!
[2020-09-10 02:40:32.159] INIT: Initialized Medals subsystem within 0 seconds!
[2020-09-10 02:40:32.420] INIT: Initialized Minimaps subsystem within 0.3 seconds!
[2020-09-10 02:40:32.471] INIT: Initialized Night Shift subsystem within 0 seconds!
[2020-09-10 02:40:32.471] INIT: Initialized Parallax subsystem within 0 seconds!
[2020-09-10 02:40:32.471] INIT: Initialized Sun subsystem within 0 seconds!
[2020-09-10 02:40:32.704] INIT: Initialized Traumas subsystem within 0.3 seconds!
[2020-09-10 02:40:32.744] INIT: Initialized Bluespace Locker subsystem within 0 seconds!
[2020-09-10 02:40:32.779] INIT: Initialized Pacification Bans subsystem within 0 seconds!
[2020-09-10 02:40:32.779] INIT: Initialized Logging subsystem within 0 seconds!
[2020-09-10 02:40:32.779] INIT: Initialized Recycling subsystem within 0 seconds!
[2020-09-10 02:40:39.448] INIT: Initialized Atmospherics subsystem within 6.7 seconds!
[2020-09-10 02:40:39.448] INIT: Initialized Atmospherics - Turfs subsystem within 0 seconds!
[2020-09-10 02:40:42.449] INIT: Initialized Assets subsystem within 3 seconds!
[2020-09-10 02:40:48.548] INIT: Initialized Icon Smoothing subsystem within 6.1 seconds!
[2020-09-10 02:40:49.736] INIT: Initialized Overlay subsystem within 1.2 seconds!
[2020-09-10 02:40:49.737] INIT: Initialized XKeyScore subsystem within 0 seconds!
[2020-09-10 02:40:49.737] INIT: Initialized Sticky Ban subsystem within 0 seconds!
[2020-09-10 02:40:57.594] INIT: Initialized Lighting subsystem within 7.8 seconds!
[2020-09-10 02:41:01.079] INIT: Initialized Shuttle subsystem within 3.5 seconds!
[2020-09-10 02:41:01.116] INIT: Initialized Minor Mapping subsystem within 0.1 seconds!
[2020-09-10 02:41:01.117] INIT: Initialized Pathfinder subsystem within 0 seconds!
[2020-09-10 02:41:01.147] INIT: Initialized Persistence subsystem within 0 seconds!
[2020-09-10 02:41:01.148] INIT: Initialized Chat subsystem within 0 seconds!
