[2020-08-27 22:17:18.333] Logs from logging subsystem:
 - (2020-08-27 19:15:49) ASSET: Sending asset common.css to client Bob Joga
 - (2020-08-27 19:15:49) ASSET: Sending asset jquery.min.js to client Bob Joga
 - (2020-08-27 19:15:50) ASSET: Sending asset json2.min.js to client Bob Joga
 - (2020-08-27 19:15:50) ASSET: Sending asset browserOutput.js to client Bob Joga
 - (2020-08-27 19:15:50) ASSET: Sending asset browserOutput.css to client Bob Joga
 - (2020-08-27 19:15:50) ASSET: Sending asset browserOutput_dark.css to client Bob Joga
 - (2020-08-27 19:15:50) ASSET: Sending asset browserOutput_light.css to client Bob Joga
 - (2020-08-27 19:15:50) ASSET: Sending asset spritesheet_chat.css to client Bob Joga
 - (2020-08-27 19:15:50) ASSET: Sending asset chat_16x16.png to client Bob Joga
 - (2020-08-27 19:15:50) ASSET: Sending asset fa-regular-400.eot to client Bob Joga
 - (2020-08-27 19:15:50) ASSET: Sending asset fa-regular-400.woff to client Bob Joga
 - (2020-08-27 19:15:50) ASSET: Sending asset fa-solid-900.eot to client Bob Joga
 - (2020-08-27 19:15:50) ASSET: Sending asset fa-solid-900.woff to client Bob Joga
 - (2020-08-27 19:15:50) ASSET: Sending asset font-awesome.css to client Bob Joga
 - (2020-08-27 19:15:50) ASSET: Sending asset v4shim.css to client Bob Joga
 - (2020-08-27 19:17:15) ASSET: Sending asset spritesheet_paper.css to client Bob Joga
 - (2020-08-27 19:17:15) ASSET: Sending asset paper_121x54.png to client Bob Joga
 - (2020-08-27 19:17:15) ASSET: Sending asset spritesheet_pills.css to client Bob Joga
 - (2020-08-27 19:17:15) ASSET: Sending asset pills_22x10.png to client Bob Joga
 - (2020-08-27 19:17:15) ASSET: Sending asset pills_14x14.png to client Bob Joga
 - (2020-08-27 19:17:15) ASSET: Sending asset minimap-345a1947c09420e4e284306ca3c66578.png to client Bob Joga
 - (2020-08-27 19:17:15) ASSET: Sending asset minimap-345a1947c09420e4e284306ca3c66578-meta.png to client Bob Joga
 - (2020-08-27 19:17:15) ASSET: Sending asset tgui.css to client Bob Joga
 - (2020-08-27 19:17:15) ASSET: Sending asset tgui.js to client Bob Joga
 - (2020-08-27 19:17:17) ASSET: Sending asset tgui-main.html to client Bob Joga
 - (2020-08-27 19:17:17) ASSET: Sending asset tgui.bundle.js to client Bob Joga
 - (2020-08-27 19:17:17) ASSET: Sending asset tgui.bundle.css to client Bob Joga
 - (2020-08-27 19:17:17) ASSET: Sending asset tgui-fallback.html to client Bob Joga
 - (2020-08-27 19:17:17) ASSET: Sending asset shim-html5shiv.js to client Bob Joga
 - (2020-08-27 19:17:17) ASSET: Sending asset shim-ie8.js to client Bob Joga
 - (2020-08-27 19:17:17) ASSET: Sending asset shim-dom4.js to client Bob Joga
 - (2020-08-27 19:17:17) ASSET: Sending asset shim-css-om.js to client Bob Joga
 - (2020-08-27 19:17:17) ASSET: Sending asset alarm_green.gif to client Bob Joga
 - (2020-08-27 19:17:18) ASSET: Sending asset alarm_red.gif to client Bob Joga
 - (2020-08-27 19:17:18) ASSET: Sending asset batt_5.gif to client Bob Joga
 - (2020-08-27 19:17:18) ASSET: Sending asset batt_20.gif to client Bob Joga
 - (2020-08-27 19:17:18) ASSET: Sending asset asset.676ecb861f1f1a89d6b76887eb22ca0f.png to client Bob Joga
