[2020-09-10 02:32:45.846] Starting up round ID .
 - -------------------------
[2020-09-10 02:32:51.620] INIT: Initialized Profiler subsystem within 0 seconds!
[2020-09-10 02:32:51.770] Fail2Topic: Failed to drop firewall rule. Exit code: 1.
[2020-09-10 02:32:51.770] INIT: Initialized Fail2Topic subsystem within 0.1 seconds!
[2020-09-10 02:32:51.771] INIT: Initialized Title Screen subsystem within 0 seconds!
[2020-09-10 02:32:51.772] INIT: Initialized Database subsystem within 0 seconds!
[2020-09-10 02:32:51.772] INIT: Initialized Blackbox subsystem within 0 seconds!
[2020-09-10 02:32:51.772] INIT: Initialized Server Tasks subsystem within 0 seconds!
[2020-09-10 02:32:51.774] INIT: Initialized Input subsystem within 0 seconds!
[2020-09-10 02:32:51.776] INIT: Initialized Sounds subsystem within 0 seconds!
[2020-09-10 02:32:51.776] INIT: Initialized Vis contents overlays subsystem within 0 seconds!
[2020-09-10 02:32:51.834] INIT: Initialized Research subsystem within 0.1 seconds!
[2020-09-10 02:32:51.837] INIT: Initialized Events subsystem within 0 seconds!
[2020-09-10 02:32:51.841] INIT: Initialized Jobs subsystem within 0 seconds!
[2020-09-10 02:32:51.846] INIT: Initialized Quirks subsystem within 0 seconds!
[2020-09-10 02:32:51.852] INIT: Initialized Ticker subsystem within 0 seconds!
[2020-09-10 02:32:51.865] INIT: Initialized Instruments subsystem within 0 seconds!
[2020-09-10 02:33:09.215] INIT: Initialized Mapping subsystem within 17.4 seconds!
[2020-09-10 02:33:09.225] INIT: Initialized Economy subsystem within 0 seconds!
[2020-09-10 02:33:09.226] INIT: Initialized Networks subsystem within 0 seconds!
[2020-09-10 02:33:09.226] INIT: Initialized Holodeck subsystem within 0 seconds!
[2020-09-10 02:33:44.171] INIT: Initialized Atoms subsystem within 34.9 seconds!
[2020-09-10 02:33:44.198] INIT: Initialized Language subsystem within 0 seconds!
[2020-09-10 02:33:44.363] INIT: Initialized Machines subsystem within 0.2 seconds!
[2020-09-10 02:33:44.413] INIT: Initialized Circuit subsystem within 0.1 seconds!
[2020-09-10 02:33:45.830] INIT: Initialized Atmos Adjacency subsystem within 1.4 seconds!
[2020-09-10 02:33:45.830] INIT: Initialized Autotransfer Vote subsystem within 0 seconds!
[2020-09-10 02:33:45.830] INIT: Initialized Chemistry subsystem within 0 seconds!
[2020-09-10 02:33:45.830] INIT: Initialized Status Effects subsystem within 0 seconds!
[2020-09-10 02:33:45.831] INIT: Initialized Weather subsystem within 0 seconds!
[2020-09-10 02:33:45.834] INIT: Initialized Disease subsystem within 0 seconds!
[2020-09-10 02:33:45.835] INIT: Initialized Jukeboxes subsystem within 0 seconds!
[2020-09-10 02:33:45.835] INIT: Initialized Medals subsystem within 0 seconds!
[2020-09-10 02:33:46.138] INIT: Initialized Minimaps subsystem within 0.3 seconds!
[2020-09-10 02:33:46.223] INIT: Initialized Night Shift subsystem within 0 seconds!
[2020-09-10 02:33:46.223] INIT: Initialized Parallax subsystem within 0 seconds!
[2020-09-10 02:33:46.223] INIT: Initialized Sun subsystem within 0 seconds!
[2020-09-10 02:33:46.480] INIT: Initialized Traumas subsystem within 0.2 seconds!
[2020-09-10 02:33:46.571] INIT: Initialized Bluespace Locker subsystem within 0 seconds!
[2020-09-10 02:33:46.571] INIT: Initialized Pacification Bans subsystem within 0 seconds!
[2020-09-10 02:33:46.572] INIT: Initialized Logging subsystem within 0 seconds!
[2020-09-10 02:33:46.572] INIT: Initialized Recycling subsystem within 0 seconds!
[2020-09-10 02:33:54.135] INIT: Initialized Atmospherics subsystem within 7.6 seconds!
[2020-09-10 02:33:54.136] INIT: Initialized Atmospherics - Turfs subsystem within 0 seconds!
[2020-09-10 02:33:57.269] INIT: Initialized Assets subsystem within 3.1 seconds!
[2020-09-10 02:34:04.514] INIT: Initialized Icon Smoothing subsystem within 7.3 seconds!
[2020-09-10 02:34:05.957] INIT: Initialized Overlay subsystem within 1.4 seconds!
[2020-09-10 02:34:05.957] INIT: Initialized XKeyScore subsystem within 0 seconds!
[2020-09-10 02:34:05.958] INIT: Initialized Sticky Ban subsystem within 0 seconds!
[2020-09-10 02:34:14.574] INIT: Initialized Lighting subsystem within 8.6 seconds!
[2020-09-10 02:34:18.140] INIT: Initialized Shuttle subsystem within 3.6 seconds!
[2020-09-10 02:34:18.176] INIT: Initialized Minor Mapping subsystem within 0 seconds!
[2020-09-10 02:34:18.177] INIT: Initialized Pathfinder subsystem within 0 seconds!
[2020-09-10 02:34:18.209] INIT: Initialized Persistence subsystem within 0.1 seconds!
[2020-09-10 02:34:18.210] INIT: Initialized Chat subsystem within 0 seconds!
