[2020-09-23 23:41:39.260] Starting up round ID .
 - -------------------------
[2020-09-23 23:41:39.304] ADMIN: Loading Banlist
[2020-09-23 23:41:39.343] ACCESS: Login: Bob Joga from localhost-3000796718 || BYOND v513.1528
[2020-09-23 23:41:39.343] ACCESS: Mob Login: Bob Joga/(Bob Joga) was assigned to a /mob/dead/new_player
[2020-09-23 23:41:42.066] GAME: Bob Joga/(Bob Joga) Client Bob Joga/(Bob Joga) has taken ownership of mob Bob Joga(/mob/dead/new_player) (start area (11, 174, 1))
[2020-09-23 23:41:45.641] GAME: Saved mode is 'extended'
[2020-09-23 23:41:47.696] ADMIN: Bob Joga has started the game.
[2020-09-23 23:41:58.175] GAME: Hierophant's Arena loaded at 196,165,6
[2020-09-23 23:41:58.190] GAME: Blood-Drunk Miner (Guidance) loaded at 55,176,6
[2020-09-23 23:41:58.210] GAME: Blood-Drunk Miner (Hunter) loaded at 94,132,6
[2020-09-23 23:41:58.228] GAME: Blood-Drunk Miner loaded at 149,206,6
[2020-09-23 23:41:58.247] GAME: King Goat Boss Ruin loaded at 183,153,6
[2020-09-23 23:41:58.275] GAME: Rogue's Arena loaded at 87,76,6
[2020-09-23 23:41:58.309] GAME: Sif's Sword loaded at 191,101,6
[2020-09-23 23:41:58.316] GAME: Pulsating Tumor loaded at 69,164,6
[2020-09-23 23:41:58.317] GAME: Biodome Winter loaded at 49,220,6
[2020-09-23 23:41:58.346] GAME: Ruined Pizza Party loaded at 112,98,6
[2020-09-23 23:41:58.347] GAME: E1M1 loaded at 175,153,6
[2020-09-23 23:41:58.396] GAME: Biodome Beach loaded at 23,166,6
[2020-09-23 23:41:58.418] GAME: Ruin of Pride loaded at 165,55,6
[2020-09-23 23:41:58.446] GAME: Seed Vault loaded at 60,120,6
[2020-09-23 23:41:58.471] GAME: Dark Wizard Altar loaded at 92,159,6
[2020-09-23 23:41:58.496] GAME: Ruin of Gluttony loaded at 159,76,6
[2020-09-23 23:41:58.516] GAME: UFO Crash loaded at 202,23,6
[2020-09-23 23:42:01.656] GAME: Abandoned Teleporter loaded at 49,95,7
[2020-09-23 23:42:01.677] GAME: Whiteship Dock loaded at 47,55,7
[2020-09-23 23:42:01.730] GAME: Hilbert Research Facility loaded at 131,116,4
[2020-09-23 23:42:01.759] GAME: CF Corsair loaded at 110,189,8
[2020-09-23 23:42:01.806] GAME: NT Medical Ship loaded at 102,137,8
[2020-09-23 23:42:01.925] GAME: Abandoned Telecommunications Satellite loaded at 45,116,7
[2020-09-23 23:42:01.963] GAME: Space Arcade loaded at 67,68,3
[2020-09-23 23:42:01.986] GAME: Big Ape loaded at 110,45,4
[2020-09-23 23:42:02.014] GAME: Asteroid 3 loaded at 212,100,7
[2020-09-23 23:42:02.042] GAME: Authorship loaded at 22,222,3
[2020-09-23 23:42:02.100] GAME: Gondoland loaded at 90,126,4
[2020-09-23 23:42:02.698] GAME: Ancient Space Station loaded at 26,36,8
[2020-09-23 23:42:02.917] GAME: Survivalist Bunker loaded at 130,111,3
[2020-09-23 23:42:02.951] GAME: Salvation loaded at 207,182,8
[2020-09-23 23:42:02.981] GAME: Dinner for Two loaded at 136,85,7
[2020-09-23 23:42:03.032] GAME: Derelict 6 loaded at 39,48,3
[2020-09-23 23:42:03.056] GAME: Dorm Roid loaded at 29,28,2
[2020-09-23 23:42:03.073] GAME: Mineable Asteroid 4 loaded at 29,50,2
[2020-09-23 23:42:03.081] GAME: Mineable Asteroid 1 loaded at 32,193,2
[2020-09-23 23:42:03.111] GAME: Mineable Asteroid 5 loaded at 206,26,2
[2020-09-23 23:42:03.132] GAME: Mineable Asteroid 2 loaded at 56,210,2
[2020-09-23 23:42:03.146] GAME: Crab Roid loaded at 139,215,2
[2020-09-23 23:42:03.164] GAME: Dead wizard Roid loaded at 199,214,2
[2020-09-23 23:42:03.180] GAME: Maze Roid loaded at 58,22,2
[2020-09-23 23:42:03.187] GAME: Mineable Asteroid 1 loaded at 169,32,2
[2020-09-23 23:42:03.201] GAME: Mineable Asteroid 3 loaded at 212,194,2
[2020-09-23 23:42:03.251] GAME: Box Antimatter loaded at 96,49,2
[2020-09-23 23:42:03.520] GAME: Public Mining Base loaded at 1,1,6
