[2020-09-23 23:41:39.265] Starting up round ID .
 - -------------------------
[2020-09-23 23:41:45.364] INIT: Initialized Profiler subsystem within 0 seconds!
[2020-09-23 23:41:45.562] Fail2Topic: Failed to drop firewall rule. Exit code: 1.
[2020-09-23 23:41:45.562] INIT: Initialized Fail2Topic subsystem within 0.2 seconds!
[2020-09-23 23:41:45.563] INIT: Initialized Title Screen subsystem within 0 seconds!
[2020-09-23 23:41:45.563] INIT: Initialized Database subsystem within 0 seconds!
[2020-09-23 23:41:45.564] INIT: Initialized Blackbox subsystem within 0 seconds!
[2020-09-23 23:41:45.564] INIT: Initialized Server Tasks subsystem within 0 seconds!
[2020-09-23 23:41:45.567] INIT: Initialized Input subsystem within 0 seconds!
[2020-09-23 23:41:45.569] INIT: Initialized Sounds subsystem within 0 seconds!
[2020-09-23 23:41:45.569] INIT: Initialized Vis contents overlays subsystem within 0 seconds!
[2020-09-23 23:41:45.628] INIT: Initialized Research subsystem within 0.1 seconds!
[2020-09-23 23:41:45.631] INIT: Initialized Events subsystem within 0 seconds!
[2020-09-23 23:41:45.636] INIT: Initialized Jobs subsystem within 0 seconds!
[2020-09-23 23:41:45.641] INIT: Initialized Quirks subsystem within 0 seconds!
[2020-09-23 23:41:45.647] INIT: Initialized Ticker subsystem within 0 seconds!
[2020-09-23 23:41:45.660] INIT: Initialized Instruments subsystem within 0 seconds!
[2020-09-23 23:42:03.929] INIT: Initialized Mapping subsystem within 18.3 seconds!
[2020-09-23 23:42:03.941] INIT: Initialized Economy subsystem within 0 seconds!
[2020-09-23 23:42:03.942] INIT: Initialized Networks subsystem within 0 seconds!
[2020-09-23 23:42:03.942] INIT: Initialized Holodeck subsystem within 0 seconds!
