[2020-08-31 22:17:45.036] Starting up round ID .
 - -------------------------
[2020-08-31 22:17:45.103] ADMIN: Loading Banlist
[2020-08-31 22:17:45.146] ACCESS: Login: Bob Joga from localhost-3000796718 || BYOND v513.1528
[2020-08-31 22:17:45.146] ACCESS: Mob Login: Bob Joga/(Bob Joga) was assigned to a /mob/dead/new_player
[2020-08-31 22:17:47.759] GAME: Bob Joga/(Bob Joga) Client Bob Joga/(Bob Joga) has taken ownership of mob Bob Joga(/mob/dead/new_player) (start area (11, 174, 1))
[2020-08-31 22:17:51.260] GAME: Saved mode is 'extended'
[2020-08-31 22:18:05.179] GAME: Hierophant's Arena loaded at 69,169,6
[2020-08-31 22:18:05.195] GAME: Blood-Drunk Miner (Guidance) loaded at 158,83,6
[2020-08-31 22:18:05.210] GAME: Blood-Drunk Miner (Hunter) loaded at 182,92,6
[2020-08-31 22:18:05.225] GAME: Blood-Drunk Miner loaded at 181,36,6
[2020-08-31 22:18:05.242] GAME: King Goat Boss Ruin loaded at 90,73,6
[2020-08-31 22:18:05.264] GAME: Rogue's Arena loaded at 139,121,6
[2020-08-31 22:18:05.296] GAME: Sif's Sword loaded at 203,33,6
[2020-08-31 22:18:05.302] GAME: Pulsating Tumor loaded at 153,46,6
[2020-08-31 22:18:05.322] GAME: Ruin of Pride loaded at 165,40,6
[2020-08-31 22:18:05.338] GAME: Ruin of Envy loaded at 117,54,6
[2020-08-31 22:18:05.356] GAME: UFO Crash loaded at 84,141,6
[2020-08-31 22:18:05.370] GAME: Summoning Ritual loaded at 214,175,6
[2020-08-31 22:18:05.376] GAME: Pulsating Tumor loaded at 56,209,6
[2020-08-31 22:18:05.416] GAME: Biodome Beach loaded at 182,117,6
[2020-08-31 22:18:05.422] GAME: Pulsating Tumor loaded at 108,102,6
[2020-08-31 22:18:05.465] GAME: Seed Vault loaded at 35,198,6
[2020-08-31 22:18:08.968] GAME: Abandoned Teleporter loaded at 84,133,7
[2020-08-31 22:18:08.987] GAME: Whiteship Dock loaded at 45,83,3
[2020-08-31 22:18:09.031] GAME: Derelict 6 loaded at 178,79,3
[2020-08-31 22:18:09.053] GAME: Big Ape loaded at 106,22,4
[2020-08-31 22:18:09.090] GAME: Waylaid Buses loaded at 177,101,8
[2020-08-31 22:18:09.124] GAME: Abductor Replication Lab loaded at 179,131,3
[2020-08-31 22:18:09.152] GAME: Asteroid 4 loaded at 166,134,8
[2020-08-31 22:18:09.179] GAME: Asteroid 2 loaded at 108,166,7
[2020-08-31 22:18:09.312] GAME: A Giant Ball of Paper in Space loaded at 66,62,4
[2020-08-31 22:18:09.313] GAME: Detached Teleporter loaded at 140,52,8
[2020-08-31 22:18:09.923] GAME: Ancient Space Station loaded at 73,28,7
[2020-08-31 22:18:09.932] GAME: Ordinary Space Tile loaded at 233,120,7
[2020-08-31 22:18:09.993] GAME: Derelict 5 loaded at 179,192,8
[2020-08-31 22:18:10.043] GAME: NT Medical Ship loaded at 66,186,7
[2020-08-31 22:18:10.099] GAME: DJ Station loaded at 29,210,7
[2020-08-31 22:18:10.607] GAME: Kosmicheskaya Stantsiya 13 loaded at 83,96,8
[2020-08-31 22:18:10.662] GAME: Crab Roid loaded at 35,31,2
[2020-08-31 22:18:10.685] GAME: Monitoring Roid loaded at 22,212,2
[2020-08-31 22:18:10.693] GAME: Mineable Asteroid 1 loaded at 53,41,2
[2020-08-31 22:18:10.709] GAME: Dead wizard Roid loaded at 213,24,2
[2020-08-31 22:18:10.728] GAME: Mineable Asteroid 2 loaded at 148,208,2
[2020-08-31 22:18:10.735] GAME: Mineable Asteroid 1 loaded at 25,196,2
[2020-08-31 22:18:10.765] GAME: Mineable Asteroid 5 loaded at 199,209,2
[2020-08-31 22:18:10.782] GAME: Mineable Asteroid 4 loaded at 190,29,2
[2020-08-31 22:18:10.798] GAME: Maze Roid loaded at 171,211,2
[2020-08-31 22:18:10.805] GAME: Mineable Asteroid 1 loaded at 26,182,2
[2020-08-31 22:18:10.907] GAME: Box TEG loaded at 96,49,2
[2020-08-31 22:18:11.185] GAME: Public Mining Base loaded at 1,1,6
