[2020-09-11 22:19:00.215] Starting up round ID .
 - -------------------------
[2020-09-11 22:19:06.305] INIT: Initialized Profiler subsystem within 0 seconds!
[2020-09-11 22:19:06.504] Fail2Topic: Failed to drop firewall rule. Exit code: 1.
[2020-09-11 22:19:06.504] INIT: Initialized Fail2Topic subsystem within 0.2 seconds!
[2020-09-11 22:19:06.506] INIT: Initialized Title Screen subsystem within 0 seconds!
[2020-09-11 22:19:06.507] INIT: Initialized Database subsystem within 0 seconds!
[2020-09-11 22:19:06.507] INIT: Initialized Blackbox subsystem within 0 seconds!
[2020-09-11 22:19:06.507] INIT: Initialized Server Tasks subsystem within 0 seconds!
[2020-09-11 22:19:06.509] INIT: Initialized Input subsystem within 0 seconds!
[2020-09-11 22:19:06.511] INIT: Initialized Sounds subsystem within 0 seconds!
[2020-09-11 22:19:06.511] INIT: Initialized Vis contents overlays subsystem within 0 seconds!
[2020-09-11 22:19:06.591] INIT: Initialized Research subsystem within 0 seconds!
[2020-09-11 22:19:06.594] INIT: Initialized Events subsystem within 0 seconds!
[2020-09-11 22:19:06.600] INIT: Initialized Jobs subsystem within 0 seconds!
[2020-09-11 22:19:06.606] INIT: Initialized Quirks subsystem within 0 seconds!
[2020-09-11 22:19:06.612] INIT: Initialized Ticker subsystem within 0 seconds!
[2020-09-11 22:19:06.627] INIT: Initialized Instruments subsystem within 0 seconds!
[2020-09-11 22:19:24.454] INIT: Initialized Mapping subsystem within 17.8 seconds!
[2020-09-11 22:19:24.467] INIT: Initialized Economy subsystem within 0 seconds!
[2020-09-11 22:19:24.468] INIT: Initialized Networks subsystem within 0 seconds!
[2020-09-11 22:19:24.468] INIT: Initialized Holodeck subsystem within 0 seconds!
[2020-09-11 22:20:02.321] INIT: Initialized Atoms subsystem within 37.9 seconds!
[2020-09-11 22:20:02.350] INIT: Initialized Language subsystem within 0 seconds!
[2020-09-11 22:20:02.536] INIT: Initialized Machines subsystem within 0.2 seconds!
[2020-09-11 22:20:02.591] INIT: Initialized Circuit subsystem within 0 seconds!
[2020-09-11 22:20:04.263] INIT: Initialized Atmos Adjacency subsystem within 1.6 seconds!
[2020-09-11 22:20:04.263] INIT: Initialized Autotransfer Vote subsystem within 0 seconds!
[2020-09-11 22:20:04.263] INIT: Initialized Chemistry subsystem within 0 seconds!
[2020-09-11 22:20:04.263] INIT: Initialized Status Effects subsystem within 0 seconds!
[2020-09-11 22:20:04.264] INIT: Initialized Weather subsystem within 0 seconds!
[2020-09-11 22:20:04.268] INIT: Initialized Disease subsystem within 0 seconds!
[2020-09-11 22:20:04.268] INIT: Initialized Jukeboxes subsystem within 0 seconds!
[2020-09-11 22:20:04.269] INIT: Initialized Medals subsystem within 0 seconds!
[2020-09-11 22:20:04.552] INIT: Initialized Minimaps subsystem within 0.3 seconds!
[2020-09-11 22:20:04.610] INIT: Initialized Night Shift subsystem within 0 seconds!
[2020-09-11 22:20:04.610] INIT: Initialized Parallax subsystem within 0 seconds!
[2020-09-11 22:20:04.610] INIT: Initialized Sun subsystem within 0 seconds!
[2020-09-11 22:20:04.859] INIT: Initialized Traumas subsystem within 0.2 seconds!
[2020-09-11 22:20:04.903] INIT: Initialized Bluespace Locker subsystem within 0.1 seconds!
[2020-09-11 22:20:04.944] INIT: Initialized Pacification Bans subsystem within 0 seconds!
[2020-09-11 22:20:04.944] INIT: Initialized Logging subsystem within 0 seconds!
[2020-09-11 22:20:04.944] INIT: Initialized Recycling subsystem within 0 seconds!
[2020-09-11 22:20:12.869] INIT: Initialized Atmospherics subsystem within 7.9 seconds!
[2020-09-11 22:20:12.870] INIT: Initialized Atmospherics - Turfs subsystem within 0 seconds!
[2020-09-11 22:20:16.217] INIT: Initialized Assets subsystem within 3.4 seconds!
[2020-09-11 22:20:23.040] INIT: Initialized Icon Smoothing subsystem within 6.8 seconds!
[2020-09-11 22:20:24.307] INIT: Initialized Overlay subsystem within 1.3 seconds!
[2020-09-11 22:20:24.308] INIT: Initialized XKeyScore subsystem within 0 seconds!
[2020-09-11 22:20:24.308] INIT: Initialized Sticky Ban subsystem within 0 seconds!
[2020-09-11 22:20:33.202] INIT: Initialized Lighting subsystem within 8.9 seconds!
[2020-09-11 22:20:37.176] INIT: Initialized Shuttle subsystem within 3.9 seconds!
[2020-09-11 22:20:37.217] INIT: Initialized Minor Mapping subsystem within 0.1 seconds!
[2020-09-11 22:20:37.218] INIT: Initialized Pathfinder subsystem within 0 seconds!
[2020-09-11 22:20:37.253] INIT: Initialized Persistence subsystem within 0 seconds!
[2020-09-11 22:20:37.253] INIT: Initialized Chat subsystem within 0 seconds!
