[2020-09-10 01:25:38.324] Starting up round ID .
 - -------------------------
[2020-09-10 01:25:39.325] INIT: Initialized Profiler subsystem within 0 seconds!
[2020-09-10 01:25:39.475] Fail2Topic: Failed to drop firewall rule. Exit code: 1.
[2020-09-10 01:25:39.475] INIT: Initialized Fail2Topic subsystem within 0.1 seconds!
[2020-09-10 01:25:39.479] INIT: Initialized Title Screen subsystem within 0 seconds!
[2020-09-10 01:25:39.479] INIT: Initialized Database subsystem within 0 seconds!
[2020-09-10 01:25:39.480] INIT: Initialized Blackbox subsystem within 0 seconds!
[2020-09-10 01:25:39.480] INIT: Initialized Server Tasks subsystem within 0 seconds!
[2020-09-10 01:25:39.481] INIT: Initialized Input subsystem within 0 seconds!
[2020-09-10 01:25:39.483] INIT: Initialized Sounds subsystem within 0 seconds!
[2020-09-10 01:25:39.483] INIT: Initialized Vis contents overlays subsystem within 0 seconds!
[2020-09-10 01:25:39.546] INIT: Initialized Research subsystem within 0.1 seconds!
[2020-09-10 01:25:39.550] INIT: Initialized Events subsystem within 0 seconds!
[2020-09-10 01:25:39.555] INIT: Initialized Jobs subsystem within 0 seconds!
[2020-09-10 01:25:39.560] INIT: Initialized Quirks subsystem within 0 seconds!
[2020-09-10 01:25:39.567] INIT: Initialized Ticker subsystem within 0 seconds!
[2020-09-10 01:25:39.578] INIT: Initialized Instruments subsystem within 0 seconds!
[2020-09-10 01:25:56.398] INIT: Initialized Mapping subsystem within 16.8 seconds!
[2020-09-10 01:25:56.400] INIT: Initialized Economy subsystem within 0 seconds!
[2020-09-10 01:25:56.401] INIT: Initialized Networks subsystem within 0 seconds!
[2020-09-10 01:25:56.401] INIT: Initialized Holodeck subsystem within 0 seconds!
[2020-09-10 01:26:32.235] INIT: Initialized Atoms subsystem within 35.8 seconds!
[2020-09-10 01:26:32.252] INIT: Initialized Language subsystem within 0 seconds!
[2020-09-10 01:26:32.417] INIT: Initialized Machines subsystem within 0.2 seconds!
[2020-09-10 01:26:32.465] INIT: Initialized Circuit subsystem within 0 seconds!
[2020-09-10 01:26:33.616] INIT: Initialized Atmos Adjacency subsystem within 1.2 seconds!
[2020-09-10 01:26:33.616] INIT: Initialized Autotransfer Vote subsystem within 0 seconds!
[2020-09-10 01:26:33.616] INIT: Initialized Chemistry subsystem within 0 seconds!
[2020-09-10 01:26:33.616] INIT: Initialized Status Effects subsystem within 0 seconds!
[2020-09-10 01:26:33.617] INIT: Initialized Weather subsystem within 0 seconds!
[2020-09-10 01:26:33.620] INIT: Initialized Disease subsystem within 0 seconds!
[2020-09-10 01:26:33.621] INIT: Initialized Jukeboxes subsystem within 0 seconds!
[2020-09-10 01:26:33.621] INIT: Initialized Medals subsystem within 0 seconds!
[2020-09-10 01:26:33.852] INIT: Initialized Minimaps subsystem within 0.2 seconds!
[2020-09-10 01:26:33.853] INIT: Initialized Night Shift subsystem within 0 seconds!
[2020-09-10 01:26:33.853] INIT: Initialized Parallax subsystem within 0 seconds!
[2020-09-10 01:26:33.853] INIT: Initialized Sun subsystem within 0 seconds!
[2020-09-10 01:26:34.086] INIT: Initialized Traumas subsystem within 0.2 seconds!
[2020-09-10 01:26:34.128] INIT: Initialized Bluespace Locker subsystem within 0.1 seconds!
[2020-09-10 01:26:34.132] INIT: Initialized Pacification Bans subsystem within 0 seconds!
[2020-09-10 01:26:34.133] INIT: Initialized Logging subsystem within 0 seconds!
[2020-09-10 01:26:34.133] INIT: Initialized Recycling subsystem within 0 seconds!
[2020-09-10 01:26:39.901] INIT: Initialized Atmospherics subsystem within 5.8 seconds!
[2020-09-10 01:26:39.901] INIT: Initialized Atmospherics - Turfs subsystem within 0 seconds!
[2020-09-10 01:26:43.422] INIT: Initialized Assets subsystem within 3.5 seconds!
[2020-09-10 01:26:49.030] INIT: Initialized Icon Smoothing subsystem within 5.6 seconds!
[2020-09-10 01:26:50.189] INIT: Initialized Overlay subsystem within 1.1 seconds!
[2020-09-10 01:26:50.189] INIT: Initialized XKeyScore subsystem within 0 seconds!
[2020-09-10 01:26:50.190] INIT: Initialized Sticky Ban subsystem within 0 seconds!
[2020-09-10 01:26:57.349] INIT: Initialized Lighting subsystem within 7.2 seconds!
[2020-09-10 01:27:01.173] INIT: Initialized Shuttle subsystem within 3.8 seconds!
[2020-09-10 01:27:01.212] INIT: Initialized Minor Mapping subsystem within 0.1 seconds!
[2020-09-10 01:27:01.213] INIT: Initialized Pathfinder subsystem within 0 seconds!
[2020-09-10 01:27:01.245] INIT: Initialized Persistence subsystem within 0 seconds!
[2020-09-10 01:27:01.245] INIT: Initialized Chat subsystem within 0 seconds!
