[2020-09-03 19:02:01.786] Starting up round ID .
 - -------------------------
[2020-09-03 19:02:07.885] INIT: Initialized Profiler subsystem within 0 seconds!
[2020-09-03 19:02:08.035] Fail2Topic: Failed to drop firewall rule. Exit code: 1.
[2020-09-03 19:02:08.037] INIT: Initialized Fail2Topic subsystem within 0.2 seconds!
[2020-09-03 19:02:08.040] INIT: Initialized Title Screen subsystem within 0 seconds!
[2020-09-03 19:02:08.040] INIT: Initialized Database subsystem within 0 seconds!
[2020-09-03 19:02:08.040] INIT: Initialized Blackbox subsystem within 0 seconds!
[2020-09-03 19:02:08.041] INIT: Initialized Server Tasks subsystem within 0 seconds!
[2020-09-03 19:02:08.043] INIT: Initialized Input subsystem within 0 seconds!
[2020-09-03 19:02:08.047] INIT: Initialized Sounds subsystem within 0 seconds!
[2020-09-03 19:02:08.047] INIT: Initialized Vis contents overlays subsystem within 0 seconds!
[2020-09-03 19:02:08.118] INIT: Initialized Research subsystem within 0.1 seconds!
[2020-09-03 19:02:08.121] INIT: Initialized Events subsystem within 0 seconds!
[2020-09-03 19:02:08.125] INIT: Initialized Jobs subsystem within 0 seconds!
[2020-09-03 19:02:08.132] INIT: Initialized Quirks subsystem within 0 seconds!
[2020-09-03 19:02:08.139] INIT: Initialized Ticker subsystem within 0 seconds!
[2020-09-03 19:02:08.155] INIT: Initialized Instruments subsystem within 0 seconds!
[2020-09-03 19:02:27.247] INIT: Initialized Mapping subsystem within 19.1 seconds!
[2020-09-03 19:02:27.262] INIT: Initialized Economy subsystem within 0 seconds!
[2020-09-03 19:02:27.263] INIT: Initialized Networks subsystem within 0 seconds!
[2020-09-03 19:02:27.263] INIT: Initialized Holodeck subsystem within 0 seconds!
