[2020-08-30 18:33:56.203] Starting up round ID .
 - -------------------------
[2020-08-30 18:34:01.934] INIT: Initialized Profiler subsystem within 0 seconds!
[2020-08-30 18:34:02.133] Fail2Topic: Failed to drop firewall rule. Exit code: 1.
[2020-08-30 18:34:02.134] INIT: Initialized Fail2Topic subsystem within 0.2 seconds!
[2020-08-30 18:34:02.138] INIT: Initialized Title Screen subsystem within 0 seconds!
[2020-08-30 18:34:02.138] INIT: Initialized Database subsystem within 0 seconds!
[2020-08-30 18:34:02.138] INIT: Initialized Blackbox subsystem within 0 seconds!
[2020-08-30 18:34:02.139] INIT: Initialized Server Tasks subsystem within 0 seconds!
[2020-08-30 18:34:02.140] INIT: Initialized Input subsystem within 0 seconds!
[2020-08-30 18:34:02.141] INIT: Initialized Sounds subsystem within 0 seconds!
[2020-08-30 18:34:02.141] INIT: Initialized Vis contents overlays subsystem within 0 seconds!
[2020-08-30 18:34:02.207] INIT: Initialized Research subsystem within 0.1 seconds!
[2020-08-30 18:34:02.211] INIT: Initialized Events subsystem within 0 seconds!
[2020-08-30 18:34:02.215] INIT: Initialized Jobs subsystem within 0 seconds!
[2020-08-30 18:34:02.218] INIT: Initialized Quirks subsystem within 0 seconds!
[2020-08-30 18:34:02.225] INIT: Initialized Ticker subsystem within 0 seconds!
[2020-08-30 18:34:02.238] INIT: Initialized Instruments subsystem within 0 seconds!
[2020-08-30 18:34:22.823] INIT: Initialized Mapping subsystem within 20.6 seconds!
[2020-08-30 18:34:22.836] INIT: Initialized Economy subsystem within 0 seconds!
[2020-08-30 18:34:22.838] INIT: Initialized Networks subsystem within 0 seconds!
[2020-08-30 18:34:22.838] INIT: Initialized Holodeck subsystem within 0 seconds!
[2020-08-30 18:34:54.169] INIT: Initialized Atoms subsystem within 31.3 seconds!
[2020-08-30 18:34:54.197] INIT: Initialized Language subsystem within 0 seconds!
[2020-08-30 18:34:54.369] INIT: Initialized Machines subsystem within 0.2 seconds!
[2020-08-30 18:34:54.405] INIT: Initialized Circuit subsystem within 0.1 seconds!
[2020-08-30 18:34:55.824] INIT: Initialized Atmos Adjacency subsystem within 1.4 seconds!
[2020-08-30 18:34:55.824] INIT: Initialized Autotransfer Vote subsystem within 0 seconds!
[2020-08-30 18:34:55.824] INIT: Initialized Chemistry subsystem within 0 seconds!
[2020-08-30 18:34:55.824] INIT: Initialized Status Effects subsystem within 0 seconds!
[2020-08-30 18:34:55.825] INIT: Initialized Weather subsystem within 0 seconds!
[2020-08-30 18:34:55.828] INIT: Initialized Disease subsystem within 0 seconds!
[2020-08-30 18:34:55.829] INIT: Initialized Jukeboxes subsystem within 0 seconds!
[2020-08-30 18:34:55.829] INIT: Initialized Medals subsystem within 0 seconds!
[2020-08-30 18:34:56.092] INIT: Initialized Minimaps subsystem within 0.2 seconds!
[2020-08-30 18:34:56.150] INIT: Initialized Night Shift subsystem within 0 seconds!
[2020-08-30 18:34:56.150] INIT: Initialized Parallax subsystem within 0 seconds!
[2020-08-30 18:34:56.150] INIT: Initialized Sun subsystem within 0 seconds!
[2020-08-30 18:34:56.379] INIT: Initialized Traumas subsystem within 0.2 seconds!
[2020-08-30 18:34:56.424] INIT: Initialized Bluespace Locker subsystem within 0.1 seconds!
[2020-08-30 18:34:56.460] INIT: Initialized Pacification Bans subsystem within 0 seconds!
[2020-08-30 18:34:56.460] INIT: Initialized Logging subsystem within 0 seconds!
[2020-08-30 18:34:56.460] INIT: Initialized Recycling subsystem within 0 seconds!
[2020-08-30 18:35:02.924] INIT: Initialized Atmospherics subsystem within 6.5 seconds!
[2020-08-30 18:35:02.924] INIT: Initialized Atmospherics - Turfs subsystem within 0 seconds!
[2020-08-30 18:35:05.926] INIT: Initialized Assets subsystem within 3 seconds!
[2020-08-30 18:35:12.724] INIT: Initialized Icon Smoothing subsystem within 6.8 seconds!
[2020-08-30 18:35:14.105] INIT: Initialized Overlay subsystem within 1.4 seconds!
[2020-08-30 18:35:14.105] INIT: Initialized XKeyScore subsystem within 0 seconds!
[2020-08-30 18:35:14.106] INIT: Initialized Sticky Ban subsystem within 0 seconds!
[2020-08-30 18:35:22.389] INIT: Initialized Lighting subsystem within 8.2 seconds!
[2020-08-30 18:35:25.821] INIT: Initialized Shuttle subsystem within 3.5 seconds!
[2020-08-30 18:35:25.858] INIT: Initialized Minor Mapping subsystem within 0 seconds!
[2020-08-30 18:35:25.880] INIT: Initialized Pathfinder subsystem within 0 seconds!
[2020-08-30 18:35:25.913] INIT: Initialized Persistence subsystem within 0.1 seconds!
[2020-08-30 18:35:25.913] INIT: Initialized Chat subsystem within 0 seconds!
