[2020-09-27 22:26:47.212] Starting up round ID .
 - -------------------------
[2020-09-27 22:26:54.036] INIT: Initialized Profiler subsystem within 0 seconds!
[2020-09-27 22:26:54.185] Fail2Topic: Failed to drop firewall rule. Exit code: 1.
[2020-09-27 22:26:54.185] INIT: Initialized Fail2Topic subsystem within 0.1 seconds!
[2020-09-27 22:26:54.186] INIT: Initialized Title Screen subsystem within 0 seconds!
[2020-09-27 22:26:54.187] INIT: Initialized Database subsystem within 0 seconds!
[2020-09-27 22:26:54.187] INIT: Initialized Blackbox subsystem within 0 seconds!
[2020-09-27 22:26:54.187] INIT: Initialized Server Tasks subsystem within 0 seconds!
[2020-09-27 22:26:54.188] INIT: Initialized Input subsystem within 0 seconds!
[2020-09-27 22:26:54.190] INIT: Initialized Sounds subsystem within 0 seconds!
[2020-09-27 22:26:54.190] INIT: Initialized Vis contents overlays subsystem within 0 seconds!
[2020-09-27 22:26:54.247] INIT: Initialized Research subsystem within 0.1 seconds!
[2020-09-27 22:26:54.250] INIT: Initialized Events subsystem within 0 seconds!
[2020-09-27 22:26:54.255] INIT: Initialized Jobs subsystem within 0 seconds!
[2020-09-27 22:26:54.260] INIT: Initialized Quirks subsystem within 0 seconds!
[2020-09-27 22:26:54.267] INIT: Initialized Ticker subsystem within 0 seconds!
[2020-09-27 22:26:54.280] INIT: Initialized Instruments subsystem within 0 seconds!
[2020-09-27 22:27:13.747] INIT: Initialized Mapping subsystem within 19.5 seconds!
[2020-09-27 22:27:13.764] INIT: Initialized Economy subsystem within 0 seconds!
[2020-09-27 22:27:13.765] INIT: Initialized Networks subsystem within 0 seconds!
[2020-09-27 22:27:13.765] INIT: Initialized Holodeck subsystem within 0 seconds!
[2020-09-27 22:27:53.959] INIT: Initialized Atoms subsystem within 40.2 seconds!
[2020-09-27 22:27:53.988] INIT: Initialized Language subsystem within 0 seconds!
[2020-09-27 22:27:54.333] INIT: Initialized Machines subsystem within 0.4 seconds!
[2020-09-27 22:27:54.416] INIT: Initialized Circuit subsystem within 0.1 seconds!
[2020-09-27 22:27:55.931] INIT: Initialized Atmos Adjacency subsystem within 1.5 seconds!
[2020-09-27 22:27:55.932] INIT: Initialized Autotransfer Vote subsystem within 0 seconds!
[2020-09-27 22:27:55.932] INIT: Initialized Chemistry subsystem within 0 seconds!
[2020-09-27 22:27:55.932] INIT: Initialized Status Effects subsystem within 0 seconds!
[2020-09-27 22:27:55.933] INIT: Initialized Weather subsystem within 0 seconds!
[2020-09-27 22:27:55.936] INIT: Initialized Disease subsystem within 0 seconds!
[2020-09-27 22:27:55.936] INIT: Initialized Jukeboxes subsystem within 0 seconds!
[2020-09-27 22:27:55.936] INIT: Initialized Medals subsystem within 0 seconds!
[2020-09-27 22:27:56.200] INIT: Initialized Minimaps subsystem within 0.3 seconds!
[2020-09-27 22:27:56.250] INIT: Initialized Night Shift subsystem within 0 seconds!
[2020-09-27 22:27:56.250] INIT: Initialized Parallax subsystem within 0 seconds!
[2020-09-27 22:27:56.250] INIT: Initialized Sun subsystem within 0 seconds!
[2020-09-27 22:27:56.467] INIT: Initialized Traumas subsystem within 0.2 seconds!
[2020-09-27 22:27:56.510] INIT: Initialized Bluespace Locker subsystem within 0.1 seconds!
[2020-09-27 22:27:56.544] INIT: Initialized Pacification Bans subsystem within 0 seconds!
[2020-09-27 22:27:56.544] INIT: Initialized Logging subsystem within 0 seconds!
[2020-09-27 22:27:56.544] INIT: Initialized Recycling subsystem within 0 seconds!
[2020-09-27 22:28:03.606] INIT: Initialized Atmospherics subsystem within 7.1 seconds!
[2020-09-27 22:28:03.606] INIT: Initialized Atmospherics - Turfs subsystem within 0 seconds!
[2020-09-27 22:28:06.794] INIT: Initialized Assets subsystem within 3.1 seconds!
[2020-09-27 22:28:14.069] INIT: Initialized Icon Smoothing subsystem within 7.2 seconds!
[2020-09-27 22:28:15.469] INIT: Initialized Overlay subsystem within 1.4 seconds!
[2020-09-27 22:28:15.469] INIT: Initialized XKeyScore subsystem within 0 seconds!
[2020-09-27 22:28:15.471] INIT: Initialized Sticky Ban subsystem within 0 seconds!
[2020-09-27 22:28:28.955] INIT: Initialized Lighting subsystem within 13.5 seconds!
[2020-09-27 22:28:32.785] INIT: Initialized Shuttle subsystem within 3.8 seconds!
[2020-09-27 22:28:32.831] INIT: Initialized Minor Mapping subsystem within 0.1 seconds!
[2020-09-27 22:28:32.832] INIT: Initialized Pathfinder subsystem within 0 seconds!
[2020-09-27 22:28:32.870] INIT: Initialized Persistence subsystem within 0 seconds!
[2020-09-27 22:28:32.870] INIT: Initialized Chat subsystem within 0 seconds!
