[2020-08-26 13:11:40.439] Starting up round ID .
 - -------------------------
[2020-08-26 13:11:40.483] ADMIN: Loading Banlist
[2020-08-26 13:11:40.514] ACCESS: Login: Bob Joga from localhost-3000796718 || BYOND v513.1528
[2020-08-26 13:11:40.514] ACCESS: Mob Login: Bob Joga/(Bob Joga) was assigned to a /mob/dead/new_player
[2020-08-26 13:11:42.924] GAME: Bob Joga/(Bob Joga) Client Bob Joga/(Bob Joga) has taken ownership of mob Bob Joga(/mob/dead/new_player) (start area (11, 174, 1))
[2020-08-26 13:11:46.273] GAME: Saved mode is 'extended'
[2020-08-26 13:11:58.682] GAME: Hierophant's Arena loaded at 152,119,6
[2020-08-26 13:11:58.698] GAME: Blood-Drunk Miner (Guidance) loaded at 160,33,6
[2020-08-26 13:11:58.713] GAME: Blood-Drunk Miner (Hunter) loaded at 74,65,6
[2020-08-26 13:11:58.730] GAME: Blood-Drunk Miner loaded at 170,142,6
[2020-08-26 13:11:58.747] GAME: King Goat Boss Ruin loaded at 125,94,6
[2020-08-26 13:11:58.778] GAME: Rogue's Arena loaded at 164,71,6
[2020-08-26 13:11:58.820] GAME: Sif's Sword loaded at 64,158,6
[2020-08-26 13:11:58.827] GAME: Pulsating Tumor loaded at 193,66,6
[2020-08-26 13:11:58.828] GAME: E1M1 loaded at 151,77,6
[2020-08-26 13:11:58.835] GAME: Pulsating Tumor loaded at 138,91,6
[2020-08-26 13:11:58.852] GAME: Survival Capsule Ruins loaded at 23,209,6
[2020-08-26 13:11:58.869] GAME: Summoning Ritual loaded at 188,157,6
[2020-08-26 13:11:58.886] GAME: Ruin of Envy loaded at 212,119,6
[2020-08-26 13:11:58.935] GAME: Biodome Beach loaded at 55,106,6
[2020-08-26 13:11:59.005] GAME: Ash Walker Nest loaded at 188,115,6
[2020-08-26 13:11:59.070] GAME: Animal Hospital loaded at 206,52,6
[2020-08-26 13:12:02.440] GAME: Abandoned Teleporter loaded at 156,214,4
[2020-08-26 13:12:02.462] GAME: Whiteship Dock loaded at 160,145,3
[2020-08-26 13:12:02.510] GAME: Derelict 4 loaded at 96,28,3
[2020-08-26 13:12:02.543] GAME: Asteroid 3 loaded at 152,53,3
[2020-08-26 13:12:02.580] GAME: Aesthetic Outpost loaded at 155,216,7
[2020-08-26 13:12:02.610] GAME: Dinner for Two loaded at 193,88,4
[2020-08-26 13:12:02.656] GAME: Derelict 6 loaded at 143,168,3
[2020-08-26 13:12:03.006] GAME: The Twin-Nexus Hotel loaded at 160,44,7
[2020-08-26 13:12:03.044] GAME: Roboticst Augmentation Facility loaded at 204,211,4
[2020-08-26 13:12:03.144] GAME: Abandoned Telecommunications Satellite loaded at 107,44,4
[2020-08-26 13:12:03.201] GAME: Biological Storage Facility loaded at 195,170,3
[2020-08-26 13:12:03.238] GAME: Salvation loaded at 96,150,7
[2020-08-26 13:12:03.278] GAME: Derelict 3 loaded at 99,122,8
[2020-08-26 13:12:03.335] GAME: Gondoland loaded at 173,194,8
[2020-08-26 13:12:03.423] GAME: Syndicate Listening Station loaded at 116,190,8
[2020-08-26 13:12:03.463] GAME: Unnamed Turreted Outpost loaded at 96,200,4
[2020-08-26 13:12:03.483] GAME: Mineable Asteroid 3 loaded at 53,25,2
[2020-08-26 13:12:03.500] GAME: Dead wizard Roid loaded at 33,32,2
[2020-08-26 13:12:03.514] GAME: Maze Roid loaded at 155,210,2
[2020-08-26 13:12:03.533] GAME: Mineable Asteroid 2 loaded at 199,182,2
[2020-08-26 13:12:03.540] GAME: Mineable Asteroid 1 loaded at 214,31,2
[2020-08-26 13:12:03.557] GAME: Mineable Asteroid 4 loaded at 46,217,2
[2020-08-26 13:12:03.580] GAME: Monitoring Roid loaded at 174,207,2
[2020-08-26 13:12:03.602] GAME: Dorm Roid loaded at 207,203,2
[2020-08-26 13:12:03.630] GAME: Mineable Asteroid 5 loaded at 25,196,2
[2020-08-26 13:12:03.637] GAME: Mineable Asteroid 1 loaded at 181,32,2
[2020-08-26 13:12:03.701] GAME: Box Singulo loaded at 96,49,2
[2020-08-26 13:12:03.949] GAME: Public Mining Base loaded at 1,1,6
[2020-08-26 13:13:01.821] GAME: Backup Shuttle loaded at 84,206,1
[2020-08-26 13:13:01.900] GAME: assault pod (Default) loaded at 85,207,1
[2020-08-26 13:13:02.214] GAME: basic syndicate infiltrator loaded at 80,199,1
[2020-08-26 13:13:02.477] GAME: fancy transport ferry loaded at 82,208,1
[2020-08-26 13:13:02.639] GAME: Box Station Emergency Shuttle loaded at 83,199,1
[2020-08-26 13:13:02.818] GAME: cargo ferry (Box) loaded at 85,204,1
[2020-08-26 13:13:03.361] GAME: escape pod (Default) loaded at 87,208,1
[2020-08-26 13:13:03.386] GAME: escape pod (Default) loaded at 87,208,1
[2020-08-26 13:13:03.437] GAME: auxilliary base (Default) loaded at 84,206,1
[2020-08-26 13:13:03.538] GAME: arrival shuttle (Box) loaded at 81,207,1
[2020-08-26 13:13:03.631] GAME: mining shuttle (Box) loaded at 86,207,1
[2020-08-26 13:13:03.683] GAME: labour shuttle (Box) loaded at 86,206,1
[2020-08-26 13:13:03.727] GAME: escape pod (Default) loaded at 87,208,1
[2020-08-26 13:13:03.754] GAME: escape pod (Default) loaded at 87,208,1
[2020-08-26 13:13:03.780] GAME: lavaland Mining Elevator loaded at 86,208,1
[2020-08-26 13:13:04.808] GAME: Hospital Ship loaded at 73,202,1
[2020-08-26 13:13:05.188] VOTE: Roundtype vote started by server.
[2020-08-26 13:13:58.023] ADMIN: Bob Joga has started the game.
[2020-08-26 13:13:58.744] VOTE: <b>Roundtype Vote</b><b>Vote Result: Inconclusive - No Votes!</b>
[2020-08-26 13:13:59.280] GAME: *no key*/(Bob Joga) *no key*/(Bob Joga) is no longer owning mob Bob Joga(/mob/dead/new_player) (start area (11, 174, 1))
[2020-08-26 13:13:59.280] ACCESS: Mob Login: Bob Joga/(Cockmistress) was assigned to a /mob/living/carbon/human
[2020-08-26 13:14:00.059] GAME: Bob Joga/(Cockmistress) Client Bob Joga/(Cockmistress) has taken ownership of mob (/mob/living/carbon/human) (Library (176, 136, 2))
[2020-08-26 13:15:28.209] ADMIN: Bob Joga/(Cockmistress) called Cockmistress's update_pain() with no arguments.
