[2020-08-30 02:01:58.899] Starting up round ID .
 - -------------------------
[2020-08-30 02:13:25.432] Logs from logging subsystem:
 - (2020-08-29 23:04:23) ATTACK: *no key*/(Jo Jo Bobo Bo) has suffered: Second Degree Burns to right foot | Damage: 10.8(rolled 27/27.9765) (Unexplored Location (193, 36, 4))
 - (2020-08-29 23:05:17) ATTACK: *no key*/(Clownsky) has suffered: Second Degree Burns to right arm | Damage: 10.8(rolled 27/27.9765) (Unexplored Location (194, 38, 4))
 - (2020-08-29 23:05:27) ATTACK: *no key*/(Setsu Kazlauskiene) has suffered: Second Degree Burns to left arm | Damage: 10.8(rolled 26/27.9765) (Space (44, 49, 8))
 - (2020-08-29 23:06:25) ATTACK: *no key*/(Jo Jo Bobo Bo) has suffered: Second Degree Burns to groin | Damage: 10.8(rolled 26/27.9765) (Unexplored Location (193, 36, 4))
 - (2020-08-29 23:06:53) ATTACK: *no key*/(Witty) has suffered: Second Degree Burns to right arm | Damage: 10.8(rolled 27/27.9765) (Unexplored Location (196, 35, 4))
 - (2020-08-29 23:06:53) ATTACK: *no key*/(Jo Jo Bobo Bo) has suffered: Hairline Fracture to groin | Damage: 9.9(rolled 18/24.7679) (Unexplored Location (193, 36, 4))
 - (2020-08-29 23:07:11) ATTACK: *no key*/(Clownsky) has suffered: Second Degree Burns to right foot | Damage: 10.8(rolled 26/27.9765) (Unexplored Location (194, 38, 4))
 - (2020-08-29 23:07:33) ATTACK: *no key*/(Jo Jo Bobo Bo) has suffered: Third Degree Burns to groin | Damage: 10.8(rolled 24/27.9765) (Unexplored Location (193, 36, 4))
 - (2020-08-29 23:08:31) ATTACK: *no key*/(Witty) has suffered: Second Degree Burns to left hand | Damage: 10.8(rolled 27/27.9765) (Unexplored Location (196, 35, 4))
 - (2020-08-29 23:08:33) ATTACK: *no key*/(Clownsky) has suffered: Second Degree Burns to left leg | Damage: 10.8(rolled 26/27.9765) (Unexplored Location (194, 38, 4))
 - (2020-08-29 23:08:35) ATTACK: *no key*/(coder monkey (437)) has suffered: Joint Dislocation to right foot | Damage: 20(rolled 36/66.2891) | WB: 2 (Space (213, 37, 8))
 - (2020-08-29 23:09:25) ATTACK: *no key*/(Witty) has suffered: Second Degree Burns to groin | Damage: 10.8(rolled 26/27.9765) (Unexplored Location (196, 35, 4))
 - (2020-08-29 23:09:35) ATTACK: *no key*/(Clownsky) has suffered: Second Degree Burns to groin | Damage: 10.8(rolled 26/27.9765) (Unexplored Location (194, 38, 4))
 - (2020-08-29 23:09:55) ATTACK: *no key*/(Clownsky) has suffered: Hairline Fracture to groin | Damage: 9.9(rolled 20/24.7679) (Unexplored Location (194, 38, 4))
 - (2020-08-29 23:10:11) ATTACK: *no key*/(Jo Jo Bobo Bo) has suffered: Second Degree Burns to left leg | Damage: 10.8(rolled 26/27.9765) (Unexplored Location (193, 36, 4))
 - (2020-08-29 23:10:38) ATTACK: *no key*/(Witty) has suffered: Hip Dislocation to groin | Damage: 8.8(rolled 14/21.0027) (Unexplored Location (196, 35, 4))
 - (2020-08-29 23:10:40) ATTACK: *no key*/(Witty) has suffered: Third Degree Burns to groin | Damage: 10.8(rolled 26/27.9765) (Unexplored Location (196, 35, 4))
 - (2020-08-29 23:10:54) ATTACK: *no key*/(Witty) has suffered: Hairline Fracture to groin | Damage: 9.6(rolled 9/23.7236) (Unexplored Location (196, 35, 4))
 - (2020-08-29 23:11:46) ATTACK: *no key*/(Clownsky) has suffered: Third Degree Burns to groin | Damage: 10.8(rolled 9/27.9765) (Unexplored Location (194, 38, 4))
 - (2020-08-29 23:12:06) ATTACK: *no key*/(Clownsky) has suffered: Second Degree Burns to right leg | Damage: 10.8(rolled 26/27.9765) (Unexplored Location (194, 38, 4))
 - (2020-08-29 23:12:12) ATTACK: *no key*/(Jo Jo Bobo Bo) has suffered: Second Degree Burns to left arm | Damage: 10.8(rolled 26/27.9765) (Unexplored Location (193, 36, 4))
 - (2020-08-29 23:13:14) ATTACK: *no key*/(Setsu Kazlauskiene) has suffered: Second Degree Burns to right hand | Damage: 10.8(rolled 27/27.9765) (Space (44, 49, 8))
[2020-08-30 02:23:25.875] Logs from logging subsystem:
 - (2020-08-29 23:13:40) ATTACK: *no key*/(Clownsky) has suffered: Second Degree Burns to right hand | Damage: 10.8(rolled 27/27.9765) (Unexplored Location (194, 38, 4))
 - (2020-08-29 23:13:44) ATTACK: *no key*/(Jo Jo Bobo Bo) has suffered: Second Degree Burns to right arm | Damage: 10.8(rolled 26/27.9765) (Unexplored Location (193, 36, 4))
 - (2020-08-29 23:13:54) ATTACK: Bob Joga/(Cockmistress) has punched Bob Joga/(Cockmistress) (NEWHP: 100)  (Medbay Lobby (137, 119, 2))
 - (2020-08-29 23:14:04) ATTACK: Bob Joga/(Cockmistress) has punched Bob Joga/(Cockmistress) (NEWHP: 100)  (Medbay Lobby (133, 122, 2))
 - (2020-08-29 23:14:05) ATTACK: Bob Joga/(Cockmistress) has punched Bob Joga/(Cockmistress) (NEWHP: 100)  (Medbay Lobby (133, 122, 2))
 - (2020-08-29 23:14:05) ATTACK: Bob Joga/(Cockmistress) has attempted to punch Bob Joga/(Cockmistress) (NEWHP: 100)  (Medbay Lobby (133, 122, 2))
 - (2020-08-29 23:14:06) ATTACK: Bob Joga/(Cockmistress) has punched Bob Joga/(Cockmistress) (NEWHP: 100)  (Medbay Lobby (133, 122, 2))
 - (2020-08-29 23:14:10) ATTACK: *no key*/(Clownsky) has suffered: Second Degree Burns to left hand | Damage: 10.8(rolled 27/27.9765) (Unexplored Location (194, 38, 4))
 - (2020-08-29 23:14:45) ATTACK: Bob Joga/(Cockmistress) has punched Bob Joga/(Cockmistress) (NEWHP: 100)  (Medbay Lobby (133, 122, 2))
 - (2020-08-29 23:14:46) ATTACK: Bob Joga/(Cockmistress) has punched Bob Joga/(Cockmistress) (NEWHP: 100)  (Medbay Lobby (133, 125, 2))
 - (2020-08-29 23:14:47) ATTACK: Bob Joga/(Cockmistress) has punched Bob Joga/(Cockmistress) (NEWHP: 100)  (Medbay Lobby (133, 125, 2))
 - (2020-08-29 23:14:48) ATTACK: Bob Joga/(Cockmistress) has attempted to punch Bob Joga/(Cockmistress) (NEWHP: 100)  (Medbay Lobby (133, 125, 2))
 - (2020-08-29 23:14:49) ATTACK: Bob Joga/(Cockmistress) has punched Bob Joga/(Cockmistress) (NEWHP: 100)  (Medbay Lobby (133, 125, 2))
 - (2020-08-29 23:14:50) ATTACK: Bob Joga/(Cockmistress) has punched Bob Joga/(Cockmistress) (NEWHP: 100)  (Medbay Lobby (133, 125, 2))
 - (2020-08-29 23:14:51) ATTACK: Bob Joga/(Cockmistress) has punched Bob Joga/(Cockmistress) (NEWHP: 100)  (Medbay Lobby (133, 125, 2))
 - (2020-08-29 23:14:52) ATTACK: Bob Joga/(Cockmistress) has attempted to punch Bob Joga/(Cockmistress) (NEWHP: 100)  (Medbay Lobby (133, 125, 2))
 - (2020-08-29 23:14:53) ATTACK: Bob Joga/(Cockmistress) has attempted to punch Bob Joga/(Cockmistress) (NEWHP: 100)  (Medbay Lobby (133, 125, 2))
 - (2020-08-29 23:14:54) ATTACK: Bob Joga/(Cockmistress) has punched Bob Joga/(Cockmistress) (NEWHP: 100)  (Medbay Lobby (133, 125, 2))
 - (2020-08-29 23:14:54) ATTACK: *no key*/(Jo Jo Bobo Bo) has suffered: Second Degree Burns to chest | Damage: 10.8(rolled 26/27.9765) (Unexplored Location (193, 36, 4))
 - (2020-08-29 23:14:55) ATTACK: Bob Joga/(Cockmistress) has punched Bob Joga/(Cockmistress) (NEWHP: 100)  (Medbay Lobby (133, 125, 2))
 - (2020-08-29 23:14:56) ATTACK: Bob Joga/(Cockmistress) has punched Bob Joga/(Cockmistress) (NEWHP: 100)  (Medbay Lobby (133, 125, 2))
 - (2020-08-29 23:14:56) ATTACK: Bob Joga/(Cockmistress) has punched Bob Joga/(Cockmistress) (NEWHP: 100)  (Medbay Lobby (133, 125, 2))
 - (2020-08-29 23:14:57) ATTACK: Bob Joga/(Cockmistress) has punched Bob Joga/(Cockmistress) (NEWHP: 100)  (Medbay Lobby (133, 125, 2))
 - (2020-08-29 23:14:58) ATTACK: *no key*/(Clownsky) has suffered: Rib Dislocation to chest | Damage: 9(rolled 21/21.674) (Unexplored Location (194, 38, 4))
 - (2020-08-29 23:14:58) ATTACK: Bob Joga/(Cockmistress) has attempted to punch Bob Joga/(Cockmistress) (NEWHP: 100)  (Medbay Lobby (133, 125, 2))
 - (2020-08-29 23:14:59) ATTACK: Bob Joga/(Cockmistress) has punched Bob Joga/(Cockmistress) (NEWHP: 100)  (Medbay Lobby (133, 125, 2))
 - (2020-08-29 23:15:01) ATTACK: Bob Joga/(Cockmistress) has attempted to punch Bob Joga/(Cockmistress) (NEWHP: 100)  (Medbay Lobby (133, 125, 2))
 - (2020-08-29 23:15:02) ATTACK: Bob Joga/(Cockmistress) has punched Bob Joga/(Cockmistress) (NEWHP: 100)  (Medbay Lobby (134, 126, 2))
 - (2020-08-29 23:15:03) ATTACK: Bob Joga/(Cockmistress) has punched Bob Joga/(Cockmistress) (NEWHP: 100)  (Medbay Lobby (137, 126, 2))
 - (2020-08-29 23:15:13) ATTACK: Bob Joga/(Cockmistress) has attempted to punch Bob Joga/(Cockmistress) (NEWHP: 100)  (Medbay Lobby (133, 119, 2))
 - (2020-08-29 23:15:14) ATTACK: Bob Joga/(Cockmistress) has punched Bob Joga/(Cockmistress) (NEWHP: 100)  (Medbay Lobby (133, 122, 2))
 - (2020-08-29 23:15:15) ATTACK: Bob Joga/(Cockmistress) has attempted to punch Bob Joga/(Cockmistress) (NEWHP: 100)  (Medbay Lobby (133, 123, 2))
 - (2020-08-29 23:15:16) ATTACK: Bob Joga/(Cockmistress) has punched Bob Joga/(Cockmistress) (NEWHP: 100)  (Medbay Lobby (133, 122, 2))
 - (2020-08-29 23:15:16) ATTACK: *no key*/(Jo Jo Bobo Bo) has suffered: Rib Dislocation to chest | Damage: 8.8(rolled 5/21.0027) (Unexplored Location (193, 36, 4))
 - (2020-08-29 23:15:17) ATTACK: Bob Joga/(Cockmistress) has attempted to punch Bob Joga/(Cockmistress) (NEWHP: 100)  (Medbay Lobby (133, 122, 2))
 - (2020-08-29 23:15:18) ATTACK: Bob Joga/(Cockmistress) has attempted to punch Bob Joga/(Cockmistress) (NEWHP: 100)  (Medbay Lobby (133, 122, 2))
 - (2020-08-29 23:15:19) ATTACK: Bob Joga/(Cockmistress) has punched Bob Joga/(Cockmistress) (NEWHP: 100)  (Medbay Lobby (133, 122, 2))
 - (2020-08-29 23:15:20) ATTACK: Bob Joga/(Cockmistress) has attempted to punch Bob Joga/(Cockmistress) (NEWHP: 100)  (Medbay Lobby (133, 122, 2))
 - (2020-08-29 23:15:21) ATTACK: Bob Joga/(Cockmistress) has punched Bob Joga/(Cockmistress) (NEWHP: 100)  (Medbay Lobby (133, 122, 2))
 - (2020-08-29 23:15:22) ATTACK: Bob Joga/(Cockmistress) has punched Bob Joga/(Cockmistress) (NEWHP: 100)  (Medbay Lobby (133, 122, 2))
 - (2020-08-29 23:15:23) ATTACK: Bob Joga/(Cockmistress) has punched Bob Joga/(Cockmistress) (NEWHP: 100)  (Medbay Lobby (133, 122, 2))
 - (2020-08-29 23:15:24) ATTACK: *no key*/(Clownsky) has suffered: Second Degree Burns to chest | Damage: 10.8(rolled 27/27.9765) (Unexplored Location (194, 38, 4))
 - (2020-08-29 23:15:24) ATTACK: *no key*/(Jo Jo Bobo Bo) has suffered: Hairline Fracture to chest | Damage: 8.8(rolled 17/21.0027) (Unexplored Location (193, 36, 4))
 - (2020-08-29 23:15:36) ATTACK: *no key*/(Clownsky) has suffered: Hairline Fracture to chest | Damage: 5.5(rolled 6/10.877) (Unexplored Location (194, 38, 4))
 - (2020-08-29 23:15:48) ATTACK: *no key*/(Jo Jo Bobo Bo) has suffered: Third Degree Burns to chest | Damage: 10.8(rolled 6/27.9765) (Unexplored Location (193, 36, 4))
 - (2020-08-29 23:15:52) ATTACK: *no key*/(Setsu Kazlauskiene) has suffered: Second Degree Burns to groin | Damage: 10.8(rolled 27/27.9765) (Space (44, 49, 8))
 - (2020-08-29 23:16:00) ATTACK: *no key*/(Setsu Kazlauskiene) has suffered: Hip Dislocation to groin | Damage: 8.8(rolled 3/21.0027) (Space (44, 49, 8))
 - (2020-08-29 23:16:08) ATTACK: *no key*/(Witty) has suffered: Second Degree Burns to right foot | Damage: 10.8(rolled 26/27.9765) (Unexplored Location (196, 35, 4))
 - (2020-08-29 23:16:24) ATTACK: *no key*/(Setsu Kazlauskiene) has suffered: Hairline Fracture to groin | Damage: 8.8(rolled 1/21.0027) (Space (44, 49, 8))
 - (2020-08-29 23:16:26) ATTACK: *no key*/(Clownsky) has suffered: Second Degree Burns to left foot | Damage: 10.8(rolled 26/27.9765) (Unexplored Location (194, 38, 4))
 - (2020-08-29 23:16:38) ATTACK: *no key*/(Jo Jo Bobo Bo) has suffered: Second Degree Burns to right leg | Damage: 10.8(rolled 26/27.9765) (Unexplored Location (193, 36, 4))
 - (2020-08-29 23:17:18) ATTACK: *no key*/(Setsu Kazlauskiene) has suffered: Third Degree Burns to groin | Damage: 10.8(rolled 17/27.9765) (Space (44, 49, 8))
 - (2020-08-29 23:17:40) ATTACK: *no key*/(Clownsky) has suffered: Third Degree Burns to chest | Damage: 10.8(rolled 23/27.9765) (Unexplored Location (194, 38, 4))
 - (2020-08-29 23:17:46) ATTACK: *no key*/(Jo Jo Bobo Bo) has suffered: Second Degree Burns to left hand | Damage: 10.8(rolled 26/27.9765) (Unexplored Location (193, 36, 4))
 - (2020-08-29 23:17:54) ATTACK: *no key*/(Witty) has suffered: Rib Dislocation to chest | Damage: 9(rolled 21/21.674) (Unexplored Location (196, 35, 4))
 - (2020-08-29 23:18:08) ATTACK: *no key*/(Jo Jo Bobo Bo) has suffered: Second Degree Burns to left foot | Damage: 10.8(rolled 26/27.9765) (Unexplored Location (193, 36, 4))
 - (2020-08-29 23:18:10) ATTACK: *no key*/(Setsu Kazlauskiene) has suffered: Second Degree Burns to chest | Damage: 10.8(rolled 27/27.9765) (Space (44, 49, 8))
 - (2020-08-29 23:18:16) ATTACK: *no key*/(Setsu Kazlauskiene) has suffered: Hairline Fracture to chest | Damage: 8.8(rolled 18/21.0027) (Space (44, 49, 8))
 - (2020-08-29 23:18:48) ATTACK: *no key*/(Witty) has suffered: Second Degree Burns to chest | Damage: 10.8(rolled 16/27.9765) (Unexplored Location (196, 35, 4))
 - (2020-08-29 23:18:50) ATTACK: *no key*/(Witty) has suffered: Hairline Fracture to chest | Damage: 8.8(rolled 1/21.0027) (Unexplored Location (196, 35, 4))
 - (2020-08-29 23:19:20) ATTACK: *no key*/(Witty) has suffered: Third Degree Burns to chest | Damage: 10.8(rolled 12/27.9765) (Unexplored Location (196, 35, 4))
 - (2020-08-29 23:19:48) ATTACK: *no key*/(Jo Jo Bobo Bo) has suffered: Second Degree Burns to right hand | Damage: 10.8(rolled 26/27.9765) (Unexplored Location (193, 36, 4))
 - (2020-08-29 23:19:56) ATTACK: *no key*/(Witty) has suffered: Second Degree Burns to left arm | Damage: 10.8(rolled 27/27.9765) (Unexplored Location (196, 35, 4))
 - (2020-08-29 23:20:08) ATTACK: *no key*/(Setsu Kazlauskiene) has suffered: Second Degree Burns to right foot | Damage: 10.8(rolled 27/27.9765) (Space (44, 49, 8))
 - (2020-08-29 23:20:10) ATTACK: *no key*/(Witty) has suffered: Second Degree Burns to left leg | Damage: 10.8(rolled 26/27.9765) (Unexplored Location (196, 35, 4))
 - (2020-08-29 23:21:12) ATTACK: *no key*/(Setsu Kazlauskiene) has suffered: Second Degree Burns to left leg | Damage: 10.8(rolled 27/27.9765) (Space (44, 49, 8))
 - (2020-08-29 23:21:38) ATTACK: *no key*/(Setsu Kazlauskiene) has suffered: Third Degree Burns to chest | Damage: 10.8(rolled 22/27.9765) (Space (44, 49, 8))
 - (2020-08-29 23:23:08) ATTACK: *no key*/(Witty) has suffered: Second Degree Burns to left foot | Damage: 10.8(rolled 27/27.9765) (Unexplored Location (196, 35, 4))
 - (2020-08-29 23:23:24) ATTACK: *no key*/(Clownsky) has suffered: Second Degree Burns to left arm | Damage: 10.8(rolled 26/27.9765) (Unexplored Location (194, 38, 4))
