[2020-08-30 02:01:58.904] Starting up round ID .
 - -------------------------
[2020-08-30 02:01:59.886] INIT: Initialized Profiler subsystem within 0 seconds!
[2020-08-30 02:02:00.037] Fail2Topic: Failed to drop firewall rule. Exit code: 1.
[2020-08-30 02:02:00.037] INIT: Initialized Fail2Topic subsystem within 0.2 seconds!
[2020-08-30 02:02:00.039] INIT: Initialized Title Screen subsystem within 0 seconds!
[2020-08-30 02:02:00.039] INIT: Initialized Database subsystem within 0 seconds!
[2020-08-30 02:02:00.039] INIT: Initialized Blackbox subsystem within 0 seconds!
[2020-08-30 02:02:00.040] INIT: Initialized Server Tasks subsystem within 0 seconds!
[2020-08-30 02:02:00.042] INIT: Initialized Input subsystem within 0 seconds!
[2020-08-30 02:02:00.043] INIT: Initialized Sounds subsystem within 0 seconds!
[2020-08-30 02:02:00.043] INIT: Initialized Vis contents overlays subsystem within 0 seconds!
[2020-08-30 02:02:00.110] INIT: Initialized Research subsystem within 0.1 seconds!
[2020-08-30 02:02:00.114] INIT: Initialized Events subsystem within 0 seconds!
[2020-08-30 02:02:00.119] INIT: Initialized Jobs subsystem within 0 seconds!
[2020-08-30 02:02:00.125] INIT: Initialized Quirks subsystem within 0 seconds!
[2020-08-30 02:02:00.133] INIT: Initialized Ticker subsystem within 0 seconds!
[2020-08-30 02:02:00.144] INIT: Initialized Instruments subsystem within 0 seconds!
[2020-08-30 02:02:17.518] INIT: Initialized Mapping subsystem within 17.4 seconds!
[2020-08-30 02:02:17.520] INIT: Initialized Economy subsystem within 0 seconds!
[2020-08-30 02:02:17.524] INIT: Initialized Networks subsystem within 0 seconds!
[2020-08-30 02:02:17.524] INIT: Initialized Holodeck subsystem within 0 seconds!
[2020-08-30 02:02:50.543] INIT: Initialized Atoms subsystem within 33 seconds!
[2020-08-30 02:02:50.561] INIT: Initialized Language subsystem within 0 seconds!
[2020-08-30 02:02:50.715] INIT: Initialized Machines subsystem within 0.2 seconds!
[2020-08-30 02:02:50.750] INIT: Initialized Circuit subsystem within 0 seconds!
[2020-08-30 02:02:51.930] INIT: Initialized Atmos Adjacency subsystem within 1.2 seconds!
[2020-08-30 02:02:51.931] INIT: Initialized Autotransfer Vote subsystem within 0 seconds!
[2020-08-30 02:02:51.931] INIT: Initialized Chemistry subsystem within 0 seconds!
[2020-08-30 02:02:51.931] INIT: Initialized Status Effects subsystem within 0 seconds!
[2020-08-30 02:02:51.932] INIT: Initialized Weather subsystem within 0 seconds!
[2020-08-30 02:02:51.935] INIT: Initialized Disease subsystem within 0 seconds!
[2020-08-30 02:02:51.935] INIT: Initialized Jukeboxes subsystem within 0 seconds!
[2020-08-30 02:02:51.935] INIT: Initialized Medals subsystem within 0 seconds!
[2020-08-30 02:02:52.171] INIT: Initialized Minimaps subsystem within 0.2 seconds!
[2020-08-30 02:02:52.175] INIT: Initialized Night Shift subsystem within 0 seconds!
[2020-08-30 02:02:52.175] INIT: Initialized Parallax subsystem within 0 seconds!
[2020-08-30 02:02:52.175] INIT: Initialized Sun subsystem within 0 seconds!
[2020-08-30 02:02:52.410] INIT: Initialized Traumas subsystem within 0.3 seconds!
[2020-08-30 02:02:52.449] INIT: Initialized Bluespace Locker subsystem within 0 seconds!
[2020-08-30 02:02:52.451] INIT: Initialized Pacification Bans subsystem within 0 seconds!
[2020-08-30 02:02:52.451] INIT: Initialized Logging subsystem within 0 seconds!
[2020-08-30 02:02:52.451] INIT: Initialized Recycling subsystem within 0 seconds!
[2020-08-30 02:02:57.958] INIT: Initialized Atmospherics subsystem within 5.5 seconds!
[2020-08-30 02:02:57.958] INIT: Initialized Atmospherics - Turfs subsystem within 0 seconds!
[2020-08-30 02:03:02.106] INIT: Initialized Assets subsystem within 4.2 seconds!
[2020-08-30 02:03:07.832] INIT: Initialized Icon Smoothing subsystem within 5.7 seconds!
[2020-08-30 02:03:09.060] INIT: Initialized Overlay subsystem within 1.2 seconds!
[2020-08-30 02:03:09.061] INIT: Initialized XKeyScore subsystem within 0 seconds!
[2020-08-30 02:03:09.061] INIT: Initialized Sticky Ban subsystem within 0 seconds!
[2020-08-30 02:03:16.730] INIT: Initialized Lighting subsystem within 7.7 seconds!
[2020-08-30 02:03:20.531] INIT: Initialized Shuttle subsystem within 3.8 seconds!
[2020-08-30 02:03:20.573] INIT: Initialized Minor Mapping subsystem within 0 seconds!
[2020-08-30 02:03:20.574] INIT: Initialized Pathfinder subsystem within 0 seconds!
[2020-08-30 02:03:20.603] INIT: Initialized Persistence subsystem within 0.1 seconds!
[2020-08-30 02:03:20.603] INIT: Initialized Chat subsystem within 0 seconds!
