[2020-08-30 02:01:58.900] Starting up round ID .
 - -------------------------
[2020-08-30 02:03:47.515] TCOMMS: *no key*/(Poly) [Engineering] (spans:  ) "WHO TOOK THE DAMN HARDSUITS?" (language: Galactic Common) (Chief Engineer's Office (118, 83, 2))
[2020-08-30 02:03:51.512] TCOMMS: *no key*/(Poly) [Engineering] (spans:  ) "Wire the solars, you lazy bums!" (language: Galactic Common) (Chief Engineer's Office (118, 83, 2))
[2020-08-30 02:04:43.741] TCOMMS: *no key*/(Poly) [Engineering] (spans:  ) "...0." (language: Galactic Common) (Chief Engineer's Office (118, 83, 2))
[2020-08-30 02:04:45.741] TCOMMS: *no key*/(Poly) [Engineering] (spans:  ) "...0." (language: Galactic Common) (Chief Engineer's Office (118, 83, 2))
[2020-08-30 02:04:51.746] TCOMMS: *no key*/(Poly) [Engineering] (spans:  ) "Check the crystal, you chucklefucks!" (language: Galactic Common) (Chief Engineer's Office (118, 83, 2))
[2020-08-30 02:06:29.746] TCOMMS: *no key*/(Poly) [Engineering] (spans:  ) "Check the crystal, you chucklefucks!" (language: Galactic Common) (Chief Engineer's Office (118, 83, 2))
[2020-08-30 02:07:39.775] TCOMMS: *no key*/(Poly) [Engineering] (spans:  ) "...0." (language: Galactic Common) (Chief Engineer's Office (118, 83, 2))
[2020-08-30 02:07:45.774] TCOMMS: *no key*/(Poly) [Engineering] (spans:  ) "Poly wanna cracker!" (language: Galactic Common) (Chief Engineer's Office (118, 83, 2))
[2020-08-30 02:07:53.779] TCOMMS: *no key*/(Poly) [Engineering] (spans:  ) "...0." (language: Galactic Common) (Chief Engineer's Office (118, 83, 2))
[2020-08-30 02:09:54.072] TCOMMS: *no key*/(Poly) [Engineering] (spans:  ) "...0." (language: Galactic Common) (Chief Engineer's Office (118, 83, 2))
[2020-08-30 02:10:58.333] TCOMMS: *no key*/(Poly) [Engineering] (spans:  ) "WHO TOOK THE DAMN HARDSUITS?" (language: Galactic Common) (Chief Engineer's Office (118, 83, 2))
[2020-08-30 02:11:58.399] TCOMMS: *no key*/(Poly) [Engineering] (spans:  ) "OH GOD ITS ABOUT TO DELAMINATE CALL THE SHUTTLE" (language: Galactic Common) (Chief Engineer's Office (118, 83, 2))
[2020-08-30 02:12:26.752] TCOMMS: *no key*/(Poly) [Engineering] (spans:  ) "Check the crystal, you chucklefucks!" (language: Galactic Common) (Chief Engineer's Office (118, 83, 2))
[2020-08-30 02:13:10.789] TCOMMS: *no key*/(Poly) [Engineering] (spans:  ) "Poly wanna cracker!" (language: Galactic Common) (Chief Engineer's Office (118, 83, 2))
[2020-08-30 02:13:20.787] TCOMMS: *no key*/(Poly) [Engineering] (spans:  ) "Poly wanna cracker!" (language: Galactic Common) (Chief Engineer's Office (118, 83, 2))
[2020-08-30 02:13:42.808] TCOMMS: *no key*/(Poly) [Engineering] (spans:  ) "Poly wanna cracker!" (language: Galactic Common) (Chief Engineer's Office (118, 83, 2))
[2020-08-30 02:14:08.840] TCOMMS: *no key*/(Poly) [Engineering] (spans:  ) "Check the crystal, you chucklefucks!" (language: Galactic Common) (Chief Engineer's Office (118, 83, 2))
[2020-08-30 02:14:34.872] TCOMMS: *no key*/(Poly) [Engineering] (spans:  ) "Wire the solars, you lazy bums!" (language: Galactic Common) (Chief Engineer's Office (118, 83, 2))
[2020-08-30 02:14:46.875] TCOMMS: *no key*/(Poly) [Engineering] (spans:  ) "Check the crystal, you chucklefucks!" (language: Galactic Common) (Chief Engineer's Office (118, 83, 2))
[2020-08-30 02:15:56.892] TCOMMS: *no key*/(Poly) [Engineering] (spans:  ) "Check the crystal, you chucklefucks!" (language: Galactic Common) (Chief Engineer's Office (118, 83, 2))
[2020-08-30 02:15:58.895] TCOMMS: *no key*/(Poly) [Engineering] (spans:  ) "Check the crystal, you chucklefucks!" (language: Galactic Common) (Chief Engineer's Office (118, 83, 2))
[2020-08-30 02:17:44.923] TCOMMS: *no key*/(Poly) [Engineering] (spans:  ) "Check the crystal, you chucklefucks!" (language: Galactic Common) (Chief Engineer's Office (118, 83, 2))
[2020-08-30 02:17:50.932] TCOMMS: *no key*/(Poly) [Engineering] (spans:  ) "Poly wanna cracker!" (language: Galactic Common) (Chief Engineer's Office (118, 83, 2))
[2020-08-30 02:18:04.930] TCOMMS: *no key*/(Poly) [Engineering] (spans:  ) "Check the crystal, you chucklefucks!" (language: Galactic Common) (Chief Engineer's Office (118, 83, 2))
[2020-08-30 02:18:06.935] TCOMMS: *no key*/(Poly) [Engineering] (spans:  ) "Check the crystal, you chucklefucks!" (language: Galactic Common) (Chief Engineer's Office (118, 83, 2))
[2020-08-30 02:18:26.939] TCOMMS: *no key*/(Poly) [Engineering] (spans:  ) "OH GOD ITS ABOUT TO DELAMINATE CALL THE SHUTTLE" (language: Galactic Common) (Chief Engineer's Office (118, 83, 2))
[2020-08-30 02:19:06.967] TCOMMS: *no key*/(Poly) [Engineering] (spans:  ) "Smoke!" (language: Galactic Common) (Chief Engineer's Office (118, 83, 2))
[2020-08-30 02:19:10.969] TCOMMS: *no key*/(Poly) [Engineering] (spans:  ) "Smoke!" (language: Galactic Common) (Chief Engineer's Office (118, 83, 2))
[2020-08-30 02:19:28.985] TCOMMS: *no key*/(Poly) [Engineering] (spans:  ) "Smoke!" (language: Galactic Common) (Chief Engineer's Office (118, 83, 2))
[2020-08-30 02:19:30.985] TCOMMS: *no key*/(Poly) [Engineering] (spans:  ) "OH GOD ITS ABOUT TO DELAMINATE CALL THE SHUTTLE" (language: Galactic Common) (Chief Engineer's Office (118, 83, 2))
[2020-08-30 02:19:40.990] TCOMMS: *no key*/(Poly) [Engineering] (spans:  ) "Smoke!" (language: Galactic Common) (Chief Engineer's Office (118, 83, 2))
[2020-08-30 02:19:44.994] TCOMMS: *no key*/(Poly) [Engineering] (spans:  ) "Smoke!" (language: Galactic Common) (Chief Engineer's Office (118, 83, 2))
[2020-08-30 02:19:54.995] TCOMMS: *no key*/(Poly) [Engineering] (spans:  ) "Smoke!" (language: Galactic Common) (Chief Engineer's Office (118, 83, 2))
[2020-08-30 02:22:21.072] TCOMMS: *no key*/(Poly) [Engineering] (spans:  ) "Smoke!" (language: Galactic Common) (Chief Engineer's Office (118, 83, 2))
[2020-08-30 02:22:27.127] TCOMMS: *no key*/(Poly) [Engineering] (spans:  ) "Smoke!" (language: Galactic Common) (Chief Engineer's Office (118, 83, 2))
[2020-08-30 02:23:33.249] TCOMMS: *no key*/(Poly) [Engineering] (spans:  ) "Smoke!" (language: Galactic Common) (Chief Engineer's Office (118, 83, 2))
