[2020-09-06 19:11:01.518] Starting up round ID .
 - -------------------------
[2020-09-06 19:11:02.510] INIT: Initialized Profiler subsystem within 0 seconds!
[2020-09-06 19:11:02.710] Fail2Topic: Failed to drop firewall rule. Exit code: 1.
[2020-09-06 19:11:02.710] INIT: Initialized Fail2Topic subsystem within 0.2 seconds!
[2020-09-06 19:11:02.712] INIT: Initialized Title Screen subsystem within 0 seconds!
[2020-09-06 19:11:02.712] INIT: Initialized Database subsystem within 0 seconds!
[2020-09-06 19:11:02.712] INIT: Initialized Blackbox subsystem within 0 seconds!
[2020-09-06 19:11:02.713] INIT: Initialized Server Tasks subsystem within 0 seconds!
[2020-09-06 19:11:02.713] INIT: Initialized Input subsystem within 0 seconds!
[2020-09-06 19:11:02.715] INIT: Initialized Sounds subsystem within 0 seconds!
[2020-09-06 19:11:02.715] INIT: Initialized Vis contents overlays subsystem within 0 seconds!
[2020-09-06 19:11:02.782] INIT: Initialized Research subsystem within 0 seconds!
[2020-09-06 19:11:02.785] INIT: Initialized Events subsystem within 0 seconds!
[2020-09-06 19:11:02.793] INIT: Initialized Jobs subsystem within 0 seconds!
[2020-09-06 19:11:02.797] INIT: Initialized Quirks subsystem within 0 seconds!
[2020-09-06 19:11:02.805] INIT: Initialized Ticker subsystem within 0.1 seconds!
[2020-09-06 19:11:02.816] INIT: Initialized Instruments subsystem within 0 seconds!
[2020-09-06 19:11:26.506] INIT: Initialized Mapping subsystem within 23.7 seconds!
[2020-09-06 19:11:26.507] INIT: Initialized Economy subsystem within 0 seconds!
[2020-09-06 19:11:26.509] INIT: Initialized Networks subsystem within 0 seconds!
[2020-09-06 19:11:26.509] INIT: Initialized Holodeck subsystem within 0 seconds!
[2020-09-06 19:12:00.789] INIT: Initialized Atoms subsystem within 34.2 seconds!
[2020-09-06 19:12:00.804] INIT: Initialized Language subsystem within 0.1 seconds!
[2020-09-06 19:12:00.972] INIT: Initialized Machines subsystem within 0.1 seconds!
[2020-09-06 19:12:01.008] INIT: Initialized Circuit subsystem within 0.1 seconds!
[2020-09-06 19:12:02.215] INIT: Initialized Atmos Adjacency subsystem within 1.2 seconds!
[2020-09-06 19:12:02.216] INIT: Initialized Autotransfer Vote subsystem within 0 seconds!
[2020-09-06 19:12:02.216] INIT: Initialized Chemistry subsystem within 0 seconds!
[2020-09-06 19:12:02.216] INIT: Initialized Status Effects subsystem within 0 seconds!
[2020-09-06 19:12:02.217] INIT: Initialized Weather subsystem within 0 seconds!
[2020-09-06 19:12:02.220] INIT: Initialized Disease subsystem within 0 seconds!
[2020-09-06 19:12:02.220] INIT: Initialized Jukeboxes subsystem within 0 seconds!
[2020-09-06 19:12:02.220] INIT: Initialized Medals subsystem within 0 seconds!
[2020-09-06 19:12:02.461] INIT: Initialized Minimaps subsystem within 0.2 seconds!
[2020-09-06 19:12:02.462] INIT: Initialized Night Shift subsystem within 0 seconds!
[2020-09-06 19:12:02.462] INIT: Initialized Parallax subsystem within 0 seconds!
[2020-09-06 19:12:02.462] INIT: Initialized Sun subsystem within 0 seconds!
[2020-09-06 19:12:02.684] INIT: Initialized Traumas subsystem within 0.2 seconds!
[2020-09-06 19:12:02.719] INIT: Initialized Bluespace Locker subsystem within 0.1 seconds!
[2020-09-06 19:12:02.721] INIT: Initialized Pacification Bans subsystem within 0 seconds!
[2020-09-06 19:12:02.721] INIT: Initialized Logging subsystem within 0 seconds!
[2020-09-06 19:12:02.721] INIT: Initialized Recycling subsystem within 0 seconds!
[2020-09-06 19:12:09.029] INIT: Initialized Atmospherics subsystem within 6.3 seconds!
[2020-09-06 19:12:09.029] INIT: Initialized Atmospherics - Turfs subsystem within 0 seconds!
[2020-09-06 19:12:12.370] INIT: Initialized Assets subsystem within 3.3 seconds!
[2020-09-06 19:12:17.919] INIT: Initialized Icon Smoothing subsystem within 5.6 seconds!
[2020-09-06 19:12:19.096] INIT: Initialized Overlay subsystem within 1.1 seconds!
[2020-09-06 19:12:19.096] INIT: Initialized XKeyScore subsystem within 0 seconds!
[2020-09-06 19:12:19.097] INIT: Initialized Sticky Ban subsystem within 0 seconds!
[2020-09-06 19:12:26.708] INIT: Initialized Lighting subsystem within 7.7 seconds!
[2020-09-06 19:12:30.536] INIT: Initialized Shuttle subsystem within 3.8 seconds!
[2020-09-06 19:12:30.572] INIT: Initialized Minor Mapping subsystem within 0 seconds!
[2020-09-06 19:12:30.572] INIT: Initialized Pathfinder subsystem within 0 seconds!
[2020-09-06 19:12:30.603] INIT: Initialized Persistence subsystem within 0.1 seconds!
[2020-09-06 19:12:30.603] INIT: Initialized Chat subsystem within 0 seconds!
