[2020-09-12 01:11:14.661] Starting up round ID .
 - -------------------------
[2020-09-12 01:11:21.203] INIT: Initialized Profiler subsystem within 0 seconds!
[2020-09-12 01:11:21.402] Fail2Topic: Failed to drop firewall rule. Exit code: 1.
[2020-09-12 01:11:21.402] INIT: Initialized Fail2Topic subsystem within 0.2 seconds!
[2020-09-12 01:11:21.406] INIT: Initialized Title Screen subsystem within 0 seconds!
[2020-09-12 01:11:21.406] INIT: Initialized Database subsystem within 0 seconds!
[2020-09-12 01:11:21.406] INIT: Initialized Blackbox subsystem within 0 seconds!
[2020-09-12 01:11:21.406] INIT: Initialized Server Tasks subsystem within 0 seconds!
[2020-09-12 01:11:21.409] INIT: Initialized Input subsystem within 0 seconds!
[2020-09-12 01:11:21.410] INIT: Initialized Sounds subsystem within 0 seconds!
[2020-09-12 01:11:21.410] INIT: Initialized Vis contents overlays subsystem within 0 seconds!
[2020-09-12 01:11:21.476] INIT: Initialized Research subsystem within 0 seconds!
[2020-09-12 01:11:21.480] INIT: Initialized Events subsystem within 0 seconds!
[2020-09-12 01:11:21.486] INIT: Initialized Jobs subsystem within 0 seconds!
[2020-09-12 01:11:21.492] INIT: Initialized Quirks subsystem within 0 seconds!
[2020-09-12 01:11:21.507] INIT: Initialized Ticker subsystem within 0.1 seconds!
[2020-09-12 01:11:21.522] INIT: Initialized Instruments subsystem within 0 seconds!
[2020-09-12 01:11:44.529] INIT: Initialized Mapping subsystem within 23 seconds!
[2020-09-12 01:11:44.542] INIT: Initialized Economy subsystem within 0 seconds!
[2020-09-12 01:11:44.543] INIT: Initialized Networks subsystem within 0 seconds!
[2020-09-12 01:11:44.543] INIT: Initialized Holodeck subsystem within 0 seconds!
[2020-09-12 01:12:28.193] INIT: Initialized Atoms subsystem within 43.6 seconds!
[2020-09-12 01:12:28.227] INIT: Initialized Language subsystem within 0 seconds!
[2020-09-12 01:12:28.607] INIT: Initialized Machines subsystem within 0.4 seconds!
[2020-09-12 01:12:28.687] INIT: Initialized Circuit subsystem within 0 seconds!
[2020-09-12 01:12:30.150] INIT: Initialized Atmos Adjacency subsystem within 1.5 seconds!
[2020-09-12 01:12:30.150] INIT: Initialized Autotransfer Vote subsystem within 0 seconds!
[2020-09-12 01:12:30.150] INIT: Initialized Chemistry subsystem within 0 seconds!
[2020-09-12 01:12:30.150] INIT: Initialized Status Effects subsystem within 0 seconds!
[2020-09-12 01:12:30.152] INIT: Initialized Weather subsystem within 0 seconds!
[2020-09-12 01:12:30.156] INIT: Initialized Disease subsystem within 0 seconds!
[2020-09-12 01:12:30.156] INIT: Initialized Jukeboxes subsystem within 0 seconds!
[2020-09-12 01:12:30.156] INIT: Initialized Medals subsystem within 0 seconds!
[2020-09-12 01:12:30.427] INIT: Initialized Minimaps subsystem within 0.3 seconds!
[2020-09-12 01:12:30.485] INIT: Initialized Night Shift subsystem within 0 seconds!
[2020-09-12 01:12:30.485] INIT: Initialized Parallax subsystem within 0 seconds!
[2020-09-12 01:12:30.485] INIT: Initialized Sun subsystem within 0 seconds!
[2020-09-12 01:12:30.735] INIT: Initialized Traumas subsystem within 0.3 seconds!
[2020-09-12 01:12:30.778] INIT: Initialized Bluespace Locker subsystem within 0 seconds!
[2020-09-12 01:12:30.814] INIT: Initialized Pacification Bans subsystem within 0 seconds!
[2020-09-12 01:12:30.814] INIT: Initialized Logging subsystem within 0 seconds!
[2020-09-12 01:12:30.814] INIT: Initialized Recycling subsystem within 0 seconds!
[2020-09-12 01:12:38.007] INIT: Initialized Atmospherics subsystem within 7.2 seconds!
[2020-09-12 01:12:38.007] INIT: Initialized Atmospherics - Turfs subsystem within 0 seconds!
[2020-09-12 01:12:41.975] INIT: Initialized Assets subsystem within 3.9 seconds!
[2020-09-12 01:12:48.916] INIT: Initialized Icon Smoothing subsystem within 6.9 seconds!
[2020-09-12 01:12:50.494] INIT: Initialized Overlay subsystem within 1.5 seconds!
[2020-09-12 01:12:50.494] INIT: Initialized XKeyScore subsystem within 0 seconds!
[2020-09-12 01:12:50.494] INIT: Initialized Sticky Ban subsystem within 0 seconds!
[2020-09-12 01:12:59.953] INIT: Initialized Lighting subsystem within 9.5 seconds!
[2020-09-12 01:13:06.022] INIT: Initialized Shuttle subsystem within 6.1 seconds!
[2020-09-12 01:13:06.093] INIT: Initialized Minor Mapping subsystem within 0 seconds!
[2020-09-12 01:13:06.122] INIT: Initialized Pathfinder subsystem within 0 seconds!
[2020-09-12 01:13:06.178] INIT: Initialized Persistence subsystem within 0 seconds!
[2020-09-12 01:13:06.178] INIT: Initialized Chat subsystem within 0 seconds!
