[2020-08-28 18:12:02.664] Starting up round ID .
 - -------------------------
[2020-08-28 18:12:08.262] INIT: Initialized Profiler subsystem within 0 seconds!
[2020-08-28 18:12:08.409] Fail2Topic: Failed to drop firewall rule. Exit code: 1.
[2020-08-28 18:12:08.409] INIT: Initialized Fail2Topic subsystem within 0.2 seconds!
[2020-08-28 18:12:08.411] INIT: Initialized Title Screen subsystem within 0 seconds!
[2020-08-28 18:12:08.411] INIT: Initialized Database subsystem within 0 seconds!
[2020-08-28 18:12:08.411] INIT: Initialized Blackbox subsystem within 0 seconds!
[2020-08-28 18:12:08.411] INIT: Initialized Server Tasks subsystem within 0 seconds!
[2020-08-28 18:12:08.412] INIT: Initialized Input subsystem within 0 seconds!
[2020-08-28 18:12:08.414] INIT: Initialized Sounds subsystem within 0 seconds!
[2020-08-28 18:12:08.415] INIT: Initialized Vis contents overlays subsystem within 0 seconds!
[2020-08-28 18:12:08.472] INIT: Initialized Research subsystem within 0 seconds!
[2020-08-28 18:12:08.475] INIT: Initialized Events subsystem within 0 seconds!
[2020-08-28 18:12:08.479] INIT: Initialized Jobs subsystem within 0 seconds!
[2020-08-28 18:12:08.485] INIT: Initialized Quirks subsystem within 0 seconds!
[2020-08-28 18:12:08.491] INIT: Initialized Ticker subsystem within 0 seconds!
[2020-08-28 18:12:08.505] INIT: Initialized Instruments subsystem within 0.1 seconds!
[2020-08-28 18:12:28.691] INIT: Initialized Mapping subsystem within 20.1 seconds!
[2020-08-28 18:12:28.703] INIT: Initialized Economy subsystem within 0 seconds!
[2020-08-28 18:12:28.704] INIT: Initialized Networks subsystem within 0 seconds!
[2020-08-28 18:12:28.705] INIT: Initialized Holodeck subsystem within 0 seconds!
[2020-08-28 18:13:01.963] INIT: Initialized Atoms subsystem within 33.2 seconds!
[2020-08-28 18:13:01.991] INIT: Initialized Language subsystem within 0 seconds!
[2020-08-28 18:13:02.350] INIT: Initialized Machines subsystem within 0.4 seconds!
[2020-08-28 18:13:02.414] INIT: Initialized Circuit subsystem within 0.1 seconds!
[2020-08-28 18:13:03.765] INIT: Initialized Atmos Adjacency subsystem within 1.3 seconds!
[2020-08-28 18:13:03.765] INIT: Initialized Autotransfer Vote subsystem within 0 seconds!
[2020-08-28 18:13:03.766] INIT: Initialized Chemistry subsystem within 0 seconds!
[2020-08-28 18:13:03.766] INIT: Initialized Status Effects subsystem within 0 seconds!
[2020-08-28 18:13:03.767] INIT: Initialized Weather subsystem within 0 seconds!
[2020-08-28 18:13:03.771] INIT: Initialized Disease subsystem within 0 seconds!
[2020-08-28 18:13:03.772] INIT: Initialized Jukeboxes subsystem within 0 seconds!
[2020-08-28 18:13:03.772] INIT: Initialized Medals subsystem within 0 seconds!
[2020-08-28 18:13:04.053] INIT: Initialized Minimaps subsystem within 0.3 seconds!
[2020-08-28 18:13:04.111] INIT: Initialized Night Shift subsystem within 0 seconds!
[2020-08-28 18:13:04.111] INIT: Initialized Parallax subsystem within 0 seconds!
[2020-08-28 18:13:04.111] INIT: Initialized Sun subsystem within 0 seconds!
[2020-08-28 18:13:04.326] INIT: Initialized Traumas subsystem within 0.2 seconds!
[2020-08-28 18:13:04.362] INIT: Initialized Bluespace Locker subsystem within 0 seconds!
[2020-08-28 18:13:04.390] INIT: Initialized Pacification Bans subsystem within 0 seconds!
[2020-08-28 18:13:04.390] INIT: Initialized Logging subsystem within 0 seconds!
[2020-08-28 18:13:04.390] INIT: Initialized Recycling subsystem within 0 seconds!
[2020-08-28 18:13:10.398] INIT: Initialized Atmospherics subsystem within 6 seconds!
[2020-08-28 18:13:10.398] INIT: Initialized Atmospherics - Turfs subsystem within 0 seconds!
[2020-08-28 18:13:13.455] INIT: Initialized Assets subsystem within 3.1 seconds!
[2020-08-28 18:13:20.220] INIT: Initialized Icon Smoothing subsystem within 6.8 seconds!
[2020-08-28 18:13:21.576] INIT: Initialized Overlay subsystem within 1.3 seconds!
[2020-08-28 18:13:21.576] INIT: Initialized XKeyScore subsystem within 0 seconds!
[2020-08-28 18:13:21.578] INIT: Initialized Sticky Ban subsystem within 0 seconds!
[2020-08-28 18:13:33.371] INIT: Initialized Lighting subsystem within 11.8 seconds!
[2020-08-28 18:13:38.067] INIT: Initialized Shuttle subsystem within 4.7 seconds!
[2020-08-28 18:13:38.110] INIT: Initialized Minor Mapping subsystem within 0.1 seconds!
[2020-08-28 18:13:38.111] INIT: Initialized Pathfinder subsystem within 0 seconds!
[2020-08-28 18:13:38.143] INIT: Initialized Persistence subsystem within 0 seconds!
[2020-08-28 18:13:38.143] INIT: Initialized Chat subsystem within 0 seconds!
