[2020-08-28 14:04:13.514] Logs from logging subsystem:
 - (2020-08-28 11:02:44) ASSET: Sending asset common.css to client Bob Joga
 - (2020-08-28 11:02:44) ASSET: Sending asset jquery.min.js to client Bob Joga
 - (2020-08-28 11:02:45) ASSET: Sending asset json2.min.js to client Bob Joga
 - (2020-08-28 11:02:45) ASSET: Sending asset browserOutput.js to client Bob Joga
 - (2020-08-28 11:02:45) ASSET: Sending asset browserOutput.css to client Bob Joga
 - (2020-08-28 11:02:45) ASSET: Sending asset browserOutput_dark.css to client Bob Joga
 - (2020-08-28 11:02:45) ASSET: Sending asset browserOutput_light.css to client Bob Joga
 - (2020-08-28 11:02:45) ASSET: Sending asset spritesheet_chat.css to client Bob Joga
 - (2020-08-28 11:02:45) ASSET: Sending asset chat_16x16.png to client Bob Joga
 - (2020-08-28 11:02:45) ASSET: Sending asset fa-regular-400.eot to client Bob Joga
 - (2020-08-28 11:02:45) ASSET: Sending asset fa-regular-400.woff to client Bob Joga
 - (2020-08-28 11:02:45) ASSET: Sending asset fa-solid-900.eot to client Bob Joga
 - (2020-08-28 11:02:45) ASSET: Sending asset fa-solid-900.woff to client Bob Joga
 - (2020-08-28 11:02:45) ASSET: Sending asset font-awesome.css to client Bob Joga
 - (2020-08-28 11:02:45) ASSET: Sending asset v4shim.css to client Bob Joga
 - (2020-08-28 11:04:09) ASSET: Sending asset spritesheet_paper.css to client Bob Joga
 - (2020-08-28 11:04:10) ASSET: Sending asset paper_121x54.png to client Bob Joga
 - (2020-08-28 11:04:10) ASSET: Sending asset spritesheet_pills.css to client Bob Joga
 - (2020-08-28 11:04:10) ASSET: Sending asset pills_22x10.png to client Bob Joga
 - (2020-08-28 11:04:10) ASSET: Sending asset pills_14x14.png to client Bob Joga
 - (2020-08-28 11:04:10) ASSET: Sending asset minimap-55f15fb9be869e4aa190f19b5f115cdc.png to client Bob Joga
 - (2020-08-28 11:04:12) ASSET: Sending asset minimap-55f15fb9be869e4aa190f19b5f115cdc-meta.png to client Bob Joga
 - (2020-08-28 11:04:12) ASSET: Sending asset tgui.css to client Bob Joga
 - (2020-08-28 11:04:12) ASSET: Sending asset tgui.js to client Bob Joga
 - (2020-08-28 11:04:12) ASSET: Sending asset tgui-main.html to client Bob Joga
 - (2020-08-28 11:04:12) ASSET: Sending asset tgui.bundle.js to client Bob Joga
 - (2020-08-28 11:04:12) ASSET: Sending asset tgui.bundle.css to client Bob Joga
 - (2020-08-28 11:04:12) ASSET: Sending asset tgui-fallback.html to client Bob Joga
 - (2020-08-28 11:04:12) ASSET: Sending asset shim-html5shiv.js to client Bob Joga
 - (2020-08-28 11:04:13) ASSET: Sending asset shim-ie8.js to client Bob Joga
 - (2020-08-28 11:04:13) ASSET: Sending asset shim-dom4.js to client Bob Joga
 - (2020-08-28 11:04:13) ASSET: Sending asset shim-css-om.js to client Bob Joga
 - (2020-08-28 11:04:13) ASSET: Sending asset alarm_green.gif to client Bob Joga
