[2020-09-26 20:15:44.505] Starting up round ID .
 - -------------------------
[2020-09-26 20:15:50.729] INIT: Initialized Profiler subsystem within 0 seconds!
[2020-09-26 20:15:50.878] Fail2Topic: Failed to drop firewall rule. Exit code: 1.
[2020-09-26 20:15:50.878] INIT: Initialized Fail2Topic subsystem within 0.1 seconds!
[2020-09-26 20:15:50.879] INIT: Initialized Title Screen subsystem within 0 seconds!
[2020-09-26 20:15:50.879] INIT: Initialized Database subsystem within 0 seconds!
[2020-09-26 20:15:50.880] INIT: Initialized Blackbox subsystem within 0 seconds!
[2020-09-26 20:15:50.880] INIT: Initialized Server Tasks subsystem within 0 seconds!
[2020-09-26 20:15:50.882] INIT: Initialized Input subsystem within 0 seconds!
[2020-09-26 20:15:50.884] INIT: Initialized Sounds subsystem within 0 seconds!
[2020-09-26 20:15:50.884] INIT: Initialized Vis contents overlays subsystem within 0 seconds!
[2020-09-26 20:15:50.945] INIT: Initialized Research subsystem within 0.1 seconds!
[2020-09-26 20:15:50.948] INIT: Initialized Events subsystem within 0 seconds!
[2020-09-26 20:15:50.952] INIT: Initialized Jobs subsystem within 0 seconds!
[2020-09-26 20:15:50.957] INIT: Initialized Quirks subsystem within 0 seconds!
[2020-09-26 20:15:50.964] INIT: Initialized Ticker subsystem within 0 seconds!
[2020-09-26 20:15:50.978] INIT: Initialized Instruments subsystem within 0 seconds!
[2020-09-26 20:16:10.472] INIT: Initialized Mapping subsystem within 19.5 seconds!
[2020-09-26 20:16:10.485] INIT: Initialized Economy subsystem within 0 seconds!
[2020-09-26 20:16:10.486] INIT: Initialized Networks subsystem within 0 seconds!
[2020-09-26 20:16:10.486] INIT: Initialized Holodeck subsystem within 0 seconds!
[2020-09-26 20:16:50.246] INIT: Initialized Atoms subsystem within 39.7 seconds!
[2020-09-26 20:16:50.274] INIT: Initialized Language subsystem within 0 seconds!
[2020-09-26 20:16:50.460] INIT: Initialized Machines subsystem within 0.2 seconds!
[2020-09-26 20:16:50.549] INIT: Initialized Circuit subsystem within 0.1 seconds!
[2020-09-26 20:16:52.526] INIT: Initialized Atmos Adjacency subsystem within 2 seconds!
[2020-09-26 20:16:52.527] INIT: Initialized Autotransfer Vote subsystem within 0 seconds!
[2020-09-26 20:16:52.527] INIT: Initialized Chemistry subsystem within 0 seconds!
[2020-09-26 20:16:52.527] INIT: Initialized Status Effects subsystem within 0 seconds!
[2020-09-26 20:16:52.528] INIT: Initialized Weather subsystem within 0 seconds!
[2020-09-26 20:16:52.532] INIT: Initialized Disease subsystem within 0 seconds!
[2020-09-26 20:16:52.532] INIT: Initialized Jukeboxes subsystem within 0 seconds!
[2020-09-26 20:16:52.532] INIT: Initialized Medals subsystem within 0 seconds!
[2020-09-26 20:16:52.825] INIT: Initialized Minimaps subsystem within 0.3 seconds!
[2020-09-26 20:16:52.877] INIT: Initialized Night Shift subsystem within 0 seconds!
[2020-09-26 20:16:52.877] INIT: Initialized Parallax subsystem within 0 seconds!
[2020-09-26 20:16:52.877] INIT: Initialized Sun subsystem within 0 seconds!
[2020-09-26 20:16:53.109] INIT: Initialized Traumas subsystem within 0.3 seconds!
[2020-09-26 20:16:53.151] INIT: Initialized Bluespace Locker subsystem within 0 seconds!
[2020-09-26 20:16:53.188] INIT: Initialized Pacification Bans subsystem within 0 seconds!
[2020-09-26 20:16:53.188] INIT: Initialized Logging subsystem within 0 seconds!
[2020-09-26 20:16:53.188] INIT: Initialized Recycling subsystem within 0 seconds!
