[2020-09-01 17:20:22.026] Starting up round ID .
 - -------------------------
[2020-09-01 17:20:22.036] Running /tg/ revision: 2020-09-01
 - origin/master: 6ffb5b0ddaa9ecb51ed3c7350ccaac1fdedd8104
 - HEAD: 408535ee3bfa067a36ce37a75a363c84cbc38518
[2020-09-01 17:20:23.285] Loading Box Station...
[2020-09-01 17:20:29.726] Loaded Station in 6.5s!
[2020-09-01 17:20:32.167] Loaded Lavaland in 2.3s!
[2020-09-01 17:20:33.526] Ruin loader finished with 0 left to spend.
[2020-09-01 17:20:37.879] Ruin loader finished with 0 left to spend.
[2020-09-01 17:20:38.041] Ruin loader finished with 0 left to spend.
[2020-09-01 17:21:15.310] ## WARNING: HEY! LISTEN! 0.4 seconds were wasted processing 452 turf(s) (connected to 18801 other turfs) with atmos differences at round start.
[2020-09-01 17:21:35.521] Initializations complete within 72.5 seconds!
[2020-09-01 17:21:37.631] Game start took 0.6s
[2020-09-01 17:26:39.582] runtime error: 
 - proc name: stack trace (/proc/stack_trace)
 -   source file: unsorted.dm,1093
 -   usr: (src)
 -   src: null
 -   call stack:
 - stack trace(null)
 - gib stack trace()
 - register asset("asset.998aba86a4d97932ebbb6a53...", /icon (/icon))
 - icon2html(Pedro Ilurdoz\'s ID Card (Cook... (/obj/item/card/id), Pedro Ilurdoz (/mob/living/carbon/human), "id", 2, 1, 0)
 - /datum/bank_account (/datum/bank_account): bank card talk("Payday processed, account now ...", null)
 - /datum/bank_account (/datum/bank_account): payday(1, 0)
 - Economy (/datum/controller/subsystem/economy): fire(0)
 - Economy (/datum/controller/subsystem/economy): ignite(0)
 - Master (/datum/controller/master): RunQueue()
 - Master (/datum/controller/master): Loop()
 - Master (/datum/controller/master): StartProcessing(0)
 - 
[2020-09-01 17:31:39.759] runtime error: 
 - proc name: stack trace (/proc/stack_trace)
 -   source file: unsorted.dm,1093
 -   usr: (src)
 -   src: null
 -   call stack:
 - stack trace(null)
 - gib stack trace()
 - register asset("asset.998aba86a4d97932ebbb6a53...", /icon (/icon))
 - icon2html(Pedro Ilurdoz\'s ID Card (Cook... (/obj/item/card/id), Pedro Ilurdoz (/mob/living/carbon/human), "id", 2, 1, 0)
 - /datum/bank_account (/datum/bank_account): bank card talk("Payday processed, account now ...", null)
 - /datum/bank_account (/datum/bank_account): payday(1, 0)
 - Economy (/datum/controller/subsystem/economy): fire(0)
 - Economy (/datum/controller/subsystem/economy): ignite(0)
 - Master (/datum/controller/master): RunQueue()
 - Master (/datum/controller/master): Loop()
 - Master (/datum/controller/master): StartProcessing(0)
 - 
[2020-09-01 17:36:39.857] runtime error: 
 - proc name: stack trace (/proc/stack_trace)
 -   source file: unsorted.dm,1093
 -   usr: (src)
 -   src: null
 -   call stack:
 - stack trace(null)
 - gib stack trace()
 - register asset("asset.998aba86a4d97932ebbb6a53...", /icon (/icon))
 - icon2html(Pedro Ilurdoz\'s ID Card (Cook... (/obj/item/card/id), Pedro Ilurdoz (/mob/living/carbon/human), "id", 2, 1, 0)
 - /datum/bank_account (/datum/bank_account): bank card talk("Payday processed, account now ...", null)
 - /datum/bank_account (/datum/bank_account): payday(1, 0)
 - Economy (/datum/controller/subsystem/economy): fire(0)
 - Economy (/datum/controller/subsystem/economy): ignite(0)
 - Master (/datum/controller/master): RunQueue()
 - Master (/datum/controller/master): Loop()
 - Master (/datum/controller/master): StartProcessing(0)
 - 
[2020-09-01 17:41:40.155] runtime error: 
 - proc name: stack trace (/proc/stack_trace)
 -   source file: unsorted.dm,1093
 -   usr: (src)
 -   src: null
 -   call stack:
 - stack trace(null)
 - gib stack trace()
 - register asset("asset.998aba86a4d97932ebbb6a53...", /icon (/icon))
 - icon2html(Pedro Ilurdoz\'s ID Card (Cook... (/obj/item/card/id), Pedro Ilurdoz (/mob/living/carbon/human), "id", 2, 1, 0)
 - /datum/bank_account (/datum/bank_account): bank card talk("Payday processed, account now ...", null)
 - /datum/bank_account (/datum/bank_account): payday(1, 0)
 - Economy (/datum/controller/subsystem/economy): fire(0)
 - Economy (/datum/controller/subsystem/economy): ignite(0)
 - Master (/datum/controller/master): RunQueue()
 - Master (/datum/controller/master): Loop()
 - Master (/datum/controller/master): StartProcessing(0)
 - 
[2020-09-01 17:46:40.486] runtime error: 
 - proc name: stack trace (/proc/stack_trace)
 -   source file: unsorted.dm,1093
 -   usr: (src)
 -   src: null
 -   call stack:
 - stack trace(null)
 - gib stack trace()
 - register asset("asset.998aba86a4d97932ebbb6a53...", /icon (/icon))
 - icon2html(Pedro Ilurdoz\'s ID Card (Cook... (/obj/item/card/id), Pedro Ilurdoz (/mob/living/carbon/human), "id", 2, 1, 0)
 - /datum/bank_account (/datum/bank_account): bank card talk("Payday processed, account now ...", null)
 - /datum/bank_account (/datum/bank_account): payday(1, 0)
 - Economy (/datum/controller/subsystem/economy): fire(0)
 - Economy (/datum/controller/subsystem/economy): ignite(0)
 - Master (/datum/controller/master): RunQueue()
 - Master (/datum/controller/master): Loop()
 - Master (/datum/controller/master): StartProcessing(0)
 - 
[2020-09-01 17:51:40.557] runtime error: 
 - proc name: stack trace (/proc/stack_trace)
 -   source file: unsorted.dm,1093
 -   usr: (src)
 -   src: null
 -   call stack:
 - stack trace(null)
 - gib stack trace()
 - register asset("asset.998aba86a4d97932ebbb6a53...", /icon (/icon))
 - icon2html(Pedro Ilurdoz\'s ID Card (Cook... (/obj/item/card/id), Pedro Ilurdoz (/mob/living/carbon/human), "id", 2, 1, 0)
 - /datum/bank_account (/datum/bank_account): bank card talk("Payday processed, account now ...", null)
 - /datum/bank_account (/datum/bank_account): payday(1, 0)
 - Economy (/datum/controller/subsystem/economy): fire(0)
 - Economy (/datum/controller/subsystem/economy): ignite(0)
 - Master (/datum/controller/master): RunQueue()
 - Master (/datum/controller/master): Loop()
 - Master (/datum/controller/master): StartProcessing(0)
 - 
[2020-09-01 17:56:40.683] runtime error: 
 - proc name: stack trace (/proc/stack_trace)
 -   source file: unsorted.dm,1093
 -   usr: (src)
 -   src: null
 -   call stack:
 - stack trace(null)
 - gib stack trace()
 - register asset("asset.998aba86a4d97932ebbb6a53...", /icon (/icon))
 - icon2html(Pedro Ilurdoz\'s ID Card (Cook... (/obj/item/card/id), Pedro Ilurdoz (/mob/living/carbon/human), "id", 2, 1, 0)
 - /datum/bank_account (/datum/bank_account): bank card talk("Payday processed, account now ...", null)
 - /datum/bank_account (/datum/bank_account): payday(1, 0)
 - Economy (/datum/controller/subsystem/economy): fire(0)
 - Economy (/datum/controller/subsystem/economy): ignite(0)
 - Master (/datum/controller/master): RunQueue()
 - Master (/datum/controller/master): Loop()
 - Master (/datum/controller/master): StartProcessing(0)
 - 
