[2020-09-01 17:20:22.024] Starting up round ID .
 - -------------------------
[2020-09-01 17:23:06.245] TCOMMS: *no key*/(Poly) [Engineering] (spans:  ) "Check the crystal, you chucklefucks!" (language: Galactic Common) (Chief Engineer's Office (115, 83, 2))
[2020-09-01 17:23:10.247] TCOMMS: *no key*/(Poly) [Engineering] (spans:  ) "Wire the solars, you lazy bums!" (language: Galactic Common) (Chief Engineer's Office (115, 83, 2))
[2020-09-01 17:23:22.248] TCOMMS: *no key*/(Poly) [Engineering] (spans:  ) "Check the crystal, you chucklefucks!" (language: Galactic Common) (Chief Engineer's Office (115, 83, 2))
[2020-09-01 17:23:34.245] TCOMMS: *no key*/(Poly) [Engineering] (spans:  ) "Check the crystal, you chucklefucks!" (language: Galactic Common) (Chief Engineer's Office (115, 83, 2))
[2020-09-01 17:23:58.247] TCOMMS: *no key*/(Poly) [Engineering] (spans:  ) "Check the crystal, you chucklefucks!" (language: Galactic Common) (Chief Engineer's Office (118, 82, 2))
[2020-09-01 17:24:08.255] TCOMMS: *no key*/(Poly) [Engineering] (spans:  ) "Check the crystal, you chucklefucks!" (language: Galactic Common) (Chief Engineer's Office (118, 79, 2))
[2020-09-01 17:25:32.310] TCOMMS: *no key*/(Poly) [Engineering] (spans:  ) "Wire the solars, you lazy bums!" (language: Galactic Common) (Chief Engineer's Office (116, 83, 2))
[2020-09-01 17:25:42.310] TCOMMS: *no key*/(Poly) [Engineering] (spans:  ) "Poly wanna cracker!" (language: Galactic Common) (Chief Engineer's Office (115, 83, 2))
[2020-09-01 17:25:44.310] TCOMMS: *no key*/(Poly) [Engineering] (spans:  ) "Wire the solars, you lazy bums!" (language: Galactic Common) (Chief Engineer's Office (115, 83, 2))
[2020-09-01 17:25:46.309] TCOMMS: *no key*/(Poly) [Engineering] (spans:  ) "Poly wanna cracker!" (language: Galactic Common) (Chief Engineer's Office (115, 83, 2))
[2020-09-01 17:26:00.311] TCOMMS: *no key*/(Poly) [Engineering] (spans:  ) "Check the crystal, you chucklefucks!" (language: Galactic Common) (Chief Engineer's Office (115, 83, 2))
[2020-09-01 17:27:02.310] TCOMMS: *no key*/(Poly) [Engineering] (spans:  ) "WHO TOOK THE DAMN HARDSUITS?" (language: Galactic Common) (Chief Engineer's Office (115, 83, 2))
[2020-09-01 17:27:40.334] TCOMMS: *no key*/(Poly) [Engineering] (spans:  ) "WHO TOOK THE DAMN HARDSUITS?" (language: Galactic Common) (Chief Engineer's Office (115, 83, 2))
[2020-09-01 17:27:46.333] TCOMMS: *no key*/(Poly) [Engineering] (spans:  ) "OH GOD ITS ABOUT TO DELAMINATE CALL THE SHUTTLE" (language: Galactic Common) (Chief Engineer's Office (115, 83, 2))
[2020-09-01 17:27:54.332] TCOMMS: *no key*/(Poly) [Engineering] (spans:  ) "OH GOD ITS ABOUT TO DELAMINATE CALL THE SHUTTLE" (language: Galactic Common) (Chief Engineer's Office (115, 83, 2))
[2020-09-01 17:28:04.361] TCOMMS: *no key*/(Poly) [Engineering] (spans:  ) "WHO TOOK THE DAMN HARDSUITS?" (language: Galactic Common) (Chief Engineer's Office (115, 83, 2))
[2020-09-01 17:28:12.335] TCOMMS: *no key*/(Poly) [Engineering] (spans:  ) "OH GOD ITS ABOUT TO DELAMINATE CALL THE SHUTTLE" (language: Galactic Common) (Chief Engineer's Office (115, 83, 2))
[2020-09-01 17:28:44.339] TCOMMS: *no key*/(Poly) [Engineering] (spans:  ) "Check the crystal, you chucklefucks!" (language: Galactic Common) (Chief Engineer's Office (115, 83, 2))
[2020-09-01 17:29:16.334] TCOMMS: *no key*/(Poly) [Engineering] (spans:  ) "Check the crystal, you chucklefucks!" (language: Galactic Common) (Chief Engineer's Office (115, 83, 2))
[2020-09-01 17:29:22.335] TCOMMS: *no key*/(Poly) [Engineering] (spans:  ) "Poly wanna cracker!" (language: Galactic Common) (Chief Engineer's Office (118, 80, 2))
[2020-09-01 17:29:34.346] TCOMMS: *no key*/(Poly) [Engineering] (spans:  ) "WHO TOOK THE DAMN HARDSUITS?" (language: Galactic Common) (Chief Engineer's Office (115, 83, 2))
[2020-09-01 17:29:44.348] TCOMMS: *no key*/(Poly) [Engineering] (spans:  ) "WHO TOOK THE DAMN HARDSUITS?" (language: Galactic Common) (Chief Engineer's Office (115, 83, 2))
[2020-09-01 17:30:56.368] TCOMMS: *no key*/(Poly) [Engineering] (spans:  ) "WHO TOOK THE DAMN HARDSUITS?" (language: Galactic Common) (Chief Engineer's Office (115, 83, 2))
[2020-09-01 17:31:06.381] TCOMMS: *no key*/(Poly) [Engineering] (spans:  ) "Check the crystal, you chucklefucks!" (language: Galactic Common) (Chief Engineer's Office (115, 83, 2))
[2020-09-01 17:32:20.444] TCOMMS: *no key*/(Poly) [Engineering] (spans:  ) "Check the crystal, you chucklefucks!" (language: Galactic Common) (Chief Engineer's Office (115, 83, 2))
[2020-09-01 17:32:42.442] TCOMMS: *no key*/(Poly) [Engineering] (spans:  ) "WHO TOOK THE DAMN HARDSUITS?" (language: Galactic Common) (Chief Engineer's Office (115, 83, 2))
[2020-09-01 17:33:34.442] TCOMMS: *no key*/(Poly) [Engineering] (spans:  ) "Check the crystal, you chucklefucks!" (language: Galactic Common) (Chief Engineer's Office (115, 83, 2))
[2020-09-01 17:33:50.493] TCOMMS: *no key*/(Poly) [Engineering] (spans:  ) "Poly wanna cracker!" (language: Galactic Common) (Chief Engineer's Office (115, 83, 2))
[2020-09-01 17:33:56.493] TCOMMS: *no key*/(Poly) [Engineering] (spans:  ) "Check the crystal, you chucklefucks!" (language: Galactic Common) (Chief Engineer's Office (115, 83, 2))
[2020-09-01 17:34:34.491] TCOMMS: *no key*/(Poly) [Engineering] (spans:  ) "The things I&#39;ve seen!" (language: Galactic Common) (Chief Engineer's Office (115, 83, 2))
[2020-09-01 17:35:06.492] TCOMMS: *no key*/(Poly) [Engineering] (spans:  ) "Check the crystal, you chucklefucks!" (language: Galactic Common) (Chief Engineer's Office (115, 83, 2))
[2020-09-01 17:35:14.493] TCOMMS: *no key*/(Poly) [Engineering] (spans:  ) "WHO TOOK THE DAMN HARDSUITS?" (language: Galactic Common) (Chief Engineer's Office (115, 83, 2))
[2020-09-01 17:35:52.492] TCOMMS: *no key*/(Poly) [Engineering] (spans:  ) "Poly wanna cracker!" (language: Galactic Common) (Chief Engineer's Office (115, 83, 2))
[2020-09-01 17:36:34.494] TCOMMS: *no key*/(Poly) [Engineering] (spans:  ) "Wire the solars, you lazy bums!" (language: Galactic Common) (Chief Engineer's Office (115, 83, 2))
[2020-09-01 17:36:54.492] TCOMMS: *no key*/(Poly) [Engineering] (spans:  ) "Wire the solars, you lazy bums!" (language: Galactic Common) (Chief Engineer's Office (115, 83, 2))
[2020-09-01 17:37:14.727] TCOMMS: *no key*/(Poly) [Engineering] (spans:  ) "Wire the solars, you lazy bums!" (language: Galactic Common) (Chief Engineer's Office (115, 83, 2))
[2020-09-01 17:38:30.725] TCOMMS: *no key*/(Poly) [Engineering] (spans:  ) "Poly wanna cracker!" (language: Galactic Common) (Chief Engineer's Office (115, 83, 2))
[2020-09-01 17:38:36.727] TCOMMS: *no key*/(Poly) [Engineering] (spans:  ) "Poly wanna cracker!" (language: Galactic Common) (Chief Engineer's Office (115, 83, 2))
[2020-09-01 17:39:42.737] TCOMMS: *no key*/(Poly) [Engineering] (spans:  ) "Wire the solars, you lazy bums!" (language: Galactic Common) (Chief Engineer's Office (115, 83, 2))
[2020-09-01 17:40:12.737] TCOMMS: *no key*/(Poly) [Engineering] (spans:  ) "Wire the solars, you lazy bums!" (language: Galactic Common) (Chief Engineer's Office (115, 83, 2))
[2020-09-01 17:40:32.739] TCOMMS: *no key*/(Poly) [Engineering] (spans:  ) "Poly wanna cracker!" (language: Galactic Common) (Chief Engineer's Office (115, 83, 2))
[2020-09-01 17:40:56.738] TCOMMS: *no key*/(Poly) [Engineering] (spans:  ) "OH GOD ITS ABOUT TO DELAMINATE CALL THE SHUTTLE" (language: Galactic Common) (Chief Engineer's Office (115, 83, 2))
[2020-09-01 17:40:58.756] TCOMMS: *no key*/(Poly) [Engineering] (spans:  ) "Wire the solars, you lazy bums!" (language: Galactic Common) (Chief Engineer's Office (115, 83, 2))
[2020-09-01 17:41:08.743] TCOMMS: *no key*/(Poly) [Engineering] (spans:  ) "Wire the solars, you lazy bums!" (language: Galactic Common) (Chief Engineer's Office (115, 83, 2))
[2020-09-01 17:43:36.989] TCOMMS: *no key*/(Poly) [Engineering] (spans:  ) "Poly wanna cracker!" (language: Galactic Common) (Chief Engineer's Office (115, 83, 2))
[2020-09-01 17:43:38.988] TCOMMS: *no key*/(Poly) [Engineering] (spans:  ) "Wire the solars, you lazy bums!" (language: Galactic Common) (Chief Engineer's Office (115, 83, 2))
[2020-09-01 17:44:30.988] TCOMMS: *no key*/(Poly) [Engineering] (spans:  ) "OH GOD ITS ABOUT TO DELAMINATE CALL THE SHUTTLE" (language: Galactic Common) (Chief Engineer's Office (115, 83, 2))
[2020-09-01 17:46:39.020] TCOMMS: *no key*/(Poly) [Engineering] (spans:  ) "WHO TOOK THE DAMN HARDSUITS?" (language: Galactic Common) (Chief Engineer's Office (115, 83, 2))
[2020-09-01 17:47:05.024] TCOMMS: *no key*/(Poly) [Engineering] (spans:  ) "Check the crystal, you chucklefucks!" (language: Galactic Common) (Chief Engineer's Office (115, 83, 2))
[2020-09-01 17:47:41.022] TCOMMS: *no key*/(Poly) [Engineering] (spans:  ) "OH GOD ITS ABOUT TO DELAMINATE CALL THE SHUTTLE" (language: Galactic Common) (Chief Engineer's Office (115, 83, 2))
[2020-09-01 17:47:49.021] TCOMMS: *no key*/(Poly) [Engineering] (spans:  ) "Poly wanna cracker!" (language: Galactic Common) (Chief Engineer's Office (115, 83, 2))
[2020-09-01 17:47:55.087] TCOMMS: *no key*/(Poly) [Engineering] (spans:  ) "The things I&#39;ve seen!" (language: Galactic Common) (Chief Engineer's Office (115, 83, 2))
[2020-09-01 17:48:03.037] TCOMMS: *no key*/(Poly) [Engineering] (spans:  ) "Wire the solars, you lazy bums!" (language: Galactic Common) (Chief Engineer's Office (115, 83, 2))
[2020-09-01 17:48:43.044] TCOMMS: *no key*/(Poly) [Engineering] (spans:  ) "Check the crystal, you chucklefucks!" (language: Galactic Common) (Chief Engineer's Office (115, 83, 2))
[2020-09-01 17:48:49.040] TCOMMS: *no key*/(Poly) [Engineering] (spans:  ) "The things I&#39;ve seen!" (language: Galactic Common) (Chief Engineer's Office (115, 83, 2))
[2020-09-01 17:48:51.038] TCOMMS: *no key*/(Poly) [Engineering] (spans:  ) "OH GOD ITS ABOUT TO DELAMINATE CALL THE SHUTTLE" (language: Galactic Common) (Chief Engineer's Office (115, 83, 2))
[2020-09-01 17:48:55.039] TCOMMS: *no key*/(Poly) [Engineering] (spans:  ) "OH GOD ITS ABOUT TO DELAMINATE CALL THE SHUTTLE" (language: Galactic Common) (Chief Engineer's Office (115, 83, 2))
[2020-09-01 17:49:19.039] TCOMMS: *no key*/(Poly) [Engineering] (spans:  ) "Check the crystal, you chucklefucks!" (language: Galactic Common) (Chief Engineer's Office (115, 83, 2))
[2020-09-01 17:50:53.041] TCOMMS: *no key*/(Poly) [Engineering] (spans:  ) "Wire the solars, you lazy bums!" (language: Galactic Common) (Chief Engineer's Office (115, 83, 2))
[2020-09-01 17:52:21.040] TCOMMS: *no key*/(Poly) [Engineering] (spans:  ) "OH GOD ITS ABOUT TO DELAMINATE CALL THE SHUTTLE" (language: Galactic Common) (Chief Engineer's Office (115, 83, 2))
[2020-09-01 17:52:39.039] TCOMMS: *no key*/(Poly) [Engineering] (spans:  ) "Check the crystal, you chucklefucks!" (language: Galactic Common) (Chief Engineer's Office (115, 83, 2))
[2020-09-01 17:53:29.041] TCOMMS: *no key*/(Poly) [Engineering] (spans:  ) "The things I&#39;ve seen!" (language: Galactic Common) (Chief Engineer's Office (115, 83, 2))
[2020-09-01 17:53:59.041] TCOMMS: *no key*/(Poly) [Engineering] (spans:  ) "Wire the solars, you lazy bums!" (language: Galactic Common) (Chief Engineer's Office (115, 83, 2))
[2020-09-01 17:55:11.042] TCOMMS: *no key*/(Poly) [Engineering] (spans:  ) "OH GOD ITS ABOUT TO DELAMINATE CALL THE SHUTTLE" (language: Galactic Common) (Chief Engineer's Office (115, 83, 2))
[2020-09-01 17:55:15.043] TCOMMS: *no key*/(Poly) [Engineering] (spans:  ) "Wire the solars, you lazy bums!" (language: Galactic Common) (Chief Engineer's Office (115, 83, 2))
[2020-09-01 17:55:31.045] TCOMMS: *no key*/(Poly) [Engineering] (spans:  ) "Wire the solars, you lazy bums!" (language: Galactic Common) (Chief Engineer's Office (115, 83, 2))
[2020-09-01 17:56:27.117] TCOMMS: *no key*/(Poly) [Engineering] (spans:  ) "Wire the solars, you lazy bums!" (language: Galactic Common) (Chief Engineer's Office (115, 83, 2))
[2020-09-01 17:56:33.120] TCOMMS: *no key*/(Poly) [Engineering] (spans:  ) "OH GOD ITS ABOUT TO DELAMINATE CALL THE SHUTTLE" (language: Galactic Common) (Chief Engineer's Office (115, 83, 2))
[2020-09-01 17:57:11.125] TCOMMS: *no key*/(Poly) [Engineering] (spans:  ) "OH GOD ITS ABOUT TO DELAMINATE CALL THE SHUTTLE" (language: Galactic Common) (Chief Engineer's Office (115, 83, 2))
[2020-09-01 17:57:13.124] TCOMMS: *no key*/(Poly) [Engineering] (spans:  ) "Wire the solars, you lazy bums!" (language: Galactic Common) (Chief Engineer's Office (115, 83, 2))
[2020-09-01 17:57:21.126] TCOMMS: *no key*/(Poly) [Engineering] (spans:  ) "OH GOD ITS ABOUT TO DELAMINATE CALL THE SHUTTLE" (language: Galactic Common) (Chief Engineer's Office (115, 83, 2))
[2020-09-01 17:57:27.126] TCOMMS: *no key*/(Poly) [Engineering] (spans:  ) "Poly wanna cracker!" (language: Galactic Common) (Chief Engineer's Office (115, 83, 2))
[2020-09-01 17:57:35.126] TCOMMS: *no key*/(Poly) [Engineering] (spans:  ) "OH GOD ITS ABOUT TO DELAMINATE CALL THE SHUTTLE" (language: Galactic Common) (Chief Engineer's Office (115, 83, 2))
[2020-09-01 17:57:39.130] TCOMMS: *no key*/(Poly) [Engineering] (spans:  ) "Check the crystal, you chucklefucks!" (language: Galactic Common) (Chief Engineer's Office (115, 83, 2))
[2020-09-01 17:57:53.138] TCOMMS: *no key*/(Poly) [Engineering] (spans:  ) "OH GOD ITS ABOUT TO DELAMINATE CALL THE SHUTTLE" (language: Galactic Common) (Chief Engineer's Office (115, 83, 2))
