[2020-09-16 17:44:57.979] Starting up round ID .
 - -------------------------
[2020-09-16 17:45:04.282] INIT: Initialized Profiler subsystem within 0 seconds!
[2020-09-16 17:45:04.481] Fail2Topic: Failed to drop firewall rule. Exit code: 1.
[2020-09-16 17:45:04.482] INIT: Initialized Fail2Topic subsystem within 0.2 seconds!
[2020-09-16 17:45:04.486] INIT: Initialized Title Screen subsystem within 0 seconds!
[2020-09-16 17:45:04.486] INIT: Initialized Database subsystem within 0 seconds!
[2020-09-16 17:45:04.487] INIT: Initialized Blackbox subsystem within 0 seconds!
[2020-09-16 17:45:04.487] INIT: Initialized Server Tasks subsystem within 0 seconds!
[2020-09-16 17:45:04.488] INIT: Initialized Input subsystem within 0 seconds!
[2020-09-16 17:45:04.490] INIT: Initialized Sounds subsystem within 0 seconds!
[2020-09-16 17:45:04.490] INIT: Initialized Vis contents overlays subsystem within 0 seconds!
[2020-09-16 17:45:04.547] INIT: Initialized Research subsystem within 0.1 seconds!
[2020-09-16 17:45:04.550] INIT: Initialized Events subsystem within 0 seconds!
[2020-09-16 17:45:04.555] INIT: Initialized Jobs subsystem within 0 seconds!
[2020-09-16 17:45:04.561] INIT: Initialized Quirks subsystem within 0 seconds!
[2020-09-16 17:45:04.579] INIT: Initialized Ticker subsystem within 0 seconds!
[2020-09-16 17:45:04.598] INIT: Initialized Instruments subsystem within 0 seconds!
[2020-09-16 17:45:24.436] INIT: Initialized Mapping subsystem within 19.9 seconds!
[2020-09-16 17:45:24.449] INIT: Initialized Economy subsystem within 0 seconds!
[2020-09-16 17:45:24.451] INIT: Initialized Networks subsystem within 0 seconds!
[2020-09-16 17:45:24.451] INIT: Initialized Holodeck subsystem within 0 seconds!
[2020-09-16 17:45:58.988] INIT: Initialized Atoms subsystem within 34.5 seconds!
[2020-09-16 17:45:59.015] INIT: Initialized Language subsystem within 0.1 seconds!
[2020-09-16 17:45:59.180] INIT: Initialized Machines subsystem within 0.1 seconds!
[2020-09-16 17:45:59.217] INIT: Initialized Circuit subsystem within 0.1 seconds!
[2020-09-16 17:46:00.567] INIT: Initialized Atmos Adjacency subsystem within 1.3 seconds!
[2020-09-16 17:46:00.567] INIT: Initialized Autotransfer Vote subsystem within 0 seconds!
[2020-09-16 17:46:00.567] INIT: Initialized Chemistry subsystem within 0 seconds!
[2020-09-16 17:46:00.567] INIT: Initialized Status Effects subsystem within 0 seconds!
[2020-09-16 17:46:00.569] INIT: Initialized Weather subsystem within 0 seconds!
[2020-09-16 17:46:00.572] INIT: Initialized Disease subsystem within 0 seconds!
[2020-09-16 17:46:00.572] INIT: Initialized Jukeboxes subsystem within 0 seconds!
[2020-09-16 17:46:00.572] INIT: Initialized Medals subsystem within 0 seconds!
[2020-09-16 17:46:00.827] INIT: Initialized Minimaps subsystem within 0.3 seconds!
[2020-09-16 17:46:00.889] INIT: Initialized Night Shift subsystem within 0 seconds!
[2020-09-16 17:46:00.889] INIT: Initialized Parallax subsystem within 0 seconds!
[2020-09-16 17:46:00.889] INIT: Initialized Sun subsystem within 0 seconds!
[2020-09-16 17:46:01.156] INIT: Initialized Traumas subsystem within 0.3 seconds!
[2020-09-16 17:46:01.226] INIT: Initialized Bluespace Locker subsystem within 0.1 seconds!
[2020-09-16 17:46:01.226] INIT: Initialized Pacification Bans subsystem within 0 seconds!
[2020-09-16 17:46:01.226] INIT: Initialized Logging subsystem within 0 seconds!
[2020-09-16 17:46:01.226] INIT: Initialized Recycling subsystem within 0 seconds!
[2020-09-16 17:46:07.718] INIT: Initialized Atmospherics subsystem within 6.5 seconds!
[2020-09-16 17:46:07.718] INIT: Initialized Atmospherics - Turfs subsystem within 0 seconds!
[2020-09-16 17:46:11.525] INIT: Initialized Assets subsystem within 3.8 seconds!
[2020-09-16 17:46:18.655] INIT: Initialized Icon Smoothing subsystem within 7.1 seconds!
[2020-09-16 17:46:20.085] INIT: Initialized Overlay subsystem within 1.4 seconds!
[2020-09-16 17:46:20.085] INIT: Initialized XKeyScore subsystem within 0 seconds!
[2020-09-16 17:46:20.086] INIT: Initialized Sticky Ban subsystem within 0 seconds!
[2020-09-16 17:46:29.701] INIT: Initialized Lighting subsystem within 9.7 seconds!
[2020-09-16 17:46:33.706] INIT: Initialized Shuttle subsystem within 4 seconds!
[2020-09-16 17:46:33.752] INIT: Initialized Minor Mapping subsystem within 0 seconds!
[2020-09-16 17:46:33.753] INIT: Initialized Pathfinder subsystem within 0 seconds!
[2020-09-16 17:46:33.784] INIT: Initialized Persistence subsystem within 0 seconds!
[2020-09-16 17:46:33.784] INIT: Initialized Chat subsystem within 0 seconds!
