[2020-09-16 14:33:42.265] Starting up round ID .
 - -------------------------
[2020-09-16 14:33:48.529] INIT: Initialized Profiler subsystem within 0 seconds!
[2020-09-16 14:33:48.678] Fail2Topic: Failed to drop firewall rule. Exit code: 1.
[2020-09-16 14:33:48.679] INIT: Initialized Fail2Topic subsystem within 0.1 seconds!
[2020-09-16 14:33:48.684] INIT: Initialized Title Screen subsystem within 0 seconds!
[2020-09-16 14:33:48.684] INIT: Initialized Database subsystem within 0 seconds!
[2020-09-16 14:33:48.685] INIT: Initialized Blackbox subsystem within 0 seconds!
[2020-09-16 14:33:48.685] INIT: Initialized Server Tasks subsystem within 0 seconds!
[2020-09-16 14:33:48.686] INIT: Initialized Input subsystem within 0 seconds!
[2020-09-16 14:33:48.689] INIT: Initialized Sounds subsystem within 0 seconds!
[2020-09-16 14:33:48.689] INIT: Initialized Vis contents overlays subsystem within 0 seconds!
[2020-09-16 14:33:48.753] INIT: Initialized Research subsystem within 0.1 seconds!
[2020-09-16 14:33:48.756] INIT: Initialized Events subsystem within 0 seconds!
[2020-09-16 14:33:48.762] INIT: Initialized Jobs subsystem within 0 seconds!
[2020-09-16 14:33:48.767] INIT: Initialized Quirks subsystem within 0 seconds!
[2020-09-16 14:33:48.773] INIT: Initialized Ticker subsystem within 0 seconds!
[2020-09-16 14:33:48.786] INIT: Initialized Instruments subsystem within 0 seconds!
[2020-09-16 14:34:06.576] INIT: Initialized Mapping subsystem within 17.8 seconds!
[2020-09-16 14:34:06.588] INIT: Initialized Economy subsystem within 0 seconds!
[2020-09-16 14:34:06.589] INIT: Initialized Networks subsystem within 0 seconds!
[2020-09-16 14:34:06.589] INIT: Initialized Holodeck subsystem within 0 seconds!
[2020-09-16 14:34:43.197] INIT: Initialized Atoms subsystem within 36.5 seconds!
[2020-09-16 14:34:43.227] INIT: Initialized Language subsystem within 0 seconds!
[2020-09-16 14:34:43.390] INIT: Initialized Machines subsystem within 0.1 seconds!
[2020-09-16 14:34:43.427] INIT: Initialized Circuit subsystem within 0.1 seconds!
[2020-09-16 14:34:44.789] INIT: Initialized Atmos Adjacency subsystem within 1.3 seconds!
[2020-09-16 14:34:44.789] INIT: Initialized Autotransfer Vote subsystem within 0 seconds!
[2020-09-16 14:34:44.789] INIT: Initialized Chemistry subsystem within 0 seconds!
[2020-09-16 14:34:44.790] INIT: Initialized Status Effects subsystem within 0 seconds!
[2020-09-16 14:34:44.791] INIT: Initialized Weather subsystem within 0 seconds!
[2020-09-16 14:34:44.794] INIT: Initialized Disease subsystem within 0 seconds!
[2020-09-16 14:34:44.795] INIT: Initialized Jukeboxes subsystem within 0 seconds!
[2020-09-16 14:34:44.795] INIT: Initialized Medals subsystem within 0 seconds!
[2020-09-16 14:34:45.082] INIT: Initialized Minimaps subsystem within 0.3 seconds!
[2020-09-16 14:34:45.133] INIT: Initialized Night Shift subsystem within 0 seconds!
[2020-09-16 14:34:45.134] INIT: Initialized Parallax subsystem within 0 seconds!
[2020-09-16 14:34:45.134] INIT: Initialized Sun subsystem within 0 seconds!
[2020-09-16 14:34:45.364] INIT: Initialized Traumas subsystem within 0.2 seconds!
[2020-09-16 14:34:45.405] INIT: Initialized Bluespace Locker subsystem within 0.1 seconds!
[2020-09-16 14:34:45.437] INIT: Initialized Pacification Bans subsystem within 0 seconds!
[2020-09-16 14:34:45.437] INIT: Initialized Logging subsystem within 0 seconds!
[2020-09-16 14:34:45.437] INIT: Initialized Recycling subsystem within 0 seconds!
[2020-09-16 14:34:52.649] INIT: Initialized Atmospherics subsystem within 7.2 seconds!
[2020-09-16 14:34:52.649] INIT: Initialized Atmospherics - Turfs subsystem within 0 seconds!
[2020-09-16 14:34:56.381] INIT: Initialized Assets subsystem within 3.7 seconds!
[2020-09-16 14:35:02.590] INIT: Initialized Icon Smoothing subsystem within 6.1 seconds!
[2020-09-16 14:35:03.816] INIT: Initialized Overlay subsystem within 1.3 seconds!
[2020-09-16 14:35:03.817] INIT: Initialized XKeyScore subsystem within 0 seconds!
[2020-09-16 14:35:03.817] INIT: Initialized Sticky Ban subsystem within 0 seconds!
[2020-09-16 14:35:11.619] INIT: Initialized Lighting subsystem within 7.8 seconds!
[2020-09-16 14:35:16.584] INIT: Initialized Shuttle subsystem within 4.9 seconds!
[2020-09-16 14:35:16.622] INIT: Initialized Minor Mapping subsystem within 0.1 seconds!
[2020-09-16 14:35:16.622] INIT: Initialized Pathfinder subsystem within 0 seconds!
[2020-09-16 14:35:16.651] INIT: Initialized Persistence subsystem within 0 seconds!
[2020-09-16 14:35:16.651] INIT: Initialized Chat subsystem within 0 seconds!
