[2020-08-28 00:47:37.264] Starting up round ID .
 - -------------------------
[2020-08-28 00:47:38.228] INIT: Initialized Profiler subsystem within 0 seconds!
[2020-08-28 00:47:38.378] Fail2Topic: Failed to drop firewall rule. Exit code: 1.
[2020-08-28 00:47:38.378] INIT: Initialized Fail2Topic subsystem within 0.1 seconds!
[2020-08-28 00:47:38.379] INIT: Initialized Title Screen subsystem within 0 seconds!
[2020-08-28 00:47:38.380] INIT: Initialized Database subsystem within 0 seconds!
[2020-08-28 00:47:38.380] INIT: Initialized Blackbox subsystem within 0 seconds!
[2020-08-28 00:47:38.380] INIT: Initialized Server Tasks subsystem within 0 seconds!
[2020-08-28 00:47:38.382] INIT: Initialized Input subsystem within 0 seconds!
[2020-08-28 00:47:38.384] INIT: Initialized Sounds subsystem within 0 seconds!
[2020-08-28 00:47:38.384] INIT: Initialized Vis contents overlays subsystem within 0 seconds!
[2020-08-28 00:47:38.442] INIT: Initialized Research subsystem within 0.1 seconds!
[2020-08-28 00:47:38.445] INIT: Initialized Events subsystem within 0 seconds!
[2020-08-28 00:47:38.449] INIT: Initialized Jobs subsystem within 0 seconds!
[2020-08-28 00:47:38.454] INIT: Initialized Quirks subsystem within 0 seconds!
[2020-08-28 00:47:38.460] INIT: Initialized Ticker subsystem within 0 seconds!
[2020-08-28 00:47:38.471] INIT: Initialized Instruments subsystem within 0 seconds!
[2020-08-28 00:47:53.333] INIT: Initialized Mapping subsystem within 14.9 seconds!
[2020-08-28 00:47:53.335] INIT: Initialized Economy subsystem within 0 seconds!
[2020-08-28 00:47:53.336] INIT: Initialized Networks subsystem within 0 seconds!
[2020-08-28 00:47:53.336] INIT: Initialized Holodeck subsystem within 0 seconds!
[2020-08-28 00:48:24.139] INIT: Initialized Atoms subsystem within 30.8 seconds!
[2020-08-28 00:48:24.158] INIT: Initialized Language subsystem within 0 seconds!
[2020-08-28 00:48:24.332] INIT: Initialized Machines subsystem within 0.2 seconds!
[2020-08-28 00:48:24.374] INIT: Initialized Circuit subsystem within 0 seconds!
[2020-08-28 00:48:25.965] INIT: Initialized Atmos Adjacency subsystem within 1.6 seconds!
[2020-08-28 00:48:25.965] INIT: Initialized Autotransfer Vote subsystem within 0 seconds!
[2020-08-28 00:48:25.965] INIT: Initialized Chemistry subsystem within 0 seconds!
[2020-08-28 00:48:25.965] INIT: Initialized Status Effects subsystem within 0 seconds!
[2020-08-28 00:48:25.966] INIT: Initialized Weather subsystem within 0 seconds!
[2020-08-28 00:48:25.969] INIT: Initialized Disease subsystem within 0 seconds!
[2020-08-28 00:48:25.969] INIT: Initialized Jukeboxes subsystem within 0 seconds!
[2020-08-28 00:48:25.970] INIT: Initialized Medals subsystem within 0 seconds!
[2020-08-28 00:48:26.214] INIT: Initialized Minimaps subsystem within 0.3 seconds!
[2020-08-28 00:48:26.215] INIT: Initialized Night Shift subsystem within 0 seconds!
[2020-08-28 00:48:26.215] INIT: Initialized Parallax subsystem within 0 seconds!
[2020-08-28 00:48:26.215] INIT: Initialized Sun subsystem within 0 seconds!
[2020-08-28 00:48:26.505] INIT: Initialized Traumas subsystem within 0.3 seconds!
[2020-08-28 00:48:26.554] INIT: Initialized Bluespace Locker subsystem within 0 seconds!
[2020-08-28 00:48:26.554] INIT: Initialized Pacification Bans subsystem within 0 seconds!
[2020-08-28 00:48:26.554] INIT: Initialized Logging subsystem within 0 seconds!
[2020-08-28 00:48:26.554] INIT: Initialized Recycling subsystem within 0 seconds!
[2020-08-28 00:48:31.757] INIT: Initialized Atmospherics subsystem within 5.2 seconds!
[2020-08-28 00:48:31.757] INIT: Initialized Atmospherics - Turfs subsystem within 0 seconds!
[2020-08-28 00:48:34.857] INIT: Initialized Assets subsystem within 3.1 seconds!
[2020-08-28 00:48:40.135] INIT: Initialized Icon Smoothing subsystem within 5.3 seconds!
[2020-08-28 00:48:41.163] INIT: Initialized Overlay subsystem within 1 second!
[2020-08-28 00:48:41.163] INIT: Initialized XKeyScore subsystem within 0 seconds!
[2020-08-28 00:48:41.164] INIT: Initialized Sticky Ban subsystem within 0 seconds!
[2020-08-28 00:48:47.406] INIT: Initialized Lighting subsystem within 6.3 seconds!
[2020-08-28 00:48:51.060] INIT: Initialized Shuttle subsystem within 3.6 seconds!
[2020-08-28 00:48:51.104] INIT: Initialized Minor Mapping subsystem within 0.1 seconds!
[2020-08-28 00:48:51.106] INIT: Initialized Pathfinder subsystem within 0 seconds!
[2020-08-28 00:48:51.138] INIT: Initialized Persistence subsystem within 0 seconds!
[2020-08-28 00:48:51.138] INIT: Initialized Chat subsystem within 0 seconds!
