[2020-09-11 01:11:39.529] Starting up round ID .
 - -------------------------
[2020-09-11 01:11:48.018] INIT: Initialized Profiler subsystem within 0 seconds!
[2020-09-11 01:11:48.218] Fail2Topic: Failed to drop firewall rule. Exit code: 1.
[2020-09-11 01:11:48.218] INIT: Initialized Fail2Topic subsystem within 0.2 seconds!
[2020-09-11 01:11:48.221] INIT: Initialized Title Screen subsystem within 0 seconds!
[2020-09-11 01:11:48.221] INIT: Initialized Database subsystem within 0 seconds!
[2020-09-11 01:11:48.222] INIT: Initialized Blackbox subsystem within 0 seconds!
[2020-09-11 01:11:48.222] INIT: Initialized Server Tasks subsystem within 0 seconds!
[2020-09-11 01:11:48.223] INIT: Initialized Input subsystem within 0 seconds!
[2020-09-11 01:11:48.225] INIT: Initialized Sounds subsystem within 0 seconds!
[2020-09-11 01:11:48.226] INIT: Initialized Vis contents overlays subsystem within 0 seconds!
[2020-09-11 01:11:48.289] INIT: Initialized Research subsystem within 0 seconds!
[2020-09-11 01:11:48.292] INIT: Initialized Events subsystem within 0 seconds!
[2020-09-11 01:11:48.297] INIT: Initialized Jobs subsystem within 0 seconds!
[2020-09-11 01:11:48.301] INIT: Initialized Quirks subsystem within 0.1 seconds!
[2020-09-11 01:11:48.308] INIT: Initialized Ticker subsystem within 0 seconds!
[2020-09-11 01:11:48.320] INIT: Initialized Instruments subsystem within 0 seconds!
[2020-09-11 01:12:05.925] INIT: Initialized Mapping subsystem within 17.6 seconds!
[2020-09-11 01:12:05.939] INIT: Initialized Economy subsystem within 0 seconds!
[2020-09-11 01:12:05.940] INIT: Initialized Networks subsystem within 0 seconds!
[2020-09-11 01:12:05.940] INIT: Initialized Holodeck subsystem within 0 seconds!
[2020-09-11 01:12:38.502] INIT: Initialized Atoms subsystem within 32.6 seconds!
[2020-09-11 01:12:38.532] INIT: Initialized Language subsystem within 0 seconds!
[2020-09-11 01:12:38.657] INIT: Initialized Machines subsystem within 0.1 seconds!
[2020-09-11 01:12:38.705] INIT: Initialized Circuit subsystem within 0.1 seconds!
[2020-09-11 01:12:40.181] INIT: Initialized Atmos Adjacency subsystem within 1.4 seconds!
[2020-09-11 01:12:40.181] INIT: Initialized Autotransfer Vote subsystem within 0 seconds!
[2020-09-11 01:12:40.181] INIT: Initialized Chemistry subsystem within 0 seconds!
[2020-09-11 01:12:40.181] INIT: Initialized Status Effects subsystem within 0 seconds!
[2020-09-11 01:12:40.182] INIT: Initialized Weather subsystem within 0 seconds!
[2020-09-11 01:12:40.185] INIT: Initialized Disease subsystem within 0 seconds!
[2020-09-11 01:12:40.186] INIT: Initialized Jukeboxes subsystem within 0 seconds!
[2020-09-11 01:12:40.186] INIT: Initialized Medals subsystem within 0 seconds!
[2020-09-11 01:12:40.423] INIT: Initialized Minimaps subsystem within 0.3 seconds!
[2020-09-11 01:12:40.477] INIT: Initialized Night Shift subsystem within 0 seconds!
[2020-09-11 01:12:40.477] INIT: Initialized Parallax subsystem within 0 seconds!
[2020-09-11 01:12:40.477] INIT: Initialized Sun subsystem within 0 seconds!
[2020-09-11 01:12:40.689] INIT: Initialized Traumas subsystem within 0.2 seconds!
[2020-09-11 01:12:40.729] INIT: Initialized Bluespace Locker subsystem within 0.1 seconds!
[2020-09-11 01:12:40.757] INIT: Initialized Pacification Bans subsystem within 0 seconds!
[2020-09-11 01:12:40.757] INIT: Initialized Logging subsystem within 0 seconds!
[2020-09-11 01:12:40.757] INIT: Initialized Recycling subsystem within 0 seconds!
[2020-09-11 01:12:47.821] INIT: Initialized Atmospherics subsystem within 7.1 seconds!
[2020-09-11 01:12:47.821] INIT: Initialized Atmospherics - Turfs subsystem within 0 seconds!
[2020-09-11 01:12:51.236] INIT: Initialized Assets subsystem within 3.4 seconds!
[2020-09-11 01:12:57.845] INIT: Initialized Icon Smoothing subsystem within 6.6 seconds!
[2020-09-11 01:12:59.168] INIT: Initialized Overlay subsystem within 1.3 seconds!
[2020-09-11 01:12:59.169] INIT: Initialized XKeyScore subsystem within 0 seconds!
[2020-09-11 01:12:59.169] INIT: Initialized Sticky Ban subsystem within 0 seconds!
[2020-09-11 01:13:08.409] INIT: Initialized Lighting subsystem within 9.3 seconds!
[2020-09-11 01:13:12.198] INIT: Initialized Shuttle subsystem within 3.7 seconds!
[2020-09-11 01:13:12.237] INIT: Initialized Minor Mapping subsystem within 0.1 seconds!
[2020-09-11 01:13:12.237] INIT: Initialized Pathfinder subsystem within 0 seconds!
[2020-09-11 01:13:12.269] INIT: Initialized Persistence subsystem within 0 seconds!
[2020-09-11 01:13:12.269] INIT: Initialized Chat subsystem within 0 seconds!
