[2020-09-11 00:47:21.841] Starting up round ID .
 - -------------------------
[2020-09-11 00:47:22.836] INIT: Initialized Profiler subsystem within 0 seconds!
[2020-09-11 00:47:22.984] Fail2Topic: Failed to drop firewall rule. Exit code: 1.
[2020-09-11 00:47:22.985] INIT: Initialized Fail2Topic subsystem within 0.1 seconds!
[2020-09-11 00:47:22.989] INIT: Initialized Title Screen subsystem within 0 seconds!
[2020-09-11 00:47:22.990] INIT: Initialized Database subsystem within 0 seconds!
[2020-09-11 00:47:22.990] INIT: Initialized Blackbox subsystem within 0 seconds!
[2020-09-11 00:47:22.990] INIT: Initialized Server Tasks subsystem within 0 seconds!
[2020-09-11 00:47:22.991] INIT: Initialized Input subsystem within 0 seconds!
[2020-09-11 00:47:22.992] INIT: Initialized Sounds subsystem within 0 seconds!
[2020-09-11 00:47:22.992] INIT: Initialized Vis contents overlays subsystem within 0 seconds!
[2020-09-11 00:47:23.053] INIT: Initialized Research subsystem within 0.1 seconds!
[2020-09-11 00:47:23.056] INIT: Initialized Events subsystem within 0 seconds!
[2020-09-11 00:47:23.059] INIT: Initialized Jobs subsystem within 0 seconds!
[2020-09-11 00:47:23.064] INIT: Initialized Quirks subsystem within 0 seconds!
[2020-09-11 00:47:23.070] INIT: Initialized Ticker subsystem within 0 seconds!
[2020-09-11 00:47:23.081] INIT: Initialized Instruments subsystem within 0 seconds!
[2020-09-11 00:47:39.897] INIT: Initialized Mapping subsystem within 16.8 seconds!
[2020-09-11 00:47:39.898] INIT: Initialized Economy subsystem within 0 seconds!
[2020-09-11 00:47:39.899] INIT: Initialized Networks subsystem within 0 seconds!
[2020-09-11 00:47:39.899] INIT: Initialized Holodeck subsystem within 0 seconds!
[2020-09-11 00:48:14.428] INIT: Initialized Atoms subsystem within 34.5 seconds!
[2020-09-11 00:48:14.449] INIT: Initialized Language subsystem within 0 seconds!
[2020-09-11 00:48:14.621] INIT: Initialized Machines subsystem within 0.2 seconds!
[2020-09-11 00:48:14.675] INIT: Initialized Circuit subsystem within 0 seconds!
[2020-09-11 00:48:16.323] INIT: Initialized Atmos Adjacency subsystem within 1.7 seconds!
[2020-09-11 00:48:16.323] INIT: Initialized Autotransfer Vote subsystem within 0 seconds!
[2020-09-11 00:48:16.323] INIT: Initialized Chemistry subsystem within 0 seconds!
[2020-09-11 00:48:16.323] INIT: Initialized Status Effects subsystem within 0 seconds!
[2020-09-11 00:48:16.324] INIT: Initialized Weather subsystem within 0 seconds!
[2020-09-11 00:48:16.328] INIT: Initialized Disease subsystem within 0 seconds!
[2020-09-11 00:48:16.328] INIT: Initialized Jukeboxes subsystem within 0 seconds!
[2020-09-11 00:48:16.328] INIT: Initialized Medals subsystem within 0 seconds!
[2020-09-11 00:48:16.645] INIT: Initialized Minimaps subsystem within 0.3 seconds!
[2020-09-11 00:48:16.646] INIT: Initialized Night Shift subsystem within 0 seconds!
[2020-09-11 00:48:16.646] INIT: Initialized Parallax subsystem within 0 seconds!
[2020-09-11 00:48:16.646] INIT: Initialized Sun subsystem within 0 seconds!
[2020-09-11 00:48:17.021] INIT: Initialized Traumas subsystem within 0.4 seconds!
[2020-09-11 00:48:17.067] INIT: Initialized Bluespace Locker subsystem within 0 seconds!
[2020-09-11 00:48:17.067] INIT: Initialized Pacification Bans subsystem within 0 seconds!
[2020-09-11 00:48:17.067] INIT: Initialized Logging subsystem within 0 seconds!
[2020-09-11 00:48:17.067] INIT: Initialized Recycling subsystem within 0 seconds!
[2020-09-11 00:48:23.570] INIT: Initialized Atmospherics subsystem within 6.5 seconds!
[2020-09-11 00:48:23.571] INIT: Initialized Atmospherics - Turfs subsystem within 0 seconds!
[2020-09-11 00:48:27.688] INIT: Initialized Assets subsystem within 4.1 seconds!
[2020-09-11 00:48:33.311] INIT: Initialized Icon Smoothing subsystem within 5.7 seconds!
[2020-09-11 00:48:34.527] INIT: Initialized Overlay subsystem within 1.2 seconds!
[2020-09-11 00:48:34.527] INIT: Initialized XKeyScore subsystem within 0 seconds!
[2020-09-11 00:48:34.527] INIT: Initialized Sticky Ban subsystem within 0 seconds!
[2020-09-11 00:48:43.261] INIT: Initialized Lighting subsystem within 8.7 seconds!
[2020-09-11 00:48:47.920] INIT: Initialized Shuttle subsystem within 4.7 seconds!
[2020-09-11 00:48:47.961] INIT: Initialized Minor Mapping subsystem within 0 seconds!
[2020-09-11 00:48:47.961] INIT: Initialized Pathfinder subsystem within 0 seconds!
[2020-09-11 00:48:47.995] INIT: Initialized Persistence subsystem within 0 seconds!
[2020-09-11 00:48:47.995] INIT: Initialized Chat subsystem within 0 seconds!
