[2020-09-10 02:44:20.941] Starting up round ID .
 - -------------------------
[2020-09-10 02:53:21.142] Logs from logging subsystem:
 - (2020-09-09 23:46:24) ATTACK: Bob Joga/(Pedro Ilurdoz) <font color='red'>has turned ON the combat indicator!</font> (Medbay Central (144, 118, 2))
 - (2020-09-09 23:46:25) ATTACK: Bob Joga/(Pedro Ilurdoz) has attacked *no key*/(Mary Ann Partridge) with Will Breaker (Wielded)[DC] (INTENT: HELP) (DAMTYPE: BRUTE) (NEWHP: 78.4)  (Medbay Central (145, 118, 2))
 - (2020-09-09 23:46:26) ATTACK: *no key*/(Mary Ann Partridge) has suffered: Hairline Fracture to head | Damage: 21.6(rolled 72/73.8304) (Medbay Central (146, 119, 2))
 - (2020-09-09 23:46:26) ATTACK: Bob Joga/(Pedro Ilurdoz) has attacked *no key*/(Mary Ann Partridge) with Will Breaker (Wielded)[DC] (INTENT: HELP) (DAMTYPE: BRUTE) (NEWHP: 56.8)  (Medbay Central (145, 118, 2))
 - (2020-09-09 23:46:27) ATTACK: Bob Joga/(Pedro Ilurdoz) has attacked *no key*/(Mary Ann Partridge) with Will Breaker (Wielded)[DC] (INTENT: HELP) (DAMTYPE: BRUTE) (NEWHP: 35.2)  (Medbay Central (145, 118, 2))
 - (2020-09-09 23:46:30) ATTACK: Bob Joga/(Pedro Ilurdoz) has attacked *no key*/(Mary Ann Partridge) with Will Breaker (Wielded)[DC] (INTENT: HELP) (DAMTYPE: BRUTE) (NEWHP: 14.1)  (Medbay Central (147, 119, 2))
 - (2020-09-09 23:46:31) ATTACK: Bob Joga/(Pedro Ilurdoz) has attacked *no key*/(Mary Ann Partridge) with Will Breaker (Wielded)[DC] (INTENT: HELP) (DAMTYPE: BRUTE) (NEWHP: -7)  (Medbay Central (147, 119, 2))
 - (2020-09-09 23:46:32) ATTACK: Bob Joga/(Pedro Ilurdoz) has attacked *no key*/(C.L.E.A.N.) with Will Breaker (Wielded)[DC] (INTENT: HELP) (DAMTYPE: BRUTE) (NEWHP: 7)  (Medbay Central (147, 119, 2))
 - (2020-09-09 23:46:33) ATTACK: Bob Joga/(Pedro Ilurdoz) has attacked *no key*/(C.L.E.A.N.) with Will Breaker (Wielded)[DC] (INTENT: HELP) (DAMTYPE: BRUTE) (NEWHP: 0)  (Medbay Central (147, 119, 2))
 - (2020-09-09 23:46:34) ATTACK: Bob Joga/(Pedro Ilurdoz) has attacked *no key*/(Mary Ann Partridge) with Will Breaker (Wielded)[DC] (INTENT: HELP) (DAMTYPE: BRUTE) (NEWHP: -28)  (Medbay Central (147, 119, 2))
 - (2020-09-09 23:46:34) ATTACK: *no key*/(Mary Ann Partridge) has suffered: Rib Dislocation to chest | Damage: 22(rolled 46/75.7516) (Medbay Central (146, 119, 2))
 - (2020-09-09 23:46:34) ATTACK: Bob Joga/(Pedro Ilurdoz) has attacked *no key*/(Mary Ann Partridge) with Will Breaker (Wielded)[DC] (INTENT: HELP) (DAMTYPE: BRUTE) (NEWHP: -53)  (Medbay Central (147, 119, 2))
 - (2020-09-09 23:46:36) ATTACK: *no key*/(Mary Ann Partridge) has suffered: Hairline Fracture to chest | Damage: 22(rolled 70/75.7516) (Medbay Central (146, 119, 2))
 - (2020-09-09 23:46:36) ATTACK: Bob Joga/(Pedro Ilurdoz) has attacked *no key*/(Mary Ann Partridge) with Will Breaker (Wielded)[DC] (INTENT: HELP) (DAMTYPE: BRUTE) (NEWHP: -75)  (Medbay Central (147, 119, 2))
 - (2020-09-09 23:46:37) ATTACK: *no key*/(Mary Ann Partridge) has suffered: Joint Dislocation to left hand | Damage: 21.6(rolled 49/73.8304) (Medbay Central (146, 119, 2))
 - (2020-09-09 23:46:37) ATTACK: Bob Joga/(Pedro Ilurdoz) has attacked *no key*/(Mary Ann Partridge) with Will Breaker (Wielded)[DC] (INTENT: HELP) (DAMTYPE: BRUTE) (NEWHP: -96.6)  (Medbay Central (147, 119, 2))
 - (2020-09-09 23:46:38) ATTACK: *no key*/(Mary Ann Partridge) has suffered: Hairline Fracture to right leg | Damage: 21.6(rolled 58/73.8304) (Medbay Central (146, 119, 2))
 - (2020-09-09 23:46:38) ATTACK: Bob Joga/(Pedro Ilurdoz) has attacked *no key*/(Mary Ann Partridge) with Will Breaker (Wielded)[DC] (INTENT: HELP) (DAMTYPE: BRUTE) (NEWHP: -118.2)  (Medbay Central (147, 119, 2))
 - (2020-09-09 23:46:39) ATTACK: Bob Joga/(Pedro Ilurdoz) has attacked *no key*/(Mary Ann Partridge) with Will Breaker (Wielded)[DC] (INTENT: HELP) (DAMTYPE: BRUTE) (NEWHP: -140.2)  (Medbay Central (147, 119, 2))
 - (2020-09-09 23:46:40) ATTACK: Bob Joga/(Pedro Ilurdoz) has attacked *no key*/(Mary Ann Partridge) with Will Breaker (Wielded)[DC] (INTENT: HELP) (DAMTYPE: BRUTE) (NEWHP: -162.2)  (Medbay Central (147, 119, 2))
 - (2020-09-09 23:46:41) ATTACK: Bob Joga/(Pedro Ilurdoz) has attacked *no key*/(Mary Ann Partridge) with Will Breaker (Wielded)[DC] (INTENT: HELP) (DAMTYPE: BRUTE) (NEWHP: -183.8)  (Medbay Central (147, 119, 2))
 - (2020-09-09 23:46:42) ATTACK: *no key*/(Mary Ann Partridge) has suffered: Hairline Fracture to left leg | Damage: 21.6(rolled 71/73.8304) (Medbay Central (146, 119, 2))
 - (2020-09-09 23:46:42) ATTACK: Bob Joga/(Pedro Ilurdoz) has attacked *no key*/(Mary Ann Partridge) with Will Breaker (Wielded)[DC] (INTENT: HELP) (DAMTYPE: BRUTE) (NEWHP: -205.4)  (Medbay Central (147, 119, 2))
 - (2020-09-09 23:46:42) ATTACK: Bob Joga/(Pedro Ilurdoz) has attacked *no key*/(Mary Ann Partridge) with Will Breaker (Wielded)[DC] (INTENT: HELP) (DAMTYPE: BRUTE) (NEWHP: -227.4)  (Medbay Central (147, 119, 2))
 - (2020-09-09 23:46:43) ATTACK: Bob Joga/(Pedro Ilurdoz) has attacked *no key*/(Mary Ann Partridge) with Will Breaker (Wielded)[DC] (INTENT: HELP) (DAMTYPE: BRUTE) (NEWHP: -249)  (Medbay Central (147, 119, 2))
 - (2020-09-09 23:46:46) ATTACK: Bob Joga/(Pedro Ilurdoz) has attacked *no key*/(Mary Ann Partridge) with Will Breaker (Wielded)[DC] (INTENT: HELP) (DAMTYPE: BRUTE) (NEWHP: -271)  (Medbay Central (145, 118, 2))
 - (2020-09-09 23:46:47) ATTACK: *no key*/(Mary Ann Partridge) has suffered: Compound Fracture to chest | Damage: 22(rolled 72/75.7516) (Medbay Central (146, 119, 2))
 - (2020-09-09 23:46:47) ATTACK: Bob Joga/(Pedro Ilurdoz) has attacked *no key*/(Mary Ann Partridge) with Will Breaker (Wielded)[DC] (INTENT: HELP) (DAMTYPE: BRUTE) (NEWHP: -293)  (Medbay Central (145, 118, 2))
 - (2020-09-09 23:46:48) ATTACK: *no key*/(Mary Ann Partridge) has suffered: Open Laceration to chest | Damage: 11(rolled 1/28.7045) (Medbay Central (146, 119, 2))
 - (2020-09-09 23:46:48) ATTACK: Bob Joga/(Pedro Ilurdoz) has attacked *no key*/(Mary Ann Partridge) with Will Breaker (Wielded)[DC] (INTENT: HELP) (DAMTYPE: BRUTE) (NEWHP: -311)  (Medbay Central (145, 118, 2))
 - (2020-09-09 23:46:49) ATTACK: Bob Joga/(Pedro Ilurdoz) has attacked *no key*/(Mary Ann Partridge) with Will Breaker (Wielded)[DC] (INTENT: HELP) (DAMTYPE: BRUTE) (NEWHP: -332.6)  (Medbay Central (145, 118, 2))
 - (2020-09-09 23:46:50) ATTACK: Bob Joga/(Pedro Ilurdoz) has attacked *no key*/(Mary Ann Partridge) with Will Breaker (Wielded)[DC] (INTENT: HELP) (DAMTYPE: BRUTE) (NEWHP: -353.4)  (Medbay Central (145, 118, 2))
 - (2020-09-09 23:46:51) ATTACK: *no key*/(Mary Ann Partridge) has suffered: Joint Dislocation to left arm | Damage: 21.6(rolled 42/73.8304) (Medbay Central (146, 119, 2))
 - (2020-09-09 23:46:51) ATTACK: Bob Joga/(Pedro Ilurdoz) has attacked *no key*/(Mary Ann Partridge) with Will Breaker (Wielded)[DC] (INTENT: HELP) (DAMTYPE: BRUTE) (NEWHP: -375)  (Medbay Central (145, 118, 2))
 - (2020-09-09 23:46:52) ATTACK: *no key*/(Mary Ann Partridge) has suffered: Weeping Avulsion to chest | Damage: 5.5(rolled 1/10.877) (Medbay Central (146, 119, 2))
 - (2020-09-09 23:46:52) ATTACK: Bob Joga/(Pedro Ilurdoz) has attacked *no key*/(Mary Ann Partridge) with Will Breaker (Wielded)[DC] (INTENT: HELP) (DAMTYPE: BRUTE) (NEWHP: -375)  (Medbay Central (145, 118, 2))
 - (2020-09-09 23:46:53) ATTACK: Bob Joga/(Pedro Ilurdoz) has attacked *no key*/(Mary Ann Partridge) with Will Breaker (Wielded)[DC] (INTENT: HELP) (DAMTYPE: BRUTE) (NEWHP: -375)  (Medbay Central (145, 118, 2))
 - (2020-09-09 23:46:54) ATTACK: Bob Joga/(Pedro Ilurdoz) has attacked *no key*/(Mary Ann Partridge) with Will Breaker (Wielded)[DC] (INTENT: HELP) (DAMTYPE: BRUTE) (NEWHP: -375)  (Medbay Central (145, 118, 2))
 - (2020-09-09 23:46:55) ATTACK: Bob Joga/(Pedro Ilurdoz) has attacked *no key*/(Mary Ann Partridge) with Will Breaker (Wielded)[DC] (INTENT: HELP) (DAMTYPE: BRUTE) (NEWHP: -375)  (Medbay Central (145, 118, 2))
 - (2020-09-09 23:46:56) ATTACK: Bob Joga/(Pedro Ilurdoz) has attacked *no key*/(Mary Ann Partridge) with Will Breaker (Wielded)[DC] (INTENT: HELP) (DAMTYPE: BRUTE) (NEWHP: -390.36)  (Medbay Central (145, 118, 2))
 - (2020-09-09 23:46:58) ATTACK: Bob Joga/(Pedro Ilurdoz) has attacked *no key*/(Mary Ann Partridge) with Will Breaker (Wielded)[DC] (INTENT: HELP) (DAMTYPE: BRUTE) (NEWHP: -390.36)  (Medbay Central (145, 118, 2))
 - (2020-09-09 23:47:03) ATTACK: Bob Joga/(Pedro Ilurdoz) has attacked *no key*/(Mary Ann Partridge) with Will Breaker (Wielded)[DC] (INTENT: HELP) (DAMTYPE: BRUTE) (NEWHP: -390.36)  (Medbay Central (145, 118, 2))
 - (2020-09-09 23:47:05) ATTACK: Bob Joga/(Pedro Ilurdoz) has attacked *no key*/(Mary Ann Partridge) with Will Breaker (Wielded)[DC] (INTENT: HELP) (DAMTYPE: BRUTE) (NEWHP: -390.36)  (Medbay Central (145, 118, 2))
 - (2020-09-09 23:47:06) ATTACK: Bob Joga/(Pedro Ilurdoz) has attacked *no key*/(Mary Ann Partridge) with Will Breaker (Wielded)[DC] (INTENT: HELP) (DAMTYPE: BRUTE) (NEWHP: -402.16)  (Medbay Central (145, 118, 2))
 - (2020-09-09 23:47:08) ATTACK: Bob Joga/(Pedro Ilurdoz) has attacked *no key*/(Mary Ann Partridge) with Will Breaker (Wielded)[DC] (INTENT: HELP) (DAMTYPE: BRUTE) (NEWHP: -402.16)  (Medbay Central (145, 119, 2))
 - (2020-09-09 23:47:09) ATTACK: Bob Joga/(Pedro Ilurdoz) has attacked *no key*/(Mary Ann Partridge) with Will Breaker (Wielded)[DC] (INTENT: HELP) (DAMTYPE: BRUTE) (NEWHP: -402.16)  (Medbay Central (145, 119, 2))
 - (2020-09-09 23:47:10) ATTACK: Bob Joga/(Pedro Ilurdoz) <font color='blue'>has turned OFF the combat indicator!</font> (Medbay Central (145, 119, 2))
 - (2020-09-09 23:47:17) ATTACK: Bob Joga/(Pedro Ilurdoz) <font color='red'>has turned ON the combat indicator!</font> (Medbay Central (143, 117, 2))
 - (2020-09-09 23:47:18) ATTACK: Bob Joga/(Pedro Ilurdoz) <font color='blue'>has turned OFF the combat indicator!</font> (Medbay Central (145, 117, 2))
 - (2020-09-09 23:47:19) ATTACK: Bob Joga/(Pedro Ilurdoz) has attacked *no key*/(Mary Ann Partridge) with Will Breaker (Wielded)[DC] (INTENT: HELP) (DAMTYPE: BRUTE) (NEWHP: -402.16)  (Medbay Central (145, 118, 2))
 - (2020-09-09 23:47:21) ATTACK: Bob Joga/(Pedro Ilurdoz) has attacked *no key*/(Mary Ann Partridge) with Will Breaker (Wielded)[DC] (INTENT: HELP) (DAMTYPE: BRUTE) (NEWHP: -402.16)  (Medbay Central (145, 119, 2))
 - (2020-09-09 23:47:34) ATTACK: *no key*/(Mary Ann Partridge) has suffered: Joint Dislocation to right arm | Damage: 16.92(rolled 51/52.4518) (Medbay Central (146, 119, 2))
 - (2020-09-09 23:47:34) ATTACK: Bob Joga/(Pedro Ilurdoz) has attacked *no key*/(Mary Ann Partridge) with Will Breaker (Wielded)[DC] (INTENT: HELP) (DAMTYPE: BRUTE) (NEWHP: 83.08)  (Medbay Central (145, 119, 2))
 - (2020-09-09 23:47:35) ATTACK: Bob Joga/(Pedro Ilurdoz) has attacked *no key*/(Mary Ann Partridge) with Will Breaker (Wielded)[DC] (INTENT: HELP) (DAMTYPE: BRUTE) (NEWHP: 66.16)  (Medbay Central (145, 119, 2))
 - (2020-09-09 23:47:36) ATTACK: *no key*/(Mary Ann Partridge) has suffered: Joint Dislocation to left leg | Damage: 17.82(rolled 36/56.3989) (Medbay Central (146, 119, 2))
 - (2020-09-09 23:47:36) ATTACK: Bob Joga/(Pedro Ilurdoz) has attacked *no key*/(Mary Ann Partridge) with Will Breaker (Wielded)[DC] (INTENT: HELP) (DAMTYPE: BRUTE) (NEWHP: 48.34)  (Medbay Central (145, 119, 2))
 - (2020-09-09 23:47:37) ATTACK: *no key*/(Mary Ann Partridge) has suffered: Joint Dislocation to left foot | Damage: 16.92(rolled 47/52.4518) (Medbay Central (146, 119, 2))
 - (2020-09-09 23:47:37) ATTACK: Bob Joga/(Pedro Ilurdoz) has attacked *no key*/(Mary Ann Partridge) with Will Breaker (Wielded)[DC] (INTENT: HELP) (DAMTYPE: BRUTE) (NEWHP: 31.42)  (Medbay Central (145, 119, 2))
 - (2020-09-09 23:47:38) ATTACK: Bob Joga/(Pedro Ilurdoz) has attacked *no key*/(Mary Ann Partridge) with Will Breaker (Wielded)[DC] (INTENT: HELP) (DAMTYPE: BRUTE) (NEWHP: 15.46)  (Medbay Central (145, 119, 2))
 - (2020-09-09 23:47:39) ATTACK: Bob Joga/(Pedro Ilurdoz) has attacked *no key*/(Mary Ann Partridge) with Will Breaker (Wielded)[DC] (INTENT: HELP) (DAMTYPE: BRUTE) (NEWHP: 1.36)  (Medbay Central (145, 119, 2))
 - (2020-09-09 23:47:40) ATTACK: Bob Joga/(Pedro Ilurdoz) has attacked *no key*/(Mary Ann Partridge) with Will Breaker (Wielded)[DC] (INTENT: HELP) (DAMTYPE: BRUTE) (NEWHP: -11.78)  (Medbay Central (145, 119, 2))
 - (2020-09-09 23:47:42) ATTACK: Bob Joga/(Pedro Ilurdoz) has attacked *no key*/(Mary Ann Partridge) with Will Breaker (Wielded)[DC] (INTENT: HELP) (DAMTYPE: BRUTE) (NEWHP: -23.95)  (Medbay Central (145, 119, 2))
 - (2020-09-09 23:47:44) ATTACK: Bob Joga/(Pedro Ilurdoz) has attacked *no key*/(Mary Ann Partridge) with Will Breaker (Wielded)[DC] (INTENT: HELP) (DAMTYPE: BRUTE) (NEWHP: -36.9)  (Medbay Central (145, 119, 2))
 - (2020-09-09 23:47:45) ATTACK: Bob Joga/(Pedro Ilurdoz) has attacked *no key*/(Mary Ann Partridge) with Will Breaker (Wielded)[DC] (INTENT: HELP) (DAMTYPE: BRUTE) (NEWHP: -49.96)  (Medbay Central (145, 119, 2))
 - (2020-09-09 23:47:46) ATTACK: Bob Joga/(Pedro Ilurdoz) has attacked *no key*/(Mary Ann Partridge) with Will Breaker (Wielded)[DC] (INTENT: HELP) (DAMTYPE: BRUTE) (NEWHP: -61.96)  (Medbay Central (145, 119, 2))
 - (2020-09-09 23:47:47) ATTACK: Bob Joga/(Pedro Ilurdoz) has attacked *no key*/(Mary Ann Partridge) with Will Breaker (Wielded)[DC] (INTENT: HELP) (DAMTYPE: BRUTE) (NEWHP: -71.96)  (Medbay Central (145, 119, 2))
 - (2020-09-09 23:47:49) ATTACK: Bob Joga/(Pedro Ilurdoz) has attacked *no key*/(Mary Ann Partridge) with Will Breaker (Wielded)[DC] (INTENT: HELP) (DAMTYPE: BRUTE) (NEWHP: -81.96)  (Medbay Central (145, 119, 2))
 - (2020-09-09 23:47:51) ATTACK: Bob Joga/(Pedro Ilurdoz) has attacked *no key*/(Mary Ann Partridge) with Will Breaker (Wielded)[DC] (INTENT: HELP) (DAMTYPE: BRUTE) (NEWHP: -90.91)  (Medbay Central (145, 119, 2))
 - (2020-09-09 23:47:52) ATTACK: Bob Joga/(Pedro Ilurdoz) has attacked *no key*/(Mary Ann Partridge) with Will Breaker (Wielded)[DC] (INTENT: HELP) (DAMTYPE: BRUTE) (NEWHP: -98.91)  (Medbay Central (145, 119, 2))
 - (2020-09-09 23:47:54) ATTACK: Bob Joga/(Pedro Ilurdoz) <font color='red'>has turned ON the combat indicator!</font> (Medbay Central (145, 119, 2))
 - (2020-09-09 23:47:55) ATTACK: Bob Joga/(Pedro Ilurdoz) has attacked Bob Joga/(Pedro Ilurdoz) with Will Breaker (Wielded)[DC] (INTENT: HELP) (DAMTYPE: BRUTE) (NEWHP: 92.98)  (Medbay Central (145, 119, 2))
 - (2020-09-09 23:47:55) ATTACK: Bob Joga/(Pedro Ilurdoz) <font color='blue'>has turned OFF the combat indicator!</font> (Medbay Central (145, 119, 2))
 - (2020-09-09 23:48:04) ATTACK: Bob Joga/(Pedro Ilurdoz) <font color='red'>has turned ON the combat indicator!</font> (Medbay Central (145, 119, 2))
 - (2020-09-09 23:48:08) ATTACK: *no key*/(Mary Ann Partridge) has suffered: Joint Dislocation to left arm | Damage: 21.6(rolled 39/73.8304) (Medbay Central (146, 119, 2))
 - (2020-09-09 23:48:08) ATTACK: Bob Joga/(Pedro Ilurdoz) has attacked *no key*/(Mary Ann Partridge) with Will Breaker (Wielded)[DC] (INTENT: HELP) (DAMTYPE: BRUTE) (NEWHP: -120.91)  (Medbay Central (145, 119, 2))
 - (2020-09-09 23:48:09) ATTACK: Bob Joga/(Pedro Ilurdoz) has attacked *no key*/(Mary Ann Partridge) with Will Breaker (Wielded)[DC] (INTENT: HELP) (DAMTYPE: BRUTE) (NEWHP: -142.85)  (Medbay Central (145, 119, 2))
 - (2020-09-09 23:48:10) ATTACK: *no key*/(Mary Ann Partridge) has suffered: Hairline Fracture to left arm | Damage: 21.6(rolled 53/73.8304) (Medbay Central (146, 119, 2))
 - (2020-09-09 23:48:10) ATTACK: Bob Joga/(Pedro Ilurdoz) has attacked *no key*/(Mary Ann Partridge) with Will Breaker (Wielded)[DC] (INTENT: HELP) (DAMTYPE: BRUTE) (NEWHP: -164.85)  (Medbay Central (145, 119, 2))
 - (2020-09-09 23:48:11) ATTACK: *no key*/(Mary Ann Partridge) has suffered: Compound Fracture to left arm | Damage: 21.6(rolled 71/73.8304) (Medbay Central (146, 119, 2))
 - (2020-09-09 23:48:11) ATTACK: Bob Joga/(Pedro Ilurdoz) has attacked *no key*/(Mary Ann Partridge) with Will Breaker (Wielded)[DC] (INTENT: HELP) (DAMTYPE: BRUTE) (NEWHP: -179.85)  (Medbay Central (145, 119, 2))
 - (2020-09-09 23:48:12) ATTACK: *no key*/(Mary Ann Partridge) has suffered: Joint Dislocation to right leg | Damage: 21.6(rolled 42/73.8304) (Medbay Central (146, 119, 2))
 - (2020-09-09 23:48:12) ATTACK: Bob Joga/(Pedro Ilurdoz) has attacked *no key*/(Mary Ann Partridge) with Will Breaker (Wielded)[DC] (INTENT: HELP) (DAMTYPE: BRUTE) (NEWHP: -201.45)  (Medbay Central (145, 119, 2))
 - (2020-09-09 23:48:13) ATTACK: *no key*/(Mary Ann Partridge) has suffered: Open Laceration to left arm | Damage: 10.8(rolled 1/27.9765) (Medbay Central (146, 119, 2))
 - (2020-09-09 23:48:13) ATTACK: Bob Joga/(Pedro Ilurdoz) has attacked *no key*/(Mary Ann Partridge) with Will Breaker (Wielded)[DC] (INTENT: HELP) (DAMTYPE: BRUTE) (NEWHP: -212.45)  (Medbay Central (145, 119, 2))
 - (2020-09-09 23:48:14) ATTACK: Bob Joga/(Pedro Ilurdoz) has attacked *no key*/(Mary Ann Partridge) with Will Breaker (Wielded)[DC] (INTENT: HELP) (DAMTYPE: BRUTE) (NEWHP: -234.05)  (Medbay Central (145, 119, 2))
 - (2020-09-09 23:48:14) ATTACK: *no key*/(Mary Ann Partridge) has suffered: Weeping Avulsion to left arm | Damage: 5.4(rolled 10/10.6011) (Medbay Central (146, 119, 2))
 - (2020-09-09 23:48:14) ATTACK: Bob Joga/(Pedro Ilurdoz) has attacked *no key*/(Mary Ann Partridge) with Will Breaker (Wielded)[DC] (INTENT: HELP) (DAMTYPE: BRUTE) (NEWHP: -245.05)  (Medbay Central (145, 119, 2))
 - (2020-09-09 23:48:16) ATTACK: *no key*/(Mary Ann Partridge) has suffered: Rib Dislocation to chest | Damage: 11(rolled 26/28.7045) (Medbay Central (146, 119, 2))
 - (2020-09-09 23:48:16) ATTACK: Bob Joga/(Pedro Ilurdoz) has attacked *no key*/(Mary Ann Partridge) with Will Breaker (Wielded)[DC] (INTENT: HELP) (DAMTYPE: BRUTE) (NEWHP: -256.05)  (Medbay Central (145, 119, 2))
 - (2020-09-09 23:48:17) ATTACK: Bob Joga/(Pedro Ilurdoz) has attacked *no key*/(Mary Ann Partridge) with Will Breaker (Wielded)[DC] (INTENT: HELP) (DAMTYPE: BRUTE) (NEWHP: -267.05)  (Medbay Central (145, 119, 2))
 - (2020-09-09 23:48:17) ATTACK: Bob Joga/(Pedro Ilurdoz) has attacked *no key*/(Mary Ann Partridge) with Will Breaker (Wielded)[DC] (INTENT: HELP) (DAMTYPE: BRUTE) (NEWHP: -289.05)  (Medbay Central (145, 119, 2))
 - (2020-09-09 23:48:18) ATTACK: Bob Joga/(Pedro Ilurdoz) has attacked *no key*/(Mary Ann Partridge) with Will Breaker (Wielded)[DC] (INTENT: HELP) (DAMTYPE: BRUTE) (NEWHP: -300.05)  (Medbay Central (145, 119, 2))
 - (2020-09-09 23:48:19) ATTACK: Bob Joga/(Pedro Ilurdoz) has attacked *no key*/(Mary Ann Partridge) with Will Breaker (Wielded)[DC] (INTENT: HELP) (DAMTYPE: BRUTE) (NEWHP: -311.05)  (Medbay Central (145, 119, 2))
 - (2020-09-09 23:48:20) ATTACK: Bob Joga/(Pedro Ilurdoz) has attacked *no key*/(Mary Ann Partridge) with Will Breaker (Wielded)[DC] (INTENT: HELP) (DAMTYPE: BRUTE) (NEWHP: -322.05)  (Medbay Central (145, 119, 2))
 - (2020-09-09 23:48:21) ATTACK: Bob Joga/(Pedro Ilurdoz) has attacked *no key*/(Mary Ann Partridge) with Will Breaker (Wielded)[DC] (INTENT: HELP) (DAMTYPE: BRUTE) (NEWHP: -343.65)  (Medbay Central (145, 119, 2))
 - (2020-09-09 23:48:22) ATTACK: Bob Joga/(Pedro Ilurdoz) has attacked *no key*/(Mary Ann Partridge) with Will Breaker (Wielded)[DC] (INTENT: HELP) (DAMTYPE: BRUTE) (NEWHP: -354.65)  (Medbay Central (145, 119, 2))
 - (2020-09-09 23:48:22) ATTACK: Bob Joga/(Pedro Ilurdoz) has attacked *no key*/(Mary Ann Partridge) with Will Breaker (Wielded)[DC] (INTENT: HELP) (DAMTYPE: BRUTE) (NEWHP: -365.65)  (Medbay Central (145, 119, 2))
 - (2020-09-09 23:48:23) ATTACK: Bob Joga/(Pedro Ilurdoz) has attacked *no key*/(Mary Ann Partridge) with Will Breaker (Wielded)[DC] (INTENT: HELP) (DAMTYPE: BRUTE) (NEWHP: -376.65)  (Medbay Central (145, 119, 2))
 - (2020-09-09 23:48:24) ATTACK: Bob Joga/(Pedro Ilurdoz) has attacked *no key*/(Mary Ann Partridge) with Will Breaker (Wielded)[DC] (INTENT: HELP) (DAMTYPE: BRUTE) (NEWHP: -386.65)  (Medbay Central (145, 119, 2))
 - (2020-09-09 23:48:25) ATTACK: Bob Joga/(Pedro Ilurdoz) has attacked *no key*/(Mary Ann Partridge) with Will Breaker (Wielded)[DC] (INTENT: HELP) (DAMTYPE: BRUTE) (NEWHP: -386.65)  (Medbay Central (145, 119, 2))
 - (2020-09-09 23:48:26) ATTACK: Bob Joga/(Pedro Ilurdoz) has attacked *no key*/(Mary Ann Partridge) with Will Breaker (Wielded)[DC] (INTENT: HELP) (DAMTYPE: BRUTE) (NEWHP: -397.65)  (Medbay Central (145, 119, 2))
 - (2020-09-09 23:48:27) ATTACK: Bob Joga/(Pedro Ilurdoz) has attacked *no key*/(Mary Ann Partridge) with Will Breaker (Wielded)[DC] (INTENT: HELP) (DAMTYPE: BRUTE) (NEWHP: -397.65)  (Medbay Central (145, 118, 2))
 - (2020-09-09 23:48:28) ATTACK: Bob Joga/(Pedro Ilurdoz) has attacked *no key*/(Mary Ann Partridge) with Will Breaker (Wielded)[DC] (INTENT: HELP) (DAMTYPE: BRUTE) (NEWHP: -397.65)  (Medbay Central (145, 118, 2))
 - (2020-09-09 23:48:29) ATTACK: Bob Joga/(Pedro Ilurdoz) has attacked *no key*/(Mary Ann Partridge) with Will Breaker (Wielded)[DC] (INTENT: HELP) (DAMTYPE: BRUTE) (NEWHP: -397.65)  (Medbay Central (145, 119, 2))
 - (2020-09-09 23:48:31) ATTACK: *no key*/(Mary Ann Partridge) has suffered: Joint Dislocation to right hand | Damage: 10(rolled 25/25.1189) (Medbay Central (146, 119, 2))
 - (2020-09-09 23:48:31) ATTACK: Bob Joga/(Pedro Ilurdoz) has attacked *no key*/(Mary Ann Partridge) with Will Breaker (Wielded)[DC] (INTENT: HELP) (DAMTYPE: BRUTE) (NEWHP: -407.65)  (Medbay Central (147, 119, 2))
 - (2020-09-09 23:48:32) ATTACK: Bob Joga/(Pedro Ilurdoz) has attacked *no key*/(Mary Ann Partridge) with Will Breaker (Wielded)[DC] (INTENT: HELP) (DAMTYPE: BRUTE) (NEWHP: -407.65)  (Medbay Central (147, 119, 2))
 - (2020-09-09 23:48:33) ATTACK: Bob Joga/(Pedro Ilurdoz) has attacked *no key*/(Mary Ann Partridge) with Will Breaker (Wielded)[DC] (INTENT: HELP) (DAMTYPE: BRUTE) (NEWHP: -407.65)  (Medbay Central (147, 119, 2))
 - (2020-09-09 23:48:34) ATTACK: Bob Joga/(Pedro Ilurdoz) has attacked *no key*/(Mary Ann Partridge) with Will Breaker (Wielded)[DC] (INTENT: HELP) (DAMTYPE: BRUTE) (NEWHP: -407.65)  (Medbay Central (147, 119, 2))
 - (2020-09-09 23:48:35) ATTACK: Bob Joga/(Pedro Ilurdoz) has attacked *no key*/(Mary Ann Partridge) with Will Breaker (Wielded)[DC] (INTENT: HELP) (DAMTYPE: BRUTE) (NEWHP: -407.65)  (Medbay Central (147, 119, 2))
 - (2020-09-09 23:48:37) ATTACK: Bob Joga/(Pedro Ilurdoz) has attacked *no key*/(Mary Ann Partridge) with Will Breaker (Wielded)[DC] (INTENT: HELP) (DAMTYPE: BRUTE) (NEWHP: -418.23)  (Medbay Central (147, 118, 2))
 - (2020-09-09 23:48:38) ATTACK: Bob Joga/(Pedro Ilurdoz) has attacked *no key*/(Mary Ann Partridge) with Will Breaker (Wielded)[DC] (INTENT: HELP) (DAMTYPE: BRUTE) (NEWHP: -427.03)  (Medbay Central (147, 120, 2))
 - (2020-09-09 23:48:40) ATTACK: Bob Joga/(Pedro Ilurdoz) has attacked *no key*/(Mary Ann Partridge) with Will Breaker (Wielded)[DC] (INTENT: HELP) (DAMTYPE: BRUTE) (NEWHP: -433.83)  (Medbay Central (146, 120, 2))
 - (2020-09-09 23:48:42) ATTACK: Bob Joga/(Pedro Ilurdoz) has attacked *no key*/(Mary Ann Partridge) with Will Breaker (Wielded)[DC] (INTENT: HELP) (DAMTYPE: BRUTE) (NEWHP: -441.83)  (Medbay Central (146, 120, 2))
 - (2020-09-09 23:48:44) ATTACK: Bob Joga/(Pedro Ilurdoz) has attacked *no key*/(Mary Ann Partridge) with Will Breaker (Wielded)[DC] (INTENT: HELP) (DAMTYPE: BRUTE) (NEWHP: -441.83)  (Medbay Central (147, 120, 2))
 - (2020-09-09 23:48:46) ATTACK: Bob Joga/(Pedro Ilurdoz) has attacked *no key*/(Mary Ann Partridge) with Will Breaker (Wielded)[DC] (INTENT: HELP) (DAMTYPE: BRUTE) (NEWHP: -445.83)  (Medbay Central (147, 120, 2))
 - (2020-09-09 23:48:48) ATTACK: Bob Joga/(Pedro Ilurdoz) has attacked *no key*/(Mary Ann Partridge) with Will Breaker (Wielded)[DC] (INTENT: HELP) (DAMTYPE: BRUTE) (NEWHP: -445.83)  (Medbay Central (147, 120, 2))
 - (2020-09-09 23:48:49) ATTACK: Bob Joga/(Pedro Ilurdoz) has attacked *no key*/(Mary Ann Partridge) with Will Breaker (Wielded)[DC] (INTENT: HELP) (DAMTYPE: BRUTE) (NEWHP: -445.83)  (Medbay Central (147, 120, 2))
 - (2020-09-09 23:48:51) ATTACK: Bob Joga/(Pedro Ilurdoz) has attacked *no key*/(Mary Ann Partridge) with Will Breaker (Wielded)[DC] (INTENT: HELP) (DAMTYPE: BRUTE) (NEWHP: -445.83)  (Medbay Central (147, 118, 2))
 - (2020-09-09 23:48:53) ATTACK: Bob Joga/(Pedro Ilurdoz) has attacked *no key*/(Mary Ann Partridge) with Will Breaker (Wielded)[DC] (INTENT: HELP) (DAMTYPE: BRUTE) (NEWHP: -445.83)  (Medbay Central (147, 118, 2))
 - (2020-09-09 23:48:57) ATTACK: Bob Joga/(Pedro Ilurdoz) <font color='blue'>has turned OFF the combat indicator!</font> (Medbay Central (147, 119, 2))
 - (2020-09-09 23:48:58) ATTACK: Bob Joga/(Pedro Ilurdoz) has attacked *no key*/(Mary Ann Partridge) with Will Breaker[DC] (INTENT: HELP) (DAMTYPE: BRUTE) (NEWHP: -445.83)  (Medbay Central (147, 119, 2))
 - (2020-09-09 23:49:18) ATTACK: Bob Joga/(Pedro Ilurdoz) has attacked *no key*/(Mary Ann Partridge) with Will Breaker (Wielded)[DC] (INTENT: HELP) (DAMTYPE: BRUTE) (NEWHP: -461.75)  (Medbay Central (147, 119, 2))
 - (2020-09-09 23:49:19) ATTACK: Bob Joga/(Pedro Ilurdoz) has attacked *no key*/(Mary Ann Partridge) with Will Breaker (Wielded)[DC] (INTENT: HELP) (DAMTYPE: BRUTE) (NEWHP: -468)  (Medbay Central (147, 119, 2))
 - (2020-09-09 23:49:20) ATTACK: Bob Joga/(Pedro Ilurdoz) has attacked *no key*/(Mary Ann Partridge) with Will Breaker (Wielded)[DC] (INTENT: HELP) (DAMTYPE: BRUTE) (NEWHP: -468)  (Medbay Central (147, 119, 2))
 - (2020-09-09 23:49:21) ATTACK: Bob Joga/(Pedro Ilurdoz) has attacked *no key*/(Mary Ann Partridge) with Will Breaker (Wielded)[DC] (INTENT: HELP) (DAMTYPE: BRUTE) (NEWHP: -468)  (Medbay Central (147, 119, 2))
 - (2020-09-09 23:49:22) ATTACK: Bob Joga/(Pedro Ilurdoz) has attacked *no key*/(Mary Ann Partridge) with Will Breaker (Wielded)[DC] (INTENT: HELP) (DAMTYPE: BRUTE) (NEWHP: -484.48)  (Medbay Central (147, 119, 2))
 - (2020-09-09 23:49:23) ATTACK: Bob Joga/(Pedro Ilurdoz) has attacked *no key*/(Mary Ann Partridge) with Will Breaker (Wielded)[DC] (INTENT: HELP) (DAMTYPE: BRUTE) (NEWHP: -484.48)  (Medbay Central (147, 119, 2))
 - (2020-09-09 23:49:24) ATTACK: Bob Joga/(Pedro Ilurdoz) has attacked *no key*/(Mary Ann Partridge) with Will Breaker (Wielded)[DC] (INTENT: HELP) (DAMTYPE: BRUTE) (NEWHP: -498.48)  (Medbay Central (147, 119, 2))
 - (2020-09-09 23:49:26) ATTACK: Bob Joga/(Pedro Ilurdoz) has attacked *no key*/(Mary Ann Partridge) with Will Breaker (Wielded)[DC] (INTENT: HELP) (DAMTYPE: BRUTE) (NEWHP: -498.48)  (Medbay Central (147, 119, 2))
 - (2020-09-09 23:49:27) ATTACK: Bob Joga/(Pedro Ilurdoz) has attacked *no key*/(Mary Ann Partridge) with Will Breaker (Wielded)[DC] (INTENT: HELP) (DAMTYPE: BRUTE) (NEWHP: -498.48)  (Medbay Central (147, 119, 2))
 - (2020-09-09 23:49:28) ATTACK: Bob Joga/(Pedro Ilurdoz) has attacked *no key*/(Mary Ann Partridge) with Will Breaker (Wielded)[DC] (INTENT: HELP) (DAMTYPE: BRUTE) (NEWHP: -498.48)  (Medbay Central (147, 119, 2))
 - (2020-09-09 23:49:30) ATTACK: Bob Joga/(Pedro Ilurdoz) has attacked *no key*/(Mary Ann Partridge) with Will Breaker (Wielded)[DC] (INTENT: HELP) (DAMTYPE: BRUTE) (NEWHP: -498.48)  (Medbay Central (147, 119, 2))
 - (2020-09-09 23:49:32) ATTACK: Bob Joga/(Pedro Ilurdoz) has attacked *no key*/(Mary Ann Partridge) with Will Breaker[DC] (INTENT: HELP) (DAMTYPE: BRUTE) (NEWHP: -498.48)  (Medbay Central (147, 119, 2))
 - (2020-09-09 23:49:33) ATTACK: Bob Joga/(Pedro Ilurdoz) has attacked *no key*/(Mary Ann Partridge) with Will Breaker[DC] (INTENT: HELP) (DAMTYPE: BRUTE) (NEWHP: -498.48)  (Medbay Central (147, 118, 2))
 - (2020-09-09 23:49:53) ATTACK: *no key*/(Mary Ann Partridge) has suffered: Rough Abrasion to chest | Damage: 6(rolled 6/12.286) (Medbay Central (146, 119, 2))
 - (2020-09-09 23:49:53) ATTACK: Bob Joga/(Pedro Ilurdoz) has attacked *no key*/(Mary Ann Partridge) with butcher's cleaver[DC] (INTENT: HELP) (DAMTYPE: BRUTE) (NEWHP: -498.48)  (Medbay Central (145, 118, 2))
 - (2020-09-09 23:49:54) ATTACK: Bob Joga/(Pedro Ilurdoz) has attacked *no key*/(Mary Ann Partridge) with butcher's cleaver[DC] (INTENT: HELP) (DAMTYPE: BRUTE) (NEWHP: -498.48)  (Medbay Central (145, 118, 2))
 - (2020-09-09 23:49:55) ATTACK: Bob Joga/(Pedro Ilurdoz) has attacked *no key*/(Mary Ann Partridge) with butcher's cleaver[DC] (INTENT: HELP) (DAMTYPE: BRUTE) (NEWHP: -498.48)  (Medbay Central (145, 118, 2))
 - (2020-09-09 23:49:56) ATTACK: Bob Joga/(Pedro Ilurdoz) <font color='red'>has turned ON the combat indicator!</font> (Medbay Central (145, 119, 2))
 - (2020-09-09 23:49:57) ATTACK: Bob Joga/(Pedro Ilurdoz) has grabbed *no key*/(Mary Ann Partridge) passive grab (NEWHP: -498.48)  (Medbay Central (145, 119, 2))
 - (2020-09-09 23:49:58) ATTACK: Bob Joga/(Pedro Ilurdoz) has attacked *no key*/(Mary Ann Partridge) with butcher's cleaver (Wielded)[DC] (INTENT: HELP) (DAMTYPE: BRUTE) (NEWHP: -498.48)  (Medbay Central (145, 119, 2))
 - (2020-09-09 23:49:59) ATTACK: Bob Joga/(Pedro Ilurdoz) has attacked *no key*/(Mary Ann Partridge) with butcher's cleaver (Wielded)[DC] (INTENT: HELP) (DAMTYPE: BRUTE) (NEWHP: -498.48)  (Medbay Central (144, 119, 2))
 - (2020-09-09 23:50:00) ATTACK: *no key*/(Mary Ann Partridge) has suffered: Weeping Avulsion to right hand | Damage: 20.44(rolled 46/68.3397) | WB: -5 | BWB: 10 (Medbay Central (142, 119, 2))
 - (2020-09-09 23:50:00) ATTACK: Bob Joga/(Pedro Ilurdoz) has attacked *no key*/(Mary Ann Partridge) with butcher's cleaver (Wielded)[DC] (INTENT: HELP) (DAMTYPE: BRUTE) (NEWHP: -498.48)  (Medbay Central (140, 119, 2))
 - (2020-09-09 23:50:07) ATTACK: Bob Joga/(Pedro Ilurdoz) has attacked *no key*/(Mary Ann Partridge) with Will Breaker (Wielded)[DC] (INTENT: HELP) (DAMTYPE: BRUTE) (NEWHP: -498.48)  (Medbay Central (140, 118, 2))
 - (2020-09-09 23:50:08) ATTACK: Bob Joga/(Pedro Ilurdoz) has attacked *no key*/(Mary Ann Partridge) with Will Breaker (Wielded)[DC] (INTENT: HELP) (DAMTYPE: BRUTE) (NEWHP: -498.48)  (Medbay Central (140, 118, 2))
 - (2020-09-09 23:50:09) ATTACK: Bob Joga/(Pedro Ilurdoz) has attacked *no key*/(Mary Ann Partridge) with Will Breaker (Wielded)[DC] (INTENT: HELP) (DAMTYPE: BRUTE) (NEWHP: -498.48)  (Medbay Central (140, 118, 2))
 - (2020-09-09 23:50:10) ATTACK: Bob Joga/(Pedro Ilurdoz) has attacked *no key*/(Mary Ann Partridge) with Will Breaker (Wielded)[DC] (INTENT: HELP) (DAMTYPE: BRUTE) (NEWHP: -498.48)  (Medbay Central (140, 118, 2))
 - (2020-09-09 23:50:12) ATTACK: Bob Joga/(Pedro Ilurdoz) has attacked *no key*/(Mary Ann Partridge) with Will Breaker (Wielded)[DC] (INTENT: HELP) (DAMTYPE: BRUTE) (NEWHP: -498.48)  (Medbay Central (139, 118, 2))
 - (2020-09-09 23:50:13) ATTACK: *no key*/(Mary Ann Partridge) has suffered: Joint Dislocation to left hand | Damage: 15.32(rolled 25/45.6417) (Medbay Central (139, 119, 2))
 - (2020-09-09 23:50:13) ATTACK: *no key*/(Mary Ann Partridge) has suffered: Hairline Fracture to chest | Damage: 15(rolled 38/44.3127) (Medbay Central (139, 119, 2))
 - (2020-09-09 23:50:13) ATTACK: Bob Joga/(Pedro Ilurdoz) has attacked *no key*/(Mary Ann Partridge) with Will Breaker (Wielded)[DC] (INTENT: HELP) (DAMTYPE: BRUTE) (NEWHP: -498.48)  (Medbay Central (138, 120, 2))
 - (2020-09-09 23:50:14) ATTACK: Bob Joga/(Pedro Ilurdoz) has attacked *no key*/(Mary Ann Partridge) with Will Breaker (Wielded)[DC] (INTENT: HELP) (DAMTYPE: BRUTE) (NEWHP: -498.48)  (Medbay Central (138, 120, 2))
 - (2020-09-09 23:50:16) ATTACK: Bob Joga/(Pedro Ilurdoz) has attacked *no key*/(Mary Ann Partridge) with Will Breaker (Wielded)[DC] (INTENT: HELP) (DAMTYPE: BRUTE) (NEWHP: -498.48)  (Medbay Central (138, 120, 2))
 - (2020-09-09 23:50:18) ATTACK: Bob Joga/(Pedro Ilurdoz) has attacked *no key*/(Mary Ann Partridge) with Will Breaker (Wielded)[DC] (INTENT: HELP) (DAMTYPE: BRUTE) (NEWHP: -498.48)  (Medbay Central (140, 120, 2))
 - (2020-09-09 23:50:19) ATTACK: Bob Joga/(Pedro Ilurdoz) has attacked *no key*/(Mary Ann Partridge) with Will Breaker (Wielded)[DC] (INTENT: HELP) (DAMTYPE: BRUTE) (NEWHP: -498.48)  (Medbay Central (140, 120, 2))
 - (2020-09-09 23:50:23) ATTACK: Bob Joga/(Pedro Ilurdoz) has attacked *no key*/(Mary Ann Partridge) with Will Breaker (Wielded)[DC] (INTENT: HELP) (DAMTYPE: BRUTE) (NEWHP: -502.48)  (Medbay Central (140, 119, 2))
 - (2020-09-09 23:50:25) ATTACK: Bob Joga/(Pedro Ilurdoz) has attacked *no key*/(Mary Ann Partridge) with Will Breaker (Wielded)[DC] (INTENT: HELP) (DAMTYPE: BRUTE) (NEWHP: -506.48)  (Medbay Central (140, 119, 2))
 - (2020-09-09 23:50:26) ATTACK: Bob Joga/(Pedro Ilurdoz) has attacked *no key*/(Mary Ann Partridge) with Will Breaker (Wielded)[DC] (INTENT: HELP) (DAMTYPE: BRUTE) (NEWHP: -510.48)  (Medbay Central (140, 119, 2))
 - (2020-09-09 23:50:28) ATTACK: Bob Joga/(Pedro Ilurdoz) has attacked *no key*/(Mary Ann Partridge) with Will Breaker (Wielded)[DC] (INTENT: HELP) (DAMTYPE: BRUTE) (NEWHP: -510.48)  (Medbay Central (140, 119, 2))
 - (2020-09-09 23:50:30) ATTACK: Bob Joga/(Pedro Ilurdoz) has attacked *no key*/(Mary Ann Partridge) with Will Breaker (Wielded)[DC] (INTENT: HELP) (DAMTYPE: BRUTE) (NEWHP: -510.48)  (Medbay Central (140, 119, 2))
 - (2020-09-09 23:50:32) ATTACK: Bob Joga/(Pedro Ilurdoz) has attacked *no key*/(Mary Ann Partridge) with Will Breaker (Wielded)[DC] (INTENT: HELP) (DAMTYPE: BRUTE) (NEWHP: -514.48)  (Medbay Central (140, 119, 2))
 - (2020-09-09 23:50:34) ATTACK: Bob Joga/(Pedro Ilurdoz) has attacked *no key*/(Mary Ann Partridge) with Will Breaker (Wielded)[DC] (INTENT: HELP) (DAMTYPE: BRUTE) (NEWHP: -518.48)  (Medbay Central (140, 119, 2))
 - (2020-09-09 23:50:36) ATTACK: Bob Joga/(Pedro Ilurdoz) has attacked *no key*/(Mary Ann Partridge) with Will Breaker (Wielded)[DC] (INTENT: HELP) (DAMTYPE: BRUTE) (NEWHP: -522.48)  (Medbay Central (140, 119, 2))
 - (2020-09-09 23:50:39) ATTACK: Bob Joga/(Pedro Ilurdoz) <font color='blue'>has turned OFF the combat indicator!</font> (Medbay Central (140, 119, 2))
 - (2020-09-09 23:50:46) ATTACK: Bob Joga/(Pedro Ilurdoz) has attacked *no key*/(Mary Ann Partridge) with Will Breaker (Wielded)[DC] (INTENT: HELP) (DAMTYPE: BRUTE) (NEWHP: 90.32)  (Medbay Central (140, 119, 2))
 - (2020-09-09 23:50:48) ATTACK: Bob Joga/(Pedro Ilurdoz) has attacked *no key*/(Mary Ann Partridge) with Will Breaker (Wielded)[DC] (INTENT: HELP) (DAMTYPE: BRUTE) (NEWHP: 80.64)  (Medbay Central (140, 119, 2))
 - (2020-09-09 23:51:00) ATTACK: *no key*/(Mary Ann Partridge) has suffered: Hairline Fracture to left arm | Damage: 30.06(rolled 62/117.269) (Medbay Central (139, 119, 2))
 - (2020-09-09 23:51:00) ATTACK: Bob Joga/(Pedro Ilurdoz) has attacked *no key*/(Mary Ann Partridge) with Will Breaker (Wielded)[DC] (INTENT: HELP) (DAMTYPE: BRUTE) (NEWHP: 50.58)  (Medbay Central (140, 119, 2))
 - (2020-09-09 23:51:01) ATTACK: Bob Joga/(Pedro Ilurdoz) has attacked *no key*/(Mary Ann Partridge) with Will Breaker (Wielded)[DC] (INTENT: HELP) (DAMTYPE: BRUTE) (NEWHP: 18.74)  (Medbay Central (140, 119, 2))
 - (2020-09-09 23:51:02) ATTACK: Bob Joga/(Pedro Ilurdoz) has attacked *no key*/(Mary Ann Partridge) with Will Breaker (Wielded)[DC] (INTENT: HELP) (DAMTYPE: BRUTE) (NEWHP: -13.1)  (Medbay Central (140, 119, 2))
 - (2020-09-09 23:51:03) ATTACK: *no key*/(Mary Ann Partridge) has suffered: Hairline Fracture to chest | Damage: 31.72(rolled 109/126.435) (Medbay Central (139, 119, 2))
 - (2020-09-09 23:51:03) ATTACK: Bob Joga/(Pedro Ilurdoz) has attacked *no key*/(Mary Ann Partridge) with Will Breaker (Wielded)[DC] (INTENT: HELP) (DAMTYPE: BRUTE) (NEWHP: -44.82)  (Medbay Central (140, 119, 2))
 - (2020-09-09 23:51:04) ATTACK: *no key*/(Mary Ann Partridge) has suffered: Joint Dislocation to right foot | Damage: 28(rolled 47/106.175) (Medbay Central (139, 119, 2))
 - (2020-09-09 23:51:04) ATTACK: Bob Joga/(Pedro Ilurdoz) has attacked *no key*/(Mary Ann Partridge) with Will Breaker (Wielded)[DC] (INTENT: HELP) (DAMTYPE: BRUTE) (NEWHP: -72.82)  (Medbay Central (140, 119, 2))
 - (2020-09-09 23:51:05) ATTACK: Bob Joga/(Pedro Ilurdoz) has attacked *no key*/(Mary Ann Partridge) with Will Breaker (Wielded)[DC] (INTENT: HELP) (DAMTYPE: BRUTE) (NEWHP: -98.76)  (Medbay Central (140, 119, 2))
 - (2020-09-09 23:51:07) ATTACK: Bob Joga/(Pedro Ilurdoz) has attacked *no key*/(Mary Ann Partridge) with Will Breaker (Wielded)[DC] (INTENT: HELP) (DAMTYPE: BRUTE) (NEWHP: -122.9)  (Medbay Central (140, 119, 2))
 - (2020-09-09 23:51:08) ATTACK: Bob Joga/(Pedro Ilurdoz) has attacked *no key*/(Mary Ann Partridge) with Will Breaker (Wielded)[DC] (INTENT: HELP) (DAMTYPE: BRUTE) (NEWHP: -143.33)  (Medbay Central (140, 119, 2))
 - (2020-09-09 23:51:10) ATTACK: *no key*/(Mary Ann Partridge) has suffered: Joint Dislocation to right arm | Damage: 18.5(rolled 40/59.4347) (Medbay Central (139, 119, 2))
 - (2020-09-09 23:51:10) ATTACK: Bob Joga/(Pedro Ilurdoz) has attacked *no key*/(Mary Ann Partridge) with Will Breaker (Wielded)[DC] (INTENT: HELP) (DAMTYPE: BRUTE) (NEWHP: -161.83)  (Medbay Central (140, 119, 2))
 - (2020-09-09 23:51:11) ATTACK: Bob Joga/(Pedro Ilurdoz) has attacked *no key*/(Mary Ann Partridge) with Will Breaker (Wielded)[DC] (INTENT: HELP) (DAMTYPE: BRUTE) (NEWHP: -178.4)  (Medbay Central (140, 119, 2))
 - (2020-09-09 23:51:13) ATTACK: Bob Joga/(Pedro Ilurdoz) has attacked *no key*/(Mary Ann Partridge) with Will Breaker (Wielded)[DC] (INTENT: HELP) (DAMTYPE: BRUTE) (NEWHP: -192.4)  (Medbay Central (140, 119, 2))
 - (2020-09-09 23:51:15) ATTACK: Bob Joga/(Pedro Ilurdoz) has attacked *no key*/(Mary Ann Partridge) with Will Breaker (Wielded)[DC] (INTENT: HELP) (DAMTYPE: BRUTE) (NEWHP: -208.82)  (Medbay Central (140, 119, 2))
 - (2020-09-09 23:51:17) ATTACK: Bob Joga/(Pedro Ilurdoz) has attacked *no key*/(Mary Ann Partridge) with Will Breaker (Wielded)[DC] (INTENT: HELP) (DAMTYPE: BRUTE) (NEWHP: -226.82)  (Medbay Central (140, 119, 2))
 - (2020-09-09 23:51:24) ATTACK: Bob Joga/(Pedro Ilurdoz) <font color='red'>has turned ON the combat indicator!</font> (Medbay Central (140, 119, 2))
 - (2020-09-09 23:51:25) ATTACK: *no key*/(Mary Ann Partridge) has suffered: Hip Dislocation to groin | Damage: 28.26(rolled 36/107.558) (Medbay Central (139, 119, 2))
 - (2020-09-09 23:51:25) ATTACK: Bob Joga/(Pedro Ilurdoz) has attacked *no key*/(Mary Ann Partridge) with Will Breaker (Wielded)[DC] (INTENT: HELP) (DAMTYPE: BRUTE) (NEWHP: -255.08)  (Medbay Central (140, 120, 2))
 - (2020-09-09 23:51:26) ATTACK: *no key*/(Mary Ann Partridge) has suffered: Compound Fracture to chest | Damage: 28.26(rolled 89/107.558) (Medbay Central (139, 119, 2))
 - (2020-09-09 23:51:26) ATTACK: Bob Joga/(Pedro Ilurdoz) has attacked *no key*/(Mary Ann Partridge) with Will Breaker (Wielded)[DC] (INTENT: HELP) (DAMTYPE: BRUTE) (NEWHP: -283.34)  (Medbay Central (138, 120, 2))
 - (2020-09-09 23:51:28) ATTACK: *no key*/(Mary Ann Partridge) has suffered: Weeping Avulsion to chest | Damage: 14.13(rolled 26/40.7567) (Medbay Central (139, 119, 2))
 - (2020-09-09 23:51:28) ATTACK: Bob Joga/(Pedro Ilurdoz) has attacked *no key*/(Mary Ann Partridge) with Will Breaker (Wielded)[DC] (INTENT: HELP) (DAMTYPE: BRUTE) (NEWHP: -310)  (Medbay Central (138, 118, 2))
 - (2020-09-09 23:51:30) ATTACK: Bob Joga/(Pedro Ilurdoz) has attacked *no key*/(Mary Ann Partridge) with Will Breaker (Wielded)[DC] (INTENT: HELP) (DAMTYPE: BRUTE) (NEWHP: -331)  (Medbay Central (140, 119, 2))
 - (2020-09-09 23:51:32) ATTACK: Bob Joga/(Pedro Ilurdoz) has attacked *no key*/(Mary Ann Partridge) with Will Breaker (Wielded)[DC] (INTENT: HELP) (DAMTYPE: BRUTE) (NEWHP: -349)  (Medbay Central (140, 119, 2))
 - (2020-09-09 23:51:33) ATTACK: *no key*/(Mary Ann Partridge) has suffered: Joint Dislocation to left hand | Damage: 10(rolled 24/25.1189) (Medbay Central (139, 119, 2))
 - (2020-09-09 23:51:33) ATTACK: Bob Joga/(Pedro Ilurdoz) has attacked *no key*/(Mary Ann Partridge) with Will Breaker (Wielded)[DC] (INTENT: HELP) (DAMTYPE: BRUTE) (NEWHP: -359)  (Medbay Central (140, 119, 2))
 - (2020-09-09 23:51:35) ATTACK: Bob Joga/(Pedro Ilurdoz) has attacked *no key*/(Mary Ann Partridge) with Will Breaker (Wielded)[DC] (INTENT: HELP) (DAMTYPE: BRUTE) (NEWHP: -375.72)  (Medbay Central (140, 119, 2))
 - (2020-09-09 23:51:37) ATTACK: Bob Joga/(Pedro Ilurdoz) has attacked *no key*/(Mary Ann Partridge) with Will Breaker (Wielded)[DC] (INTENT: HELP) (DAMTYPE: BRUTE) (NEWHP: -387.72)  (Medbay Central (140, 118, 2))
 - (2020-09-09 23:51:39) ATTACK: Bob Joga/(Pedro Ilurdoz) has attacked *no key*/(Mary Ann Partridge) with Will Breaker (Wielded)[DC] (INTENT: HELP) (DAMTYPE: BRUTE) (NEWHP: -399.72)  (Medbay Central (140, 118, 2))
 - (2020-09-09 23:51:40) ATTACK: Bob Joga/(Pedro Ilurdoz) has attacked *no key*/(Mary Ann Partridge) with Will Breaker (Wielded)[DC] (INTENT: HELP) (DAMTYPE: BRUTE) (NEWHP: -411.72)  (Medbay Central (140, 118, 2))
 - (2020-09-09 23:51:42) ATTACK: Bob Joga/(Pedro Ilurdoz) has attacked *no key*/(Mary Ann Partridge) with Will Breaker (Wielded)[DC] (INTENT: HELP) (DAMTYPE: BRUTE) (NEWHP: -422.22)  (Medbay Central (140, 118, 2))
 - (2020-09-09 23:51:45) ATTACK: Bob Joga/(Pedro Ilurdoz) has attacked *no key*/(Mary Ann Partridge) with Will Breaker (Wielded)[DC] (INTENT: HELP) (DAMTYPE: BRUTE) (NEWHP: -434.22)  (Medbay Central (139, 118, 2))
 - (2020-09-09 23:51:46) ATTACK: Bob Joga/(Pedro Ilurdoz) has attacked *no key*/(Mary Ann Partridge) with Will Breaker (Wielded)[DC] (INTENT: HELP) (DAMTYPE: BRUTE) (NEWHP: -446.22)  (Medbay Central (139, 118, 2))
 - (2020-09-09 23:51:48) ATTACK: Bob Joga/(Pedro Ilurdoz) has attacked *no key*/(Mary Ann Partridge) with Will Breaker (Wielded)[DC] (INTENT: HELP) (DAMTYPE: BRUTE) (NEWHP: -450.5)  (Medbay Central (139, 118, 2))
 - (2020-09-09 23:51:50) ATTACK: Bob Joga/(Pedro Ilurdoz) has attacked *no key*/(Mary Ann Partridge) with Will Breaker (Wielded)[DC] (INTENT: HELP) (DAMTYPE: BRUTE) (NEWHP: -462.5)  (Medbay Central (139, 118, 2))
 - (2020-09-09 23:51:52) ATTACK: Bob Joga/(Pedro Ilurdoz) has attacked *no key*/(Mary Ann Partridge) with Will Breaker (Wielded)[DC] (INTENT: HELP) (DAMTYPE: BRUTE) (NEWHP: -472.5)  (Medbay Central (139, 118, 2))
 - (2020-09-09 23:51:54) ATTACK: Bob Joga/(Pedro Ilurdoz) has attacked *no key*/(Mary Ann Partridge) with Will Breaker (Wielded)[DC] (INTENT: HELP) (DAMTYPE: BRUTE) (NEWHP: -472.5)  (Medbay Central (139, 118, 2))
 - (2020-09-09 23:51:55) ATTACK: Bob Joga/(Pedro Ilurdoz) has attacked *no key*/(Mary Ann Partridge) with Will Breaker (Wielded)[DC] (INTENT: HELP) (DAMTYPE: BRUTE) (NEWHP: -482.5)  (Medbay Central (139, 118, 2))
 - (2020-09-09 23:51:58) ATTACK: Bob Joga/(Pedro Ilurdoz) has attacked *no key*/(Mary Ann Partridge) with Will Breaker (Wielded)[DC] (INTENT: HELP) (DAMTYPE: BRUTE) (NEWHP: -482.5)  (Medbay Central (138, 119, 2))
 - (2020-09-09 23:52:00) ATTACK: *no key*/(Mary Ann Partridge) has suffered: Hairline Fracture to right arm | Damage: 14.69(rolled 33/43.0359) (Medbay Central (139, 119, 2))
 - (2020-09-09 23:52:00) ATTACK: Bob Joga/(Pedro Ilurdoz) has attacked *no key*/(Mary Ann Partridge) with Will Breaker (Wielded)[DC] (INTENT: HELP) (DAMTYPE: BRUTE) (NEWHP: -489.5)  (Medbay Central (138, 119, 2))
 - (2020-09-09 23:52:02) ATTACK: Bob Joga/(Pedro Ilurdoz) has attacked *no key*/(Mary Ann Partridge) with Will Breaker (Wielded)[DC] (INTENT: HELP) (DAMTYPE: BRUTE) (NEWHP: -489.5)  (Medbay Central (138, 119, 2))
 - (2020-09-09 23:52:04) ATTACK: Bob Joga/(Pedro Ilurdoz) has attacked *no key*/(Mary Ann Partridge) with Will Breaker (Wielded)[DC] (INTENT: HELP) (DAMTYPE: BRUTE) (NEWHP: -489.5)  (Medbay Central (138, 119, 2))
 - (2020-09-09 23:52:06) ATTACK: Bob Joga/(Pedro Ilurdoz) has attacked *no key*/(Mary Ann Partridge) with Will Breaker (Wielded)[DC] (INTENT: HELP) (DAMTYPE: BRUTE) (NEWHP: -489.5)  (Medbay Central (138, 119, 2))
 - (2020-09-09 23:52:07) ATTACK: Bob Joga/(Pedro Ilurdoz) has attacked *no key*/(Mary Ann Partridge) with Will Breaker (Wielded)[DC] (INTENT: HELP) (DAMTYPE: BRUTE) (NEWHP: -489.5)  (Medbay Central (138, 119, 2))
 - (2020-09-09 23:52:09) ATTACK: Bob Joga/(Pedro Ilurdoz) <font color='blue'>has turned OFF the combat indicator!</font> (Medbay Central (138, 119, 2))
 - (2020-09-09 23:52:12) ATTACK: Bob Joga/(Pedro Ilurdoz) <font color='red'>has turned ON the combat indicator!</font> (Medbay Central (138, 119, 2))
 - (2020-09-09 23:52:15) ATTACK: Bob Joga/(Pedro Ilurdoz) has attacked *no key*/(Mary Ann Partridge) with Will Breaker (Wielded)[DC] (INTENT: HELP) (DAMTYPE: BRUTE) (NEWHP: -489.5)  (Medbay Central (138, 119, 2))
 - (2020-09-09 23:52:17) ATTACK: Bob Joga/(Pedro Ilurdoz) has attacked *no key*/(Mary Ann Partridge) with Will Breaker (Wielded)[DC] (INTENT: HELP) (DAMTYPE: BRUTE) (NEWHP: -489.5)  (Medbay Central (138, 119, 2))
 - (2020-09-09 23:52:19) ATTACK: Bob Joga/(Pedro Ilurdoz) has attacked *no key*/(Mary Ann Partridge) with Will Breaker (Wielded)[DC] (INTENT: HELP) (DAMTYPE: BRUTE) (NEWHP: -501.5)  (Medbay Central (138, 119, 2))
 - (2020-09-09 23:52:20) ATTACK: Bob Joga/(Pedro Ilurdoz) has attacked *no key*/(Mary Ann Partridge) with Will Breaker (Wielded)[DC] (INTENT: HELP) (DAMTYPE: BRUTE) (NEWHP: -501.5)  (Medbay Central (138, 119, 2))
 - (2020-09-09 23:52:22) ATTACK: Bob Joga/(Pedro Ilurdoz) has attacked *no key*/(Mary Ann Partridge) with Will Breaker (Wielded)[DC] (INTENT: HELP) (DAMTYPE: BRUTE) (NEWHP: -501.5)  (Medbay Central (138, 119, 2))
 - (2020-09-09 23:52:24) ATTACK: Bob Joga/(Pedro Ilurdoz) has attacked *no key*/(Mary Ann Partridge) with Will Breaker (Wielded)[DC] (INTENT: HELP) (DAMTYPE: BRUTE) (NEWHP: -501.5)  (Medbay Central (138, 119, 2))
 - (2020-09-09 23:52:26) ATTACK: Bob Joga/(Pedro Ilurdoz) has attacked *no key*/(Mary Ann Partridge) with Will Breaker (Wielded)[DC] (INTENT: HELP) (DAMTYPE: BRUTE) (NEWHP: -501.5)  (Medbay Central (138, 119, 2))
 - (2020-09-09 23:52:29) ATTACK: Bob Joga/(Pedro Ilurdoz) <font color='blue'>has turned OFF the combat indicator!</font> (Medbay Central (138, 118, 2))
 - (2020-09-09 23:52:54) ATTACK: Bob Joga/(Pedro Ilurdoz) has attacked *no key*/(Mary Ann Partridge) with Will Breaker (Wielded)[DC] (INTENT: HELP) (DAMTYPE: BRUTE) (NEWHP: 64)  (Medbay Central (138, 119, 2))
 - (2020-09-09 23:52:55) ATTACK: Bob Joga/(Pedro Ilurdoz) has attacked *no key*/(Mary Ann Partridge) with Will Breaker (Wielded)[DC] (INTENT: HELP) (DAMTYPE: BRUTE) (NEWHP: 28)  (Medbay Central (138, 119, 2))
 - (2020-09-09 23:52:56) ATTACK: Bob Joga/(Pedro Ilurdoz) has attacked *no key*/(Mary Ann Partridge) with Will Breaker (Wielded)[DC] (INTENT: HELP) (DAMTYPE: BRUTE) (NEWHP: -8)  (Medbay Central (138, 119, 2))
 - (2020-09-09 23:52:57) ATTACK: *no key*/(Mary Ann Partridge) has suffered: Compound Fracture to groin | Damage: 36(rolled 107/150.947) (Medbay Central (139, 119, 2))
 - (2020-09-09 23:52:57) ATTACK: Bob Joga/(Pedro Ilurdoz) has attacked *no key*/(Mary Ann Partridge) with Will Breaker (Wielded)[DC] (INTENT: HELP) (DAMTYPE: BRUTE) (NEWHP: -44)  (Medbay Central (138, 119, 2))
 - (2020-09-09 23:52:59) ATTACK: Bob Joga/(Pedro Ilurdoz) has attacked *no key*/(Mary Ann Partridge) with Will Breaker (Wielded)[DC] (INTENT: HELP) (DAMTYPE: BRUTE) (NEWHP: -80)  (Medbay Central (138, 119, 2))
 - (2020-09-09 23:53:00) ATTACK: *no key*/(Mary Ann Partridge) has suffered: Hairline Fracture to left hand | Damage: 18(rolled 56/57.1981) (Medbay Central (139, 119, 2))
 - (2020-09-09 23:53:00) ATTACK: Bob Joga/(Pedro Ilurdoz) has attacked *no key*/(Mary Ann Partridge) with Will Breaker (Wielded)[DC] (INTENT: HELP) (DAMTYPE: BRUTE) (NEWHP: -116)  (Medbay Central (138, 119, 2))
 - (2020-09-09 23:53:01) ATTACK: *no key*/(Mary Ann Partridge) has suffered: Compound Fracture to left arm | Damage: 36(rolled 150/150.947) (Medbay Central (139, 119, 2))
 - (2020-09-09 23:53:01) ATTACK: Bob Joga/(Pedro Ilurdoz) has attacked *no key*/(Mary Ann Partridge) with Will Breaker (Wielded)[DC] (INTENT: HELP) (DAMTYPE: BRUTE) (NEWHP: -137)  (Medbay Central (138, 119, 2))
 - (2020-09-09 23:53:02) ATTACK: *no key*/(Mary Ann Partridge) has suffered: Weeping Avulsion to left arm | Damage: 18(rolled 49/57.1981) (Medbay Central (139, 119, 2))
 - (2020-09-09 23:53:02) ATTACK: Bob Joga/(Pedro Ilurdoz) has attacked *no key*/(Mary Ann Partridge) with Will Breaker (Wielded)[DC] (INTENT: HELP) (DAMTYPE: BRUTE) (NEWHP: -155)  (Medbay Central (138, 119, 2))
 - (2020-09-09 23:53:09) ATTACK: Bob Joga/(Pedro Ilurdoz) has attacked *no key*/(Mary Ann Partridge) with Will Breaker (Wielded)[DC] (INTENT: HELP) (DAMTYPE: BRUTE) (NEWHP: -173)  (Medbay Central (138, 120, 2))
 - (2020-09-09 23:53:11) ATTACK: Bob Joga/(Pedro Ilurdoz) has attacked *no key*/(Mary Ann Partridge) with Will Breaker (Wielded)[DC] (INTENT: HELP) (DAMTYPE: BRUTE) (NEWHP: -191)  (Medbay Central (138, 119, 2))
 - (2020-09-09 23:53:11) ATTACK: Bob Joga/(Pedro Ilurdoz) has attacked *no key*/(Mary Ann Partridge) with Will Breaker (Wielded)[DC] (INTENT: HELP) (DAMTYPE: BRUTE) (NEWHP: -227)  (Medbay Central (138, 119, 2))
 - (2020-09-09 23:53:12) ATTACK: Bob Joga/(Pedro Ilurdoz) has attacked *no key*/(Mary Ann Partridge) with Will Breaker (Wielded)[DC] (INTENT: HELP) (DAMTYPE: BRUTE) (NEWHP: -263)  (Medbay Central (138, 118, 2))
 - (2020-09-09 23:53:13) ATTACK: *no key*/(Mary Ann Partridge) has suffered: Compound Fracture to left foot | Damage: 36(rolled 127/150.947) (Medbay Central (139, 119, 2))
 - (2020-09-09 23:53:13) ATTACK: Bob Joga/(Pedro Ilurdoz) has attacked *no key*/(Mary Ann Partridge) with Will Breaker (Wielded)[DC] (INTENT: HELP) (DAMTYPE: BRUTE) (NEWHP: -299)  (Medbay Central (138, 118, 2))
 - (2020-09-09 23:53:14) ATTACK: Bob Joga/(Pedro Ilurdoz) has attacked *no key*/(Mary Ann Partridge) with Will Breaker (Wielded)[DC] (INTENT: HELP) (DAMTYPE: BRUTE) (NEWHP: -317)  (Medbay Central (138, 118, 2))
 - (2020-09-09 23:53:15) ATTACK: Bob Joga/(Pedro Ilurdoz) has attacked *no key*/(Mary Ann Partridge) with Will Breaker (Wielded)[DC] (INTENT: HELP) (DAMTYPE: BRUTE) (NEWHP: -335)  (Medbay Central (138, 118, 2))
 - (2020-09-09 23:53:16) ATTACK: Bob Joga/(Pedro Ilurdoz) has attacked *no key*/(Mary Ann Partridge) with Will Breaker (Wielded)[DC] (INTENT: HELP) (DAMTYPE: BRUTE) (NEWHP: -344)  (Medbay Central (138, 118, 2))
 - (2020-09-09 23:53:17) ATTACK: Bob Joga/(Pedro Ilurdoz) has attacked *no key*/(Mary Ann Partridge) with Will Breaker (Wielded)[DC] (INTENT: HELP) (DAMTYPE: BRUTE) (NEWHP: -344)  (Medbay Central (138, 118, 2))
 - (2020-09-09 23:53:18) ATTACK: Bob Joga/(Pedro Ilurdoz) has attacked *no key*/(Mary Ann Partridge) with Will Breaker (Wielded)[DC] (INTENT: HELP) (DAMTYPE: BRUTE) (NEWHP: -344)  (Medbay Central (138, 118, 2))
 - (2020-09-09 23:53:19) ATTACK: Bob Joga/(Pedro Ilurdoz) has attacked *no key*/(Mary Ann Partridge) with Will Breaker (Wielded)[DC] (INTENT: HELP) (DAMTYPE: BRUTE) (NEWHP: -344)  (Medbay Central (138, 118, 2))
 - (2020-09-09 23:53:21) ATTACK: *no key*/(Mary Ann Partridge) has suffered: Compound Fracture to left leg | Damage: 36(rolled 113/150.947) (Medbay Central (139, 119, 2))
