[2020-09-10 02:44:20.945] Starting up round ID .
 - -------------------------
[2020-09-10 02:44:26.540] INIT: Initialized Profiler subsystem within 0 seconds!
[2020-09-10 02:44:26.688] Fail2Topic: Failed to drop firewall rule. Exit code: 1.
[2020-09-10 02:44:26.689] INIT: Initialized Fail2Topic subsystem within 0.1 seconds!
[2020-09-10 02:44:26.691] INIT: Initialized Title Screen subsystem within 0 seconds!
[2020-09-10 02:44:26.692] INIT: Initialized Database subsystem within 0 seconds!
[2020-09-10 02:44:26.692] INIT: Initialized Blackbox subsystem within 0 seconds!
[2020-09-10 02:44:26.692] INIT: Initialized Server Tasks subsystem within 0 seconds!
[2020-09-10 02:44:26.694] INIT: Initialized Input subsystem within 0 seconds!
[2020-09-10 02:44:26.696] INIT: Initialized Sounds subsystem within 0 seconds!
[2020-09-10 02:44:26.696] INIT: Initialized Vis contents overlays subsystem within 0 seconds!
[2020-09-10 02:44:26.753] INIT: Initialized Research subsystem within 0.1 seconds!
[2020-09-10 02:44:26.756] INIT: Initialized Events subsystem within 0 seconds!
[2020-09-10 02:44:26.761] INIT: Initialized Jobs subsystem within 0 seconds!
[2020-09-10 02:44:26.767] INIT: Initialized Quirks subsystem within 0 seconds!
[2020-09-10 02:44:26.773] INIT: Initialized Ticker subsystem within 0 seconds!
[2020-09-10 02:44:26.786] INIT: Initialized Instruments subsystem within 0 seconds!
[2020-09-10 02:44:42.456] INIT: Initialized Mapping subsystem within 15.7 seconds!
[2020-09-10 02:44:42.470] INIT: Initialized Economy subsystem within 0 seconds!
[2020-09-10 02:44:42.471] INIT: Initialized Networks subsystem within 0 seconds!
[2020-09-10 02:44:42.471] INIT: Initialized Holodeck subsystem within 0 seconds!
[2020-09-10 02:45:14.268] INIT: Initialized Atoms subsystem within 31.8 seconds!
[2020-09-10 02:45:14.295] INIT: Initialized Language subsystem within 0 seconds!
[2020-09-10 02:45:14.430] INIT: Initialized Machines subsystem within 0.2 seconds!
[2020-09-10 02:45:14.477] INIT: Initialized Circuit subsystem within 0 seconds!
[2020-09-10 02:45:15.877] INIT: Initialized Atmos Adjacency subsystem within 1.4 seconds!
[2020-09-10 02:45:15.877] INIT: Initialized Autotransfer Vote subsystem within 0 seconds!
[2020-09-10 02:45:15.877] INIT: Initialized Chemistry subsystem within 0 seconds!
[2020-09-10 02:45:15.877] INIT: Initialized Status Effects subsystem within 0 seconds!
[2020-09-10 02:45:15.878] INIT: Initialized Weather subsystem within 0 seconds!
[2020-09-10 02:45:15.882] INIT: Initialized Disease subsystem within 0 seconds!
[2020-09-10 02:45:15.883] INIT: Initialized Jukeboxes subsystem within 0 seconds!
[2020-09-10 02:45:15.883] INIT: Initialized Medals subsystem within 0 seconds!
[2020-09-10 02:45:16.143] INIT: Initialized Minimaps subsystem within 0.3 seconds!
[2020-09-10 02:45:16.232] INIT: Initialized Night Shift subsystem within 0 seconds!
[2020-09-10 02:45:16.232] INIT: Initialized Parallax subsystem within 0 seconds!
[2020-09-10 02:45:16.232] INIT: Initialized Sun subsystem within 0 seconds!
[2020-09-10 02:45:16.585] INIT: Initialized Traumas subsystem within 0.3 seconds!
[2020-09-10 02:45:16.689] INIT: Initialized Bluespace Locker subsystem within 0 seconds!
[2020-09-10 02:45:16.689] INIT: Initialized Pacification Bans subsystem within 0 seconds!
[2020-09-10 02:45:16.689] INIT: Initialized Logging subsystem within 0 seconds!
[2020-09-10 02:45:16.689] INIT: Initialized Recycling subsystem within 0 seconds!
[2020-09-10 02:45:22.766] INIT: Initialized Atmospherics subsystem within 6.1 seconds!
[2020-09-10 02:45:22.766] INIT: Initialized Atmospherics - Turfs subsystem within 0 seconds!
[2020-09-10 02:45:25.959] INIT: Initialized Assets subsystem within 3.2 seconds!
[2020-09-10 02:45:31.934] INIT: Initialized Icon Smoothing subsystem within 6 seconds!
[2020-09-10 02:45:33.166] INIT: Initialized Overlay subsystem within 1.2 seconds!
[2020-09-10 02:45:33.166] INIT: Initialized XKeyScore subsystem within 0 seconds!
[2020-09-10 02:45:33.167] INIT: Initialized Sticky Ban subsystem within 0 seconds!
[2020-09-10 02:45:40.641] INIT: Initialized Lighting subsystem within 7.5 seconds!
[2020-09-10 02:45:43.992] INIT: Initialized Shuttle subsystem within 3.3 seconds!
[2020-09-10 02:45:44.028] INIT: Initialized Minor Mapping subsystem within 0.1 seconds!
[2020-09-10 02:45:44.029] INIT: Initialized Pathfinder subsystem within 0 seconds!
[2020-09-10 02:45:44.059] INIT: Initialized Persistence subsystem within 0 seconds!
[2020-09-10 02:45:44.059] INIT: Initialized Chat subsystem within 0 seconds!
