[2020-08-28 13:34:24.151] Starting up round ID .
 - -------------------------
[2020-08-28 13:34:30.117] INIT: Initialized Profiler subsystem within 0 seconds!
[2020-08-28 13:34:30.265] Fail2Topic: Failed to drop firewall rule. Exit code: 1.
[2020-08-28 13:34:30.265] INIT: Initialized Fail2Topic subsystem within 0.1 seconds!
[2020-08-28 13:34:30.272] INIT: Initialized Title Screen subsystem within 0 seconds!
[2020-08-28 13:34:30.272] INIT: Initialized Database subsystem within 0 seconds!
[2020-08-28 13:34:30.273] INIT: Initialized Blackbox subsystem within 0 seconds!
[2020-08-28 13:34:30.273] INIT: Initialized Server Tasks subsystem within 0 seconds!
[2020-08-28 13:34:30.274] INIT: Initialized Input subsystem within 0 seconds!
[2020-08-28 13:34:30.276] INIT: Initialized Sounds subsystem within 0 seconds!
[2020-08-28 13:34:30.276] INIT: Initialized Vis contents overlays subsystem within 0 seconds!
[2020-08-28 13:34:30.338] INIT: Initialized Research subsystem within 0.1 seconds!
[2020-08-28 13:34:30.341] INIT: Initialized Events subsystem within 0 seconds!
[2020-08-28 13:34:30.345] INIT: Initialized Jobs subsystem within 0 seconds!
[2020-08-28 13:34:30.352] INIT: Initialized Quirks subsystem within 0 seconds!
[2020-08-28 13:34:30.358] INIT: Initialized Ticker subsystem within 0 seconds!
[2020-08-28 13:34:30.371] INIT: Initialized Instruments subsystem within 0 seconds!
[2020-08-28 13:34:49.833] INIT: Initialized Mapping subsystem within 19.5 seconds!
[2020-08-28 13:34:49.853] INIT: Initialized Economy subsystem within 0 seconds!
[2020-08-28 13:34:49.854] INIT: Initialized Networks subsystem within 0 seconds!
[2020-08-28 13:34:49.854] INIT: Initialized Holodeck subsystem within 0 seconds!
[2020-08-28 13:35:28.894] INIT: Initialized Atoms subsystem within 39 seconds!
[2020-08-28 13:35:28.929] INIT: Initialized Language subsystem within 0 seconds!
[2020-08-28 13:35:29.313] INIT: Initialized Machines subsystem within 0.4 seconds!
[2020-08-28 13:35:29.379] INIT: Initialized Circuit subsystem within 0 seconds!
[2020-08-28 13:35:30.889] INIT: Initialized Atmos Adjacency subsystem within 1.5 seconds!
[2020-08-28 13:35:30.889] INIT: Initialized Autotransfer Vote subsystem within 0 seconds!
[2020-08-28 13:35:30.889] INIT: Initialized Chemistry subsystem within 0 seconds!
[2020-08-28 13:35:30.889] INIT: Initialized Status Effects subsystem within 0 seconds!
[2020-08-28 13:35:30.890] INIT: Initialized Weather subsystem within 0 seconds!
[2020-08-28 13:35:30.894] INIT: Initialized Disease subsystem within 0 seconds!
[2020-08-28 13:35:30.894] INIT: Initialized Jukeboxes subsystem within 0 seconds!
[2020-08-28 13:35:30.894] INIT: Initialized Medals subsystem within 0 seconds!
[2020-08-28 13:35:31.175] INIT: Initialized Minimaps subsystem within 0.3 seconds!
[2020-08-28 13:35:31.311] INIT: Initialized Night Shift subsystem within 0 seconds!
[2020-08-28 13:35:31.311] INIT: Initialized Parallax subsystem within 0 seconds!
[2020-08-28 13:35:31.311] INIT: Initialized Sun subsystem within 0 seconds!
[2020-08-28 13:35:31.565] INIT: Initialized Traumas subsystem within 0.2 seconds!
[2020-08-28 13:35:31.632] INIT: Initialized Bluespace Locker subsystem within 0.1 seconds!
[2020-08-28 13:35:31.632] INIT: Initialized Pacification Bans subsystem within 0 seconds!
[2020-08-28 13:35:31.632] INIT: Initialized Logging subsystem within 0 seconds!
[2020-08-28 13:35:31.632] INIT: Initialized Recycling subsystem within 0 seconds!
[2020-08-28 13:35:39.491] INIT: Initialized Atmospherics subsystem within 7.8 seconds!
[2020-08-28 13:35:39.491] INIT: Initialized Atmospherics - Turfs subsystem within 0 seconds!
[2020-08-28 13:35:43.071] INIT: Initialized Assets subsystem within 3.6 seconds!
[2020-08-28 13:35:50.560] INIT: Initialized Icon Smoothing subsystem within 7.5 seconds!
[2020-08-28 13:35:52.055] INIT: Initialized Overlay subsystem within 1.5 seconds!
[2020-08-28 13:35:52.055] INIT: Initialized XKeyScore subsystem within 0 seconds!
[2020-08-28 13:35:52.056] INIT: Initialized Sticky Ban subsystem within 0 seconds!
[2020-08-28 13:36:01.396] INIT: Initialized Lighting subsystem within 9.3 seconds!
[2020-08-28 13:36:06.484] INIT: Initialized Shuttle subsystem within 5.1 seconds!
[2020-08-28 13:36:06.529] INIT: Initialized Minor Mapping subsystem within 0.1 seconds!
[2020-08-28 13:36:06.530] INIT: Initialized Pathfinder subsystem within 0 seconds!
[2020-08-28 13:36:06.562] INIT: Initialized Persistence subsystem within 0 seconds!
[2020-08-28 13:36:06.562] INIT: Initialized Chat subsystem within 0 seconds!
