[2020-08-26 01:04:58.671] Starting up round ID .
 - -------------------------
[2020-08-26 01:16:23.617] Logs from logging subsystem:
 - (2020-08-25 22:07:42) ATTACK: Bob Joga/(Cockmistress) has suffered: Rough Abrasion to left hand | Damage: 18(rolled 34/57.1981) (Bridge (115, 135, 2))
 - (2020-08-25 22:07:42) ATTACK: Bob Joga/(Cockmistress) has attacked Bob Joga/(Cockmistress) with officer's sabre[DC] (INTENT: HELP) (DAMTYPE: BRUTE) (NEWHP: 82)  (Bridge (115, 135, 2))
 - (2020-08-25 22:07:46) ATTACK: Bob Joga/(Cockmistress) has suffered: Open Laceration to left hand | Damage: 19.8(rolled 50/65.3629) (Bridge (115, 134, 2))
 - (2020-08-25 22:07:46) ATTACK: Bob Joga/(Cockmistress) has attacked Bob Joga/(Cockmistress) with officer's sabre[DC] (INTENT: HELP) (DAMTYPE: BRUTE) (NEWHP: 64.5)  (Bridge (115, 134, 2))
 - (2020-08-25 22:07:47) ATTACK: Bob Joga/(Cockmistress) has attacked Bob Joga/(Cockmistress) with officer's sabre[DC] (INTENT: HELP) (DAMTYPE: BRUTE) (NEWHP: 42.75)  (Bridge (115, 134, 2))
 - (2020-08-25 22:07:51) ATTACK: Bob Joga/(Cockmistress) has suffered: Rough Abrasion to left arm | Damage: 18(rolled 34/57.1981) (Bridge (114, 134, 2))
 - (2020-08-25 22:07:51) ATTACK: Bob Joga/(Cockmistress) has attacked Bob Joga/(Cockmistress) with officer's sabre[DC] (INTENT: HELP) (DAMTYPE: BRUTE) (NEWHP: 29.25)  (Bridge (114, 134, 2))
 - (2020-08-25 22:07:52) ATTACK: Bob Joga/(Cockmistress) has attacked Bob Joga/(Cockmistress) with officer's sabre[DC] (INTENT: HELP) (DAMTYPE: BRUTE) (NEWHP: 20.94)  (Bridge (112, 134, 2))
 - (2020-08-25 22:07:53) ATTACK: Bob Joga/(Cockmistress) has attacked Bob Joga/(Cockmistress) with officer's sabre[DC] (INTENT: HELP) (DAMTYPE: BRUTE) (NEWHP: 7.5)  (Bridge (112, 134, 2))
 - (2020-08-25 22:07:54) ATTACK: Bob Joga/(Cockmistress) has attacked Bob Joga/(Cockmistress) with officer's sabre[DC] (INTENT: HELP) (DAMTYPE: BRUTE) (NEWHP: 7.5)  (Bridge (112, 134, 2))
 - (2020-08-25 22:07:55) ATTACK: Bob Joga/(Cockmistress) has attacked Bob Joga/(Cockmistress) with officer's sabre[DC] (INTENT: HELP) (DAMTYPE: BRUTE) (NEWHP: -10.5)  (Bridge (112, 134, 2))
 - (2020-08-25 22:08:03) ATTACK: Bob Joga/(Cockmistress) has suffered: Rough Abrasion to left hand | Damage: 18(rolled 31/57.1981) (Bridge (111, 134, 2))
 - (2020-08-25 22:08:03) ATTACK: Bob Joga/(Cockmistress) has attacked Bob Joga/(Cockmistress) with officer's sabre[DC] (INTENT: HELP) (DAMTYPE: BRUTE) (NEWHP: 82)  (Bridge (111, 134, 2))
 - (2020-08-25 22:08:04) ATTACK: Bob Joga/(Cockmistress) has suffered: Open Laceration to left hand | Damage: 19.8(rolled 52/65.3629) (Bridge (111, 134, 2))
 - (2020-08-25 22:08:04) ATTACK: Bob Joga/(Cockmistress) has attacked Bob Joga/(Cockmistress) with officer's sabre[DC] (INTENT: HELP) (DAMTYPE: BRUTE) (NEWHP: 64.25)  (Bridge (111, 134, 2))
 - (2020-08-25 22:08:06) ATTACK: Bob Joga/(Cockmistress) has suffered: Open Laceration to right leg | Damage: 18(rolled 55/57.1981) (Bridge (117, 134, 2))
 - (2020-08-25 22:08:06) ATTACK: Bob Joga/(Cockmistress) has attacked Bob Joga/(Cockmistress) with officer's sabre[DC] (INTENT: HELP) (DAMTYPE: BRUTE) (NEWHP: 51)  (Bridge (117, 134, 2))
 - (2020-08-25 22:09:42) ATTACK: Bob Joga/(Cockmistress) has healed Bob Joga/(Cockmistress) with suture[DC] (NEWHP: 69.69)  (Bridge (117, 136, 2))
 - (2020-08-25 22:09:45) ATTACK: Bob Joga/(Cockmistress) has healed Bob Joga/(Cockmistress) with suture[DC] (NEWHP: 81.69)  (Bridge (117, 136, 2))
 - (2020-08-25 22:09:48) ATTACK: Bob Joga/(Cockmistress) has healed Bob Joga/(Cockmistress) with suture[DC] (NEWHP: 88.94)  (Bridge (117, 136, 2))
 - (2020-08-25 22:10:26) ATTACK: Bob Joga/(Cockmistress) has suffered: Rough Abrasion to right hand | Damage: 18(rolled 49/57.1981) (Bridge (111, 136, 2))
 - (2020-08-25 22:10:26) ATTACK: Bob Joga/(Cockmistress) has attacked Bob Joga/(Cockmistress) with officer's sabre[DC] (INTENT: HELP) (DAMTYPE: BRUTE) (NEWHP: 71.94)  (Bridge (111, 136, 2))
 - (2020-08-25 22:10:28) ATTACK: Bob Joga/(Cockmistress) has attacked Bob Joga/(Cockmistress) with officer's sabre[DC] (INTENT: HELP) (DAMTYPE: BRUTE) (NEWHP: 53.19)  (Bridge (111, 136, 2))
 - (2020-08-25 22:10:30) ATTACK: Bob Joga/(Cockmistress) has attacked Bob Joga/(Cockmistress) with officer's sabre[DC] (INTENT: HELP) (DAMTYPE: BRUTE) (NEWHP: 29.94)  (Bridge (111, 136, 2))
 - (2020-08-25 22:10:34) ATTACK: Bob Joga/(Cockmistress) has suffered: Rough Abrasion to right arm | Damage: 18(rolled 25/57.1981) (Bridge (111, 136, 2))
 - (2020-08-25 22:10:34) ATTACK: Bob Joga/(Cockmistress) has attacked Bob Joga/(Cockmistress) with officer's sabre[DC] (INTENT: HELP) (DAMTYPE: BRUTE) (NEWHP: 19.44)  (Bridge (111, 136, 2))
 - (2020-08-25 22:10:37) ATTACK: Bob Joga/(Cockmistress) has suffered: Open Laceration to right hand | Damage: 19.8(rolled 57/65.3629) (Bridge (111, 135, 2))
 - (2020-08-25 22:10:37) ATTACK: Bob Joga/(Cockmistress) has suffered: Open Laceration to right arm | Damage: 19.8(rolled 52/65.3629) (Bridge (111, 135, 2))
 - (2020-08-25 22:10:37) ATTACK: Bob Joga/(Cockmistress) has attacked Bob Joga/(Cockmistress) with officer's sabre[DC] (INTENT: HELP) (DAMTYPE: BRUTE) (NEWHP: 4.31)  (Bridge (111, 135, 2))
 - (2020-08-25 22:14:58) ATTACK: bobjoga/(Cockmistress) has suffered: Rough Abrasion to right hand | Damage: 18(rolled 44/57.1981) (Bridge (109, 135, 2))
 - (2020-08-25 22:14:58) ATTACK: bobjoga/(Cockmistress) has attacked bobjoga/(Cockmistress) with officer's sabre[DC] (INTENT: HELP) (DAMTYPE: BRUTE) (NEWHP: 82)  (Bridge (109, 135, 2))
 - (2020-08-25 22:14:59) ATTACK: bobjoga/(Cockmistress) has suffered: Open Laceration to left foot | Damage: 18(rolled 56/57.1981) (Bridge (109, 135, 2))
 - (2020-08-25 22:14:59) ATTACK: bobjoga/(Cockmistress) has attacked bobjoga/(Cockmistress) with officer's sabre[DC] (INTENT: HELP) (DAMTYPE: BRUTE) (NEWHP: 68.5)  (Bridge (109, 135, 2))
 - (2020-08-25 22:15:03) ATTACK: bobjoga/(Cockmistress) has suffered: Open Laceration to right hand | Damage: 19.8(rolled 58/65.3629) (Bridge (111, 135, 2))
 - (2020-08-25 22:15:03) ATTACK: bobjoga/(Cockmistress) has attacked bobjoga/(Cockmistress) with officer's sabre[DC] (INTENT: HELP) (DAMTYPE: BRUTE) (NEWHP: 51.38)  (Bridge (111, 135, 2))
 - (2020-08-25 22:15:04) ATTACK: bobjoga/(Cockmistress) has attacked bobjoga/(Cockmistress) with officer's sabre[DC] (INTENT: HELP) (DAMTYPE: BRUTE) (NEWHP: 29.81)  (Bridge (117, 135, 2))
 - (2020-08-25 22:15:10) ATTACK: bobjoga/(Cockmistress) has suffered: Rough Abrasion to right arm | Damage: 17(rolled 37/52.7993) (Bridge (108, 135, 2))
 - (2020-08-25 22:15:10) ATTACK: bobjoga/(Cockmistress) has attacked bobjoga/(Cockmistress) with officer's sabre[DC] (INTENT: HELP) (DAMTYPE: BRUTE) (NEWHP: 17.63)  (Bridge (108, 135, 2))
 - (2020-08-25 22:15:11) ATTACK: bobjoga/(Cockmistress) has attacked bobjoga/(Cockmistress) with officer's sabre[DC] (INTENT: HELP) (DAMTYPE: BRUTE) (NEWHP: 4.13)  (Bridge (108, 135, 2))
[2020-08-26 01:26:24.196] Logs from logging subsystem:
 - (2020-08-25 22:17:38) ATTACK: *no key*/(coder monkey (714)) has suffered: Joint Dislocation to right hand | Damage: 20(rolled 41/66.2891) | WB: 2 (Space (48, 125, 2))
 - (2020-08-25 22:18:24) ATTACK: bobjoga/(Cockmistress) has attacked bobjoga/(Cockmistress) with officer's sabre[DC] (INTENT: HELP) (DAMTYPE: BRUTE) (NEWHP: 86.5)  (Bridge (117, 135, 2))
 - (2020-08-25 22:18:25) ATTACK: bobjoga/(Cockmistress) has suffered: Rough Abrasion to right hand | Damage: 18(rolled 48/57.1981) (Bridge (117, 135, 2))
 - (2020-08-25 22:18:25) ATTACK: bobjoga/(Cockmistress) has attacked bobjoga/(Cockmistress) with officer's sabre[DC] (INTENT: HELP) (DAMTYPE: BRUTE) (NEWHP: 68.5)  (Bridge (117, 135, 2))
 - (2020-08-25 22:18:26) ATTACK: bobjoga/(Cockmistress) has attacked bobjoga/(Cockmistress) with officer's sabre[DC] (INTENT: HELP) (DAMTYPE: BRUTE) (NEWHP: 50.75)  (Bridge (117, 135, 2))
 - (2020-08-25 22:18:31) ATTACK: bobjoga/(Cockmistress) has suffered: Open Laceration to right hand | Damage: 19.8(rolled 45/65.3629) (Bridge (109, 135, 2))
 - (2020-08-25 22:18:31) ATTACK: bobjoga/(Cockmistress) has attacked bobjoga/(Cockmistress) with officer's sabre[DC] (INTENT: HELP) (DAMTYPE: BRUTE) (NEWHP: 29.25)  (Bridge (109, 135, 2))
 - (2020-08-25 22:18:42) ATTACK: bobjoga/(Cockmistress) has attacked bobjoga/(Cockmistress) with officer's sabre[DC] (INTENT: HELP) (DAMTYPE: BRUTE) (NEWHP: 21.5)  (Bridge (109, 135, 2))
 - (2020-08-25 22:18:43) ATTACK: bobjoga/(Cockmistress) has suffered: Rough Abrasion to left foot | Damage: 18(rolled 23/57.1981) (Bridge (109, 135, 2))
 - (2020-08-25 22:18:43) ATTACK: bobjoga/(Cockmistress) has attacked bobjoga/(Cockmistress) with officer's sabre[DC] (INTENT: HELP) (DAMTYPE: BRUTE) (NEWHP: 8)  (Bridge (109, 135, 2))
 - (2020-08-25 22:18:44) ATTACK: bobjoga/(Cockmistress) has suffered: Rough Abrasion to left arm | Damage: 18(rolled 46/57.1981) (Bridge (109, 135, 2))
 - (2020-08-25 22:18:44) ATTACK: bobjoga/(Cockmistress) has attacked bobjoga/(Cockmistress) with officer's sabre[DC] (INTENT: HELP) (DAMTYPE: BRUTE) (NEWHP: -5.06)  (Bridge (109, 135, 2))
 - (2020-08-25 22:18:51) ATTACK: bobjoga/(Cockmistress) has suffered: Rough Abrasion to right arm | Damage: 18(rolled 21/57.1981) (Bridge (110, 135, 2))
 - (2020-08-25 22:18:52) ATTACK: bobjoga/(Cockmistress) has attacked bobjoga/(Cockmistress) with officer's sabre[DC] (INTENT: HELP) (DAMTYPE: BRUTE) (NEWHP: 86.5)  (Bridge (110, 135, 2))
 - (2020-08-25 22:18:54) ATTACK: bobjoga/(Cockmistress) has suffered: Open Laceration to right leg | Damage: 18(rolled 55/57.1981) (Bridge (109, 135, 2))
 - (2020-08-25 22:18:54) ATTACK: bobjoga/(Cockmistress) has attacked bobjoga/(Cockmistress) with officer's sabre[DC] (INTENT: HELP) (DAMTYPE: BRUTE) (NEWHP: 73.75)  (Bridge (109, 135, 2))
 - (2020-08-25 22:18:57) ATTACK: bobjoga/(Cockmistress) has attacked bobjoga/(Cockmistress) with officer's sabre[DC] (INTENT: HELP) (DAMTYPE: BRUTE) (NEWHP: 56.13)  (Bridge (109, 135, 2))
 - (2020-08-25 22:19:00) ATTACK: bobjoga/(Cockmistress) has suffered: Rough Abrasion to right hand | Damage: 18(rolled 33/57.1981) (Bridge (109, 135, 2))
 - (2020-08-25 22:19:00) ATTACK: bobjoga/(Cockmistress) has attacked bobjoga/(Cockmistress) with officer's sabre[DC] (INTENT: HELP) (DAMTYPE: BRUTE) (NEWHP: 38.5)  (Bridge (109, 135, 2))
 - (2020-08-25 22:19:01) ATTACK: bobjoga/(Cockmistress) has attacked bobjoga/(Cockmistress) with officer's sabre[DC] (INTENT: HELP) (DAMTYPE: BRUTE) (NEWHP: 25.63)  (Bridge (109, 135, 2))
 - (2020-08-25 22:19:03) ATTACK: bobjoga/(Cockmistress) has suffered: Rough Abrasion to left hand | Damage: 18(rolled 34/57.1981) (Bridge (109, 135, 2))
 - (2020-08-25 22:19:03) ATTACK: bobjoga/(Cockmistress) has attacked bobjoga/(Cockmistress) with officer's sabre[DC] (INTENT: HELP) (DAMTYPE: BRUTE) (NEWHP: 8.25)  (Bridge (109, 135, 2))
 - (2020-08-25 22:19:04) ATTACK: bobjoga/(Cockmistress) has attacked bobjoga/(Cockmistress) with officer's sabre[DC] (INTENT: HELP) (DAMTYPE: BRUTE) (NEWHP: -9.25)  (Bridge (109, 135, 2))
 - (2020-08-25 22:19:10) ATTACK: *no key*/(coder monkey (675)) has suffered: Hairline Fracture to left arm | Damage: 20(rolled 60/66.2891) | WB: 2 (Space (71, 58, 3))
 - (2020-08-25 22:19:12) ATTACK: bobjoga/(Cockmistress) has suffered: Rough Abrasion to right hand | Damage: 18(rolled 23/57.1981) (Bridge (109, 135, 2))
 - (2020-08-25 22:19:12) ATTACK: bobjoga/(Cockmistress) has attacked bobjoga/(Cockmistress) with officer's sabre[DC] (INTENT: HELP) (DAMTYPE: BRUTE) (NEWHP: 82)  (Bridge (109, 135, 2))
 - (2020-08-25 22:19:14) ATTACK: bobjoga/(Cockmistress) has attacked bobjoga/(Cockmistress) with officer's sabre[DC] (INTENT: HELP) (DAMTYPE: BRUTE) (NEWHP: 68.75)  (Bridge (109, 137, 2))
 - (2020-08-25 22:19:15) ATTACK: bobjoga/(Cockmistress) has attacked bobjoga/(Cockmistress) with officer's sabre[DC] (INTENT: HELP) (DAMTYPE: BRUTE) (NEWHP: 50.75)  (Bridge (109, 137, 2))
 - (2020-08-25 22:19:17) ATTACK: bobjoga/(Cockmistress) has suffered: Rough Abrasion to right arm | Damage: 18(rolled 47/57.1981) (Bridge (109, 136, 2))
 - (2020-08-25 22:19:17) ATTACK: bobjoga/(Cockmistress) has attacked bobjoga/(Cockmistress) with officer's sabre[DC] (INTENT: HELP) (DAMTYPE: BRUTE) (NEWHP: 37.5)  (Bridge (109, 136, 2))
 - (2020-08-25 22:20:31) ATTACK: bobjoga/(Cockmistress) has healed bobjoga/(Cockmistress) with suture[DC] (NEWHP: 60.25)  (Bridge (117, 136, 2))
 - (2020-08-25 22:20:34) ATTACK: bobjoga/(Cockmistress) has healed bobjoga/(Cockmistress) with suture[DC] (NEWHP: 74)  (Bridge (117, 136, 2))
 - (2020-08-25 22:20:37) ATTACK: bobjoga/(Cockmistress) has healed bobjoga/(Cockmistress) with suture[DC] (NEWHP: 84)  (Bridge (117, 136, 2))
 - (2020-08-25 22:20:40) ATTACK: bobjoga/(Cockmistress) has healed bobjoga/(Cockmistress) with suture[DC] (NEWHP: 86.5)  (Bridge (117, 136, 2))
 - (2020-08-25 22:21:55) ATTACK: bobjoga/(Cockmistress) has healed bobjoga/(Cockmistress) with suture[DC] (NEWHP: 94)  (Bridge (121, 134, 2))
 - (2020-08-25 22:21:58) ATTACK: bobjoga/(Cockmistress) has healed bobjoga/(Cockmistress) with suture[DC] (NEWHP: 100)  (Bridge (121, 134, 2))
 - (2020-08-25 22:22:05) ATTACK: bobjoga/(Cockmistress) has attacked bobjoga/(Cockmistress) with officer's sabre[DC] (INTENT: HELP) (DAMTYPE: BRUTE) (NEWHP: 86.5)  (Bridge (117, 135, 2))
 - (2020-08-25 22:22:06) ATTACK: bobjoga/(Cockmistress) has suffered: Rough Abrasion to right leg | Damage: 18(rolled 29/57.1981) (Bridge (117, 135, 2))
 - (2020-08-25 22:22:06) ATTACK: bobjoga/(Cockmistress) has attacked bobjoga/(Cockmistress) with officer's sabre[DC] (INTENT: HELP) (DAMTYPE: BRUTE) (NEWHP: 73)  (Bridge (117, 135, 2))
 - (2020-08-25 22:24:11) ATTACK: bobjoga/(Cockmistress) has healed bobjoga/(Cockmistress) with suture[DC] (NEWHP: 81.81)  (Bridge (117, 136, 2))
 - (2020-08-25 22:24:14) ATTACK: bobjoga/(Cockmistress) has healed bobjoga/(Cockmistress) with suture[DC] (NEWHP: 89.31)  (Bridge (117, 136, 2))
 - (2020-08-25 22:24:17) ATTACK: bobjoga/(Cockmistress) has healed bobjoga/(Cockmistress) with suture[DC] (NEWHP: 96.81)  (Bridge (117, 136, 2))
 - (2020-08-25 22:24:20) ATTACK: bobjoga/(Cockmistress) has healed bobjoga/(Cockmistress) with suture[DC] (NEWHP: 100)  (Bridge (117, 136, 2))
 - (2020-08-25 22:25:25) ATTACK: bobjoga/(Cockmistress) has attacked bobjoga/(Cockmistress) with officer's sabre[DC] (INTENT: HARM) (DAMTYPE: BRUTE) (NEWHP: 86.5)  (Bridge (117, 136, 2))
 - (2020-08-25 22:25:26) ATTACK: bobjoga/(Cockmistress) has attacked bobjoga/(Cockmistress) with officer's sabre[DC] (INTENT: HARM) (DAMTYPE: BRUTE) (NEWHP: 73)  (Bridge (117, 136, 2))
 - (2020-08-25 22:25:27) ATTACK: bobjoga/(Cockmistress) has suffered: Rough Abrasion to left leg | Damage: 18(rolled 41/57.1981) (Bridge (117, 136, 2))
 - (2020-08-25 22:25:27) ATTACK: bobjoga/(Cockmistress) has attacked bobjoga/(Cockmistress) with officer's sabre[DC] (INTENT: HARM) (DAMTYPE: BRUTE) (NEWHP: 54)  (Bridge (117, 136, 2))
 - (2020-08-25 22:25:30) ATTACK: bobjoga/(Cockmistress) has suffered: Rough Abrasion to right leg | Damage: 18(rolled 30/57.1981) (Bridge (117, 136, 2))
 - (2020-08-25 22:25:30) ATTACK: bobjoga/(Cockmistress) has attacked bobjoga/(Cockmistress) with officer's sabre[DC] (INTENT: HARM) (DAMTYPE: BRUTE) (NEWHP: 45.69)  (Bridge (117, 136, 2))
 - (2020-08-25 22:25:32) ATTACK: bobjoga/(Cockmistress) has attacked bobjoga/(Cockmistress) with officer's sabre[DC] (INTENT: HARM) (DAMTYPE: BRUTE) (NEWHP: 29.94)  (Bridge (117, 136, 2))
 - (2020-08-25 22:25:32) ATTACK: bobjoga/(Cockmistress) has attacked bobjoga/(Cockmistress) with officer's sabre[DC] (INTENT: HARM) (DAMTYPE: BRUTE) (NEWHP: 14.38)  (Bridge (117, 136, 2))
 - (2020-08-25 22:26:23) ATTACK: bobjoga/(Cockmistress) has attempted to inject bobjoga/(Cockmistress) with [epinephrine medipen] (Epinephrine, Preservahyde and Sanguirite) (NEWHP: 14.5)  (Bridge (117, 136, 2))
 - (2020-08-25 22:26:23) ATTACK: bobjoga/(Cockmistress) has injected bobjoga/(Cockmistress) with [epinephrine medipen] (Epinephrine, Preservahyde and Sanguirite) (NEWHP: 14.5)  (Bridge (117, 136, 2))
[2020-08-26 01:36:24.251] Logs from logging subsystem:
 - (2020-08-25 22:26:25) ATTACK: *no key*/(coder monkey (496)) has suffered: Hairline Fracture to chest | Damage: 20(rolled 60/66.2891) | WB: 2 (Space (155, 169, 3))
 - (2020-08-25 22:28:37) ATTACK: bobjoga/(Cockmistress) has applied bobjoga/(Cockmistress) with [medical spray (styptic powder)] /datum/reagent/medicine/styptic_powder (60u) (NEWHP: 18.5)  (Medbay Central (153, 110, 2))
 - (2020-08-25 22:28:45) ATTACK: bobjoga/(Cockmistress) has applied bobjoga/(Cockmistress) with [medical spray (styptic powder)] /datum/reagent/medicine/styptic_powder (50u) (NEWHP: 32)  (Medbay Central (153, 110, 2))
 - (2020-08-25 22:29:13) ATTACK: bobjoga/(Cockmistress) has applied bobjoga/(Cockmistress) with [medical spray (styptic powder)] /datum/reagent/medicine/styptic_powder (40u) (NEWHP: 50)  (Medbay Central (154, 110, 2))
 - (2020-08-25 22:29:20) ATTACK: bobjoga/(Cockmistress) has applied bobjoga/(Cockmistress) with [medical spray (styptic powder)] /datum/reagent/medicine/styptic_powder (30u) (NEWHP: 65)  (Medbay Central (153, 110, 2))
 - (2020-08-25 22:31:28) ATTACK: bobjoga/(Cockmistress) has attemped to inject bobjoga/(Cockmistress) with [hypospray mk.II] which had /datum/reagent/medicine/bicaridine (30u) (NEWHP: 83.5)  (Medbay Central (154, 110, 2))
 - (2020-08-25 22:31:31) ATTACK: <font color='red'>Cockmistress (bobjoga) applied the hypospray mk.II to Cockmistress (bobjoga), which had /datum/reagent/medicine/bicaridine (30u) (INTENT: HELP) (MODE: 1)</font>
 - (2020-08-25 22:31:31) ATTACK: bobjoga/(Cockmistress) <font color='orange'>applied the hypospray mk.II to themselves (/datum/reagent/medicine/bicaridine (30u)).</font> (Medbay Central (154, 110, 2))
 - (2020-08-25 22:32:12) ATTACK: bobjoga/(Cockmistress) has attemped to inject bobjoga/(Cockmistress) with [hypospray mk.II] which had /datum/reagent/medicine/bicaridine (20u) (NEWHP: 100)  (Medbay Central (153, 110, 2))
 - (2020-08-25 22:32:14) ATTACK: <font color='red'>Cockmistress (bobjoga) applied the hypospray mk.II to Cockmistress (bobjoga), which had /datum/reagent/medicine/bicaridine (20u) (INTENT: HELP) (MODE: 1)</font>
 - (2020-08-25 22:32:14) ATTACK: bobjoga/(Cockmistress) <font color='orange'>applied the hypospray mk.II to themselves (/datum/reagent/medicine/bicaridine (20u)).</font> (Medbay Central (153, 110, 2))
 - (2020-08-25 22:33:13) ATTACK: bobjoga/(Cockmistress) has attacked bobjoga/(Cockmistress) with officer's sabre[DC] (INTENT: HELP) (DAMTYPE: BRUTE) (NEWHP: 86.5)  (Cryogenics (148, 110, 2))
 - (2020-08-25 22:33:14) ATTACK: bobjoga/(Cockmistress) has suffered: Rough Abrasion to left leg | Damage: 18(rolled 49/57.1981) (Cryogenics (148, 110, 2))
 - (2020-08-25 22:33:14) ATTACK: bobjoga/(Cockmistress) has attacked bobjoga/(Cockmistress) with officer's sabre[DC] (INTENT: HELP) (DAMTYPE: BRUTE) (NEWHP: 73)  (Cryogenics (148, 110, 2))
 - (2020-08-25 22:33:17) ATTACK: bobjoga/(Cockmistress) has attacked *no key*/(C.L.E.A.N.) with officer's sabre[DC] (INTENT: HELP) (DAMTYPE: BRUTE) (NEWHP: 7)  (Cryogenics (147, 110, 2))
 - (2020-08-25 22:33:18) ATTACK: bobjoga/(Cockmistress) has suffered: Open Laceration to left leg | Damage: 19.8(rolled 49/65.3629) (Medbay Treatment Center (145, 110, 2))
 - (2020-08-25 22:33:18) ATTACK: bobjoga/(Cockmistress) has attacked bobjoga/(Cockmistress) with officer's sabre[DC] (INTENT: HELP) (DAMTYPE: BRUTE) (NEWHP: 49)  (Medbay Treatment Center (145, 110, 2))
 - (2020-08-25 22:33:23) ATTACK: bobjoga/(Cockmistress) has attemped to inject bobjoga/(Cockmistress) with [hypospray mk.II] which had /datum/reagent/medicine/bicaridine (10u) (NEWHP: 54.38)  (Cryogenics (150, 110, 2))
 - (2020-08-25 22:33:25) ATTACK: <font color='red'>Cockmistress (bobjoga) applied the hypospray mk.II to Cockmistress (bobjoga), which had /datum/reagent/medicine/bicaridine (10u) (INTENT: HELP) (MODE: 1)</font>
 - (2020-08-25 22:33:25) ATTACK: bobjoga/(Cockmistress) <font color='orange'>applied the hypospray mk.II to themselves (/datum/reagent/medicine/bicaridine (10u)).</font> (Cryogenics (150, 110, 2))
 - (2020-08-25 22:33:27) ATTACK: bobjoga/(Cockmistress) has attemped to inject bobjoga/(Cockmistress) with [hypospray mk.II] which had no reagents (NEWHP: 56.75)  (Cryogenics (150, 110, 2))
 - (2020-08-25 22:33:49) ATTACK: bobjoga/(Cockmistress) has attemped to inject bobjoga/(Cockmistress) with [hypospray mk.II] which had no reagents (NEWHP: 80.31)  (Medbay Treatment Center (144, 110, 2))
 - (2020-08-25 22:33:52) ATTACK: bobjoga/(Cockmistress) has attemped to inject bobjoga/(Cockmistress) with [hypospray mk.II] which had no reagents (NEWHP: 83.69)  (Medbay Treatment Center (144, 112, 2))
 - (2020-08-25 22:34:00) ATTACK: bobjoga/(Cockmistress) has attemped to inject bobjoga/(Cockmistress) with [hypospray mk.II] which had /datum/reagent/medicine/bicaridine (30u) (NEWHP: 89.44)  (Cryogenics (147, 110, 2))
 - (2020-08-25 22:34:03) ATTACK: <font color='red'>Cockmistress (bobjoga) applied the hypospray mk.II to Cockmistress (bobjoga), which had /datum/reagent/medicine/bicaridine (30u) (INTENT: HELP) (MODE: 0)</font>
 - (2020-08-25 22:34:03) ATTACK: bobjoga/(Cockmistress) <font color='orange'>applied the hypospray mk.II to themselves (/datum/reagent/medicine/bicaridine (30u)).</font> (Cryogenics (147, 110, 2))
