[2020-08-26 01:04:58.676] Starting up round ID .
 - -------------------------
[2020-08-26 01:04:59.652] INIT: Initialized Profiler subsystem within 0 seconds!
[2020-08-26 01:04:59.800] Fail2Topic: Failed to drop firewall rule. Exit code: 1.
[2020-08-26 01:04:59.800] INIT: Initialized Fail2Topic subsystem within 0.2 seconds!
[2020-08-26 01:04:59.802] INIT: Initialized Title Screen subsystem within 0 seconds!
[2020-08-26 01:04:59.803] INIT: Initialized Database subsystem within 0 seconds!
[2020-08-26 01:04:59.803] INIT: Initialized Blackbox subsystem within 0 seconds!
[2020-08-26 01:04:59.804] INIT: Initialized Server Tasks subsystem within 0 seconds!
[2020-08-26 01:04:59.807] INIT: Initialized Input subsystem within 0 seconds!
[2020-08-26 01:04:59.812] INIT: Initialized Sounds subsystem within 0 seconds!
[2020-08-26 01:04:59.812] INIT: Initialized Vis contents overlays subsystem within 0 seconds!
[2020-08-26 01:04:59.902] INIT: Initialized Research subsystem within 0.1 seconds!
[2020-08-26 01:04:59.905] INIT: Initialized Events subsystem within 0 seconds!
[2020-08-26 01:04:59.915] INIT: Initialized Jobs subsystem within 0 seconds!
[2020-08-26 01:04:59.920] INIT: Initialized Quirks subsystem within 0 seconds!
[2020-08-26 01:04:59.929] INIT: Initialized Ticker subsystem within 0 seconds!
[2020-08-26 01:04:59.943] INIT: Initialized Instruments subsystem within 0 seconds!
[2020-08-26 01:05:16.004] INIT: Initialized Mapping subsystem within 16.1 seconds!
[2020-08-26 01:05:16.006] INIT: Initialized Economy subsystem within 0 seconds!
[2020-08-26 01:05:16.007] INIT: Initialized Networks subsystem within 0 seconds!
[2020-08-26 01:05:16.007] INIT: Initialized Holodeck subsystem within 0 seconds!
[2020-08-26 01:05:48.009] INIT: Initialized Atoms subsystem within 32 seconds!
[2020-08-26 01:05:48.030] INIT: Initialized Language subsystem within 0 seconds!
[2020-08-26 01:05:48.185] INIT: Initialized Machines subsystem within 0.1 seconds!
[2020-08-26 01:05:48.224] INIT: Initialized Circuit subsystem within 0.1 seconds!
[2020-08-26 01:05:49.508] INIT: Initialized Atmos Adjacency subsystem within 1.3 seconds!
[2020-08-26 01:05:49.509] INIT: Initialized Autotransfer Vote subsystem within 0 seconds!
[2020-08-26 01:05:49.509] INIT: Initialized Chemistry subsystem within 0 seconds!
[2020-08-26 01:05:49.509] INIT: Initialized Status Effects subsystem within 0 seconds!
[2020-08-26 01:05:49.510] INIT: Initialized Weather subsystem within 0 seconds!
[2020-08-26 01:05:49.513] INIT: Initialized Disease subsystem within 0 seconds!
[2020-08-26 01:05:49.513] INIT: Initialized Jukeboxes subsystem within 0 seconds!
[2020-08-26 01:05:49.513] INIT: Initialized Medals subsystem within 0 seconds!
[2020-08-26 01:05:49.755] INIT: Initialized Minimaps subsystem within 0.2 seconds!
[2020-08-26 01:05:49.758] INIT: Initialized Night Shift subsystem within 0 seconds!
[2020-08-26 01:05:49.758] INIT: Initialized Parallax subsystem within 0 seconds!
[2020-08-26 01:05:49.758] INIT: Initialized Sun subsystem within 0 seconds!
[2020-08-26 01:05:50.008] INIT: Initialized Traumas subsystem within 0.3 seconds!
[2020-08-26 01:05:50.044] INIT: Initialized Bluespace Locker subsystem within 0 seconds!
[2020-08-26 01:05:50.049] INIT: Initialized Pacification Bans subsystem within 0 seconds!
[2020-08-26 01:05:50.050] INIT: Initialized Logging subsystem within 0 seconds!
[2020-08-26 01:05:50.050] INIT: Initialized Recycling subsystem within 0 seconds!
[2020-08-26 01:05:56.006] INIT: Initialized Atmospherics subsystem within 6 seconds!
[2020-08-26 01:05:56.006] INIT: Initialized Atmospherics - Turfs subsystem within 0 seconds!
[2020-08-26 01:05:59.346] INIT: Initialized Assets subsystem within 3.3 seconds!
[2020-08-26 01:06:04.830] INIT: Initialized Icon Smoothing subsystem within 5.5 seconds!
[2020-08-26 01:06:05.980] INIT: Initialized Overlay subsystem within 1.1 seconds!
[2020-08-26 01:06:05.980] INIT: Initialized XKeyScore subsystem within 0 seconds!
[2020-08-26 01:06:05.981] INIT: Initialized Sticky Ban subsystem within 0 seconds!
[2020-08-26 01:06:13.576] INIT: Initialized Lighting subsystem within 7.6 seconds!
[2020-08-26 01:06:17.363] INIT: Initialized Shuttle subsystem within 3.8 seconds!
[2020-08-26 01:06:17.410] INIT: Initialized Minor Mapping subsystem within 0.1 seconds!
[2020-08-26 01:06:17.411] INIT: Initialized Pathfinder subsystem within 0 seconds!
[2020-08-26 01:06:17.444] INIT: Initialized Persistence subsystem within 0 seconds!
[2020-08-26 01:06:17.444] INIT: Initialized Chat subsystem within 0 seconds!
