[2020-09-18 01:07:32.228] Starting up round ID .
 - -------------------------
[2020-09-18 01:07:38.369] INIT: Initialized Profiler subsystem within 0 seconds!
[2020-09-18 01:07:38.668] Fail2Topic: Failed to drop firewall rule. Exit code: 1.
[2020-09-18 01:07:38.668] INIT: Initialized Fail2Topic subsystem within 0.3 seconds!
[2020-09-18 01:07:38.670] INIT: Initialized Title Screen subsystem within 0 seconds!
[2020-09-18 01:07:38.671] INIT: Initialized Database subsystem within 0 seconds!
[2020-09-18 01:07:38.672] INIT: Initialized Blackbox subsystem within 0 seconds!
[2020-09-18 01:07:38.672] INIT: Initialized Server Tasks subsystem within 0 seconds!
[2020-09-18 01:07:38.674] INIT: Initialized Input subsystem within 0 seconds!
[2020-09-18 01:07:38.677] INIT: Initialized Sounds subsystem within 0 seconds!
[2020-09-18 01:07:38.677] INIT: Initialized Vis contents overlays subsystem within 0 seconds!
[2020-09-18 01:07:38.740] INIT: Initialized Research subsystem within 0.1 seconds!
[2020-09-18 01:07:38.743] INIT: Initialized Events subsystem within 0 seconds!
[2020-09-18 01:07:38.748] INIT: Initialized Jobs subsystem within 0 seconds!
[2020-09-18 01:07:38.753] INIT: Initialized Quirks subsystem within 0 seconds!
[2020-09-18 01:07:38.769] INIT: Initialized Ticker subsystem within 0 seconds!
[2020-09-18 01:07:38.781] INIT: Initialized Instruments subsystem within 0 seconds!
[2020-09-18 01:07:57.764] INIT: Initialized Mapping subsystem within 19 seconds!
[2020-09-18 01:07:57.777] INIT: Initialized Economy subsystem within 0 seconds!
[2020-09-18 01:07:57.778] INIT: Initialized Networks subsystem within 0 seconds!
[2020-09-18 01:07:57.778] INIT: Initialized Holodeck subsystem within 0 seconds!
[2020-09-18 01:08:31.919] INIT: Initialized Atoms subsystem within 34.2 seconds!
[2020-09-18 01:08:31.944] INIT: Initialized Language subsystem within 0 seconds!
[2020-09-18 01:08:32.104] INIT: Initialized Machines subsystem within 0.2 seconds!
[2020-09-18 01:08:32.140] INIT: Initialized Circuit subsystem within 0 seconds!
[2020-09-18 01:08:33.541] INIT: Initialized Atmos Adjacency subsystem within 1.4 seconds!
[2020-09-18 01:08:33.541] INIT: Initialized Autotransfer Vote subsystem within 0 seconds!
[2020-09-18 01:08:33.541] INIT: Initialized Chemistry subsystem within 0 seconds!
[2020-09-18 01:08:33.542] INIT: Initialized Status Effects subsystem within 0 seconds!
[2020-09-18 01:08:33.543] INIT: Initialized Weather subsystem within 0 seconds!
[2020-09-18 01:08:33.546] INIT: Initialized Disease subsystem within 0 seconds!
[2020-09-18 01:08:33.546] INIT: Initialized Jukeboxes subsystem within 0 seconds!
[2020-09-18 01:08:33.546] INIT: Initialized Medals subsystem within 0 seconds!
[2020-09-18 01:08:33.805] INIT: Initialized Minimaps subsystem within 0.3 seconds!
[2020-09-18 01:08:33.862] INIT: Initialized Night Shift subsystem within 0 seconds!
[2020-09-18 01:08:33.862] INIT: Initialized Parallax subsystem within 0 seconds!
[2020-09-18 01:08:33.862] INIT: Initialized Sun subsystem within 0 seconds!
[2020-09-18 01:08:34.093] INIT: Initialized Traumas subsystem within 0.2 seconds!
[2020-09-18 01:08:34.136] INIT: Initialized Bluespace Locker subsystem within 0.1 seconds!
[2020-09-18 01:08:34.170] INIT: Initialized Pacification Bans subsystem within 0 seconds!
[2020-09-18 01:08:34.170] INIT: Initialized Logging subsystem within 0 seconds!
[2020-09-18 01:08:34.170] INIT: Initialized Recycling subsystem within 0 seconds!
[2020-09-18 01:08:40.297] INIT: Initialized Atmospherics subsystem within 6.1 seconds!
[2020-09-18 01:08:40.297] INIT: Initialized Atmospherics - Turfs subsystem within 0 seconds!
[2020-09-18 01:08:43.598] INIT: Initialized Assets subsystem within 3.3 seconds!
[2020-09-18 01:08:50.114] INIT: Initialized Icon Smoothing subsystem within 6.5 seconds!
[2020-09-18 01:08:51.470] INIT: Initialized Overlay subsystem within 1.3 seconds!
[2020-09-18 01:08:51.470] INIT: Initialized XKeyScore subsystem within 0 seconds!
[2020-09-18 01:08:51.475] INIT: Initialized Sticky Ban subsystem within 0 seconds!
[2020-09-18 01:08:59.657] INIT: Initialized Lighting subsystem within 8.2 seconds!
[2020-09-18 01:09:03.368] INIT: Initialized Shuttle subsystem within 3.7 seconds!
[2020-09-18 01:09:03.415] INIT: Initialized Minor Mapping subsystem within 0.1 seconds!
[2020-09-18 01:09:03.415] INIT: Initialized Pathfinder subsystem within 0 seconds!
[2020-09-18 01:09:03.455] INIT: Initialized Persistence subsystem within 0 seconds!
[2020-09-18 01:09:03.455] INIT: Initialized Chat subsystem within 0 seconds!
