[2020-09-18 03:37:40.442] Starting up round ID .
 - -------------------------
[2020-09-18 03:37:45.922] INIT: Initialized Profiler subsystem within 0 seconds!
[2020-09-18 03:37:46.073] Fail2Topic: Failed to drop firewall rule. Exit code: 1.
[2020-09-18 03:37:46.073] INIT: Initialized Fail2Topic subsystem within 0.1 seconds!
[2020-09-18 03:37:46.074] INIT: Initialized Title Screen subsystem within 0 seconds!
[2020-09-18 03:37:46.075] INIT: Initialized Database subsystem within 0 seconds!
[2020-09-18 03:37:46.075] INIT: Initialized Blackbox subsystem within 0 seconds!
[2020-09-18 03:37:46.075] INIT: Initialized Server Tasks subsystem within 0 seconds!
[2020-09-18 03:37:46.076] INIT: Initialized Input subsystem within 0 seconds!
[2020-09-18 03:37:46.079] INIT: Initialized Sounds subsystem within 0 seconds!
[2020-09-18 03:37:46.079] INIT: Initialized Vis contents overlays subsystem within 0 seconds!
[2020-09-18 03:37:46.148] INIT: Initialized Research subsystem within 0.1 seconds!
[2020-09-18 03:37:46.151] INIT: Initialized Events subsystem within 0 seconds!
[2020-09-18 03:37:46.155] INIT: Initialized Jobs subsystem within 0 seconds!
[2020-09-18 03:37:46.160] INIT: Initialized Quirks subsystem within 0 seconds!
[2020-09-18 03:37:46.166] INIT: Initialized Ticker subsystem within 0 seconds!
[2020-09-18 03:37:46.178] INIT: Initialized Instruments subsystem within 0 seconds!
[2020-09-18 03:38:02.709] INIT: Initialized Mapping subsystem within 16.6 seconds!
[2020-09-18 03:38:02.726] INIT: Initialized Economy subsystem within 0 seconds!
[2020-09-18 03:38:02.730] INIT: Initialized Networks subsystem within 0 seconds!
[2020-09-18 03:38:02.730] INIT: Initialized Holodeck subsystem within 0 seconds!
[2020-09-18 03:38:36.898] INIT: Initialized Atoms subsystem within 34.1 seconds!
[2020-09-18 03:38:36.921] INIT: Initialized Language subsystem within 0 seconds!
[2020-09-18 03:38:37.071] INIT: Initialized Machines subsystem within 0.1 seconds!
[2020-09-18 03:38:37.119] INIT: Initialized Circuit subsystem within 0.1 seconds!
[2020-09-18 03:38:38.362] INIT: Initialized Atmos Adjacency subsystem within 1.2 seconds!
[2020-09-18 03:38:38.362] INIT: Initialized Autotransfer Vote subsystem within 0 seconds!
[2020-09-18 03:38:38.362] INIT: Initialized Chemistry subsystem within 0 seconds!
[2020-09-18 03:38:38.362] INIT: Initialized Status Effects subsystem within 0 seconds!
[2020-09-18 03:38:38.363] INIT: Initialized Weather subsystem within 0 seconds!
[2020-09-18 03:38:38.366] INIT: Initialized Disease subsystem within 0 seconds!
[2020-09-18 03:38:38.366] INIT: Initialized Jukeboxes subsystem within 0 seconds!
[2020-09-18 03:38:38.366] INIT: Initialized Medals subsystem within 0 seconds!
[2020-09-18 03:38:38.604] INIT: Initialized Minimaps subsystem within 0.3 seconds!
[2020-09-18 03:38:38.657] INIT: Initialized Night Shift subsystem within 0 seconds!
[2020-09-18 03:38:38.657] INIT: Initialized Parallax subsystem within 0 seconds!
[2020-09-18 03:38:38.657] INIT: Initialized Sun subsystem within 0 seconds!
[2020-09-18 03:38:38.870] INIT: Initialized Traumas subsystem within 0.2 seconds!
[2020-09-18 03:38:38.906] INIT: Initialized Bluespace Locker subsystem within 0.1 seconds!
[2020-09-18 03:38:38.907] INIT: Initialized Pacification Bans subsystem within 0 seconds!
[2020-09-18 03:38:38.907] INIT: Initialized Logging subsystem within 0 seconds!
[2020-09-18 03:38:38.907] INIT: Initialized Recycling subsystem within 0 seconds!
[2020-09-18 03:38:44.942] INIT: Initialized Atmospherics subsystem within 6 seconds!
[2020-09-18 03:38:44.942] INIT: Initialized Atmospherics - Turfs subsystem within 0 seconds!
[2020-09-18 03:38:48.132] INIT: Initialized Assets subsystem within 3.2 seconds!
[2020-09-18 03:38:54.602] INIT: Initialized Icon Smoothing subsystem within 6.5 seconds!
[2020-09-18 03:38:55.923] INIT: Initialized Overlay subsystem within 1.3 seconds!
[2020-09-18 03:38:55.923] INIT: Initialized XKeyScore subsystem within 0 seconds!
[2020-09-18 03:38:55.924] INIT: Initialized Sticky Ban subsystem within 0 seconds!
[2020-09-18 03:39:04.501] INIT: Initialized Lighting subsystem within 8.6 seconds!
[2020-09-18 03:39:09.332] INIT: Initialized Shuttle subsystem within 4.8 seconds!
[2020-09-18 03:39:09.373] INIT: Initialized Minor Mapping subsystem within 0 seconds!
[2020-09-18 03:39:09.397] INIT: Initialized Pathfinder subsystem within 0 seconds!
[2020-09-18 03:39:09.432] INIT: Initialized Persistence subsystem within 0.1 seconds!
[2020-09-18 03:39:09.433] INIT: Initialized Chat subsystem within 0 seconds!
