[2020-09-16 23:40:27.519] Starting up round ID .
 - -------------------------
[2020-09-16 23:40:33.747] INIT: Initialized Profiler subsystem within 0 seconds!
[2020-09-16 23:40:33.997] Fail2Topic: Failed to drop firewall rule. Exit code: 1.
[2020-09-16 23:40:33.997] INIT: Initialized Fail2Topic subsystem within 0.2 seconds!
[2020-09-16 23:40:34.001] INIT: Initialized Title Screen subsystem within 0.1 seconds!
[2020-09-16 23:40:34.001] INIT: Initialized Database subsystem within 0 seconds!
[2020-09-16 23:40:34.001] INIT: Initialized Blackbox subsystem within 0 seconds!
[2020-09-16 23:40:34.002] INIT: Initialized Server Tasks subsystem within 0 seconds!
[2020-09-16 23:40:34.002] INIT: Initialized Input subsystem within 0 seconds!
[2020-09-16 23:40:34.004] INIT: Initialized Sounds subsystem within 0 seconds!
[2020-09-16 23:40:34.004] INIT: Initialized Vis contents overlays subsystem within 0 seconds!
[2020-09-16 23:40:34.088] INIT: Initialized Research subsystem within 0 seconds!
[2020-09-16 23:40:34.094] INIT: Initialized Events subsystem within 0 seconds!
[2020-09-16 23:40:34.100] INIT: Initialized Jobs subsystem within 0.1 seconds!
[2020-09-16 23:40:34.108] INIT: Initialized Quirks subsystem within 0 seconds!
[2020-09-16 23:40:34.136] INIT: Initialized Ticker subsystem within 0 seconds!
[2020-09-16 23:40:34.149] INIT: Initialized Instruments subsystem within 0 seconds!
[2020-09-16 23:40:55.069] INIT: Initialized Mapping subsystem within 20.9 seconds!
[2020-09-16 23:40:55.083] INIT: Initialized Economy subsystem within 0 seconds!
[2020-09-16 23:40:55.084] INIT: Initialized Networks subsystem within 0 seconds!
[2020-09-16 23:40:55.084] INIT: Initialized Holodeck subsystem within 0 seconds!
[2020-09-16 23:41:29.092] INIT: Initialized Atoms subsystem within 33.9 seconds!
[2020-09-16 23:41:29.118] INIT: Initialized Language subsystem within 0 seconds!
[2020-09-16 23:41:29.268] INIT: Initialized Machines subsystem within 0.1 seconds!
[2020-09-16 23:41:29.306] INIT: Initialized Circuit subsystem within 0.1 seconds!
[2020-09-16 23:41:30.758] INIT: Initialized Atmos Adjacency subsystem within 1.4 seconds!
[2020-09-16 23:41:30.758] INIT: Initialized Autotransfer Vote subsystem within 0 seconds!
[2020-09-16 23:41:30.758] INIT: Initialized Chemistry subsystem within 0 seconds!
[2020-09-16 23:41:30.759] INIT: Initialized Status Effects subsystem within 0 seconds!
[2020-09-16 23:41:30.759] INIT: Initialized Weather subsystem within 0 seconds!
[2020-09-16 23:41:30.763] INIT: Initialized Disease subsystem within 0 seconds!
[2020-09-16 23:41:30.763] INIT: Initialized Jukeboxes subsystem within 0 seconds!
[2020-09-16 23:41:30.763] INIT: Initialized Medals subsystem within 0 seconds!
[2020-09-16 23:41:31.014] INIT: Initialized Minimaps subsystem within 0.3 seconds!
[2020-09-16 23:41:31.068] INIT: Initialized Night Shift subsystem within 0 seconds!
[2020-09-16 23:41:31.068] INIT: Initialized Parallax subsystem within 0 seconds!
[2020-09-16 23:41:31.068] INIT: Initialized Sun subsystem within 0 seconds!
[2020-09-16 23:41:31.371] INIT: Initialized Traumas subsystem within 0.3 seconds!
[2020-09-16 23:41:31.438] INIT: Initialized Bluespace Locker subsystem within 0.1 seconds!
[2020-09-16 23:41:31.438] INIT: Initialized Pacification Bans subsystem within 0 seconds!
[2020-09-16 23:41:31.439] INIT: Initialized Logging subsystem within 0 seconds!
[2020-09-16 23:41:31.439] INIT: Initialized Recycling subsystem within 0 seconds!
[2020-09-16 23:41:38.332] INIT: Initialized Atmospherics subsystem within 6.9 seconds!
[2020-09-16 23:41:38.332] INIT: Initialized Atmospherics - Turfs subsystem within 0 seconds!
[2020-09-16 23:41:41.853] INIT: Initialized Assets subsystem within 3.5 seconds!
[2020-09-16 23:41:48.139] INIT: Initialized Icon Smoothing subsystem within 6.2 seconds!
[2020-09-16 23:41:49.427] INIT: Initialized Overlay subsystem within 1.3 seconds!
[2020-09-16 23:41:49.427] INIT: Initialized XKeyScore subsystem within 0 seconds!
[2020-09-16 23:41:49.428] INIT: Initialized Sticky Ban subsystem within 0 seconds!
[2020-09-16 23:41:57.261] INIT: Initialized Lighting subsystem within 7.8 seconds!
[2020-09-16 23:42:01.085] INIT: Initialized Shuttle subsystem within 3.8 seconds!
[2020-09-16 23:42:01.142] INIT: Initialized Minor Mapping subsystem within 0.1 seconds!
[2020-09-16 23:42:01.143] INIT: Initialized Pathfinder subsystem within 0 seconds!
[2020-09-16 23:42:01.178] INIT: Initialized Persistence subsystem within 0 seconds!
[2020-09-16 23:42:01.179] INIT: Initialized Chat subsystem within 0 seconds!
