[2020-09-17 12:31:18.758] Logs from logging subsystem:
 - (2020-09-17 09:29:48) ASSET: Sending asset common.css to client Guest-3000796718
 - (2020-09-17 09:29:48) ASSET: Sending asset jquery.min.js to client Guest-3000796718
 - (2020-09-17 09:29:49) ASSET: Sending asset json2.min.js to client Guest-3000796718
 - (2020-09-17 09:29:49) ASSET: Sending asset browserOutput.js to client Guest-3000796718
 - (2020-09-17 09:29:49) ASSET: Sending asset browserOutput.css to client Guest-3000796718
 - (2020-09-17 09:29:49) ASSET: Sending asset browserOutput_dark.css to client Guest-3000796718
 - (2020-09-17 09:29:49) ASSET: Sending asset browserOutput_light.css to client Guest-3000796718
 - (2020-09-17 09:29:49) ASSET: Sending asset spritesheet_chat.css to client Guest-3000796718
 - (2020-09-17 09:29:49) ASSET: Sending asset chat_16x16.png to client Guest-3000796718
 - (2020-09-17 09:29:49) ASSET: Sending asset fa-regular-400.eot to client Guest-3000796718
 - (2020-09-17 09:29:49) ASSET: Sending asset fa-regular-400.woff to client Guest-3000796718
 - (2020-09-17 09:29:49) ASSET: Sending asset fa-solid-900.eot to client Guest-3000796718
 - (2020-09-17 09:29:49) ASSET: Sending asset fa-solid-900.woff to client Guest-3000796718
 - (2020-09-17 09:29:49) ASSET: Sending asset font-awesome.css to client Guest-3000796718
 - (2020-09-17 09:29:49) ASSET: Sending asset v4shim.css to client Guest-3000796718
 - (2020-09-17 09:31:16) ASSET: Sending asset spritesheet_paper.css to client Guest-3000796718
 - (2020-09-17 09:31:16) ASSET: Sending asset paper_121x54.png to client Guest-3000796718
 - (2020-09-17 09:31:16) ASSET: Sending asset spritesheet_pills.css to client Guest-3000796718
 - (2020-09-17 09:31:17) ASSET: Sending asset pills_22x10.png to client Guest-3000796718
 - (2020-09-17 09:31:17) ASSET: Sending asset pills_14x14.png to client Guest-3000796718
 - (2020-09-17 09:31:17) ASSET: Sending asset minimap-cc54d5ca745b6f43b2eb53ac368c258a.png to client Guest-3000796718
 - (2020-09-17 09:31:17) ASSET: Sending asset minimap-cc54d5ca745b6f43b2eb53ac368c258a-meta.png to client Guest-3000796718
 - (2020-09-17 09:31:17) ASSET: Sending asset tgui.css to client Guest-3000796718
 - (2020-09-17 09:31:17) ASSET: Sending asset tgui.js to client Guest-3000796718
 - (2020-09-17 09:31:17) ASSET: Sending asset tgui-main.html to client Guest-3000796718
 - (2020-09-17 09:31:17) ASSET: Sending asset tgui.bundle.js to client Guest-3000796718
 - (2020-09-17 09:31:17) ASSET: Sending asset tgui.bundle.css to client Guest-3000796718
 - (2020-09-17 09:31:17) ASSET: Sending asset asset.feb262263025f1ad8ebcacf1d51eaea2.png to client Guest-3000796718
 - (2020-09-17 09:31:17) ASSET: Sending asset tgui-fallback.html to client Guest-3000796718
 - (2020-09-17 09:31:17) ASSET: Sending asset shim-html5shiv.js to client Guest-3000796718
 - (2020-09-17 09:31:17) ASSET: Sending asset shim-ie8.js to client Guest-3000796718
 - (2020-09-17 09:31:18) ASSET: Sending asset shim-dom4.js to client Guest-3000796718
 - (2020-09-17 09:31:18) ASSET: Sending asset shim-css-om.js to client Guest-3000796718
 - (2020-09-17 09:31:18) ASSET: Sending asset alarm_green.gif to client Guest-3000796718
