[2020-09-29 05:33:58.575] Starting up round ID .
 - -------------------------
[2020-09-29 05:45:50.506] Logs from logging subsystem:
 - (2020-09-29 02:37:25) ATTACK: Bob Joga/(Cock Advisor) <font color='red'>has turned ON the combat indicator!</font> (Bridge (117, 135, 2))
 - (2020-09-29 02:37:28) ATTACK: Bob Joga/(Cock Advisor) <font color='blue'>has turned OFF the combat indicator!</font> (Bridge (117, 135, 2))
 - (2020-09-29 02:37:30) ATTACK: Bob Joga/(Cock Advisor) <font color='red'>has turned ON the combat indicator!</font> (Bridge (117, 135, 2))
 - (2020-09-29 02:37:31) ATTACK: *no key*/(Niilo Butts) has suffered: Weeping Avulsion to left leg | Damage: 66(rolled 208/352.664) (Bridge (118, 135, 2))
 - (2020-09-29 02:37:31) ATTACK: Bob Joga/(Cock Advisor) has attacked *no key*/(Niilo Butts) with fire axe (Wielded)[DC] (INTENT: HELP) (DAMTYPE: BRUTE) (NEWHP: 29)  (Bridge (117, 135, 2))
 - (2020-09-29 02:37:34) ATTACK: *no key*/(Niilo Butts) has suffered: Weeping Avulsion to chest | Damage: 66(rolled 309/352.664) (Bridge (118, 135, 2))
 - (2020-09-29 02:37:34) ATTACK: Bob Joga/(Cock Advisor) has attacked *no key*/(Niilo Butts) with fire axe (Wielded)[DC] (INTENT: HELP) (DAMTYPE: BRUTE) (NEWHP: -31.5)  (Bridge (117, 135, 2))
 - (2020-09-29 02:37:36) ATTACK: *no key*/(Niilo Butts) has suffered: Open Laceration to left hand | Damage: 66(rolled 72/352.664) (Bridge (118, 135, 2))
 - (2020-09-29 02:37:36) ATTACK: *no key*/(Niilo Butts) has suffered: Weeping Avulsion to left arm | Damage: 36(rolled 86/150.947) (Bridge (118, 135, 2))
 - (2020-09-29 02:37:36) ATTACK: Bob Joga/(Cock Advisor) has attacked *no key*/(Niilo Butts) with fire axe (Wielded)[DC] (INTENT: HELP) (DAMTYPE: BRUTE) (NEWHP: -102.5)  (Bridge (117, 135, 2))
 - (2020-09-29 02:37:38) ATTACK: *no key*/(Niilo Butts) has suffered: Hairline Fracture to chest | Damage: 36.3(rolled 75/152.711) (Bridge (118, 135, 2))
 - (2020-09-29 02:37:38) ATTACK: Bob Joga/(Cock Advisor) has attacked *no key*/(Niilo Butts) with fire axe (Wielded)[DC] (INTENT: HELP) (DAMTYPE: BRUTE) (NEWHP: -169.75)  (Bridge (117, 136, 2))
 - (2020-09-29 02:37:39) ATTACK: *no key*/(Niilo Butts) has suffered: Rough Abrasion to head | Damage: 16(rolled 43/48.5029) (Bridge (118, 135, 2))
 - (2020-09-29 02:37:39) ATTACK: *no key*/(Niilo Butts) has suffered: Rough Abrasion to right arm | Damage: 16(rolled 47/48.5029) (Bridge (118, 135, 2))
 - (2020-09-29 02:37:39) ATTACK: *no key*/(Niilo Butts) has suffered: Joint Dislocation to left arm | Damage: 8.8(rolled 14/21.0027) (Bridge (118, 135, 2))
 - (2020-09-29 02:37:39) ATTACK: Bob Joga/(Cock Advisor) has attacked *no key*/(Niilo Butts) with fire axe (Wielded)[DC] (INTENT: HELP) (DAMTYPE: BRUTE) (NEWHP: -316.5)  (Bridge (117, 136, 2))
 - (2020-09-29 02:37:41) ATTACK: *no key*/(Niilo Butts) has suffered: Compound Fracture to chest | Damage: 36.3(rolled 113/152.711) (Bridge (118, 135, 2))
 - (2020-09-29 02:37:41) ATTACK: *no key*/(Niilo Butts) has suffered: Hairline Fracture to left arm | Damage: 8.8(rolled 9/21.0027) (Bridge (118, 135, 2))
 - (2020-09-29 02:37:41) ATTACK: Bob Joga/(Cock Advisor) has attacked *no key*/(Niilo Butts) with fire axe (Wielded)[DC] (INTENT: HELP) (DAMTYPE: BRUTE) (NEWHP: -363.5)  (Bridge (117, 135, 2))
 - (2020-09-29 02:37:42) ATTACK: *no key*/(Niilo Butts) has suffered: Weeping Avulsion to left foot | Damage: 66(rolled 247/352.664) (Bridge (118, 135, 2))
 - (2020-09-29 02:37:43) ATTACK: *no key*/(Niilo Butts) has suffered: Dismembered stump (Bridge (118, 135, 2))
 - (2020-09-29 02:37:43) ATTACK: Bob Joga/(Cock Advisor) has attacked *no key*/(Niilo Butts) with fire axe (Wielded)[DC] (INTENT: HELP) (DAMTYPE: BRUTE) (NEWHP: -329.25)  (Bridge (117, 135, 2))
 - (2020-09-29 02:38:18) ATTACK: *no key*/(Niilo Butts) has suffered: Hairline Fracture to groin | Damage: 7.7(rolled 14/17.4216) (Bridge (118, 135, 2))
 - (2020-09-29 02:38:18) ATTACK: *no key*/(Niilo Butts) has suffered: Rough Abrasion to right arm | Damage: 14(rolled 25/40.2327) (Bridge (118, 135, 2))
 - (2020-09-29 02:38:18) ATTACK: Bob Joga/(Cock Advisor) has attacked *no key*/(Niilo Butts) with fire axe (Wielded)[DC] (INTENT: HELP) (DAMTYPE: BRUTE) (NEWHP: -359.75)  (Bridge (117, 135, 2))
 - (2020-09-29 02:38:20) ATTACK: *no key*/(Niilo Butts) has suffered: Compound Fracture to groin | Damage: 12.1(rolled 24/32.8019) (Bridge (118, 135, 2))
 - (2020-09-29 02:38:20) ATTACK: Bob Joga/(Cock Advisor) has attacked *no key*/(Niilo Butts) with fire axe (Wielded)[DC] (INTENT: HELP) (DAMTYPE: BRUTE) (NEWHP: -403.75)  (Bridge (117, 135, 2))
 - (2020-09-29 02:38:21) ATTACK: *no key*/(Niilo Butts) has suffered: Joint Dislocation to right foot | Damage: 13.2(rolled 37/37.0513) (Bridge (118, 135, 2))
 - (2020-09-29 02:38:21) ATTACK: *no key*/(Niilo Butts) has suffered: Joint Dislocation to right hand | Damage: 13.2(rolled 28/37.0513) (Bridge (118, 135, 2))
 - (2020-09-29 02:38:21) ATTACK: *no key*/(Niilo Butts) has suffered: Hairline Fracture to left hand | Damage: 18.55(rolled 54/59.6597) (Bridge (118, 135, 2))
 - (2020-09-29 02:38:21) ATTACK: Bob Joga/(Cock Advisor) has attacked *no key*/(Niilo Butts) with fire axe (Wielded)[DC] (INTENT: HELP) (DAMTYPE: BRUTE) (NEWHP: -457.35)  (Bridge (117, 135, 2))
 - (2020-09-29 02:38:28) ATTACK: *no key*/(Niilo Butts) has suffered: Rough Abrasion to right leg | Damage: 66(rolled 32/352.664) (Bridge (118, 135, 2))
 - (2020-09-29 02:38:28) ATTACK: *no key*/(Niilo Butts) has suffered: Rough Abrasion to right foot | Damage: 17(rolled 18/52.7993) (Bridge (118, 135, 2))
 - (2020-09-29 02:38:28) ATTACK: Bob Joga/(Cock Advisor) has attacked *no key*/(Niilo Butts) with fire axe (Wielded)[DC] (INTENT: HELP) (DAMTYPE: BRUTE) (NEWHP: -516.3)  (Bridge (117, 135, 2))
 - (2020-09-29 02:38:31) ATTACK: *no key*/(Niilo Butts) has suffered: Weeping Avulsion to right hand | Damage: 66(rolled 308/352.664) (Bridge (118, 135, 2))
 - (2020-09-29 02:38:31) ATTACK: *no key*/(Niilo Butts) has suffered: Disembowelment (Bridge (118, 135, 2))
 - (2020-09-29 02:38:32) ATTACK: Bob Joga/(Cock Advisor) has attacked *no key*/(Niilo Butts) with fire axe (Wielded)[DC] (INTENT: HELP) (DAMTYPE: BRUTE) (NEWHP: -489.9)  (Bridge (117, 135, 2))
 - (2020-09-29 02:38:33) ATTACK: *no key*/(Niilo Butts) has suffered: Compound Fracture to right hand | Damage: 36.3(rolled 53/152.711) (Bridge (118, 135, 2))
 - (2020-09-29 02:38:33) ATTACK: Bob Joga/(Cock Advisor) has attacked *no key*/(Niilo Butts) with fire axe (Wielded)[DC] (INTENT: HELP) (DAMTYPE: BRUTE) (NEWHP: -489.33)  (Bridge (117, 135, 2))
 - (2020-09-29 02:38:34) ATTACK: *no key*/(Niilo Butts) has suffered: Dismembered stump (Bridge (118, 135, 2))
 - (2020-09-29 02:38:34) ATTACK: Bob Joga/(Cock Advisor) has attacked *no key*/(Niilo Butts) with fire axe (Wielded)[DC] (INTENT: HELP) (DAMTYPE: BRUTE) (NEWHP: -458.57)  (Bridge (117, 135, 2))
 - (2020-09-29 02:38:35) ATTACK: *no key*/(Niilo Butts) has suffered: Dismembered stump (Bridge (118, 135, 2))
 - (2020-09-29 02:38:35) ATTACK: Bob Joga/(Cock Advisor) has attacked *no key*/(Niilo Butts) with fire axe (Wielded)[DC] (INTENT: HELP) (DAMTYPE: BRUTE) (NEWHP: -408.17)  (Bridge (117, 135, 2))
 - (2020-09-29 02:38:36) ATTACK: *no key*/(Niilo Butts) has suffered: Open Laceration to head | Damage: 41.5(rolled 53/184.191) (Bridge (118, 135, 2))
 - (2020-09-29 02:38:36) ATTACK: Bob Joga/(Cock Advisor) has attacked *no key*/(Niilo Butts) with fire axe (Wielded)[DC] (INTENT: HELP) (DAMTYPE: BRUTE) (NEWHP: -408.17)  (Bridge (117, 135, 2))
 - (2020-09-29 02:38:38) ATTACK: *no key*/(Niilo Butts) has suffered: Dismembered stump (Bridge (118, 135, 2))
 - (2020-09-29 02:38:38) ATTACK: Bob Joga/(Cock Advisor) has attacked *no key*/(Niilo Butts) with fire axe (Wielded)[DC] (INTENT: HELP) (DAMTYPE: BRUTE) (NEWHP: -318.3)  (Bridge (117, 135, 2))
 - (2020-09-29 02:38:50) ATTACK: Bob Joga/(Cock Advisor) has attacked *no key*/(Niilo Butts) with fire axe (Wielded)[DC] (INTENT: HELP) (DAMTYPE: BRUTE) (NEWHP: -317.14)  (Bridge (117, 135, 2))
 - (2020-09-29 02:38:51) ATTACK: *no key*/(Niilo Butts) has suffered: Hairline Fracture to head | Damage: 30.3105(rolled 36/118.64) (Bridge (118, 135, 2))
 - (2020-09-29 02:38:51) ATTACK: Bob Joga/(Cock Advisor) has attacked *no key*/(Niilo Butts) with fire axe (Wielded)[DC] (INTENT: HELP) (DAMTYPE: BRUTE) (NEWHP: -317.04)  (Bridge (117, 135, 2))
 - (2020-09-29 02:38:52) ATTACK: *no key*/(Niilo Butts) has suffered: Dismembered stump (Bridge (118, 135, 2))
 - (2020-09-29 02:38:52) ATTACK: Bob Joga/(Cock Advisor) has attacked *no key*/(Niilo Butts) with fire axe (Wielded)[DC] (INTENT: HELP) (DAMTYPE: BRUTE) (NEWHP: -242.04)  (Bridge (117, 135, 2))
 - (2020-09-29 02:38:57) ATTACK: Bob Joga/(Cock Advisor) <font color='blue'>has turned OFF the combat indicator!</font> (Bridge (117, 135, 2))
 - (2020-09-29 02:39:42) ATTACK: *no key*/(coder monkey (185)) has suffered: Rib Dislocation to chest | Damage: 20(rolled 43/66.2891) | WB: 2 (Space (102, 53, 2))
 - (2020-09-29 02:40:12) ATTACK: Bob Joga/(Cock Advisor) <font color='red'>has turned ON the combat indicator!</font> (Bridge (117, 135, 2))
 - (2020-09-29 02:40:13) ATTACK: Bob Joga/(Cock Advisor) has attacked *no key*/(Niilo Butts) with fire axe (Wielded) - offhand[DC] (INTENT: HELP) (DAMTYPE: BRUTE) (NEWHP: -356.84)  (Bridge (117, 135, 2))
 - (2020-09-29 02:40:14) ATTACK: Bob Joga/(Cock Advisor) has attacked *no key*/(Niilo Butts) with fire axe (Wielded) - offhand[DC] (INTENT: HELP) (DAMTYPE: BRUTE) (NEWHP: -356.84)  (Bridge (117, 135, 2))
 - (2020-09-29 02:40:17) ATTACK: Bob Joga/(Cock Advisor) <font color='blue'>has turned OFF the combat indicator!</font> (Bridge (116, 134, 2))
 - (2020-09-29 02:40:44) ATTACK: Bob Joga/(Cock Advisor) has grabbed *no key*/(Niilo Butts) passive grab (NEWHP: -398.84)  (Bridge (117, 135, 2))
 - (2020-09-29 02:45:04) ATTACK: Bob Joga/(Cock Advisor) <font color='red'>has turned ON the combat indicator!</font> (Central Primary Hallway (129, 129, 2))
 - (2020-09-29 02:45:09) ATTACK: Bob Joga/(Cock Advisor) has attacked *no key*/(Astor Rizzi) with toolbox (Wielded)[DC] (INTENT: HELP) (DAMTYPE: BRUTE) (NEWHP: 92.08)  (Central Primary Hallway (129, 131, 2))
 - (2020-09-29 02:45:12) ATTACK: *no key*/(Astor Rizzi) has suffered: Hairline Fracture to left leg | Damage: 31.68(rolled 94/126.212) | WB: 5 (Central Primary Hallway (129, 130, 2))
 - (2020-09-29 02:45:12) ATTACK: Bob Joga/(Cock Advisor) has attacked *no key*/(Astor Rizzi) with toolbox (Wielded)[DC] (INTENT: HELP) (DAMTYPE: BRUTE) (NEWHP: 60.4)  (Central Primary Hallway (129, 131, 2))
 - (2020-09-29 02:45:15) ATTACK: Bob Joga/(Cock Advisor) <font color='blue'>has turned OFF the combat indicator!</font> (Central Primary Hallway (129, 131, 2))
 - (2020-09-29 02:45:25) ATTACK: Bob Joga/(Cock Advisor) <font color='red'>has turned ON the combat indicator!</font> (Central Primary Hallway (129, 131, 2))
 - (2020-09-29 02:45:28) ATTACK: Bob Joga/(Cock Advisor) has attacked *no key*/(Astor Rizzi) with toolbox (Wielded)[DC] (INTENT: HELP) (DAMTYPE: BRUTE) (NEWHP: 92.08)  (Central Primary Hallway (129, 131, 2))
 - (2020-09-29 02:45:37) ATTACK: Bob Joga/(Cock Advisor) <font color='blue'>has turned OFF the combat indicator!</font> (Central Primary Hallway (129, 131, 2))
[2020-09-29 05:55:50.678] Logs from logging subsystem:
 - (2020-09-29 02:46:45) ATTACK: Bob Joga/(Cock Advisor) <font color='red'>has turned ON the combat indicator!</font> (Central Primary Hallway (129, 131, 2))
 - (2020-09-29 02:46:45) ATTACK: Bob Joga/(Cock Advisor) has attacked *no key*/(Astor Rizzi) with toolbox (Wielded)[DC] (INTENT: HELP) (DAMTYPE: BRUTE) (NEWHP: 84.16)  (Central Primary Hallway (129, 131, 2))
 - (2020-09-29 02:46:46) ATTACK: Bob Joga/(Cock Advisor) has attacked *no key*/(Astor Rizzi) with toolbox (Wielded)[DC] (INTENT: HELP) (DAMTYPE: BRUTE) (NEWHP: 76.24)  (Central Primary Hallway (129, 131, 2))
 - (2020-09-29 02:46:47) ATTACK: Bob Joga/(Cock Advisor) has attacked *no key*/(Astor Rizzi) with toolbox (Wielded)[DC] (INTENT: HELP) (DAMTYPE: BRUTE) (NEWHP: 68.32)  (Central Primary Hallway (129, 131, 2))
 - (2020-09-29 02:46:48) ATTACK: Bob Joga/(Cock Advisor) has attacked *no key*/(Astor Rizzi) with toolbox (Wielded)[DC] (INTENT: HELP) (DAMTYPE: BRUTE) (NEWHP: 60.4)  (Central Primary Hallway (129, 131, 2))
 - (2020-09-29 02:46:49) ATTACK: Bob Joga/(Cock Advisor) has attacked *no key*/(Astor Rizzi) with toolbox (Wielded)[DC] (INTENT: HELP) (DAMTYPE: BRUTE) (NEWHP: 52.48)  (Central Primary Hallway (129, 131, 2))
 - (2020-09-29 02:46:49) ATTACK: Bob Joga/(Cock Advisor) has attacked *no key*/(Astor Rizzi) with toolbox (Wielded)[DC] (INTENT: HELP) (DAMTYPE: BRUTE) (NEWHP: 44.56)  (Central Primary Hallway (129, 131, 2))
 - (2020-09-29 02:46:50) ATTACK: Bob Joga/(Cock Advisor) has attacked *no key*/(Astor Rizzi) with toolbox (Wielded)[DC] (INTENT: HELP) (DAMTYPE: BRUTE) (NEWHP: 36.64)  (Central Primary Hallway (129, 131, 2))
 - (2020-09-29 02:46:51) ATTACK: Bob Joga/(Cock Advisor) has attacked *no key*/(Astor Rizzi) with toolbox (Wielded)[DC] (INTENT: HELP) (DAMTYPE: BRUTE) (NEWHP: 28.72)  (Central Primary Hallway (129, 131, 2))
 - (2020-09-29 02:46:52) ATTACK: Bob Joga/(Cock Advisor) has attacked *no key*/(Astor Rizzi) with toolbox (Wielded)[DC] (INTENT: HELP) (DAMTYPE: BRUTE) (NEWHP: 20.8)  (Central Primary Hallway (129, 131, 2))
 - (2020-09-29 02:46:53) ATTACK: Bob Joga/(Cock Advisor) has attacked *no key*/(Astor Rizzi) with toolbox (Wielded)[DC] (INTENT: HELP) (DAMTYPE: BRUTE) (NEWHP: 12.88)  (Central Primary Hallway (129, 131, 2))
 - (2020-09-29 02:46:54) ATTACK: Bob Joga/(Cock Advisor) has attacked *no key*/(Astor Rizzi) with toolbox (Wielded)[DC] (INTENT: HELP) (DAMTYPE: BRUTE) (NEWHP: 4.96)  (Central Primary Hallway (129, 131, 2))
 - (2020-09-29 02:46:55) ATTACK: Bob Joga/(Cock Advisor) has attacked *no key*/(Astor Rizzi) with toolbox (Wielded)[DC] (INTENT: HELP) (DAMTYPE: BRUTE) (NEWHP: -2.96)  (Central Primary Hallway (129, 131, 2))
 - (2020-09-29 02:46:56) ATTACK: Bob Joga/(Cock Advisor) has attacked *no key*/(Astor Rizzi) with toolbox (Wielded)[DC] (INTENT: HELP) (DAMTYPE: BRUTE) (NEWHP: -10.88)  (Central Primary Hallway (129, 131, 2))
 - (2020-09-29 02:47:52) ATTACK: Bob Joga/(Cock Advisor) <font color='blue'>has turned OFF the combat indicator!</font> (Central Primary Hallway (130, 137, 2))
 - (2020-09-29 02:47:57) ATTACK: Bob Joga/(Cock Advisor) <font color='red'>has turned ON the combat indicator!</font> (Central Primary Hallway (129, 131, 2))
 - (2020-09-29 02:48:02) ATTACK: Bob Joga/(Cock Advisor) has attempted to punch *no key*/(Astor Rizzi) (NEWHP: -10.88)  (Central Primary Hallway (129, 131, 2))
 - (2020-09-29 02:48:05) ATTACK: Bob Joga/(Cock Advisor) has attempted to punch *no key*/(Astor Rizzi) (NEWHP: -10.88)  (Central Primary Hallway (129, 131, 2))
 - (2020-09-29 02:48:06) ATTACK: Bob Joga/(Cock Advisor) has punched *no key*/(Astor Rizzi) (NEWHP: -16.48)  (Central Primary Hallway (129, 131, 2))
 - (2020-09-29 02:48:06) ATTACK: Bob Joga/(Cock Advisor) has attempted to punch *no key*/(Astor Rizzi) (NEWHP: -16.48)  (Central Primary Hallway (129, 131, 2))
 - (2020-09-29 02:48:07) ATTACK: Bob Joga/(Cock Advisor) has punched *no key*/(Astor Rizzi) (NEWHP: -18.88)  (Central Primary Hallway (129, 131, 2))
 - (2020-09-29 02:48:08) ATTACK: Bob Joga/(Cock Advisor) has punched *no key*/(Astor Rizzi) (NEWHP: -29.2)  (Central Primary Hallway (129, 131, 2))
 - (2020-09-29 02:48:09) ATTACK: Bob Joga/(Cock Advisor) has punched *no key*/(Astor Rizzi) (NEWHP: -34)  (Central Primary Hallway (129, 131, 2))
 - (2020-09-29 02:48:10) ATTACK: Bob Joga/(Cock Advisor) has punched *no key*/(Astor Rizzi) (NEWHP: -42)  (Central Primary Hallway (129, 131, 2))
 - (2020-09-29 02:48:11) ATTACK: Bob Joga/(Cock Advisor) has punched *no key*/(Astor Rizzi) (NEWHP: -50)  (Central Primary Hallway (129, 131, 2))
 - (2020-09-29 02:48:12) ATTACK: Bob Joga/(Cock Advisor) has punched *no key*/(Astor Rizzi) (NEWHP: -52)  (Central Primary Hallway (129, 131, 2))
 - (2020-09-29 02:48:13) ATTACK: Bob Joga/(Cock Advisor) has attempted to punch *no key*/(Astor Rizzi) (NEWHP: -52)  (Central Primary Hallway (129, 131, 2))
 - (2020-09-29 02:48:14) ATTACK: Bob Joga/(Cock Advisor) has attempted to punch *no key*/(Astor Rizzi) (NEWHP: -52)  (Central Primary Hallway (129, 131, 2))
 - (2020-09-29 02:48:15) ATTACK: Bob Joga/(Cock Advisor) has attempted to punch *no key*/(Astor Rizzi) (NEWHP: -52)  (Central Primary Hallway (129, 131, 2))
 - (2020-09-29 02:48:16) ATTACK: Bob Joga/(Cock Advisor) has punched *no key*/(Astor Rizzi) (NEWHP: -51)  (Central Primary Hallway (129, 131, 2))
 - (2020-09-29 02:48:17) ATTACK: Bob Joga/(Cock Advisor) has attempted to punch *no key*/(Astor Rizzi) (NEWHP: -51)  (Central Primary Hallway (129, 131, 2))
 - (2020-09-29 02:48:17) ATTACK: Bob Joga/(Cock Advisor) has punched *no key*/(Astor Rizzi) (NEWHP: -57)  (Central Primary Hallway (129, 131, 2))
 - (2020-09-29 02:48:18) ATTACK: Bob Joga/(Cock Advisor) has attempted to punch *no key*/(Astor Rizzi) (NEWHP: -57)  (Central Primary Hallway (129, 131, 2))
 - (2020-09-29 02:48:19) ATTACK: Bob Joga/(Cock Advisor) has punched *no key*/(Astor Rizzi) (NEWHP: -58)  (Central Primary Hallway (128, 130, 2))
 - (2020-09-29 02:48:20) ATTACK: Bob Joga/(Cock Advisor) has attempted to punch *no key*/(Astor Rizzi) (NEWHP: -58)  (Central Primary Hallway (128, 129, 2))
 - (2020-09-29 02:48:22) ATTACK: Bob Joga/(Cock Advisor) <font color='blue'>has turned OFF the combat indicator!</font> (Central Primary Hallway (130, 129, 2))
 - (2020-09-29 02:52:56) ATTACK: *no key*/(Astor Rizzi) has suffered: Jaw Dislocation to head | Damage: 21.6(rolled 38/73.8304) (Central Primary Hallway (129, 130, 2))
 - (2020-09-29 02:52:56) ATTACK: Bob Joga/(Cock Advisor) has kicked *no key*/(Astor Rizzi) (NEWHP: -80)  (Central Primary Hallway (130, 130, 2))
 - (2020-09-29 02:52:58) ATTACK: Bob Joga/(Cock Advisor) has kicked *no key*/(Astor Rizzi) (NEWHP: -86.95)  (Central Primary Hallway (130, 130, 2))
 - (2020-09-29 02:52:59) ATTACK: Bob Joga/(Cock Advisor) has kicked *no key*/(Astor Rizzi) (NEWHP: -89.35)  (Central Primary Hallway (130, 130, 2))
 - (2020-09-29 02:53:00) ATTACK: Bob Joga/(Cock Advisor) has kicked *no key*/(Astor Rizzi) (NEWHP: -105.6)  (Central Primary Hallway (130, 130, 2))
 - (2020-09-29 02:53:01) ATTACK: Bob Joga/(Cock Advisor) has kicked *no key*/(Astor Rizzi) (NEWHP: -112.6)  (Central Primary Hallway (130, 130, 2))
 - (2020-09-29 02:53:02) ATTACK: Bob Joga/(Cock Advisor) has kicked *no key*/(Astor Rizzi) (NEWHP: -114.6)  (Central Primary Hallway (130, 130, 2))
 - (2020-09-29 02:53:02) ATTACK: Bob Joga/(Cock Advisor) <font color='red'>has turned ON the combat indicator!</font> (Central Primary Hallway (130, 130, 2))
 - (2020-09-29 02:53:03) ATTACK: *no key*/(Astor Rizzi) has suffered: Hairline Fracture to chest | Damage: 30(rolled 61/116.942) (Central Primary Hallway (129, 130, 2))
 - (2020-09-29 02:53:03) ATTACK: Bob Joga/(Cock Advisor) has kicked *no key*/(Astor Rizzi) (NEWHP: -144.8)  (Central Primary Hallway (130, 130, 2))
 - (2020-09-29 02:53:04) ATTACK: *no key*/(Astor Rizzi) has suffered: Joint Dislocation to right arm | Damage: 18(rolled 50/57.1981) (Central Primary Hallway (129, 130, 2))
 - (2020-09-29 02:53:04) ATTACK: Bob Joga/(Cock Advisor) has kicked *no key*/(Astor Rizzi) (NEWHP: -159.3)  (Central Primary Hallway (130, 130, 2))
 - (2020-09-29 02:53:05) ATTACK: Bob Joga/(Cock Advisor) has kicked *no key*/(Astor Rizzi) (NEWHP: -159.8)  (Central Primary Hallway (130, 130, 2))
 - (2020-09-29 02:53:05) ATTACK: *no key*/(Astor Rizzi) has suffered: Compound Fracture to head | Damage: 30(rolled 109/116.942) (Central Primary Hallway (129, 130, 2))
 - (2020-09-29 02:53:05) ATTACK: *no key*/(Astor Rizzi) has suffered: Rough Abrasion to chest | Damage: 15(rolled 12/44.3127) (Central Primary Hallway (129, 130, 2))
 - (2020-09-29 02:53:05) ATTACK: Bob Joga/(Cock Advisor) has kicked *no key*/(Astor Rizzi) (NEWHP: -164.55)  (Central Primary Hallway (130, 130, 2))
 - (2020-09-29 02:53:07) ATTACK: *no key*/(Astor Rizzi) has suffered: Open Laceration to head | Damage: 12(rolled 24/32.423) (Central Primary Hallway (129, 130, 2))
 - (2020-09-29 02:53:07) ATTACK: Bob Joga/(Cock Advisor) has kicked *no key*/(Astor Rizzi) (NEWHP: -165.55)  (Central Primary Hallway (130, 130, 2))
 - (2020-09-29 02:53:48) ATTACK: Bob Joga/(Cock Advisor) <font color='blue'>has turned OFF the combat indicator!</font> (Central Primary Hallway (131, 130, 2))
 - (2020-09-29 02:53:51) ATTACK: Bob Joga/(Cock Advisor) <font color='red'>has turned ON the combat indicator!</font> (Starboard Primary Hallway (138, 130, 2))
 - (2020-09-29 02:53:54) ATTACK: Bob Joga/(Cock Advisor) has kicked *no key*/(Astor Rizzi) (NEWHP: -260.35)  (Central Primary Hallway (130, 130, 2))
 - (2020-09-29 02:53:55) ATTACK: *no key*/(Astor Rizzi) has suffered: Open Laceration to head | Damage: 13.5(rolled 5/38.2355) (Central Primary Hallway (129, 130, 2))
 - (2020-09-29 02:53:55) ATTACK: *no key*/(Astor Rizzi) has suffered: Rough Abrasion to chest | Damage: 11(rolled 11/28.7045) (Central Primary Hallway (129, 130, 2))
 - (2020-09-29 02:53:55) ATTACK: Bob Joga/(Cock Advisor) has kicked *no key*/(Astor Rizzi) (NEWHP: -270.35)  (Central Primary Hallway (130, 130, 2))
 - (2020-09-29 02:53:56) ATTACK: Bob Joga/(Cock Advisor) has kicked *no key*/(Astor Rizzi) (NEWHP: -276.3)  (Central Primary Hallway (130, 130, 2))
 - (2020-09-29 02:53:56) ATTACK: *no key*/(Astor Rizzi) has suffered: Weeping Avulsion to head | Damage: 5.25(rolled 9/10.1911) (Central Primary Hallway (129, 130, 2))
 - (2020-09-29 02:53:56) ATTACK: *no key*/(Astor Rizzi) has suffered: Open Laceration to chest | Damage: 5.25(rolled 8/10.1911) (Central Primary Hallway (129, 130, 2))
 - (2020-09-29 02:53:56) ATTACK: Bob Joga/(Cock Advisor) has kicked *no key*/(Astor Rizzi) (NEWHP: -276.3)  (Central Primary Hallway (130, 130, 2))
 - (2020-09-29 02:53:57) ATTACK: Bob Joga/(Cock Advisor) has kicked *no key*/(Astor Rizzi) (NEWHP: -355.25)  (Central Primary Hallway (130, 130, 2))
 - (2020-09-29 02:53:58) ATTACK: *no key*/(Astor Rizzi) has suffered: Hairline Fracture to left hand | Damage: 24(rolled 82/85.5649) (Central Primary Hallway (129, 130, 2))
 - (2020-09-29 02:53:58) ATTACK: Bob Joga/(Cock Advisor) has kicked *no key*/(Astor Rizzi) (NEWHP: -379.33)  (Central Primary Hallway (130, 130, 2))
 - (2020-09-29 02:53:59) ATTACK: Bob Joga/(Cock Advisor) has kicked *no key*/(Astor Rizzi) (NEWHP: -385.28)  (Central Primary Hallway (130, 130, 2))
 - (2020-09-29 02:54:00) ATTACK: Bob Joga/(Cock Advisor) has kicked *no key*/(Astor Rizzi) (NEWHP: -385.28)  (Central Primary Hallway (130, 130, 2))
 - (2020-09-29 02:54:01) ATTACK: Bob Joga/(Cock Advisor) has kicked *no key*/(Astor Rizzi) (NEWHP: -403.23)  (Central Primary Hallway (130, 130, 2))
 - (2020-09-29 02:54:03) ATTACK: Bob Joga/(Cock Advisor) has kicked *no key*/(Astor Rizzi) (NEWHP: -409.18)  (Central Primary Hallway (128, 130, 2))
 - (2020-09-29 02:54:04) ATTACK: *no key*/(Astor Rizzi) has suffered: Weeping Avulsion to chest | Damage: 6.75(rolled 12/14.4886) (Central Primary Hallway (129, 130, 2))
 - (2020-09-29 02:54:04) ATTACK: Bob Joga/(Cock Advisor) has kicked *no key*/(Astor Rizzi) (NEWHP: -409.18)  (Central Primary Hallway (128, 130, 2))
 - (2020-09-29 02:54:05) ATTACK: Bob Joga/(Cock Advisor) has kicked *no key*/(Astor Rizzi) (NEWHP: -430.13)  (Central Primary Hallway (128, 130, 2))
 - (2020-09-29 02:54:06) ATTACK: Bob Joga/(Cock Advisor) has kicked *no key*/(Astor Rizzi) (NEWHP: -430.13)  (Central Primary Hallway (128, 130, 2))
 - (2020-09-29 02:54:12) ATTACK: Bob Joga/(Cock Advisor) has kicked *no key*/(Astor Rizzi) (NEWHP: -447.98)  (Central Primary Hallway (128, 130, 2))
 - (2020-09-29 02:54:13) ATTACK: Bob Joga/(Cock Advisor) has kicked *no key*/(Astor Rizzi) (NEWHP: -471.98)  (Central Primary Hallway (128, 130, 2))
 - (2020-09-29 02:54:14) ATTACK: Bob Joga/(Cock Advisor) has kicked *no key*/(Astor Rizzi) (NEWHP: -477.93)  (Central Primary Hallway (128, 130, 2))
 - (2020-09-29 02:54:14) ATTACK: Bob Joga/(Cock Advisor) has grabbed *no key*/(Astor Rizzi) passive grab (NEWHP: -477.93)  (Central Primary Hallway (128, 130, 2))
 - (2020-09-29 02:54:17) ATTACK: Bob Joga/(Cock Advisor) has kicked *no key*/(Astor Rizzi) (NEWHP: -494.31)  (Central Primary Hallway (128, 135, 2))
 - (2020-09-29 02:54:17) ATTACK: Bob Joga/(Cock Advisor) has kicked *no key*/(Astor Rizzi) (NEWHP: -500.26)  (Central Primary Hallway (128, 139, 2))
 - (2020-09-29 02:54:18) ATTACK: Bob Joga/(Cock Advisor) has kicked *no key*/(Astor Rizzi) (NEWHP: -500.26)  (Central Primary Hallway (128, 142, 2))
 - (2020-09-29 02:54:19) ATTACK: Bob Joga/(Cock Advisor) has kicked *no key*/(Astor Rizzi) (NEWHP: -500.26)  (Central Primary Hallway (128, 142, 2))
 - (2020-09-29 02:54:20) ATTACK: Bob Joga/(Cock Advisor) has kicked *no key*/(Astor Rizzi) (NEWHP: -506.21)  (Central Primary Hallway (128, 142, 2))
 - (2020-09-29 02:54:20) ATTACK: *no key*/(coder monkey (76)) has suffered: Jaw Dislocation to head | Damage: 20(rolled 66/66.2891) | WB: 2 (Space (90, 49, 8))
 - (2020-09-29 02:54:22) ATTACK: *no key*/(Astor Rizzi) has suffered: Open Laceration to left hand | Damage: 10.5(rolled 6/26.8946) (Central Primary Hallway (125, 142, 2))
 - (2020-09-29 02:54:22) ATTACK: *no key*/(Astor Rizzi) has suffered: Joint Dislocation to left arm | Damage: 21(rolled 52/70.9753) (Central Primary Hallway (125, 142, 2))
 - (2020-09-29 02:54:22) ATTACK: Bob Joga/(Cock Advisor) has kicked *no key*/(Astor Rizzi) (NEWHP: -533.16)  (Central Primary Hallway (124, 142, 2))
 - (2020-09-29 02:54:23) ATTACK: Bob Joga/(Cock Advisor) has kicked *no key*/(Astor Rizzi) (NEWHP: -533.16)  (Central Primary Hallway (123, 142, 2))
 - (2020-09-29 02:54:24) ATTACK: Bob Joga/(Cock Advisor) has kicked *no key*/(Astor Rizzi) (NEWHP: -541.11)  (Central Primary Hallway (123, 140, 2))
 - (2020-09-29 02:54:28) ATTACK: Bob Joga/(Cock Advisor) has kicked *no key*/(Astor Rizzi) (NEWHP: -559.01)  (Central Primary Hallway (124, 141, 2))
 - (2020-09-29 02:54:29) ATTACK: Bob Joga/(Cock Advisor) has kicked *no key*/(Astor Rizzi) (NEWHP: -570.96)  (Central Primary Hallway (124, 141, 2))
 - (2020-09-29 02:54:30) ATTACK: Bob Joga/(Cock Advisor) has kicked *no key*/(Astor Rizzi) (NEWHP: -582.96)  (Central Primary Hallway (124, 141, 2))
 - (2020-09-29 02:54:59) ATTACK: Bob Joga/(Cock Advisor) has kicked *no key*/(Astor Rizzi) (NEWHP: -682.26)  (Central Primary Hallway (125, 141, 2))
 - (2020-09-29 02:55:00) ATTACK: Bob Joga/(Cock Advisor) has kicked *no key*/(Astor Rizzi) (NEWHP: -703.21)  (Central Primary Hallway (125, 141, 2))
 - (2020-09-29 02:55:01) ATTACK: *no key*/(Astor Rizzi) has suffered: Dismembered stump (Central Primary Hallway (124, 140, 2))
 - (2020-09-29 02:55:01) ATTACK: Bob Joga/(Cock Advisor) has kicked *no key*/(Astor Rizzi) (NEWHP: -659.11)  (Central Primary Hallway (125, 141, 2))
 - (2020-09-29 02:55:13) ATTACK: Bob Joga/(Cock Advisor) has kicked *no key*/(Astor Rizzi) (NEWHP: -706.66)  (Central Primary Hallway (123, 141, 2))
 - (2020-09-29 02:55:14) ATTACK: *no key*/(Astor Rizzi) has suffered: Hairline Fracture to groin | Damage: 30(rolled 102/116.942) (Central Primary Hallway (124, 140, 2))
 - (2020-09-29 02:55:14) ATTACK: Bob Joga/(Cock Advisor) has kicked *no key*/(Astor Rizzi) (NEWHP: -736.66)  (Central Primary Hallway (123, 141, 2))
 - (2020-09-29 02:55:15) ATTACK: Bob Joga/(Cock Advisor) has kicked *no key*/(Astor Rizzi) (NEWHP: -744.31)  (Central Primary Hallway (123, 141, 2))
 - (2020-09-29 02:55:16) ATTACK: Bob Joga/(Cock Advisor) has kicked *no key*/(Astor Rizzi) (NEWHP: -747.31)  (Central Primary Hallway (123, 141, 2))
 - (2020-09-29 02:55:17) ATTACK: *no key*/(Astor Rizzi) has suffered: Rough Abrasion to groin | Damage: 6(rolled 9/12.286) (Central Primary Hallway (124, 140, 2))
 - (2020-09-29 02:55:17) ATTACK: Bob Joga/(Cock Advisor) has kicked *no key*/(Astor Rizzi) (NEWHP: -759.31)  (Central Primary Hallway (123, 141, 2))
 - (2020-09-29 02:55:18) ATTACK: Bob Joga/(Cock Advisor) has kicked *no key*/(Astor Rizzi) (NEWHP: -766.96)  (Central Primary Hallway (123, 141, 2))
 - (2020-09-29 02:55:19) ATTACK: Bob Joga/(Cock Advisor) has kicked *no key*/(Astor Rizzi) (NEWHP: -771.96)  (Central Primary Hallway (123, 141, 2))
 - (2020-09-29 02:55:20) ATTACK: *no key*/(Astor Rizzi) has suffered: Hairline Fracture to right arm | Damage: 18(rolled 39/57.1981) (Central Primary Hallway (124, 140, 2))
 - (2020-09-29 02:55:20) ATTACK: Bob Joga/(Cock Advisor) has kicked *no key*/(Astor Rizzi) (NEWHP: -786.61)  (Central Primary Hallway (123, 141, 2))
 - (2020-09-29 02:55:22) ATTACK: *no key*/(Astor Rizzi) has suffered: Weeping Avulsion to left arm | Damage: 10.5(rolled 9/26.8946) (Central Primary Hallway (124, 140, 2))
 - (2020-09-29 02:55:22) ATTACK: Bob Joga/(Cock Advisor) has kicked *no key*/(Astor Rizzi) (NEWHP: -792.26)  (Central Primary Hallway (124, 141, 2))
 - (2020-09-29 02:55:23) ATTACK: Bob Joga/(Cock Advisor) has kicked *no key*/(Astor Rizzi) (NEWHP: -798.26)  (Central Primary Hallway (124, 141, 2))
 - (2020-09-29 02:55:24) ATTACK: Bob Joga/(Cock Advisor) has kicked *no key*/(Astor Rizzi) (NEWHP: -809.91)  (Central Primary Hallway (124, 141, 2))
 - (2020-09-29 02:55:25) ATTACK: Bob Joga/(Cock Advisor) has kicked *no key*/(Astor Rizzi) (NEWHP: -809.91)  (Central Primary Hallway (124, 141, 2))
 - (2020-09-29 02:55:26) ATTACK: Bob Joga/(Cock Advisor) has kicked *no key*/(Astor Rizzi) (NEWHP: -815.56)  (Central Primary Hallway (124, 141, 2))
 - (2020-09-29 02:55:27) ATTACK: Bob Joga/(Cock Advisor) has kicked *no key*/(Astor Rizzi) (NEWHP: -815.56)  (Central Primary Hallway (124, 141, 2))
 - (2020-09-29 02:55:30) ATTACK: Bob Joga/(Cock Advisor) has kicked *no key*/(Astor Rizzi) (NEWHP: -826.86)  (Central Primary Hallway (123, 140, 2))
 - (2020-09-29 02:55:30) ATTACK: Bob Joga/(Cock Advisor) has kicked *no key*/(Astor Rizzi) (NEWHP: -826.86)  (Central Primary Hallway (123, 140, 2))
 - (2020-09-29 02:55:31) ATTACK: Bob Joga/(Cock Advisor) has attempted to punch *no key*/(Astor Rizzi) (NEWHP: -832.51)  (Central Primary Hallway (123, 141, 2))
 - (2020-09-29 02:55:32) ATTACK: Bob Joga/(Cock Advisor) has kicked *no key*/(Astor Rizzi) (NEWHP: -847.51)  (Central Primary Hallway (123, 141, 2))
 - (2020-09-29 02:55:33) ATTACK: *no key*/(Astor Rizzi) has suffered: Joint Dislocation to right leg | Damage: 21(rolled 39/70.9753) (Central Primary Hallway (124, 140, 2))
 - (2020-09-29 02:55:33) ATTACK: Bob Joga/(Cock Advisor) has kicked *no key*/(Astor Rizzi) (NEWHP: -868.51)  (Central Primary Hallway (123, 141, 2))
 - (2020-09-29 02:55:34) ATTACK: Bob Joga/(Cock Advisor) has kicked *no key*/(Astor Rizzi) (NEWHP: -874.16)  (Central Primary Hallway (123, 141, 2))
 - (2020-09-29 02:55:35) ATTACK: Bob Joga/(Cock Advisor) has kicked *no key*/(Astor Rizzi) (NEWHP: -874.16)  (Central Primary Hallway (123, 141, 2))
 - (2020-09-29 02:55:36) ATTACK: Bob Joga/(Cock Advisor) has kicked *no key*/(Astor Rizzi) (NEWHP: -879.81)  (Central Primary Hallway (123, 141, 2))
 - (2020-09-29 02:55:37) ATTACK: *no key*/(Astor Rizzi) has suffered: Open Laceration to groin | Damage: 15(rolled 22/44.3127) (Central Primary Hallway (124, 140, 2))
 - (2020-09-29 02:55:37) ATTACK: Bob Joga/(Cock Advisor) has kicked *no key*/(Astor Rizzi) (NEWHP: -894.21)  (Central Primary Hallway (123, 141, 2))
 - (2020-09-29 02:55:38) ATTACK: Bob Joga/(Cock Advisor) has kicked *no key*/(Astor Rizzi) (NEWHP: -899.86)  (Central Primary Hallway (123, 141, 2))
 - (2020-09-29 02:55:39) ATTACK: *no key*/(Astor Rizzi) has suffered: Dismembered stump (Central Primary Hallway (124, 140, 2))
 - (2020-09-29 02:55:39) ATTACK: Bob Joga/(Cock Advisor) has kicked *no key*/(Astor Rizzi) (NEWHP: -822.01)  (Central Primary Hallway (123, 141, 2))
[2020-09-29 06:05:50.888] Logs from logging subsystem:
 - (2020-09-29 02:55:57) ATTACK: Bob Joga/(Cock Advisor) has kicked *no key*/(Astor Rizzi) (NEWHP: -863.21)  (Central Primary Hallway (124, 141, 2))
 - (2020-09-29 02:55:58) ATTACK: *no key*/(Astor Rizzi) has suffered: Open Laceration to right arm | Damage: 6(rolled 11/12.286) (Central Primary Hallway (124, 140, 2))
 - (2020-09-29 02:55:58) ATTACK: Bob Joga/(Cock Advisor) has kicked *no key*/(Astor Rizzi) (NEWHP: -874.36)  (Central Primary Hallway (124, 141, 2))
 - (2020-09-29 02:55:59) ATTACK: Bob Joga/(Cock Advisor) has kicked *no key*/(Astor Rizzi) (NEWHP: -878.36)  (Central Primary Hallway (124, 141, 2))
 - (2020-09-29 02:56:00) ATTACK: Bob Joga/(Cock Advisor) has kicked *no key*/(Astor Rizzi) (NEWHP: -883.51)  (Central Primary Hallway (124, 141, 2))
 - (2020-09-29 02:56:02) ATTACK: Bob Joga/(Cock Advisor) has kicked *no key*/(Astor Rizzi) (NEWHP: -888.66)  (Central Primary Hallway (124, 141, 2))
 - (2020-09-29 02:56:03) ATTACK: Bob Joga/(Cock Advisor) has kicked *no key*/(Astor Rizzi) (NEWHP: -893.81)  (Central Primary Hallway (124, 141, 2))
 - (2020-09-29 02:56:33) ATTACK: Bob Joga/(Cock Advisor) has kicked *no key*/(Astor Rizzi) (NEWHP: -965.91)  (Central Primary Hallway (124, 141, 2))
 - (2020-09-29 02:56:34) ATTACK: Bob Joga/(Cock Advisor) has kicked *no key*/(Astor Rizzi) (NEWHP: -971.06)  (Central Primary Hallway (124, 141, 2))
 - (2020-09-29 02:56:35) ATTACK: Bob Joga/(Cock Advisor) has kicked *no key*/(Astor Rizzi) (NEWHP: -971.06)  (Central Primary Hallway (124, 141, 2))
 - (2020-09-29 02:56:40) ATTACK: Bob Joga/(Cock Advisor) has kicked *no key*/(Astor Rizzi) (NEWHP: -986.51)  (Central Primary Hallway (123, 141, 2))
 - (2020-09-29 02:56:41) ATTACK: Bob Joga/(Cock Advisor) has kicked *no key*/(Astor Rizzi) (NEWHP: -986.51)  (Central Primary Hallway (123, 141, 2))
 - (2020-09-29 02:56:42) ATTACK: Bob Joga/(Cock Advisor) has kicked *no key*/(Astor Rizzi) (NEWHP: -991.66)  (Central Primary Hallway (123, 141, 2))
 - (2020-09-29 02:56:43) ATTACK: Bob Joga/(Cock Advisor) has kicked *no key*/(Astor Rizzi) (NEWHP: -991.66)  (Central Primary Hallway (123, 141, 2))
 - (2020-09-29 02:56:44) ATTACK: Bob Joga/(Cock Advisor) has kicked *no key*/(Astor Rizzi) (NEWHP: -996.81)  (Central Primary Hallway (123, 141, 2))
 - (2020-09-29 02:56:45) ATTACK: Bob Joga/(Cock Advisor) has kicked *no key*/(Astor Rizzi) (NEWHP: -996.81)  (Central Primary Hallway (123, 141, 2))
 - (2020-09-29 02:56:48) ATTACK: Bob Joga/(Cock Advisor) <font color='blue'>has turned OFF the combat indicator!</font> (Central Primary Hallway (125, 140, 2))
 - (2020-09-29 02:57:46) ATTACK: Bob Joga/(Cock Advisor) has grabbed *no key*/(Mei-Hui Donev) passive grab (NEWHP: 100)  (Central Primary Hallway (98, 129, 2))
 - (2020-09-29 02:57:48) ATTACK: Bob Joga/(Cock Advisor) has punched *no key*/(Mei-Hui Donev) (NEWHP: 88.8)  (Central Primary Hallway (97, 135, 2))
 - (2020-09-29 02:57:48) ATTACK: Bob Joga/(Cock Advisor) has punched *no key*/(Mei-Hui Donev) (NEWHP: 84)  (Central Primary Hallway (97, 139, 2))
 - (2020-09-29 02:57:51) ATTACK: Bob Joga/(Cock Advisor) has punched *no key*/(Mei-Hui Donev) (NEWHP: 80.8)  (Central Primary Hallway (97, 141, 2))
 - (2020-09-29 02:57:51) ATTACK: Bob Joga/(Cock Advisor) has punched *no key*/(Mei-Hui Donev) (NEWHP: 74.4)  (Central Primary Hallway (97, 141, 2))
 - (2020-09-29 02:57:52) ATTACK: Bob Joga/(Cock Advisor) has punched *no key*/(Mei-Hui Donev) (NEWHP: 60)  (Central Primary Hallway (97, 141, 2))
 - (2020-09-29 02:57:53) ATTACK: Bob Joga/(Cock Advisor) has punched *no key*/(Mei-Hui Donev) (NEWHP: 42.2)  (Central Primary Hallway (97, 141, 2))
 - (2020-09-29 02:57:54) ATTACK: Bob Joga/(Cock Advisor) has punched *no key*/(Mei-Hui Donev) (NEWHP: 34.2)  (Central Primary Hallway (97, 141, 2))
 - (2020-09-29 02:57:56) ATTACK: Bob Joga/(Cock Advisor) <font color='red'>has turned ON the combat indicator!</font> (Central Primary Hallway (97, 141, 2))
 - (2020-09-29 02:57:56) ATTACK: Bob Joga/(Cock Advisor) has punched *no key*/(Mei-Hui Donev) (NEWHP: 16.2)  (Central Primary Hallway (97, 141, 2))
 - (2020-09-29 02:57:56) ATTACK: Bob Joga/(Cock Advisor) has got a stun punch with their previous punch *no key*/(Mei-Hui Donev) (NEWHP: 16.2)  (Central Primary Hallway (97, 141, 2))
 - (2020-09-29 02:57:57) ATTACK: Bob Joga/(Cock Advisor) has kicked *no key*/(Mei-Hui Donev) (NEWHP: 1.2)  (Central Primary Hallway (97, 141, 2))
 - (2020-09-29 02:57:57) ATTACK: Bob Joga/(Cock Advisor) has got a stun punch with their previous punch *no key*/(Mei-Hui Donev) (NEWHP: 1.2)  (Central Primary Hallway (97, 141, 2))
 - (2020-09-29 02:57:58) ATTACK: *no key*/(Mei-Hui Donev) has suffered: Hairline Fracture to head | Damage: 24(rolled 75/85.5649) (Central Primary Hallway (97, 140, 2))
 - (2020-09-29 02:57:58) ATTACK: Bob Joga/(Cock Advisor) has kicked *no key*/(Mei-Hui Donev) (NEWHP: -22.8)  (Central Primary Hallway (97, 141, 2))
 - (2020-09-29 02:57:58) ATTACK: Bob Joga/(Cock Advisor) has got a stun punch with their previous punch *no key*/(Mei-Hui Donev) (NEWHP: -22.8)  (Central Primary Hallway (97, 141, 2))
 - (2020-09-29 02:58:05) ATTACK: Bob Joga/(Cock Advisor) <font color='blue'>has turned OFF the combat indicator!</font> (Central Primary Hallway (100, 142, 2))
 - (2020-09-29 02:58:10) ATTACK: Bob Joga/(Cock Advisor) <font color='red'>has turned ON the combat indicator!</font> (Central Primary Hallway (97, 140, 2))
 - (2020-09-29 02:58:14) ATTACK: Bob Joga/(Cock Advisor) has shaked *no key*/(Mei-Hui Donev) (NEWHP: 91)  (Central Primary Hallway (98, 141, 2))
 - (2020-09-29 02:58:16) ATTACK: Bob Joga/(Cock Advisor) has punched *no key*/(Mei-Hui Donev) (NEWHP: 86)  (Central Primary Hallway (98, 141, 2))
 - (2020-09-29 02:58:19) ATTACK: Bob Joga/(Cock Advisor) <font color='blue'>has turned OFF the combat indicator!</font> (Central Primary Hallway (98, 141, 2))
 - (2020-09-29 03:04:33) ATTACK: Bob Joga/(Cock Advisor) <font color='red'>has turned ON the combat indicator!</font> (Central Primary Hallway (98, 126, 2))
 - (2020-09-29 03:04:34) ATTACK: Bob Joga/(Cock Advisor) <font color='blue'>has turned OFF the combat indicator!</font> (Central Primary Hallway (98, 128, 2))
[2020-09-29 06:25:51.369] Logs from logging subsystem:
 - (2020-09-29 03:16:46) ATTACK: Bob Joga/(Cock Advisor) <font color='red'>has turned ON the combat indicator!</font> (Central Primary Hallway (99, 141, 2))
 - (2020-09-29 03:16:47) ATTACK: *no key*/(Mei-Hui Donev) has suffered: Weeping Avulsion to head | Damage: 33(rolled 108/133.635) | WB: -5 | BWB: 10 (Central Primary Hallway (100, 141, 2))
 - (2020-09-29 03:16:47) ATTACK: Bob Joga/(Cock Advisor) has attacked *no key*/(Mei-Hui Donev) with butcher's cleaver[DC] (INTENT: HELP) (DAMTYPE: BRUTE) (NEWHP: 65)  (Central Primary Hallway (99, 141, 2))
 - (2020-09-29 03:16:48) ATTACK: *no key*/(Mei-Hui Donev) has suffered: Open Laceration to left arm | Damage: 33(rolled 64/133.635) | WB: -5 | BWB: 10 (Central Primary Hallway (100, 141, 2))
 - (2020-09-29 03:16:48) ATTACK: Bob Joga/(Cock Advisor) has attacked *no key*/(Mei-Hui Donev) with butcher's cleaver[DC] (INTENT: HELP) (DAMTYPE: BRUTE) (NEWHP: 32.25)  (Central Primary Hallway (99, 141, 2))
 - (2020-09-29 03:16:49) ATTACK: *no key*/(Mei-Hui Donev) has suffered: Hairline Fracture to head | Damage: 18.15(rolled 45/57.8665) | WB: -5 | BWB: 10 (Central Primary Hallway (100, 141, 2))
 - (2020-09-29 03:16:49) ATTACK: Bob Joga/(Cock Advisor) has attacked *no key*/(Mei-Hui Donev) with butcher's cleaver[DC] (INTENT: HELP) (DAMTYPE: BRUTE) (NEWHP: -0.75)  (Central Primary Hallway (99, 141, 2))
 - (2020-09-29 03:16:50) ATTACK: Bob Joga/(Cock Advisor) has attacked *no key*/(Mei-Hui Donev) with butcher's cleaver[DC] (INTENT: HELP) (DAMTYPE: BRUTE) (NEWHP: -37.75)  (Central Primary Hallway (99, 141, 2))
 - (2020-09-29 03:16:51) ATTACK: *no key*/(Mei-Hui Donev) has suffered: Dismembered stump (Central Primary Hallway (100, 141, 2))
 - (2020-09-29 03:16:51) ATTACK: Bob Joga/(Cock Advisor) has attacked *no key*/(Mei-Hui Donev) with butcher's cleaver[DC] (INTENT: HELP) (DAMTYPE: BRUTE) (NEWHP: -0.25)  (Central Primary Hallway (98, 141, 2))
 - (2020-09-29 03:17:23) ATTACK: Bob Joga/(Cock Advisor) <font color='blue'>has turned OFF the combat indicator!</font> (Central Primary Hallway (98, 140, 2))
 - (2020-09-29 03:17:35) ATTACK: Bob Joga/(Cock Advisor) <font color='red'>has turned ON the combat indicator!</font> (Central Primary Hallway (99, 142, 2))
 - (2020-09-29 03:17:36) ATTACK: *no key*/(Mei-Hui Donev) has suffered: Weeping Avulsion to right hand | Damage: 33(rolled 104/133.635) | WB: -5 | BWB: 10 (Central Primary Hallway (100, 141, 2))
 - (2020-09-29 03:17:36) ATTACK: Bob Joga/(Cock Advisor) has attacked *no key*/(Mei-Hui Donev) with butcher's cleaver[DC] (INTENT: HELP) (DAMTYPE: BRUTE) (NEWHP: -152.85)  (Central Primary Hallway (99, 142, 2))
 - (2020-09-29 03:17:36) ATTACK: *no key*/(Mei-Hui Donev) has suffered: Rough Abrasion to chest | Damage: 33(rolled 44/133.635) | WB: -5 | BWB: 10 (Central Primary Hallway (100, 141, 2))
 - (2020-09-29 03:17:36) ATTACK: Bob Joga/(Cock Advisor) has attacked *no key*/(Mei-Hui Donev) with butcher's cleaver[DC] (INTENT: HELP) (DAMTYPE: BRUTE) (NEWHP: -185.85)  (Central Primary Hallway (99, 142, 2))
 - (2020-09-29 03:17:37) ATTACK: Bob Joga/(Cock Advisor) has attacked *no key*/(Mei-Hui Donev) with butcher's cleaver[DC] (INTENT: HELP) (DAMTYPE: BRUTE) (NEWHP: -219.35)  (Central Primary Hallway (99, 141, 2))
 - (2020-09-29 03:17:39) ATTACK: Bob Joga/(Cock Advisor) has attacked *no key*/(Mei-Hui Donev) with butcher's cleaver[DC] (INTENT: HELP) (DAMTYPE: BRUTE) (NEWHP: -257.55)  (Central Primary Hallway (99, 141, 2))
 - (2020-09-29 03:17:40) ATTACK: *no key*/(Mei-Hui Donev) has suffered: Rib Dislocation to chest | Damage: 18.15(rolled 16/57.8665) | WB: -5 | BWB: 10 (Central Primary Hallway (100, 141, 2))
 - (2020-09-29 03:17:40) ATTACK: *no key*/(Mei-Hui Donev) has suffered: Rough Abrasion to groin | Damage: 11(rolled 26/28.7045) (Central Primary Hallway (100, 141, 2))
 - (2020-09-29 03:17:40) ATTACK: *no key*/(Mei-Hui Donev) has suffered: Rough Abrasion to right arm | Damage: 11(rolled 27/28.7045) (Central Primary Hallway (100, 141, 2))
 - (2020-09-29 03:17:40) ATTACK: Bob Joga/(Cock Advisor) has attacked *no key*/(Mei-Hui Donev) with butcher's cleaver[DC] (INTENT: HELP) (DAMTYPE: BRUTE) (NEWHP: -293)  (Central Primary Hallway (99, 141, 2))
 - (2020-09-29 03:17:43) ATTACK: *no key*/(Mei-Hui Donev) has suffered: Joint Dislocation to right arm | Damage: 18.15(rolled 22/57.8665) | WB: -5 | BWB: 10 (Central Primary Hallway (100, 141, 2))
 - (2020-09-29 03:17:43) ATTACK: Bob Joga/(Cock Advisor) has attacked *no key*/(Mei-Hui Donev) with butcher's cleaver[DC] (INTENT: HELP) (DAMTYPE: BRUTE) (NEWHP: -328.2)  (Central Primary Hallway (99, 141, 2))
 - (2020-09-29 03:17:44) ATTACK: *no key*/(Mei-Hui Donev) has suffered: Dismembered stump (Central Primary Hallway (100, 141, 2))
 - (2020-09-29 03:17:44) ATTACK: Bob Joga/(Cock Advisor) has attacked *no key*/(Mei-Hui Donev) with butcher's cleaver[DC] (INTENT: HELP) (DAMTYPE: BRUTE) (NEWHP: -241.8)  (Central Primary Hallway (99, 141, 2))
 - (2020-09-29 03:17:49) ATTACK: *no key*/(Mei-Hui Donev) has suffered: Weeping Avulsion to left foot | Damage: 33(rolled 111/133.635) | WB: -5 | BWB: 10 (Central Primary Hallway (100, 141, 2))
 - (2020-09-29 03:17:49) ATTACK: Bob Joga/(Cock Advisor) has attacked *no key*/(Mei-Hui Donev) with butcher's cleaver[DC] (INTENT: HELP) (DAMTYPE: BRUTE) (NEWHP: -283.6)  (Central Primary Hallway (100, 142, 2))
 - (2020-09-29 03:17:50) ATTACK: *no key*/(Mei-Hui Donev) has suffered: Rough Abrasion to left arm | Damage: 33(rolled 4/133.635) | WB: -5 | BWB: 10 (Central Primary Hallway (100, 141, 2))
 - (2020-09-29 03:17:50) ATTACK: *no key*/(Mei-Hui Donev) has suffered: Compound Fracture to chest | Damage: 9.35(rolled 7/22.8632) (Central Primary Hallway (100, 141, 2))
 - (2020-09-29 03:17:50) ATTACK: *no key*/(Mei-Hui Donev) has suffered: Rough Abrasion to left hand | Damage: 17(rolled 22/52.7993) (Central Primary Hallway (100, 141, 2))
 - (2020-09-29 03:17:50) ATTACK: Bob Joga/(Cock Advisor) has attacked *no key*/(Mei-Hui Donev) with butcher's cleaver[DC] (INTENT: HELP) (DAMTYPE: BRUTE) (NEWHP: -305)  (Central Primary Hallway (100, 142, 2))
 - (2020-09-29 03:17:52) ATTACK: *no key*/(Mei-Hui Donev) has suffered: Dismembered stump (Central Primary Hallway (100, 141, 2))
 - (2020-09-29 03:17:52) ATTACK: Bob Joga/(Cock Advisor) has attacked *no key*/(Mei-Hui Donev) with butcher's cleaver[DC] (INTENT: HELP) (DAMTYPE: BRUTE) (NEWHP: -227)  (Central Primary Hallway (100, 142, 2))
 - (2020-09-29 03:17:52) ATTACK: *no key*/(Mei-Hui Donev) has suffered: Dismembered stump (Central Primary Hallway (100, 141, 2))
 - (2020-09-29 03:17:52) ATTACK: Bob Joga/(Cock Advisor) has attacked *no key*/(Mei-Hui Donev) with butcher's cleaver[DC] (INTENT: HELP) (DAMTYPE: BRUTE) (NEWHP: -131)  (Central Primary Hallway (99, 142, 2))
 - (2020-09-29 03:18:05) ATTACK: Bob Joga/(Cock Advisor) <font color='blue'>has turned OFF the combat indicator!</font> (Central Primary Hallway (99, 140, 2))
 - (2020-09-29 03:18:17) ATTACK: Bob Joga/(Cock Advisor) <font color='red'>has turned ON the combat indicator!</font> (Central Primary Hallway (98, 139, 2))
 - (2020-09-29 03:18:19) ATTACK: Bob Joga/(Cock Advisor) has attacked *no key*/(Mei-Hui Donev) with butcher's cleaver[DC] (INTENT: HELP) (DAMTYPE: BRUTE) (NEWHP: -144)  (Central Primary Hallway (99, 141, 2))
 - (2020-09-29 03:18:20) ATTACK: Bob Joga/(Cock Advisor) has attacked *no key*/(Mei-Hui Donev) with butcher's cleaver[DC] (INTENT: HELP) (DAMTYPE: BRUTE) (NEWHP: -145)  (Central Primary Hallway (99, 141, 2))
 - (2020-09-29 03:18:21) ATTACK: Bob Joga/(Cock Advisor) has attacked *no key*/(Mei-Hui Donev) with butcher's cleaver[DC] (INTENT: HELP) (DAMTYPE: BRUTE) (NEWHP: -145)  (Central Primary Hallway (99, 141, 2))
 - (2020-09-29 03:18:23) ATTACK: Bob Joga/(Cock Advisor) has attacked *no key*/(Mei-Hui Donev) with butcher's cleaver[DC] (INTENT: HELP) (DAMTYPE: BRUTE) (NEWHP: -146)  (Central Primary Hallway (99, 141, 2))
 - (2020-09-29 03:18:24) ATTACK: Bob Joga/(Cock Advisor) has attacked *no key*/(Mei-Hui Donev) with butcher's cleaver[DC] (INTENT: HELP) (DAMTYPE: BRUTE) (NEWHP: -147)  (Central Primary Hallway (99, 141, 2))
 - (2020-09-29 03:18:25) ATTACK: Bob Joga/(Cock Advisor) has attacked *no key*/(Mei-Hui Donev) with butcher's cleaver[DC] (INTENT: HELP) (DAMTYPE: BRUTE) (NEWHP: -147)  (Central Primary Hallway (99, 141, 2))
 - (2020-09-29 03:18:26) ATTACK: Bob Joga/(Cock Advisor) has attacked *no key*/(Mei-Hui Donev) with butcher's cleaver[DC] (INTENT: HELP) (DAMTYPE: BRUTE) (NEWHP: -147)  (Central Primary Hallway (99, 141, 2))
 - (2020-09-29 03:18:27) ATTACK: Bob Joga/(Cock Advisor) has attacked *no key*/(Mei-Hui Donev) with butcher's cleaver[DC] (INTENT: HELP) (DAMTYPE: BRUTE) (NEWHP: -148)  (Central Primary Hallway (99, 141, 2))
 - (2020-09-29 03:18:27) ATTACK: Bob Joga/(Cock Advisor) has attacked *no key*/(Mei-Hui Donev) with butcher's cleaver[DC] (INTENT: HELP) (DAMTYPE: BRUTE) (NEWHP: -148)  (Central Primary Hallway (99, 141, 2))
 - (2020-09-29 03:18:29) ATTACK: *no key*/(Mei-Hui Donev) has suffered: Disembowelment (Central Primary Hallway (100, 141, 2))
 - (2020-09-29 03:18:29) ATTACK: Bob Joga/(Cock Advisor) has attacked *no key*/(Mei-Hui Donev) with butcher's cleaver[DC] (INTENT: HELP) (DAMTYPE: BRUTE) (NEWHP: -99)  (Central Primary Hallway (99, 142, 2))
 - (2020-09-29 03:18:32) ATTACK: Bob Joga/(Cock Advisor) <font color='blue'>has turned OFF the combat indicator!</font> (Central Primary Hallway (99, 140, 2))
 - (2020-09-29 03:18:51) ATTACK: Bob Joga/(Cock Advisor) <font color='red'>has turned ON the combat indicator!</font> (Central Primary Hallway (98, 140, 2))
 - (2020-09-29 03:18:56) ATTACK: Bob Joga/(Cock Advisor) <font color='blue'>has turned OFF the combat indicator!</font> (Central Primary Hallway (98, 118, 2))
 - (2020-09-29 03:19:14) ATTACK: Bob Joga/(Cock Advisor) <font color='red'>has turned ON the combat indicator!</font> (Central Primary Hallway (98, 121, 2))
 - (2020-09-29 03:19:15) ATTACK: *no key*/(Angila Muthoni) has suffered: Weeping Avulsion to chest | Damage: 39.6(rolled 99/172.494) | WB: -5 | BWB: 10 (Central Primary Hallway (98, 120, 2))
 - (2020-09-29 03:19:15) ATTACK: Bob Joga/(Cock Advisor) has attacked *no key*/(Angila Muthoni) with butcher's cleaver (Wielded)[DC] (INTENT: HARM) (DAMTYPE: BRUTE) (NEWHP: 60.4)  (Central Primary Hallway (98, 121, 2))
 - (2020-09-29 03:19:19) ATTACK: *no key*/(Angila Muthoni) has suffered: Compound Fracture to chest | Damage: 21.78(rolled 72/74.6932) | WB: -5 | BWB: 10 (Central Primary Hallway (98, 120, 2))
 - (2020-09-29 03:19:19) ATTACK: Bob Joga/(Cock Advisor) has attacked *no key*/(Angila Muthoni) with butcher's cleaver (Wielded)[DC] (INTENT: HARM) (DAMTYPE: BRUTE) (NEWHP: 8.3)  (Central Primary Hallway (98, 119, 2))
 - (2020-09-29 03:19:20) ATTACK: Bob Joga/(Cock Advisor) has attacked *no key*/(Angila Muthoni) with butcher's cleaver (Wielded)[DC] (INTENT: HARM) (DAMTYPE: BRUTE) (NEWHP: -34)  (Central Primary Hallway (98, 119, 2))
 - (2020-09-29 03:19:21) ATTACK: *no key*/(Angila Muthoni) has suffered: Rough Abrasion to groin | Damage: 10(rolled 24/25.1189) (Central Primary Hallway (98, 120, 2))
 - (2020-09-29 03:19:21) ATTACK: Bob Joga/(Cock Advisor) has attacked *no key*/(Angila Muthoni) with butcher's cleaver (Wielded)[DC] (INTENT: HARM) (DAMTYPE: BRUTE) (NEWHP: -79)  (Central Primary Hallway (98, 119, 2))
 - (2020-09-29 03:19:22) ATTACK: *no key*/(Angila Muthoni) has suffered: Rough Abrasion to head | Damage: 10(rolled 23/25.1189) (Central Primary Hallway (98, 120, 2))
 - (2020-09-29 03:19:22) ATTACK: *no key*/(Angila Muthoni) has suffered: Rough Abrasion to left arm | Damage: 10(rolled 24/25.1189) (Central Primary Hallway (98, 120, 2))
 - (2020-09-29 03:19:22) ATTACK: Bob Joga/(Cock Advisor) has attacked *no key*/(Angila Muthoni) with butcher's cleaver (Wielded)[DC] (INTENT: HARM) (DAMTYPE: BRUTE) (NEWHP: -128)  (Central Primary Hallway (98, 119, 2))
 - (2020-09-29 03:19:37) ATTACK: *no key*/(Angila Muthoni) has suffered: Dismembered stump (Central Primary Hallway (98, 120, 2))
 - (2020-09-29 03:19:37) ATTACK: Bob Joga/(Cock Advisor) has attacked *no key*/(Angila Muthoni) with butcher's cleaver (Wielded)[DC] (INTENT: HARM) (DAMTYPE: BRUTE) (NEWHP: -209.11)  (Central Primary Hallway (97, 119, 2))
 - (2020-09-29 03:19:41) ATTACK: *no key*/(Angila Muthoni) has suffered: Rough Abrasion to right arm | Damage: 13(rolled 27/36.2678) (Central Primary Hallway (98, 120, 2))
 - (2020-09-29 03:19:41) ATTACK: Bob Joga/(Cock Advisor) has attacked *no key*/(Angila Muthoni) with butcher's cleaver (Wielded)[DC] (INTENT: HARM) (DAMTYPE: BRUTE) (NEWHP: -254.51)  (Central Primary Hallway (98, 119, 2))
 - (2020-09-29 03:19:42) ATTACK: Bob Joga/(Cock Advisor) has attacked *no key*/(Angila Muthoni) with butcher's cleaver (Wielded)[DC] (INTENT: HARM) (DAMTYPE: BRUTE) (NEWHP: -291.71)  (Central Primary Hallway (98, 119, 2))
 - (2020-09-29 03:19:43) ATTACK: Bob Joga/(Cock Advisor) has attacked *no key*/(Angila Muthoni) with butcher's cleaver (Wielded)[DC] (INTENT: HARM) (DAMTYPE: BRUTE) (NEWHP: -317.71)  (Central Primary Hallway (98, 119, 2))
 - (2020-09-29 03:19:44) ATTACK: Bob Joga/(Cock Advisor) has attacked *no key*/(Angila Muthoni) with butcher's cleaver (Wielded)[DC] (INTENT: HARM) (DAMTYPE: BRUTE) (NEWHP: -360.51)  (Central Primary Hallway (98, 119, 2))
 - (2020-09-29 03:19:45) ATTACK: Bob Joga/(Cock Advisor) has attacked *no key*/(Angila Muthoni) with butcher's cleaver (Wielded)[DC] (INTENT: HARM) (DAMTYPE: BRUTE) (NEWHP: -400.11)  (Central Primary Hallway (98, 119, 2))
 - (2020-09-29 03:19:46) ATTACK: Bob Joga/(Cock Advisor) has attacked *no key*/(Angila Muthoni) with butcher's cleaver (Wielded)[DC] (INTENT: HARM) (DAMTYPE: BRUTE) (NEWHP: -440.16)  (Central Primary Hallway (98, 119, 2))
 - (2020-09-29 03:19:48) ATTACK: Bob Joga/(Cock Advisor) <font color='blue'>has turned OFF the combat indicator!</font> (Central Primary Hallway (98, 119, 2))
 - (2020-09-29 03:19:54) ATTACK: Bob Joga/(Cock Advisor) <font color='red'>has turned ON the combat indicator!</font> (Central Primary Hallway (98, 119, 2))
 - (2020-09-29 03:19:54) ATTACK: *no key*/(Angila Muthoni) has suffered: Open Laceration to left leg | Damage: 38.95(rolled 74/168.543) | WB: -5 | BWB: 10 (Central Primary Hallway (98, 120, 2))
 - (2020-09-29 03:19:54) ATTACK: Bob Joga/(Cock Advisor) has attacked *no key*/(Angila Muthoni) with butcher's cleaver (Wielded)[DC] (INTENT: HARM) (DAMTYPE: BRUTE) (NEWHP: -493.09)  (Central Primary Hallway (98, 119, 2))
 - (2020-09-29 03:19:55) ATTACK: Bob Joga/(Cock Advisor) has attacked *no key*/(Angila Muthoni) with butcher's cleaver (Wielded)[DC] (INTENT: HARM) (DAMTYPE: BRUTE) (NEWHP: -500.42)  (Central Primary Hallway (98, 119, 2))
 - (2020-09-29 03:19:56) ATTACK: *no key*/(Angila Muthoni) has suffered: Disembowelment (Central Primary Hallway (98, 120, 2))
 - (2020-09-29 03:19:56) ATTACK: Bob Joga/(Cock Advisor) has attacked *no key*/(Angila Muthoni) with butcher's cleaver (Wielded)[DC] (INTENT: HARM) (DAMTYPE: BRUTE) (NEWHP: -453.62)  (Central Primary Hallway (97, 119, 2))
 - (2020-09-29 03:19:58) ATTACK: Bob Joga/(Cock Advisor) has attacked *no key*/(Angila Muthoni) with butcher's cleaver (Wielded)[DC] (INTENT: HARM) (DAMTYPE: BRUTE) (NEWHP: -453.62)  (Central Primary Hallway (97, 120, 2))
 - (2020-09-29 03:20:00) ATTACK: *no key*/(Angila Muthoni) has suffered: Dismembered stump (Central Primary Hallway (98, 120, 2))
 - (2020-09-29 03:20:00) ATTACK: Bob Joga/(Cock Advisor) has attacked *no key*/(Angila Muthoni) with butcher's cleaver (Wielded)[DC] (INTENT: HARM) (DAMTYPE: BRUTE) (NEWHP: -377.63)  (Central Primary Hallway (97, 120, 2))
 - (2020-09-29 03:20:00) ATTACK: *no key*/(Angila Muthoni) has suffered: Rough Abrasion to right leg | Damage: 31.76(rolled 8/126.658) | WB: -5 | BWB: 10 (Central Primary Hallway (98, 120, 2))
 - (2020-09-29 03:20:00) ATTACK: Bob Joga/(Cock Advisor) has attacked *no key*/(Angila Muthoni) with butcher's cleaver (Wielded)[DC] (INTENT: HARM) (DAMTYPE: BRUTE) (NEWHP: -409.66)  (Central Primary Hallway (97, 120, 2))
 - (2020-09-29 03:20:02) ATTACK: *no key*/(Angila Muthoni) has suffered: Open Laceration to right hand | Damage: 27.19(rolled 39/101.9) | WB: -5 | BWB: 10 (Central Primary Hallway (98, 120, 2))
 - (2020-09-29 03:20:02) ATTACK: Bob Joga/(Cock Advisor) has attacked *no key*/(Angila Muthoni) with butcher's cleaver (Wielded)[DC] (INTENT: HARM) (DAMTYPE: BRUTE) (NEWHP: -422.28)  (Central Primary Hallway (97, 120, 2))
 - (2020-09-29 03:20:03) ATTACK: *no key*/(Angila Muthoni) has suffered: Hairline Fracture to right leg | Damage: 16.0325(rolled 44/48.6409) | WB: -5 | BWB: 10 (Central Primary Hallway (98, 120, 2))
 - (2020-09-29 03:20:03) ATTACK: *no key*/(Angila Muthoni) has suffered: Rough Abrasion to right foot | Damage: 15(rolled 28/44.3127) (Central Primary Hallway (98, 120, 2))
 - (2020-09-29 03:20:03) ATTACK: Bob Joga/(Cock Advisor) has attacked *no key*/(Angila Muthoni) with butcher's cleaver (Wielded)[DC] (INTENT: HARM) (DAMTYPE: BRUTE) (NEWHP: -434.3)  (Central Primary Hallway (97, 120, 2))
 - (2020-09-29 03:20:05) ATTACK: *no key*/(Angila Muthoni) has suffered: Dismembered stump (Central Primary Hallway (98, 120, 2))
 - (2020-09-29 03:20:05) ATTACK: Bob Joga/(Cock Advisor) has attacked *no key*/(Angila Muthoni) with butcher's cleaver (Wielded)[DC] (INTENT: HARM) (DAMTYPE: BRUTE) (NEWHP: -340.37)  (Central Primary Hallway (97, 120, 2))
 - (2020-09-29 03:20:07) ATTACK: Bob Joga/(Cock Advisor) has attacked *no key*/(Angila Muthoni) with butcher's cleaver (Wielded)[DC] (INTENT: HARM) (DAMTYPE: BRUTE) (NEWHP: -339.97)  (Central Primary Hallway (97, 119, 2))
 - (2020-09-29 03:20:09) ATTACK: *no key*/(Angila Muthoni) has suffered: Open Laceration to head | Damage: 29.15(rolled 70/112.33) | WB: -5 | BWB: 10 (Central Primary Hallway (98, 120, 2))
 - (2020-09-29 03:20:09) ATTACK: Bob Joga/(Cock Advisor) has attacked *no key*/(Angila Muthoni) with butcher's cleaver (Wielded)[DC] (INTENT: HARM) (DAMTYPE: BRUTE) (NEWHP: -339.57)  (Central Primary Hallway (97, 119, 2))
 - (2020-09-29 03:20:10) ATTACK: *no key*/(Angila Muthoni) has suffered: Jaw Dislocation to head | Damage: 16.0325(rolled 17/48.6409) | WB: -5 | BWB: 10 (Central Primary Hallway (98, 120, 2))
 - (2020-09-29 03:20:10) ATTACK: Bob Joga/(Cock Advisor) has attacked *no key*/(Angila Muthoni) with butcher's cleaver (Wielded)[DC] (INTENT: HARM) (DAMTYPE: BRUTE) (NEWHP: -339.17)  (Central Primary Hallway (97, 119, 2))
 - (2020-09-29 03:20:11) ATTACK: *no key*/(Angila Muthoni) has suffered: Dismembered stump (Central Primary Hallway (98, 120, 2))
 - (2020-09-29 03:20:11) ATTACK: Bob Joga/(Cock Advisor) has attacked *no key*/(Angila Muthoni) with butcher's cleaver (Wielded)[DC] (INTENT: HARM) (DAMTYPE: BRUTE) (NEWHP: -261.04)  (Central Primary Hallway (97, 119, 2))
 - (2020-09-29 03:20:15) ATTACK: Bob Joga/(Cock Advisor) <font color='blue'>has turned OFF the combat indicator!</font> (Central Primary Hallway (97, 119, 2))
 - (2020-09-29 03:20:50) ATTACK: Bob Joga/(Cock Advisor) <font color='red'>has turned ON the combat indicator!</font> (Central Primary Hallway (129, 129, 2))
 - (2020-09-29 03:20:50) ATTACK: Bob Joga/(Cock Advisor) has suffered: Weeping Avulsion to head | Damage: 27(rolled 91/100.904) | WB: -5 | BWB: 10 (Central Primary Hallway (129, 127, 2))
 - (2020-09-29 03:20:50) ATTACK: Bob Joga/(Cock Advisor) has attacked Bob Joga/(Cock Advisor) with butcher's cleaver (Wielded)[DC] (INTENT: HARM) (DAMTYPE: BRUTE) (NEWHP: 65.5)  (Central Primary Hallway (129, 127, 2))
 - (2020-09-29 03:20:53) ATTACK: Bob Joga/(Cock Advisor) has suffered: Hairline Fracture to head | Damage: 14.85(rolled 37/43.6935) | WB: -5 | BWB: 10 (Central Primary Hallway (129, 117, 2))
 - (2020-09-29 03:20:53) ATTACK: Bob Joga/(Cock Advisor) has attacked Bob Joga/(Cock Advisor) with butcher's cleaver (Wielded)[DC] (INTENT: HARM) (DAMTYPE: BRUTE) (NEWHP: 38.75)  (Central Primary Hallway (129, 117, 2))
 - (2020-09-29 03:20:54) ATTACK: Bob Joga/(Cock Advisor) has attacked Bob Joga/(Cock Advisor) with butcher's cleaver (Wielded)[DC] (INTENT: HARM) (DAMTYPE: BRUTE) (NEWHP: 7.5)  (Central Primary Hallway (128, 113, 2))
 - (2020-09-29 03:20:55) ATTACK: Bob Joga/(Cock Advisor) has suffered: Compound Fracture to head | Damage: 14.85(rolled 36/43.6935) | WB: -5 | BWB: 10 (Central Primary Hallway (129, 112, 2))
 - (2020-09-29 03:20:55) ATTACK: Bob Joga/(Cock Advisor) has attacked Bob Joga/(Cock Advisor) with butcher's cleaver (Wielded)[DC] (INTENT: HARM) (DAMTYPE: BRUTE) (NEWHP: -19.5)  (Central Primary Hallway (129, 112, 2))
 - (2020-09-29 03:20:56) ATTACK: Bob Joga/(Cock Advisor) <font color='blue'>has turned OFF the combat indicator!</font> (Central Primary Hallway (129, 112, 2))
 - (2020-09-29 03:22:10) ATTACK: Bob Joga/(Cock Advisor) <font color='red'>has turned ON the combat indicator!</font> (Central Primary Hallway (129, 127, 2))
 - (2020-09-29 03:22:15) ATTACK: Bob Joga/(Cock Advisor) has suffered: Weeping Avulsion to head | Damage: 33.75(rolled 87/137.906) | WB: -5 | BWB: 10 (Central Primary Hallway (115, 113, 2))
 - (2020-09-29 03:22:15) ATTACK: Bob Joga/(Cock Advisor) has attacked Bob Joga/(Cock Advisor) with butcher's cleaver (Wielded)[DC] (INTENT: HARM) (DAMTYPE: BRUTE) (NEWHP: 66.25)  (Central Primary Hallway (115, 113, 2))
 - (2020-09-29 03:22:18) ATTACK: Bob Joga/(Cock Advisor) has suffered: Dismembered stump (Central Primary Hallway (111, 113, 2))
 - (2020-09-29 03:22:18) ATTACK: Bob Joga/(Cock Advisor) <font color='blue'>has turned OFF the combat indicator!</font> (Central Primary Hallway (111, 113, 2))
 - (2020-09-29 03:22:18) ATTACK: *no key*/(Cock Advisor) has attacked *no key*/(Cock Advisor) with butcher's cleaver[DC] (INTENT: HARM) (DAMTYPE: BRUTE) (NEWHP: 83.25)  (Central Primary Hallway (111, 113, 2))
 - (2020-09-29 03:23:33) ATTACK: bobjoga/(Cock Advisor) <font color='red'>has turned ON the combat indicator!</font> (Central Primary Hallway (96, 115, 2))
 - (2020-09-29 03:23:41) ATTACK: bobjoga/(Cock Advisor) has suffered: Weeping Avulsion to head | Damage: 28.13(rolled 93/106.866) | WB: -5 | BWB: 10 (Central Primary Hallway (107, 112, 2))
 - (2020-09-29 03:23:41) ATTACK: bobjoga/(Cock Advisor) has attacked bobjoga/(Cock Advisor) with butcher's cleaver (Wielded)[DC] (INTENT: HELP) (DAMTYPE: BRUTE) (NEWHP: 71.87)  (Central Primary Hallway (108, 112, 2))
 - (2020-09-29 03:23:48) ATTACK: bobjoga/(Cock Advisor) has suffered: Weeping Avulsion to left arm | Damage: 28.13(rolled 86/106.866) | WB: -5 | BWB: 10 (Central Primary Hallway (106, 112, 2))
 - (2020-09-29 03:23:48) ATTACK: bobjoga/(Cock Advisor) has attacked bobjoga/(Cock Advisor) with butcher's cleaver (Wielded)[DC] (INTENT: HELP) (DAMTYPE: BRUTE) (NEWHP: 44.74)  (Central Primary Hallway (106, 112, 2))
 - (2020-09-29 03:23:50) ATTACK: bobjoga/(Cock Advisor) has suffered: Jaw Dislocation to head | Damage: 15.4715(rolled 12/46.2749) | WB: -5 | BWB: 10 (Central Primary Hallway (99, 112, 2))
 - (2020-09-29 03:23:50) ATTACK: bobjoga/(Cock Advisor) has attacked bobjoga/(Cock Advisor) with butcher's cleaver (Wielded)[DC] (INTENT: HELP) (DAMTYPE: BRUTE) (NEWHP: 16.61)  (Central Primary Hallway (99, 112, 2))
 - (2020-09-29 03:23:52) ATTACK: bobjoga/(Cock Advisor) has attacked bobjoga/(Cock Advisor) with butcher's cleaver (Wielded)[DC] (INTENT: HELP) (DAMTYPE: BRUTE) (NEWHP: -14.63)  (Central Primary Hallway (97, 112, 2))
 - (2020-09-29 03:23:55) ATTACK: bobjoga/(Cock Advisor) has suffered: Hairline Fracture to head | Damage: 15.4715(rolled 21/46.2749) | WB: -5 | BWB: 10 (Central Primary Hallway (97, 114, 2))
 - (2020-09-29 03:23:55) ATTACK: bobjoga/(Cock Advisor) has suffered: Weeping Avulsion to chest | Damage: 28(rolled 88/106.175) (Central Primary Hallway (97, 114, 2))
 - (2020-09-29 03:23:55) ATTACK: bobjoga/(Cock Advisor) has attacked bobjoga/(Cock Advisor) with butcher's cleaver (Wielded)[DC] (INTENT: HELP) (DAMTYPE: BRUTE) (NEWHP: -42.38)  (Central Primary Hallway (97, 114, 2))
 - (2020-09-29 03:23:57) ATTACK: bobjoga/(Cock Advisor) has suffered: Weeping Avulsion to right foot | Damage: 28.13(rolled 86/106.866) | WB: -5 | BWB: 10 (Central Primary Hallway (98, 117, 2))
 - (2020-09-29 03:23:57) ATTACK: bobjoga/(Cock Advisor) has attacked bobjoga/(Cock Advisor) with butcher's cleaver (Wielded)[DC] (INTENT: HELP) (DAMTYPE: BRUTE) (NEWHP: -69.51)  (Central Primary Hallway (98, 117, 2))
 - (2020-09-29 03:24:00) ATTACK: bobjoga/(Cock Advisor) has suffered: Weeping Avulsion to left leg | Damage: 28.13(rolled 97/106.866) | WB: -5 | BWB: 10 (Central Primary Hallway (97, 117, 2))
 - (2020-09-29 03:24:00) ATTACK: bobjoga/(Cock Advisor) has attacked bobjoga/(Cock Advisor) with butcher's cleaver (Wielded)[DC] (INTENT: HELP) (DAMTYPE: BRUTE) (NEWHP: -96.39)  (Central Primary Hallway (97, 117, 2))
 - (2020-09-29 03:24:00) ATTACK: bobjoga/(Cock Advisor) <font color='blue'>has turned OFF the combat indicator!</font> (Central Primary Hallway (97, 117, 2))
 - (2020-09-29 03:24:14) ATTACK: bobjoga/(Cock Advisor) <font color='red'>has turned ON the combat indicator!</font> (Central Primary Hallway (97, 118, 2))
 - (2020-09-29 03:24:14) ATTACK: bobjoga/(Cock Advisor) <font color='blue'>has turned OFF the combat indicator!</font> (Central Primary Hallway (97, 118, 2))
 - (2020-09-29 03:24:19) ATTACK: bobjoga/(Cock Advisor) <font color='red'>has turned ON the combat indicator!</font> (Central Primary Hallway (101, 141, 2))
 - (2020-09-29 03:24:23) ATTACK: bobjoga/(Cock Advisor) has suffered: Open Laceration to head | Damage: 28.13(rolled 72/106.866) | WB: -5 | BWB: 10 (Central Primary Hallway (117, 141, 2))
 - (2020-09-29 03:24:23) ATTACK: bobjoga/(Cock Advisor) has attacked bobjoga/(Cock Advisor) with butcher's cleaver (Wielded)[DC] (INTENT: HELP) (DAMTYPE: BRUTE) (NEWHP: 53.87)  (Central Primary Hallway (117, 141, 2))
 - (2020-09-29 03:24:25) ATTACK: bobjoga/(Cock Advisor) has attacked bobjoga/(Cock Advisor) with butcher's cleaver (Wielded)[DC] (INTENT: HELP) (DAMTYPE: BRUTE) (NEWHP: 22.99)  (Central Primary Hallway (117, 141, 2))
 - (2020-09-29 03:24:25) ATTACK: bobjoga/(Cock Advisor) used the butcher's cleaver (Wielded) due to a Muscle Spasm (Central Primary Hallway (117, 141, 2))
 - (2020-09-29 03:24:26) ATTACK: bobjoga/(Cock Advisor) has attacked bobjoga/(Cock Advisor) with butcher's cleaver (Wielded)[DC] (INTENT: HELP) (DAMTYPE: BRUTE) (NEWHP: -13)  (Central Primary Hallway (115, 141, 2))
 - (2020-09-29 03:24:27) ATTACK: bobjoga/(Cock Advisor) has suffered: Dismembered stump (Central Primary Hallway (111, 141, 2))
 - (2020-09-29 03:24:27) ATTACK: bobjoga/(Cock Advisor) <font color='blue'>has turned OFF the combat indicator!</font> (Central Primary Hallway (111, 141, 2))
 - (2020-09-29 03:24:27) ATTACK: *no key*/(Cock Advisor) has attacked *no key*/(Cock Advisor) with butcher's cleaver[DC] (INTENT: HELP) (DAMTYPE: BRUTE) (NEWHP: 24.5)  (Central Primary Hallway (111, 141, 2))
[2020-09-29 06:35:51.708] Logs from logging subsystem:
 - (2020-09-29 03:27:50) ATTACK: bobjoga/(Cock Advisor) has grabbed *no key*/(Rafal Hacker) passive grab (NEWHP: 100)  (Starboard Primary Hallway (146, 129, 2))
 - (2020-09-29 03:27:53) ATTACK: bobjoga/(Cock Advisor) <font color='red'>has turned ON the combat indicator!</font> (Starboard Primary Hallway (153, 129, 2))
 - (2020-09-29 03:27:55) ATTACK: *no key*/(Rafal Hacker) has suffered: Rough Abrasion to left arm | Damage: 33(rolled 27/133.635) | WB: -5 | BWB: 10 (Starboard Primary Hallway (152, 129, 2))
 - (2020-09-29 03:27:55) ATTACK: bobjoga/(Cock Advisor) has attacked *no key*/(Rafal Hacker) with Scimitar knife (Wielded)[DC] (INTENT: HELP) (DAMTYPE: BRUTE) (NEWHP: 67)  (Starboard Primary Hallway (153, 129, 2))
 - (2020-09-29 03:27:56) ATTACK: *no key*/(Rafal Hacker) has suffered: Open Laceration to head | Damage: 33(rolled 71/133.635) | WB: -5 | BWB: 10 (Starboard Primary Hallway (152, 129, 2))
 - (2020-09-29 03:27:56) ATTACK: bobjoga/(Cock Advisor) has attacked *no key*/(Rafal Hacker) with Scimitar knife (Wielded)[DC] (INTENT: HELP) (DAMTYPE: BRUTE) (NEWHP: 34)  (Starboard Primary Hallway (153, 129, 2))
 - (2020-09-29 03:27:57) ATTACK: *no key*/(Rafal Hacker) has suffered: Rough Abrasion to chest | Damage: 33(rolled 40/133.635) | WB: -5 | BWB: 10 (Starboard Primary Hallway (152, 129, 2))
 - (2020-09-29 03:27:57) ATTACK: bobjoga/(Cock Advisor) has attacked *no key*/(Rafal Hacker) with Scimitar knife (Wielded)[DC] (INTENT: HELP) (DAMTYPE: BRUTE) (NEWHP: 1.5)  (Starboard Primary Hallway (153, 129, 2))
 - (2020-09-29 03:28:00) ATTACK: *no key*/(Rafal Hacker) has suffered: Hairline Fracture to head | Damage: 18.15(rolled 49/57.8665) | WB: -5 | BWB: 10 (Starboard Primary Hallway (147, 130, 2))
 - (2020-09-29 03:28:00) ATTACK: bobjoga/(Cock Advisor) has attacked *no key*/(Rafal Hacker) with Scimitar knife (Wielded)[DC] (INTENT: HELP) (DAMTYPE: BRUTE) (NEWHP: -30.75)  (Starboard Primary Hallway (147, 129, 2))
 - (2020-09-29 03:28:01) ATTACK: *no key*/(Rafal Hacker) has suffered: Open Laceration to left leg | Damage: 33(rolled 64/133.635) | WB: -5 | BWB: 10 (Starboard Primary Hallway (145, 128, 2))
 - (2020-09-29 03:28:01) ATTACK: bobjoga/(Cock Advisor) has attacked *no key*/(Rafal Hacker) with Scimitar knife (Wielded)[DC] (INTENT: HELP) (DAMTYPE: BRUTE) (NEWHP: -62.75)  (Starboard Primary Hallway (144, 128, 2))
 - (2020-09-29 03:28:03) ATTACK: *no key*/(Rafal Hacker) has suffered: Rib Dislocation to chest | Damage: 12.65(rolled 32/34.9081) (Starboard Primary Hallway (145, 128, 2))
 - (2020-09-29 03:28:03) ATTACK: bobjoga/(Cock Advisor) has attacked *no key*/(Rafal Hacker) with Scimitar knife (Wielded)[DC] (INTENT: HELP) (DAMTYPE: BRUTE) (NEWHP: -98)  (Starboard Primary Hallway (144, 128, 2))
 - (2020-09-29 03:28:06) ATTACK: *no key*/(Rafal Hacker) has suffered: Weeping Avulsion to right hand | Damage: 33(rolled 121/133.635) | WB: -5 | BWB: 10 (Starboard Primary Hallway (144, 128, 2))
 - (2020-09-29 03:28:06) ATTACK: bobjoga/(Cock Advisor) has attacked *no key*/(Rafal Hacker) with Scimitar knife (Wielded)[DC] (INTENT: HELP) (DAMTYPE: BRUTE) (NEWHP: -128)  (Starboard Primary Hallway (143, 128, 2))
 - (2020-09-29 03:28:11) ATTACK: bobjoga/(Cock Advisor) has attacked *no key*/(Rafal Hacker) with Scimitar knife (Wielded)[DC] (INTENT: HELP) (DAMTYPE: BRUTE) (NEWHP: -163.5)  (Starboard Primary Hallway (143, 128, 2))
 - (2020-09-29 03:28:13) ATTACK: *no key*/(Rafal Hacker) has suffered: Compound Fracture to head | Damage: 18.15(rolled 51/57.8665) | WB: -5 | BWB: 10 (Starboard Primary Hallway (144, 128, 2))
 - (2020-09-29 03:28:13) ATTACK: *no key*/(Rafal Hacker) has suffered: Disembowelment (Starboard Primary Hallway (144, 128, 2))
 - (2020-09-29 03:28:13) ATTACK: bobjoga/(Cock Advisor) has attacked *no key*/(Rafal Hacker) with Scimitar knife (Wielded)[DC] (INTENT: HELP) (DAMTYPE: BRUTE) (NEWHP: -205.25)  (Starboard Primary Hallway (144, 129, 2))
 - (2020-09-29 03:28:15) ATTACK: *no key*/(Rafal Hacker) has suffered: Compound Fracture to chest | Damage: 36.3(rolled 113/152.711) (Starboard Primary Hallway (144, 128, 2))
 - (2020-09-29 03:28:15) ATTACK: bobjoga/(Cock Advisor) has attacked *no key*/(Rafal Hacker) with Scimitar knife (Wielded)[DC] (INTENT: HELP) (DAMTYPE: BRUTE) (NEWHP: -244.2)  (Starboard Primary Hallway (144, 129, 2))
 - (2020-09-29 03:28:16) ATTACK: *no key*/(Rafal Hacker) has suffered: Open Laceration to right leg | Damage: 33(rolled 58/133.635) | WB: -5 | BWB: 10 (Starboard Primary Hallway (144, 128, 2))
 - (2020-09-29 03:28:16) ATTACK: bobjoga/(Cock Advisor) has attacked *no key*/(Rafal Hacker) with Scimitar knife (Wielded)[DC] (INTENT: HELP) (DAMTYPE: BRUTE) (NEWHP: -283.15)  (Starboard Primary Hallway (144, 129, 2))
 - (2020-09-29 03:28:18) ATTACK: *no key*/(Rafal Hacker) has suffered: Dismembered stump (Starboard Primary Hallway (144, 128, 2))
 - (2020-09-29 03:28:18) ATTACK: bobjoga/(Cock Advisor) has attacked *no key*/(Rafal Hacker) with Scimitar knife (Wielded)[DC] (INTENT: HELP) (DAMTYPE: BRUTE) (NEWHP: -244.9)  (Starboard Primary Hallway (144, 129, 2))
 - (2020-09-29 03:28:18) ATTACK: *no key*/(Rafal Hacker) has suffered: Rough Abrasion to right arm | Damage: 11(rolled 27/28.7045) (Starboard Primary Hallway (144, 128, 2))
 - (2020-09-29 03:28:18) ATTACK: bobjoga/(Cock Advisor) has attacked *no key*/(Rafal Hacker) with Scimitar knife (Wielded)[DC] (INTENT: HELP) (DAMTYPE: BRUTE) (NEWHP: -283.1)  (Starboard Primary Hallway (144, 129, 2))
 - (2020-09-29 03:28:26) ATTACK: *no key*/(Rafal Hacker) has suffered: Weeping Avulsion to left arm | Damage: 33(rolled 119/133.635) | WB: -5 | BWB: 10 (Starboard Primary Hallway (144, 128, 2))
 - (2020-09-29 03:28:26) ATTACK: *no key*/(Rafal Hacker) has suffered: Rough Abrasion to left hand | Damage: 15(rolled 23/44.3127) (Starboard Primary Hallway (144, 128, 2))
 - (2020-09-29 03:28:26) ATTACK: bobjoga/(Cock Advisor) has attacked *no key*/(Rafal Hacker) with Scimitar knife (Wielded)[DC] (INTENT: HELP) (DAMTYPE: BRUTE) (NEWHP: -321.15)  (Starboard Primary Hallway (143, 128, 2))
 - (2020-09-29 03:28:28) ATTACK: *no key*/(Rafal Hacker) has suffered: Dismembered stump (Starboard Primary Hallway (144, 128, 2))
 - (2020-09-29 03:28:28) ATTACK: bobjoga/(Cock Advisor) has attacked *no key*/(Rafal Hacker) with Scimitar knife (Wielded)[DC] (INTENT: HELP) (DAMTYPE: BRUTE) (NEWHP: -266.55)  (Starboard Primary Hallway (143, 128, 2))
 - (2020-09-29 03:28:30) ATTACK: bobjoga/(Cock Advisor) has attacked *no key*/(Rafal Hacker) with Scimitar knife (Wielded)[DC] (INTENT: HELP) (DAMTYPE: BRUTE) (NEWHP: -313.35)  (Starboard Primary Hallway (143, 128, 2))
 - (2020-09-29 03:28:32) ATTACK: *no key*/(Rafal Hacker) has suffered: Weeping Avulsion to right foot | Damage: 33(rolled 112/133.635) | WB: -5 | BWB: 10 (Starboard Primary Hallway (144, 128, 2))
 - (2020-09-29 03:28:32) ATTACK: *no key*/(Rafal Hacker) has suffered: Open Laceration to groin | Damage: 19(rolled 58/61.6957) (Starboard Primary Hallway (144, 128, 2))
 - (2020-09-29 03:28:32) ATTACK: bobjoga/(Cock Advisor) has attacked *no key*/(Rafal Hacker) with Scimitar knife (Wielded)[DC] (INTENT: HELP) (DAMTYPE: BRUTE) (NEWHP: -346.47)  (Starboard Primary Hallway (143, 128, 2))
 - (2020-09-29 03:28:33) ATTACK: *no key*/(Rafal Hacker) has suffered: Dismembered stump (Starboard Primary Hallway (144, 128, 2))
 - (2020-09-29 03:28:33) ATTACK: bobjoga/(Cock Advisor) has attacked *no key*/(Rafal Hacker) with Scimitar knife (Wielded)[DC] (INTENT: HELP) (DAMTYPE: BRUTE) (NEWHP: -284.37)  (Starboard Primary Hallway (143, 128, 2))
 - (2020-09-29 03:28:37) ATTACK: *no key*/(Rafal Hacker) has suffered: Dismembered stump (Starboard Primary Hallway (144, 128, 2))
 - (2020-09-29 03:28:37) ATTACK: bobjoga/(Cock Advisor) has attacked *no key*/(Rafal Hacker) with Scimitar knife (Wielded)[DC] (INTENT: HELP) (DAMTYPE: BRUTE) (NEWHP: -68)  (Starboard Primary Hallway (143, 128, 2))
 - (2020-09-29 03:28:55) ATTACK: *no key*/(Fenna Farooq) has suffered: Weeping Avulsion to head | Damage: 33(rolled 110/133.635) | WB: -5 | BWB: 10 (Starboard Primary Hallway (142, 128, 2))
 - (2020-09-29 03:28:56) ATTACK: bobjoga/(Cock Advisor) has attacked *no key*/(Fenna Farooq) with Scimitar knife (Wielded)[DC] (INTENT: HELP) (DAMTYPE: BRUTE) (NEWHP: 67)  (Medbay Central (142, 127, 2))
 - (2020-09-29 03:28:56) ATTACK: *no key*/(Fenna Farooq) has suffered: Weeping Avulsion to right foot | Damage: 33(rolled 79/133.635) | WB: -5 | BWB: 10 (Starboard Primary Hallway (142, 128, 2))
 - (2020-09-29 03:28:56) ATTACK: bobjoga/(Cock Advisor) has attacked *no key*/(Fenna Farooq) with Scimitar knife (Wielded)[DC] (INTENT: HELP) (DAMTYPE: BRUTE) (NEWHP: 29.25)  (Medbay Central (142, 127, 2))
 - (2020-09-29 03:28:58) ATTACK: *no key*/(Fenna Farooq) has suffered: Rough Abrasion to groin | Damage: 33(rolled 27/133.635) | WB: -5 | BWB: 10 (Starboard Primary Hallway (142, 128, 2))
 - (2020-09-29 03:28:58) ATTACK: bobjoga/(Cock Advisor) has attacked *no key*/(Fenna Farooq) with Scimitar knife (Wielded)[DC] (INTENT: HELP) (DAMTYPE: BRUTE) (NEWHP: -3.75)  (Medbay Central (142, 127, 2))
 - (2020-09-29 03:28:58) ATTACK: bobjoga/(Cock Advisor) has attacked *no key*/(Fenna Farooq) with Scimitar knife (Wielded)[DC] (INTENT: HELP) (DAMTYPE: BRUTE) (NEWHP: -41)  (Medbay Central (142, 127, 2))
 - (2020-09-29 03:29:00) ATTACK: *no key*/(Fenna Farooq) has suffered: Hip Dislocation to groin | Damage: 18.15(rolled 43/57.8665) | WB: -5 | BWB: 10 (Starboard Primary Hallway (142, 128, 2))
 - (2020-09-29 03:29:00) ATTACK: bobjoga/(Cock Advisor) has attacked *no key*/(Fenna Farooq) with Scimitar knife (Wielded)[DC] (INTENT: HELP) (DAMTYPE: BRUTE) (NEWHP: -74)  (Medbay Central (142, 127, 2))
 - (2020-09-29 03:29:01) ATTACK: bobjoga/(Cock Advisor) has attacked *no key*/(Fenna Farooq) with Scimitar knife (Wielded)[DC] (INTENT: HELP) (DAMTYPE: BRUTE) (NEWHP: -106)  (Medbay Central (142, 127, 2))
 - (2020-09-29 03:29:02) ATTACK: *no key*/(Fenna Farooq) has suffered: Hairline Fracture to groin | Damage: 18.15(rolled 44/57.8665) | WB: -5 | BWB: 10 (Starboard Primary Hallway (142, 128, 2))
 - (2020-09-29 03:29:02) ATTACK: bobjoga/(Cock Advisor) has attacked *no key*/(Fenna Farooq) with Scimitar knife (Wielded)[DC] (INTENT: HELP) (DAMTYPE: BRUTE) (NEWHP: -138)  (Starboard Primary Hallway (143, 128, 2))
 - (2020-09-29 03:29:03) ATTACK: bobjoga/(Cock Advisor) has attacked *no key*/(Fenna Farooq) with Scimitar knife (Wielded)[DC] (INTENT: HELP) (DAMTYPE: BRUTE) (NEWHP: -176)  (Starboard Primary Hallway (143, 128, 2))
 - (2020-09-29 03:29:04) ATTACK: *no key*/(Fenna Farooq) has suffered: Weeping Avulsion to right hand | Damage: 33(rolled 105/133.635) | WB: -5 | BWB: 10 (Starboard Primary Hallway (142, 128, 2))
 - (2020-09-29 03:29:04) ATTACK: *no key*/(Fenna Farooq) has suffered: Open Laceration to right arm | Damage: 33(rolled 76/133.635) (Starboard Primary Hallway (142, 128, 2))
 - (2020-09-29 03:29:04) ATTACK: bobjoga/(Cock Advisor) has attacked *no key*/(Fenna Farooq) with Scimitar knife (Wielded)[DC] (INTENT: HELP) (DAMTYPE: BRUTE) (NEWHP: -203)  (Starboard Primary Hallway (143, 128, 2))
 - (2020-09-29 03:29:05) ATTACK: *no key*/(Fenna Farooq) has suffered: Rough Abrasion to left foot | Damage: 32.35(rolled 11/129.964) | WB: -5 | BWB: 10 (Starboard Primary Hallway (142, 128, 2))
 - (2020-09-29 03:29:05) ATTACK: *no key*/(Fenna Farooq) has suffered: Rough Abrasion to left leg | Damage: 32(rolled 50/128) (Starboard Primary Hallway (142, 128, 2))
 - (2020-09-29 03:29:05) ATTACK: bobjoga/(Cock Advisor) has attacked *no key*/(Fenna Farooq) with Scimitar knife (Wielded)[DC] (INTENT: HELP) (DAMTYPE: BRUTE) (NEWHP: -222)  (Starboard Primary Hallway (143, 128, 2))
 - (2020-09-29 03:29:07) ATTACK: *no key*/(Fenna Farooq) has suffered: Joint Dislocation to left leg | Damage: 15.73(rolled 11/47.3609) | WB: -5 | BWB: 10 (Starboard Primary Hallway (142, 128, 2))
 - (2020-09-29 03:29:07) ATTACK: bobjoga/(Cock Advisor) has attacked *no key*/(Fenna Farooq) with Scimitar knife (Wielded)[DC] (INTENT: HELP) (DAMTYPE: BRUTE) (NEWHP: -228.75)  (Starboard Primary Hallway (143, 128, 2))
 - (2020-09-29 03:29:08) ATTACK: *no key*/(Fenna Farooq) has suffered: Rough Abrasion to right leg | Damage: 25.65(rolled 23/93.9123) | WB: -5 | BWB: 10 (Starboard Primary Hallway (142, 128, 2))
 - (2020-09-29 03:29:08) ATTACK: bobjoga/(Cock Advisor) has attacked *no key*/(Fenna Farooq) with Scimitar knife (Wielded)[DC] (INTENT: HELP) (DAMTYPE: BRUTE) (NEWHP: -254.4)  (Starboard Primary Hallway (143, 128, 2))
 - (2020-09-29 03:29:10) ATTACK: bobjoga/(Cock Advisor) has attacked *no key*/(Fenna Farooq) with Scimitar knife (Wielded)[DC] (INTENT: HELP) (DAMTYPE: BRUTE) (NEWHP: -253.15)  (Starboard Primary Hallway (143, 129, 2))
 - (2020-09-29 03:29:11) ATTACK: bobjoga/(Cock Advisor) <font color='blue'>has turned OFF the combat indicator!</font> (Medbay Central (143, 127, 2))
 - (2020-09-29 03:29:17) ATTACK: bobjoga/(Cock Advisor) <font color='red'>has turned ON the combat indicator!</font> (Starboard Primary Hallway (143, 128, 2))
 - (2020-09-29 03:29:18) ATTACK: *no key*/(Fenna Farooq) has suffered: Dismembered stump (Starboard Primary Hallway (142, 128, 2))
 - (2020-09-29 03:29:18) ATTACK: bobjoga/(Cock Advisor) has attacked *no key*/(Fenna Farooq) with Scimitar knife (Wielded)[DC] (INTENT: HELP) (DAMTYPE: BRUTE) (NEWHP: -220.9)  (Starboard Primary Hallway (143, 128, 2))
 - (2020-09-29 03:29:19) ATTACK: *no key*/(Fenna Farooq) has suffered: Compound Fracture to left leg | Damage: 17.853(rolled 36/56.5452) | WB: -5 | BWB: 10 (Starboard Primary Hallway (142, 128, 2))
 - (2020-09-29 03:29:19) ATTACK: *no key*/(Fenna Farooq) has suffered: Rough Abrasion to chest | Damage: 32(rolled 29/128) (Starboard Primary Hallway (142, 128, 2))
 - (2020-09-29 03:29:19) ATTACK: bobjoga/(Cock Advisor) has attacked *no key*/(Fenna Farooq) with Scimitar knife (Wielded)[DC] (INTENT: HELP) (DAMTYPE: BRUTE) (NEWHP: -252.9)  (Starboard Primary Hallway (143, 128, 2))
 - (2020-09-29 03:29:21) ATTACK: *no key*/(Fenna Farooq) has suffered: Dismembered stump (Starboard Primary Hallway (142, 128, 2))
 - (2020-09-29 03:29:21) ATTACK: bobjoga/(Cock Advisor) has attacked *no key*/(Fenna Farooq) with Scimitar knife (Wielded)[DC] (INTENT: HELP) (DAMTYPE: BRUTE) (NEWHP: -99.25)  (Starboard Primary Hallway (143, 128, 2))
 - (2020-09-29 03:29:30) ATTACK: bobjoga/(Cock Advisor) <font color='blue'>has turned OFF the combat indicator!</font> (Medbay Central (143, 124, 2))
 - (2020-09-29 03:31:42) ATTACK: bobjoga/(Cock Advisor) <font color='red'>has turned ON the combat indicator!</font> (Central Primary Hallway (99, 112, 2))
 - (2020-09-29 03:31:43) ATTACK: bobjoga/(Cock Advisor) has suffered: Open Laceration to groin | Damage: 30(rolled 59/116.942) | WB: -5 | BWB: 10 (Central Primary Hallway (99, 112, 2))
 - (2020-09-29 03:31:43) ATTACK: bobjoga/(Cock Advisor) has attacked bobjoga/(Cock Advisor) with Scimitar knife (Wielded)[DC] (INTENT: HELP) (DAMTYPE: BRUTE) (NEWHP: 64)  (Central Primary Hallway (99, 112, 2))
 - (2020-09-29 03:31:44) ATTACK: bobjoga/(Cock Advisor) has suffered: Dismembered stump (Central Primary Hallway (99, 112, 2))
 - (2020-09-29 03:31:44) ATTACK: bobjoga/(Cock Advisor) has attacked bobjoga/(Cock Advisor) with Scimitar knife (Wielded)[DC] (INTENT: HELP) (DAMTYPE: BRUTE) (NEWHP: 77)  (Central Primary Hallway (99, 112, 2))
 - (2020-09-29 03:31:50) ATTACK: bobjoga/(Cock Advisor) has suffered: Hairline Fracture to chest | Damage: 11.55(rolled 29/30.7337) | WB: -5 | BWB: 10 (Central Primary Hallway (99, 112, 2))
 - (2020-09-29 03:31:50) ATTACK: bobjoga/(Cock Advisor) has attacked bobjoga/(Cock Advisor) with Scimitar knife (Wielded)[DC] (INTENT: HELP) (DAMTYPE: BRUTE) (NEWHP: 54.5)  (Central Primary Hallway (99, 112, 2))
 - (2020-09-29 03:31:59) ATTACK: bobjoga/(Cock Advisor) has suffered: Rough Abrasion to head | Damage: 21(rolled 44/70.9753) | WB: -5 | BWB: 10 (Central Primary Hallway (97, 115, 2))
 - (2020-09-29 03:31:59) ATTACK: bobjoga/(Cock Advisor) has attacked bobjoga/(Cock Advisor) with Scimitar knife (Wielded)[DC] (INTENT: HELP) (DAMTYPE: BRUTE) (NEWHP: 24)  (Central Primary Hallway (97, 115, 2))
 - (2020-09-29 03:32:00) ATTACK: bobjoga/(Cock Advisor) has attacked bobjoga/(Cock Advisor) with Scimitar knife (Wielded)[DC] (INTENT: HELP) (DAMTYPE: BRUTE) (NEWHP: 3)  (Central Primary Hallway (96, 115, 2))
 - (2020-09-29 03:32:01) ATTACK: bobjoga/(Cock Advisor) has attacked bobjoga/(Cock Advisor) with Scimitar knife (Wielded)[DC] (INTENT: HELP) (DAMTYPE: BRUTE) (NEWHP: -20.25)  (Central Primary Hallway (96, 114, 2))
 - (2020-09-29 03:32:02) ATTACK: bobjoga/(Cock Advisor) has attacked bobjoga/(Cock Advisor) with Scimitar knife (Wielded)[DC] (INTENT: HELP) (DAMTYPE: BRUTE) (NEWHP: -41.25)  (Central Primary Hallway (96, 114, 2))
 - (2020-09-29 03:32:03) ATTACK: bobjoga/(Cock Advisor) has suffered: Compound Fracture to chest | Damage: 11.55(rolled 10/30.7337) | WB: -5 | BWB: 10 (Central Primary Hallway (96, 113, 2))
 - (2020-09-29 03:32:03) ATTACK: bobjoga/(Cock Advisor) has attacked bobjoga/(Cock Advisor) with Scimitar knife (Wielded)[DC] (INTENT: HELP) (DAMTYPE: BRUTE) (NEWHP: -68.5)  (Central Primary Hallway (96, 113, 2))
 - (2020-09-29 03:32:04) ATTACK: bobjoga/(Cock Advisor) has suffered: Jaw Dislocation to head | Damage: 11.55(rolled 27/30.7337) | WB: -5 | BWB: 10 (Central Primary Hallway (96, 112, 2))
 - (2020-09-29 03:32:04) ATTACK: bobjoga/(Cock Advisor) has attacked bobjoga/(Cock Advisor) with Scimitar knife (Wielded)[DC] (INTENT: HELP) (DAMTYPE: BRUTE) (NEWHP: -90)  (Central Primary Hallway (96, 112, 2))
 - (2020-09-29 03:32:08) ATTACK: bobjoga/(Cock Advisor) <font color='blue'>has turned OFF the combat indicator!</font> (Central Primary Hallway (96, 112, 2))
