[2020-09-29 05:33:58.579] Starting up round ID .
 - -------------------------
[2020-09-29 05:33:59.537] INIT: Initialized Profiler subsystem within 0 seconds!
[2020-09-29 05:33:59.737] Fail2Topic: Failed to drop firewall rule. Exit code: 1.
[2020-09-29 05:33:59.737] INIT: Initialized Fail2Topic subsystem within 0.2 seconds!
[2020-09-29 05:33:59.739] INIT: Initialized Title Screen subsystem within 0 seconds!
[2020-09-29 05:33:59.739] INIT: Initialized Database subsystem within 0 seconds!
[2020-09-29 05:33:59.739] INIT: Initialized Blackbox subsystem within 0 seconds!
[2020-09-29 05:33:59.740] INIT: Initialized Server Tasks subsystem within 0 seconds!
[2020-09-29 05:33:59.742] INIT: Initialized Input subsystem within 0 seconds!
[2020-09-29 05:33:59.744] INIT: Initialized Sounds subsystem within 0 seconds!
[2020-09-29 05:33:59.745] INIT: Initialized Vis contents overlays subsystem within 0 seconds!
[2020-09-29 05:33:59.815] INIT: Initialized Research subsystem within 0.1 seconds!
[2020-09-29 05:33:59.818] INIT: Initialized Events subsystem within 0 seconds!
[2020-09-29 05:33:59.823] INIT: Initialized Jobs subsystem within 0 seconds!
[2020-09-29 05:33:59.828] INIT: Initialized Quirks subsystem within 0 seconds!
[2020-09-29 05:33:59.835] INIT: Initialized Ticker subsystem within 0 seconds!
[2020-09-29 05:33:59.848] INIT: Initialized Instruments subsystem within 0 seconds!
[2020-09-29 05:34:15.688] INIT: Initialized Mapping subsystem within 15.8 seconds!
[2020-09-29 05:34:15.690] INIT: Initialized Economy subsystem within 0 seconds!
[2020-09-29 05:34:15.692] INIT: Initialized Networks subsystem within 0 seconds!
[2020-09-29 05:34:15.692] INIT: Initialized Holodeck subsystem within 0 seconds!
[2020-09-29 05:34:50.309] INIT: Initialized Atoms subsystem within 34.6 seconds!
[2020-09-29 05:34:50.326] INIT: Initialized Language subsystem within 0 seconds!
[2020-09-29 05:34:50.654] INIT: Initialized Machines subsystem within 0.3 seconds!
[2020-09-29 05:34:50.722] INIT: Initialized Circuit subsystem within 0.1 seconds!
[2020-09-29 05:34:51.965] INIT: Initialized Atmos Adjacency subsystem within 1.2 seconds!
[2020-09-29 05:34:51.965] INIT: Initialized Autotransfer Vote subsystem within 0 seconds!
[2020-09-29 05:34:51.965] INIT: Initialized Chemistry subsystem within 0 seconds!
[2020-09-29 05:34:51.965] INIT: Initialized Status Effects subsystem within 0 seconds!
[2020-09-29 05:34:51.966] INIT: Initialized Weather subsystem within 0 seconds!
[2020-09-29 05:34:51.972] INIT: Initialized Disease subsystem within 0 seconds!
[2020-09-29 05:34:51.973] INIT: Initialized Jukeboxes subsystem within 0 seconds!
[2020-09-29 05:34:51.973] INIT: Initialized Medals subsystem within 0 seconds!
[2020-09-29 05:34:52.277] INIT: Initialized Minimaps subsystem within 0.3 seconds!
[2020-09-29 05:34:52.278] INIT: Initialized Night Shift subsystem within 0 seconds!
[2020-09-29 05:34:52.278] INIT: Initialized Parallax subsystem within 0 seconds!
[2020-09-29 05:34:52.278] INIT: Initialized Sun subsystem within 0 seconds!
[2020-09-29 05:34:52.506] INIT: Initialized Traumas subsystem within 0.3 seconds!
[2020-09-29 05:34:52.543] INIT: Initialized Bluespace Locker subsystem within 0 seconds!
[2020-09-29 05:34:52.544] INIT: Initialized Pacification Bans subsystem within 0 seconds!
[2020-09-29 05:34:52.544] INIT: Initialized Logging subsystem within 0 seconds!
[2020-09-29 05:34:52.544] INIT: Initialized Recycling subsystem within 0 seconds!
[2020-09-29 05:34:58.508] INIT: Initialized Atmospherics subsystem within 6 seconds!
[2020-09-29 05:34:58.508] INIT: Initialized Atmospherics - Turfs subsystem within 0 seconds!
[2020-09-29 05:35:02.174] INIT: Initialized Assets subsystem within 3.6 seconds!
[2020-09-29 05:35:08.312] INIT: Initialized Icon Smoothing subsystem within 6.2 seconds!
[2020-09-29 05:35:09.694] INIT: Initialized Overlay subsystem within 1.3 seconds!
[2020-09-29 05:35:09.694] INIT: Initialized XKeyScore subsystem within 0 seconds!
[2020-09-29 05:35:09.695] INIT: Initialized Sticky Ban subsystem within 0 seconds!
[2020-09-29 05:35:21.766] INIT: Initialized Lighting subsystem within 12.1 seconds!
[2020-09-29 05:35:25.527] INIT: Initialized Shuttle subsystem within 3.8 seconds!
[2020-09-29 05:35:25.566] INIT: Initialized Minor Mapping subsystem within 0 seconds!
[2020-09-29 05:35:25.567] INIT: Initialized Pathfinder subsystem within 0 seconds!
[2020-09-29 05:35:25.598] INIT: Initialized Persistence subsystem within 0 seconds!
[2020-09-29 05:35:25.598] INIT: Initialized Chat subsystem within 0 seconds!
