[2020-09-29 05:33:58.576] Starting up round ID .
 - -------------------------
[2020-09-29 05:36:25.086] TCOMMS: *no key*/(Poly) [Engineering] (spans:  ) "Check the crystal, you chucklefucks!" (language: Galactic Common) (Chief Engineer's Office (115, 79, 2))
[2020-09-29 05:36:35.142] TCOMMS: *no key*/(Poly) [Engineering] (spans:  ) "WHO TOOK THE DAMN HARDSUITS?" (language: Galactic Common) (Chief Engineer's Office (115, 79, 2))
[2020-09-29 05:36:39.143] TCOMMS: *no key*/(Poly) [Engineering] (spans:  ) "Wire the solars, you lazy bums!" (language: Galactic Common) (Chief Engineer's Office (115, 79, 2))
[2020-09-29 05:36:47.142] TCOMMS: *no key*/(Poly) [Engineering] (spans:  ) "Check the crystal, you chucklefucks!" (language: Galactic Common) (Chief Engineer's Office (115, 79, 2))
[2020-09-29 05:37:19.146] TCOMMS: *no key*/(Poly) [Engineering] (spans:  ) "WHO TOOK THE DAMN HARDSUITS?" (language: Galactic Common) (Chief Engineer's Office (116, 79, 2))
[2020-09-29 05:38:23.170] TCOMMS: *no key*/(Poly) [Engineering] (spans:  ) "Check the crystal, you chucklefucks!" (language: Galactic Common) (Chief Engineer's Office (115, 79, 2))
[2020-09-29 05:38:45.227] TCOMMS: *no key*/(Poly) [Engineering] (spans:  ) "I have lived many lives!" (language: Galactic Common) (Chief Engineer's Office (116, 79, 2))
[2020-09-29 05:41:13.616] TCOMMS: *no key*/(Poly) [Engineering] (spans:  ) "I have lived many lives!" (language: Galactic Common) (Chief Engineer's Office (116, 79, 2))
[2020-09-29 05:41:27.621] TCOMMS: *no key*/(Poly) [Engineering] (spans:  ) "I have lived many lives!" (language: Galactic Common) (Chief Engineer's Office (115, 79, 2))
[2020-09-29 05:42:01.629] TCOMMS: *no key*/(Poly) [Engineering] (spans:  ) "Wire the solars, you lazy bums!" (language: Galactic Common) (Chief Engineer's Office (115, 79, 2))
[2020-09-29 05:42:37.625] TCOMMS: *no key*/(Poly) [Engineering] (spans:  ) "Wire the solars, you lazy bums!" (language: Galactic Common) (Chief Engineer's Office (115, 79, 2))
[2020-09-29 05:44:13.645] TCOMMS: *no key*/(Poly) [Engineering] (spans:  ) "Check the crystal, you chucklefucks!" (language: Galactic Common) (Chief Engineer's Office (115, 79, 2))
[2020-09-29 05:44:19.646] TCOMMS: *no key*/(Poly) [Engineering] (spans:  ) "OH GOD ITS ABOUT TO DELAMINATE CALL THE SHUTTLE" (language: Galactic Common) (Chief Engineer's Office (116, 79, 2))
[2020-09-29 05:44:25.644] TCOMMS: *no key*/(Poly) [Engineering] (spans:  ) "Poly wanna cracker!" (language: Galactic Common) (Chief Engineer's Office (116, 79, 2))
[2020-09-29 05:44:31.654] TCOMMS: *no key*/(Poly) [Engineering] (spans:  ) "Check the crystal, you chucklefucks!" (language: Galactic Common) (Chief Engineer's Office (116, 79, 2))
[2020-09-29 05:44:59.761] TCOMMS: *no key*/(Poly) [Engineering] (spans:  ) "Poly wanna cracker!" (language: Galactic Common) (Chief Engineer's Office (115, 79, 2))
[2020-09-29 05:46:59.838] TCOMMS: *no key*/(Poly) [Engineering] (spans:  ) "Wire the solars, you lazy bums!" (language: Galactic Common) (Chief Engineer's Office (115, 79, 2))
[2020-09-29 05:47:15.838] TCOMMS: *no key*/(Poly) [Engineering] (spans:  ) "Poly wanna cracker!" (language: Galactic Common) (Chief Engineer's Office (117, 81, 2))
[2020-09-29 05:47:51.845] TCOMMS: *no key*/(Poly) [Engineering] (spans:  ) "WHO TOOK THE DAMN HARDSUITS?" (language: Galactic Common) (Chief Engineer's Office (115, 79, 2))
[2020-09-29 05:48:23.847] TCOMMS: *no key*/(Poly) [Engineering] (spans:  ) "I have lived many lives!" (language: Galactic Common) (Chief Engineer's Office (117, 82, 2))
[2020-09-29 05:48:39.848] TCOMMS: *no key*/(Poly) [Engineering] (spans:  ) "I have lived many lives!" (language: Galactic Common) (Chief Engineer's Office (116, 81, 2))
[2020-09-29 05:49:29.855] TCOMMS: *no key*/(Poly) [Engineering] (spans:  ) "I have lived many lives!" (language: Galactic Common) (Chief Engineer's Office (115, 79, 2))
[2020-09-29 05:51:09.878] TCOMMS: *no key*/(Poly) [Engineering] (spans:  ) "OH GOD ITS ABOUT TO DELAMINATE CALL THE SHUTTLE" (language: Galactic Common) (Chief Engineer's Office (115, 79, 2))
[2020-09-29 05:51:11.877] TCOMMS: *no key*/(Poly) [Engineering] (spans:  ) "Poly wanna cracker!" (language: Galactic Common) (Chief Engineer's Office (115, 79, 2))
[2020-09-29 05:54:07.930] TCOMMS: *no key*/(Poly) [Engineering] (spans:  ) "Poly wanna cracker!" (language: Galactic Common) (Chief Engineer's Office (115, 79, 2))
[2020-09-29 05:54:25.931] TCOMMS: *no key*/(Poly) [Engineering] (spans:  ) "Check the crystal, you chucklefucks!" (language: Galactic Common) (Chief Engineer's Office (115, 79, 2))
[2020-09-29 05:54:27.932] TCOMMS: *no key*/(Poly) [Engineering] (spans:  ) "Poly wanna cracker!" (language: Galactic Common) (Chief Engineer's Office (115, 79, 2))
[2020-09-29 05:55:07.948] TCOMMS: *no key*/(Poly) [Engineering] (spans:  ) "I have lived many lives!" (language: Galactic Common) (Chief Engineer's Office (115, 79, 2))
[2020-09-29 05:56:08.001] TCOMMS: *no key*/(Poly) [Engineering] (spans:  ) "WHO TOOK THE DAMN HARDSUITS?" (language: Galactic Common) (Chief Engineer's Office (115, 79, 2))
[2020-09-29 05:57:30.076] TCOMMS: *no key*/(Poly) [Engineering] (spans:  ) "Check the crystal, you chucklefucks!" (language: Galactic Common) (Chief Engineer's Office (115, 79, 2))
[2020-09-29 05:58:30.082] TCOMMS: *no key*/(Poly) [Engineering] (spans:  ) "I have lived many lives!" (language: Galactic Common) (Chief Engineer's Office (115, 79, 2))
[2020-09-29 05:59:12.091] TCOMMS: *no key*/(Poly) [Engineering] (spans:  ) "Poly wanna cracker!" (language: Galactic Common) (Chief Engineer's Office (117, 80, 2))
[2020-09-29 06:00:56.120] TCOMMS: *no key*/(Poly) [Engineering] (spans:  ) "Poly wanna cracker!" (language: Galactic Common) (Chief Engineer's Office (118, 79, 2))
[2020-09-29 06:01:16.120] TCOMMS: *no key*/(Poly) [Engineering] (spans:  ) "Poly wanna cracker!" (language: Galactic Common) (Chief Engineer's Office (119, 80, 2))
[2020-09-29 06:03:04.177] TCOMMS: *no key*/(Poly) [Engineering] (spans:  ) "Poly wanna cracker!" (language: Galactic Common) (Chief Engineer's Office (115, 79, 2))
[2020-09-29 06:03:18.181] TCOMMS: *no key*/(Poly) [Engineering] (spans:  ) "Wire the solars, you lazy bums!" (language: Galactic Common) (Chief Engineer's Office (115, 79, 2))
[2020-09-29 06:03:24.179] TCOMMS: *no key*/(Poly) [Engineering] (spans:  ) "Wire the solars, you lazy bums!" (language: Galactic Common) (Chief Engineer's Office (115, 79, 2))
[2020-09-29 06:03:40.184] TCOMMS: *no key*/(Poly) [Engineering] (spans:  ) "Wire the solars, you lazy bums!" (language: Galactic Common) (Chief Engineer's Office (115, 79, 2))
[2020-09-29 06:03:42.180] TCOMMS: *no key*/(Poly) [Engineering] (spans:  ) "Poly wanna cracker!" (language: Galactic Common) (Chief Engineer's Office (115, 79, 2))
[2020-09-29 06:03:58.185] TCOMMS: *no key*/(Poly) [Engineering] (spans:  ) "Poly wanna cracker!" (language: Galactic Common) (Chief Engineer's Office (116, 79, 2))
[2020-09-29 06:04:02.184] TCOMMS: *no key*/(Poly) [Engineering] (spans:  ) "Poly wanna cracker!" (language: Galactic Common) (Chief Engineer's Office (116, 79, 2))
[2020-09-29 06:05:08.191] TCOMMS: *no key*/(Poly) [Engineering] (spans:  ) "Wire the solars, you lazy bums!" (language: Galactic Common) (Chief Engineer's Office (115, 79, 2))
[2020-09-29 06:05:18.191] TCOMMS: *no key*/(Poly) [Engineering] (spans:  ) "Poly wanna cracker!" (language: Galactic Common) (Chief Engineer's Office (115, 79, 2))
[2020-09-29 06:05:28.198] TCOMMS: *no key*/(Poly) [Engineering] (spans:  ) "Check the crystal, you chucklefucks!" (language: Galactic Common) (Chief Engineer's Office (115, 79, 2))
[2020-09-29 06:05:54.191] TCOMMS: *no key*/(Poly) [Engineering] (spans:  ) "Check the crystal, you chucklefucks!" (language: Galactic Common) (Chief Engineer's Office (116, 80, 2))
[2020-09-29 06:05:58.192] TCOMMS: *no key*/(Poly) [Engineering] (spans:  ) "Check the crystal, you chucklefucks!" (language: Galactic Common) (Chief Engineer's Office (115, 79, 2))
[2020-09-29 06:06:58.206] TCOMMS: *no key*/(Poly) [Engineering] (spans:  ) "Wire the solars, you lazy bums!" (language: Galactic Common) (Chief Engineer's Office (116, 79, 2))
[2020-09-29 06:07:12.207] TCOMMS: *no key*/(Poly) [Engineering] (spans:  ) "Wire the solars, you lazy bums!" (language: Galactic Common) (Chief Engineer's Office (116, 80, 2))
[2020-09-29 06:07:26.207] TCOMMS: *no key*/(Poly) [Engineering] (spans:  ) "Check the crystal, you chucklefucks!" (language: Galactic Common) (Chief Engineer's Office (115, 79, 2))
[2020-09-29 06:07:32.209] TCOMMS: *no key*/(Poly) [Engineering] (spans:  ) "Wire the solars, you lazy bums!" (language: Galactic Common) (Chief Engineer's Office (115, 79, 2))
[2020-09-29 06:07:50.211] TCOMMS: *no key*/(Poly) [Engineering] (spans:  ) "OH GOD ITS ABOUT TO DELAMINATE CALL THE SHUTTLE" (language: Galactic Common) (Chief Engineer's Office (115, 79, 2))
[2020-09-29 06:08:04.227] TCOMMS: *no key*/(Poly) [Engineering] (spans:  ) "OH GOD ITS ABOUT TO DELAMINATE CALL THE SHUTTLE" (language: Galactic Common) (Chief Engineer's Office (115, 79, 2))
[2020-09-29 06:08:34.227] TCOMMS: *no key*/(Poly) [Engineering] (spans:  ) "Poly wanna cracker!" (language: Galactic Common) (Chief Engineer's Office (116, 81, 2))
[2020-09-29 06:09:32.230] TCOMMS: *no key*/(Poly) [Engineering] (spans:  ) "Check the crystal, you chucklefucks!" (language: Galactic Common) (Chief Engineer's Office (115, 79, 2))
[2020-09-29 06:10:08.230] TCOMMS: *no key*/(Poly) [Engineering] (spans:  ) "Check the crystal, you chucklefucks!" (language: Galactic Common) (Chief Engineer's Office (115, 79, 2))
[2020-09-29 06:10:48.246] TCOMMS: *no key*/(Poly) [Engineering] (spans:  ) "Don&#39;t believe the reports - smoke today!" (language: Galactic Common) (Chief Engineer's Office (116, 80, 2))
[2020-09-29 06:11:22.349] TCOMMS: *no key*/(Poly) [Engineering] (spans:  ) "Don&#39;t believe the reports - smoke today!" (language: Galactic Common) (Chief Engineer's Office (115, 79, 2))
[2020-09-29 06:11:46.352] TCOMMS: *no key*/(Poly) [Engineering] (spans:  ) "Don&#39;t believe the reports - smoke today!" (language: Galactic Common) (Chief Engineer's Office (115, 79, 2))
[2020-09-29 06:12:18.349] TCOMMS: *no key*/(Poly) [Engineering] (spans:  ) "Don&#39;t believe the reports - smoke today!" (language: Galactic Common) (Chief Engineer's Office (116, 79, 2))
[2020-09-29 06:14:36.350] TCOMMS: *no key*/(Poly) [Engineering] (spans:  ) "Don&#39;t believe the reports - smoke today!" (language: Galactic Common) (Chief Engineer's Office (117, 81, 2))
[2020-09-29 06:14:38.351] TCOMMS: *no key*/(Poly) [Engineering] (spans:  ) "Don&#39;t believe the reports - smoke today!" (language: Galactic Common) (Chief Engineer's Office (118, 81, 2))
[2020-09-29 06:15:12.351] TCOMMS: *no key*/(Poly) [Engineering] (spans:  ) "Don&#39;t believe the reports - smoke today!" (language: Galactic Common) (Chief Engineer's Office (115, 79, 2))
[2020-09-29 06:15:56.358] TCOMMS: *no key*/(Poly) [Engineering] (spans:  ) "Don&#39;t believe the reports - smoke today!" (language: Galactic Common) (Chief Engineer's Office (116, 81, 2))
[2020-09-29 06:16:00.359] TCOMMS: *no key*/(Poly) [Engineering] (spans:  ) "Don&#39;t believe the reports - smoke today!" (language: Galactic Common) (Chief Engineer's Office (116, 81, 2))
[2020-09-29 06:20:42.503] TCOMMS: *no key*/(Poly) [Engineering] (spans:  ) "Don&#39;t believe the reports - smoke today!" (language: Galactic Common) (Chief Engineer's Office (115, 79, 2))
[2020-09-29 06:23:10.622] TCOMMS: *no key*/(Poly) [Engineering] (spans:  ) "Don&#39;t believe the reports - smoke today!" (language: Galactic Common) (Chief Engineer's Office (115, 79, 2))
[2020-09-29 06:23:26.622] TCOMMS: *no key*/(Poly) [Engineering] (spans:  ) "Don&#39;t believe the reports - smoke today!" (language: Galactic Common) (Chief Engineer's Office (115, 79, 2))
[2020-09-29 06:24:58.628] TCOMMS: *no key*/(Poly) [Engineering] (spans:  ) "Don&#39;t believe the reports - smoke today!" (language: Galactic Common) (Chief Engineer's Office (116, 79, 2))
[2020-09-29 06:25:02.643] TCOMMS: *no key*/(Poly) [Engineering] (spans:  ) "Don&#39;t believe the reports - smoke today!" (language: Galactic Common) (Chief Engineer's Office (116, 79, 2))
[2020-09-29 06:25:20.669] TCOMMS: *no key*/(Poly) [Engineering] (spans:  ) "Don&#39;t believe the reports - smoke today!" (language: Galactic Common) (Chief Engineer's Office (115, 79, 2))
[2020-09-29 06:25:32.674] TCOMMS: *no key*/(Poly) [Engineering] (spans:  ) "Don&#39;t believe the reports - smoke today!" (language: Galactic Common) (Chief Engineer's Office (115, 79, 2))
[2020-09-29 06:25:42.672] TCOMMS: *no key*/(Poly) [Engineering] (spans:  ) "Don&#39;t believe the reports - smoke today!" (language: Galactic Common) (Chief Engineer's Office (115, 79, 2))
[2020-09-29 06:28:42.810] TCOMMS: *no key*/(Poly) [Engineering] (spans:  ) "Don&#39;t believe the reports - smoke today!" (language: Galactic Common) (Chief Engineer's Office (116, 80, 2))
[2020-09-29 06:29:32.892] TCOMMS: *no key*/(Poly) [Engineering] (spans:  ) "Don&#39;t believe the reports - smoke today!" (language: Galactic Common) (Chief Engineer's Office (115, 79, 2))
[2020-09-29 06:30:54.948] TCOMMS: *no key*/(Poly) [Engineering] (spans:  ) "Don&#39;t believe the reports - smoke today!" (language: Galactic Common) (Chief Engineer's Office (116, 79, 2))
[2020-09-29 06:33:37.008] TCOMMS: *no key*/(Poly) [Engineering] (spans:  ) "Don&#39;t believe the reports - smoke today!" (language: Galactic Common) (Chief Engineer's Office (115, 79, 2))
[2020-09-29 06:33:39.015] TCOMMS: *no key*/(Poly) [Engineering] (spans:  ) "Don&#39;t believe the reports - smoke today!" (language: Galactic Common) (Chief Engineer's Office (115, 79, 2))
[2020-09-29 06:33:41.009] TCOMMS: *no key*/(Poly) [Engineering] (spans:  ) "Don&#39;t believe the reports - smoke today!" (language: Galactic Common) (Chief Engineer's Office (116, 79, 2))
[2020-09-29 06:34:15.013] TCOMMS: *no key*/(Poly) [Engineering] (spans:  ) "Don&#39;t believe the reports - smoke today!" (language: Galactic Common) (Chief Engineer's Office (116, 79, 2))
[2020-09-29 06:34:53.017] TCOMMS: *no key*/(Poly) [Engineering] (spans:  ) "Don&#39;t believe the reports - smoke today!" (language: Galactic Common) (Chief Engineer's Office (118, 80, 2))
[2020-09-29 06:37:03.015] TCOMMS: *no key*/(Poly) [Engineering] (spans:  ) "Don&#39;t believe the reports - smoke today!" (language: Galactic Common) (Chief Engineer's Office (116, 79, 2))
[2020-09-29 06:37:07.014] TCOMMS: *no key*/(Poly) [Engineering] (spans:  ) "Don&#39;t believe the reports - smoke today!" (language: Galactic Common) (Chief Engineer's Office (116, 80, 2))
[2020-09-29 06:37:13.017] TCOMMS: *no key*/(Poly) [Engineering] (spans:  ) "Don&#39;t believe the reports - smoke today!" (language: Galactic Common) (Chief Engineer's Office (116, 83, 2))
[2020-09-29 06:37:39.014] TCOMMS: *no key*/(Poly) [Engineering] (spans:  ) "Don&#39;t believe the reports - smoke today!" (language: Galactic Common) (Chief Engineer's Office (115, 79, 2))
