[2020-09-25 02:03:48.639] Starting up round ID .
 - -------------------------
[2020-09-25 02:03:56.049] INIT: Initialized Profiler subsystem within 0 seconds!
[2020-09-25 02:03:56.247] Fail2Topic: Failed to drop firewall rule. Exit code: 1.
[2020-09-25 02:03:56.247] INIT: Initialized Fail2Topic subsystem within 0.2 seconds!
[2020-09-25 02:03:56.248] INIT: Initialized Title Screen subsystem within 0 seconds!
[2020-09-25 02:03:56.249] INIT: Initialized Database subsystem within 0 seconds!
[2020-09-25 02:03:56.249] INIT: Initialized Blackbox subsystem within 0 seconds!
[2020-09-25 02:03:56.249] INIT: Initialized Server Tasks subsystem within 0 seconds!
[2020-09-25 02:03:56.251] INIT: Initialized Input subsystem within 0 seconds!
[2020-09-25 02:03:56.254] INIT: Initialized Sounds subsystem within 0 seconds!
[2020-09-25 02:03:56.254] INIT: Initialized Vis contents overlays subsystem within 0 seconds!
[2020-09-25 02:03:56.320] INIT: Initialized Research subsystem within 0.1 seconds!
[2020-09-25 02:03:56.325] INIT: Initialized Events subsystem within 0 seconds!
[2020-09-25 02:03:56.330] INIT: Initialized Jobs subsystem within 0 seconds!
[2020-09-25 02:03:56.335] INIT: Initialized Quirks subsystem within 0 seconds!
[2020-09-25 02:03:56.344] INIT: Initialized Ticker subsystem within 0 seconds!
[2020-09-25 02:03:56.358] INIT: Initialized Instruments subsystem within 0 seconds!
[2020-09-25 02:04:16.902] INIT: Initialized Mapping subsystem within 20.6 seconds!
[2020-09-25 02:04:16.910] INIT: Initialized Economy subsystem within 0 seconds!
[2020-09-25 02:04:16.911] INIT: Initialized Networks subsystem within 0 seconds!
[2020-09-25 02:04:16.911] INIT: Initialized Holodeck subsystem within 0 seconds!
[2020-09-25 02:04:56.599] INIT: Initialized Atoms subsystem within 39.6 seconds!
[2020-09-25 02:04:56.626] INIT: Initialized Language subsystem within 0 seconds!
[2020-09-25 02:04:56.792] INIT: Initialized Machines subsystem within 0.1 seconds!
[2020-09-25 02:04:56.849] INIT: Initialized Circuit subsystem within 0.1 seconds!
[2020-09-25 02:04:58.521] INIT: Initialized Atmos Adjacency subsystem within 1.7 seconds!
[2020-09-25 02:04:58.521] INIT: Initialized Autotransfer Vote subsystem within 0 seconds!
[2020-09-25 02:04:58.521] INIT: Initialized Chemistry subsystem within 0 seconds!
[2020-09-25 02:04:58.521] INIT: Initialized Status Effects subsystem within 0 seconds!
[2020-09-25 02:04:58.522] INIT: Initialized Weather subsystem within 0 seconds!
[2020-09-25 02:04:58.526] INIT: Initialized Disease subsystem within 0 seconds!
[2020-09-25 02:04:58.527] INIT: Initialized Jukeboxes subsystem within 0 seconds!
[2020-09-25 02:04:58.528] INIT: Initialized Medals subsystem within 0 seconds!
[2020-09-25 02:04:58.833] INIT: Initialized Minimaps subsystem within 0.3 seconds!
[2020-09-25 02:04:58.881] INIT: Initialized Night Shift subsystem within 0 seconds!
[2020-09-25 02:04:58.881] INIT: Initialized Parallax subsystem within 0 seconds!
[2020-09-25 02:04:58.881] INIT: Initialized Sun subsystem within 0 seconds!
[2020-09-25 02:04:59.153] INIT: Initialized Traumas subsystem within 0.3 seconds!
[2020-09-25 02:04:59.218] INIT: Initialized Bluespace Locker subsystem within 0.1 seconds!
[2020-09-25 02:04:59.218] INIT: Initialized Pacification Bans subsystem within 0 seconds!
[2020-09-25 02:04:59.218] INIT: Initialized Logging subsystem within 0 seconds!
[2020-09-25 02:04:59.219] INIT: Initialized Recycling subsystem within 0 seconds!
[2020-09-25 02:05:06.825] INIT: Initialized Atmospherics subsystem within 7.6 seconds!
[2020-09-25 02:05:06.825] INIT: Initialized Atmospherics - Turfs subsystem within 0 seconds!
[2020-09-25 02:05:10.448] INIT: Initialized Assets subsystem within 3.6 seconds!
[2020-09-25 02:05:19.109] INIT: Initialized Icon Smoothing subsystem within 8.7 seconds!
[2020-09-25 02:05:20.775] INIT: Initialized Overlay subsystem within 1.6 seconds!
[2020-09-25 02:05:20.775] INIT: Initialized XKeyScore subsystem within 0 seconds!
[2020-09-25 02:05:20.776] INIT: Initialized Sticky Ban subsystem within 0 seconds!
[2020-09-25 02:05:31.953] INIT: Initialized Lighting subsystem within 11.2 seconds!
[2020-09-25 02:05:36.250] INIT: Initialized Shuttle subsystem within 4.3 seconds!
[2020-09-25 02:05:36.290] INIT: Initialized Minor Mapping subsystem within 0 seconds!
[2020-09-25 02:05:36.291] INIT: Initialized Pathfinder subsystem within 0 seconds!
[2020-09-25 02:05:36.324] INIT: Initialized Persistence subsystem within 0.1 seconds!
[2020-09-25 02:05:36.324] INIT: Initialized Chat subsystem within 0 seconds!
