[2020-08-30 19:19:38.622] Logs from logging subsystem:
 - (2020-08-30 16:18:24) ASSET: Sending asset common.css to client Bob Joga
 - (2020-08-30 16:18:25) ASSET: Sending asset jquery.min.js to client Bob Joga
 - (2020-08-30 16:18:26) ASSET: Sending asset json2.min.js to client Bob Joga
 - (2020-08-30 16:18:26) ASSET: Sending asset browserOutput.js to client Bob Joga
 - (2020-08-30 16:18:26) ASSET: Sending asset browserOutput.css to client Bob Joga
 - (2020-08-30 16:18:26) ASSET: Sending asset browserOutput_dark.css to client Bob Joga
 - (2020-08-30 16:18:26) ASSET: Sending asset browserOutput_light.css to client Bob Joga
 - (2020-08-30 16:18:26) ASSET: Sending asset spritesheet_chat.css to client Bob Joga
 - (2020-08-30 16:18:26) ASSET: Sending asset chat_16x16.png to client Bob Joga
 - (2020-08-30 16:18:26) ASSET: Sending asset fa-regular-400.eot to client Bob Joga
 - (2020-08-30 16:18:26) ASSET: Sending asset fa-regular-400.woff to client Bob Joga
 - (2020-08-30 16:18:26) ASSET: Sending asset fa-solid-900.eot to client Bob Joga
 - (2020-08-30 16:18:26) ASSET: Sending asset fa-solid-900.woff to client Bob Joga
 - (2020-08-30 16:18:26) ASSET: Sending asset font-awesome.css to client Bob Joga
 - (2020-08-30 16:18:26) ASSET: Sending asset v4shim.css to client Bob Joga
 - (2020-08-30 16:19:34) ASSET: Sending asset spritesheet_paper.css to client Bob Joga
 - (2020-08-30 16:19:34) ASSET: Sending asset paper_121x54.png to client Bob Joga
 - (2020-08-30 16:19:35) ASSET: Sending asset spritesheet_pills.css to client Bob Joga
 - (2020-08-30 16:19:35) ASSET: Sending asset pills_22x10.png to client Bob Joga
 - (2020-08-30 16:19:35) ASSET: Sending asset pills_14x14.png to client Bob Joga
 - (2020-08-30 16:19:35) ASSET: Sending asset minimap-6c226b332b760d84e887c899032d0884.png to client Bob Joga
 - (2020-08-30 16:19:35) ASSET: Sending asset minimap-6c226b332b760d84e887c899032d0884-meta.png to client Bob Joga
 - (2020-08-30 16:19:35) ASSET: Sending asset tgui.css to client Bob Joga
 - (2020-08-30 16:19:35) ASSET: Sending asset tgui.js to client Bob Joga
 - (2020-08-30 16:19:35) ASSET: Sending asset tgui-main.html to client Bob Joga
 - (2020-08-30 16:19:35) ASSET: Sending asset tgui.bundle.js to client Bob Joga
 - (2020-08-30 16:19:35) ASSET: Sending asset tgui.bundle.css to client Bob Joga
 - (2020-08-30 16:19:36) ASSET: Sending asset tgui-fallback.html to client Bob Joga
 - (2020-08-30 16:19:36) ASSET: Sending asset shim-html5shiv.js to client Bob Joga
 - (2020-08-30 16:19:36) ASSET: Sending asset shim-ie8.js to client Bob Joga
 - (2020-08-30 16:19:36) ASSET: Sending asset shim-dom4.js to client Bob Joga
 - (2020-08-30 16:19:36) ASSET: Sending asset shim-css-om.js to client Bob Joga
 - (2020-08-30 16:19:36) ASSET: Sending asset alarm_green.gif to client Bob Joga
 - (2020-08-30 16:19:36) ASSET: Sending asset alarm_red.gif to client Bob Joga
 - (2020-08-30 16:19:36) ASSET: Sending asset batt_5.gif to client Bob Joga
 - (2020-08-30 16:19:36) ASSET: Sending asset batt_20.gif to client Bob Joga
 - (2020-08-30 16:19:36) ASSET: Sending asset batt_40.gif to client Bob Joga
 - (2020-08-30 16:19:36) ASSET: Sending asset batt_60.gif to client Bob Joga
 - (2020-08-30 16:19:36) ASSET: Sending asset batt_80.gif to client Bob Joga
 - (2020-08-30 16:19:36) ASSET: Sending asset batt_100.gif to client Bob Joga
 - (2020-08-30 16:19:36) ASSET: Sending asset charging.gif to client Bob Joga
 - (2020-08-30 16:19:37) ASSET: Sending asset downloader_finished.gif to client Bob Joga
 - (2020-08-30 16:19:37) ASSET: Sending asset downloader_running.gif to client Bob Joga
 - (2020-08-30 16:19:37) ASSET: Sending asset ntnrc_idle.gif to client Bob Joga
 - (2020-08-30 16:19:37) ASSET: Sending asset ntnrc_new.gif to client Bob Joga
 - (2020-08-30 16:19:37) ASSET: Sending asset power_norm.gif to client Bob Joga
 - (2020-08-30 16:19:37) ASSET: Sending asset power_warn.gif to client Bob Joga
 - (2020-08-30 16:19:38) ASSET: Sending asset sig_high.gif to client Bob Joga
[2020-08-30 19:29:38.843] Logs from logging subsystem:
 - (2020-08-30 16:19:39) ASSET: Sending asset sig_low.gif to client Bob Joga
 - (2020-08-30 16:19:39) ASSET: Sending asset sig_lan.gif to client Bob Joga
 - (2020-08-30 16:19:39) ASSET: Sending asset sig_none.gif to client Bob Joga
 - (2020-08-30 16:19:39) ASSET: Sending asset smmon_0.gif to client Bob Joga
 - (2020-08-30 16:19:39) ASSET: Sending asset asset.59a78307e68f6b4efabdc83f27a50229.png to client Bob Joga
 - (2020-08-30 16:19:39) ASSET: Sending asset smmon_1.gif to client Bob Joga
 - (2020-08-30 16:19:39) ASSET: Sending asset smmon_2.gif to client Bob Joga
 - (2020-08-30 16:19:39) ASSET: Sending asset smmon_3.gif to client Bob Joga
 - (2020-08-30 16:19:39) ASSET: Sending asset smmon_4.gif to client Bob Joga
 - (2020-08-30 16:19:39) ASSET: Sending asset smmon_5.gif to client Bob Joga
 - (2020-08-30 16:19:39) ASSET: Sending asset smmon_6.gif to client Bob Joga
 - (2020-08-30 16:19:39) ASSET: Sending asset jquery-ui.custom-core-widgit-mouse-sortable-min.js to client Bob Joga
 - (2020-08-30 16:19:39) ASSET: Sending asset 88x31.png to client Bob Joga
 - (2020-08-30 16:19:40) ASSET: Sending asset bug-minus.png to client Bob Joga
 - (2020-08-30 16:19:40) ASSET: Sending asset cross-circle.png to client Bob Joga
 - (2020-08-30 16:19:40) ASSET: Sending asset hard-hat-exclamation.png to client Bob Joga
 - (2020-08-30 16:19:40) ASSET: Sending asset image-minus.png to client Bob Joga
 - (2020-08-30 16:19:40) ASSET: Sending asset image-plus.png to client Bob Joga
 - (2020-08-30 16:19:40) ASSET: Sending asset music-minus.png to client Bob Joga
 - (2020-08-30 16:19:40) ASSET: Sending asset music-plus.png to client Bob Joga
 - (2020-08-30 16:19:40) ASSET: Sending asset tick-circle.png to client Bob Joga
 - (2020-08-30 16:19:40) ASSET: Sending asset wrench-screwdriver.png to client Bob Joga
 - (2020-08-30 16:19:40) ASSET: Sending asset spell-check.png to client Bob Joga
 - (2020-08-30 16:19:40) ASSET: Sending asset burn-exclamation.png to client Bob Joga
 - (2020-08-30 16:19:40) ASSET: Sending asset chevron.png to client Bob Joga
 - (2020-08-30 16:19:41) ASSET: Sending asset chevron-expand.png to client Bob Joga
 - (2020-08-30 16:19:41) ASSET: Sending asset scales.png to client Bob Joga
 - (2020-08-30 16:19:41) ASSET: Sending asset coding.png to client Bob Joga
 - (2020-08-30 16:19:41) ASSET: Sending asset ban.png to client Bob Joga
 - (2020-08-30 16:19:41) ASSET: Sending asset chrome-wrench.png to client Bob Joga
 - (2020-08-30 16:19:41) ASSET: Sending asset changelog.css to client Bob Joga
 - (2020-08-30 16:19:41) ASSET: Sending asset padlock.png to client Bob Joga
 - (2020-08-30 16:19:41) ASSET: Sending asset high_button.png to client Bob Joga
 - (2020-08-30 16:19:41) ASSET: Sending asset medium_button.png to client Bob Joga
 - (2020-08-30 16:19:42) ASSET: Sending asset minor_button.png to client Bob Joga
 - (2020-08-30 16:19:42) ASSET: Sending asset none_button.png to client Bob Joga
 - (2020-08-30 16:19:42) ASSET: Sending asset dna_discovered.gif to client Bob Joga
 - (2020-08-30 16:19:42) ASSET: Sending asset dna_undiscovered.gif to client Bob Joga
 - (2020-08-30 16:19:42) ASSET: Sending asset dna_extra.gif to client Bob Joga
 - (2020-08-30 16:19:42) ASSET: Sending asset view_variables.css to client Bob Joga
 - (2020-08-30 16:19:42) ASSET: Sending asset sui-nano-common.js to client Bob Joga
 - (2020-08-30 16:19:42) ASSET: Sending asset sui-nano-common.css to client Bob Joga
 - (2020-08-30 16:19:42) ASSET: Sending asset tetris_0.gif to client Bob Joga
 - (2020-08-30 16:19:42) ASSET: Sending asset tetris_1.gif to client Bob Joga
 - (2020-08-30 16:19:42) ASSET: Sending asset tetris_2.gif to client Bob Joga
 - (2020-08-30 16:19:42) ASSET: Sending asset tetris_3.gif to client Bob Joga
 - (2020-08-30 16:19:43) ASSET: Sending asset tetris_4.gif to client Bob Joga
 - (2020-08-30 16:19:43) ASSET: Sending asset tetris_5.gif to client Bob Joga
 - (2020-08-30 16:19:43) ASSET: Sending asset tetris_6.gif to client Bob Joga
 - (2020-08-30 16:19:43) ASSET: Sending asset tetris_7.gif to client Bob Joga
 - (2020-08-30 16:19:43) ASSET: Sending asset tetrisp0.gif to client Bob Joga
 - (2020-08-30 16:19:43) ASSET: Sending asset tetrisp1.gif to client Bob Joga
 - (2020-08-30 16:19:43) ASSET: Sending asset tetrisp2.gif to client Bob Joga
 - (2020-08-30 16:19:43) ASSET: Sending asset tetrisp3.gif to client Bob Joga
 - (2020-08-30 16:19:43) ASSET: Sending asset tetrisp4.gif to client Bob Joga
 - (2020-08-30 16:19:43) ASSET: Sending asset tetrisp5.gif to client Bob Joga
 - (2020-08-30 16:19:43) ASSET: Sending asset tetrisp6.gif to client Bob Joga
 - (2020-08-30 16:19:43) ASSET: Sending asset tetrisp7.gif to client Bob Joga
 - (2020-08-30 16:19:44) ASSET: Sending asset tetris.js to client Bob Joga
 - (2020-08-30 16:19:44) ASSET: Sending asset tetris2.js to client Bob Joga
 - (2020-08-30 16:19:44) ASSET: Sending asset spritesheet_pda.css to client Bob Joga
 - (2020-08-30 16:19:44) ASSET: Sending asset pda_16x16.png to client Bob Joga
 - (2020-08-30 16:19:44) ASSET: Sending asset spritesheet_minesweeper.css to client Bob Joga
 - (2020-08-30 16:19:44) ASSET: Sending asset minesweeper_16x16.png to client Bob Joga
 - (2020-08-30 16:19:44) ASSET: Sending asset spritesheet_pipes.css to client Bob Joga
 - (2020-08-30 16:19:44) ASSET: Sending asset pipes_32x32.png to client Bob Joga
 - (2020-08-30 16:19:44) ASSET: Sending asset spritesheet_design.css to client Bob Joga
 - (2020-08-30 16:19:44) ASSET: Sending asset design_32x32.png to client Bob Joga
 - (2020-08-30 16:19:44) ASSET: Sending asset design_32x64.png to client Bob Joga
 - (2020-08-30 16:19:44) ASSET: Sending asset design_64x32.png to client Bob Joga
 - (2020-08-30 16:19:45) ASSET: Sending asset spritesheet_vending.css to client Bob Joga
 - (2020-08-30 16:19:45) ASSET: Sending asset vending_32x32.png to client Bob Joga
 - (2020-08-30 16:24:39) ASSET: WARNING: dupe asset added to the asset cache: asset.59a78307e68f6b4efabdc83f27a50229.png existing asset md5: 59a78307e68f6b4efabdc83f27a50229 new asset md5:59a78307e68f6b4efabdc83f27a50229
 - gib stack trace()
 - register asset("asset.59a78307e68f6b4efabdc83f...", /icon (/icon))
 - icon2html(Quiet\'s ID Card (Mime) (/obj/item/card/id), Quiet (/mob/living/carbon/human), "id", 2, 1, 0)
 - /datum/bank_account (/datum/bank_account): bank card talk("Payday processed, account now ...", null)
 - /datum/bank_account (/datum/bank_account): payday(1, 0)
 - Economy (/datum/controller/subsystem/economy): fire(0)
 - Economy (/datum/controller/subsystem/economy): ignite(0)
 - Master (/datum/controller/master): RunQueue()
 - Master (/datum/controller/master): Loop()
 - Master (/datum/controller/master): StartProcessing(0)
 - 
