[2020-08-30 19:18:13.107] Starting up round ID .
 - -------------------------
[2020-08-30 19:29:38.840] Logs from logging subsystem:
 - (2020-08-30 16:19:57) ATTACK: Bob Joga/(Quiet) <font color='red'>has turned ON the combat indicator!</font> (Theatre (82, 144, 2))
 - (2020-08-30 16:20:01) ATTACK: Bob Joga/(Quiet) <font color='blue'>has turned OFF the combat indicator!</font> (Port Primary Hallway (82, 141, 2))
 - (2020-08-30 16:20:01) ATTACK: Bob Joga/(Quiet) <font color='red'>has turned ON the combat indicator!</font> (Port Primary Hallway (82, 141, 2))
 - (2020-08-30 16:20:06) ATTACK: Bob Joga/(Quiet) <font color='blue'>has turned OFF the combat indicator!</font> (Port Primary Hallway (84, 141, 2))
 - (2020-08-30 16:20:14) ATTACK: Bob Joga/(Quiet) <font color='red'>has turned ON the combat indicator!</font> (Central Primary Hallway (98, 141, 2))
 - (2020-08-30 16:20:24) ATTACK: Bob Joga/(Quiet) <font color='blue'>has turned OFF the combat indicator!</font> (Central Primary Hallway (103, 141, 2))
 - (2020-08-30 16:20:34) ATTACK: Bob Joga/(Quiet) <font color='red'>has turned ON the combat indicator!</font> (Central Primary Hallway (110, 142, 2))
 - (2020-08-30 16:20:38) ATTACK: Bob Joga/(Quiet) <font color='blue'>has turned OFF the combat indicator!</font> (Central Primary Hallway (130, 142, 2))
 - (2020-08-30 16:20:38) ATTACK: Bob Joga/(Quiet) <font color='red'>has turned ON the combat indicator!</font> (Central Primary Hallway (130, 142, 2))
 - (2020-08-30 16:20:44) ATTACK: Bob Joga/(Quiet) <font color='blue'>has turned OFF the combat indicator!</font> (Central Primary Hallway (130, 137, 2))
 - (2020-08-30 16:26:25) ATTACK: Bob Joga/(Quiet) <font color='red'>has turned ON the combat indicator!</font> (Bar (140, 136, 2))
 - (2020-08-30 16:26:25) ATTACK: Bob Joga/(Quiet) <font color='blue'>has turned OFF the combat indicator!</font> (Bar (140, 136, 2))
 - (2020-08-30 16:26:26) ATTACK: Bob Joga/(Quiet) <font color='red'>has turned ON the combat indicator!</font> (Bar (140, 136, 2))
 - (2020-08-30 16:27:10) ATTACK: Bob Joga/(Quiet) <font color='blue'>has turned OFF the combat indicator!</font> (Bar (140, 136, 2))
 - (2020-08-30 16:27:20) ATTACK: Bob Joga/(Quiet) <font color='red'>has turned ON the combat indicator!</font> (Bar (140, 136, 2))
 - (2020-08-30 16:27:46) ATTACK: Bob Joga/(Quiet) <font color='blue'>has turned OFF the combat indicator!</font> (Bar (140, 138, 2))
 - (2020-08-30 16:28:08) ATTACK: Bob Joga/(Quiet) <font color='red'>has turned ON the combat indicator!</font> (Bar (140, 134, 2))
 - (2020-08-30 16:28:16) ATTACK: Bob Joga/(Quiet) <font color='blue'>has turned OFF the combat indicator!</font> (Bar (140, 135, 2))
