[2020-08-30 19:18:13.111] Starting up round ID .
 - -------------------------
[2020-08-30 19:19:38.621] Logs from logging subsystem:
 - (2020-08-30 16:18:33) HREF: Bob Joga (usr:Bob Joga[(11,174,1)]) : _src_=chat&proc=doneLoading
 - (2020-08-30 16:18:33) HREF: Bob Joga (usr:Bob Joga[(11,174,1)]) : 
 - (2020-08-30 16:18:33) HREF: Bob Joga (usr:Bob Joga[(11,174,1)]) : 
 - (2020-08-30 16:18:33) HREF: Bob Joga (usr:Bob Joga[(11,174,1)]) : _src_=chat&proc=analyzeClientData&param[cookie]={"connData":[{"ckey":"bobjoga","ip":"127.0.0.1","compid":"3000796718"},{"ckey":"bobjoga","ip":"177.106.255.43","compid":"3000796718"},{"ckey":"bobjoga","ip":"179.126.113.169","compid":"3000796718"},{"ckey":"bobjoga","ip":null,"compid":"3000796718"},{"ckey":"bobjoga","ip":"177.191.16.185","compid":"3000796718"}]}
 - (2020-08-30 16:19:23) HREF: Bob Joga (usr:Bob Joga[(11,174,1)]) : Bob Joga src=[mob_27];ready=1
 - (2020-08-30 16:19:24) HREF: Bob Joga (usr:Bob Joga[(11,174,1)]) : Bob Joga src=[mob_27];show_preferences=1
 - (2020-08-30 16:19:25) HREF: Bob Joga (usr:Bob Joga[(11,174,1)]) : _src_=prefs;preference=tab;tab=1
 - (2020-08-30 16:19:30) HREF: Bob Joga (usr:Bob Joga[(11,174,1)]) : _src_=prefs;preference=save
 - (2020-08-30 16:19:32) HREF: Bob Joga (usr:Bob Joga[(11,174,1)]) : /datum/preferences close=1
 - (2020-08-30 16:19:35) HREF: Bob Joga (usr:Bob Joga[(11,174,1)]) : Vote src=[0x2100004e];vote=close
[2020-08-30 19:29:38.839] Logs from logging subsystem:
 - (2020-08-30 16:20:09) HREF: Bob Joga (usr:Quiet[(98,141,2)]) : _src_=prefs;preference=combat_music
 - (2020-08-30 16:20:13) HREF: Bob Joga (usr:Quiet[(98,141,2)]) : _src_=prefs;preference=save
 - (2020-08-30 16:20:14) HREF: Bob Joga (usr:Quiet[(98,141,2)]) : /datum/preferences close=1
 - (2020-08-30 16:20:30) HREF: Bob Joga (usr:Quiet[(110,142,2)]) : _src_=prefs;preference=combat_music
 - (2020-08-30 16:20:33) HREF: Bob Joga (usr:Quiet[(110,142,2)]) : _src_=prefs;preference=save
 - (2020-08-30 16:20:34) HREF: Bob Joga (usr:Quiet[(110,142,2)]) : /datum/preferences close=1
 - (2020-08-30 16:27:15) HREF: Bob Joga (usr:Quiet[(140,136,2)]) : _src_=prefs;preference=combat_music
 - (2020-08-30 16:27:19) HREF: Bob Joga (usr:Quiet[(140,136,2)]) : _src_=prefs;preference=save
 - (2020-08-30 16:27:20) HREF: Bob Joga (usr:Quiet[(140,136,2)]) : /datum/preferences close=1
 - (2020-08-30 16:28:05) HREF: Bob Joga (usr:Quiet[(140,134,2)]) : _src_=prefs;preference=combat_music
 - (2020-08-30 16:28:07) HREF: Bob Joga (usr:Quiet[(140,134,2)]) : _src_=prefs;preference=save
 - (2020-08-30 16:28:08) HREF: Bob Joga (usr:Quiet[(140,134,2)]) : /datum/preferences close=1
