[2020-08-26 13:28:53.697] Starting up round ID .
 - -------------------------
[2020-08-26 13:28:59.038] INIT: Initialized Profiler subsystem within 0 seconds!
[2020-08-26 13:28:59.240] Fail2Topic: Failed to drop firewall rule. Exit code: 1.
[2020-08-26 13:28:59.240] INIT: Initialized Fail2Topic subsystem within 0.2 seconds!
[2020-08-26 13:28:59.242] INIT: Initialized Title Screen subsystem within 0 seconds!
[2020-08-26 13:28:59.242] INIT: Initialized Database subsystem within 0 seconds!
[2020-08-26 13:28:59.242] INIT: Initialized Blackbox subsystem within 0 seconds!
[2020-08-26 13:28:59.242] INIT: Initialized Server Tasks subsystem within 0 seconds!
[2020-08-26 13:28:59.243] INIT: Initialized Input subsystem within 0 seconds!
[2020-08-26 13:28:59.245] INIT: Initialized Sounds subsystem within 0 seconds!
[2020-08-26 13:28:59.245] INIT: Initialized Vis contents overlays subsystem within 0 seconds!
[2020-08-26 13:28:59.309] INIT: Initialized Research subsystem within 0.1 seconds!
[2020-08-26 13:28:59.312] INIT: Initialized Events subsystem within 0 seconds!
[2020-08-26 13:28:59.319] INIT: Initialized Jobs subsystem within 0 seconds!
[2020-08-26 13:28:59.324] INIT: Initialized Quirks subsystem within 0 seconds!
[2020-08-26 13:28:59.330] INIT: Initialized Ticker subsystem within 0 seconds!
[2020-08-26 13:28:59.344] INIT: Initialized Instruments subsystem within 0 seconds!
[2020-08-26 13:29:18.203] INIT: Initialized Mapping subsystem within 18.9 seconds!
[2020-08-26 13:29:18.214] INIT: Initialized Economy subsystem within 0 seconds!
[2020-08-26 13:29:18.215] INIT: Initialized Networks subsystem within 0 seconds!
[2020-08-26 13:29:18.215] INIT: Initialized Holodeck subsystem within 0 seconds!
[2020-08-26 13:29:49.608] INIT: Initialized Atoms subsystem within 31.4 seconds!
[2020-08-26 13:29:49.633] INIT: Initialized Language subsystem within 0 seconds!
[2020-08-26 13:29:49.815] INIT: Initialized Machines subsystem within 0.2 seconds!
[2020-08-26 13:29:49.854] INIT: Initialized Circuit subsystem within 0 seconds!
[2020-08-26 13:29:51.268] INIT: Initialized Atmos Adjacency subsystem within 1.4 seconds!
[2020-08-26 13:29:51.268] INIT: Initialized Autotransfer Vote subsystem within 0 seconds!
[2020-08-26 13:29:51.268] INIT: Initialized Chemistry subsystem within 0 seconds!
[2020-08-26 13:29:51.268] INIT: Initialized Status Effects subsystem within 0 seconds!
[2020-08-26 13:29:51.269] INIT: Initialized Weather subsystem within 0 seconds!
[2020-08-26 13:29:51.272] INIT: Initialized Disease subsystem within 0 seconds!
[2020-08-26 13:29:51.273] INIT: Initialized Jukeboxes subsystem within 0 seconds!
[2020-08-26 13:29:51.273] INIT: Initialized Medals subsystem within 0 seconds!
[2020-08-26 13:29:51.517] INIT: Initialized Minimaps subsystem within 0.3 seconds!
[2020-08-26 13:29:51.568] INIT: Initialized Night Shift subsystem within 0 seconds!
[2020-08-26 13:29:51.568] INIT: Initialized Parallax subsystem within 0 seconds!
[2020-08-26 13:29:51.568] INIT: Initialized Sun subsystem within 0 seconds!
[2020-08-26 13:29:51.777] INIT: Initialized Traumas subsystem within 0.2 seconds!
[2020-08-26 13:29:51.814] INIT: Initialized Bluespace Locker subsystem within 0.1 seconds!
[2020-08-26 13:29:51.814] INIT: Initialized Pacification Bans subsystem within 0 seconds!
[2020-08-26 13:29:51.814] INIT: Initialized Logging subsystem within 0 seconds!
[2020-08-26 13:29:51.814] INIT: Initialized Recycling subsystem within 0 seconds!
[2020-08-26 13:29:57.691] INIT: Initialized Atmospherics subsystem within 5.8 seconds!
[2020-08-26 13:29:57.691] INIT: Initialized Atmospherics - Turfs subsystem within 0 seconds!
[2020-08-26 13:30:00.483] INIT: Initialized Assets subsystem within 2.8 seconds!
[2020-08-26 13:30:06.354] INIT: Initialized Icon Smoothing subsystem within 5.8 seconds!
[2020-08-26 13:30:07.591] INIT: Initialized Overlay subsystem within 1.2 seconds!
[2020-08-26 13:30:07.591] INIT: Initialized XKeyScore subsystem within 0 seconds!
[2020-08-26 13:30:07.592] INIT: Initialized Sticky Ban subsystem within 0 seconds!
[2020-08-26 13:30:15.278] INIT: Initialized Lighting subsystem within 7.7 seconds!
[2020-08-26 13:30:18.782] INIT: Initialized Shuttle subsystem within 3.5 seconds!
[2020-08-26 13:30:18.823] INIT: Initialized Minor Mapping subsystem within 0.1 seconds!
[2020-08-26 13:30:18.846] INIT: Initialized Pathfinder subsystem within 0 seconds!
[2020-08-26 13:30:18.876] INIT: Initialized Persistence subsystem within 0 seconds!
[2020-08-26 13:30:18.876] INIT: Initialized Chat subsystem within 0 seconds!
