[2020-08-30 20:24:07.279] Starting up round ID .
 - -------------------------
[2020-08-30 20:35:43.871] Logs from logging subsystem:
 - (2020-08-30 17:27:50) ATTACK: *no key*/(Yobanna Savang) has suffered: Second Degree Burns to left hand | Damage: 10.8(rolled 26/27.9765) (Space (26, 171, 3))
 - (2020-08-30 17:28:41) ATTACK: *no key*/(coder monkey (496)) has suffered: Joint Dislocation to left arm | Damage: 20(rolled 56/66.2891) | WB: 2 (Space (223, 89, 4))
 - (2020-08-30 17:29:38) ATTACK: *no key*/(Yobanna Savang) has suffered: Second Degree Burns to right foot | Damage: 10.8(rolled 27/27.9765) (Space (26, 171, 3))
 - (2020-08-30 17:31:40) ATTACK: *no key*/(Yobanna Savang) has suffered: Second Degree Burns to right leg | Damage: 10.8(rolled 26/27.9765) (Space (26, 171, 3))
 - (2020-08-30 17:34:13) ATTACK: Bob Joga/(Cockmistress) has attacked Bob Joga/(Cockmistress) with silvery knife[DC] (INTENT: HELP) (DAMTYPE: BRUTE) (NEWHP: 100)  (Starboard Primary Hallway (136, 130, 2))
 - (2020-08-30 17:34:14) ATTACK: Bob Joga/(Cockmistress) has suffered: Rough Abrasion to groin | Damage: 17(rolled 17/52.7993) | WB: -5 | BWB: 10 (Medbay Lobby (136, 127, 2))
 - (2020-08-30 17:34:14) ATTACK: Bob Joga/(Cockmistress) has attacked Bob Joga/(Cockmistress) with silvery knife[DC] (INTENT: HELP) (DAMTYPE: BRUTE) (NEWHP: 100)  (Medbay Lobby (136, 127, 2))
 - (2020-08-30 17:34:15) ATTACK: Bob Joga/(Cockmistress) has attacked Bob Joga/(Cockmistress) with silvery knife[DC] (INTENT: HELP) (DAMTYPE: BRUTE) (NEWHP: 100)  (Medbay Lobby (136, 127, 2))
 - (2020-08-30 17:34:16) ATTACK: Bob Joga/(Cockmistress) has attacked Bob Joga/(Cockmistress) with silvery knife[DC] (INTENT: HELP) (DAMTYPE: BRUTE) (NEWHP: 100)  (Medbay Lobby (136, 127, 2))
 - (2020-08-30 17:34:17) ATTACK: Bob Joga/(Cockmistress) has suffered: Rough Abrasion to right leg | Damage: 17(rolled 39/52.7993) | WB: -5 | BWB: 10 (Medbay Lobby (136, 127, 2))
 - (2020-08-30 17:34:17) ATTACK: Bob Joga/(Cockmistress) has attacked Bob Joga/(Cockmistress) with silvery knife[DC] (INTENT: HELP) (DAMTYPE: BRUTE) (NEWHP: 100)  (Medbay Lobby (136, 127, 2))
 - (2020-08-30 17:34:37) ATTACK: Bob Joga/(Cockmistress) has suffered: Rough Abrasion to head | Damage: 17(rolled 45/52.7993) | WB: -5 | BWB: 10 (Medbay Lobby (135, 126, 2))
 - (2020-08-30 17:34:37) ATTACK: Bob Joga/(Cockmistress) has attacked Bob Joga/(Cockmistress) with silvery knife[DC] (INTENT: HELP) (DAMTYPE: BRUTE) (NEWHP: 100)  (Medbay Lobby (135, 126, 2))
 - (2020-08-30 17:34:50) ATTACK: *no key*/(Yobanna Savang) has suffered: Hip Dislocation to groin | Damage: 9(rolled 21/21.674) (Space (26, 171, 3))
 - (2020-08-30 17:34:51) ATTACK: Bob Joga/(Cockmistress) has attacked Bob Joga/(Cockmistress) with silvery knife[DC] (INTENT: HELP) (DAMTYPE: BRUTE) (NEWHP: 100)  (Medbay Lobby (136, 126, 2))
 - (2020-08-30 17:34:52) ATTACK: Bob Joga/(Cockmistress) has attacked Bob Joga/(Cockmistress) with silvery knife[DC] (INTENT: HELP) (DAMTYPE: BRUTE) (NEWHP: 100)  (Medbay Lobby (136, 126, 2))
 - (2020-08-30 17:35:42) ATTACK: *no key*/(Yobanna Savang) has suffered: Second Degree Burns to groin | Damage: 10.8(rolled 19/27.9765) (Space (26, 171, 3))
