[2020-08-30 20:24:07.281] Starting up round ID .
 - -------------------------
[2020-08-30 20:25:42.093] Logs from logging subsystem:
 - (2020-08-30 17:24:24) HREF: Bob Joga (usr:Bob Joga[(11,174,1)]) : _src_=chat&proc=doneLoading
 - (2020-08-30 17:24:24) HREF: Bob Joga (usr:Bob Joga[(11,174,1)]) : 
 - (2020-08-30 17:24:24) HREF: Bob Joga (usr:Bob Joga[(11,174,1)]) : 
 - (2020-08-30 17:24:25) HREF: Bob Joga (usr:Bob Joga[(11,174,1)]) : _src_=chat&proc=analyzeClientData&param[cookie]={"connData":[{"ckey":"bobjoga","ip":"127.0.0.1","compid":"3000796718"},{"ckey":"bobjoga","ip":"177.106.255.43","compid":"3000796718"},{"ckey":"bobjoga","ip":"179.126.113.169","compid":"3000796718"},{"ckey":"bobjoga","ip":null,"compid":"3000796718"},{"ckey":"bobjoga","ip":"177.191.16.185","compid":"3000796718"}]}
 - (2020-08-30 17:24:59) HREF: Bob Joga (usr:Bob Joga[(11,174,1)]) : Bob Joga src=[mob_27];ready=1
 - (2020-08-30 17:25:40) HREF: Bob Joga (usr:Bob Joga[(11,174,1)]) : Vote src=[0x2100004e];vote=close
[2020-08-30 20:35:43.869] Logs from logging subsystem:
 - (2020-08-30 17:25:54) HREF: Bob Joga (usr:Cockmistress[(99,71,2)]) : _src_=vars;admin_token=0224368876187241075339710846646113;Vars=[0x201702e]
 - (2020-08-30 17:25:57) HREF: Bob Joga (usr:Cockmistress[(99,71,2)]) : _src_=vars;admin_token=0224368876187241075339710846646113;datumedit=TRUE;target=[0x201702e];targetvar=brute_dam
 - (2020-08-30 17:26:09) HREF: Bob Joga (usr:Cockmistress[(100,71,2)]) : _src_=holder;admin_token=0224368876187241075339710846646113;revive=[mob_289]
 - (2020-08-30 17:26:19) HREF: Bob Joga (usr:Cockmistress[(100,71,2)]) : _src_=vars;admin_token=0224368876187241075339710846646113;Vars=[0x201702e]
 - (2020-08-30 17:26:28) HREF: Bob Joga (usr:Cockmistress[(100,71,2)]) : _src_=vars;admin_token=0224368876187241075339710846646113;Vars=[0x201702e]
 - (2020-08-30 17:26:32) HREF: Bob Joga (usr:Cockmistress[(100,71,2)]) : _src_=vars;admin_token=0224368876187241075339710846646113;Vars=[0x201702e]
 - (2020-08-30 17:26:34) HREF: Bob Joga (usr:Cockmistress[(100,71,2)]) : _src_=vars;admin_token=0224368876187241075339710846646113;Vars=[0x201702e]
 - (2020-08-30 17:27:43) HREF: Bob Joga (usr:Cockmistress[(122,86,2)]) : _src_=vars;admin_token=0224368876187241075339710846646113;Vars=[0x201702e]
 - (2020-08-30 17:27:46) HREF: Bob Joga (usr:Cockmistress[(122,86,2)]) : _src_=vars;admin_token=0224368876187241075339710846646113;Vars=[0x201702e]
 - (2020-08-30 17:30:17) HREF: Bob Joga (usr:Cockmistress[(114,111,2)]) : _src_=prefs;preference=pain_style
 - (2020-08-30 17:30:17) HREF: Bob Joga (usr:Cockmistress[(114,111,2)]) : _src_=prefs;preference=pain_style
 - (2020-08-30 17:30:18) HREF: Bob Joga (usr:Cockmistress[(114,111,2)]) : _src_=prefs;preference=pain_style
 - (2020-08-30 17:30:21) HREF: Bob Joga (usr:Cockmistress[(114,111,2)]) : _src_=prefs;preference=save
 - (2020-08-30 17:30:22) HREF: Bob Joga (usr:Cockmistress[(114,111,2)]) : /datum/preferences close=1
 - (2020-08-30 17:32:51) HREF: Bob Joga (usr:Cockmistress[(129,133,2)]) : _src_=prefs;preference=pain_style
 - (2020-08-30 17:32:53) HREF: Bob Joga (usr:Cockmistress[(129,133,2)]) : _src_=prefs;preference=pain_style
 - (2020-08-30 17:32:54) HREF: Bob Joga (usr:Cockmistress[(129,133,2)]) : _src_=prefs;preference=save
 - (2020-08-30 17:32:55) HREF: Bob Joga (usr:Cockmistress[(129,133,2)]) : /datum/preferences close=1
 - (2020-08-30 17:33:57) HREF: Bob Joga (usr:Cockmistress[(136,126,2)]) : bobjoga's admin datum (!localhost!) src=[0x21002dce];admin_token=0224368876187241075339710846646113;create_object=1
 - (2020-08-30 17:34:08) HREF: Bob Joga (usr:Cockmistress[(136,126,2)]) : bobjoga's admin datum (!localhost!) src=%5B0x21002dce%5D%3Badmin_token%3D0224368876187241075339710846646113&admin_token=0224368876187241075339710846646113&filter=knife&offset=x%2Cy%2Cz&offset_type=relative&object_count=1&object_dir=&object_name=&object_where=onfloor&object_list=%2Fobj%2Fitem%2Fkitchen%2Fknife%2Fcombat%2Fghost
 - (2020-08-30 17:35:03) HREF: Bob Joga (usr:Cockmistress[(135,126,2)]) : _src_=prefs;preference=pain_style
 - (2020-08-30 17:35:05) HREF: Bob Joga (usr:Cockmistress[(135,126,2)]) : _src_=prefs;preference=save
 - (2020-08-30 17:35:06) HREF: Bob Joga (usr:Cockmistress[(135,126,2)]) : /datum/preferences close=1
 - (2020-08-30 17:35:27) HREF: Bob Joga (usr:Cockmistress[(135,126,2)]) : _src_=prefs;preference=pain_style
 - (2020-08-30 17:35:28) HREF: Bob Joga (usr:Cockmistress[(135,126,2)]) : _src_=prefs;preference=save
 - (2020-08-30 17:35:30) HREF: Bob Joga (usr:Cockmistress[(135,126,2)]) : _src_=prefs;preference=pain_style
 - (2020-08-30 17:35:31) HREF: Bob Joga (usr:Cockmistress[(135,126,2)]) : _src_=prefs;preference=save
 - (2020-08-30 17:35:31) HREF: Bob Joga (usr:Cockmistress[(135,126,2)]) : _src_=prefs;preference=save
 - (2020-08-30 17:35:32) HREF: Bob Joga (usr:Cockmistress[(135,126,2)]) : /datum/preferences close=1
