[2020-08-30 20:24:07.284] Starting up round ID .
 - -------------------------
[2020-08-30 20:24:08.260] INIT: Initialized Profiler subsystem within 0 seconds!
[2020-08-30 20:24:08.410] Fail2Topic: Failed to drop firewall rule. Exit code: 1.
[2020-08-30 20:24:08.410] INIT: Initialized Fail2Topic subsystem within 0.2 seconds!
[2020-08-30 20:24:08.412] INIT: Initialized Title Screen subsystem within 0 seconds!
[2020-08-30 20:24:08.413] INIT: Initialized Database subsystem within 0 seconds!
[2020-08-30 20:24:08.413] INIT: Initialized Blackbox subsystem within 0 seconds!
[2020-08-30 20:24:08.413] INIT: Initialized Server Tasks subsystem within 0 seconds!
[2020-08-30 20:24:08.415] INIT: Initialized Input subsystem within 0 seconds!
[2020-08-30 20:24:08.417] INIT: Initialized Sounds subsystem within 0 seconds!
[2020-08-30 20:24:08.417] INIT: Initialized Vis contents overlays subsystem within 0 seconds!
[2020-08-30 20:24:08.485] INIT: Initialized Research subsystem within 0 seconds!
[2020-08-30 20:24:08.488] INIT: Initialized Events subsystem within 0 seconds!
[2020-08-30 20:24:08.492] INIT: Initialized Jobs subsystem within 0 seconds!
[2020-08-30 20:24:08.497] INIT: Initialized Quirks subsystem within 0 seconds!
[2020-08-30 20:24:08.504] INIT: Initialized Ticker subsystem within 0.1 seconds!
[2020-08-30 20:24:08.517] INIT: Initialized Instruments subsystem within 0 seconds!
[2020-08-30 20:24:26.309] INIT: Initialized Mapping subsystem within 17.8 seconds!
[2020-08-30 20:24:26.311] INIT: Initialized Economy subsystem within 0 seconds!
[2020-08-30 20:24:26.312] INIT: Initialized Networks subsystem within 0 seconds!
[2020-08-30 20:24:26.312] INIT: Initialized Holodeck subsystem within 0 seconds!
[2020-08-30 20:25:01.956] INIT: Initialized Atoms subsystem within 35.6 seconds!
[2020-08-30 20:25:01.975] INIT: Initialized Language subsystem within 0 seconds!
[2020-08-30 20:25:02.140] INIT: Initialized Machines subsystem within 0.2 seconds!
[2020-08-30 20:25:02.177] INIT: Initialized Circuit subsystem within 0 seconds!
[2020-08-30 20:25:03.365] INIT: Initialized Atmos Adjacency subsystem within 1.2 seconds!
[2020-08-30 20:25:03.365] INIT: Initialized Autotransfer Vote subsystem within 0 seconds!
[2020-08-30 20:25:03.366] INIT: Initialized Chemistry subsystem within 0 seconds!
[2020-08-30 20:25:03.366] INIT: Initialized Status Effects subsystem within 0 seconds!
[2020-08-30 20:25:03.368] INIT: Initialized Weather subsystem within 0 seconds!
[2020-08-30 20:25:03.371] INIT: Initialized Disease subsystem within 0 seconds!
[2020-08-30 20:25:03.371] INIT: Initialized Jukeboxes subsystem within 0 seconds!
[2020-08-30 20:25:03.371] INIT: Initialized Medals subsystem within 0 seconds!
[2020-08-30 20:25:03.616] INIT: Initialized Minimaps subsystem within 0.3 seconds!
[2020-08-30 20:25:03.620] INIT: Initialized Night Shift subsystem within 0 seconds!
[2020-08-30 20:25:03.620] INIT: Initialized Parallax subsystem within 0 seconds!
[2020-08-30 20:25:03.620] INIT: Initialized Sun subsystem within 0 seconds!
[2020-08-30 20:25:03.849] INIT: Initialized Traumas subsystem within 0.2 seconds!
[2020-08-30 20:25:03.901] INIT: Initialized Bluespace Locker subsystem within 0.1 seconds!
[2020-08-30 20:25:03.903] INIT: Initialized Pacification Bans subsystem within 0 seconds!
[2020-08-30 20:25:03.903] INIT: Initialized Logging subsystem within 0 seconds!
[2020-08-30 20:25:03.903] INIT: Initialized Recycling subsystem within 0 seconds!
[2020-08-30 20:25:10.589] INIT: Initialized Atmospherics subsystem within 6.6 seconds!
[2020-08-30 20:25:10.589] INIT: Initialized Atmospherics - Turfs subsystem within 0 seconds!
[2020-08-30 20:25:17.090] INIT: Initialized Assets subsystem within 6.5 seconds!
[2020-08-30 20:25:23.469] INIT: Initialized Icon Smoothing subsystem within 6.3 seconds!
[2020-08-30 20:25:24.914] INIT: Initialized Overlay subsystem within 1.5 seconds!
[2020-08-30 20:25:24.914] INIT: Initialized XKeyScore subsystem within 0 seconds!
[2020-08-30 20:25:24.916] INIT: Initialized Sticky Ban subsystem within 0 seconds!
[2020-08-30 20:25:33.605] INIT: Initialized Lighting subsystem within 8.7 seconds!
[2020-08-30 20:25:38.666] INIT: Initialized Shuttle subsystem within 5 seconds!
[2020-08-30 20:25:38.722] INIT: Initialized Minor Mapping subsystem within 0.1 seconds!
[2020-08-30 20:25:38.723] INIT: Initialized Pathfinder subsystem within 0 seconds!
[2020-08-30 20:25:38.760] INIT: Initialized Persistence subsystem within 0 seconds!
[2020-08-30 20:25:38.760] INIT: Initialized Chat subsystem within 0 seconds!
