[2020-09-16 14:51:55.008] Starting up round ID .
 - -------------------------
[2020-09-16 14:52:00.611] INIT: Initialized Profiler subsystem within 0 seconds!
[2020-09-16 14:52:00.760] Fail2Topic: Failed to drop firewall rule. Exit code: 1.
[2020-09-16 14:52:00.761] INIT: Initialized Fail2Topic subsystem within 0.1 seconds!
[2020-09-16 14:52:00.762] INIT: Initialized Title Screen subsystem within 0 seconds!
[2020-09-16 14:52:00.762] INIT: Initialized Database subsystem within 0 seconds!
[2020-09-16 14:52:00.763] INIT: Initialized Blackbox subsystem within 0 seconds!
[2020-09-16 14:52:00.763] INIT: Initialized Server Tasks subsystem within 0 seconds!
[2020-09-16 14:52:00.765] INIT: Initialized Input subsystem within 0 seconds!
[2020-09-16 14:52:00.767] INIT: Initialized Sounds subsystem within 0 seconds!
[2020-09-16 14:52:00.767] INIT: Initialized Vis contents overlays subsystem within 0 seconds!
[2020-09-16 14:52:00.840] INIT: Initialized Research subsystem within 0.1 seconds!
[2020-09-16 14:52:00.843] INIT: Initialized Events subsystem within 0 seconds!
[2020-09-16 14:52:00.848] INIT: Initialized Jobs subsystem within 0 seconds!
[2020-09-16 14:52:00.853] INIT: Initialized Quirks subsystem within 0 seconds!
[2020-09-16 14:52:00.859] INIT: Initialized Ticker subsystem within 0 seconds!
[2020-09-16 14:52:00.872] INIT: Initialized Instruments subsystem within 0 seconds!
[2020-09-16 14:52:22.510] INIT: Initialized Mapping subsystem within 21.7 seconds!
[2020-09-16 14:52:22.522] INIT: Initialized Economy subsystem within 0 seconds!
[2020-09-16 14:52:22.523] INIT: Initialized Networks subsystem within 0 seconds!
[2020-09-16 14:52:22.523] INIT: Initialized Holodeck subsystem within 0 seconds!
[2020-09-16 14:52:59.790] INIT: Initialized Atoms subsystem within 37.2 seconds!
[2020-09-16 14:52:59.820] INIT: Initialized Language subsystem within 0 seconds!
[2020-09-16 14:53:00.168] INIT: Initialized Machines subsystem within 0.3 seconds!
[2020-09-16 14:53:00.228] INIT: Initialized Circuit subsystem within 0.1 seconds!
[2020-09-16 14:53:01.644] INIT: Initialized Atmos Adjacency subsystem within 1.4 seconds!
[2020-09-16 14:53:01.644] INIT: Initialized Autotransfer Vote subsystem within 0 seconds!
[2020-09-16 14:53:01.644] INIT: Initialized Chemistry subsystem within 0 seconds!
[2020-09-16 14:53:01.644] INIT: Initialized Status Effects subsystem within 0 seconds!
[2020-09-16 14:53:01.645] INIT: Initialized Weather subsystem within 0 seconds!
[2020-09-16 14:53:01.649] INIT: Initialized Disease subsystem within 0 seconds!
[2020-09-16 14:53:01.649] INIT: Initialized Jukeboxes subsystem within 0 seconds!
[2020-09-16 14:53:01.649] INIT: Initialized Medals subsystem within 0 seconds!
[2020-09-16 14:53:01.909] INIT: Initialized Minimaps subsystem within 0.3 seconds!
[2020-09-16 14:53:01.982] INIT: Initialized Night Shift subsystem within 0 seconds!
[2020-09-16 14:53:01.982] INIT: Initialized Parallax subsystem within 0 seconds!
[2020-09-16 14:53:01.982] INIT: Initialized Sun subsystem within 0 seconds!
[2020-09-16 14:53:02.205] INIT: Initialized Traumas subsystem within 0.3 seconds!
[2020-09-16 14:53:02.246] INIT: Initialized Bluespace Locker subsystem within 0 seconds!
[2020-09-16 14:53:02.280] INIT: Initialized Pacification Bans subsystem within 0 seconds!
[2020-09-16 14:53:02.280] INIT: Initialized Logging subsystem within 0 seconds!
[2020-09-16 14:53:02.280] INIT: Initialized Recycling subsystem within 0 seconds!
[2020-09-16 14:53:08.690] INIT: Initialized Atmospherics subsystem within 6.4 seconds!
[2020-09-16 14:53:08.691] INIT: Initialized Atmospherics - Turfs subsystem within 0 seconds!
[2020-09-16 14:53:11.910] INIT: Initialized Assets subsystem within 3.3 seconds!
[2020-09-16 14:53:18.315] INIT: Initialized Icon Smoothing subsystem within 6.4 seconds!
[2020-09-16 14:53:19.603] INIT: Initialized Overlay subsystem within 1.3 seconds!
[2020-09-16 14:53:19.604] INIT: Initialized XKeyScore subsystem within 0 seconds!
[2020-09-16 14:53:19.604] INIT: Initialized Sticky Ban subsystem within 0 seconds!
[2020-09-16 14:53:28.287] INIT: Initialized Lighting subsystem within 8.6 seconds!
[2020-09-16 14:53:31.922] INIT: Initialized Shuttle subsystem within 3.7 seconds!
[2020-09-16 14:53:31.971] INIT: Initialized Minor Mapping subsystem within 0 seconds!
[2020-09-16 14:53:31.972] INIT: Initialized Pathfinder subsystem within 0 seconds!
[2020-09-16 14:53:32.003] INIT: Initialized Persistence subsystem within 0.1 seconds!
[2020-09-16 14:53:32.004] INIT: Initialized Chat subsystem within 0 seconds!
