[2020-09-16 13:39:39.374] Starting up round ID .
 - -------------------------
[2020-09-16 13:39:39.425] ADMIN: Loading Banlist
[2020-09-16 13:39:39.464] ACCESS: Login: Bob Joga from localhost-3000796718 || BYOND v513.1528
[2020-09-16 13:39:39.465] ACCESS: Mob Login: Bob Joga/(Bob Joga) was assigned to a /mob/dead/new_player
[2020-09-16 13:39:43.395] GAME: Bob Joga/(Bob Joga) Client Bob Joga/(Bob Joga) has taken ownership of mob Bob Joga(/mob/dead/new_player) (start area (11, 174, 1))
[2020-09-16 13:39:45.578] GAME: Saved mode is 'extended'
[2020-09-16 13:39:57.072] GAME: Hierophant's Arena loaded at 86,87,6
[2020-09-16 13:39:57.087] GAME: Blood-Drunk Miner (Guidance) loaded at 170,56,6
[2020-09-16 13:39:57.103] GAME: Blood-Drunk Miner (Hunter) loaded at 75,78,6
[2020-09-16 13:39:57.119] GAME: Blood-Drunk Miner loaded at 168,82,6
[2020-09-16 13:39:57.136] GAME: King Goat Boss Ruin loaded at 93,142,6
[2020-09-16 13:39:57.159] GAME: Rogue's Arena loaded at 146,28,6
[2020-09-16 13:39:57.192] GAME: Sif's Sword loaded at 132,63,6
[2020-09-16 13:39:57.206] GAME: Pulsating Tumor loaded at 82,142,6
[2020-09-16 13:39:57.222] GAME: Summoning Ritual loaded at 203,84,6
[2020-09-16 13:39:57.222] GAME: Biodome Winter loaded at 186,80,6
[2020-09-16 13:39:57.282] GAME: Elephant Graveyard loaded at 200,125,6
[2020-09-16 13:39:57.354] GAME: Alien Nest loaded at 40,164,6
[2020-09-16 13:39:57.376] GAME: Ruin of Wrath loaded at 180,202,6
[2020-09-16 13:39:57.408] GAME: Dead God loaded at 170,32,6
[2020-09-16 13:39:57.414] GAME: Pulsating Tumor loaded at 180,139,6
[2020-09-16 13:39:57.436] GAME: Ruin of Greed loaded at 182,103,6
[2020-09-16 13:40:00.533] GAME: Abandoned Teleporter loaded at 123,122,7
[2020-09-16 13:40:00.553] GAME: Whiteship Dock loaded at 152,89,3
[2020-09-16 13:40:00.558] GAME: Ordinary Space Tile loaded at 192,106,8
[2020-09-16 13:40:00.586] GAME: Asteroid 4 loaded at 78,47,7
[2020-09-16 13:40:00.622] GAME: Space Arcade loaded at 197,183,3
[2020-09-16 13:40:00.666] GAME: Derelict 4 loaded at 89,165,4
[2020-09-16 13:40:01.127] GAME: Kosmicheskaya Stantsiya 13 loaded at 38,104,3
[2020-09-16 13:40:01.173] GAME: Unnamed Turreted Outpost loaded at 162,208,3
[2020-09-16 13:40:01.214] GAME: Derelict 1 loaded at 183,158,8
[2020-09-16 13:40:01.370] GAME: Syndicate Ambush loaded at 90,166,7
[2020-09-16 13:40:01.404] GAME: Cleric's Den loaded at 116,146,7
[2020-09-16 13:40:01.432] GAME: CF Corsair loaded at 197,82,8
[2020-09-16 13:40:01.460] GAME: Strange Ship loaded at 125,122,4
[2020-09-16 13:40:01.515] GAME: Biological Storage Facility loaded at 58,149,7
[2020-09-16 13:40:01.646] GAME: Syndicate Listening Station loaded at 118,128,8
[2020-09-16 13:40:01.694] GAME: Hilbert Research Facility loaded at 126,83,4
[2020-09-16 13:40:01.713] GAME: Dead wizard Roid loaded at 193,25,2
[2020-09-16 13:40:01.727] GAME: Maze Roid loaded at 41,22,2
[2020-09-16 13:40:01.734] GAME: Mineable Asteroid 1 loaded at 204,205,2
[2020-09-16 13:40:01.741] GAME: Mineable Asteroid 1 loaded at 171,23,2
[2020-09-16 13:40:01.757] GAME: Mineable Asteroid 4 loaded at 216,171,2
[2020-09-16 13:40:01.783] GAME: Mineable Asteroid 5 loaded at 156,202,2
[2020-09-16 13:40:01.806] GAME: Monitoring Roid loaded at 29,198,2
[2020-09-16 13:40:01.819] GAME: Crab Roid loaded at 27,77,2
[2020-09-16 13:40:01.831] GAME: Mineable Asteroid 1 loaded at 77,30,2
[2020-09-16 13:40:01.844] GAME: Mineable Asteroid 3 loaded at 27,52,2
[2020-09-16 13:40:01.940] GAME: Box SM 1x3 loaded at 96,49,2
[2020-09-16 13:40:02.213] GAME: Public Mining Base loaded at 1,1,6
[2020-09-16 13:40:02.589] ADMIN: Bob Joga has started the game.
