[2020-09-11 21:46:37.914] Starting up round ID .
 - -------------------------
[2020-09-11 21:46:44.295] INIT: Initialized Profiler subsystem within 0 seconds!
[2020-09-11 21:46:44.495] Fail2Topic: Failed to drop firewall rule. Exit code: 1.
[2020-09-11 21:46:44.495] INIT: Initialized Fail2Topic subsystem within 0.2 seconds!
[2020-09-11 21:46:44.498] INIT: Initialized Title Screen subsystem within 0 seconds!
[2020-09-11 21:46:44.498] INIT: Initialized Database subsystem within 0 seconds!
[2020-09-11 21:46:44.498] INIT: Initialized Blackbox subsystem within 0 seconds!
[2020-09-11 21:46:44.499] INIT: Initialized Server Tasks subsystem within 0 seconds!
[2020-09-11 21:46:44.501] INIT: Initialized Input subsystem within 0 seconds!
[2020-09-11 21:46:44.502] INIT: Initialized Sounds subsystem within 0 seconds!
[2020-09-11 21:46:44.503] INIT: Initialized Vis contents overlays subsystem within 0 seconds!
[2020-09-11 21:46:44.565] INIT: Initialized Research subsystem within 0 seconds!
[2020-09-11 21:46:44.568] INIT: Initialized Events subsystem within 0 seconds!
[2020-09-11 21:46:44.573] INIT: Initialized Jobs subsystem within 0 seconds!
[2020-09-11 21:46:44.578] INIT: Initialized Quirks subsystem within 0 seconds!
[2020-09-11 21:46:44.593] INIT: Initialized Ticker subsystem within 0 seconds!
[2020-09-11 21:46:44.605] INIT: Initialized Instruments subsystem within 0.1 seconds!
[2020-09-11 21:47:05.175] INIT: Initialized Mapping subsystem within 20.5 seconds!
[2020-09-11 21:47:05.190] INIT: Initialized Economy subsystem within 0 seconds!
[2020-09-11 21:47:05.191] INIT: Initialized Networks subsystem within 0 seconds!
[2020-09-11 21:47:05.191] INIT: Initialized Holodeck subsystem within 0 seconds!
[2020-09-11 21:47:43.316] INIT: Initialized Atoms subsystem within 38.1 seconds!
[2020-09-11 21:47:43.344] INIT: Initialized Language subsystem within 0 seconds!
[2020-09-11 21:47:43.682] INIT: Initialized Machines subsystem within 0.3 seconds!
[2020-09-11 21:47:43.752] INIT: Initialized Circuit subsystem within 0 seconds!
[2020-09-11 21:47:45.302] INIT: Initialized Atmos Adjacency subsystem within 1.6 seconds!
[2020-09-11 21:47:45.302] INIT: Initialized Autotransfer Vote subsystem within 0 seconds!
[2020-09-11 21:47:45.302] INIT: Initialized Chemistry subsystem within 0 seconds!
[2020-09-11 21:47:45.302] INIT: Initialized Status Effects subsystem within 0 seconds!
[2020-09-11 21:47:45.303] INIT: Initialized Weather subsystem within 0 seconds!
[2020-09-11 21:47:45.306] INIT: Initialized Disease subsystem within 0 seconds!
[2020-09-11 21:47:45.306] INIT: Initialized Jukeboxes subsystem within 0 seconds!
[2020-09-11 21:47:45.307] INIT: Initialized Medals subsystem within 0 seconds!
[2020-09-11 21:47:45.572] INIT: Initialized Minimaps subsystem within 0.2 seconds!
[2020-09-11 21:47:45.631] INIT: Initialized Night Shift subsystem within 0 seconds!
[2020-09-11 21:47:45.631] INIT: Initialized Parallax subsystem within 0 seconds!
[2020-09-11 21:47:45.631] INIT: Initialized Sun subsystem within 0 seconds!
[2020-09-11 21:47:45.873] INIT: Initialized Traumas subsystem within 0.2 seconds!
[2020-09-11 21:47:45.916] INIT: Initialized Bluespace Locker subsystem within 0.1 seconds!
[2020-09-11 21:47:45.955] INIT: Initialized Pacification Bans subsystem within 0 seconds!
[2020-09-11 21:47:45.955] INIT: Initialized Logging subsystem within 0 seconds!
[2020-09-11 21:47:45.955] INIT: Initialized Recycling subsystem within 0 seconds!
[2020-09-11 21:47:52.846] INIT: Initialized Atmospherics subsystem within 6.9 seconds!
[2020-09-11 21:47:52.847] INIT: Initialized Atmospherics - Turfs subsystem within 0 seconds!
[2020-09-11 21:47:56.084] INIT: Initialized Assets subsystem within 3.2 seconds!
[2020-09-11 21:48:03.439] INIT: Initialized Icon Smoothing subsystem within 7.3 seconds!
[2020-09-11 21:48:04.946] INIT: Initialized Overlay subsystem within 1.5 seconds!
[2020-09-11 21:48:04.946] INIT: Initialized XKeyScore subsystem within 0 seconds!
[2020-09-11 21:48:04.947] INIT: Initialized Sticky Ban subsystem within 0 seconds!
[2020-09-11 21:48:14.250] INIT: Initialized Lighting subsystem within 9.3 seconds!
[2020-09-11 21:48:19.300] INIT: Initialized Shuttle subsystem within 5.1 seconds!
[2020-09-11 21:48:19.344] INIT: Initialized Minor Mapping subsystem within 0 seconds!
[2020-09-11 21:48:19.345] INIT: Initialized Pathfinder subsystem within 0 seconds!
[2020-09-11 21:48:19.380] INIT: Initialized Persistence subsystem within 0 seconds!
[2020-09-11 21:48:19.427] INIT: Initialized Chat subsystem within 0 seconds!
