[2020-09-26 20:19:20.821] Starting up round ID .
 - -------------------------
[2020-09-26 20:19:27.582] INIT: Initialized Profiler subsystem within 0 seconds!
[2020-09-26 20:19:27.781] Fail2Topic: Failed to drop firewall rule. Exit code: 1.
[2020-09-26 20:19:27.783] INIT: Initialized Fail2Topic subsystem within 0.2 seconds!
[2020-09-26 20:19:27.786] INIT: Initialized Title Screen subsystem within 0 seconds!
[2020-09-26 20:19:27.787] INIT: Initialized Database subsystem within 0 seconds!
[2020-09-26 20:19:27.787] INIT: Initialized Blackbox subsystem within 0 seconds!
[2020-09-26 20:19:27.788] INIT: Initialized Server Tasks subsystem within 0 seconds!
[2020-09-26 20:19:27.790] INIT: Initialized Input subsystem within 0 seconds!
[2020-09-26 20:19:27.793] INIT: Initialized Sounds subsystem within 0 seconds!
[2020-09-26 20:19:27.794] INIT: Initialized Vis contents overlays subsystem within 0 seconds!
[2020-09-26 20:19:27.884] INIT: Initialized Research subsystem within 0.1 seconds!
[2020-09-26 20:19:27.887] INIT: Initialized Events subsystem within 0 seconds!
[2020-09-26 20:19:27.892] INIT: Initialized Jobs subsystem within 0 seconds!
[2020-09-26 20:19:27.901] INIT: Initialized Quirks subsystem within 0.1 seconds!
[2020-09-26 20:19:27.908] INIT: Initialized Ticker subsystem within 0 seconds!
[2020-09-26 20:19:27.923] INIT: Initialized Instruments subsystem within 0 seconds!
[2020-09-26 20:19:46.685] INIT: Initialized Mapping subsystem within 18.7 seconds!
[2020-09-26 20:19:46.697] INIT: Initialized Economy subsystem within 0 seconds!
[2020-09-26 20:19:46.699] INIT: Initialized Networks subsystem within 0 seconds!
[2020-09-26 20:19:46.699] INIT: Initialized Holodeck subsystem within 0 seconds!
[2020-09-26 20:20:26.725] INIT: Initialized Atoms subsystem within 40 seconds!
[2020-09-26 20:20:26.762] INIT: Initialized Language subsystem within 0 seconds!
[2020-09-26 20:20:26.940] INIT: Initialized Machines subsystem within 0.2 seconds!
[2020-09-26 20:20:27.007] INIT: Initialized Circuit subsystem within 0.1 seconds!
[2020-09-26 20:20:28.440] INIT: Initialized Atmos Adjacency subsystem within 1.4 seconds!
[2020-09-26 20:20:28.440] INIT: Initialized Autotransfer Vote subsystem within 0 seconds!
[2020-09-26 20:20:28.441] INIT: Initialized Chemistry subsystem within 0 seconds!
[2020-09-26 20:20:28.441] INIT: Initialized Status Effects subsystem within 0 seconds!
[2020-09-26 20:20:28.442] INIT: Initialized Weather subsystem within 0 seconds!
[2020-09-26 20:20:28.445] INIT: Initialized Disease subsystem within 0 seconds!
[2020-09-26 20:20:28.446] INIT: Initialized Jukeboxes subsystem within 0 seconds!
[2020-09-26 20:20:28.446] INIT: Initialized Medals subsystem within 0 seconds!
[2020-09-26 20:20:28.748] INIT: Initialized Minimaps subsystem within 0.3 seconds!
[2020-09-26 20:20:28.805] INIT: Initialized Night Shift subsystem within 0 seconds!
[2020-09-26 20:20:28.805] INIT: Initialized Parallax subsystem within 0 seconds!
[2020-09-26 20:20:28.805] INIT: Initialized Sun subsystem within 0 seconds!
[2020-09-26 20:20:29.037] INIT: Initialized Traumas subsystem within 0.2 seconds!
[2020-09-26 20:20:29.092] INIT: Initialized Bluespace Locker subsystem within 0 seconds!
[2020-09-26 20:20:29.132] INIT: Initialized Pacification Bans subsystem within 0 seconds!
[2020-09-26 20:20:29.132] INIT: Initialized Logging subsystem within 0 seconds!
[2020-09-26 20:20:29.133] INIT: Initialized Recycling subsystem within 0 seconds!
[2020-09-26 20:20:36.523] INIT: Initialized Atmospherics subsystem within 7.4 seconds!
[2020-09-26 20:20:36.523] INIT: Initialized Atmospherics - Turfs subsystem within 0 seconds!
[2020-09-26 20:20:40.523] INIT: Initialized Assets subsystem within 4 seconds!
[2020-09-26 20:20:48.025] INIT: Initialized Icon Smoothing subsystem within 7.5 seconds!
[2020-09-26 20:20:49.479] INIT: Initialized Overlay subsystem within 1.4 seconds!
[2020-09-26 20:20:49.479] INIT: Initialized XKeyScore subsystem within 0 seconds!
[2020-09-26 20:20:49.479] INIT: Initialized Sticky Ban subsystem within 0 seconds!
[2020-09-26 20:21:03.077] INIT: Initialized Lighting subsystem within 13.6 seconds!
[2020-09-26 20:21:07.080] INIT: Initialized Shuttle subsystem within 4 seconds!
[2020-09-26 20:21:07.124] INIT: Initialized Minor Mapping subsystem within 0.1 seconds!
[2020-09-26 20:21:07.125] INIT: Initialized Pathfinder subsystem within 0 seconds!
[2020-09-26 20:21:07.161] INIT: Initialized Persistence subsystem within 0 seconds!
[2020-09-26 20:21:07.162] INIT: Initialized Chat subsystem within 0 seconds!
