[2020-09-24 00:54:41.380] Starting up round ID .
 - -------------------------
[2020-09-24 00:54:47.011] INIT: Initialized Profiler subsystem within 0 seconds!
[2020-09-24 00:54:47.210] Fail2Topic: Failed to drop firewall rule. Exit code: 1.
[2020-09-24 00:54:47.210] INIT: Initialized Fail2Topic subsystem within 0.2 seconds!
[2020-09-24 00:54:47.212] INIT: Initialized Title Screen subsystem within 0 seconds!
[2020-09-24 00:54:47.212] INIT: Initialized Database subsystem within 0 seconds!
[2020-09-24 00:54:47.213] INIT: Initialized Blackbox subsystem within 0 seconds!
[2020-09-24 00:54:47.213] INIT: Initialized Server Tasks subsystem within 0 seconds!
[2020-09-24 00:54:47.216] INIT: Initialized Input subsystem within 0 seconds!
[2020-09-24 00:54:47.220] INIT: Initialized Sounds subsystem within 0 seconds!
[2020-09-24 00:54:47.220] INIT: Initialized Vis contents overlays subsystem within 0 seconds!
[2020-09-24 00:54:47.299] INIT: Initialized Research subsystem within 0 seconds!
[2020-09-24 00:54:47.303] INIT: Initialized Events subsystem within 0.1 seconds!
[2020-09-24 00:54:47.309] INIT: Initialized Jobs subsystem within 0 seconds!
[2020-09-24 00:54:47.315] INIT: Initialized Quirks subsystem within 0 seconds!
[2020-09-24 00:54:47.323] INIT: Initialized Ticker subsystem within 0 seconds!
[2020-09-24 00:54:47.337] INIT: Initialized Instruments subsystem within 0 seconds!
[2020-09-24 00:55:06.220] INIT: Initialized Mapping subsystem within 18.9 seconds!
[2020-09-24 00:55:06.236] INIT: Initialized Economy subsystem within 0 seconds!
[2020-09-24 00:55:06.237] INIT: Initialized Networks subsystem within 0 seconds!
[2020-09-24 00:55:06.237] INIT: Initialized Holodeck subsystem within 0 seconds!
[2020-09-24 00:55:42.028] INIT: Initialized Atoms subsystem within 35.8 seconds!
[2020-09-24 00:55:42.060] INIT: Initialized Language subsystem within 0 seconds!
[2020-09-24 00:55:42.214] INIT: Initialized Machines subsystem within 0.2 seconds!
[2020-09-24 00:55:42.262] INIT: Initialized Circuit subsystem within 0 seconds!
[2020-09-24 00:55:43.709] INIT: Initialized Atmos Adjacency subsystem within 1.5 seconds!
[2020-09-24 00:55:43.710] INIT: Initialized Autotransfer Vote subsystem within 0 seconds!
[2020-09-24 00:55:43.710] INIT: Initialized Chemistry subsystem within 0 seconds!
[2020-09-24 00:55:43.710] INIT: Initialized Status Effects subsystem within 0 seconds!
[2020-09-24 00:55:43.711] INIT: Initialized Weather subsystem within 0 seconds!
[2020-09-24 00:55:43.714] INIT: Initialized Disease subsystem within 0 seconds!
[2020-09-24 00:55:43.714] INIT: Initialized Jukeboxes subsystem within 0 seconds!
[2020-09-24 00:55:43.714] INIT: Initialized Medals subsystem within 0 seconds!
[2020-09-24 00:55:44.002] INIT: Initialized Minimaps subsystem within 0.3 seconds!
[2020-09-24 00:55:44.061] INIT: Initialized Night Shift subsystem within 0 seconds!
[2020-09-24 00:55:44.061] INIT: Initialized Parallax subsystem within 0 seconds!
[2020-09-24 00:55:44.061] INIT: Initialized Sun subsystem within 0 seconds!
[2020-09-24 00:55:44.294] INIT: Initialized Traumas subsystem within 0.2 seconds!
[2020-09-24 00:55:44.334] INIT: Initialized Bluespace Locker subsystem within 0.1 seconds!
[2020-09-24 00:55:44.364] INIT: Initialized Pacification Bans subsystem within 0 seconds!
[2020-09-24 00:55:44.364] INIT: Initialized Logging subsystem within 0 seconds!
[2020-09-24 00:55:44.364] INIT: Initialized Recycling subsystem within 0 seconds!
[2020-09-24 00:55:51.234] INIT: Initialized Atmospherics subsystem within 6.9 seconds!
[2020-09-24 00:55:51.234] INIT: Initialized Atmospherics - Turfs subsystem within 0 seconds!
[2020-09-24 00:55:54.289] INIT: Initialized Assets subsystem within 3 seconds!
[2020-09-24 00:56:01.113] INIT: Initialized Icon Smoothing subsystem within 6.8 seconds!
[2020-09-24 00:56:02.619] INIT: Initialized Overlay subsystem within 1.5 seconds!
[2020-09-24 00:56:02.619] INIT: Initialized XKeyScore subsystem within 0 seconds!
[2020-09-24 00:56:02.619] INIT: Initialized Sticky Ban subsystem within 0 seconds!
[2020-09-24 00:56:11.704] INIT: Initialized Lighting subsystem within 9.1 seconds!
[2020-09-24 00:56:15.304] INIT: Initialized Shuttle subsystem within 3.6 seconds!
[2020-09-24 00:56:15.388] INIT: Initialized Minor Mapping subsystem within 0 seconds!
[2020-09-24 00:56:15.390] INIT: Initialized Pathfinder subsystem within 0 seconds!
[2020-09-24 00:56:15.433] INIT: Initialized Persistence subsystem within 0.1 seconds!
[2020-09-24 00:56:15.433] INIT: Initialized Chat subsystem within 0 seconds!
