[2020-08-28 01:31:02.902] Starting up round ID .
 - -------------------------
[2020-08-28 01:31:03.879] INIT: Initialized Profiler subsystem within 0 seconds!
[2020-08-28 01:31:04.029] Fail2Topic: Failed to drop firewall rule. Exit code: 1.
[2020-08-28 01:31:04.030] INIT: Initialized Fail2Topic subsystem within 0.2 seconds!
[2020-08-28 01:31:04.034] INIT: Initialized Title Screen subsystem within 0 seconds!
[2020-08-28 01:31:04.035] INIT: Initialized Database subsystem within 0 seconds!
[2020-08-28 01:31:04.035] INIT: Initialized Blackbox subsystem within 0 seconds!
[2020-08-28 01:31:04.036] INIT: Initialized Server Tasks subsystem within 0 seconds!
[2020-08-28 01:31:04.036] INIT: Initialized Input subsystem within 0 seconds!
[2020-08-28 01:31:04.038] INIT: Initialized Sounds subsystem within 0 seconds!
[2020-08-28 01:31:04.039] INIT: Initialized Vis contents overlays subsystem within 0 seconds!
[2020-08-28 01:31:04.120] INIT: Initialized Research subsystem within 0.1 seconds!
[2020-08-28 01:31:04.123] INIT: Initialized Events subsystem within 0 seconds!
[2020-08-28 01:31:04.127] INIT: Initialized Jobs subsystem within 0 seconds!
[2020-08-28 01:31:04.135] INIT: Initialized Quirks subsystem within 0 seconds!
[2020-08-28 01:31:04.142] INIT: Initialized Ticker subsystem within 0 seconds!
[2020-08-28 01:31:04.156] INIT: Initialized Instruments subsystem within 0 seconds!
[2020-08-28 01:31:20.897] INIT: Initialized Mapping subsystem within 16.7 seconds!
[2020-08-28 01:31:20.898] INIT: Initialized Economy subsystem within 0 seconds!
[2020-08-28 01:31:20.899] INIT: Initialized Networks subsystem within 0 seconds!
[2020-08-28 01:31:20.899] INIT: Initialized Holodeck subsystem within 0 seconds!
[2020-08-28 01:31:55.228] INIT: Initialized Atoms subsystem within 34.3 seconds!
[2020-08-28 01:31:55.244] INIT: Initialized Language subsystem within 0 seconds!
[2020-08-28 01:31:55.402] INIT: Initialized Machines subsystem within 0.2 seconds!
[2020-08-28 01:31:55.440] INIT: Initialized Circuit subsystem within 0 seconds!
[2020-08-28 01:31:56.728] INIT: Initialized Atmos Adjacency subsystem within 1.3 seconds!
[2020-08-28 01:31:56.728] INIT: Initialized Autotransfer Vote subsystem within 0 seconds!
[2020-08-28 01:31:56.728] INIT: Initialized Chemistry subsystem within 0 seconds!
[2020-08-28 01:31:56.728] INIT: Initialized Status Effects subsystem within 0 seconds!
[2020-08-28 01:31:56.730] INIT: Initialized Weather subsystem within 0 seconds!
[2020-08-28 01:31:56.733] INIT: Initialized Disease subsystem within 0 seconds!
[2020-08-28 01:31:56.733] INIT: Initialized Jukeboxes subsystem within 0 seconds!
[2020-08-28 01:31:56.733] INIT: Initialized Medals subsystem within 0 seconds!
[2020-08-28 01:31:57.010] INIT: Initialized Minimaps subsystem within 0.3 seconds!
[2020-08-28 01:31:57.012] INIT: Initialized Night Shift subsystem within 0 seconds!
[2020-08-28 01:31:57.012] INIT: Initialized Parallax subsystem within 0 seconds!
[2020-08-28 01:31:57.012] INIT: Initialized Sun subsystem within 0 seconds!
[2020-08-28 01:31:57.262] INIT: Initialized Traumas subsystem within 0.2 seconds!
[2020-08-28 01:31:57.303] INIT: Initialized Bluespace Locker subsystem within 0.1 seconds!
[2020-08-28 01:31:57.305] INIT: Initialized Pacification Bans subsystem within 0 seconds!
[2020-08-28 01:31:57.306] INIT: Initialized Logging subsystem within 0 seconds!
[2020-08-28 01:31:57.306] INIT: Initialized Recycling subsystem within 0 seconds!
[2020-08-28 01:32:03.790] INIT: Initialized Atmospherics subsystem within 6.4 seconds!
[2020-08-28 01:32:03.790] INIT: Initialized Atmospherics - Turfs subsystem within 0 seconds!
[2020-08-28 01:32:07.640] INIT: Initialized Assets subsystem within 3.9 seconds!
[2020-08-28 01:32:13.995] INIT: Initialized Icon Smoothing subsystem within 6.3 seconds!
[2020-08-28 01:32:15.281] INIT: Initialized Overlay subsystem within 1.2 seconds!
[2020-08-28 01:32:15.282] INIT: Initialized XKeyScore subsystem within 0 seconds!
[2020-08-28 01:32:15.282] INIT: Initialized Sticky Ban subsystem within 0 seconds!
[2020-08-28 01:32:23.983] INIT: Initialized Lighting subsystem within 8.7 seconds!
[2020-08-28 01:32:29.978] INIT: Initialized Shuttle subsystem within 6 seconds!
[2020-08-28 01:32:30.026] INIT: Initialized Minor Mapping subsystem within 0.1 seconds!
[2020-08-28 01:32:30.027] INIT: Initialized Pathfinder subsystem within 0 seconds!
[2020-08-28 01:32:30.064] INIT: Initialized Persistence subsystem within 0 seconds!
[2020-08-28 01:32:30.065] INIT: Initialized Chat subsystem within 0 seconds!
