[2020-09-29 00:52:24.378] Starting up round ID .
 - -------------------------
[2020-09-29 00:52:30.042] INIT: Initialized Profiler subsystem within 0 seconds!
[2020-09-29 00:52:30.242] Fail2Topic: Failed to drop firewall rule. Exit code: 1.
[2020-09-29 00:52:30.244] INIT: Initialized Fail2Topic subsystem within 0.2 seconds!
[2020-09-29 00:52:30.248] INIT: Initialized Title Screen subsystem within 0 seconds!
[2020-09-29 00:52:30.249] INIT: Initialized Database subsystem within 0 seconds!
[2020-09-29 00:52:30.250] INIT: Initialized Blackbox subsystem within 0 seconds!
[2020-09-29 00:52:30.250] INIT: Initialized Server Tasks subsystem within 0 seconds!
[2020-09-29 00:52:30.254] INIT: Initialized Input subsystem within 0 seconds!
[2020-09-29 00:52:30.257] INIT: Initialized Sounds subsystem within 0 seconds!
[2020-09-29 00:52:30.258] INIT: Initialized Vis contents overlays subsystem within 0 seconds!
[2020-09-29 00:52:30.340] INIT: Initialized Research subsystem within 0.1 seconds!
[2020-09-29 00:52:30.343] INIT: Initialized Events subsystem within 0 seconds!
[2020-09-29 00:52:30.349] INIT: Initialized Jobs subsystem within 0 seconds!
[2020-09-29 00:52:30.357] INIT: Initialized Quirks subsystem within 0 seconds!
[2020-09-29 00:52:30.364] INIT: Initialized Ticker subsystem within 0 seconds!
[2020-09-29 00:52:30.384] INIT: Initialized Instruments subsystem within 0 seconds!
[2020-09-29 00:52:48.562] INIT: Initialized Mapping subsystem within 18.2 seconds!
[2020-09-29 00:52:48.589] INIT: Initialized Economy subsystem within 0 seconds!
[2020-09-29 00:52:48.591] INIT: Initialized Networks subsystem within 0 seconds!
[2020-09-29 00:52:48.591] INIT: Initialized Holodeck subsystem within 0 seconds!
[2020-09-29 00:53:25.031] INIT: Initialized Atoms subsystem within 36.4 seconds!
[2020-09-29 00:53:25.062] INIT: Initialized Language subsystem within 0 seconds!
[2020-09-29 00:53:25.227] INIT: Initialized Machines subsystem within 0.2 seconds!
[2020-09-29 00:53:25.291] INIT: Initialized Circuit subsystem within 0 seconds!
[2020-09-29 00:53:26.930] INIT: Initialized Atmos Adjacency subsystem within 1.7 seconds!
[2020-09-29 00:53:26.930] INIT: Initialized Autotransfer Vote subsystem within 0 seconds!
[2020-09-29 00:53:26.930] INIT: Initialized Chemistry subsystem within 0 seconds!
[2020-09-29 00:53:26.931] INIT: Initialized Status Effects subsystem within 0 seconds!
[2020-09-29 00:53:26.932] INIT: Initialized Weather subsystem within 0 seconds!
[2020-09-29 00:53:26.935] INIT: Initialized Disease subsystem within 0 seconds!
[2020-09-29 00:53:26.936] INIT: Initialized Jukeboxes subsystem within 0 seconds!
[2020-09-29 00:53:26.936] INIT: Initialized Medals subsystem within 0 seconds!
[2020-09-29 00:53:27.215] INIT: Initialized Minimaps subsystem within 0.3 seconds!
[2020-09-29 00:53:27.272] INIT: Initialized Night Shift subsystem within 0 seconds!
[2020-09-29 00:53:27.272] INIT: Initialized Parallax subsystem within 0 seconds!
[2020-09-29 00:53:27.272] INIT: Initialized Sun subsystem within 0 seconds!
[2020-09-29 00:53:27.485] INIT: Initialized Traumas subsystem within 0.2 seconds!
[2020-09-29 00:53:27.523] INIT: Initialized Bluespace Locker subsystem within 0.1 seconds!
[2020-09-29 00:53:27.551] INIT: Initialized Pacification Bans subsystem within 0 seconds!
[2020-09-29 00:53:27.551] INIT: Initialized Logging subsystem within 0 seconds!
[2020-09-29 00:53:27.552] INIT: Initialized Recycling subsystem within 0 seconds!
[2020-09-29 00:53:34.749] INIT: Initialized Atmospherics subsystem within 7.2 seconds!
[2020-09-29 00:53:34.749] INIT: Initialized Atmospherics - Turfs subsystem within 0 seconds!
[2020-09-29 00:53:38.373] INIT: Initialized Assets subsystem within 3.6 seconds!
[2020-09-29 00:53:45.306] INIT: Initialized Icon Smoothing subsystem within 6.9 seconds!
[2020-09-29 00:53:46.686] INIT: Initialized Overlay subsystem within 1.3 seconds!
[2020-09-29 00:53:46.686] INIT: Initialized XKeyScore subsystem within 0 seconds!
[2020-09-29 00:53:46.686] INIT: Initialized Sticky Ban subsystem within 0 seconds!
[2020-09-29 00:53:58.847] INIT: Initialized Lighting subsystem within 12.2 seconds!
[2020-09-29 00:54:03.061] INIT: Initialized Shuttle subsystem within 4.2 seconds!
[2020-09-29 00:54:03.107] INIT: Initialized Minor Mapping subsystem within 0.1 seconds!
[2020-09-29 00:54:03.108] INIT: Initialized Pathfinder subsystem within 0 seconds!
[2020-09-29 00:54:03.144] INIT: Initialized Persistence subsystem within 0 seconds!
[2020-09-29 00:54:03.144] INIT: Initialized Chat subsystem within 0 seconds!
