[2020-08-30 16:08:41.124] Starting up round ID .
 - -------------------------
[2020-08-30 16:08:47.690] INIT: Initialized Profiler subsystem within 0 seconds!
[2020-08-30 16:08:47.936] Fail2Topic: Failed to drop firewall rule. Exit code: 1.
[2020-08-30 16:08:47.937] INIT: Initialized Fail2Topic subsystem within 0.3 seconds!
[2020-08-30 16:08:47.939] INIT: Initialized Title Screen subsystem within 0 seconds!
[2020-08-30 16:08:47.940] INIT: Initialized Database subsystem within 0 seconds!
[2020-08-30 16:08:47.940] INIT: Initialized Blackbox subsystem within 0 seconds!
[2020-08-30 16:08:47.940] INIT: Initialized Server Tasks subsystem within 0 seconds!
[2020-08-30 16:08:47.941] INIT: Initialized Input subsystem within 0 seconds!
[2020-08-30 16:08:47.943] INIT: Initialized Sounds subsystem within 0 seconds!
[2020-08-30 16:08:47.943] INIT: Initialized Vis contents overlays subsystem within 0 seconds!
[2020-08-30 16:08:47.997] INIT: Initialized Research subsystem within 0 seconds!
[2020-08-30 16:08:48.000] INIT: Initialized Events subsystem within 0.1 seconds!
[2020-08-30 16:08:48.005] INIT: Initialized Jobs subsystem within 0 seconds!
[2020-08-30 16:08:48.008] INIT: Initialized Quirks subsystem within 0 seconds!
[2020-08-30 16:08:48.016] INIT: Initialized Ticker subsystem within 0 seconds!
[2020-08-30 16:08:48.031] INIT: Initialized Instruments subsystem within 0 seconds!
[2020-08-30 16:09:06.795] INIT: Initialized Mapping subsystem within 18.7 seconds!
[2020-08-30 16:09:06.806] INIT: Initialized Economy subsystem within 0 seconds!
[2020-08-30 16:09:06.807] INIT: Initialized Networks subsystem within 0 seconds!
[2020-08-30 16:09:06.807] INIT: Initialized Holodeck subsystem within 0 seconds!
[2020-08-30 16:09:38.745] INIT: Initialized Atoms subsystem within 31.9 seconds!
[2020-08-30 16:09:38.772] INIT: Initialized Language subsystem within 0 seconds!
[2020-08-30 16:09:39.110] INIT: Initialized Machines subsystem within 0.4 seconds!
[2020-08-30 16:09:39.163] INIT: Initialized Circuit subsystem within 0 seconds!
[2020-08-30 16:09:40.545] INIT: Initialized Atmos Adjacency subsystem within 1.4 seconds!
[2020-08-30 16:09:40.545] INIT: Initialized Autotransfer Vote subsystem within 0 seconds!
[2020-08-30 16:09:40.545] INIT: Initialized Chemistry subsystem within 0 seconds!
[2020-08-30 16:09:40.546] INIT: Initialized Status Effects subsystem within 0 seconds!
[2020-08-30 16:09:40.547] INIT: Initialized Weather subsystem within 0 seconds!
[2020-08-30 16:09:40.550] INIT: Initialized Disease subsystem within 0 seconds!
[2020-08-30 16:09:40.550] INIT: Initialized Jukeboxes subsystem within 0 seconds!
[2020-08-30 16:09:40.550] INIT: Initialized Medals subsystem within 0 seconds!
[2020-08-30 16:09:40.812] INIT: Initialized Minimaps subsystem within 0.3 seconds!
[2020-08-30 16:09:40.865] INIT: Initialized Night Shift subsystem within 0 seconds!
[2020-08-30 16:09:40.865] INIT: Initialized Parallax subsystem within 0 seconds!
[2020-08-30 16:09:40.865] INIT: Initialized Sun subsystem within 0 seconds!
[2020-08-30 16:09:41.086] INIT: Initialized Traumas subsystem within 0.2 seconds!
[2020-08-30 16:09:41.123] INIT: Initialized Bluespace Locker subsystem within 0.1 seconds!
[2020-08-30 16:09:41.151] INIT: Initialized Pacification Bans subsystem within 0 seconds!
[2020-08-30 16:09:41.151] INIT: Initialized Logging subsystem within 0 seconds!
[2020-08-30 16:09:41.151] INIT: Initialized Recycling subsystem within 0 seconds!
[2020-08-30 16:09:47.741] INIT: Initialized Atmospherics subsystem within 6.6 seconds!
[2020-08-30 16:09:47.741] INIT: Initialized Atmospherics - Turfs subsystem within 0 seconds!
[2020-08-30 16:09:50.592] INIT: Initialized Assets subsystem within 2.8 seconds!
[2020-08-30 16:09:57.214] INIT: Initialized Icon Smoothing subsystem within 6.6 seconds!
[2020-08-30 16:09:58.564] INIT: Initialized Overlay subsystem within 1.3 seconds!
[2020-08-30 16:09:58.564] INIT: Initialized XKeyScore subsystem within 0 seconds!
[2020-08-30 16:09:58.564] INIT: Initialized Sticky Ban subsystem within 0 seconds!
[2020-08-30 16:10:07.310] INIT: Initialized Lighting subsystem within 8.8 seconds!
[2020-08-30 16:10:10.774] INIT: Initialized Shuttle subsystem within 3.4 seconds!
[2020-08-30 16:10:10.813] INIT: Initialized Minor Mapping subsystem within 0.1 seconds!
[2020-08-30 16:10:10.814] INIT: Initialized Pathfinder subsystem within 0 seconds!
[2020-08-30 16:10:10.845] INIT: Initialized Persistence subsystem within 0 seconds!
[2020-08-30 16:10:10.845] INIT: Initialized Chat subsystem within 0 seconds!
