[2020-09-18 01:56:09.644] Starting up round ID .
 - -------------------------
[2020-09-18 01:56:16.065] INIT: Initialized Profiler subsystem within 0 seconds!
[2020-09-18 01:56:16.264] Fail2Topic: Failed to drop firewall rule. Exit code: 1.
[2020-09-18 01:56:16.264] INIT: Initialized Fail2Topic subsystem within 0.2 seconds!
[2020-09-18 01:56:16.267] INIT: Initialized Title Screen subsystem within 0 seconds!
[2020-09-18 01:56:16.268] INIT: Initialized Database subsystem within 0 seconds!
[2020-09-18 01:56:16.268] INIT: Initialized Blackbox subsystem within 0 seconds!
[2020-09-18 01:56:16.268] INIT: Initialized Server Tasks subsystem within 0 seconds!
[2020-09-18 01:56:16.269] INIT: Initialized Input subsystem within 0 seconds!
[2020-09-18 01:56:16.274] INIT: Initialized Sounds subsystem within 0 seconds!
[2020-09-18 01:56:16.274] INIT: Initialized Vis contents overlays subsystem within 0 seconds!
[2020-09-18 01:56:16.340] INIT: Initialized Research subsystem within 0.1 seconds!
[2020-09-18 01:56:16.343] INIT: Initialized Events subsystem within 0 seconds!
[2020-09-18 01:56:16.348] INIT: Initialized Jobs subsystem within 0 seconds!
[2020-09-18 01:56:16.353] INIT: Initialized Quirks subsystem within 0 seconds!
[2020-09-18 01:56:16.360] INIT: Initialized Ticker subsystem within 0 seconds!
[2020-09-18 01:56:16.372] INIT: Initialized Instruments subsystem within 0 seconds!
[2020-09-18 01:56:35.002] INIT: Initialized Mapping subsystem within 18.7 seconds!
[2020-09-18 01:56:35.018] INIT: Initialized Economy subsystem within 0 seconds!
[2020-09-18 01:56:35.019] INIT: Initialized Networks subsystem within 0 seconds!
[2020-09-18 01:56:35.019] INIT: Initialized Holodeck subsystem within 0 seconds!
[2020-09-18 01:57:09.596] INIT: Initialized Atoms subsystem within 34.5 seconds!
[2020-09-18 01:57:09.623] INIT: Initialized Language subsystem within 0 seconds!
[2020-09-18 01:57:09.779] INIT: Initialized Machines subsystem within 0.1 seconds!
[2020-09-18 01:57:09.818] INIT: Initialized Circuit subsystem within 0.1 seconds!
[2020-09-18 01:57:11.092] INIT: Initialized Atmos Adjacency subsystem within 1.2 seconds!
[2020-09-18 01:57:11.093] INIT: Initialized Autotransfer Vote subsystem within 0 seconds!
[2020-09-18 01:57:11.093] INIT: Initialized Chemistry subsystem within 0 seconds!
[2020-09-18 01:57:11.093] INIT: Initialized Status Effects subsystem within 0 seconds!
[2020-09-18 01:57:11.094] INIT: Initialized Weather subsystem within 0 seconds!
[2020-09-18 01:57:11.097] INIT: Initialized Disease subsystem within 0 seconds!
[2020-09-18 01:57:11.097] INIT: Initialized Jukeboxes subsystem within 0 seconds!
[2020-09-18 01:57:11.097] INIT: Initialized Medals subsystem within 0 seconds!
[2020-09-18 01:57:11.348] INIT: Initialized Minimaps subsystem within 0.3 seconds!
[2020-09-18 01:57:11.398] INIT: Initialized Night Shift subsystem within 0 seconds!
[2020-09-18 01:57:11.398] INIT: Initialized Parallax subsystem within 0 seconds!
[2020-09-18 01:57:11.398] INIT: Initialized Sun subsystem within 0 seconds!
[2020-09-18 01:57:11.620] INIT: Initialized Traumas subsystem within 0.3 seconds!
[2020-09-18 01:57:11.659] INIT: Initialized Bluespace Locker subsystem within 0 seconds!
[2020-09-18 01:57:11.690] INIT: Initialized Pacification Bans subsystem within 0 seconds!
[2020-09-18 01:57:11.690] INIT: Initialized Logging subsystem within 0 seconds!
[2020-09-18 01:57:11.690] INIT: Initialized Recycling subsystem within 0 seconds!
[2020-09-18 01:57:17.677] INIT: Initialized Atmospherics subsystem within 6 seconds!
[2020-09-18 01:57:17.677] INIT: Initialized Atmospherics - Turfs subsystem within 0 seconds!
[2020-09-18 01:57:20.836] INIT: Initialized Assets subsystem within 3.2 seconds!
[2020-09-18 01:57:27.239] INIT: Initialized Icon Smoothing subsystem within 6.4 seconds!
[2020-09-18 01:57:28.879] INIT: Initialized Overlay subsystem within 1.6 seconds!
[2020-09-18 01:57:28.879] INIT: Initialized XKeyScore subsystem within 0 seconds!
[2020-09-18 01:57:28.880] INIT: Initialized Sticky Ban subsystem within 0 seconds!
[2020-09-18 01:57:37.706] INIT: Initialized Lighting subsystem within 8.9 seconds!
[2020-09-18 01:57:42.489] INIT: Initialized Shuttle subsystem within 4.7 seconds!
[2020-09-18 01:57:42.530] INIT: Initialized Minor Mapping subsystem within 0.1 seconds!
[2020-09-18 01:57:42.531] INIT: Initialized Pathfinder subsystem within 0 seconds!
[2020-09-18 01:57:42.561] INIT: Initialized Persistence subsystem within 0 seconds!
[2020-09-18 01:57:42.561] INIT: Initialized Chat subsystem within 0 seconds!
