[2020-08-28 00:04:24.652] Starting up round ID .
 - -------------------------
[2020-08-28 00:04:30.291] INIT: Initialized Profiler subsystem within 0 seconds!
[2020-08-28 00:04:30.488] Fail2Topic: Failed to drop firewall rule. Exit code: 1.
[2020-08-28 00:04:30.488] INIT: Initialized Fail2Topic subsystem within 0.2 seconds!
[2020-08-28 00:04:30.492] INIT: Initialized Title Screen subsystem within 0 seconds!
[2020-08-28 00:04:30.494] INIT: Initialized Database subsystem within 0 seconds!
[2020-08-28 00:04:30.494] INIT: Initialized Blackbox subsystem within 0 seconds!
[2020-08-28 00:04:30.494] INIT: Initialized Server Tasks subsystem within 0 seconds!
[2020-08-28 00:04:30.496] INIT: Initialized Input subsystem within 0 seconds!
[2020-08-28 00:04:30.498] INIT: Initialized Sounds subsystem within 0 seconds!
[2020-08-28 00:04:30.498] INIT: Initialized Vis contents overlays subsystem within 0 seconds!
[2020-08-28 00:04:30.567] INIT: Initialized Research subsystem within 0.1 seconds!
[2020-08-28 00:04:30.570] INIT: Initialized Events subsystem within 0 seconds!
[2020-08-28 00:04:30.574] INIT: Initialized Jobs subsystem within 0 seconds!
[2020-08-28 00:04:30.581] INIT: Initialized Quirks subsystem within 0 seconds!
[2020-08-28 00:04:30.587] INIT: Initialized Ticker subsystem within 0 seconds!
[2020-08-28 00:04:30.601] INIT: Initialized Instruments subsystem within 0.1 seconds!
[2020-08-28 00:04:48.202] INIT: Initialized Mapping subsystem within 17.6 seconds!
[2020-08-28 00:04:48.217] INIT: Initialized Economy subsystem within 0 seconds!
[2020-08-28 00:04:48.217] INIT: Initialized Networks subsystem within 0 seconds!
[2020-08-28 00:04:48.217] INIT: Initialized Holodeck subsystem within 0 seconds!
[2020-08-28 00:05:19.479] INIT: Initialized Atoms subsystem within 31.2 seconds!
[2020-08-28 00:05:19.511] INIT: Initialized Language subsystem within 0.1 seconds!
[2020-08-28 00:05:19.675] INIT: Initialized Machines subsystem within 0.1 seconds!
[2020-08-28 00:05:19.714] INIT: Initialized Circuit subsystem within 0.1 seconds!
[2020-08-28 00:05:21.214] INIT: Initialized Atmos Adjacency subsystem within 1.5 seconds!
[2020-08-28 00:05:21.214] INIT: Initialized Autotransfer Vote subsystem within 0 seconds!
[2020-08-28 00:05:21.214] INIT: Initialized Chemistry subsystem within 0 seconds!
[2020-08-28 00:05:21.214] INIT: Initialized Status Effects subsystem within 0 seconds!
[2020-08-28 00:05:21.215] INIT: Initialized Weather subsystem within 0 seconds!
[2020-08-28 00:05:21.219] INIT: Initialized Disease subsystem within 0 seconds!
[2020-08-28 00:05:21.219] INIT: Initialized Jukeboxes subsystem within 0 seconds!
[2020-08-28 00:05:21.219] INIT: Initialized Medals subsystem within 0 seconds!
[2020-08-28 00:05:21.482] INIT: Initialized Minimaps subsystem within 0.2 seconds!
[2020-08-28 00:05:21.537] INIT: Initialized Night Shift subsystem within 0 seconds!
[2020-08-28 00:05:21.537] INIT: Initialized Parallax subsystem within 0 seconds!
[2020-08-28 00:05:21.537] INIT: Initialized Sun subsystem within 0 seconds!
[2020-08-28 00:05:21.788] INIT: Initialized Traumas subsystem within 0.2 seconds!
[2020-08-28 00:05:21.863] INIT: Initialized Bluespace Locker subsystem within 0 seconds!
[2020-08-28 00:05:21.863] INIT: Initialized Pacification Bans subsystem within 0 seconds!
[2020-08-28 00:05:21.863] INIT: Initialized Logging subsystem within 0 seconds!
[2020-08-28 00:05:21.863] INIT: Initialized Recycling subsystem within 0 seconds!
[2020-08-28 00:05:29.183] INIT: Initialized Atmospherics subsystem within 7.3 seconds!
[2020-08-28 00:05:29.183] INIT: Initialized Atmospherics - Turfs subsystem within 0 seconds!
[2020-08-28 00:05:33.113] INIT: Initialized Assets subsystem within 4 seconds!
[2020-08-28 00:05:39.478] INIT: Initialized Icon Smoothing subsystem within 6.3 seconds!
[2020-08-28 00:05:40.773] INIT: Initialized Overlay subsystem within 1.3 seconds!
[2020-08-28 00:05:40.773] INIT: Initialized XKeyScore subsystem within 0 seconds!
[2020-08-28 00:05:40.774] INIT: Initialized Sticky Ban subsystem within 0 seconds!
[2020-08-28 00:05:48.484] INIT: Initialized Lighting subsystem within 7.7 seconds!
[2020-08-28 00:05:53.115] INIT: Initialized Shuttle subsystem within 4.7 seconds!
[2020-08-28 00:05:53.156] INIT: Initialized Minor Mapping subsystem within 0 seconds!
[2020-08-28 00:05:53.157] INIT: Initialized Pathfinder subsystem within 0 seconds!
[2020-08-28 00:05:53.188] INIT: Initialized Persistence subsystem within 0 seconds!
[2020-08-28 00:05:53.188] INIT: Initialized Chat subsystem within 0 seconds!
