[2020-09-17 13:38:54.380] Starting up round ID .
 - -------------------------
[2020-09-17 13:39:00.461] INIT: Initialized Profiler subsystem within 0 seconds!
[2020-09-17 13:39:00.660] Fail2Topic: Failed to drop firewall rule. Exit code: 1.
[2020-09-17 13:39:00.660] INIT: Initialized Fail2Topic subsystem within 0.2 seconds!
[2020-09-17 13:39:00.663] INIT: Initialized Title Screen subsystem within 0 seconds!
[2020-09-17 13:39:00.664] INIT: Initialized Database subsystem within 0 seconds!
[2020-09-17 13:39:00.664] INIT: Initialized Blackbox subsystem within 0 seconds!
[2020-09-17 13:39:00.665] INIT: Initialized Server Tasks subsystem within 0 seconds!
[2020-09-17 13:39:00.667] INIT: Initialized Input subsystem within 0 seconds!
[2020-09-17 13:39:00.673] INIT: Initialized Sounds subsystem within 0 seconds!
[2020-09-17 13:39:00.674] INIT: Initialized Vis contents overlays subsystem within 0 seconds!
[2020-09-17 13:39:00.779] INIT: Initialized Research subsystem within 0.1 seconds!
[2020-09-17 13:39:00.785] INIT: Initialized Events subsystem within 0 seconds!
[2020-09-17 13:39:00.797] INIT: Initialized Jobs subsystem within 0 seconds!
[2020-09-17 13:39:00.805] INIT: Initialized Quirks subsystem within 0.1 seconds!
[2020-09-17 13:39:00.813] INIT: Initialized Ticker subsystem within 0 seconds!
[2020-09-17 13:39:00.841] INIT: Initialized Instruments subsystem within 0 seconds!
[2020-09-17 13:39:21.258] INIT: Initialized Mapping subsystem within 20.4 seconds!
[2020-09-17 13:39:21.269] INIT: Initialized Economy subsystem within 0 seconds!
[2020-09-17 13:39:21.270] INIT: Initialized Networks subsystem within 0 seconds!
[2020-09-17 13:39:21.270] INIT: Initialized Holodeck subsystem within 0 seconds!
