[2020-09-09 01:23:00.946] Starting up round ID .
 - -------------------------
[2020-09-09 01:23:07.386] INIT: Initialized Profiler subsystem within 0 seconds!
[2020-09-09 01:23:07.787] Fail2Topic: Failed to drop firewall rule. Exit code: 1.
[2020-09-09 01:23:07.787] INIT: Initialized Fail2Topic subsystem within 0.4 seconds!
[2020-09-09 01:23:07.791] INIT: Initialized Title Screen subsystem within 0 seconds!
[2020-09-09 01:23:07.792] INIT: Initialized Database subsystem within 0 seconds!
[2020-09-09 01:23:07.792] INIT: Initialized Blackbox subsystem within 0 seconds!
[2020-09-09 01:23:07.792] INIT: Initialized Server Tasks subsystem within 0 seconds!
[2020-09-09 01:23:07.793] INIT: Initialized Input subsystem within 0 seconds!
[2020-09-09 01:23:07.795] INIT: Initialized Sounds subsystem within 0 seconds!
[2020-09-09 01:23:07.795] INIT: Initialized Vis contents overlays subsystem within 0 seconds!
[2020-09-09 01:23:07.861] INIT: Initialized Research subsystem within 0.1 seconds!
[2020-09-09 01:23:07.867] INIT: Initialized Events subsystem within 0 seconds!
[2020-09-09 01:23:07.874] INIT: Initialized Jobs subsystem within 0 seconds!
[2020-09-09 01:23:07.882] INIT: Initialized Quirks subsystem within 0 seconds!
[2020-09-09 01:23:07.905] INIT: Initialized Ticker subsystem within 0.1 seconds!
[2020-09-09 01:23:07.922] INIT: Initialized Instruments subsystem within 0 seconds!
[2020-09-09 01:23:29.553] INIT: Initialized Mapping subsystem within 21.6 seconds!
[2020-09-09 01:23:29.568] INIT: Initialized Economy subsystem within 0 seconds!
[2020-09-09 01:23:29.570] INIT: Initialized Networks subsystem within 0 seconds!
[2020-09-09 01:23:29.570] INIT: Initialized Holodeck subsystem within 0 seconds!
[2020-09-09 01:24:03.965] INIT: Initialized Atoms subsystem within 34.4 seconds!
[2020-09-09 01:24:03.994] INIT: Initialized Language subsystem within 0 seconds!
[2020-09-09 01:24:04.141] INIT: Initialized Machines subsystem within 0.2 seconds!
[2020-09-09 01:24:04.194] INIT: Initialized Circuit subsystem within 0 seconds!
[2020-09-09 01:24:05.587] INIT: Initialized Atmos Adjacency subsystem within 1.4 seconds!
[2020-09-09 01:24:05.588] INIT: Initialized Autotransfer Vote subsystem within 0 seconds!
[2020-09-09 01:24:05.588] INIT: Initialized Chemistry subsystem within 0 seconds!
[2020-09-09 01:24:05.588] INIT: Initialized Status Effects subsystem within 0 seconds!
[2020-09-09 01:24:05.590] INIT: Initialized Weather subsystem within 0 seconds!
[2020-09-09 01:24:05.593] INIT: Initialized Disease subsystem within 0 seconds!
[2020-09-09 01:24:05.593] INIT: Initialized Jukeboxes subsystem within 0 seconds!
[2020-09-09 01:24:05.593] INIT: Initialized Medals subsystem within 0 seconds!
[2020-09-09 01:24:05.855] INIT: Initialized Minimaps subsystem within 0.3 seconds!
[2020-09-09 01:24:05.919] INIT: Initialized Night Shift subsystem within 0 seconds!
[2020-09-09 01:24:05.919] INIT: Initialized Parallax subsystem within 0 seconds!
[2020-09-09 01:24:05.919] INIT: Initialized Sun subsystem within 0 seconds!
[2020-09-09 01:24:06.157] INIT: Initialized Traumas subsystem within 0.2 seconds!
[2020-09-09 01:24:06.199] INIT: Initialized Bluespace Locker subsystem within 0 seconds!
[2020-09-09 01:24:06.235] INIT: Initialized Pacification Bans subsystem within 0 seconds!
[2020-09-09 01:24:06.235] INIT: Initialized Logging subsystem within 0 seconds!
[2020-09-09 01:24:06.235] INIT: Initialized Recycling subsystem within 0 seconds!
[2020-09-09 01:24:12.782] INIT: Initialized Atmospherics subsystem within 6.5 seconds!
[2020-09-09 01:24:12.782] INIT: Initialized Atmospherics - Turfs subsystem within 0 seconds!
[2020-09-09 01:24:16.161] INIT: Initialized Assets subsystem within 3.4 seconds!
[2020-09-09 01:24:22.571] INIT: Initialized Icon Smoothing subsystem within 6.4 seconds!
[2020-09-09 01:24:23.766] INIT: Initialized Overlay subsystem within 1.2 seconds!
[2020-09-09 01:24:23.766] INIT: Initialized XKeyScore subsystem within 0 seconds!
[2020-09-09 01:24:23.766] INIT: Initialized Sticky Ban subsystem within 0 seconds!
[2020-09-09 01:24:31.504] INIT: Initialized Lighting subsystem within 7.8 seconds!
[2020-09-09 01:24:36.369] INIT: Initialized Shuttle subsystem within 4.8 seconds!
[2020-09-09 01:24:36.411] INIT: Initialized Minor Mapping subsystem within 0.1 seconds!
[2020-09-09 01:24:36.412] INIT: Initialized Pathfinder subsystem within 0 seconds!
[2020-09-09 01:24:36.447] INIT: Initialized Persistence subsystem within 0 seconds!
[2020-09-09 01:24:36.447] INIT: Initialized Chat subsystem within 0 seconds!
