[2020-09-03 13:19:40.607] Starting up round ID .
 - -------------------------
[2020-09-03 13:19:46.423] INIT: Initialized Profiler subsystem within 0 seconds!
[2020-09-03 13:19:46.623] Fail2Topic: Failed to drop firewall rule. Exit code: 1.
[2020-09-03 13:19:46.624] INIT: Initialized Fail2Topic subsystem within 0.2 seconds!
[2020-09-03 13:19:46.626] INIT: Initialized Title Screen subsystem within 0 seconds!
[2020-09-03 13:19:46.626] INIT: Initialized Database subsystem within 0 seconds!
[2020-09-03 13:19:46.627] INIT: Initialized Blackbox subsystem within 0 seconds!
[2020-09-03 13:19:46.627] INIT: Initialized Server Tasks subsystem within 0 seconds!
[2020-09-03 13:19:46.628] INIT: Initialized Input subsystem within 0 seconds!
[2020-09-03 13:19:46.629] INIT: Initialized Sounds subsystem within 0 seconds!
[2020-09-03 13:19:46.629] INIT: Initialized Vis contents overlays subsystem within 0 seconds!
[2020-09-03 13:19:46.689] INIT: Initialized Research subsystem within 0 seconds!
[2020-09-03 13:19:46.692] INIT: Initialized Events subsystem within 0 seconds!
[2020-09-03 13:19:46.697] INIT: Initialized Jobs subsystem within 0 seconds!
[2020-09-03 13:19:46.703] INIT: Initialized Quirks subsystem within 0.1 seconds!
[2020-09-03 13:19:46.709] INIT: Initialized Ticker subsystem within 0 seconds!
[2020-09-03 13:19:46.722] INIT: Initialized Instruments subsystem within 0 seconds!
[2020-09-03 13:20:04.500] INIT: Initialized Mapping subsystem within 17.7 seconds!
[2020-09-03 13:20:04.515] INIT: Initialized Economy subsystem within 0 seconds!
[2020-09-03 13:20:04.516] INIT: Initialized Networks subsystem within 0 seconds!
[2020-09-03 13:20:04.517] INIT: Initialized Holodeck subsystem within 0 seconds!
[2020-09-03 13:20:37.276] INIT: Initialized Atoms subsystem within 32.7 seconds!
[2020-09-03 13:20:37.305] INIT: Initialized Language subsystem within 0.1 seconds!
[2020-09-03 13:20:37.632] INIT: Initialized Machines subsystem within 0.3 seconds!
[2020-09-03 13:20:37.685] INIT: Initialized Circuit subsystem within 0 seconds!
[2020-09-03 13:20:38.988] INIT: Initialized Atmos Adjacency subsystem within 1.3 seconds!
[2020-09-03 13:20:38.988] INIT: Initialized Autotransfer Vote subsystem within 0 seconds!
[2020-09-03 13:20:38.988] INIT: Initialized Chemistry subsystem within 0 seconds!
[2020-09-03 13:20:38.988] INIT: Initialized Status Effects subsystem within 0 seconds!
[2020-09-03 13:20:38.989] INIT: Initialized Weather subsystem within 0 seconds!
[2020-09-03 13:20:38.993] INIT: Initialized Disease subsystem within 0 seconds!
[2020-09-03 13:20:38.993] INIT: Initialized Jukeboxes subsystem within 0 seconds!
[2020-09-03 13:20:38.993] INIT: Initialized Medals subsystem within 0 seconds!
[2020-09-03 13:20:39.236] INIT: Initialized Minimaps subsystem within 0.3 seconds!
[2020-09-03 13:20:39.285] INIT: Initialized Night Shift subsystem within 0 seconds!
[2020-09-03 13:20:39.285] INIT: Initialized Parallax subsystem within 0 seconds!
[2020-09-03 13:20:39.285] INIT: Initialized Sun subsystem within 0 seconds!
[2020-09-03 13:20:39.513] INIT: Initialized Traumas subsystem within 0.3 seconds!
[2020-09-03 13:20:39.551] INIT: Initialized Bluespace Locker subsystem within 0 seconds!
[2020-09-03 13:20:39.579] INIT: Initialized Pacification Bans subsystem within 0 seconds!
[2020-09-03 13:20:39.579] INIT: Initialized Logging subsystem within 0 seconds!
[2020-09-03 13:20:39.579] INIT: Initialized Recycling subsystem within 0 seconds!
[2020-09-03 13:20:46.300] INIT: Initialized Atmospherics subsystem within 6.7 seconds!
[2020-09-03 13:20:46.300] INIT: Initialized Atmospherics - Turfs subsystem within 0 seconds!
[2020-09-03 13:20:49.732] INIT: Initialized Assets subsystem within 3.4 seconds!
[2020-09-03 13:20:55.961] INIT: Initialized Icon Smoothing subsystem within 6.2 seconds!
[2020-09-03 13:20:57.196] INIT: Initialized Overlay subsystem within 1.2 seconds!
[2020-09-03 13:20:57.196] INIT: Initialized XKeyScore subsystem within 0 seconds!
[2020-09-03 13:20:57.197] INIT: Initialized Sticky Ban subsystem within 0 seconds!
[2020-09-03 13:21:04.949] INIT: Initialized Lighting subsystem within 7.8 seconds!
[2020-09-03 13:21:08.527] INIT: Initialized Shuttle subsystem within 3.6 seconds!
[2020-09-03 13:21:08.564] INIT: Initialized Minor Mapping subsystem within 0 seconds!
[2020-09-03 13:21:08.565] INIT: Initialized Pathfinder subsystem within 0 seconds!
[2020-09-03 13:21:08.594] INIT: Initialized Persistence subsystem within 0 seconds!
[2020-09-03 13:21:08.594] INIT: Initialized Chat subsystem within 0 seconds!
