[2020-09-17 19:25:36.057] Starting up round ID .
 - -------------------------
[2020-09-17 19:25:42.957] INIT: Initialized Profiler subsystem within 0 seconds!
[2020-09-17 19:25:43.206] Fail2Topic: Failed to drop firewall rule. Exit code: 1.
[2020-09-17 19:25:43.206] INIT: Initialized Fail2Topic subsystem within 0.3 seconds!
[2020-09-17 19:25:43.209] INIT: Initialized Title Screen subsystem within 0 seconds!
[2020-09-17 19:25:43.209] INIT: Initialized Database subsystem within 0 seconds!
[2020-09-17 19:25:43.210] INIT: Initialized Blackbox subsystem within 0 seconds!
[2020-09-17 19:25:43.210] INIT: Initialized Server Tasks subsystem within 0 seconds!
[2020-09-17 19:25:43.211] INIT: Initialized Input subsystem within 0 seconds!
[2020-09-17 19:25:43.213] INIT: Initialized Sounds subsystem within 0 seconds!
[2020-09-17 19:25:43.213] INIT: Initialized Vis contents overlays subsystem within 0 seconds!
[2020-09-17 19:25:43.326] INIT: Initialized Research subsystem within 0.1 seconds!
[2020-09-17 19:25:43.332] INIT: Initialized Events subsystem within 0 seconds!
[2020-09-17 19:25:43.339] INIT: Initialized Jobs subsystem within 0 seconds!
[2020-09-17 19:25:43.347] INIT: Initialized Quirks subsystem within 0 seconds!
[2020-09-17 19:25:43.354] INIT: Initialized Ticker subsystem within 0 seconds!
[2020-09-17 19:25:43.371] INIT: Initialized Instruments subsystem within 0 seconds!
[2020-09-17 19:26:02.164] INIT: Initialized Mapping subsystem within 18.8 seconds!
[2020-09-17 19:26:02.178] INIT: Initialized Economy subsystem within 0 seconds!
[2020-09-17 19:26:02.179] INIT: Initialized Networks subsystem within 0 seconds!
[2020-09-17 19:26:02.179] INIT: Initialized Holodeck subsystem within 0 seconds!
[2020-09-17 19:26:38.813] INIT: Initialized Atoms subsystem within 36.6 seconds!
[2020-09-17 19:26:38.845] INIT: Initialized Language subsystem within 0 seconds!
[2020-09-17 19:26:39.021] INIT: Initialized Machines subsystem within 0.2 seconds!
[2020-09-17 19:26:39.062] INIT: Initialized Circuit subsystem within 0 seconds!
[2020-09-17 19:26:40.522] INIT: Initialized Atmos Adjacency subsystem within 1.5 seconds!
[2020-09-17 19:26:40.522] INIT: Initialized Autotransfer Vote subsystem within 0 seconds!
[2020-09-17 19:26:40.522] INIT: Initialized Chemistry subsystem within 0 seconds!
[2020-09-17 19:26:40.522] INIT: Initialized Status Effects subsystem within 0 seconds!
[2020-09-17 19:26:40.524] INIT: Initialized Weather subsystem within 0 seconds!
[2020-09-17 19:26:40.528] INIT: Initialized Disease subsystem within 0 seconds!
[2020-09-17 19:26:40.528] INIT: Initialized Jukeboxes subsystem within 0 seconds!
[2020-09-17 19:26:40.528] INIT: Initialized Medals subsystem within 0 seconds!
[2020-09-17 19:26:40.822] INIT: Initialized Minimaps subsystem within 0.3 seconds!
[2020-09-17 19:26:40.883] INIT: Initialized Night Shift subsystem within 0 seconds!
[2020-09-17 19:26:40.883] INIT: Initialized Parallax subsystem within 0 seconds!
[2020-09-17 19:26:40.883] INIT: Initialized Sun subsystem within 0 seconds!
[2020-09-17 19:26:41.137] INIT: Initialized Traumas subsystem within 0.3 seconds!
[2020-09-17 19:26:41.214] INIT: Initialized Bluespace Locker subsystem within 0.1 seconds!
[2020-09-17 19:26:41.215] INIT: Initialized Pacification Bans subsystem within 0 seconds!
[2020-09-17 19:26:41.215] INIT: Initialized Logging subsystem within 0 seconds!
[2020-09-17 19:26:41.215] INIT: Initialized Recycling subsystem within 0 seconds!
[2020-09-17 19:26:48.528] INIT: Initialized Atmospherics subsystem within 7.3 seconds!
[2020-09-17 19:26:48.528] INIT: Initialized Atmospherics - Turfs subsystem within 0 seconds!
[2020-09-17 19:26:52.361] INIT: Initialized Assets subsystem within 3.8 seconds!
[2020-09-17 19:26:59.604] INIT: Initialized Icon Smoothing subsystem within 7.3 seconds!
[2020-09-17 19:27:00.976] INIT: Initialized Overlay subsystem within 1.3 seconds!
[2020-09-17 19:27:00.977] INIT: Initialized XKeyScore subsystem within 0 seconds!
[2020-09-17 19:27:00.977] INIT: Initialized Sticky Ban subsystem within 0 seconds!
[2020-09-17 19:27:09.867] INIT: Initialized Lighting subsystem within 8.9 seconds!
[2020-09-17 19:27:14.090] INIT: Initialized Shuttle subsystem within 4.2 seconds!
[2020-09-17 19:27:14.129] INIT: Initialized Minor Mapping subsystem within 0.1 seconds!
[2020-09-17 19:27:14.130] INIT: Initialized Pathfinder subsystem within 0 seconds!
[2020-09-17 19:27:14.161] INIT: Initialized Persistence subsystem within 0 seconds!
[2020-09-17 19:27:14.161] INIT: Initialized Chat subsystem within 0 seconds!
