[2020-08-26 13:43:47.133] Logs from logging subsystem:
 - (2020-08-26 10:42:57) ASSET: Sending asset common.css to client Bob Joga
 - (2020-08-26 10:42:57) ASSET: Sending asset jquery.min.js to client Bob Joga
 - (2020-08-26 10:42:57) ASSET: Sending asset json2.min.js to client Bob Joga
 - (2020-08-26 10:42:57) ASSET: Sending asset browserOutput.js to client Bob Joga
 - (2020-08-26 10:42:57) ASSET: Sending asset browserOutput.css to client Bob Joga
 - (2020-08-26 10:42:57) ASSET: Sending asset browserOutput_dark.css to client Bob Joga
 - (2020-08-26 10:42:57) ASSET: Sending asset browserOutput_light.css to client Bob Joga
 - (2020-08-26 10:42:57) ASSET: Sending asset spritesheet_chat.css to client Bob Joga
 - (2020-08-26 10:42:57) ASSET: Sending asset chat_16x16.png to client Bob Joga
 - (2020-08-26 10:42:57) ASSET: Sending asset fa-regular-400.eot to client Bob Joga
 - (2020-08-26 10:42:57) ASSET: Sending asset fa-regular-400.woff to client Bob Joga
 - (2020-08-26 10:42:57) ASSET: Sending asset fa-solid-900.eot to client Bob Joga
 - (2020-08-26 10:42:57) ASSET: Sending asset fa-solid-900.woff to client Bob Joga
 - (2020-08-26 10:42:57) ASSET: Sending asset font-awesome.css to client Bob Joga
 - (2020-08-26 10:42:57) ASSET: Sending asset v4shim.css to client Bob Joga
 - (2020-08-26 10:43:45) ASSET: Sending asset spritesheet_paper.css to client Bob Joga
 - (2020-08-26 10:43:45) ASSET: Sending asset paper_121x54.png to client Bob Joga
 - (2020-08-26 10:43:45) ASSET: Sending asset spritesheet_pills.css to client Bob Joga
 - (2020-08-26 10:43:46) ASSET: Sending asset pills_22x10.png to client Bob Joga
 - (2020-08-26 10:43:46) ASSET: Sending asset pills_14x14.png to client Bob Joga
 - (2020-08-26 10:43:46) ASSET: Sending asset minimap-97159b3d6ebbc566467deb09664d0cd5.png to client Bob Joga
[2020-08-26 13:53:47.945] Logs from logging subsystem:
 - (2020-08-26 10:43:47) ASSET: Sending asset minimap-97159b3d6ebbc566467deb09664d0cd5-meta.png to client Bob Joga
 - (2020-08-26 10:43:47) ASSET: Sending asset tgui.css to client Bob Joga
 - (2020-08-26 10:43:47) ASSET: Sending asset tgui.js to client Bob Joga
 - (2020-08-26 10:43:47) ASSET: Sending asset tgui-main.html to client Bob Joga
 - (2020-08-26 10:43:47) ASSET: Sending asset tgui.bundle.js to client Bob Joga
 - (2020-08-26 10:43:47) ASSET: Sending asset tgui.bundle.css to client Bob Joga
 - (2020-08-26 10:43:47) ASSET: Sending asset asset.676ecb861f1f1a89d6b76887eb22ca0f.png to client Bob Joga
 - (2020-08-26 10:43:48) ASSET: Sending asset tgui-fallback.html to client Bob Joga
 - (2020-08-26 10:43:48) ASSET: Sending asset shim-html5shiv.js to client Bob Joga
 - (2020-08-26 10:43:48) ASSET: Sending asset shim-ie8.js to client Bob Joga
 - (2020-08-26 10:43:48) ASSET: Sending asset shim-dom4.js to client Bob Joga
 - (2020-08-26 10:43:48) ASSET: Sending asset shim-css-om.js to client Bob Joga
 - (2020-08-26 10:43:48) ASSET: Sending asset alarm_green.gif to client Bob Joga
 - (2020-08-26 10:43:48) ASSET: Sending asset alarm_red.gif to client Bob Joga
 - (2020-08-26 10:43:48) ASSET: Sending asset batt_5.gif to client Bob Joga
 - (2020-08-26 10:43:48) ASSET: Sending asset batt_20.gif to client Bob Joga
 - (2020-08-26 10:43:48) ASSET: Sending asset batt_40.gif to client Bob Joga
 - (2020-08-26 10:43:48) ASSET: Sending asset batt_60.gif to client Bob Joga
 - (2020-08-26 10:43:48) ASSET: Sending asset batt_80.gif to client Bob Joga
 - (2020-08-26 10:43:49) ASSET: Sending asset batt_100.gif to client Bob Joga
 - (2020-08-26 10:43:49) ASSET: Sending asset charging.gif to client Bob Joga
 - (2020-08-26 10:43:49) ASSET: Sending asset downloader_finished.gif to client Bob Joga
 - (2020-08-26 10:43:49) ASSET: Sending asset downloader_running.gif to client Bob Joga
 - (2020-08-26 10:43:49) ASSET: Sending asset ntnrc_idle.gif to client Bob Joga
 - (2020-08-26 10:43:49) ASSET: Sending asset ntnrc_new.gif to client Bob Joga
 - (2020-08-26 10:43:49) ASSET: Sending asset power_norm.gif to client Bob Joga
 - (2020-08-26 10:43:49) ASSET: Sending asset power_warn.gif to client Bob Joga
 - (2020-08-26 10:43:49) ASSET: Sending asset sig_high.gif to client Bob Joga
 - (2020-08-26 10:43:49) ASSET: Sending asset sig_low.gif to client Bob Joga
 - (2020-08-26 10:43:49) ASSET: Sending asset sig_lan.gif to client Bob Joga
 - (2020-08-26 10:43:49) ASSET: Sending asset sig_none.gif to client Bob Joga
 - (2020-08-26 10:43:50) ASSET: Sending asset smmon_0.gif to client Bob Joga
 - (2020-08-26 10:43:50) ASSET: Sending asset smmon_1.gif to client Bob Joga
 - (2020-08-26 10:43:50) ASSET: Sending asset smmon_2.gif to client Bob Joga
 - (2020-08-26 10:43:50) ASSET: Sending asset smmon_3.gif to client Bob Joga
 - (2020-08-26 10:43:50) ASSET: Sending asset smmon_4.gif to client Bob Joga
 - (2020-08-26 10:43:50) ASSET: Sending asset smmon_5.gif to client Bob Joga
 - (2020-08-26 10:43:50) ASSET: Sending asset smmon_6.gif to client Bob Joga
 - (2020-08-26 10:43:50) ASSET: Sending asset jquery-ui.custom-core-widgit-mouse-sortable-min.js to client Bob Joga
 - (2020-08-26 10:43:50) ASSET: Sending asset 88x31.png to client Bob Joga
 - (2020-08-26 10:43:50) ASSET: Sending asset bug-minus.png to client Bob Joga
 - (2020-08-26 10:43:50) ASSET: Sending asset cross-circle.png to client Bob Joga
 - (2020-08-26 10:43:50) ASSET: Sending asset hard-hat-exclamation.png to client Bob Joga
 - (2020-08-26 10:43:51) ASSET: Sending asset image-minus.png to client Bob Joga
 - (2020-08-26 10:43:51) ASSET: Sending asset image-plus.png to client Bob Joga
 - (2020-08-26 10:43:51) ASSET: Sending asset music-minus.png to client Bob Joga
 - (2020-08-26 10:43:51) ASSET: Sending asset music-plus.png to client Bob Joga
 - (2020-08-26 10:43:51) ASSET: Sending asset tick-circle.png to client Bob Joga
 - (2020-08-26 10:43:51) ASSET: Sending asset wrench-screwdriver.png to client Bob Joga
 - (2020-08-26 10:43:51) ASSET: Sending asset spell-check.png to client Bob Joga
 - (2020-08-26 10:43:51) ASSET: Sending asset burn-exclamation.png to client Bob Joga
 - (2020-08-26 10:43:51) ASSET: Sending asset chevron.png to client Bob Joga
 - (2020-08-26 10:43:51) ASSET: Sending asset chevron-expand.png to client Bob Joga
 - (2020-08-26 10:43:52) ASSET: Sending asset scales.png to client Bob Joga
 - (2020-08-26 10:43:52) ASSET: Sending asset coding.png to client Bob Joga
 - (2020-08-26 10:43:52) ASSET: Sending asset ban.png to client Bob Joga
 - (2020-08-26 10:43:52) ASSET: Sending asset chrome-wrench.png to client Bob Joga
 - (2020-08-26 10:43:52) ASSET: Sending asset changelog.css to client Bob Joga
 - (2020-08-26 10:43:52) ASSET: Sending asset padlock.png to client Bob Joga
 - (2020-08-26 10:43:52) ASSET: Sending asset high_button.png to client Bob Joga
 - (2020-08-26 10:43:52) ASSET: Sending asset medium_button.png to client Bob Joga
 - (2020-08-26 10:43:52) ASSET: Sending asset minor_button.png to client Bob Joga
 - (2020-08-26 10:43:52) ASSET: Sending asset none_button.png to client Bob Joga
 - (2020-08-26 10:43:52) ASSET: Sending asset dna_discovered.gif to client Bob Joga
 - (2020-08-26 10:43:52) ASSET: Sending asset dna_undiscovered.gif to client Bob Joga
 - (2020-08-26 10:43:53) ASSET: Sending asset dna_extra.gif to client Bob Joga
 - (2020-08-26 10:43:53) ASSET: Sending asset view_variables.css to client Bob Joga
 - (2020-08-26 10:43:53) ASSET: Sending asset sui-nano-common.js to client Bob Joga
 - (2020-08-26 10:43:53) ASSET: Sending asset sui-nano-common.css to client Bob Joga
 - (2020-08-26 10:43:53) ASSET: Sending asset tetris_0.gif to client Bob Joga
 - (2020-08-26 10:43:53) ASSET: Sending asset tetris_1.gif to client Bob Joga
 - (2020-08-26 10:43:53) ASSET: Sending asset tetris_2.gif to client Bob Joga
 - (2020-08-26 10:43:53) ASSET: Sending asset tetris_3.gif to client Bob Joga
 - (2020-08-26 10:43:53) ASSET: Sending asset tetris_4.gif to client Bob Joga
 - (2020-08-26 10:43:53) ASSET: Sending asset tetris_5.gif to client Bob Joga
 - (2020-08-26 10:43:53) ASSET: Sending asset tetris_6.gif to client Bob Joga
 - (2020-08-26 10:43:53) ASSET: Sending asset tetris_7.gif to client Bob Joga
 - (2020-08-26 10:43:54) ASSET: Sending asset tetrisp0.gif to client Bob Joga
 - (2020-08-26 10:43:54) ASSET: Sending asset tetrisp1.gif to client Bob Joga
 - (2020-08-26 10:43:54) ASSET: Sending asset tetrisp2.gif to client Bob Joga
 - (2020-08-26 10:43:54) ASSET: Sending asset tetrisp3.gif to client Bob Joga
 - (2020-08-26 10:43:54) ASSET: Sending asset tetrisp4.gif to client Bob Joga
 - (2020-08-26 10:43:54) ASSET: Sending asset tetrisp5.gif to client Bob Joga
 - (2020-08-26 10:43:54) ASSET: Sending asset tetrisp6.gif to client Bob Joga
 - (2020-08-26 10:43:54) ASSET: Sending asset tetrisp7.gif to client Bob Joga
 - (2020-08-26 10:43:54) ASSET: Sending asset tetris.js to client Bob Joga
 - (2020-08-26 10:43:54) ASSET: Sending asset tetris2.js to client Bob Joga
 - (2020-08-26 10:43:54) ASSET: Sending asset spritesheet_pda.css to client Bob Joga
 - (2020-08-26 10:43:54) ASSET: Sending asset pda_16x16.png to client Bob Joga
 - (2020-08-26 10:43:55) ASSET: Sending asset spritesheet_minesweeper.css to client Bob Joga
 - (2020-08-26 10:43:55) ASSET: Sending asset minesweeper_16x16.png to client Bob Joga
 - (2020-08-26 10:43:55) ASSET: Sending asset spritesheet_pipes.css to client Bob Joga
 - (2020-08-26 10:43:55) ASSET: Sending asset pipes_32x32.png to client Bob Joga
 - (2020-08-26 10:43:55) ASSET: Sending asset spritesheet_design.css to client Bob Joga
 - (2020-08-26 10:43:55) ASSET: Sending asset design_32x32.png to client Bob Joga
 - (2020-08-26 10:43:55) ASSET: Sending asset design_32x64.png to client Bob Joga
 - (2020-08-26 10:43:55) ASSET: Sending asset design_64x32.png to client Bob Joga
 - (2020-08-26 10:43:55) ASSET: Sending asset spritesheet_vending.css to client Bob Joga
 - (2020-08-26 10:43:55) ASSET: Sending asset vending_32x32.png to client Bob Joga
 - (2020-08-26 10:45:20) ASSET: Sending asset asset.377db86f8b41710850ebff390f9b4878.png to client Bob Joga
 - (2020-08-26 10:45:20) ASSET: Sending asset asset.f17a6bcef655c04b3227b1a818b98121.png to client Bob Joga
 - (2020-08-26 10:45:20) ASSET: Sending asset asset.fc34614e0d20fa7f2887319c1e7df4fc.png to client Bob Joga
 - (2020-08-26 10:45:20) ASSET: Sending asset asset.24a63c087dc14823c095c6c831f9c39c.png to client Bob Joga
 - (2020-08-26 10:45:20) ASSET: Sending asset asset.446fe3d860138c2606ff48237ccf7924.png to client Bob Joga
 - (2020-08-26 10:45:20) ASSET: Sending asset asset.a8bd70851212b3f360b9d9a180919b1a.png to client Bob Joga
 - (2020-08-26 10:45:20) ASSET: Sending asset asset.2fe93e95268f3ff6bc61084feab080d2.png to client Bob Joga
 - (2020-08-26 10:46:00) ASSET: WARNING: dupe asset added to the asset cache: asset.377db86f8b41710850ebff390f9b4878.png existing asset md5: 377db86f8b41710850ebff390f9b4878 new asset md5:377db86f8b41710850ebff390f9b4878
 - gib stack trace()
 - register asset("asset.377db86f8b41710850ebff39...", /icon (/icon))
 - icon2html(the bartender\'s uniform (/obj/item/clothing/under/rank/civilian/bartender), Cockmistress (/mob/living/carbon/human), "barman", 2, 1, 0)
 - the bartender\'s uniform (/obj/item/clothing/under/rank/civilian/bartender): get examine string(Cockmistress (/mob/living/carbon/human), 0)
 - Cockmistress (/mob/living/carbon/human): examine(Cockmistress (/mob/living/carbon/human))
 - Cockmistress (/mob/living/carbon/human): Examine(Cockmistress (/mob/living/carbon/human))
 - Cockmistress (/mob/living/carbon/human): ShiftClick(Cockmistress (/mob/living/carbon/human))
 - Cockmistress (/mob/living/carbon/human): ShiftClickOn(Cockmistress (/mob/living/carbon/human))
 - Cockmistress (/mob/living/carbon/human): ClickOn(Cockmistress (/mob/living/carbon/human), "icon-x=18;icon-y=26;left=1;shi...")
 - Cockmistress (/mob/living/carbon/human): Click(the floor (141,139,2) (/turf/open/floor/wood), "mapwindow.map", "icon-x=18;icon-y=26;left=1;shi...", 0)
 - Bob Joga (/client): Click(Cockmistress (/mob/living/carbon/human), the floor (141,139,2) (/turf/open/floor/wood), "mapwindow.map", "icon-x=18;icon-y=26;left=1;shi...", 0)
 - 
 - (2020-08-26 10:46:00) ASSET: WARNING: dupe asset added to the asset cache: asset.f17a6bcef655c04b3227b1a818b98121.png existing asset md5: f17a6bcef655c04b3227b1a818b98121 new asset md5:f17a6bcef655c04b3227b1a818b98121
 - gib stack trace()
 - register asset("asset.f17a6bcef655c04b3227b1a8...", /icon (/icon))
 - icon2html(the armor vest (/obj/item/clothing/suit/armor/vest), Cockmistress (/mob/living/carbon/human), "armoralt", 2, 1, 0)
 - the armor vest (/obj/item/clothing/suit/armor/vest): get examine string(Cockmistress (/mob/living/carbon/human), 0)
 - Cockmistress (/mob/living/carbon/human): examine(Cockmistress (/mob/living/carbon/human))
 - Cockmistress (/mob/living/carbon/human): Examine(Cockmistress (/mob/living/carbon/human))
 - Cockmistress (/mob/living/carbon/human): ShiftClick(Cockmistress (/mob/living/carbon/human))
 - Cockmistress (/mob/living/carbon/human): ShiftClickOn(Cockmistress (/mob/living/carbon/human))
 - Cockmistress (/mob/living/carbon/human): ClickOn(Cockmistress (/mob/living/carbon/human), "icon-x=18;icon-y=26;left=1;shi...")
 - Cockmistress (/mob/living/carbon/human): Click(the floor (141,139,2) (/turf/open/floor/wood), "mapwindow.map", "icon-x=18;icon-y=26;left=1;shi...", 0)
 - Bob Joga (/client): Click(Cockmistress (/mob/living/carbon/human), the floor (141,139,2) (/turf/open/floor/wood), "mapwindow.map", "icon-x=18;icon-y=26;left=1;shi...", 0)
 - 
 - (2020-08-26 10:46:00) ASSET: WARNING: dupe asset added to the asset cache: asset.fc34614e0d20fa7f2887319c1e7df4fc.png existing asset md5: fc34614e0d20fa7f2887319c1e7df4fc new asset md5:fc34614e0d20fa7f2887319c1e7df4fc
 - gib stack trace()
 - register asset("asset.fc34614e0d20fa7f2887319c...", /icon (/icon))
 - icon2html(the backpack (/obj/item/storage/backpack), Cockmistress (/mob/living/carbon/human), "backpack", 2, 1, 0)
 - the backpack (/obj/item/storage/backpack): get examine string(Cockmistress (/mob/living/carbon/human), 0)
 - Cockmistress (/mob/living/carbon/human): examine(Cockmistress (/mob/living/carbon/human))
 - Cockmistress (/mob/living/carbon/human): Examine(Cockmistress (/mob/living/carbon/human))
 - Cockmistress (/mob/living/carbon/human): ShiftClick(Cockmistress (/mob/living/carbon/human))
 - Cockmistress (/mob/living/carbon/human): ShiftClickOn(Cockmistress (/mob/living/carbon/human))
 - Cockmistress (/mob/living/carbon/human): ClickOn(Cockmistress (/mob/living/carbon/human), "icon-x=18;icon-y=26;left=1;shi...")
 - Cockmistress (/mob/living/carbon/human): Click(the floor (141,139,2) (/turf/open/floor/wood), "mapwindow.map", "icon-x=18;icon-y=26;left=1;shi...", 0)
 - Bob Joga (/client): Click(Cockmistress (/mob/living/carbon/human), the floor (141,139,2) (/turf/open/floor/wood), "mapwindow.map", "icon-x=18;icon-y=26;left=1;shi...", 0)
 - 
 - (2020-08-26 10:46:00) ASSET: WARNING: dupe asset added to the asset cache: asset.24a63c087dc14823c095c6c831f9c39c.png existing asset md5: 24a63c087dc14823c095c6c831f9c39c new asset md5:24a63c087dc14823c095c6c831f9c39c
 - gib stack trace()
 - register asset("asset.24a63c087dc14823c095c6c8...", /icon (/icon))
 - icon2html(the laceup shoes (/obj/item/clothing/shoes/laceup), Cockmistress (/mob/living/carbon/human), "laceups", 2, 1, 0)
 - the laceup shoes (/obj/item/clothing/shoes/laceup): get examine string(Cockmistress (/mob/living/carbon/human), 0)
 - Cockmistress (/mob/living/carbon/human): examine(Cockmistress (/mob/living/carbon/human))
 - Cockmistress (/mob/living/carbon/human): Examine(Cockmistress (/mob/living/carbon/human))
 - Cockmistress (/mob/living/carbon/human): ShiftClick(Cockmistress (/mob/living/carbon/human))
 - Cockmistress (/mob/living/carbon/human): ShiftClickOn(Cockmistress (/mob/living/carbon/human))
 - Cockmistress (/mob/living/carbon/human): ClickOn(Cockmistress (/mob/living/carbon/human), "icon-x=18;icon-y=26;left=1;shi...")
 - Cockmistress (/mob/living/carbon/human): Click(the floor (141,139,2) (/turf/open/floor/wood), "mapwindow.map", "icon-x=18;icon-y=26;left=1;shi...", 0)
 - Bob Joga (/client): Click(Cockmistress (/mob/living/carbon/human), the floor (141,139,2) (/turf/open/floor/wood), "mapwindow.map", "icon-x=18;icon-y=26;left=1;shi...", 0)
 - 
 - (2020-08-26 10:46:00) ASSET: WARNING: dupe asset added to the asset cache: asset.446fe3d860138c2606ff48237ccf7924.png existing asset md5: 446fe3d860138c2606ff48237ccf7924 new asset md5:446fe3d860138c2606ff48237ccf7924
 - gib stack trace()
 - register asset("asset.446fe3d860138c2606ff4823...", /icon (/icon))
 - icon2html(the beer goggles (/obj/item/clothing/glasses/sunglasses/reagent), Cockmistress (/mob/living/carbon/human), "sun", 2, 1, 0)
 - the beer goggles (/obj/item/clothing/glasses/sunglasses/reagent): get examine string(Cockmistress (/mob/living/carbon/human), 0)
 - Cockmistress (/mob/living/carbon/human): examine(Cockmistress (/mob/living/carbon/human))
 - Cockmistress (/mob/living/carbon/human): Examine(Cockmistress (/mob/living/carbon/human))
 - Cockmistress (/mob/living/carbon/human): ShiftClick(Cockmistress (/mob/living/carbon/human))
 - Cockmistress (/mob/living/carbon/human): ShiftClickOn(Cockmistress (/mob/living/carbon/human))
 - Cockmistress (/mob/living/carbon/human): ClickOn(Cockmistress (/mob/living/carbon/human), "icon-x=18;icon-y=26;left=1;shi...")
 - Cockmistress (/mob/living/carbon/human): Click(the floor (141,139,2) (/turf/open/floor/wood), "mapwindow.map", "icon-x=18;icon-y=26;left=1;shi...", 0)
 - Bob Joga (/client): Click(Cockmistress (/mob/living/carbon/human), the floor (141,139,2) (/turf/open/floor/wood), "mapwindow.map", "icon-x=18;icon-y=26;left=1;shi...", 0)
 - 
 - (2020-08-26 10:46:00) ASSET: WARNING: dupe asset added to the asset cache: asset.a8bd70851212b3f360b9d9a180919b1a.png existing asset md5: a8bd70851212b3f360b9d9a180919b1a new asset md5:a8bd70851212b3f360b9d9a180919b1a
 - gib stack trace()
 - register asset("asset.a8bd70851212b3f360b9d9a1...", /icon (/icon))
 - icon2html(the service radio headset (/obj/item/radio/headset/headset_srv), Cockmistress (/mob/living/carbon/human), "srv_headset", 2, 1, 0)
 - the service radio headset (/obj/item/radio/headset/headset_srv): get examine string(Cockmistress (/mob/living/carbon/human), 0)
 - Cockmistress (/mob/living/carbon/human): examine(Cockmistress (/mob/living/carbon/human))
 - Cockmistress (/mob/living/carbon/human): Examine(Cockmistress (/mob/living/carbon/human))
 - Cockmistress (/mob/living/carbon/human): ShiftClick(Cockmistress (/mob/living/carbon/human))
 - Cockmistress (/mob/living/carbon/human): ShiftClickOn(Cockmistress (/mob/living/carbon/human))
 - Cockmistress (/mob/living/carbon/human): ClickOn(Cockmistress (/mob/living/carbon/human), "icon-x=18;icon-y=26;left=1;shi...")
 - Cockmistress (/mob/living/carbon/human): Click(the floor (141,139,2) (/turf/open/floor/wood), "mapwindow.map", "icon-x=18;icon-y=26;left=1;shi...", 0)
 - Bob Joga (/client): Click(Cockmistress (/mob/living/carbon/human), the floor (141,139,2) (/turf/open/floor/wood), "mapwindow.map", "icon-x=18;icon-y=26;left=1;shi...", 0)
 - 
 - (2020-08-26 10:46:00) ASSET: WARNING: dupe asset added to the asset cache: asset.2fe93e95268f3ff6bc61084feab080d2.png existing asset md5: 2fe93e95268f3ff6bc61084feab080d2 new asset md5:2fe93e95268f3ff6bc61084feab080d2
 - gib stack trace()
 - register asset("asset.2fe93e95268f3ff6bc61084f...", /icon (/icon))
 - icon2html(PDA-Cockmistress (Bartender) (/obj/item/pda/bar), Cockmistress (/mob/living/carbon/human), "pda-bartender", 2, 1, 0)
 - PDA-Cockmistress (Bartender) (/obj/item/pda/bar): get examine string(Cockmistress (/mob/living/carbon/human), 0)
 - Cockmistress (/mob/living/carbon/human): examine(Cockmistress (/mob/living/carbon/human))
 - Cockmistress (/mob/living/carbon/human): Examine(Cockmistress (/mob/living/carbon/human))
 - Cockmistress (/mob/living/carbon/human): ShiftClick(Cockmistress (/mob/living/carbon/human))
 - Cockmistress (/mob/living/carbon/human): ShiftClickOn(Cockmistress (/mob/living/carbon/human))
 - Cockmistress (/mob/living/carbon/human): ClickOn(Cockmistress (/mob/living/carbon/human), "icon-x=18;icon-y=26;left=1;shi...")
 - Cockmistress (/mob/living/carbon/human): Click(the floor (141,139,2) (/turf/open/floor/wood), "mapwindow.map", "icon-x=18;icon-y=26;left=1;shi...", 0)
 - Bob Joga (/client): Click(Cockmistress (/mob/living/carbon/human), the floor (141,139,2) (/turf/open/floor/wood), "mapwindow.map", "icon-x=18;icon-y=26;left=1;shi...", 0)
 - 
 - (2020-08-26 10:46:18) ASSET: WARNING: dupe asset added to the asset cache: asset.377db86f8b41710850ebff390f9b4878.png existing asset md5: 377db86f8b41710850ebff390f9b4878 new asset md5:377db86f8b41710850ebff390f9b4878
 - gib stack trace()
 - register asset("asset.377db86f8b41710850ebff39...", /icon (/icon))
 - icon2html(the bartender\'s uniform (/obj/item/clothing/under/rank/civilian/bartender), Cockmistress (/mob/living/carbon/human), "barman", 2, 1, 0)
 - the bartender\'s uniform (/obj/item/clothing/under/rank/civilian/bartender): get examine string(Cockmistress (/mob/living/carbon/human), 0)
 - Cockmistress (/mob/living/carbon/human): examine(Cockmistress (/mob/living/carbon/human))
 - Cockmistress (/mob/living/carbon/human): Examine(Cockmistress (/mob/living/carbon/human))
 - Cockmistress (/mob/living/carbon/human): ShiftClick(Cockmistress (/mob/living/carbon/human))
 - Cockmistress (/mob/living/carbon/human): ShiftClickOn(Cockmistress (/mob/living/carbon/human))
 - Cockmistress (/mob/living/carbon/human): ClickOn(Cockmistress (/mob/living/carbon/human), "icon-x=16;icon-y=10;left=1;shi...")
 - Cockmistress (/mob/living/carbon/human): Click(the floor (141,140,2) (/turf/open/floor/wood), "mapwindow.map", "icon-x=16;icon-y=10;left=1;shi...", 0)
 - Bob Joga (/client): Click(Cockmistress (/mob/living/carbon/human), the floor (141,140,2) (/turf/open/floor/wood), "mapwindow.map", "icon-x=16;icon-y=10;left=1;shi...", 0)
 - 
 - (2020-08-26 10:46:18) ASSET: WARNING: dupe asset added to the asset cache: asset.f17a6bcef655c04b3227b1a818b98121.png existing asset md5: f17a6bcef655c04b3227b1a818b98121 new asset md5:f17a6bcef655c04b3227b1a818b98121
 - gib stack trace()
 - register asset("asset.f17a6bcef655c04b3227b1a8...", /icon (/icon))
 - icon2html(the armor vest (/obj/item/clothing/suit/armor/vest), Cockmistress (/mob/living/carbon/human), "armoralt", 2, 1, 0)
 - the armor vest (/obj/item/clothing/suit/armor/vest): get examine string(Cockmistress (/mob/living/carbon/human), 0)
 - Cockmistress (/mob/living/carbon/human): examine(Cockmistress (/mob/living/carbon/human))
 - Cockmistress (/mob/living/carbon/human): Examine(Cockmistress (/mob/living/carbon/human))
 - Cockmistress (/mob/living/carbon/human): ShiftClick(Cockmistress (/mob/living/carbon/human))
 - Cockmistress (/mob/living/carbon/human): ShiftClickOn(Cockmistress (/mob/living/carbon/human))
 - Cockmistress (/mob/living/carbon/human): ClickOn(Cockmistress (/mob/living/carbon/human), "icon-x=16;icon-y=10;left=1;shi...")
 - Cockmistress (/mob/living/carbon/human): Click(the floor (141,140,2) (/turf/open/floor/wood), "mapwindow.map", "icon-x=16;icon-y=10;left=1;shi...", 0)
 - Bob Joga (/client): Click(Cockmistress (/mob/living/carbon/human), the floor (141,140,2) (/turf/open/floor/wood), "mapwindow.map", "icon-x=16;icon-y=10;left=1;shi...", 0)
 - 
 - (2020-08-26 10:46:18) ASSET: WARNING: dupe asset added to the asset cache: asset.fc34614e0d20fa7f2887319c1e7df4fc.png existing asset md5: fc34614e0d20fa7f2887319c1e7df4fc new asset md5:fc34614e0d20fa7f2887319c1e7df4fc
 - gib stack trace()
 - register asset("asset.fc34614e0d20fa7f2887319c...", /icon (/icon))
 - icon2html(the backpack (/obj/item/storage/backpack), Cockmistress (/mob/living/carbon/human), "backpack", 2, 1, 0)
 - the backpack (/obj/item/storage/backpack): get examine string(Cockmistress (/mob/living/carbon/human), 0)
 - Cockmistress (/mob/living/carbon/human): examine(Cockmistress (/mob/living/carbon/human))
 - Cockmistress (/mob/living/carbon/human): Examine(Cockmistress (/mob/living/carbon/human))
 - Cockmistress (/mob/living/carbon/human): ShiftClick(Cockmistress (/mob/living/carbon/human))
 - Cockmistress (/mob/living/carbon/human): ShiftClickOn(Cockmistress (/mob/living/carbon/human))
 - Cockmistress (/mob/living/carbon/human): ClickOn(Cockmistress (/mob/living/carbon/human), "icon-x=16;icon-y=10;left=1;shi...")
 - Cockmistress (/mob/living/carbon/human): Click(the floor (141,140,2) (/turf/open/floor/wood), "mapwindow.map", "icon-x=16;icon-y=10;left=1;shi...", 0)
 - Bob Joga (/client): Click(Cockmistress (/mob/living/carbon/human), the floor (141,140,2) (/turf/open/floor/wood), "mapwindow.map", "icon-x=16;icon-y=10;left=1;shi...", 0)
 - 
 - (2020-08-26 10:46:19) ASSET: WARNING: dupe asset added to the asset cache: asset.24a63c087dc14823c095c6c831f9c39c.png existing asset md5: 24a63c087dc14823c095c6c831f9c39c new asset md5:24a63c087dc14823c095c6c831f9c39c
 - gib stack trace()
 - register asset("asset.24a63c087dc14823c095c6c8...", /icon (/icon))
 - icon2html(the laceup shoes (/obj/item/clothing/shoes/laceup), Cockmistress (/mob/living/carbon/human), "laceups", 2, 1, 0)
 - the laceup shoes (/obj/item/clothing/shoes/laceup): get examine string(Cockmistress (/mob/living/carbon/human), 0)
 - Cockmistress (/mob/living/carbon/human): examine(Cockmistress (/mob/living/carbon/human))
 - Cockmistress (/mob/living/carbon/human): Examine(Cockmistress (/mob/living/carbon/human))
 - Cockmistress (/mob/living/carbon/human): ShiftClick(Cockmistress (/mob/living/carbon/human))
 - Cockmistress (/mob/living/carbon/human): ShiftClickOn(Cockmistress (/mob/living/carbon/human))
 - Cockmistress (/mob/living/carbon/human): ClickOn(Cockmistress (/mob/living/carbon/human), "icon-x=16;icon-y=10;left=1;shi...")
 - Cockmistress (/mob/living/carbon/human): Click(the floor (141,140,2) (/turf/open/floor/wood), "mapwindow.map", "icon-x=16;icon-y=10;left=1;shi...", 0)
 - Bob Joga (/client): Click(Cockmistress (/mob/living/carbon/human), the floor (141,140,2) (/turf/open/floor/wood), "mapwindow.map", "icon-x=16;icon-y=10;left=1;shi...", 0)
 - 
 - (2020-08-26 10:46:19) ASSET: WARNING: dupe asset added to the asset cache: asset.446fe3d860138c2606ff48237ccf7924.png existing asset md5: 446fe3d860138c2606ff48237ccf7924 new asset md5:446fe3d860138c2606ff48237ccf7924
 - gib stack trace()
 - register asset("asset.446fe3d860138c2606ff4823...", /icon (/icon))
 - icon2html(the beer goggles (/obj/item/clothing/glasses/sunglasses/reagent), Cockmistress (/mob/living/carbon/human), "sun", 2, 1, 0)
 - the beer goggles (/obj/item/clothing/glasses/sunglasses/reagent): get examine string(Cockmistress (/mob/living/carbon/human), 0)
 - Cockmistress (/mob/living/carbon/human): examine(Cockmistress (/mob/living/carbon/human))
 - Cockmistress (/mob/living/carbon/human): Examine(Cockmistress (/mob/living/carbon/human))
 - Cockmistress (/mob/living/carbon/human): ShiftClick(Cockmistress (/mob/living/carbon/human))
 - Cockmistress (/mob/living/carbon/human): ShiftClickOn(Cockmistress (/mob/living/carbon/human))
 - Cockmistress (/mob/living/carbon/human): ClickOn(Cockmistress (/mob/living/carbon/human), "icon-x=16;icon-y=10;left=1;shi...")
 - Cockmistress (/mob/living/carbon/human): Click(the floor (141,140,2) (/turf/open/floor/wood), "mapwindow.map", "icon-x=16;icon-y=10;left=1;shi...", 0)
 - Bob Joga (/client): Click(Cockmistress (/mob/living/carbon/human), the floor (141,140,2) (/turf/open/floor/wood), "mapwindow.map", "icon-x=16;icon-y=10;left=1;shi...", 0)
 - 
 - (2020-08-26 10:46:19) ASSET: WARNING: dupe asset added to the asset cache: asset.a8bd70851212b3f360b9d9a180919b1a.png existing asset md5: a8bd70851212b3f360b9d9a180919b1a new asset md5:a8bd70851212b3f360b9d9a180919b1a
 - gib stack trace()
 - register asset("asset.a8bd70851212b3f360b9d9a1...", /icon (/icon))
 - icon2html(the service radio headset (/obj/item/radio/headset/headset_srv), Cockmistress (/mob/living/carbon/human), "srv_headset", 2, 1, 0)
 - the service radio headset (/obj/item/radio/headset/headset_srv): get examine string(Cockmistress (/mob/living/carbon/human), 0)
 - Cockmistress (/mob/living/carbon/human): examine(Cockmistress (/mob/living/carbon/human))
 - Cockmistress (/mob/living/carbon/human): Examine(Cockmistress (/mob/living/carbon/human))
 - Cockmistress (/mob/living/carbon/human): ShiftClick(Cockmistress (/mob/living/carbon/human))
 - Cockmistress (/mob/living/carbon/human): ShiftClickOn(Cockmistress (/mob/living/carbon/human))
 - Cockmistress (/mob/living/carbon/human): ClickOn(Cockmistress (/mob/living/carbon/human), "icon-x=16;icon-y=10;left=1;shi...")
 - Cockmistress (/mob/living/carbon/human): Click(the floor (141,140,2) (/turf/open/floor/wood), "mapwindow.map", "icon-x=16;icon-y=10;left=1;shi...", 0)
 - Bob Joga (/client): Click(Cockmistress (/mob/living/carbon/human), the floor (141,140,2) (/turf/open/floor/wood), "mapwindow.map", "icon-x=16;icon-y=10;left=1;shi...", 0)
 - 
 - (2020-08-26 10:46:19) ASSET: WARNING: dupe asset added to the asset cache: asset.2fe93e95268f3ff6bc61084feab080d2.png existing asset md5: 2fe93e95268f3ff6bc61084feab080d2 new asset md5:2fe93e95268f3ff6bc61084feab080d2
 - gib stack trace()
 - register asset("asset.2fe93e95268f3ff6bc61084f...", /icon (/icon))
 - icon2html(PDA-Cockmistress (Bartender) (/obj/item/pda/bar), Cockmistress (/mob/living/carbon/human), "pda-bartender", 2, 1, 0)
 - PDA-Cockmistress (Bartender) (/obj/item/pda/bar): get examine string(Cockmistress (/mob/living/carbon/human), 0)
 - Cockmistress (/mob/living/carbon/human): examine(Cockmistress (/mob/living/carbon/human))
 - Cockmistress (/mob/living/carbon/human): Examine(Cockmistress (/mob/living/carbon/human))
 - Cockmistress (/mob/living/carbon/human): ShiftClick(Cockmistress (/mob/living/carbon/human))
 - Cockmistress (/mob/living/carbon/human): ShiftClickOn(Cockmistress (/mob/living/carbon/human))
 - Cockmistress (/mob/living/carbon/human): ClickOn(Cockmistress (/mob/living/carbon/human), "icon-x=16;icon-y=10;left=1;shi...")
 - Cockmistress (/mob/living/carbon/human): Click(the floor (141,140,2) (/turf/open/floor/wood), "mapwindow.map", "icon-x=16;icon-y=10;left=1;shi...", 0)
 - Bob Joga (/client): Click(Cockmistress (/mob/living/carbon/human), the floor (141,140,2) (/turf/open/floor/wood), "mapwindow.map", "icon-x=16;icon-y=10;left=1;shi...", 0)
 - 
 - (2020-08-26 10:47:10) ASSET: WARNING: dupe asset added to the asset cache: asset.377db86f8b41710850ebff390f9b4878.png existing asset md5: 377db86f8b41710850ebff390f9b4878 new asset md5:377db86f8b41710850ebff390f9b4878
 - gib stack trace()
 - register asset("asset.377db86f8b41710850ebff39...", /icon (/icon))
 - icon2html(the bartender\'s uniform (/obj/item/clothing/under/rank/civilian/bartender), Cockmistress (/mob/living/carbon/human), "barman", 2, 1, 0)
 - the bartender\'s uniform (/obj/item/clothing/under/rank/civilian/bartender): get examine string(Cockmistress (/mob/living/carbon/human), 0)
 - Cockmistress (/mob/living/carbon/human): examine(Cockmistress (/mob/living/carbon/human))
 - Cockmistress (/mob/living/carbon/human): Examine(Cockmistress (/mob/living/carbon/human))
 - Cockmistress (/mob/living/carbon/human): ShiftClick(Cockmistress (/mob/living/carbon/human))
 - Cockmistress (/mob/living/carbon/human): ShiftClickOn(Cockmistress (/mob/living/carbon/human))
 - Cockmistress (/mob/living/carbon/human): ClickOn(Cockmistress (/mob/living/carbon/human), "icon-x=15;icon-y=18;left=1;shi...")
 - Cockmistress (/mob/living/carbon/human): Click(the floor (140,130,2) (/turf/open/floor/plasteel), "mapwindow.map", "icon-x=15;icon-y=18;left=1;shi...", 0)
 - Bob Joga (/client): Click(Cockmistress (/mob/living/carbon/human), the floor (140,130,2) (/turf/open/floor/plasteel), "mapwindow.map", "icon-x=15;icon-y=18;left=1;shi...", 0)
 - 
 - (2020-08-26 10:47:10) ASSET: WARNING: dupe asset added to the asset cache: asset.f17a6bcef655c04b3227b1a818b98121.png existing asset md5: f17a6bcef655c04b3227b1a818b98121 new asset md5:f17a6bcef655c04b3227b1a818b98121
 - gib stack trace()
 - register asset("asset.f17a6bcef655c04b3227b1a8...", /icon (/icon))
 - icon2html(the armor vest (/obj/item/clothing/suit/armor/vest), Cockmistress (/mob/living/carbon/human), "armoralt", 2, 1, 0)
 - the armor vest (/obj/item/clothing/suit/armor/vest): get examine string(Cockmistress (/mob/living/carbon/human), 0)
 - Cockmistress (/mob/living/carbon/human): examine(Cockmistress (/mob/living/carbon/human))
 - Cockmistress (/mob/living/carbon/human): Examine(Cockmistress (/mob/living/carbon/human))
 - Cockmistress (/mob/living/carbon/human): ShiftClick(Cockmistress (/mob/living/carbon/human))
 - Cockmistress (/mob/living/carbon/human): ShiftClickOn(Cockmistress (/mob/living/carbon/human))
 - Cockmistress (/mob/living/carbon/human): ClickOn(Cockmistress (/mob/living/carbon/human), "icon-x=15;icon-y=18;left=1;shi...")
 - Cockmistress (/mob/living/carbon/human): Click(the floor (140,130,2) (/turf/open/floor/plasteel), "mapwindow.map", "icon-x=15;icon-y=18;left=1;shi...", 0)
 - Bob Joga (/client): Click(Cockmistress (/mob/living/carbon/human), the floor (140,130,2) (/turf/open/floor/plasteel), "mapwindow.map", "icon-x=15;icon-y=18;left=1;shi...", 0)
 - 
 - (2020-08-26 10:47:10) ASSET: WARNING: dupe asset added to the asset cache: asset.fc34614e0d20fa7f2887319c1e7df4fc.png existing asset md5: fc34614e0d20fa7f2887319c1e7df4fc new asset md5:fc34614e0d20fa7f2887319c1e7df4fc
 - gib stack trace()
 - register asset("asset.fc34614e0d20fa7f2887319c...", /icon (/icon))
 - icon2html(the backpack (/obj/item/storage/backpack), Cockmistress (/mob/living/carbon/human), "backpack", 2, 1, 0)
 - the backpack (/obj/item/storage/backpack): get examine string(Cockmistress (/mob/living/carbon/human), 0)
 - Cockmistress (/mob/living/carbon/human): examine(Cockmistress (/mob/living/carbon/human))
 - Cockmistress (/mob/living/carbon/human): Examine(Cockmistress (/mob/living/carbon/human))
 - Cockmistress (/mob/living/carbon/human): ShiftClick(Cockmistress (/mob/living/carbon/human))
 - Cockmistress (/mob/living/carbon/human): ShiftClickOn(Cockmistress (/mob/living/carbon/human))
 - Cockmistress (/mob/living/carbon/human): ClickOn(Cockmistress (/mob/living/carbon/human), "icon-x=15;icon-y=18;left=1;shi...")
 - Cockmistress (/mob/living/carbon/human): Click(the floor (140,130,2) (/turf/open/floor/plasteel), "mapwindow.map", "icon-x=15;icon-y=18;left=1;shi...", 0)
 - Bob Joga (/client): Click(Cockmistress (/mob/living/carbon/human), the floor (140,130,2) (/turf/open/floor/plasteel), "mapwindow.map", "icon-x=15;icon-y=18;left=1;shi...", 0)
 - 
 - (2020-08-26 10:47:11) ASSET: WARNING: dupe asset added to the asset cache: asset.24a63c087dc14823c095c6c831f9c39c.png existing asset md5: 24a63c087dc14823c095c6c831f9c39c new asset md5:24a63c087dc14823c095c6c831f9c39c
 - gib stack trace()
 - register asset("asset.24a63c087dc14823c095c6c8...", /icon (/icon))
 - icon2html(the laceup shoes (/obj/item/clothing/shoes/laceup), Cockmistress (/mob/living/carbon/human), "laceups", 2, 1, 0)
 - the laceup shoes (/obj/item/clothing/shoes/laceup): get examine string(Cockmistress (/mob/living/carbon/human), 0)
 - Cockmistress (/mob/living/carbon/human): examine(Cockmistress (/mob/living/carbon/human))
 - Cockmistress (/mob/living/carbon/human): Examine(Cockmistress (/mob/living/carbon/human))
 - Cockmistress (/mob/living/carbon/human): ShiftClick(Cockmistress (/mob/living/carbon/human))
 - Cockmistress (/mob/living/carbon/human): ShiftClickOn(Cockmistress (/mob/living/carbon/human))
 - Cockmistress (/mob/living/carbon/human): ClickOn(Cockmistress (/mob/living/carbon/human), "icon-x=15;icon-y=18;left=1;shi...")
 - Cockmistress (/mob/living/carbon/human): Click(the floor (140,130,2) (/turf/open/floor/plasteel), "mapwindow.map", "icon-x=15;icon-y=18;left=1;shi...", 0)
 - Bob Joga (/client): Click(Cockmistress (/mob/living/carbon/human), the floor (140,130,2) (/turf/open/floor/plasteel), "mapwindow.map", "icon-x=15;icon-y=18;left=1;shi...", 0)
 - 
 - (2020-08-26 10:47:11) ASSET: WARNING: dupe asset added to the asset cache: asset.446fe3d860138c2606ff48237ccf7924.png existing asset md5: 446fe3d860138c2606ff48237ccf7924 new asset md5:446fe3d860138c2606ff48237ccf7924
 - gib stack trace()
 - register asset("asset.446fe3d860138c2606ff4823...", /icon (/icon))
 - icon2html(the beer goggles (/obj/item/clothing/glasses/sunglasses/reagent), Cockmistress (/mob/living/carbon/human), "sun", 2, 1, 0)
 - the beer goggles (/obj/item/clothing/glasses/sunglasses/reagent): get examine string(Cockmistress (/mob/living/carbon/human), 0)
 - Cockmistress (/mob/living/carbon/human): examine(Cockmistress (/mob/living/carbon/human))
 - Cockmistress (/mob/living/carbon/human): Examine(Cockmistress (/mob/living/carbon/human))
 - Cockmistress (/mob/living/carbon/human): ShiftClick(Cockmistress (/mob/living/carbon/human))
 - Cockmistress (/mob/living/carbon/human): ShiftClickOn(Cockmistress (/mob/living/carbon/human))
 - Cockmistress (/mob/living/carbon/human): ClickOn(Cockmistress (/mob/living/carbon/human), "icon-x=15;icon-y=18;left=1;shi...")
 - Cockmistress (/mob/living/carbon/human): Click(the floor (140,130,2) (/turf/open/floor/plasteel), "mapwindow.map", "icon-x=15;icon-y=18;left=1;shi...", 0)
 - Bob Joga (/client): Click(Cockmistress (/mob/living/carbon/human), the floor (140,130,2) (/turf/open/floor/plasteel), "mapwindow.map", "icon-x=15;icon-y=18;left=1;shi...", 0)
 - 
 - (2020-08-26 10:47:11) ASSET: WARNING: dupe asset added to the asset cache: asset.a8bd70851212b3f360b9d9a180919b1a.png existing asset md5: a8bd70851212b3f360b9d9a180919b1a new asset md5:a8bd70851212b3f360b9d9a180919b1a
 - 
 - (2020-08-26 10:47:11) ASSET: WARNING: dupe asset added to the asset cache: asset.2fe93e95268f3ff6bc61084feab080d2.png existing asset md5: 2fe93e95268f3ff6bc61084feab080d2 new asset md5:2fe93e95268f3ff6bc61084feab080d2
 - 
 - (2020-08-26 10:47:13) ASSET: WARNING: dupe asset added to the asset cache: asset.377db86f8b41710850ebff390f9b4878.png existing asset md5: 377db86f8b41710850ebff390f9b4878 new asset md5:377db86f8b41710850ebff390f9b4878
 - 
 - (2020-08-26 10:47:13) ASSET: WARNING: dupe asset added to the asset cache: asset.f17a6bcef655c04b3227b1a818b98121.png existing asset md5: f17a6bcef655c04b3227b1a818b98121 new asset md5:f17a6bcef655c04b3227b1a818b98121
 - 
 - (2020-08-26 10:47:13) ASSET: WARNING: dupe asset added to the asset cache: asset.fc34614e0d20fa7f2887319c1e7df4fc.png existing asset md5: fc34614e0d20fa7f2887319c1e7df4fc new asset md5:fc34614e0d20fa7f2887319c1e7df4fc
 - 
 - (2020-08-26 10:47:13) ASSET: WARNING: dupe asset added to the asset cache: asset.24a63c087dc14823c095c6c831f9c39c.png existing asset md5: 24a63c087dc14823c095c6c831f9c39c new asset md5:24a63c087dc14823c095c6c831f9c39c
 - 
 - (2020-08-26 10:47:13) ASSET: WARNING: dupe asset added to the asset cache: asset.446fe3d860138c2606ff48237ccf7924.png existing asset md5: 446fe3d860138c2606ff48237ccf7924 new asset md5:446fe3d860138c2606ff48237ccf7924
 - 
 - (2020-08-26 10:47:13) ASSET: WARNING: dupe asset added to the asset cache: asset.a8bd70851212b3f360b9d9a180919b1a.png existing asset md5: a8bd70851212b3f360b9d9a180919b1a new asset md5:a8bd70851212b3f360b9d9a180919b1a
 - 
 - (2020-08-26 10:47:13) ASSET: WARNING: dupe asset added to the asset cache: asset.2fe93e95268f3ff6bc61084feab080d2.png existing asset md5: 2fe93e95268f3ff6bc61084feab080d2 new asset md5:2fe93e95268f3ff6bc61084feab080d2
 - 
 - (2020-08-26 10:48:48) ASSET: WARNING: dupe asset added to the asset cache: asset.676ecb861f1f1a89d6b76887eb22ca0f.png existing asset md5: 676ecb861f1f1a89d6b76887eb22ca0f new asset md5:676ecb861f1f1a89d6b76887eb22ca0f
 - 
 - (2020-08-26 10:50:42) ASSET: WARNING: dupe asset added to the asset cache: asset.377db86f8b41710850ebff390f9b4878.png existing asset md5: 377db86f8b41710850ebff390f9b4878 new asset md5:377db86f8b41710850ebff390f9b4878
 - 
 - (2020-08-26 10:50:42) ASSET: WARNING: dupe asset added to the asset cache: asset.f17a6bcef655c04b3227b1a818b98121.png existing asset md5: f17a6bcef655c04b3227b1a818b98121 new asset md5:f17a6bcef655c04b3227b1a818b98121
 - 
 - (2020-08-26 10:50:42) ASSET: WARNING: dupe asset added to the asset cache: asset.fc34614e0d20fa7f2887319c1e7df4fc.png existing asset md5: fc34614e0d20fa7f2887319c1e7df4fc new asset md5:fc34614e0d20fa7f2887319c1e7df4fc
 - 
 - (2020-08-26 10:50:42) ASSET: WARNING: dupe asset added to the asset cache: asset.24a63c087dc14823c095c6c831f9c39c.png existing asset md5: 24a63c087dc14823c095c6c831f9c39c new asset md5:24a63c087dc14823c095c6c831f9c39c
 - 
 - (2020-08-26 10:50:42) ASSET: WARNING: dupe asset added to the asset cache: asset.446fe3d860138c2606ff48237ccf7924.png existing asset md5: 446fe3d860138c2606ff48237ccf7924 new asset md5:446fe3d860138c2606ff48237ccf7924
 - 
 - (2020-08-26 10:50:42) ASSET: WARNING: dupe asset added to the asset cache: asset.a8bd70851212b3f360b9d9a180919b1a.png existing asset md5: a8bd70851212b3f360b9d9a180919b1a new asset md5:a8bd70851212b3f360b9d9a180919b1a
 - 
 - (2020-08-26 10:50:42) ASSET: WARNING: dupe asset added to the asset cache: asset.2fe93e95268f3ff6bc61084feab080d2.png existing asset md5: 2fe93e95268f3ff6bc61084feab080d2 new asset md5:2fe93e95268f3ff6bc61084feab080d2
 - 
 - (2020-08-26 10:53:34) ASSET: Sending asset asset.acd9d1b641e363ce36ad5e7157a97f4d.png to client Bob Joga
 - (2020-08-26 10:53:35) ASSET: WARNING: dupe asset added to the asset cache: asset.377db86f8b41710850ebff390f9b4878.png existing asset md5: 377db86f8b41710850ebff390f9b4878 new asset md5:377db86f8b41710850ebff390f9b4878
 - 
 - (2020-08-26 10:53:35) ASSET: WARNING: dupe asset added to the asset cache: asset.f17a6bcef655c04b3227b1a818b98121.png existing asset md5: f17a6bcef655c04b3227b1a818b98121 new asset md5:f17a6bcef655c04b3227b1a818b98121
 - 
 - (2020-08-26 10:53:35) ASSET: WARNING: dupe asset added to the asset cache: asset.fc34614e0d20fa7f2887319c1e7df4fc.png existing asset md5: fc34614e0d20fa7f2887319c1e7df4fc new asset md5:fc34614e0d20fa7f2887319c1e7df4fc
 - 
 - (2020-08-26 10:53:35) ASSET: WARNING: dupe asset added to the asset cache: asset.24a63c087dc14823c095c6c831f9c39c.png existing asset md5: 24a63c087dc14823c095c6c831f9c39c new asset md5:24a63c087dc14823c095c6c831f9c39c
 - 
 - (2020-08-26 10:53:35) ASSET: WARNING: dupe asset added to the asset cache: asset.446fe3d860138c2606ff48237ccf7924.png existing asset md5: 446fe3d860138c2606ff48237ccf7924 new asset md5:446fe3d860138c2606ff48237ccf7924
 - 
 - (2020-08-26 10:53:35) ASSET: WARNING: dupe asset added to the asset cache: asset.a8bd70851212b3f360b9d9a180919b1a.png existing asset md5: a8bd70851212b3f360b9d9a180919b1a new asset md5:a8bd70851212b3f360b9d9a180919b1a
 - 
 - (2020-08-26 10:53:35) ASSET: WARNING: dupe asset added to the asset cache: asset.2fe93e95268f3ff6bc61084feab080d2.png existing asset md5: 2fe93e95268f3ff6bc61084feab080d2 new asset md5:2fe93e95268f3ff6bc61084feab080d2
 - 
