[2020-08-26 13:42:29.612] Starting up round ID .
 - -------------------------
[2020-08-26 13:53:47.944] Logs from logging subsystem:
 - (2020-08-26 10:44:45) ATTACK: Bob Joga/(Cockmistress) has attacked Bob Joga/(Cockmistress) with kitchen knife[DC] (INTENT: HELP) (DAMTYPE: BRUTE) (NEWHP: 90)  (Kitchen (150, 133, 2))
 - (2020-08-26 10:44:49) ATTACK: Bob Joga/(Cockmistress) has attacked Bob Joga/(Cockmistress) with kitchen knife[DC] (INTENT: HELP) (DAMTYPE: BRUTE) (NEWHP: 80)  (Kitchen (150, 133, 2))
 - (2020-08-26 10:44:52) ATTACK: Bob Joga/(Cockmistress) has attacked Bob Joga/(Cockmistress) with kitchen knife[DC] (INTENT: HELP) (DAMTYPE: BRUTE) (NEWHP: 70)  (Kitchen (150, 133, 2))
 - (2020-08-26 10:44:52) ATTACK: Bob Joga/(Cockmistress) has attacked Bob Joga/(Cockmistress) with kitchen knife[DC] (INTENT: HELP) (DAMTYPE: BRUTE) (NEWHP: 60)  (Kitchen (150, 133, 2))
 - (2020-08-26 10:45:46) ATTACK: *no key*/(Lala) has suffered: Second Degree Burns to left hand | Damage: 10.8(rolled 26/27.9765) (Unexplored Location (190, 42, 8))
 - (2020-08-26 10:46:10) ATTACK: *no key*/(Lala) has suffered: Second Degree Burns to left leg | Damage: 10.8(rolled 26/27.9765) (Unexplored Location (190, 42, 8))
 - (2020-08-26 10:46:20) ATTACK: *no key*/(Lala) has suffered: Second Degree Burns to left arm | Damage: 10.8(rolled 26/27.9765) (Unexplored Location (190, 42, 8))
 - (2020-08-26 10:46:28) ATTACK: *no key*/(Doodles) has suffered: Second Degree Burns to chest | Damage: 10.8(rolled 27/27.9765) (Unexplored Location (189, 40, 8))
 - (2020-08-26 10:46:36) ATTACK: *no key*/(Doodles) has suffered: Hairline Fracture to chest | Damage: 8.8(rolled 19/21.0027) (Unexplored Location (189, 40, 8))
 - (2020-08-26 10:46:42) ATTACK: *no key*/(Bonbon) has suffered: Second Degree Burns to right foot | Damage: 10.8(rolled 26/27.9765) (Unexplored Location (192, 39, 8))
 - (2020-08-26 10:46:50) ATTACK: Bob Joga/(Cockmistress) has healed Bob Joga/(Cockmistress) with suture[DC] (NEWHP: 70)  (Medbay Lobby (133, 126, 2))
 - (2020-08-26 10:46:53) ATTACK: Bob Joga/(Cockmistress) has healed Bob Joga/(Cockmistress) with suture[DC] (NEWHP: 80)  (Medbay Lobby (133, 126, 2))
 - (2020-08-26 10:46:56) ATTACK: Bob Joga/(Cockmistress) has healed Bob Joga/(Cockmistress) with suture[DC] (NEWHP: 90)  (Medbay Lobby (133, 126, 2))
 - (2020-08-26 10:46:59) ATTACK: Bob Joga/(Cockmistress) has healed Bob Joga/(Cockmistress) with suture[DC] (NEWHP: 100)  (Medbay Lobby (133, 126, 2))
 - (2020-08-26 10:48:04) ATTACK: *no key*/(Doodles) has suffered: Second Degree Burns to left hand | Damage: 10.8(rolled 27/27.9765) (Unexplored Location (189, 40, 8))
 - (2020-08-26 10:48:29) ATTACK: *no key*/(Lala) has suffered: Second Degree Burns to left foot | Damage: 10.8(rolled 27/27.9765) (Unexplored Location (190, 42, 8))
 - (2020-08-26 10:48:29) ATTACK: *no key*/(Doodles) has suffered: Second Degree Burns to left leg | Damage: 10.8(rolled 26/27.9765) (Unexplored Location (189, 40, 8))
 - (2020-08-26 10:49:16) ATTACK: *no key*/(Doodles) has suffered: Third Degree Burns to chest | Damage: 10.8(rolled 26/27.9765) (Unexplored Location (189, 40, 8))
 - (2020-08-26 10:49:22) ATTACK: *no key*/(Lala) has suffered: Second Degree Burns to right leg | Damage: 10.8(rolled 26/27.9765) (Unexplored Location (190, 42, 8))
 - (2020-08-26 10:49:29) ATTACK: *no key*/(coder monkey (43)) has suffered: Joint Dislocation to left arm | Damage: 20(rolled 56/66.2891) | WB: 2 (Space (131, 153, 3))
 - (2020-08-26 10:49:34) ATTACK: *no key*/(Lala) has suffered: Second Degree Burns to right hand | Damage: 10.8(rolled 26/27.9765) (Unexplored Location (190, 42, 8))
 - (2020-08-26 10:50:06) ATTACK: *no key*/(Bonbon) has suffered: Hip Dislocation to groin | Damage: 9(rolled 21/21.674) (Unexplored Location (192, 39, 8))
 - (2020-08-26 10:50:37) ATTACK: *no key*/(Bonbon) has suffered: Second Degree Burns to groin | Damage: 10.8(rolled 12/27.9765) (Unexplored Location (192, 39, 8))
 - (2020-08-26 10:50:54) ATTACK: Bob Joga/(Cockmistress) has attacked Bob Joga/(Cockmistress) with kitchen knife[DC] (INTENT: HELP) (DAMTYPE: BRUTE) (NEWHP: 92.5)  (Bar (140, 134, 2))
 - (2020-08-26 10:50:54) ATTACK: Bob Joga/(Cockmistress) has attacked Bob Joga/(Cockmistress) with kitchen knife[DC] (INTENT: HELP) (DAMTYPE: BRUTE) (NEWHP: 82.5)  (Bar (140, 134, 2))
 - (2020-08-26 10:50:55) ATTACK: Bob Joga/(Cockmistress) has attacked Bob Joga/(Cockmistress) with kitchen knife[DC] (INTENT: HELP) (DAMTYPE: BRUTE) (NEWHP: 72.5)  (Bar (140, 134, 2))
 - (2020-08-26 10:50:58) ATTACK: Bob Joga/(Cockmistress) has attacked Bob Joga/(Cockmistress) with kitchen knife[DC] (INTENT: HELP) (DAMTYPE: BRUTE) (NEWHP: 62.5)  (Bar (140, 134, 2))
 - (2020-08-26 10:50:59) ATTACK: Bob Joga/(Cockmistress) has attacked Bob Joga/(Cockmistress) with kitchen knife[DC] (INTENT: HELP) (DAMTYPE: BRUTE) (NEWHP: 52.5)  (Bar (140, 134, 2))
 - (2020-08-26 10:51:00) ATTACK: Bob Joga/(Cockmistress) has attacked Bob Joga/(Cockmistress) with kitchen knife[DC] (INTENT: HELP) (DAMTYPE: BRUTE) (NEWHP: 42.5)  (Bar (140, 137, 2))
 - (2020-08-26 10:51:05) ATTACK: Bob Joga/(Cockmistress) has attacked Bob Joga/(Cockmistress) with kitchen knife[DC] (INTENT: HELP) (DAMTYPE: BRUTE) (NEWHP: 32.5)  (Bar (140, 136, 2))
 - (2020-08-26 10:51:06) ATTACK: Bob Joga/(Cockmistress) has attacked Bob Joga/(Cockmistress) with kitchen knife[DC] (INTENT: HELP) (DAMTYPE: BRUTE) (NEWHP: 22.5)  (Bar (140, 136, 2))
 - (2020-08-26 10:51:27) ATTACK: *no key*/(Bonbon) has suffered: Third Degree Burns to groin | Damage: 10.8(rolled 25/27.9765) (Unexplored Location (192, 39, 8))
 - (2020-08-26 10:51:31) ATTACK: *no key*/(Bonbon) has suffered: Hairline Fracture to groin | Damage: 9.6(rolled 15/23.7236) (Unexplored Location (192, 39, 8))
 - (2020-08-26 10:51:41) ATTACK: *no key*/(Bonbon) has suffered: Second Degree Burns to left arm | Damage: 10.8(rolled 26/27.9765) (Unexplored Location (192, 39, 8))
 - (2020-08-26 10:53:25) ATTACK: *no key*/(Lala) has suffered: Second Degree Burns to chest | Damage: 10.8(rolled 26/27.9765) (Unexplored Location (190, 42, 8))
 - (2020-08-26 10:53:27) ATTACK: *no key*/(Lala) has suffered: Hairline Fracture to chest | Damage: 9.9(rolled 16/24.7679) (Unexplored Location (190, 42, 8))
