[2020-08-26 13:42:29.615] Starting up round ID .
 - -------------------------
[2020-08-26 13:42:29.621] Running /tg/ revision: 2020-08-26
 - origin/master: 7705e38e803a9e644c7871647cd23e1d37422dca
 - HEAD: 49bccb411b9ca308e0e5f4f781d73df331fb0a08
[2020-08-26 13:42:30.837] Loading Box Station...
[2020-08-26 13:42:37.495] Loaded Station in 6.6s!
[2020-08-26 13:42:39.957] Loaded Lavaland in 2.4s!
[2020-08-26 13:42:41.204] Ruin loader finished with 0 left to spend.
[2020-08-26 13:42:44.938] Ruin loader finished with 0 left to spend.
[2020-08-26 13:42:45.091] Ruin loader finished with 0 left to spend.
[2020-08-26 13:43:23.405] ## WARNING: HEY! LISTEN! 0.6 seconds were wasted processing 408 turf(s) (connected to 21316 other turfs) with atmos differences at round start.
[2020-08-26 13:43:44.065] Initializations complete within 73.5 seconds!
[2020-08-26 13:43:46.181] Game start took 0.5s
[2020-08-26 13:46:00.707] runtime error: 
 - proc name: stack trace (/proc/stack_trace)
 -   source file: unsorted.dm,1093
 -   usr: Cockmistress (/mob/living/carbon/human)
 -   src: null
 -   usr.loc: the floor (141,139,2) (/turf/open/floor/wood)
 -   call stack:
 - stack trace(null)
 - gib stack trace()
 - register asset("asset.377db86f8b41710850ebff39...", /icon (/icon))
 - icon2html(the bartender\'s uniform (/obj/item/clothing/under/rank/civilian/bartender), Cockmistress (/mob/living/carbon/human), "barman", 2, 1, 0)
 - the bartender\'s uniform (/obj/item/clothing/under/rank/civilian/bartender): get examine string(Cockmistress (/mob/living/carbon/human), 0)
 - Cockmistress (/mob/living/carbon/human): examine(Cockmistress (/mob/living/carbon/human))
 - Cockmistress (/mob/living/carbon/human): Examine(Cockmistress (/mob/living/carbon/human))
 - Cockmistress (/mob/living/carbon/human): ShiftClick(Cockmistress (/mob/living/carbon/human))
 - Cockmistress (/mob/living/carbon/human): ShiftClickOn(Cockmistress (/mob/living/carbon/human))
 - Cockmistress (/mob/living/carbon/human): ClickOn(Cockmistress (/mob/living/carbon/human), "icon-x=18;icon-y=26;left=1;shi...")
 - Cockmistress (/mob/living/carbon/human): Click(the floor (141,139,2) (/turf/open/floor/wood), "mapwindow.map", "icon-x=18;icon-y=26;left=1;shi...", 0)
 - Bob Joga (/client): Click(Cockmistress (/mob/living/carbon/human), the floor (141,139,2) (/turf/open/floor/wood), "mapwindow.map", "icon-x=18;icon-y=26;left=1;shi...", 0)
 - 
[2020-08-26 13:46:00.730] runtime error: 
 - proc name: stack trace (/proc/stack_trace)
 -   source file: unsorted.dm,1093
 -   usr: Cockmistress (/mob/living/carbon/human)
 -   src: null
 -   usr.loc: the floor (141,139,2) (/turf/open/floor/wood)
 -   call stack:
 - stack trace(null)
 - gib stack trace()
 - register asset("asset.f17a6bcef655c04b3227b1a8...", /icon (/icon))
 - icon2html(the armor vest (/obj/item/clothing/suit/armor/vest), Cockmistress (/mob/living/carbon/human), "armoralt", 2, 1, 0)
 - the armor vest (/obj/item/clothing/suit/armor/vest): get examine string(Cockmistress (/mob/living/carbon/human), 0)
 - Cockmistress (/mob/living/carbon/human): examine(Cockmistress (/mob/living/carbon/human))
 - Cockmistress (/mob/living/carbon/human): Examine(Cockmistress (/mob/living/carbon/human))
 - Cockmistress (/mob/living/carbon/human): ShiftClick(Cockmistress (/mob/living/carbon/human))
 - Cockmistress (/mob/living/carbon/human): ShiftClickOn(Cockmistress (/mob/living/carbon/human))
 - Cockmistress (/mob/living/carbon/human): ClickOn(Cockmistress (/mob/living/carbon/human), "icon-x=18;icon-y=26;left=1;shi...")
 - Cockmistress (/mob/living/carbon/human): Click(the floor (141,139,2) (/turf/open/floor/wood), "mapwindow.map", "icon-x=18;icon-y=26;left=1;shi...", 0)
 - Bob Joga (/client): Click(Cockmistress (/mob/living/carbon/human), the floor (141,139,2) (/turf/open/floor/wood), "mapwindow.map", "icon-x=18;icon-y=26;left=1;shi...", 0)
 - 
[2020-08-26 13:46:00.752] runtime error: 
 - proc name: stack trace (/proc/stack_trace)
 -   source file: unsorted.dm,1093
 -   usr: Cockmistress (/mob/living/carbon/human)
 -   src: null
 -   usr.loc: the floor (141,139,2) (/turf/open/floor/wood)
 -   call stack:
 - stack trace(null)
 - gib stack trace()
 - register asset("asset.fc34614e0d20fa7f2887319c...", /icon (/icon))
 - icon2html(the backpack (/obj/item/storage/backpack), Cockmistress (/mob/living/carbon/human), "backpack", 2, 1, 0)
 - the backpack (/obj/item/storage/backpack): get examine string(Cockmistress (/mob/living/carbon/human), 0)
 - Cockmistress (/mob/living/carbon/human): examine(Cockmistress (/mob/living/carbon/human))
 - Cockmistress (/mob/living/carbon/human): Examine(Cockmistress (/mob/living/carbon/human))
 - Cockmistress (/mob/living/carbon/human): ShiftClick(Cockmistress (/mob/living/carbon/human))
 - Cockmistress (/mob/living/carbon/human): ShiftClickOn(Cockmistress (/mob/living/carbon/human))
 - Cockmistress (/mob/living/carbon/human): ClickOn(Cockmistress (/mob/living/carbon/human), "icon-x=18;icon-y=26;left=1;shi...")
 - Cockmistress (/mob/living/carbon/human): Click(the floor (141,139,2) (/turf/open/floor/wood), "mapwindow.map", "icon-x=18;icon-y=26;left=1;shi...", 0)
 - Bob Joga (/client): Click(Cockmistress (/mob/living/carbon/human), the floor (141,139,2) (/turf/open/floor/wood), "mapwindow.map", "icon-x=18;icon-y=26;left=1;shi...", 0)
 - 
[2020-08-26 13:46:00.774] runtime error: 
 - proc name: stack trace (/proc/stack_trace)
 -   source file: unsorted.dm,1093
 -   usr: Cockmistress (/mob/living/carbon/human)
 -   src: null
 -   usr.loc: the floor (141,139,2) (/turf/open/floor/wood)
 -   call stack:
 - stack trace(null)
 - gib stack trace()
 - register asset("asset.24a63c087dc14823c095c6c8...", /icon (/icon))
 - icon2html(the laceup shoes (/obj/item/clothing/shoes/laceup), Cockmistress (/mob/living/carbon/human), "laceups", 2, 1, 0)
 - the laceup shoes (/obj/item/clothing/shoes/laceup): get examine string(Cockmistress (/mob/living/carbon/human), 0)
 - Cockmistress (/mob/living/carbon/human): examine(Cockmistress (/mob/living/carbon/human))
 - Cockmistress (/mob/living/carbon/human): Examine(Cockmistress (/mob/living/carbon/human))
 - Cockmistress (/mob/living/carbon/human): ShiftClick(Cockmistress (/mob/living/carbon/human))
 - Cockmistress (/mob/living/carbon/human): ShiftClickOn(Cockmistress (/mob/living/carbon/human))
 - Cockmistress (/mob/living/carbon/human): ClickOn(Cockmistress (/mob/living/carbon/human), "icon-x=18;icon-y=26;left=1;shi...")
 - Cockmistress (/mob/living/carbon/human): Click(the floor (141,139,2) (/turf/open/floor/wood), "mapwindow.map", "icon-x=18;icon-y=26;left=1;shi...", 0)
 - Bob Joga (/client): Click(Cockmistress (/mob/living/carbon/human), the floor (141,139,2) (/turf/open/floor/wood), "mapwindow.map", "icon-x=18;icon-y=26;left=1;shi...", 0)
 - 
[2020-08-26 13:46:00.798] runtime error: 
 - proc name: stack trace (/proc/stack_trace)
 -   source file: unsorted.dm,1093
 -   usr: Cockmistress (/mob/living/carbon/human)
 -   src: null
 -   usr.loc: the floor (141,139,2) (/turf/open/floor/wood)
 -   call stack:
 - stack trace(null)
 - gib stack trace()
 - register asset("asset.446fe3d860138c2606ff4823...", /icon (/icon))
 - icon2html(the beer goggles (/obj/item/clothing/glasses/sunglasses/reagent), Cockmistress (/mob/living/carbon/human), "sun", 2, 1, 0)
 - the beer goggles (/obj/item/clothing/glasses/sunglasses/reagent): get examine string(Cockmistress (/mob/living/carbon/human), 0)
 - Cockmistress (/mob/living/carbon/human): examine(Cockmistress (/mob/living/carbon/human))
 - Cockmistress (/mob/living/carbon/human): Examine(Cockmistress (/mob/living/carbon/human))
 - Cockmistress (/mob/living/carbon/human): ShiftClick(Cockmistress (/mob/living/carbon/human))
 - Cockmistress (/mob/living/carbon/human): ShiftClickOn(Cockmistress (/mob/living/carbon/human))
 - Cockmistress (/mob/living/carbon/human): ClickOn(Cockmistress (/mob/living/carbon/human), "icon-x=18;icon-y=26;left=1;shi...")
 - Cockmistress (/mob/living/carbon/human): Click(the floor (141,139,2) (/turf/open/floor/wood), "mapwindow.map", "icon-x=18;icon-y=26;left=1;shi...", 0)
 - Bob Joga (/client): Click(Cockmistress (/mob/living/carbon/human), the floor (141,139,2) (/turf/open/floor/wood), "mapwindow.map", "icon-x=18;icon-y=26;left=1;shi...", 0)
 - 
[2020-08-26 13:46:00.827] runtime error: 
 - proc name: stack trace (/proc/stack_trace)
 -   source file: unsorted.dm,1093
 -   usr: Cockmistress (/mob/living/carbon/human)
 -   src: null
 -   usr.loc: the floor (141,139,2) (/turf/open/floor/wood)
 -   call stack:
 - stack trace(null)
 - gib stack trace()
 - register asset("asset.a8bd70851212b3f360b9d9a1...", /icon (/icon))
 - icon2html(the service radio headset (/obj/item/radio/headset/headset_srv), Cockmistress (/mob/living/carbon/human), "srv_headset", 2, 1, 0)
 - the service radio headset (/obj/item/radio/headset/headset_srv): get examine string(Cockmistress (/mob/living/carbon/human), 0)
 - Cockmistress (/mob/living/carbon/human): examine(Cockmistress (/mob/living/carbon/human))
 - Cockmistress (/mob/living/carbon/human): Examine(Cockmistress (/mob/living/carbon/human))
 - Cockmistress (/mob/living/carbon/human): ShiftClick(Cockmistress (/mob/living/carbon/human))
 - Cockmistress (/mob/living/carbon/human): ShiftClickOn(Cockmistress (/mob/living/carbon/human))
 - Cockmistress (/mob/living/carbon/human): ClickOn(Cockmistress (/mob/living/carbon/human), "icon-x=18;icon-y=26;left=1;shi...")
 - Cockmistress (/mob/living/carbon/human): Click(the floor (141,139,2) (/turf/open/floor/wood), "mapwindow.map", "icon-x=18;icon-y=26;left=1;shi...", 0)
 - Bob Joga (/client): Click(Cockmistress (/mob/living/carbon/human), the floor (141,139,2) (/turf/open/floor/wood), "mapwindow.map", "icon-x=18;icon-y=26;left=1;shi...", 0)
 - 
[2020-08-26 13:46:00.849] runtime error: 
 - proc name: stack trace (/proc/stack_trace)
 -   source file: unsorted.dm,1093
 -   usr: Cockmistress (/mob/living/carbon/human)
 -   src: null
 -   usr.loc: the floor (141,139,2) (/turf/open/floor/wood)
 -   call stack:
 - stack trace(null)
 - gib stack trace()
 - register asset("asset.2fe93e95268f3ff6bc61084f...", /icon (/icon))
 - icon2html(PDA-Cockmistress (Bartender) (/obj/item/pda/bar), Cockmistress (/mob/living/carbon/human), "pda-bartender", 2, 1, 0)
 - PDA-Cockmistress (Bartender) (/obj/item/pda/bar): get examine string(Cockmistress (/mob/living/carbon/human), 0)
 - Cockmistress (/mob/living/carbon/human): examine(Cockmistress (/mob/living/carbon/human))
 - Cockmistress (/mob/living/carbon/human): Examine(Cockmistress (/mob/living/carbon/human))
 - Cockmistress (/mob/living/carbon/human): ShiftClick(Cockmistress (/mob/living/carbon/human))
 - Cockmistress (/mob/living/carbon/human): ShiftClickOn(Cockmistress (/mob/living/carbon/human))
 - Cockmistress (/mob/living/carbon/human): ClickOn(Cockmistress (/mob/living/carbon/human), "icon-x=18;icon-y=26;left=1;shi...")
 - Cockmistress (/mob/living/carbon/human): Click(the floor (141,139,2) (/turf/open/floor/wood), "mapwindow.map", "icon-x=18;icon-y=26;left=1;shi...", 0)
 - Bob Joga (/client): Click(Cockmistress (/mob/living/carbon/human), the floor (141,139,2) (/turf/open/floor/wood), "mapwindow.map", "icon-x=18;icon-y=26;left=1;shi...", 0)
 - 
[2020-08-26 13:46:18.937] runtime error: 
 - proc name: stack trace (/proc/stack_trace)
 -   source file: unsorted.dm,1093
 -   usr: Cockmistress (/mob/living/carbon/human)
 -   src: null
 -   usr.loc: the floor (141,140,2) (/turf/open/floor/wood)
 -   call stack:
 - stack trace(null)
 - gib stack trace()
 - register asset("asset.377db86f8b41710850ebff39...", /icon (/icon))
 - icon2html(the bartender\'s uniform (/obj/item/clothing/under/rank/civilian/bartender), Cockmistress (/mob/living/carbon/human), "barman", 2, 1, 0)
 - the bartender\'s uniform (/obj/item/clothing/under/rank/civilian/bartender): get examine string(Cockmistress (/mob/living/carbon/human), 0)
 - Cockmistress (/mob/living/carbon/human): examine(Cockmistress (/mob/living/carbon/human))
 - Cockmistress (/mob/living/carbon/human): Examine(Cockmistress (/mob/living/carbon/human))
 - Cockmistress (/mob/living/carbon/human): ShiftClick(Cockmistress (/mob/living/carbon/human))
 - Cockmistress (/mob/living/carbon/human): ShiftClickOn(Cockmistress (/mob/living/carbon/human))
 - Cockmistress (/mob/living/carbon/human): ClickOn(Cockmistress (/mob/living/carbon/human), "icon-x=16;icon-y=10;left=1;shi...")
 - Cockmistress (/mob/living/carbon/human): Click(the floor (141,140,2) (/turf/open/floor/wood), "mapwindow.map", "icon-x=16;icon-y=10;left=1;shi...", 0)
 - Bob Joga (/client): Click(Cockmistress (/mob/living/carbon/human), the floor (141,140,2) (/turf/open/floor/wood), "mapwindow.map", "icon-x=16;icon-y=10;left=1;shi...", 0)
 - 
[2020-08-26 13:46:18.959] runtime error: 
 - proc name: stack trace (/proc/stack_trace)
 -   source file: unsorted.dm,1093
 -   usr: Cockmistress (/mob/living/carbon/human)
 -   src: null
 -   usr.loc: the floor (141,140,2) (/turf/open/floor/wood)
 -   call stack:
 - stack trace(null)
 - gib stack trace()
 - register asset("asset.f17a6bcef655c04b3227b1a8...", /icon (/icon))
 - icon2html(the armor vest (/obj/item/clothing/suit/armor/vest), Cockmistress (/mob/living/carbon/human), "armoralt", 2, 1, 0)
 - the armor vest (/obj/item/clothing/suit/armor/vest): get examine string(Cockmistress (/mob/living/carbon/human), 0)
 - Cockmistress (/mob/living/carbon/human): examine(Cockmistress (/mob/living/carbon/human))
 - Cockmistress (/mob/living/carbon/human): Examine(Cockmistress (/mob/living/carbon/human))
 - Cockmistress (/mob/living/carbon/human): ShiftClick(Cockmistress (/mob/living/carbon/human))
 - Cockmistress (/mob/living/carbon/human): ShiftClickOn(Cockmistress (/mob/living/carbon/human))
 - Cockmistress (/mob/living/carbon/human): ClickOn(Cockmistress (/mob/living/carbon/human), "icon-x=16;icon-y=10;left=1;shi...")
 - Cockmistress (/mob/living/carbon/human): Click(the floor (141,140,2) (/turf/open/floor/wood), "mapwindow.map", "icon-x=16;icon-y=10;left=1;shi...", 0)
 - Bob Joga (/client): Click(Cockmistress (/mob/living/carbon/human), the floor (141,140,2) (/turf/open/floor/wood), "mapwindow.map", "icon-x=16;icon-y=10;left=1;shi...", 0)
 - 
[2020-08-26 13:46:18.982] runtime error: 
 - proc name: stack trace (/proc/stack_trace)
 -   source file: unsorted.dm,1093
 -   usr: Cockmistress (/mob/living/carbon/human)
 -   src: null
 -   usr.loc: the floor (141,140,2) (/turf/open/floor/wood)
 -   call stack:
 - stack trace(null)
 - gib stack trace()
 - register asset("asset.fc34614e0d20fa7f2887319c...", /icon (/icon))
 - icon2html(the backpack (/obj/item/storage/backpack), Cockmistress (/mob/living/carbon/human), "backpack", 2, 1, 0)
 - the backpack (/obj/item/storage/backpack): get examine string(Cockmistress (/mob/living/carbon/human), 0)
 - Cockmistress (/mob/living/carbon/human): examine(Cockmistress (/mob/living/carbon/human))
 - Cockmistress (/mob/living/carbon/human): Examine(Cockmistress (/mob/living/carbon/human))
 - Cockmistress (/mob/living/carbon/human): ShiftClick(Cockmistress (/mob/living/carbon/human))
 - Cockmistress (/mob/living/carbon/human): ShiftClickOn(Cockmistress (/mob/living/carbon/human))
 - Cockmistress (/mob/living/carbon/human): ClickOn(Cockmistress (/mob/living/carbon/human), "icon-x=16;icon-y=10;left=1;shi...")
 - Cockmistress (/mob/living/carbon/human): Click(the floor (141,140,2) (/turf/open/floor/wood), "mapwindow.map", "icon-x=16;icon-y=10;left=1;shi...", 0)
 - Bob Joga (/client): Click(Cockmistress (/mob/living/carbon/human), the floor (141,140,2) (/turf/open/floor/wood), "mapwindow.map", "icon-x=16;icon-y=10;left=1;shi...", 0)
 - 
[2020-08-26 13:46:19.006] runtime error: 
 - proc name: stack trace (/proc/stack_trace)
 -   source file: unsorted.dm,1093
 -   usr: Cockmistress (/mob/living/carbon/human)
 -   src: null
 -   usr.loc: the floor (141,140,2) (/turf/open/floor/wood)
 -   call stack:
 - stack trace(null)
 - gib stack trace()
 - register asset("asset.24a63c087dc14823c095c6c8...", /icon (/icon))
 - icon2html(the laceup shoes (/obj/item/clothing/shoes/laceup), Cockmistress (/mob/living/carbon/human), "laceups", 2, 1, 0)
 - the laceup shoes (/obj/item/clothing/shoes/laceup): get examine string(Cockmistress (/mob/living/carbon/human), 0)
 - Cockmistress (/mob/living/carbon/human): examine(Cockmistress (/mob/living/carbon/human))
 - Cockmistress (/mob/living/carbon/human): Examine(Cockmistress (/mob/living/carbon/human))
 - Cockmistress (/mob/living/carbon/human): ShiftClick(Cockmistress (/mob/living/carbon/human))
 - Cockmistress (/mob/living/carbon/human): ShiftClickOn(Cockmistress (/mob/living/carbon/human))
 - Cockmistress (/mob/living/carbon/human): ClickOn(Cockmistress (/mob/living/carbon/human), "icon-x=16;icon-y=10;left=1;shi...")
 - Cockmistress (/mob/living/carbon/human): Click(the floor (141,140,2) (/turf/open/floor/wood), "mapwindow.map", "icon-x=16;icon-y=10;left=1;shi...", 0)
 - Bob Joga (/client): Click(Cockmistress (/mob/living/carbon/human), the floor (141,140,2) (/turf/open/floor/wood), "mapwindow.map", "icon-x=16;icon-y=10;left=1;shi...", 0)
 - 
[2020-08-26 13:46:19.027] runtime error: 
 - proc name: stack trace (/proc/stack_trace)
 -   source file: unsorted.dm,1093
 -   usr: Cockmistress (/mob/living/carbon/human)
 -   src: null
 -   usr.loc: the floor (141,140,2) (/turf/open/floor/wood)
 -   call stack:
 - stack trace(null)
 - gib stack trace()
 - register asset("asset.446fe3d860138c2606ff4823...", /icon (/icon))
 - icon2html(the beer goggles (/obj/item/clothing/glasses/sunglasses/reagent), Cockmistress (/mob/living/carbon/human), "sun", 2, 1, 0)
 - the beer goggles (/obj/item/clothing/glasses/sunglasses/reagent): get examine string(Cockmistress (/mob/living/carbon/human), 0)
 - Cockmistress (/mob/living/carbon/human): examine(Cockmistress (/mob/living/carbon/human))
 - Cockmistress (/mob/living/carbon/human): Examine(Cockmistress (/mob/living/carbon/human))
 - Cockmistress (/mob/living/carbon/human): ShiftClick(Cockmistress (/mob/living/carbon/human))
 - Cockmistress (/mob/living/carbon/human): ShiftClickOn(Cockmistress (/mob/living/carbon/human))
 - Cockmistress (/mob/living/carbon/human): ClickOn(Cockmistress (/mob/living/carbon/human), "icon-x=16;icon-y=10;left=1;shi...")
 - Cockmistress (/mob/living/carbon/human): Click(the floor (141,140,2) (/turf/open/floor/wood), "mapwindow.map", "icon-x=16;icon-y=10;left=1;shi...", 0)
 - Bob Joga (/client): Click(Cockmistress (/mob/living/carbon/human), the floor (141,140,2) (/turf/open/floor/wood), "mapwindow.map", "icon-x=16;icon-y=10;left=1;shi...", 0)
 - 
[2020-08-26 13:46:19.048] runtime error: 
 - proc name: stack trace (/proc/stack_trace)
 -   source file: unsorted.dm,1093
 -   usr: Cockmistress (/mob/living/carbon/human)
 -   src: null
 -   usr.loc: the floor (141,140,2) (/turf/open/floor/wood)
 -   call stack:
 - stack trace(null)
 - gib stack trace()
 - register asset("asset.a8bd70851212b3f360b9d9a1...", /icon (/icon))
 - icon2html(the service radio headset (/obj/item/radio/headset/headset_srv), Cockmistress (/mob/living/carbon/human), "srv_headset", 2, 1, 0)
 - the service radio headset (/obj/item/radio/headset/headset_srv): get examine string(Cockmistress (/mob/living/carbon/human), 0)
 - Cockmistress (/mob/living/carbon/human): examine(Cockmistress (/mob/living/carbon/human))
 - Cockmistress (/mob/living/carbon/human): Examine(Cockmistress (/mob/living/carbon/human))
 - Cockmistress (/mob/living/carbon/human): ShiftClick(Cockmistress (/mob/living/carbon/human))
 - Cockmistress (/mob/living/carbon/human): ShiftClickOn(Cockmistress (/mob/living/carbon/human))
 - Cockmistress (/mob/living/carbon/human): ClickOn(Cockmistress (/mob/living/carbon/human), "icon-x=16;icon-y=10;left=1;shi...")
 - Cockmistress (/mob/living/carbon/human): Click(the floor (141,140,2) (/turf/open/floor/wood), "mapwindow.map", "icon-x=16;icon-y=10;left=1;shi...", 0)
 - Bob Joga (/client): Click(Cockmistress (/mob/living/carbon/human), the floor (141,140,2) (/turf/open/floor/wood), "mapwindow.map", "icon-x=16;icon-y=10;left=1;shi...", 0)
 - 
[2020-08-26 13:46:19.069] runtime error: 
 - proc name: stack trace (/proc/stack_trace)
 -   source file: unsorted.dm,1093
 -   usr: Cockmistress (/mob/living/carbon/human)
 -   src: null
 -   usr.loc: the floor (141,140,2) (/turf/open/floor/wood)
 -   call stack:
 - stack trace(null)
 - gib stack trace()
 - register asset("asset.2fe93e95268f3ff6bc61084f...", /icon (/icon))
 - icon2html(PDA-Cockmistress (Bartender) (/obj/item/pda/bar), Cockmistress (/mob/living/carbon/human), "pda-bartender", 2, 1, 0)
 - PDA-Cockmistress (Bartender) (/obj/item/pda/bar): get examine string(Cockmistress (/mob/living/carbon/human), 0)
 - Cockmistress (/mob/living/carbon/human): examine(Cockmistress (/mob/living/carbon/human))
 - Cockmistress (/mob/living/carbon/human): Examine(Cockmistress (/mob/living/carbon/human))
 - Cockmistress (/mob/living/carbon/human): ShiftClick(Cockmistress (/mob/living/carbon/human))
 - Cockmistress (/mob/living/carbon/human): ShiftClickOn(Cockmistress (/mob/living/carbon/human))
 - Cockmistress (/mob/living/carbon/human): ClickOn(Cockmistress (/mob/living/carbon/human), "icon-x=16;icon-y=10;left=1;shi...")
 - Cockmistress (/mob/living/carbon/human): Click(the floor (141,140,2) (/turf/open/floor/wood), "mapwindow.map", "icon-x=16;icon-y=10;left=1;shi...", 0)
 - Bob Joga (/client): Click(Cockmistress (/mob/living/carbon/human), the floor (141,140,2) (/turf/open/floor/wood), "mapwindow.map", "icon-x=16;icon-y=10;left=1;shi...", 0)
 - 
[2020-08-26 13:47:10.939] runtime error: 
 - proc name: stack trace (/proc/stack_trace)
 -   source file: unsorted.dm,1093
 -   usr: Cockmistress (/mob/living/carbon/human)
 -   src: null
 -   usr.loc: the floor (140,130,2) (/turf/open/floor/plasteel)
 -   call stack:
 - stack trace(null)
 - gib stack trace()
 - register asset("asset.377db86f8b41710850ebff39...", /icon (/icon))
 - icon2html(the bartender\'s uniform (/obj/item/clothing/under/rank/civilian/bartender), Cockmistress (/mob/living/carbon/human), "barman", 2, 1, 0)
 - the bartender\'s uniform (/obj/item/clothing/under/rank/civilian/bartender): get examine string(Cockmistress (/mob/living/carbon/human), 0)
 - Cockmistress (/mob/living/carbon/human): examine(Cockmistress (/mob/living/carbon/human))
 - Cockmistress (/mob/living/carbon/human): Examine(Cockmistress (/mob/living/carbon/human))
 - Cockmistress (/mob/living/carbon/human): ShiftClick(Cockmistress (/mob/living/carbon/human))
 - Cockmistress (/mob/living/carbon/human): ShiftClickOn(Cockmistress (/mob/living/carbon/human))
 - Cockmistress (/mob/living/carbon/human): ClickOn(Cockmistress (/mob/living/carbon/human), "icon-x=15;icon-y=18;left=1;shi...")
 - Cockmistress (/mob/living/carbon/human): Click(the floor (140,130,2) (/turf/open/floor/plasteel), "mapwindow.map", "icon-x=15;icon-y=18;left=1;shi...", 0)
 - Bob Joga (/client): Click(Cockmistress (/mob/living/carbon/human), the floor (140,130,2) (/turf/open/floor/plasteel), "mapwindow.map", "icon-x=15;icon-y=18;left=1;shi...", 0)
 - 
[2020-08-26 13:47:10.962] runtime error: 
 - proc name: stack trace (/proc/stack_trace)
 -   source file: unsorted.dm,1093
 -   usr: Cockmistress (/mob/living/carbon/human)
 -   src: null
 -   usr.loc: the floor (140,130,2) (/turf/open/floor/plasteel)
 -   call stack:
 - stack trace(null)
 - gib stack trace()
 - register asset("asset.f17a6bcef655c04b3227b1a8...", /icon (/icon))
 - icon2html(the armor vest (/obj/item/clothing/suit/armor/vest), Cockmistress (/mob/living/carbon/human), "armoralt", 2, 1, 0)
 - the armor vest (/obj/item/clothing/suit/armor/vest): get examine string(Cockmistress (/mob/living/carbon/human), 0)
 - Cockmistress (/mob/living/carbon/human): examine(Cockmistress (/mob/living/carbon/human))
 - Cockmistress (/mob/living/carbon/human): Examine(Cockmistress (/mob/living/carbon/human))
 - Cockmistress (/mob/living/carbon/human): ShiftClick(Cockmistress (/mob/living/carbon/human))
 - Cockmistress (/mob/living/carbon/human): ShiftClickOn(Cockmistress (/mob/living/carbon/human))
 - Cockmistress (/mob/living/carbon/human): ClickOn(Cockmistress (/mob/living/carbon/human), "icon-x=15;icon-y=18;left=1;shi...")
 - Cockmistress (/mob/living/carbon/human): Click(the floor (140,130,2) (/turf/open/floor/plasteel), "mapwindow.map", "icon-x=15;icon-y=18;left=1;shi...", 0)
 - Bob Joga (/client): Click(Cockmistress (/mob/living/carbon/human), the floor (140,130,2) (/turf/open/floor/plasteel), "mapwindow.map", "icon-x=15;icon-y=18;left=1;shi...", 0)
 - 
[2020-08-26 13:47:10.983] runtime error: 
 - proc name: stack trace (/proc/stack_trace)
 -   source file: unsorted.dm,1093
 -   usr: Cockmistress (/mob/living/carbon/human)
 -   src: null
 -   usr.loc: the floor (140,130,2) (/turf/open/floor/plasteel)
 -   call stack:
 - stack trace(null)
 - gib stack trace()
 - register asset("asset.fc34614e0d20fa7f2887319c...", /icon (/icon))
 - icon2html(the backpack (/obj/item/storage/backpack), Cockmistress (/mob/living/carbon/human), "backpack", 2, 1, 0)
 - the backpack (/obj/item/storage/backpack): get examine string(Cockmistress (/mob/living/carbon/human), 0)
 - Cockmistress (/mob/living/carbon/human): examine(Cockmistress (/mob/living/carbon/human))
 - Cockmistress (/mob/living/carbon/human): Examine(Cockmistress (/mob/living/carbon/human))
 - Cockmistress (/mob/living/carbon/human): ShiftClick(Cockmistress (/mob/living/carbon/human))
 - Cockmistress (/mob/living/carbon/human): ShiftClickOn(Cockmistress (/mob/living/carbon/human))
 - Cockmistress (/mob/living/carbon/human): ClickOn(Cockmistress (/mob/living/carbon/human), "icon-x=15;icon-y=18;left=1;shi...")
 - Cockmistress (/mob/living/carbon/human): Click(the floor (140,130,2) (/turf/open/floor/plasteel), "mapwindow.map", "icon-x=15;icon-y=18;left=1;shi...", 0)
 - Bob Joga (/client): Click(Cockmistress (/mob/living/carbon/human), the floor (140,130,2) (/turf/open/floor/plasteel), "mapwindow.map", "icon-x=15;icon-y=18;left=1;shi...", 0)
 - 
[2020-08-26 13:47:11.007] runtime error: 
 - proc name: stack trace (/proc/stack_trace)
 -   source file: unsorted.dm,1093
 -   usr: Cockmistress (/mob/living/carbon/human)
 -   src: null
 -   usr.loc: the floor (140,130,2) (/turf/open/floor/plasteel)
 -   call stack:
 - stack trace(null)
 - gib stack trace()
 - register asset("asset.24a63c087dc14823c095c6c8...", /icon (/icon))
 - icon2html(the laceup shoes (/obj/item/clothing/shoes/laceup), Cockmistress (/mob/living/carbon/human), "laceups", 2, 1, 0)
 - the laceup shoes (/obj/item/clothing/shoes/laceup): get examine string(Cockmistress (/mob/living/carbon/human), 0)
 - Cockmistress (/mob/living/carbon/human): examine(Cockmistress (/mob/living/carbon/human))
 - Cockmistress (/mob/living/carbon/human): Examine(Cockmistress (/mob/living/carbon/human))
 - Cockmistress (/mob/living/carbon/human): ShiftClick(Cockmistress (/mob/living/carbon/human))
 - Cockmistress (/mob/living/carbon/human): ShiftClickOn(Cockmistress (/mob/living/carbon/human))
 - Cockmistress (/mob/living/carbon/human): ClickOn(Cockmistress (/mob/living/carbon/human), "icon-x=15;icon-y=18;left=1;shi...")
 - Cockmistress (/mob/living/carbon/human): Click(the floor (140,130,2) (/turf/open/floor/plasteel), "mapwindow.map", "icon-x=15;icon-y=18;left=1;shi...", 0)
 - Bob Joga (/client): Click(Cockmistress (/mob/living/carbon/human), the floor (140,130,2) (/turf/open/floor/plasteel), "mapwindow.map", "icon-x=15;icon-y=18;left=1;shi...", 0)
 - 
[2020-08-26 13:47:11.031] runtime error: 
 - proc name: stack trace (/proc/stack_trace)
 -   source file: unsorted.dm,1093
 -   usr: Cockmistress (/mob/living/carbon/human)
 -   src: null
 -   usr.loc: the floor (140,130,2) (/turf/open/floor/plasteel)
 -   call stack:
 - stack trace(null)
 - gib stack trace()
 - register asset("asset.446fe3d860138c2606ff4823...", /icon (/icon))
 - icon2html(the beer goggles (/obj/item/clothing/glasses/sunglasses/reagent), Cockmistress (/mob/living/carbon/human), "sun", 2, 1, 0)
 - the beer goggles (/obj/item/clothing/glasses/sunglasses/reagent): get examine string(Cockmistress (/mob/living/carbon/human), 0)
 - Cockmistress (/mob/living/carbon/human): examine(Cockmistress (/mob/living/carbon/human))
 - Cockmistress (/mob/living/carbon/human): Examine(Cockmistress (/mob/living/carbon/human))
 - Cockmistress (/mob/living/carbon/human): ShiftClick(Cockmistress (/mob/living/carbon/human))
 - Cockmistress (/mob/living/carbon/human): ShiftClickOn(Cockmistress (/mob/living/carbon/human))
 - Cockmistress (/mob/living/carbon/human): ClickOn(Cockmistress (/mob/living/carbon/human), "icon-x=15;icon-y=18;left=1;shi...")
 - Cockmistress (/mob/living/carbon/human): Click(the floor (140,130,2) (/turf/open/floor/plasteel), "mapwindow.map", "icon-x=15;icon-y=18;left=1;shi...", 0)
 - Bob Joga (/client): Click(Cockmistress (/mob/living/carbon/human), the floor (140,130,2) (/turf/open/floor/plasteel), "mapwindow.map", "icon-x=15;icon-y=18;left=1;shi...", 0)
 - 
[2020-08-26 13:47:11.036] runtime error: 
 - proc name: stack trace (/proc/stack_trace)
 -   source file: unsorted.dm,1093
 - 
[2020-08-26 13:47:11.042] runtime error: 
 - proc name: stack trace (/proc/stack_trace)
 -   source file: unsorted.dm,1093
 - 
[2020-08-26 13:47:13.415] runtime error: 
 - proc name: stack trace (/proc/stack_trace)
 -   source file: unsorted.dm,1093
 - 
[2020-08-26 13:47:13.421] runtime error: 
 - proc name: stack trace (/proc/stack_trace)
 -   source file: unsorted.dm,1093
 - 
[2020-08-26 13:47:13.426] runtime error: 
 - proc name: stack trace (/proc/stack_trace)
 -   source file: unsorted.dm,1093
 - 
[2020-08-26 13:47:13.431] runtime error: 
 - proc name: stack trace (/proc/stack_trace)
 -   source file: unsorted.dm,1093
 - 
[2020-08-26 13:47:13.437] runtime error: 
 - proc name: stack trace (/proc/stack_trace)
 -   source file: unsorted.dm,1093
 - 
[2020-08-26 13:47:13.441] runtime error: 
 - proc name: stack trace (/proc/stack_trace)
 -   source file: unsorted.dm,1093
 - 
[2020-08-26 13:47:13.447] runtime error: 
 - proc name: stack trace (/proc/stack_trace)
 -   source file: unsorted.dm,1093
 - 
[2020-08-26 13:48:48.490] runtime error: 
 - proc name: stack trace (/proc/stack_trace)
 -   source file: unsorted.dm,1093
 - 
[2020-08-26 13:50:42.175] runtime error: 
 - proc name: stack trace (/proc/stack_trace)
 -   source file: unsorted.dm,1093
 - 
[2020-08-26 13:50:42.180] runtime error: 
 - proc name: stack trace (/proc/stack_trace)
 -   source file: unsorted.dm,1093
 - 
[2020-08-26 13:50:42.184] runtime error: 
 - proc name: stack trace (/proc/stack_trace)
 -   source file: unsorted.dm,1093
 - 
[2020-08-26 13:50:42.190] runtime error: 
 - proc name: stack trace (/proc/stack_trace)
 -   source file: unsorted.dm,1093
 - 
[2020-08-26 13:50:42.195] runtime error: 
 - proc name: stack trace (/proc/stack_trace)
 -   source file: unsorted.dm,1093
 - 
[2020-08-26 13:50:42.200] runtime error: 
 - proc name: stack trace (/proc/stack_trace)
 -   source file: unsorted.dm,1093
 - 
[2020-08-26 13:50:42.208] runtime error: 
 - proc name: stack trace (/proc/stack_trace)
 -   source file: unsorted.dm,1093
 - 
[2020-08-26 13:53:35.056] runtime error: 
 - proc name: stack trace (/proc/stack_trace)
 -   source file: unsorted.dm,1093
 - 
[2020-08-26 13:53:35.062] runtime error: 
 - proc name: stack trace (/proc/stack_trace)
 -   source file: unsorted.dm,1093
 - 
[2020-08-26 13:53:35.068] runtime error: 
 - proc name: stack trace (/proc/stack_trace)
 -   source file: unsorted.dm,1093
 - 
[2020-08-26 13:53:35.074] runtime error: 
 - proc name: stack trace (/proc/stack_trace)
 -   source file: unsorted.dm,1093
 - 
[2020-08-26 13:53:35.079] runtime error: 
 - proc name: stack trace (/proc/stack_trace)
 -   source file: unsorted.dm,1093
 - 
[2020-08-26 13:53:35.084] runtime error: 
 - proc name: stack trace (/proc/stack_trace)
 -   source file: unsorted.dm,1093
 - 
[2020-08-26 13:53:35.090] runtime error: 
 - proc name: stack trace (/proc/stack_trace)
 -   source file: unsorted.dm,1093
 - 
[2020-08-26 13:53:48.745] runtime error: 
 - proc name: stack trace (/proc/stack_trace)
 -   source file: unsorted.dm,1093
 - 
[2020-08-26 13:54:18.734] runtime error: 
 - proc name: stack trace (/proc/stack_trace)
 -   source file: unsorted.dm,1093
 - 
[2020-08-26 13:54:18.739] runtime error: 
 - proc name: stack trace (/proc/stack_trace)
 -   source file: unsorted.dm,1093
 - 
[2020-08-26 13:54:18.744] runtime error: 
 - proc name: stack trace (/proc/stack_trace)
 -   source file: unsorted.dm,1093
 - 
[2020-08-26 13:54:18.749] runtime error: 
 - proc name: stack trace (/proc/stack_trace)
 -   source file: unsorted.dm,1093
 - 
[2020-08-26 13:54:18.756] runtime error: 
 - proc name: stack trace (/proc/stack_trace)
 -   source file: unsorted.dm,1093
 - 
[2020-08-26 13:54:18.760] runtime error: 
 - proc name: stack trace (/proc/stack_trace)
 -   source file: unsorted.dm,1093
 - 
[2020-08-26 13:54:18.765] runtime error: 
 - proc name: stack trace (/proc/stack_trace)
 -   source file: unsorted.dm,1093
 - 
[2020-08-26 13:58:49.093] runtime error: 
 - proc name: stack trace (/proc/stack_trace)
 -   source file: unsorted.dm,1093
 - 
