[2020-09-27 22:29:08.749] Starting up round ID .
 - -------------------------
[2020-09-27 22:29:09.727] INIT: Initialized Profiler subsystem within 0 seconds!
[2020-09-27 22:29:09.876] Fail2Topic: Failed to drop firewall rule. Exit code: 1.
[2020-09-27 22:29:09.876] INIT: Initialized Fail2Topic subsystem within 0.1 seconds!
[2020-09-27 22:29:09.880] INIT: Initialized Title Screen subsystem within 0 seconds!
[2020-09-27 22:29:09.880] INIT: Initialized Database subsystem within 0 seconds!
[2020-09-27 22:29:09.881] INIT: Initialized Blackbox subsystem within 0 seconds!
[2020-09-27 22:29:09.881] INIT: Initialized Server Tasks subsystem within 0 seconds!
[2020-09-27 22:29:09.883] INIT: Initialized Input subsystem within 0 seconds!
[2020-09-27 22:29:09.887] INIT: Initialized Sounds subsystem within 0 seconds!
[2020-09-27 22:29:09.887] INIT: Initialized Vis contents overlays subsystem within 0 seconds!
[2020-09-27 22:29:09.958] INIT: Initialized Research subsystem within 0.1 seconds!
[2020-09-27 22:29:09.962] INIT: Initialized Events subsystem within 0 seconds!
[2020-09-27 22:29:09.966] INIT: Initialized Jobs subsystem within 0 seconds!
[2020-09-27 22:29:09.970] INIT: Initialized Quirks subsystem within 0 seconds!
[2020-09-27 22:29:09.976] INIT: Initialized Ticker subsystem within 0 seconds!
[2020-09-27 22:29:09.987] INIT: Initialized Instruments subsystem within 0 seconds!
[2020-09-27 22:29:27.279] INIT: Initialized Mapping subsystem within 17.3 seconds!
[2020-09-27 22:29:27.281] INIT: Initialized Economy subsystem within 0 seconds!
[2020-09-27 22:29:27.282] INIT: Initialized Networks subsystem within 0 seconds!
[2020-09-27 22:29:27.282] INIT: Initialized Holodeck subsystem within 0 seconds!
[2020-09-27 22:30:03.273] INIT: Initialized Atoms subsystem within 35.9 seconds!
[2020-09-27 22:30:03.286] INIT: Initialized Language subsystem within 0 seconds!
[2020-09-27 22:30:03.622] INIT: Initialized Machines subsystem within 0.4 seconds!
[2020-09-27 22:30:03.683] INIT: Initialized Circuit subsystem within 0 seconds!
[2020-09-27 22:30:04.990] INIT: Initialized Atmos Adjacency subsystem within 1.3 seconds!
[2020-09-27 22:30:04.991] INIT: Initialized Autotransfer Vote subsystem within 0 seconds!
[2020-09-27 22:30:04.991] INIT: Initialized Chemistry subsystem within 0 seconds!
[2020-09-27 22:30:04.991] INIT: Initialized Status Effects subsystem within 0 seconds!
[2020-09-27 22:30:04.992] INIT: Initialized Weather subsystem within 0 seconds!
[2020-09-27 22:30:04.995] INIT: Initialized Disease subsystem within 0 seconds!
[2020-09-27 22:30:04.995] INIT: Initialized Jukeboxes subsystem within 0 seconds!
[2020-09-27 22:30:04.995] INIT: Initialized Medals subsystem within 0 seconds!
[2020-09-27 22:30:05.233] INIT: Initialized Minimaps subsystem within 0.3 seconds!
[2020-09-27 22:30:05.235] INIT: Initialized Night Shift subsystem within 0 seconds!
[2020-09-27 22:30:05.235] INIT: Initialized Parallax subsystem within 0 seconds!
[2020-09-27 22:30:05.235] INIT: Initialized Sun subsystem within 0 seconds!
[2020-09-27 22:30:05.451] INIT: Initialized Traumas subsystem within 0.2 seconds!
[2020-09-27 22:30:05.487] INIT: Initialized Bluespace Locker subsystem within 0 seconds!
[2020-09-27 22:30:05.490] INIT: Initialized Pacification Bans subsystem within 0 seconds!
[2020-09-27 22:30:05.490] INIT: Initialized Logging subsystem within 0 seconds!
[2020-09-27 22:30:05.490] INIT: Initialized Recycling subsystem within 0 seconds!
[2020-09-27 22:30:11.563] INIT: Initialized Atmospherics subsystem within 6.1 seconds!
[2020-09-27 22:30:11.563] INIT: Initialized Atmospherics - Turfs subsystem within 0 seconds!
[2020-09-27 22:30:15.018] INIT: Initialized Assets subsystem within 3.5 seconds!
[2020-09-27 22:30:20.439] INIT: Initialized Icon Smoothing subsystem within 5.4 seconds!
[2020-09-27 22:30:21.630] INIT: Initialized Overlay subsystem within 1.2 seconds!
[2020-09-27 22:30:21.630] INIT: Initialized XKeyScore subsystem within 0 seconds!
[2020-09-27 22:30:21.631] INIT: Initialized Sticky Ban subsystem within 0 seconds!
[2020-09-27 22:30:33.778] INIT: Initialized Lighting subsystem within 12.1 seconds!
[2020-09-27 22:30:37.140] INIT: Initialized Shuttle subsystem within 3.4 seconds!
[2020-09-27 22:30:37.209] INIT: Initialized Minor Mapping subsystem within 0.1 seconds!
[2020-09-27 22:30:37.210] INIT: Initialized Pathfinder subsystem within 0 seconds!
[2020-09-27 22:30:37.245] INIT: Initialized Persistence subsystem within 0 seconds!
[2020-09-27 22:30:37.245] INIT: Initialized Chat subsystem within 0 seconds!
