[2020-08-30 00:31:29.241] Starting up round ID .
 - -------------------------
[2020-08-30 00:43:12.761] Logs from logging subsystem:
 - (2020-08-29 21:33:51) ATTACK: Bob Joga/(Cockmistress) has suffered: Joint Dislocation to left hand | Damage: 12(rolled 29/32.423) | WB: 15 (Medbay Lobby (138, 125, 2))
 - (2020-08-29 21:33:51) ATTACK: Bob Joga/(Cockmistress) has attacked Bob Joga/(Cockmistress) with police baton[DC] (INTENT: HARM) (DAMTYPE: BRUTE) (NEWHP: 100)  (Medbay Lobby (138, 125, 2))
 - (2020-08-29 21:33:52) ATTACK: Bob Joga/(Cockmistress) has attacked Bob Joga/(Cockmistress) with police baton[DC] (INTENT: HARM) (DAMTYPE: BRUTE) (NEWHP: 100)  (Medbay Lobby (138, 125, 2))
 - (2020-08-29 21:33:53) ATTACK: Bob Joga/(Cockmistress) has attacked Bob Joga/(Cockmistress) with police baton[DC] (INTENT: HARM) (DAMTYPE: BRUTE) (NEWHP: 100)  (Medbay Lobby (138, 125, 2))
 - (2020-08-29 21:33:54) ATTACK: Bob Joga/(Cockmistress) has attacked Bob Joga/(Cockmistress) with police baton[DC] (INTENT: HARM) (DAMTYPE: BRUTE) (NEWHP: 100)  (Medbay Lobby (138, 125, 2))
 - (2020-08-29 21:33:55) ATTACK: Bob Joga/(Cockmistress) has attacked Bob Joga/(Cockmistress) with police baton[DC] (INTENT: HARM) (DAMTYPE: BRUTE) (NEWHP: 100)  (Medbay Lobby (138, 125, 2))
 - (2020-08-29 21:33:55) ATTACK: Bob Joga/(Cockmistress) has attacked Bob Joga/(Cockmistress) with police baton[DC] (INTENT: HARM) (DAMTYPE: BRUTE) (NEWHP: 100)  (Medbay Lobby (138, 125, 2))
 - (2020-08-29 21:33:56) ATTACK: Bob Joga/(Cockmistress) has attacked Bob Joga/(Cockmistress) with police baton[DC] (INTENT: HARM) (DAMTYPE: BRUTE) (NEWHP: 100)  (Medbay Lobby (138, 125, 2))
 - (2020-08-29 21:35:27) ATTACK: Bob Joga/(Cockmistress) has fired at [floor] with [7.62 bullet] from Central Primary Hallway (Central Primary Hallway (128, 128, 2))
 - (2020-08-29 21:36:01) ATTACK: Bob Joga/(Cockmistress) has fired at [firelock] with [7.62 bullet] from Central Primary Hallway (Central Primary Hallway (128, 127, 2))
 - (2020-08-29 21:36:01) ATTACK: Bob Joga/(Cockmistress) has shot *no key*/(Imran Schumacher) with [7.62 bullet] (NEWHP: 35)  (Central Primary Hallway (128, 127, 2))
 - (2020-08-29 21:36:07) ATTACK: Bob Joga/(Cockmistress) has fired at *no key*/(Imran Schumacher) with [7.62 bullet] from Central Primary Hallway (NEWHP: 38)  (Central Primary Hallway (128, 127, 2))
 - (2020-08-29 21:36:07) ATTACK: *no key*/(Imran Schumacher) has suffered: Ruptured Cavity to left arm | Damage: 65(rolled 201/345.206) | WB: -80 (Central Primary Hallway (128, 130, 2))
 - (2020-08-29 21:36:07) ATTACK: Bob Joga/(Cockmistress) has shot *no key*/(Imran Schumacher) with [7.62 bullet] (NEWHP: 38)  (Central Primary Hallway (128, 127, 2))
 - (2020-08-29 21:36:19) ATTACK: Bob Joga/(Cockmistress) has fired at *no key*/(Imran Schumacher) with [7.62 bullet] from Central Primary Hallway (NEWHP: 40)  (Central Primary Hallway (128, 127, 2))
 - (2020-08-29 21:36:19) ATTACK: *no key*/(Imran Schumacher) has suffered: Open Puncture to chest | Damage: 65(rolled 175/345.206) | WB: -80 (Central Primary Hallway (128, 130, 2))
 - (2020-08-29 21:36:19) ATTACK: Bob Joga/(Cockmistress) has shot *no key*/(Imran Schumacher) with [7.62 bullet] (NEWHP: 40)  (Central Primary Hallway (128, 127, 2))
 - (2020-08-29 21:36:24) ATTACK: Bob Joga/(Cockmistress) has fired at *no key*/(Imran Schumacher) with [7.62 bullet] from Central Primary Hallway (NEWHP: 39)  (Central Primary Hallway (128, 127, 2))
 - (2020-08-29 21:36:24) ATTACK: Bob Joga/(Cockmistress) has shot *no key*/(Imran Schumacher) with [7.62 bullet] (NEWHP: 39)  (Central Primary Hallway (128, 127, 2))
 - (2020-08-29 21:36:32) ATTACK: Bob Joga/(Cockmistress) has grabbed *no key*/(Imran Schumacher) passive grab (NEWHP: 39)  (Central Primary Hallway (129, 130, 2))
 - (2020-08-29 21:36:40) ATTACK: Bob Joga/(Cockmistress) has shaked *no key*/(Imran Schumacher) (NEWHP: 37)  (Central Primary Hallway (129, 129, 2))
 - (2020-08-29 21:36:41) ATTACK: Bob Joga/(Cockmistress) has shaked *no key*/(Imran Schumacher) (NEWHP: 37)  (Central Primary Hallway (129, 129, 2))
 - (2020-08-29 21:37:56) ATTACK: Bob Joga/(Cockmistress) has fired at Bob Joga/(Cockmistress) with [.45 bullet] from Central Primary Hallway (NEWHP: 100)  (Central Primary Hallway (129, 115, 2))
 - (2020-08-29 21:37:56) ATTACK: Bob Joga/(Cockmistress) has suffered: Ruptured Cavity to left leg | Damage: 142.5(rolled 698/1035.95) | WB: 25 (Central Primary Hallway (129, 115, 2))
 - (2020-08-29 21:37:56) ATTACK: Bob Joga/(Cockmistress) has suffered: Ruptured Cavity to groin | Damage: 46(rolled 184/212.746) (Central Primary Hallway (129, 115, 2))
 - (2020-08-29 21:37:56) ATTACK: Bob Joga/(Cockmistress) has suffered: Ruptured Cavity to left foot | Damage: 46(rolled 182/212.746) (Central Primary Hallway (129, 115, 2))
 - (2020-08-29 21:37:56) ATTACK: Bob Joga/(Cockmistress) has shot Bob Joga/(Cockmistress) with [.45 bullet] (NEWHP: 100)  (Central Primary Hallway (129, 115, 2))
 - (2020-08-29 21:38:06) ATTACK: *no key*/(coder monkey (166)) attacked himself to a Muscle Spasm (Space (67, 154, 9))
 - (2020-08-29 21:38:08) ATTACK: *no key*/(coder monkey (166)) attacked himself to a Muscle Spasm (Space (71, 154, 9))
 - (2020-08-29 21:38:24) ATTACK: *no key*/(coder monkey (166)) attacked himself to a Muscle Spasm (Space (103, 154, 9))
 - (2020-08-29 21:39:08) ATTACK: *no key*/(coder monkey (166)) attacked himself to a Muscle Spasm (Space (191, 154, 9))
 - (2020-08-29 21:39:40) ATTACK: *no key*/(coder monkey (166)) attacked himself to a Muscle Spasm (Space (14, 154, 4))
 - (2020-08-29 21:40:35) ATTACK: *no key*/(coder monkey (166)) attacked himself to a Muscle Spasm (Space (113, 154, 4))
 - (2020-08-29 21:41:55) ATTACK: *no key*/(coder monkey (166)) attacked himself to a Muscle Spasm (Space (113, 154, 4))
 - (2020-08-29 21:42:15) ATTACK: *no key*/(coder monkey (166)) attacked himself to a Muscle Spasm (Space (113, 154, 4))
