[2020-08-30 00:31:29.245] Starting up round ID .
 - -------------------------
[2020-08-30 00:31:30.203] INIT: Initialized Profiler subsystem within 0 seconds!
[2020-08-30 00:31:30.352] Fail2Topic: Failed to drop firewall rule. Exit code: 1.
[2020-08-30 00:31:30.353] INIT: Initialized Fail2Topic subsystem within 0.1 seconds!
[2020-08-30 00:31:30.354] INIT: Initialized Title Screen subsystem within 0 seconds!
[2020-08-30 00:31:30.355] INIT: Initialized Database subsystem within 0 seconds!
[2020-08-30 00:31:30.355] INIT: Initialized Blackbox subsystem within 0 seconds!
[2020-08-30 00:31:30.356] INIT: Initialized Server Tasks subsystem within 0 seconds!
[2020-08-30 00:31:30.358] INIT: Initialized Input subsystem within 0 seconds!
[2020-08-30 00:31:30.361] INIT: Initialized Sounds subsystem within 0 seconds!
[2020-08-30 00:31:30.361] INIT: Initialized Vis contents overlays subsystem within 0 seconds!
[2020-08-30 00:31:30.432] INIT: Initialized Research subsystem within 0.1 seconds!
[2020-08-30 00:31:30.434] INIT: Initialized Events subsystem within 0 seconds!
[2020-08-30 00:31:30.439] INIT: Initialized Jobs subsystem within 0 seconds!
[2020-08-30 00:31:30.444] INIT: Initialized Quirks subsystem within 0 seconds!
[2020-08-30 00:31:30.450] INIT: Initialized Ticker subsystem within 0 seconds!
[2020-08-30 00:31:30.463] INIT: Initialized Instruments subsystem within 0 seconds!
[2020-08-30 00:31:46.207] INIT: Initialized Mapping subsystem within 15.8 seconds!
[2020-08-30 00:31:46.209] INIT: Initialized Economy subsystem within 0 seconds!
[2020-08-30 00:31:46.209] INIT: Initialized Networks subsystem within 0 seconds!
[2020-08-30 00:31:46.209] INIT: Initialized Holodeck subsystem within 0 seconds!
[2020-08-30 00:32:16.332] INIT: Initialized Atoms subsystem within 30.1 seconds!
[2020-08-30 00:32:16.347] INIT: Initialized Language subsystem within 0 seconds!
[2020-08-30 00:32:16.547] INIT: Initialized Machines subsystem within 0.2 seconds!
[2020-08-30 00:32:16.589] INIT: Initialized Circuit subsystem within 0 seconds!
[2020-08-30 00:32:17.927] INIT: Initialized Atmos Adjacency subsystem within 1.4 seconds!
[2020-08-30 00:32:17.927] INIT: Initialized Autotransfer Vote subsystem within 0 seconds!
[2020-08-30 00:32:17.927] INIT: Initialized Chemistry subsystem within 0 seconds!
[2020-08-30 00:32:17.927] INIT: Initialized Status Effects subsystem within 0 seconds!
[2020-08-30 00:32:17.928] INIT: Initialized Weather subsystem within 0 seconds!
[2020-08-30 00:32:17.932] INIT: Initialized Disease subsystem within 0 seconds!
[2020-08-30 00:32:17.933] INIT: Initialized Jukeboxes subsystem within 0 seconds!
[2020-08-30 00:32:17.933] INIT: Initialized Medals subsystem within 0 seconds!
[2020-08-30 00:32:18.197] INIT: Initialized Minimaps subsystem within 0.2 seconds!
[2020-08-30 00:32:18.199] INIT: Initialized Night Shift subsystem within 0 seconds!
[2020-08-30 00:32:18.199] INIT: Initialized Parallax subsystem within 0 seconds!
[2020-08-30 00:32:18.199] INIT: Initialized Sun subsystem within 0 seconds!
[2020-08-30 00:32:18.435] INIT: Initialized Traumas subsystem within 0.3 seconds!
[2020-08-30 00:32:18.478] INIT: Initialized Bluespace Locker subsystem within 0 seconds!
[2020-08-30 00:32:18.480] INIT: Initialized Pacification Bans subsystem within 0 seconds!
[2020-08-30 00:32:18.480] INIT: Initialized Logging subsystem within 0 seconds!
[2020-08-30 00:32:18.480] INIT: Initialized Recycling subsystem within 0 seconds!
[2020-08-30 00:32:25.790] INIT: Initialized Atmospherics subsystem within 7.3 seconds!
[2020-08-30 00:32:25.791] INIT: Initialized Atmospherics - Turfs subsystem within 0 seconds!
[2020-08-30 00:32:30.916] INIT: Initialized Assets subsystem within 5.2 seconds!
[2020-08-30 00:32:39.625] INIT: Initialized Icon Smoothing subsystem within 8.7 seconds!
[2020-08-30 00:32:41.743] INIT: Initialized Overlay subsystem within 2.1 seconds!
[2020-08-30 00:32:41.743] INIT: Initialized XKeyScore subsystem within 0 seconds!
[2020-08-30 00:32:41.744] INIT: Initialized Sticky Ban subsystem within 0 seconds!
[2020-08-30 00:32:51.677] INIT: Initialized Lighting subsystem within 9.9 seconds!
[2020-08-30 00:32:55.528] INIT: Initialized Shuttle subsystem within 3.9 seconds!
[2020-08-30 00:32:55.589] INIT: Initialized Minor Mapping subsystem within 0 seconds!
[2020-08-30 00:32:55.590] INIT: Initialized Pathfinder subsystem within 0 seconds!
[2020-08-30 00:32:55.632] INIT: Initialized Persistence subsystem within 0.1 seconds!
[2020-08-30 00:32:55.632] INIT: Initialized Chat subsystem within 0 seconds!
