[2020-09-15 16:21:12.006] Starting up round ID .
 - -------------------------
[2020-09-15 16:21:18.249] INIT: Initialized Profiler subsystem within 0 seconds!
[2020-09-15 16:21:18.448] Fail2Topic: Failed to drop firewall rule. Exit code: 1.
[2020-09-15 16:21:18.449] INIT: Initialized Fail2Topic subsystem within 0.2 seconds!
[2020-09-15 16:21:18.454] INIT: Initialized Title Screen subsystem within 0 seconds!
[2020-09-15 16:21:18.454] INIT: Initialized Database subsystem within 0 seconds!
[2020-09-15 16:21:18.454] INIT: Initialized Blackbox subsystem within 0 seconds!
[2020-09-15 16:21:18.455] INIT: Initialized Server Tasks subsystem within 0 seconds!
[2020-09-15 16:21:18.455] INIT: Initialized Input subsystem within 0 seconds!
[2020-09-15 16:21:18.457] INIT: Initialized Sounds subsystem within 0 seconds!
[2020-09-15 16:21:18.457] INIT: Initialized Vis contents overlays subsystem within 0 seconds!
[2020-09-15 16:21:18.524] INIT: Initialized Research subsystem within 0.1 seconds!
[2020-09-15 16:21:18.528] INIT: Initialized Events subsystem within 0 seconds!
[2020-09-15 16:21:18.533] INIT: Initialized Jobs subsystem within 0 seconds!
[2020-09-15 16:21:18.539] INIT: Initialized Quirks subsystem within 0 seconds!
[2020-09-15 16:21:18.559] INIT: Initialized Ticker subsystem within 0 seconds!
[2020-09-15 16:21:18.572] INIT: Initialized Instruments subsystem within 0 seconds!
[2020-09-15 16:21:38.299] INIT: Initialized Mapping subsystem within 19.7 seconds!
[2020-09-15 16:21:38.313] INIT: Initialized Economy subsystem within 0 seconds!
[2020-09-15 16:21:38.314] INIT: Initialized Networks subsystem within 0 seconds!
[2020-09-15 16:21:38.314] INIT: Initialized Holodeck subsystem within 0 seconds!
[2020-09-15 16:22:12.943] INIT: Initialized Atoms subsystem within 34.6 seconds!
[2020-09-15 16:22:12.975] INIT: Initialized Language subsystem within 0 seconds!
[2020-09-15 16:22:13.133] INIT: Initialized Machines subsystem within 0.2 seconds!
[2020-09-15 16:22:13.188] INIT: Initialized Circuit subsystem within 0 seconds!
[2020-09-15 16:22:14.644] INIT: Initialized Atmos Adjacency subsystem within 1.5 seconds!
[2020-09-15 16:22:14.644] INIT: Initialized Autotransfer Vote subsystem within 0 seconds!
[2020-09-15 16:22:14.644] INIT: Initialized Chemistry subsystem within 0 seconds!
[2020-09-15 16:22:14.644] INIT: Initialized Status Effects subsystem within 0 seconds!
[2020-09-15 16:22:14.645] INIT: Initialized Weather subsystem within 0 seconds!
[2020-09-15 16:22:14.648] INIT: Initialized Disease subsystem within 0 seconds!
[2020-09-15 16:22:14.649] INIT: Initialized Jukeboxes subsystem within 0 seconds!
[2020-09-15 16:22:14.649] INIT: Initialized Medals subsystem within 0 seconds!
[2020-09-15 16:22:14.896] INIT: Initialized Minimaps subsystem within 0.2 seconds!
[2020-09-15 16:22:14.947] INIT: Initialized Night Shift subsystem within 0 seconds!
[2020-09-15 16:22:14.947] INIT: Initialized Parallax subsystem within 0 seconds!
[2020-09-15 16:22:14.947] INIT: Initialized Sun subsystem within 0 seconds!
[2020-09-15 16:22:15.179] INIT: Initialized Traumas subsystem within 0.2 seconds!
[2020-09-15 16:22:15.216] INIT: Initialized Bluespace Locker subsystem within 0.1 seconds!
[2020-09-15 16:22:15.242] INIT: Initialized Pacification Bans subsystem within 0 seconds!
[2020-09-15 16:22:15.242] INIT: Initialized Logging subsystem within 0 seconds!
[2020-09-15 16:22:15.242] INIT: Initialized Recycling subsystem within 0 seconds!
[2020-09-15 16:22:21.826] INIT: Initialized Atmospherics subsystem within 6.6 seconds!
[2020-09-15 16:22:21.827] INIT: Initialized Atmospherics - Turfs subsystem within 0 seconds!
[2020-09-15 16:22:25.010] INIT: Initialized Assets subsystem within 3.2 seconds!
[2020-09-15 16:22:31.282] INIT: Initialized Icon Smoothing subsystem within 6.2 seconds!
[2020-09-15 16:22:32.575] INIT: Initialized Overlay subsystem within 1.3 seconds!
[2020-09-15 16:22:32.575] INIT: Initialized XKeyScore subsystem within 0 seconds!
[2020-09-15 16:22:32.576] INIT: Initialized Sticky Ban subsystem within 0 seconds!
[2020-09-15 16:22:41.053] INIT: Initialized Lighting subsystem within 8.5 seconds!
[2020-09-15 16:22:44.684] INIT: Initialized Shuttle subsystem within 3.6 seconds!
[2020-09-15 16:22:44.725] INIT: Initialized Minor Mapping subsystem within 0.1 seconds!
[2020-09-15 16:22:44.726] INIT: Initialized Pathfinder subsystem within 0 seconds!
[2020-09-15 16:22:44.756] INIT: Initialized Persistence subsystem within 0 seconds!
[2020-09-15 16:22:44.757] INIT: Initialized Chat subsystem within 0 seconds!
