[2020-09-07 05:09:22.372] Starting up round ID .
 - -------------------------
[2020-09-07 05:09:28.486] INIT: Initialized Profiler subsystem within 0 seconds!
[2020-09-07 05:09:28.685] Fail2Topic: Failed to drop firewall rule. Exit code: 1.
[2020-09-07 05:09:28.685] INIT: Initialized Fail2Topic subsystem within 0.2 seconds!
[2020-09-07 05:09:28.689] INIT: Initialized Title Screen subsystem within 0 seconds!
[2020-09-07 05:09:28.690] INIT: Initialized Database subsystem within 0 seconds!
[2020-09-07 05:09:28.690] INIT: Initialized Blackbox subsystem within 0 seconds!
[2020-09-07 05:09:28.690] INIT: Initialized Server Tasks subsystem within 0 seconds!
[2020-09-07 05:09:28.691] INIT: Initialized Input subsystem within 0 seconds!
[2020-09-07 05:09:28.694] INIT: Initialized Sounds subsystem within 0 seconds!
[2020-09-07 05:09:28.695] INIT: Initialized Vis contents overlays subsystem within 0 seconds!
[2020-09-07 05:09:28.768] INIT: Initialized Research subsystem within 0.1 seconds!
[2020-09-07 05:09:28.771] INIT: Initialized Events subsystem within 0 seconds!
[2020-09-07 05:09:28.778] INIT: Initialized Jobs subsystem within 0 seconds!
[2020-09-07 05:09:28.785] INIT: Initialized Quirks subsystem within 0 seconds!
[2020-09-07 05:09:28.791] INIT: Initialized Ticker subsystem within 0 seconds!
[2020-09-07 05:09:28.805] INIT: Initialized Instruments subsystem within 0.1 seconds!
[2020-09-07 05:09:49.938] INIT: Initialized Mapping subsystem within 21.1 seconds!
[2020-09-07 05:09:49.953] INIT: Initialized Economy subsystem within 0 seconds!
[2020-09-07 05:09:49.954] INIT: Initialized Networks subsystem within 0 seconds!
[2020-09-07 05:09:49.954] INIT: Initialized Holodeck subsystem within 0 seconds!
[2020-09-07 05:10:27.175] INIT: Initialized Atoms subsystem within 37.2 seconds!
[2020-09-07 05:10:27.222] INIT: Initialized Language subsystem within 0.1 seconds!
[2020-09-07 05:10:27.409] INIT: Initialized Machines subsystem within 0.2 seconds!
[2020-09-07 05:10:27.452] INIT: Initialized Circuit subsystem within 0 seconds!
[2020-09-07 05:10:29.114] INIT: Initialized Atmos Adjacency subsystem within 1.7 seconds!
[2020-09-07 05:10:29.114] INIT: Initialized Autotransfer Vote subsystem within 0 seconds!
[2020-09-07 05:10:29.114] INIT: Initialized Chemistry subsystem within 0 seconds!
[2020-09-07 05:10:29.114] INIT: Initialized Status Effects subsystem within 0 seconds!
[2020-09-07 05:10:29.115] INIT: Initialized Weather subsystem within 0 seconds!
[2020-09-07 05:10:29.119] INIT: Initialized Disease subsystem within 0 seconds!
[2020-09-07 05:10:29.119] INIT: Initialized Jukeboxes subsystem within 0 seconds!
[2020-09-07 05:10:29.119] INIT: Initialized Medals subsystem within 0 seconds!
[2020-09-07 05:10:29.481] INIT: Initialized Minimaps subsystem within 0.3 seconds!
[2020-09-07 05:10:29.539] INIT: Initialized Night Shift subsystem within 0 seconds!
[2020-09-07 05:10:29.539] INIT: Initialized Parallax subsystem within 0 seconds!
[2020-09-07 05:10:29.539] INIT: Initialized Sun subsystem within 0 seconds!
[2020-09-07 05:10:29.783] INIT: Initialized Traumas subsystem within 0.2 seconds!
[2020-09-07 05:10:29.830] INIT: Initialized Bluespace Locker subsystem within 0.1 seconds!
[2020-09-07 05:10:29.883] INIT: Initialized Pacification Bans subsystem within 0 seconds!
[2020-09-07 05:10:29.883] INIT: Initialized Logging subsystem within 0 seconds!
[2020-09-07 05:10:29.883] INIT: Initialized Recycling subsystem within 0 seconds!
[2020-09-07 05:10:36.846] INIT: Initialized Atmospherics subsystem within 7 seconds!
[2020-09-07 05:10:36.846] INIT: Initialized Atmospherics - Turfs subsystem within 0 seconds!
[2020-09-07 05:10:40.288] INIT: Initialized Assets subsystem within 3.4 seconds!
[2020-09-07 05:10:46.806] INIT: Initialized Icon Smoothing subsystem within 6.5 seconds!
[2020-09-07 05:10:48.142] INIT: Initialized Overlay subsystem within 1.3 seconds!
[2020-09-07 05:10:48.142] INIT: Initialized XKeyScore subsystem within 0 seconds!
[2020-09-07 05:10:48.143] INIT: Initialized Sticky Ban subsystem within 0 seconds!
[2020-09-07 05:10:57.330] INIT: Initialized Lighting subsystem within 9.2 seconds!
[2020-09-07 05:11:01.066] INIT: Initialized Shuttle subsystem within 3.7 seconds!
[2020-09-07 05:11:01.111] INIT: Initialized Minor Mapping subsystem within 0.1 seconds!
[2020-09-07 05:11:01.112] INIT: Initialized Pathfinder subsystem within 0 seconds!
[2020-09-07 05:11:01.145] INIT: Initialized Persistence subsystem within 0 seconds!
[2020-09-07 05:11:01.145] INIT: Initialized Chat subsystem within 0 seconds!
