[2020-09-07 02:35:06.447] Starting up round ID .
 - -------------------------
[2020-09-07 02:35:12.270] INIT: Initialized Profiler subsystem within 0 seconds!
[2020-09-07 02:35:12.468] Fail2Topic: Failed to drop firewall rule. Exit code: 1.
[2020-09-07 02:35:12.469] INIT: Initialized Fail2Topic subsystem within 0.2 seconds!
[2020-09-07 02:35:12.476] INIT: Initialized Title Screen subsystem within 0 seconds!
[2020-09-07 02:35:12.476] INIT: Initialized Database subsystem within 0 seconds!
[2020-09-07 02:35:12.476] INIT: Initialized Blackbox subsystem within 0 seconds!
[2020-09-07 02:35:12.476] INIT: Initialized Server Tasks subsystem within 0 seconds!
[2020-09-07 02:35:12.478] INIT: Initialized Input subsystem within 0 seconds!
[2020-09-07 02:35:12.481] INIT: Initialized Sounds subsystem within 0 seconds!
[2020-09-07 02:35:12.481] INIT: Initialized Vis contents overlays subsystem within 0 seconds!
[2020-09-07 02:35:12.564] INIT: Initialized Research subsystem within 0.1 seconds!
[2020-09-07 02:35:12.567] INIT: Initialized Events subsystem within 0 seconds!
[2020-09-07 02:35:12.574] INIT: Initialized Jobs subsystem within 0 seconds!
[2020-09-07 02:35:12.581] INIT: Initialized Quirks subsystem within 0 seconds!
[2020-09-07 02:35:12.597] INIT: Initialized Ticker subsystem within 0 seconds!
[2020-09-07 02:35:12.611] INIT: Initialized Instruments subsystem within 0.1 seconds!
[2020-09-07 02:35:32.211] INIT: Initialized Mapping subsystem within 19.6 seconds!
[2020-09-07 02:35:32.223] INIT: Initialized Economy subsystem within 0 seconds!
[2020-09-07 02:35:32.224] INIT: Initialized Networks subsystem within 0 seconds!
[2020-09-07 02:35:32.224] INIT: Initialized Holodeck subsystem within 0 seconds!
[2020-09-07 02:36:06.204] INIT: Initialized Atoms subsystem within 34 seconds!
[2020-09-07 02:36:06.234] INIT: Initialized Language subsystem within 0 seconds!
[2020-09-07 02:36:06.388] INIT: Initialized Machines subsystem within 0.1 seconds!
[2020-09-07 02:36:06.424] INIT: Initialized Circuit subsystem within 0.1 seconds!
[2020-09-07 02:36:07.851] INIT: Initialized Atmos Adjacency subsystem within 1.4 seconds!
[2020-09-07 02:36:07.851] INIT: Initialized Autotransfer Vote subsystem within 0 seconds!
[2020-09-07 02:36:07.851] INIT: Initialized Chemistry subsystem within 0 seconds!
[2020-09-07 02:36:07.852] INIT: Initialized Status Effects subsystem within 0 seconds!
[2020-09-07 02:36:07.852] INIT: Initialized Weather subsystem within 0 seconds!
[2020-09-07 02:36:07.856] INIT: Initialized Disease subsystem within 0 seconds!
[2020-09-07 02:36:07.856] INIT: Initialized Jukeboxes subsystem within 0 seconds!
[2020-09-07 02:36:07.856] INIT: Initialized Medals subsystem within 0 seconds!
[2020-09-07 02:36:08.099] INIT: Initialized Minimaps subsystem within 0.2 seconds!
[2020-09-07 02:36:08.154] INIT: Initialized Night Shift subsystem within 0 seconds!
[2020-09-07 02:36:08.154] INIT: Initialized Parallax subsystem within 0 seconds!
[2020-09-07 02:36:08.154] INIT: Initialized Sun subsystem within 0 seconds!
[2020-09-07 02:36:08.378] INIT: Initialized Traumas subsystem within 0.2 seconds!
[2020-09-07 02:36:08.419] INIT: Initialized Bluespace Locker subsystem within 0.1 seconds!
[2020-09-07 02:36:08.460] INIT: Initialized Pacification Bans subsystem within 0 seconds!
[2020-09-07 02:36:08.460] INIT: Initialized Logging subsystem within 0 seconds!
[2020-09-07 02:36:08.460] INIT: Initialized Recycling subsystem within 0 seconds!
[2020-09-07 02:36:15.000] INIT: Initialized Atmospherics subsystem within 6.6 seconds!
[2020-09-07 02:36:15.000] INIT: Initialized Atmospherics - Turfs subsystem within 0 seconds!
[2020-09-07 02:36:18.184] INIT: Initialized Assets subsystem within 3.1 seconds!
[2020-09-07 02:36:24.362] INIT: Initialized Icon Smoothing subsystem within 6.1 seconds!
[2020-09-07 02:36:25.661] INIT: Initialized Overlay subsystem within 1.3 seconds!
[2020-09-07 02:36:25.661] INIT: Initialized XKeyScore subsystem within 0 seconds!
[2020-09-07 02:36:25.662] INIT: Initialized Sticky Ban subsystem within 0 seconds!
[2020-09-07 02:36:33.638] INIT: Initialized Lighting subsystem within 8 seconds!
[2020-09-07 02:36:37.190] INIT: Initialized Shuttle subsystem within 3.5 seconds!
[2020-09-07 02:36:37.233] INIT: Initialized Minor Mapping subsystem within 0.1 seconds!
[2020-09-07 02:36:37.235] INIT: Initialized Pathfinder subsystem within 0 seconds!
[2020-09-07 02:36:37.267] INIT: Initialized Persistence subsystem within 0 seconds!
[2020-09-07 02:36:37.267] INIT: Initialized Chat subsystem within 0 seconds!
