[2020-08-28 01:26:14.674] Starting up round ID .
 - -------------------------
[2020-08-28 01:26:20.631] INIT: Initialized Profiler subsystem within 0 seconds!
[2020-08-28 01:26:20.835] Fail2Topic: Failed to drop firewall rule. Exit code: 1.
[2020-08-28 01:26:20.835] INIT: Initialized Fail2Topic subsystem within 0.2 seconds!
[2020-08-28 01:26:20.840] INIT: Initialized Title Screen subsystem within 0 seconds!
[2020-08-28 01:26:20.841] INIT: Initialized Database subsystem within 0 seconds!
[2020-08-28 01:26:20.842] INIT: Initialized Blackbox subsystem within 0 seconds!
[2020-08-28 01:26:20.842] INIT: Initialized Server Tasks subsystem within 0 seconds!
[2020-08-28 01:26:20.844] INIT: Initialized Input subsystem within 0 seconds!
[2020-08-28 01:26:20.846] INIT: Initialized Sounds subsystem within 0 seconds!
[2020-08-28 01:26:20.847] INIT: Initialized Vis contents overlays subsystem within 0 seconds!
[2020-08-28 01:26:20.914] INIT: Initialized Research subsystem within 0.1 seconds!
[2020-08-28 01:26:20.917] INIT: Initialized Events subsystem within 0 seconds!
[2020-08-28 01:26:20.922] INIT: Initialized Jobs subsystem within 0 seconds!
[2020-08-28 01:26:20.927] INIT: Initialized Quirks subsystem within 0 seconds!
[2020-08-28 01:26:20.934] INIT: Initialized Ticker subsystem within 0 seconds!
[2020-08-28 01:26:20.948] INIT: Initialized Instruments subsystem within 0 seconds!
[2020-08-28 01:26:39.873] INIT: Initialized Mapping subsystem within 18.9 seconds!
[2020-08-28 01:26:39.889] INIT: Initialized Economy subsystem within 0 seconds!
[2020-08-28 01:26:39.890] INIT: Initialized Networks subsystem within 0 seconds!
[2020-08-28 01:26:39.890] INIT: Initialized Holodeck subsystem within 0 seconds!
[2020-08-28 01:27:13.990] INIT: Initialized Atoms subsystem within 34 seconds!
[2020-08-28 01:27:14.015] INIT: Initialized Language subsystem within 0 seconds!
[2020-08-28 01:27:14.159] INIT: Initialized Machines subsystem within 0.1 seconds!
[2020-08-28 01:27:14.194] INIT: Initialized Circuit subsystem within 0 seconds!
[2020-08-28 01:27:15.429] INIT: Initialized Atmos Adjacency subsystem within 1.3 seconds!
[2020-08-28 01:27:15.429] INIT: Initialized Autotransfer Vote subsystem within 0 seconds!
[2020-08-28 01:27:15.429] INIT: Initialized Chemistry subsystem within 0 seconds!
[2020-08-28 01:27:15.429] INIT: Initialized Status Effects subsystem within 0 seconds!
[2020-08-28 01:27:15.430] INIT: Initialized Weather subsystem within 0 seconds!
[2020-08-28 01:27:15.433] INIT: Initialized Disease subsystem within 0 seconds!
[2020-08-28 01:27:15.434] INIT: Initialized Jukeboxes subsystem within 0 seconds!
[2020-08-28 01:27:15.434] INIT: Initialized Medals subsystem within 0 seconds!
[2020-08-28 01:27:15.674] INIT: Initialized Minimaps subsystem within 0.2 seconds!
[2020-08-28 01:27:15.721] INIT: Initialized Night Shift subsystem within 0 seconds!
[2020-08-28 01:27:15.721] INIT: Initialized Parallax subsystem within 0 seconds!
[2020-08-28 01:27:15.721] INIT: Initialized Sun subsystem within 0 seconds!
[2020-08-28 01:27:15.929] INIT: Initialized Traumas subsystem within 0.2 seconds!
[2020-08-28 01:27:15.964] INIT: Initialized Bluespace Locker subsystem within 0 seconds!
[2020-08-28 01:27:15.964] INIT: Initialized Pacification Bans subsystem within 0 seconds!
[2020-08-28 01:27:15.964] INIT: Initialized Logging subsystem within 0 seconds!
[2020-08-28 01:27:15.964] INIT: Initialized Recycling subsystem within 0 seconds!
[2020-08-28 01:27:21.899] INIT: Initialized Atmospherics subsystem within 5.9 seconds!
[2020-08-28 01:27:21.899] INIT: Initialized Atmospherics - Turfs subsystem within 0 seconds!
[2020-08-28 01:27:24.838] INIT: Initialized Assets subsystem within 3 seconds!
[2020-08-28 01:27:31.478] INIT: Initialized Icon Smoothing subsystem within 6.6 seconds!
[2020-08-28 01:27:33.077] INIT: Initialized Overlay subsystem within 1.6 seconds!
[2020-08-28 01:27:33.077] INIT: Initialized XKeyScore subsystem within 0 seconds!
[2020-08-28 01:27:33.077] INIT: Initialized Sticky Ban subsystem within 0 seconds!
[2020-08-28 01:27:42.002] INIT: Initialized Lighting subsystem within 9 seconds!
[2020-08-28 01:27:45.427] INIT: Initialized Shuttle subsystem within 3.4 seconds!
[2020-08-28 01:27:45.465] INIT: Initialized Minor Mapping subsystem within 0 seconds!
[2020-08-28 01:27:45.465] INIT: Initialized Pathfinder subsystem within 0 seconds!
[2020-08-28 01:27:45.494] INIT: Initialized Persistence subsystem within 0 seconds!
[2020-08-28 01:27:45.494] INIT: Initialized Chat subsystem within 0 seconds!
