[2020-09-17 13:02:49.202] Starting up round ID .
 - -------------------------
[2020-09-17 13:02:55.577] INIT: Initialized Profiler subsystem within 0 seconds!
[2020-09-17 13:02:55.779] Fail2Topic: Failed to drop firewall rule. Exit code: 1.
[2020-09-17 13:02:55.779] INIT: Initialized Fail2Topic subsystem within 0.2 seconds!
[2020-09-17 13:02:55.781] INIT: Initialized Title Screen subsystem within 0 seconds!
[2020-09-17 13:02:55.781] INIT: Initialized Database subsystem within 0 seconds!
[2020-09-17 13:02:55.781] INIT: Initialized Blackbox subsystem within 0 seconds!
[2020-09-17 13:02:55.781] INIT: Initialized Server Tasks subsystem within 0 seconds!
[2020-09-17 13:02:55.784] INIT: Initialized Input subsystem within 0 seconds!
[2020-09-17 13:02:55.788] INIT: Initialized Sounds subsystem within 0 seconds!
[2020-09-17 13:02:55.789] INIT: Initialized Vis contents overlays subsystem within 0 seconds!
[2020-09-17 13:02:55.879] INIT: Initialized Research subsystem within 0.1 seconds!
[2020-09-17 13:02:55.882] INIT: Initialized Events subsystem within 0 seconds!
[2020-09-17 13:02:55.890] INIT: Initialized Jobs subsystem within 0 seconds!
[2020-09-17 13:02:55.896] INIT: Initialized Quirks subsystem within 0 seconds!
[2020-09-17 13:02:55.903] INIT: Initialized Ticker subsystem within 0.1 seconds!
[2020-09-17 13:02:55.919] INIT: Initialized Instruments subsystem within 0 seconds!
[2020-09-17 13:03:14.901] INIT: Initialized Mapping subsystem within 19 seconds!
[2020-09-17 13:03:14.914] INIT: Initialized Economy subsystem within 0 seconds!
[2020-09-17 13:03:14.915] INIT: Initialized Networks subsystem within 0 seconds!
[2020-09-17 13:03:14.915] INIT: Initialized Holodeck subsystem within 0 seconds!
[2020-09-17 13:03:50.886] INIT: Initialized Atoms subsystem within 35.9 seconds!
[2020-09-17 13:03:50.922] INIT: Initialized Language subsystem within 0.1 seconds!
[2020-09-17 13:03:51.105] INIT: Initialized Machines subsystem within 0.2 seconds!
[2020-09-17 13:03:51.141] INIT: Initialized Circuit subsystem within 0 seconds!
[2020-09-17 13:03:52.407] INIT: Initialized Atmos Adjacency subsystem within 1.3 seconds!
[2020-09-17 13:03:52.407] INIT: Initialized Autotransfer Vote subsystem within 0 seconds!
[2020-09-17 13:03:52.407] INIT: Initialized Chemistry subsystem within 0 seconds!
[2020-09-17 13:03:52.408] INIT: Initialized Status Effects subsystem within 0 seconds!
[2020-09-17 13:03:52.409] INIT: Initialized Weather subsystem within 0 seconds!
[2020-09-17 13:03:52.412] INIT: Initialized Disease subsystem within 0 seconds!
[2020-09-17 13:03:52.412] INIT: Initialized Jukeboxes subsystem within 0 seconds!
[2020-09-17 13:03:52.413] INIT: Initialized Medals subsystem within 0 seconds!
[2020-09-17 13:03:52.680] INIT: Initialized Minimaps subsystem within 0.2 seconds!
[2020-09-17 13:03:52.723] INIT: Initialized Night Shift subsystem within 0 seconds!
[2020-09-17 13:03:52.724] INIT: Initialized Parallax subsystem within 0 seconds!
[2020-09-17 13:03:52.724] INIT: Initialized Sun subsystem within 0 seconds!
[2020-09-17 13:03:52.954] INIT: Initialized Traumas subsystem within 0.2 seconds!
[2020-09-17 13:03:53.020] INIT: Initialized Bluespace Locker subsystem within 0.1 seconds!
[2020-09-17 13:03:53.071] INIT: Initialized Pacification Bans subsystem within 0 seconds!
[2020-09-17 13:03:53.072] INIT: Initialized Logging subsystem within 0 seconds!
[2020-09-17 13:03:53.072] INIT: Initialized Recycling subsystem within 0 seconds!
[2020-09-17 13:04:00.310] INIT: Initialized Atmospherics subsystem within 7.3 seconds!
[2020-09-17 13:04:00.310] INIT: Initialized Atmospherics - Turfs subsystem within 0 seconds!
[2020-09-17 13:04:04.322] INIT: Initialized Assets subsystem within 4 seconds!
[2020-09-17 13:04:11.204] INIT: Initialized Icon Smoothing subsystem within 6.9 seconds!
[2020-09-17 13:04:12.492] INIT: Initialized Overlay subsystem within 1.2 seconds!
[2020-09-17 13:04:12.492] INIT: Initialized XKeyScore subsystem within 0 seconds!
[2020-09-17 13:04:12.493] INIT: Initialized Sticky Ban subsystem within 0 seconds!
[2020-09-17 13:04:21.868] INIT: Initialized Lighting subsystem within 9.4 seconds!
[2020-09-17 13:04:26.171] INIT: Initialized Shuttle subsystem within 4.3 seconds!
[2020-09-17 13:04:26.213] INIT: Initialized Minor Mapping subsystem within 0.1 seconds!
[2020-09-17 13:04:26.214] INIT: Initialized Pathfinder subsystem within 0 seconds!
[2020-09-17 13:04:26.245] INIT: Initialized Persistence subsystem within 0 seconds!
[2020-09-17 13:04:26.246] INIT: Initialized Chat subsystem within 0 seconds!
