[2020-09-14 16:50:14.042] Starting up round ID .
 - -------------------------
[2020-09-14 17:03:26.099] Logs from logging subsystem:
 - (2020-09-14 13:53:23) ATTACK: [turret] has fired at *no key*/(goliath) with [bullet] from Lavaland Wastes (NEWHP: 300)  (Syndicate Lavaland Circuit Lab (183, 169, 6))
 - (2020-09-14 13:53:23) ATTACK: [turret] has fired at *no key*/(shambling miner) with [bullet] from Lavaland Wastes (NEWHP: 200)  (Syndicate Lavaland Experimentation Lab (152, 211, 6))
 - (2020-09-14 13:53:24) ATTACK: [turret] has fired at *no key*/(goliath) with [bullet] from Lavaland Wastes (NEWHP: 300)  (Syndicate Lavaland Circuit Lab (183, 169, 6))
 - (2020-09-14 13:53:24) ATTACK: [turret] has fired at *no key*/(shambling miner) with [bullet] from Lavaland Wastes (NEWHP: 200)  (Syndicate Lavaland Experimentation Lab (152, 211, 6))
 - (2020-09-14 13:53:26) ATTACK: *no key*/(goliath) has been shot by the turret with the bullet (Lavaland Wastes (191, 163, 6))
 - (2020-09-14 13:53:26) ATTACK: *no key*/(goliath) has been shot by the turret with the bullet (Lavaland Wastes (191, 163, 6))
 - (2020-09-14 13:53:27) ATTACK: [turret] has fired at *no key*/(goliath) with [bullet] from Lavaland Wastes (NEWHP: 180)  (Syndicate Lavaland Circuit Lab (183, 169, 6))
 - (2020-09-14 13:53:27) ATTACK: *no key*/(goliath) has been shot by the turret with the bullet (Lavaland Wastes (190, 164, 6))
 - (2020-09-14 13:53:29) ATTACK: [turret] has fired at *no key*/(goliath) with [bullet] from Lavaland Wastes (NEWHP: 120)  (Syndicate Lavaland Engineering (186, 173, 6))
 - (2020-09-14 13:53:29) ATTACK: [turret] has fired at *no key*/(goliath) with [bullet] from Lavaland Wastes (NEWHP: 120)  (Syndicate Lavaland Circuit Lab (183, 169, 6))
 - (2020-09-14 13:53:29) ATTACK: *no key*/(goliath) has been shot by the turret with the bullet (Lavaland Wastes (191, 164, 6))
 - (2020-09-14 13:53:31) ATTACK: [turret] has fired at *no key*/(goliath) with [bullet] from Lavaland Wastes (NEWHP: 60)  (Syndicate Lavaland Engineering (186, 173, 6))
 - (2020-09-14 13:53:31) ATTACK: [turret] has fired at *no key*/(goliath) with [bullet] from Lavaland Wastes (NEWHP: 60)  (Syndicate Lavaland Circuit Lab (183, 169, 6))
 - (2020-09-14 13:53:31) ATTACK: *no key*/(goliath) has been shot by the turret with the bullet (Lavaland Wastes (191, 165, 6))
 - (2020-09-14 13:54:26) ATTACK: *no key*/(Quoc Kite) has suffered: Second Degree Burns to left hand | Damage: 10.8(rolled 26/27.9765) (Small Freighter (148, 206, 3))
 - (2020-09-14 13:55:00) ATTACK: *no key*/(Quoc Kite) has suffered: Second Degree Burns to left arm | Damage: 10.8(rolled 27/27.9765) (Small Freighter (148, 206, 3))
 - (2020-09-14 13:55:02) ATTACK: *no key*/(Manali Shariff) has suffered: Second Degree Burns to right foot | Damage: 10.8(rolled 27/27.9765) (Tiny Freighter (204, 205, 3))
 - (2020-09-14 13:55:06) ATTACK: *no key*/(Topcake) has suffered: Second Degree Burns to right leg | Damage: 10.8(rolled 26/27.9765) (Unexplored Location (119, 102, 7))
 - (2020-09-14 13:55:08) ATTACK: *no key*/(Buster Frown) has suffered: Second Degree Burns to groin | Damage: 10.8(rolled 26/27.9765) (Unexplored Location (118, 100, 7))
 - (2020-09-14 13:55:28) ATTACK: *no key*/(Jo Jo Bobo Bo) has suffered: Second Degree Burns to left arm | Damage: 10.8(rolled 27/27.9765) (Unexplored Location (121, 99, 7))
 - (2020-09-14 13:55:28) ATTACK: *no key*/(Buster Frown) has suffered: Hip Dislocation to groin | Damage: 8.8(rolled 5/21.0027) (Unexplored Location (118, 100, 7))
 - (2020-09-14 13:55:59) ATTACK: *no key*/(Buster Frown) has suffered: Second Degree Burns to right leg | Damage: 10.8(rolled 27/27.9765) (Unexplored Location (118, 100, 7))
 - (2020-09-14 13:56:05) ATTACK: *no key*/(Quoc Kite) has suffered: Second Degree Burns to right leg | Damage: 10.8(rolled 26/27.9765) (Small Freighter (148, 206, 3))
 - (2020-09-14 13:56:37) ATTACK: *no key*/(Jelani Mojica) has suffered: Second Degree Burns to right hand | Damage: 10.8(rolled 26/27.9765) (Small Freighter (141, 208, 3))
 - (2020-09-14 13:56:39) ATTACK: *no key*/(Manali Shariff) has suffered: Second Degree Burns to groin | Damage: 10.8(rolled 26/27.9765) (Tiny Freighter (204, 205, 3))
 - (2020-09-14 13:56:59) ATTACK: *no key*/(Jelani Mojica) has suffered: Second Degree Burns to right arm | Damage: 10.8(rolled 26/27.9765) (Small Freighter (141, 208, 3))
 - (2020-09-14 13:57:01) ATTACK: *no key*/(Jo Jo Bobo Bo) has suffered: Second Degree Burns to chest | Damage: 10.8(rolled 26/27.9765) (Unexplored Location (121, 99, 7))
 - (2020-09-14 13:57:01) ATTACK: *no key*/(Topcake) has suffered: Second Degree Burns to right hand | Damage: 10.8(rolled 27/27.9765) (Unexplored Location (119, 102, 7))
 - (2020-09-14 13:57:03) ATTACK: *no key*/(Jo Jo Bobo Bo) has suffered: Rib Dislocation to chest | Damage: 8.8(rolled 7/21.0027) (Unexplored Location (121, 99, 7))
 - (2020-09-14 13:57:05) ATTACK: *no key*/(Buster Frown) has suffered: Hairline Fracture to groin | Damage: 8.8(rolled 4/21.0027) (Unexplored Location (118, 100, 7))
 - (2020-09-14 13:57:07) ATTACK: *no key*/(Manali Shariff) has suffered: Second Degree Burns to left leg | Damage: 10.8(rolled 26/27.9765) (Tiny Freighter (204, 205, 3))
 - (2020-09-14 13:57:11) ATTACK: *no key*/(Buster Frown) has suffered: Open Laceration to groin | Damage: 5.4(rolled 1/10.6011) (Unexplored Location (118, 100, 7))
 - (2020-09-14 13:57:39) ATTACK: *no key*/(Jo Jo Bobo Bo) has suffered: Hairline Fracture to chest | Damage: 9.9(rolled 11/24.7679) (Unexplored Location (121, 99, 7))
 - (2020-09-14 13:57:43) ATTACK: *no key*/(Manali Shariff) has suffered: Second Degree Burns to chest | Damage: 10.8(rolled 27/27.9765) (Tiny Freighter (204, 205, 3))
 - (2020-09-14 13:57:49) ATTACK: *no key*/(Jo Jo Bobo Bo) has suffered: Open Laceration to chest | Damage: 5.4(rolled 1/10.6011) (Unexplored Location (121, 99, 7))
 - (2020-09-14 13:58:07) ATTACK: *no key*/(Manali Shariff) has suffered: Rib Dislocation to chest | Damage: 8.8(rolled 1/21.0027) (Tiny Freighter (204, 205, 3))
 - (2020-09-14 13:58:21) ATTACK: *no key*/(Topcake) has suffered: Second Degree Burns to left leg | Damage: 10.8(rolled 27/27.9765) (Unexplored Location (119, 102, 7))
 - (2020-09-14 13:58:31) ATTACK: *no key*/(coder monkey (639)) has suffered: Joint Dislocation to left foot | Damage: 20(rolled 54/66.2891) | WB: 2 (Space (142, 81, 3))
 - (2020-09-14 13:58:33) ATTACK: *no key*/(Buster Frown) has suffered: Open Laceration to groin | Damage: 5.4(rolled 5/10.6011) (Unexplored Location (118, 100, 7))
 - (2020-09-14 13:58:33) ATTACK: *no key*/(Manali Shariff) has suffered: Hairline Fracture to chest | Damage: 9.9(rolled 22/24.7679) (Tiny Freighter (204, 205, 3))
 - (2020-09-14 13:58:37) ATTACK: *no key*/(Jo Jo Bobo Bo) has suffered: Second Degree Burns to right hand | Damage: 10.8(rolled 26/27.9765) (Unexplored Location (121, 99, 7))
 - (2020-09-14 13:58:37) ATTACK: *no key*/(Manali Shariff) has suffered: Hip Dislocation to groin | Damage: 8.8(rolled 4/21.0027) (Tiny Freighter (204, 205, 3))
 - (2020-09-14 13:58:44) ATTACK: *no key*/(Manali Shariff) has suffered: Hairline Fracture to groin | Damage: 9.9(rolled 23/24.7679) (Tiny Freighter (204, 205, 3))
 - (2020-09-14 13:59:02) ATTACK: *no key*/(Buster Frown) has suffered: Second Degree Burns to chest | Damage: 10.8(rolled 27/27.9765) (Unexplored Location (118, 100, 7))
 - (2020-09-14 13:59:04) ATTACK: *no key*/(Buster Frown) has suffered: Rib Dislocation to chest | Damage: 8.8(rolled 13/21.0027) (Unexplored Location (118, 100, 7))
 - (2020-09-14 13:59:08) ATTACK: *no key*/(Jo Jo Bobo Bo) has suffered: Weeping Avulsion to chest | Damage: 5.4(rolled 7/10.6011) (Unexplored Location (121, 99, 7))
 - (2020-09-14 13:59:12) ATTACK: *no key*/(Buster Frown) has suffered: Hairline Fracture to chest | Damage: 8.8(rolled 10/21.0027) (Unexplored Location (118, 100, 7))
 - (2020-09-14 13:59:14) ATTACK: *no key*/(Manali Shariff) has suffered: Open Laceration to groin | Damage: 5.4(rolled 1/10.6011) (Tiny Freighter (204, 205, 3))
 - (2020-09-14 13:59:30) ATTACK: *no key*/(Manali Shariff) has suffered: Weeping Avulsion to chest | Damage: 5.4(rolled 9/10.6011) (Tiny Freighter (204, 205, 3))
 - (2020-09-14 13:59:42) ATTACK: *no key*/(Buster Frown) has suffered: Open Laceration to chest | Damage: 5.4(rolled 4/10.6011) (Unexplored Location (118, 100, 7))
 - (2020-09-14 13:59:44) ATTACK: *no key*/(Buster Frown) has suffered: Open Laceration to groin | Damage: 5.4(rolled 4/10.6011) (Unexplored Location (118, 100, 7))
 - (2020-09-14 13:59:46) ATTACK: *no key*/(Manali Shariff) has suffered: Open Laceration to groin | Damage: 5.4(rolled 4/10.6011) (Tiny Freighter (204, 205, 3))
 - (2020-09-14 13:59:56) ATTACK: *no key*/(Jelani Mojica) has suffered: Second Degree Burns to right leg | Damage: 10.8(rolled 26/27.9765) (Small Freighter (141, 208, 3))
 - (2020-09-14 14:00:08) ATTACK: *no key*/(Jo Jo Bobo Bo) has suffered: Second Degree Burns to right foot | Damage: 10.8(rolled 27/27.9765) (Unexplored Location (121, 99, 7))
 - (2020-09-14 14:00:12) ATTACK: *no key*/(Quoc Kite) has suffered: Second Degree Burns to right hand | Damage: 10.8(rolled 26/27.9765) (Small Freighter (148, 206, 3))
 - (2020-09-14 14:00:28) ATTACK: *no key*/(Jelani Mojica) has suffered: Second Degree Burns to chest | Damage: 10.8(rolled 27/27.9765) (Small Freighter (141, 208, 3))
 - (2020-09-14 14:00:32) ATTACK: *no key*/(Topcake) has suffered: Second Degree Burns to left arm | Damage: 10.8(rolled 26/27.9765) (Unexplored Location (119, 102, 7))
 - (2020-09-14 14:00:40) ATTACK: *no key*/(Buster Frown) has suffered: Weeping Avulsion to groin | Damage: 5.4(rolled 9/10.6011) (Unexplored Location (118, 100, 7))
 - (2020-09-14 14:00:48) ATTACK: *no key*/(Jelani Mojica) has suffered: Rib Dislocation to chest | Damage: 9.9(rolled 2/24.7679) (Small Freighter (141, 208, 3))
 - (2020-09-14 14:00:48) ATTACK: *no key*/(Topcake) has suffered: Second Degree Burns to chest | Damage: 10.8(rolled 26/27.9765) (Unexplored Location (119, 102, 7))
 - (2020-09-14 14:00:56) ATTACK: *no key*/(Topcake) has suffered: Rib Dislocation to chest | Damage: 9.9(rolled 13/24.7679) (Unexplored Location (119, 102, 7))
 - (2020-09-14 14:01:10) ATTACK: *no key*/(Topcake) has suffered: Hairline Fracture to chest | Damage: 9.9(rolled 12/24.7679) (Unexplored Location (119, 102, 7))
 - (2020-09-14 14:01:12) ATTACK: *no key*/(Topcake) has suffered: Weeping Avulsion to chest | Damage: 5.4(rolled 7/10.6011) (Unexplored Location (119, 102, 7))
 - (2020-09-14 14:01:34) ATTACK: *no key*/(Quoc Kite) has suffered: Second Degree Burns to right foot | Damage: 10.8(rolled 26/27.9765) (Small Freighter (148, 206, 3))
 - (2020-09-14 14:01:40) ATTACK: *no key*/(Manali Shariff) has suffered: Open Laceration to groin | Damage: 5.4(rolled 2/10.6011) (Tiny Freighter (204, 205, 3))
 - (2020-09-14 14:01:48) ATTACK: *no key*/(Jelani Mojica) has suffered: Hairline Fracture to chest | Damage: 9.9(rolled 8/24.7679) (Small Freighter (141, 208, 3))
 - (2020-09-14 14:01:50) ATTACK: *no key*/(Manali Shariff) has suffered: Weeping Avulsion to groin | Damage: 5.4(rolled 4/10.6011) (Tiny Freighter (204, 205, 3))
 - (2020-09-14 14:02:02) ATTACK: *no key*/(Buster Frown) has suffered: Second Degree Burns to left hand | Damage: 10.8(rolled 26/27.9765) (Unexplored Location (118, 100, 7))
 - (2020-09-14 14:02:06) ATTACK: *no key*/(Jelani Mojica) has suffered: Second Degree Burns to left foot | Damage: 10.8(rolled 26/27.9765) (Small Freighter (141, 208, 3))
 - (2020-09-14 14:02:22) ATTACK: *no key*/(Quoc Kite) has suffered: Second Degree Burns to groin | Damage: 10.8(rolled 27/27.9765) (Small Freighter (148, 206, 3))
 - (2020-09-14 14:02:28) ATTACK: *no key*/(Buster Frown) has suffered: Second Degree Burns to left leg | Damage: 10.8(rolled 26/27.9765) (Unexplored Location (118, 100, 7))
 - (2020-09-14 14:02:30) ATTACK: *no key*/(Quoc Kite) has suffered: Hairline Fracture to groin | Damage: 9.9(rolled 16/24.7679) (Small Freighter (148, 206, 3))
 - (2020-09-14 14:02:44) ATTACK: *no key*/(Jelani Mojica) has suffered: Weeping Avulsion to chest | Damage: 5.4(rolled 7/10.6011) (Small Freighter (141, 208, 3))
 - (2020-09-14 14:02:53) ATTACK: *no key*/(Quoc Kite) has suffered: Open Laceration to groin | Damage: 5.4(rolled 2/10.6011) (Small Freighter (148, 206, 3))
 - (2020-09-14 14:03:07) ATTACK: *no key*/(Jo Jo Bobo Bo) has suffered: Second Degree Burns to left hand | Damage: 10.8(rolled 27/27.9765) (Unexplored Location (121, 99, 7))
 - (2020-09-14 14:03:09) ATTACK: *no key*/(Jo Jo Bobo Bo) has suffered: Hip Dislocation to groin | Damage: 9(rolled 21/21.674) (Unexplored Location (121, 99, 7))
[2020-09-14 17:13:29.564] Logs from logging subsystem:
 - (2020-09-14 14:03:31) ATTACK: *no key*/(Topcake) has suffered: Second Degree Burns to right foot | Damage: 10.8(rolled 26/27.9765) (Unexplored Location (119, 102, 7))
 - (2020-09-14 14:04:44) ATTACK: *no key*/(Buster Frown) has suffered: Weeping Avulsion to chest | Damage: 5.4(rolled 8/10.6011) (Unexplored Location (118, 100, 7))
 - (2020-09-14 14:05:04) ATTACK: *no key*/(Quoc Kite) has suffered: Open Laceration to groin | Damage: 5.4(rolled 3/10.6011) (Small Freighter (148, 206, 3))
 - (2020-09-14 14:05:28) ATTACK: *no key*/(Manali Shariff) has suffered: Second Degree Burns to right hand | Damage: 10.8(rolled 27/27.9765) (Tiny Freighter (204, 205, 3))
 - (2020-09-14 14:05:30) ATTACK: *no key*/(Buster Frown) has suffered: Second Degree Burns to right arm | Damage: 10.8(rolled 27/27.9765) (Unexplored Location (118, 100, 7))
 - (2020-09-14 14:05:43) ATTACK: *no key*/(Manali Shariff) has suffered: Second Degree Burns to left foot | Damage: 10.8(rolled 26/27.9765) (Tiny Freighter (204, 205, 3))
 - (2020-09-14 14:06:31) ATTACK: *no key*/(Quoc Kite) has suffered: Weeping Avulsion to groin | Damage: 5.4(rolled 6/10.6011) (Small Freighter (148, 206, 3))
 - (2020-09-14 14:06:43) ATTACK: *no key*/(Jelani Mojica) has suffered: Second Degree Burns to groin | Damage: 10.8(rolled 27/27.9765) (Small Freighter (141, 208, 3))
 - (2020-09-14 14:06:45) ATTACK: *no key*/(Jo Jo Bobo Bo) has suffered: Second Degree Burns to groin | Damage: 10.8(rolled 21/27.9765) (Unexplored Location (121, 99, 7))
 - (2020-09-14 14:06:57) ATTACK: *no key*/(Jo Jo Bobo Bo) has suffered: Hairline Fracture to groin | Damage: 9.9(rolled 5/24.7679) (Unexplored Location (121, 99, 7))
 - (2020-09-14 14:07:01) ATTACK: *no key*/(Jelani Mojica) has suffered: Hip Dislocation to groin | Damage: 8.8(rolled 8/21.0027) (Small Freighter (141, 208, 3))
 - (2020-09-14 14:07:23) ATTACK: *no key*/(Jelani Mojica) has suffered: Hairline Fracture to groin | Damage: 9.9(rolled 20/24.7679) (Small Freighter (141, 208, 3))
 - (2020-09-14 14:07:27) ATTACK: *no key*/(Buster Frown) has suffered: Second Degree Burns to left arm | Damage: 10.8(rolled 27/27.9765) (Unexplored Location (118, 100, 7))
 - (2020-09-14 14:07:35) ATTACK: *no key*/(Jo Jo Bobo Bo) has suffered: Weeping Avulsion to groin | Damage: 5.4(rolled 8/10.6011) (Unexplored Location (121, 99, 7))
 - (2020-09-14 14:07:45) ATTACK: *no key*/(Jo Jo Bobo Bo) has suffered: Second Degree Burns to left leg | Damage: 10.8(rolled 27/27.9765) (Unexplored Location (121, 99, 7))
 - (2020-09-14 14:07:51) ATTACK: *no key*/(Jelani Mojica) has suffered: Open Laceration to groin | Damage: 5.4(rolled 5/10.6011) (Small Freighter (141, 208, 3))
 - (2020-09-14 14:09:01) ATTACK: *no key*/(Topcake) has suffered: Second Degree Burns to left foot | Damage: 10.8(rolled 27/27.9765) (Unexplored Location (119, 102, 7))
 - (2020-09-14 14:09:19) ATTACK: *no key*/(Jelani Mojica) has suffered: Weeping Avulsion to groin | Damage: 5.4(rolled 9/10.6011) (Small Freighter (141, 208, 3))
 - (2020-09-14 14:10:44) ATTACK: *no key*/(Jo Jo Bobo Bo) has suffered: Second Degree Burns to right arm | Damage: 10.8(rolled 27/27.9765) (Unexplored Location (121, 99, 7))
 - (2020-09-14 14:12:10) ATTACK: *no key*/(Buster Frown) has suffered: Second Degree Burns to left foot | Damage: 10.8(rolled 27/27.9765) (Unexplored Location (118, 100, 7))
 - (2020-09-14 14:12:50) ATTACK: *no key*/(Jo Jo Bobo Bo) has suffered: Second Degree Burns to left foot | Damage: 10.8(rolled 26/27.9765) (Unexplored Location (121, 99, 7))
[2020-09-14 17:18:50.357] Logs from logging subsystem:
 - (2020-09-14 14:14:16) ATTACK: *no key*/(Buster Frown) has suffered: Second Degree Burns to right hand | Damage: 10.8(rolled 26/27.9765) (Unexplored Location (118, 100, 7))
 - (2020-09-14 14:14:38) ATTACK: *no key*/(Manali Shariff) has suffered: Second Degree Burns to left hand | Damage: 10.8(rolled 27/27.9765) (Tiny Freighter (204, 205, 3))
 - (2020-09-14 14:16:49) ATTACK: [turret] has fired at *no key*/(coder monkey (712)) with [laser] from Unexplored Location (NEWHP: 91.5)  (Unexplored Location (143, 81, 8))
 - (2020-09-14 14:16:49) ATTACK: [turret] has fired at *no key*/(coder monkey (712)) with [laser] from Unexplored Location (NEWHP: 91.5)  (Unexplored Location (138, 81, 8))
 - (2020-09-14 14:16:50) ATTACK: *no key*/(coder monkey (712)) has been shot by the turret with the laser (Unexplored Location (141, 80, 8))
 - (2020-09-14 14:16:50) ATTACK: *no key*/(coder monkey (712)) has been shot by the turret with the laser (Unexplored Location (141, 80, 8))
 - (2020-09-14 14:16:51) ATTACK: [turret] has fired at *no key*/(coder monkey (712)) with [laser] from Unexplored Location (NEWHP: 43)  (Unexplored Location (143, 81, 8))
 - (2020-09-14 14:16:51) ATTACK: [turret] has fired at *no key*/(coder monkey (712)) with [laser] from Unexplored Location (NEWHP: 43)  (Unexplored Location (138, 81, 8))
 - (2020-09-14 14:16:51) ATTACK: *no key*/(coder monkey (712)) has been shot by the turret with the laser (Unexplored Location (140, 80, 8))
 - (2020-09-14 14:16:52) ATTACK: *no key*/(coder monkey (712)) has suffered: Second Degree Burns to chest | Damage: 20(rolled 61/66.2891) | WB: -20 | BWB: 10 (Unexplored Location (140, 80, 8))
 - (2020-09-14 14:16:52) ATTACK: *no key*/(coder monkey (712)) has been shot by the turret with the laser (Unexplored Location (140, 80, 8))
 - (2020-09-14 14:16:53) ATTACK: [turret] has fired at *no key*/(coder monkey (712)) with [laser] from Unexplored Location (NEWHP: -7.15)  (Unexplored Location (143, 81, 8))
 - (2020-09-14 14:16:53) ATTACK: [turret] has fired at *no key*/(coder monkey (712)) with [laser] from Unexplored Location (NEWHP: -7.15)  (Unexplored Location (138, 81, 8))
 - (2020-09-14 14:16:53) ATTACK: *no key*/(coder monkey (712)) has been shot by the turret with the laser (Unexplored Location (140, 80, 8))
 - (2020-09-14 14:16:54) ATTACK: *no key*/(coder monkey (712)) has been shot by the turret with the laser (Unexplored Location (140, 80, 8))
 - (2020-09-14 14:16:55) ATTACK: [turret] has fired at *no key*/(coder monkey (712)) with [laser] from Unexplored Location (NEWHP: -63.24)  (Unexplored Location (143, 81, 8))
 - (2020-09-14 14:16:55) ATTACK: [turret] has fired at *no key*/(coder monkey (712)) with [laser] from Unexplored Location (NEWHP: -63.24)  (Unexplored Location (138, 81, 8))
 - (2020-09-14 14:16:55) ATTACK: *no key*/(coder monkey (712)) has been shot by the turret with the laser (Unexplored Location (140, 80, 8))
 - (2020-09-14 14:16:56) ATTACK: *no key*/(coder monkey (712)) has suffered: Third Degree Burns to chest | Damage: 22(rolled 67/75.7516) | WB: -20 | BWB: 10 (Unexplored Location (140, 80, 8))
 - (2020-09-14 14:16:56) ATTACK: *no key*/(coder monkey (712)) has been shot by the turret with the laser (Unexplored Location (140, 80, 8))
 - (2020-09-14 14:16:57) ATTACK: [turret] has fired at *no key*/(coder monkey (712)) with [laser] from Unexplored Location (NEWHP: -116.24)  (Unexplored Location (143, 81, 8))
 - (2020-09-14 14:16:57) ATTACK: [turret] has fired at *no key*/(coder monkey (712)) with [laser] from Unexplored Location (NEWHP: -116.24)  (Unexplored Location (138, 81, 8))
 - (2020-09-14 14:16:57) ATTACK: *no key*/(coder monkey (712)) has been shot by the turret with the laser (Unexplored Location (140, 80, 8))
 - (2020-09-14 14:16:58) ATTACK: *no key*/(coder monkey (712)) has been shot by the turret with the laser (Unexplored Location (140, 80, 8))
 - (2020-09-14 14:16:59) ATTACK: [turret] has fired at *no key*/(coder monkey (712)) with [laser] from Unexplored Location (NEWHP: -173.24)  (Unexplored Location (143, 81, 8))
 - (2020-09-14 14:16:59) ATTACK: [turret] has fired at *no key*/(coder monkey (712)) with [laser] from Unexplored Location (NEWHP: -173.24)  (Unexplored Location (138, 81, 8))
 - (2020-09-14 14:16:59) ATTACK: *no key*/(coder monkey (712)) has been shot by the turret with the laser (Unexplored Location (140, 80, 8))
 - (2020-09-14 14:17:00) ATTACK: *no key*/(coder monkey (712)) has been shot by the turret with the laser (Unexplored Location (140, 80, 8))
 - (2020-09-14 14:17:02) ATTACK: [turret] has fired at *no key*/(coder monkey (712)) with [laser] from Unexplored Location (NEWHP: -230.24)  (Unexplored Location (143, 81, 8))
 - (2020-09-14 14:17:02) ATTACK: [turret] has fired at *no key*/(coder monkey (712)) with [laser] from Unexplored Location (NEWHP: -230.24)  (Unexplored Location (138, 81, 8))
 - (2020-09-14 14:17:02) ATTACK: *no key*/(coder monkey (712)) has been shot by the turret with the laser (Unexplored Location (140, 80, 8))
 - (2020-09-14 14:17:02) ATTACK: *no key*/(coder monkey (712)) has been shot by the turret with the laser (Unexplored Location (140, 80, 8))
 - (2020-09-14 14:17:04) ATTACK: [turret] has fired at *no key*/(coder monkey (712)) with [laser] from Unexplored Location (NEWHP: -272.48)  (Unexplored Location (143, 81, 8))
 - (2020-09-14 14:17:04) ATTACK: [turret] has fired at *no key*/(coder monkey (712)) with [laser] from Unexplored Location (NEWHP: -272.48)  (Unexplored Location (138, 81, 8))
 - (2020-09-14 14:17:04) ATTACK: *no key*/(coder monkey (712)) has been shot by the turret with the laser (Unexplored Location (140, 80, 8))
 - (2020-09-14 14:17:04) ATTACK: *no key*/(coder monkey (712)) has been shot by the turret with the laser (Unexplored Location (140, 80, 8))
 - (2020-09-14 14:17:06) ATTACK: [turret] has fired at *no key*/(coder monkey (712)) with [laser] from Unexplored Location (NEWHP: -310.6)  (Unexplored Location (143, 81, 8))
 - (2020-09-14 14:17:06) ATTACK: [turret] has fired at *no key*/(coder monkey (712)) with [laser] from Unexplored Location (NEWHP: -310.6)  (Unexplored Location (138, 81, 8))
 - (2020-09-14 14:17:06) ATTACK: *no key*/(coder monkey (712)) has been shot by the turret with the laser (Unexplored Location (140, 80, 8))
 - (2020-09-14 14:17:06) ATTACK: *no key*/(coder monkey (712)) has been shot by the turret with the laser (Unexplored Location (140, 80, 8))
 - (2020-09-14 14:17:08) ATTACK: [turret] has fired at *no key*/(coder monkey (712)) with [laser] from Unexplored Location (NEWHP: -335.58)  (Unexplored Location (143, 81, 8))
 - (2020-09-14 14:17:08) ATTACK: [turret] has fired at *no key*/(coder monkey (712)) with [laser] from Unexplored Location (NEWHP: -335.58)  (Unexplored Location (138, 81, 8))
 - (2020-09-14 14:17:08) ATTACK: *no key*/(coder monkey (712)) has been shot by the turret with the laser (Unexplored Location (140, 80, 8))
 - (2020-09-14 14:17:08) ATTACK: *no key*/(coder monkey (712)) has been shot by the turret with the laser (Unexplored Location (140, 80, 8))
 - (2020-09-14 14:17:10) ATTACK: [turret] has fired at *no key*/(coder monkey (712)) with [laser] from Unexplored Location (NEWHP: -345.08)  (Unexplored Location (143, 81, 8))
 - (2020-09-14 14:17:10) ATTACK: [turret] has fired at *no key*/(coder monkey (712)) with [laser] from Unexplored Location (NEWHP: -345.08)  (Unexplored Location (138, 81, 8))
 - (2020-09-14 14:17:10) ATTACK: *no key*/(coder monkey (712)) has been shot by the turret with the laser (Unexplored Location (140, 80, 8))
 - (2020-09-14 14:17:10) ATTACK: *no key*/(coder monkey (712)) has been shot by the turret with the laser (Unexplored Location (140, 80, 8))
 - (2020-09-14 14:17:12) ATTACK: [turret] has fired at *no key*/(coder monkey (712)) with [laser] from Unexplored Location (NEWHP: -353.82)  (Unexplored Location (143, 81, 8))
 - (2020-09-14 14:17:12) ATTACK: [turret] has fired at *no key*/(coder monkey (712)) with [laser] from Unexplored Location (NEWHP: -353.82)  (Unexplored Location (138, 81, 8))
 - (2020-09-14 14:17:12) ATTACK: *no key*/(coder monkey (712)) has been shot by the turret with the laser (Unexplored Location (140, 80, 8))
 - (2020-09-14 14:17:12) ATTACK: *no key*/(coder monkey (712)) has been shot by the turret with the laser (Unexplored Location (140, 80, 8))
 - (2020-09-14 14:17:14) ATTACK: [turret] has fired at *no key*/(coder monkey (712)) with [laser] from Unexplored Location (NEWHP: -363.09)  (Unexplored Location (143, 81, 8))
 - (2020-09-14 14:17:14) ATTACK: [turret] has fired at *no key*/(coder monkey (712)) with [laser] from Unexplored Location (NEWHP: -363.09)  (Unexplored Location (138, 81, 8))
 - (2020-09-14 14:17:14) ATTACK: *no key*/(coder monkey (712)) has been shot by the turret with the laser (Unexplored Location (140, 80, 8))
 - (2020-09-14 14:17:14) ATTACK: *no key*/(coder monkey (712)) has been shot by the turret with the laser (Unexplored Location (140, 80, 8))
 - (2020-09-14 14:17:16) ATTACK: [turret] has fired at *no key*/(coder monkey (712)) with [laser] from Unexplored Location (NEWHP: -371.84)  (Unexplored Location (143, 81, 8))
 - (2020-09-14 14:17:16) ATTACK: [turret] has fired at *no key*/(coder monkey (712)) with [laser] from Unexplored Location (NEWHP: -371.84)  (Unexplored Location (138, 81, 8))
 - (2020-09-14 14:17:16) ATTACK: *no key*/(coder monkey (712)) has been shot by the turret with the laser (Unexplored Location (140, 80, 8))
 - (2020-09-14 14:17:16) ATTACK: *no key*/(coder monkey (712)) has suffered: Catastrophic Burns to chest | Damage: 28.8(rolled 109/110.446) (Unexplored Location (140, 80, 8))
 - (2020-09-14 14:17:16) ATTACK: *no key*/(coder monkey (712)) has been shot by the turret with the laser (Unexplored Location (140, 80, 8))
 - (2020-09-14 14:17:16) ATTACK: *no key*/(Manali Shariff) has suffered: Second Degree Burns to right arm | Damage: 10.8(rolled 26/27.9765) (Tiny Freighter (204, 205, 3))
 - (2020-09-14 14:17:18) ATTACK: [turret] has fired at *no key*/(coder monkey (712)) with [laser] from Unexplored Location (NEWHP: -381.07)  (Unexplored Location (143, 81, 8))
 - (2020-09-14 14:17:18) ATTACK: [turret] has fired at *no key*/(coder monkey (712)) with [laser] from Unexplored Location (NEWHP: -381.07)  (Unexplored Location (138, 81, 8))
 - (2020-09-14 14:17:18) ATTACK: *no key*/(coder monkey (712)) has been shot by the turret with the laser (Unexplored Location (140, 80, 8))
 - (2020-09-14 14:17:18) ATTACK: *no key*/(coder monkey (712)) has been shot by the turret with the laser (Unexplored Location (140, 80, 8))
 - (2020-09-14 14:17:20) ATTACK: [turret] has fired at *no key*/(coder monkey (712)) with [laser] from Unexplored Location (NEWHP: -389.84)  (Unexplored Location (143, 81, 8))
 - (2020-09-14 14:17:20) ATTACK: [turret] has fired at *no key*/(coder monkey (712)) with [laser] from Unexplored Location (NEWHP: -389.84)  (Unexplored Location (138, 81, 8))
 - (2020-09-14 14:17:20) ATTACK: *no key*/(coder monkey (712)) has been shot by the turret with the laser (Unexplored Location (140, 80, 8))
 - (2020-09-14 14:17:20) ATTACK: *no key*/(coder monkey (712)) has been shot by the turret with the laser (Unexplored Location (140, 80, 8))
 - (2020-09-14 14:17:22) ATTACK: [turret] has fired at *no key*/(coder monkey (712)) with [laser] from Unexplored Location (NEWHP: -399.07)  (Unexplored Location (143, 81, 8))
 - (2020-09-14 14:17:22) ATTACK: [turret] has fired at *no key*/(coder monkey (712)) with [laser] from Unexplored Location (NEWHP: -399.07)  (Unexplored Location (138, 81, 8))
 - (2020-09-14 14:17:22) ATTACK: *no key*/(coder monkey (712)) has been shot by the turret with the laser (Unexplored Location (140, 80, 8))
 - (2020-09-14 14:17:22) ATTACK: *no key*/(coder monkey (712)) has been shot by the turret with the laser (Unexplored Location (140, 80, 8))
 - (2020-09-14 14:17:24) ATTACK: [turret] has fired at *no key*/(coder monkey (712)) with [laser] from Unexplored Location (NEWHP: -407.84)  (Unexplored Location (143, 81, 8))
 - (2020-09-14 14:17:24) ATTACK: [turret] has fired at *no key*/(coder monkey (712)) with [laser] from Unexplored Location (NEWHP: -407.84)  (Unexplored Location (138, 81, 8))
 - (2020-09-14 14:17:24) ATTACK: *no key*/(coder monkey (712)) has been shot by the turret with the laser (Unexplored Location (140, 80, 8))
 - (2020-09-14 14:17:24) ATTACK: *no key*/(coder monkey (712)) has been shot by the turret with the laser (Unexplored Location (140, 80, 8))
 - (2020-09-14 14:17:24) ATTACK: *no key*/(Jelani Mojica) has suffered: Second Degree Burns to left hand | Damage: 10.8(rolled 26/27.9765) (Small Freighter (141, 208, 3))
 - (2020-09-14 14:17:26) ATTACK: [turret] has fired at *no key*/(coder monkey (712)) with [laser] from Unexplored Location (NEWHP: -417.07)  (Unexplored Location (143, 81, 8))
 - (2020-09-14 14:17:26) ATTACK: [turret] has fired at *no key*/(coder monkey (712)) with [laser] from Unexplored Location (NEWHP: -417.07)  (Unexplored Location (138, 81, 8))
 - (2020-09-14 14:17:26) ATTACK: *no key*/(coder monkey (712)) has been shot by the turret with the laser (Unexplored Location (140, 80, 8))
 - (2020-09-14 14:17:26) ATTACK: *no key*/(coder monkey (712)) has been shot by the turret with the laser (Unexplored Location (140, 80, 8))
 - (2020-09-14 14:17:28) ATTACK: [turret] has fired at *no key*/(coder monkey (712)) with [laser] from Unexplored Location (NEWHP: -425.84)  (Unexplored Location (143, 81, 8))
 - (2020-09-14 14:17:28) ATTACK: [turret] has fired at *no key*/(coder monkey (712)) with [laser] from Unexplored Location (NEWHP: -425.84)  (Unexplored Location (138, 81, 8))
 - (2020-09-14 14:17:28) ATTACK: *no key*/(coder monkey (712)) has been shot by the turret with the laser (Unexplored Location (140, 80, 8))
 - (2020-09-14 14:17:28) ATTACK: *no key*/(coder monkey (712)) has been shot by the turret with the laser (Unexplored Location (140, 80, 8))
 - (2020-09-14 14:17:30) ATTACK: [turret] has fired at *no key*/(coder monkey (712)) with [laser] from Unexplored Location (NEWHP: -435.07)  (Unexplored Location (143, 81, 8))
 - (2020-09-14 14:17:30) ATTACK: [turret] has fired at *no key*/(coder monkey (712)) with [laser] from Unexplored Location (NEWHP: -435.07)  (Unexplored Location (138, 81, 8))
 - (2020-09-14 14:17:30) ATTACK: *no key*/(coder monkey (712)) has been shot by the turret with the laser (Unexplored Location (140, 80, 8))
 - (2020-09-14 14:17:30) ATTACK: *no key*/(coder monkey (712)) has been shot by the turret with the laser (Unexplored Location (140, 80, 8))
 - (2020-09-14 14:17:32) ATTACK: [turret] has fired at *no key*/(coder monkey (712)) with [laser] from Unexplored Location (NEWHP: -443.84)  (Unexplored Location (143, 81, 8))
 - (2020-09-14 14:17:32) ATTACK: [turret] has fired at *no key*/(coder monkey (712)) with [laser] from Unexplored Location (NEWHP: -443.84)  (Unexplored Location (138, 81, 8))
 - (2020-09-14 14:17:32) ATTACK: *no key*/(coder monkey (712)) has been shot by the turret with the laser (Unexplored Location (140, 80, 8))
 - (2020-09-14 14:17:32) ATTACK: *no key*/(coder monkey (712)) has been shot by the turret with the laser (Unexplored Location (140, 80, 8))
 - (2020-09-14 14:17:34) ATTACK: [turret] has fired at *no key*/(coder monkey (712)) with [laser] from Unexplored Location (NEWHP: -453.07)  (Unexplored Location (143, 81, 8))
 - (2020-09-14 14:17:34) ATTACK: [turret] has fired at *no key*/(coder monkey (712)) with [laser] from Unexplored Location (NEWHP: -453.07)  (Unexplored Location (138, 81, 8))
 - (2020-09-14 14:17:34) ATTACK: *no key*/(coder monkey (712)) has been shot by the turret with the laser (Unexplored Location (140, 80, 8))
 - (2020-09-14 14:17:34) ATTACK: *no key*/(coder monkey (712)) has been shot by the turret with the laser (Unexplored Location (140, 80, 8))
 - (2020-09-14 14:17:36) ATTACK: [turret] has fired at *no key*/(coder monkey (712)) with [laser] from Unexplored Location (NEWHP: -461.84)  (Unexplored Location (143, 81, 8))
 - (2020-09-14 14:17:36) ATTACK: [turret] has fired at *no key*/(coder monkey (712)) with [laser] from Unexplored Location (NEWHP: -461.84)  (Unexplored Location (138, 81, 8))
 - (2020-09-14 14:17:36) ATTACK: *no key*/(coder monkey (712)) has been shot by the turret with the laser (Unexplored Location (140, 80, 8))
 - (2020-09-14 14:17:36) ATTACK: *no key*/(coder monkey (712)) has been shot by the turret with the laser (Unexplored Location (140, 80, 8))
 - (2020-09-14 14:17:38) ATTACK: [turret] has fired at *no key*/(coder monkey (712)) with [laser] from Unexplored Location (NEWHP: -471.07)  (Unexplored Location (143, 81, 8))
 - (2020-09-14 14:17:38) ATTACK: [turret] has fired at *no key*/(coder monkey (712)) with [laser] from Unexplored Location (NEWHP: -471.07)  (Unexplored Location (138, 81, 8))
 - (2020-09-14 14:17:38) ATTACK: *no key*/(coder monkey (712)) has been shot by the turret with the laser (Unexplored Location (140, 80, 8))
 - (2020-09-14 14:17:38) ATTACK: *no key*/(coder monkey (712)) has been shot by the turret with the laser (Unexplored Location (140, 80, 8))
 - (2020-09-14 14:17:40) ATTACK: [turret] has fired at *no key*/(coder monkey (712)) with [laser] from Unexplored Location (NEWHP: -479.06)  (Unexplored Location (143, 81, 8))
 - (2020-09-14 14:17:40) ATTACK: [turret] has fired at *no key*/(coder monkey (712)) with [laser] from Unexplored Location (NEWHP: -479.06)  (Unexplored Location (138, 81, 8))
 - (2020-09-14 14:17:40) ATTACK: *no key*/(coder monkey (712)) has been shot by the turret with the laser (Unexplored Location (140, 80, 8))
 - (2020-09-14 14:17:40) ATTACK: *no key*/(coder monkey (712)) has been shot by the turret with the laser (Unexplored Location (140, 80, 8))
 - (2020-09-14 14:17:42) ATTACK: [turret] has fired at *no key*/(coder monkey (712)) with [laser] from Unexplored Location (NEWHP: -488.29)  (Unexplored Location (143, 81, 8))
 - (2020-09-14 14:17:42) ATTACK: [turret] has fired at *no key*/(coder monkey (712)) with [laser] from Unexplored Location (NEWHP: -488.29)  (Unexplored Location (138, 81, 8))
 - (2020-09-14 14:17:42) ATTACK: *no key*/(coder monkey (712)) has been shot by the turret with the laser (Unexplored Location (140, 80, 8))
 - (2020-09-14 14:17:42) ATTACK: *no key*/(coder monkey (712)) has been shot by the turret with the laser (Unexplored Location (140, 80, 8))
 - (2020-09-14 14:17:44) ATTACK: [turret] has fired at *no key*/(coder monkey (712)) with [laser] from Unexplored Location (NEWHP: -497.06)  (Unexplored Location (143, 81, 8))
 - (2020-09-14 14:17:44) ATTACK: [turret] has fired at *no key*/(coder monkey (712)) with [laser] from Unexplored Location (NEWHP: -497.06)  (Unexplored Location (138, 81, 8))
 - (2020-09-14 14:17:44) ATTACK: *no key*/(coder monkey (712)) has been shot by the turret with the laser (Unexplored Location (140, 80, 8))
 - (2020-09-14 14:17:44) ATTACK: *no key*/(coder monkey (712)) has been shot by the turret with the laser (Unexplored Location (140, 80, 8))
 - (2020-09-14 14:17:46) ATTACK: [turret] has fired at *no key*/(coder monkey (712)) with [laser] from Unexplored Location (NEWHP: -506.29)  (Unexplored Location (143, 81, 8))
 - (2020-09-14 14:17:46) ATTACK: [turret] has fired at *no key*/(coder monkey (712)) with [laser] from Unexplored Location (NEWHP: -506.29)  (Unexplored Location (138, 81, 8))
 - (2020-09-14 14:17:46) ATTACK: *no key*/(coder monkey (712)) has been shot by the turret with the laser (Unexplored Location (140, 80, 8))
 - (2020-09-14 14:17:46) ATTACK: *no key*/(coder monkey (712)) has been shot by the turret with the laser (Unexplored Location (140, 80, 8))
 - (2020-09-14 14:17:46) ATTACK: *no key*/(Topcake) has suffered: Second Degree Burns to left hand | Damage: 10.8(rolled 27/27.9765) (Unexplored Location (119, 102, 7))
 - (2020-09-14 14:17:48) ATTACK: [turret] has fired at *no key*/(coder monkey (712)) with [laser] from Unexplored Location (NEWHP: -515.06)  (Unexplored Location (143, 81, 8))
 - (2020-09-14 14:17:48) ATTACK: [turret] has fired at *no key*/(coder monkey (712)) with [laser] from Unexplored Location (NEWHP: -515.06)  (Unexplored Location (138, 81, 8))
 - (2020-09-14 14:17:48) ATTACK: *no key*/(coder monkey (712)) has been shot by the turret with the laser (Unexplored Location (140, 80, 8))
 - (2020-09-14 14:17:48) ATTACK: *no key*/(coder monkey (712)) has been shot by the turret with the laser (Unexplored Location (140, 80, 8))
 - (2020-09-14 14:17:50) ATTACK: [turret] has fired at *no key*/(coder monkey (712)) with [laser] from Unexplored Location (NEWHP: -523.99)  (Unexplored Location (143, 81, 8))
 - (2020-09-14 14:17:50) ATTACK: [turret] has fired at *no key*/(coder monkey (712)) with [laser] from Unexplored Location (NEWHP: -523.99)  (Unexplored Location (138, 81, 8))
 - (2020-09-14 14:17:50) ATTACK: *no key*/(coder monkey (712)) has been shot by the turret with the laser (Unexplored Location (140, 80, 8))
 - (2020-09-14 14:17:50) ATTACK: *no key*/(coder monkey (712)) has been shot by the turret with the laser (Unexplored Location (140, 80, 8))
 - (2020-09-14 14:17:52) ATTACK: [turret] has fired at *no key*/(coder monkey (712)) with [laser] from Unexplored Location (NEWHP: -524.76)  (Unexplored Location (143, 81, 8))
 - (2020-09-14 14:17:52) ATTACK: [turret] has fired at *no key*/(coder monkey (712)) with [laser] from Unexplored Location (NEWHP: -524.76)  (Unexplored Location (138, 81, 8))
 - (2020-09-14 14:17:52) ATTACK: *no key*/(coder monkey (712)) has been shot by the turret with the laser (Unexplored Location (140, 80, 8))
 - (2020-09-14 14:17:52) ATTACK: *no key*/(coder monkey (712)) has been shot by the turret with the laser (Unexplored Location (140, 80, 8))
 - (2020-09-14 14:17:54) ATTACK: [turret] has fired at *no key*/(coder monkey (712)) with [laser] from Unexplored Location (NEWHP: -525.99)  (Unexplored Location (143, 81, 8))
 - (2020-09-14 14:17:54) ATTACK: [turret] has fired at *no key*/(coder monkey (712)) with [laser] from Unexplored Location (NEWHP: -525.99)  (Unexplored Location (138, 81, 8))
 - (2020-09-14 14:17:54) ATTACK: *no key*/(coder monkey (712)) has been shot by the turret with the laser (Unexplored Location (140, 80, 8))
 - (2020-09-14 14:17:54) ATTACK: *no key*/(coder monkey (712)) has been shot by the turret with the laser (Unexplored Location (140, 80, 8))
 - (2020-09-14 14:17:56) ATTACK: [turret] has fired at *no key*/(coder monkey (712)) with [laser] from Unexplored Location (NEWHP: -526.76)  (Unexplored Location (143, 81, 8))
 - (2020-09-14 14:17:56) ATTACK: [turret] has fired at *no key*/(coder monkey (712)) with [laser] from Unexplored Location (NEWHP: -526.76)  (Unexplored Location (138, 81, 8))
 - (2020-09-14 14:17:56) ATTACK: *no key*/(coder monkey (712)) has been shot by the turret with the laser (Unexplored Location (140, 80, 8))
 - (2020-09-14 14:17:56) ATTACK: *no key*/(coder monkey (712)) has been shot by the turret with the laser (Unexplored Location (140, 80, 8))
 - (2020-09-14 14:17:58) ATTACK: [turret] has fired at *no key*/(coder monkey (712)) with [laser] from Unexplored Location (NEWHP: -527.99)  (Unexplored Location (143, 81, 8))
 - (2020-09-14 14:17:58) ATTACK: [turret] has fired at *no key*/(coder monkey (712)) with [laser] from Unexplored Location (NEWHP: -527.99)  (Unexplored Location (138, 81, 8))
 - (2020-09-14 14:17:58) ATTACK: *no key*/(coder monkey (712)) has been shot by the turret with the laser (Unexplored Location (140, 80, 8))
 - (2020-09-14 14:17:58) ATTACK: *no key*/(coder monkey (712)) has been shot by the turret with the laser (Unexplored Location (140, 80, 8))
 - (2020-09-14 14:18:00) ATTACK: [turret] has fired at *no key*/(coder monkey (712)) with [laser] from Unexplored Location (NEWHP: -528.76)  (Unexplored Location (143, 81, 8))
 - (2020-09-14 14:18:00) ATTACK: [turret] has fired at *no key*/(coder monkey (712)) with [laser] from Unexplored Location (NEWHP: -528.76)  (Unexplored Location (138, 81, 8))
 - (2020-09-14 14:18:00) ATTACK: *no key*/(coder monkey (712)) has been shot by the turret with the laser (Unexplored Location (140, 80, 8))
 - (2020-09-14 14:18:00) ATTACK: *no key*/(coder monkey (712)) has been shot by the turret with the laser (Unexplored Location (140, 80, 8))
 - (2020-09-14 14:18:02) ATTACK: [turret] has fired at *no key*/(coder monkey (712)) with [laser] from Unexplored Location (NEWHP: -529.99)  (Unexplored Location (143, 81, 8))
 - (2020-09-14 14:18:02) ATTACK: [turret] has fired at *no key*/(coder monkey (712)) with [laser] from Unexplored Location (NEWHP: -529.99)  (Unexplored Location (138, 81, 8))
 - (2020-09-14 14:18:02) ATTACK: *no key*/(coder monkey (712)) has been shot by the turret with the laser (Unexplored Location (140, 80, 8))
 - (2020-09-14 14:18:02) ATTACK: *no key*/(coder monkey (712)) has been shot by the turret with the laser (Unexplored Location (140, 80, 8))
 - (2020-09-14 14:18:04) ATTACK: [turret] has fired at *no key*/(coder monkey (712)) with [laser] from Unexplored Location (NEWHP: -530.76)  (Unexplored Location (143, 81, 8))
 - (2020-09-14 14:18:04) ATTACK: [turret] has fired at *no key*/(coder monkey (712)) with [laser] from Unexplored Location (NEWHP: -530.76)  (Unexplored Location (138, 81, 8))
 - (2020-09-14 14:18:04) ATTACK: *no key*/(coder monkey (712)) has been shot by the turret with the laser (Unexplored Location (140, 80, 8))
 - (2020-09-14 14:18:04) ATTACK: *no key*/(coder monkey (712)) has been shot by the turret with the laser (Unexplored Location (140, 80, 8))
 - (2020-09-14 14:18:06) ATTACK: [turret] has fired at *no key*/(coder monkey (712)) with [laser] from Unexplored Location (NEWHP: -531.99)  (Unexplored Location (143, 81, 8))
 - (2020-09-14 14:18:06) ATTACK: [turret] has fired at *no key*/(coder monkey (712)) with [laser] from Unexplored Location (NEWHP: -531.99)  (Unexplored Location (138, 81, 8))
 - (2020-09-14 14:18:06) ATTACK: *no key*/(coder monkey (712)) has been shot by the turret with the laser (Unexplored Location (140, 80, 8))
 - (2020-09-14 14:18:06) ATTACK: *no key*/(coder monkey (712)) has been shot by the turret with the laser (Unexplored Location (140, 80, 8))
 - (2020-09-14 14:18:08) ATTACK: [turret] has fired at *no key*/(coder monkey (712)) with [laser] from Unexplored Location (NEWHP: -532.76)  (Unexplored Location (143, 81, 8))
 - (2020-09-14 14:18:08) ATTACK: [turret] has fired at *no key*/(coder monkey (712)) with [laser] from Unexplored Location (NEWHP: -532.76)  (Unexplored Location (138, 81, 8))
 - (2020-09-14 14:18:08) ATTACK: *no key*/(coder monkey (712)) has been shot by the turret with the laser (Unexplored Location (140, 80, 8))
 - (2020-09-14 14:18:08) ATTACK: *no key*/(coder monkey (712)) has been shot by the turret with the laser (Unexplored Location (140, 80, 8))
 - (2020-09-14 14:18:10) ATTACK: [turret] has fired at *no key*/(coder monkey (712)) with [laser] from Unexplored Location (NEWHP: -533.99)  (Unexplored Location (143, 81, 8))
 - (2020-09-14 14:18:10) ATTACK: [turret] has fired at *no key*/(coder monkey (712)) with [laser] from Unexplored Location (NEWHP: -533.99)  (Unexplored Location (138, 81, 8))
 - (2020-09-14 14:18:10) ATTACK: *no key*/(coder monkey (712)) has been shot by the turret with the laser (Unexplored Location (140, 80, 8))
 - (2020-09-14 14:18:10) ATTACK: *no key*/(coder monkey (712)) has been shot by the turret with the laser (Unexplored Location (140, 80, 8))
 - (2020-09-14 14:18:12) ATTACK: [turret] has fired at *no key*/(coder monkey (712)) with [laser] from Unexplored Location (NEWHP: -534.76)  (Unexplored Location (143, 81, 8))
 - (2020-09-14 14:18:12) ATTACK: [turret] has fired at *no key*/(coder monkey (712)) with [laser] from Unexplored Location (NEWHP: -534.76)  (Unexplored Location (138, 81, 8))
 - (2020-09-14 14:18:12) ATTACK: *no key*/(coder monkey (712)) has been shot by the turret with the laser (Unexplored Location (140, 80, 8))
 - (2020-09-14 14:18:12) ATTACK: *no key*/(coder monkey (712)) has been shot by the turret with the laser (Unexplored Location (140, 80, 8))
 - (2020-09-14 14:18:14) ATTACK: [turret] has fired at *no key*/(coder monkey (712)) with [laser] from Unexplored Location (NEWHP: -535.99)  (Unexplored Location (143, 81, 8))
 - (2020-09-14 14:18:14) ATTACK: [turret] has fired at *no key*/(coder monkey (712)) with [laser] from Unexplored Location (NEWHP: -535.99)  (Unexplored Location (138, 81, 8))
 - (2020-09-14 14:18:14) ATTACK: *no key*/(coder monkey (712)) has been shot by the turret with the laser (Unexplored Location (140, 80, 8))
 - (2020-09-14 14:18:14) ATTACK: *no key*/(coder monkey (712)) has been shot by the turret with the laser (Unexplored Location (140, 80, 8))
 - (2020-09-14 14:18:16) ATTACK: [turret] has fired at *no key*/(coder monkey (712)) with [laser] from Unexplored Location (NEWHP: -536.76)  (Unexplored Location (143, 81, 8))
 - (2020-09-14 14:18:16) ATTACK: [turret] has fired at *no key*/(coder monkey (712)) with [laser] from Unexplored Location (NEWHP: -536.76)  (Unexplored Location (138, 81, 8))
 - (2020-09-14 14:18:16) ATTACK: *no key*/(coder monkey (712)) has been shot by the turret with the laser (Unexplored Location (140, 80, 8))
 - (2020-09-14 14:18:16) ATTACK: *no key*/(coder monkey (712)) has been shot by the turret with the laser (Unexplored Location (140, 80, 8))
 - (2020-09-14 14:18:18) ATTACK: [turret] has fired at *no key*/(coder monkey (712)) with [laser] from Unexplored Location (NEWHP: -537.99)  (Unexplored Location (143, 81, 8))
 - (2020-09-14 14:18:18) ATTACK: [turret] has fired at *no key*/(coder monkey (712)) with [laser] from Unexplored Location (NEWHP: -537.99)  (Unexplored Location (138, 81, 8))
 - (2020-09-14 14:18:18) ATTACK: *no key*/(coder monkey (712)) has been shot by the turret with the laser (Unexplored Location (140, 80, 8))
 - (2020-09-14 14:18:18) ATTACK: *no key*/(coder monkey (712)) has been shot by the turret with the laser (Unexplored Location (140, 80, 8))
 - (2020-09-14 14:18:20) ATTACK: [turret] has fired at *no key*/(coder monkey (712)) with [laser] from Unexplored Location (NEWHP: -538.76)  (Unexplored Location (143, 81, 8))
 - (2020-09-14 14:18:20) ATTACK: [turret] has fired at *no key*/(coder monkey (712)) with [laser] from Unexplored Location (NEWHP: -538.76)  (Unexplored Location (138, 81, 8))
 - (2020-09-14 14:18:20) ATTACK: *no key*/(coder monkey (712)) has been shot by the turret with the laser (Unexplored Location (140, 80, 8))
 - (2020-09-14 14:18:20) ATTACK: *no key*/(coder monkey (712)) has been shot by the turret with the laser (Unexplored Location (140, 80, 8))
 - (2020-09-14 14:18:22) ATTACK: [turret] has fired at *no key*/(coder monkey (712)) with [laser] from Unexplored Location (NEWHP: -539.99)  (Unexplored Location (143, 81, 8))
 - (2020-09-14 14:18:22) ATTACK: [turret] has fired at *no key*/(coder monkey (712)) with [laser] from Unexplored Location (NEWHP: -539.99)  (Unexplored Location (138, 81, 8))
 - (2020-09-14 14:18:22) ATTACK: *no key*/(coder monkey (712)) has been shot by the turret with the laser (Unexplored Location (140, 80, 8))
 - (2020-09-14 14:18:22) ATTACK: *no key*/(coder monkey (712)) has been shot by the turret with the laser (Unexplored Location (140, 80, 8))
 - (2020-09-14 14:18:24) ATTACK: [turret] has fired at *no key*/(coder monkey (712)) with [laser] from Unexplored Location (NEWHP: -540.76)  (Unexplored Location (143, 81, 8))
 - (2020-09-14 14:18:24) ATTACK: [turret] has fired at *no key*/(coder monkey (712)) with [laser] from Unexplored Location (NEWHP: -540.76)  (Unexplored Location (138, 81, 8))
 - (2020-09-14 14:18:24) ATTACK: *no key*/(coder monkey (712)) has been shot by the turret with the laser (Unexplored Location (140, 80, 8))
 - (2020-09-14 14:18:24) ATTACK: *no key*/(coder monkey (712)) has been shot by the turret with the laser (Unexplored Location (140, 80, 8))
 - (2020-09-14 14:18:26) ATTACK: [turret] has fired at *no key*/(coder monkey (712)) with [laser] from Unexplored Location (NEWHP: -542.24)  (Unexplored Location (143, 81, 8))
 - (2020-09-14 14:18:26) ATTACK: [turret] has fired at *no key*/(coder monkey (712)) with [laser] from Unexplored Location (NEWHP: -542.24)  (Unexplored Location (138, 81, 8))
 - (2020-09-14 14:18:26) ATTACK: *no key*/(coder monkey (712)) has been shot by the turret with the laser (Unexplored Location (140, 80, 8))
 - (2020-09-14 14:18:26) ATTACK: *no key*/(coder monkey (712)) has been shot by the turret with the laser (Unexplored Location (140, 80, 8))
 - (2020-09-14 14:18:28) ATTACK: [turret] has fired at *no key*/(coder monkey (712)) with [laser] from Unexplored Location (NEWHP: -543.24)  (Unexplored Location (143, 81, 8))
 - (2020-09-14 14:18:28) ATTACK: [turret] has fired at *no key*/(coder monkey (712)) with [laser] from Unexplored Location (NEWHP: -543.24)  (Unexplored Location (138, 81, 8))
 - (2020-09-14 14:18:28) ATTACK: *no key*/(coder monkey (712)) has been shot by the turret with the laser (Unexplored Location (140, 80, 8))
 - (2020-09-14 14:18:28) ATTACK: *no key*/(coder monkey (712)) has been shot by the turret with the laser (Unexplored Location (140, 80, 8))
 - (2020-09-14 14:18:30) ATTACK: [turret] has fired at *no key*/(coder monkey (712)) with [laser] from Unexplored Location (NEWHP: -544.24)  (Unexplored Location (143, 81, 8))
 - (2020-09-14 14:18:30) ATTACK: [turret] has fired at *no key*/(coder monkey (712)) with [laser] from Unexplored Location (NEWHP: -544.24)  (Unexplored Location (138, 81, 8))
 - (2020-09-14 14:18:30) ATTACK: *no key*/(coder monkey (712)) has been shot by the turret with the laser (Unexplored Location (140, 80, 8))
 - (2020-09-14 14:18:30) ATTACK: *no key*/(coder monkey (712)) has been shot by the turret with the laser (Unexplored Location (140, 80, 8))
 - (2020-09-14 14:18:32) ATTACK: [turret] has fired at *no key*/(coder monkey (712)) with [laser] from Unexplored Location (NEWHP: -545.24)  (Unexplored Location (143, 81, 8))
 - (2020-09-14 14:18:32) ATTACK: [turret] has fired at *no key*/(coder monkey (712)) with [laser] from Unexplored Location (NEWHP: -545.24)  (Unexplored Location (138, 81, 8))
 - (2020-09-14 14:18:32) ATTACK: *no key*/(coder monkey (712)) has been shot by the turret with the laser (Unexplored Location (140, 80, 8))
 - (2020-09-14 14:18:32) ATTACK: *no key*/(coder monkey (712)) has been shot by the turret with the laser (Unexplored Location (140, 80, 8))
 - (2020-09-14 14:18:34) ATTACK: [turret] has fired at *no key*/(coder monkey (712)) with [laser] from Unexplored Location (NEWHP: -546.24)  (Unexplored Location (143, 81, 8))
 - (2020-09-14 14:18:34) ATTACK: [turret] has fired at *no key*/(coder monkey (712)) with [laser] from Unexplored Location (NEWHP: -546.24)  (Unexplored Location (138, 81, 8))
 - (2020-09-14 14:18:34) ATTACK: *no key*/(coder monkey (712)) has been shot by the turret with the laser (Unexplored Location (140, 80, 8))
 - (2020-09-14 14:18:34) ATTACK: *no key*/(coder monkey (712)) has been shot by the turret with the laser (Unexplored Location (140, 80, 8))
 - (2020-09-14 14:18:36) ATTACK: [turret] has fired at *no key*/(coder monkey (712)) with [laser] from Unexplored Location (NEWHP: -547.24)  (Unexplored Location (143, 81, 8))
 - (2020-09-14 14:18:36) ATTACK: [turret] has fired at *no key*/(coder monkey (712)) with [laser] from Unexplored Location (NEWHP: -547.24)  (Unexplored Location (138, 81, 8))
 - (2020-09-14 14:18:36) ATTACK: *no key*/(coder monkey (712)) has been shot by the turret with the laser (Unexplored Location (140, 80, 8))
 - (2020-09-14 14:18:36) ATTACK: *no key*/(coder monkey (712)) has been shot by the turret with the laser (Unexplored Location (140, 80, 8))
 - (2020-09-14 14:18:38) ATTACK: [turret] has fired at *no key*/(coder monkey (712)) with [laser] from Unexplored Location (NEWHP: -547.24)  (Unexplored Location (143, 81, 8))
 - (2020-09-14 14:18:38) ATTACK: [turret] has fired at *no key*/(coder monkey (712)) with [laser] from Unexplored Location (NEWHP: -547.24)  (Unexplored Location (138, 81, 8))
 - (2020-09-14 14:18:38) ATTACK: *no key*/(coder monkey (712)) has been shot by the turret with the laser (Unexplored Location (140, 80, 8))
 - (2020-09-14 14:18:38) ATTACK: *no key*/(coder monkey (712)) has been shot by the turret with the laser (Unexplored Location (140, 80, 8))
 - (2020-09-14 14:18:40) ATTACK: [turret] has fired at *no key*/(coder monkey (712)) with [laser] from Unexplored Location (NEWHP: -549.24)  (Unexplored Location (143, 81, 8))
 - (2020-09-14 14:18:40) ATTACK: [turret] has fired at *no key*/(coder monkey (712)) with [laser] from Unexplored Location (NEWHP: -549.24)  (Unexplored Location (138, 81, 8))
 - (2020-09-14 14:18:40) ATTACK: *no key*/(coder monkey (712)) has been shot by the turret with the laser (Unexplored Location (140, 80, 8))
 - (2020-09-14 14:18:40) ATTACK: *no key*/(coder monkey (712)) has been shot by the turret with the laser (Unexplored Location (140, 80, 8))
 - (2020-09-14 14:18:42) ATTACK: [turret] has fired at *no key*/(coder monkey (712)) with [laser] from Unexplored Location (NEWHP: -550.24)  (Unexplored Location (143, 81, 8))
 - (2020-09-14 14:18:42) ATTACK: [turret] has fired at *no key*/(coder monkey (712)) with [laser] from Unexplored Location (NEWHP: -550.24)  (Unexplored Location (138, 81, 8))
 - (2020-09-14 14:18:42) ATTACK: *no key*/(coder monkey (712)) has been shot by the turret with the laser (Unexplored Location (140, 80, 8))
 - (2020-09-14 14:18:42) ATTACK: *no key*/(coder monkey (712)) has been shot by the turret with the laser (Unexplored Location (140, 80, 8))
 - (2020-09-14 14:18:44) ATTACK: [turret] has fired at *no key*/(coder monkey (712)) with [laser] from Unexplored Location (NEWHP: -551.24)  (Unexplored Location (143, 81, 8))
 - (2020-09-14 14:18:44) ATTACK: [turret] has fired at *no key*/(coder monkey (712)) with [laser] from Unexplored Location (NEWHP: -551.24)  (Unexplored Location (138, 81, 8))
 - (2020-09-14 14:18:44) ATTACK: *no key*/(coder monkey (712)) has been shot by the turret with the laser (Unexplored Location (140, 80, 8))
 - (2020-09-14 14:18:44) ATTACK: *no key*/(coder monkey (712)) has been shot by the turret with the laser (Unexplored Location (140, 80, 8))
 - (2020-09-14 14:18:46) ATTACK: [turret] has fired at *no key*/(coder monkey (712)) with [laser] from Unexplored Location (NEWHP: -552.24)  (Unexplored Location (143, 81, 8))
 - (2020-09-14 14:18:46) ATTACK: [turret] has fired at *no key*/(coder monkey (712)) with [laser] from Unexplored Location (NEWHP: -552.24)  (Unexplored Location (138, 81, 8))
 - (2020-09-14 14:18:46) ATTACK: *no key*/(coder monkey (712)) has been shot by the turret with the laser (Unexplored Location (140, 80, 8))
 - (2020-09-14 14:18:46) ATTACK: *no key*/(coder monkey (712)) has been shot by the turret with the laser (Unexplored Location (140, 80, 8))
 - (2020-09-14 14:18:48) ATTACK: [turret] has fired at *no key*/(coder monkey (712)) with [laser] from Unexplored Location (NEWHP: -553.24)  (Unexplored Location (143, 81, 8))
 - (2020-09-14 14:18:48) ATTACK: [turret] has fired at *no key*/(coder monkey (712)) with [laser] from Unexplored Location (NEWHP: -553.24)  (Unexplored Location (138, 81, 8))
 - (2020-09-14 14:18:48) ATTACK: *no key*/(coder monkey (712)) has been shot by the turret with the laser (Unexplored Location (140, 80, 8))
 - (2020-09-14 14:18:48) ATTACK: *no key*/(coder monkey (712)) has been shot by the turret with the laser (Unexplored Location (140, 80, 8))
 - (2020-09-14 14:18:50) ATTACK: [turret] has fired at *no key*/(coder monkey (712)) with [laser] from Unexplored Location (NEWHP: -553.24)  (Unexplored Location (143, 81, 8))
 - (2020-09-14 14:18:50) ATTACK: [turret] has fired at *no key*/(coder monkey (712)) with [laser] from Unexplored Location (NEWHP: -553.24)  (Unexplored Location (138, 81, 8))
