[2020-09-14 16:50:14.043] Starting up round ID .
 - -------------------------
[2020-09-14 16:53:42.339] TCOMMS: *no key*/(Poly) [Engineering] (spans:  ) "Wire the solars, you lazy bums!" (language: Galactic Common) (Chief Engineer's Office (118, 83, 2))
[2020-09-14 16:54:54.872] TCOMMS: *no key*/(Poly) [Engineering] (spans:  ) "OH GOD ITS ABOUT TO DELAMINATE CALL THE SHUTTLE" (language: Galactic Common) (Chief Engineer's Office (118, 83, 2))
[2020-09-14 16:55:19.098] TCOMMS: *no key*/(Poly) [Engineering] (spans:  ) "OH GOD ITS ABOUT TO DELAMINATE CALL THE SHUTTLE" (language: Galactic Common) (Chief Engineer's Office (118, 83, 2))
[2020-09-14 16:56:39.510] TCOMMS: *no key*/(Poly) [Engineering] (spans:  ) "OH GOD ITS ABOUT TO DELAMINATE CALL THE SHUTTLE" (language: Galactic Common) (Chief Engineer's Office (118, 83, 2))
[2020-09-14 16:57:33.758] TCOMMS: *no key*/(Poly) [Engineering] (spans:  ) "Poly wanna cracker!" (language: Galactic Common) (Chief Engineer's Office (118, 83, 2))
[2020-09-14 16:58:06.012] TCOMMS: *no key*/(Poly) [Engineering] (spans:  ) "Poly wanna cracker!" (language: Galactic Common) (Chief Engineer's Office (118, 83, 2))
[2020-09-14 16:58:56.499] TCOMMS: *no key*/(Poly) [Engineering] (spans:  ) "Check the crystal, you chucklefucks!" (language: Galactic Common) (Chief Engineer's Office (118, 83, 2))
[2020-09-14 16:59:12.541] TCOMMS: *no key*/(Poly) [Engineering] (spans:  ) "OH GOD ITS ABOUT TO DELAMINATE CALL THE SHUTTLE" (language: Galactic Common) (Chief Engineer's Office (118, 83, 2))
[2020-09-14 16:59:18.557] TCOMMS: *no key*/(Poly) [Engineering] (spans:  ) "OH GOD ITS ABOUT TO DELAMINATE CALL THE SHUTTLE" (language: Galactic Common) (Chief Engineer's Office (118, 83, 2))
[2020-09-14 16:59:22.573] TCOMMS: *no key*/(Poly) [Engineering] (spans:  ) "I have lived many lives!" (language: Galactic Common) (Chief Engineer's Office (118, 83, 2))
[2020-09-14 17:00:12.763] TCOMMS: *no key*/(Poly) [Engineering] (spans:  ) "OH GOD ITS ABOUT TO DELAMINATE CALL THE SHUTTLE" (language: Galactic Common) (Chief Engineer's Office (118, 83, 2))
[2020-09-14 17:00:44.870] TCOMMS: *no key*/(Poly) [Engineering] (spans:  ) "WHO TOOK THE DAMN HARDSUITS?" (language: Galactic Common) (Chief Engineer's Office (118, 83, 2))
[2020-09-14 17:00:50.914] TCOMMS: *no key*/(Poly) [Engineering] (spans:  ) "WHO TOOK THE DAMN HARDSUITS?" (language: Galactic Common) (Chief Engineer's Office (118, 83, 2))
[2020-09-14 17:01:15.042] TCOMMS: *no key*/(Poly) [Engineering] (spans:  ) "Check the crystal, you chucklefucks!" (language: Galactic Common) (Chief Engineer's Office (118, 83, 2))
[2020-09-14 17:01:35.186] TCOMMS: *no key*/(Poly) [Engineering] (spans:  ) "Check the crystal, you chucklefucks!" (language: Galactic Common) (Chief Engineer's Office (118, 83, 2))
[2020-09-14 17:01:47.272] TCOMMS: *no key*/(Poly) [Engineering] (spans:  ) "OH GOD ITS ABOUT TO DELAMINATE CALL THE SHUTTLE" (language: Galactic Common) (Chief Engineer's Office (118, 83, 2))
[2020-09-14 17:01:51.284] TCOMMS: *no key*/(Poly) [Engineering] (spans:  ) "Check the crystal, you chucklefucks!" (language: Galactic Common) (Chief Engineer's Office (118, 83, 2))
[2020-09-14 17:02:01.308] TCOMMS: *no key*/(Poly) [Engineering] (spans:  ) "Check the crystal, you chucklefucks!" (language: Galactic Common) (Chief Engineer's Office (118, 83, 2))
[2020-09-14 17:02:17.334] TCOMMS: *no key*/(Poly) [Engineering] (spans:  ) "Check the crystal, you chucklefucks!" (language: Galactic Common) (Chief Engineer's Office (118, 83, 2))
[2020-09-14 17:02:31.363] TCOMMS: *no key*/(Poly) [Engineering] (spans:  ) "Poly wanna cracker!" (language: Galactic Common) (Chief Engineer's Office (118, 83, 2))
[2020-09-14 17:03:13.462] TCOMMS: *no key*/(Poly) [Engineering] (spans:  ) "WHO TOOK THE DAMN HARDSUITS?" (language: Galactic Common) (Chief Engineer's Office (118, 83, 2))
[2020-09-14 17:03:45.663] TCOMMS: *no key*/(Poly) [Engineering] (spans:  ) "WHO TOOK THE DAMN HARDSUITS?" (language: Galactic Common) (Chief Engineer's Office (118, 83, 2))
[2020-09-14 17:03:55.936] TCOMMS: *no key*/(Poly) [Engineering] (spans:  ) "Poly wanna cracker!" (language: Galactic Common) (Chief Engineer's Office (118, 83, 2))
[2020-09-14 17:03:59.971] TCOMMS: *no key*/(Poly) [Engineering] (spans:  ) "Poly wanna cracker!" (language: Galactic Common) (Chief Engineer's Office (118, 83, 2))
[2020-09-14 17:04:04.302] TCOMMS: *no key*/(Poly) [Engineering] (spans:  ) "I have lived many lives!" (language: Galactic Common) (Chief Engineer's Office (118, 83, 2))
[2020-09-14 17:04:12.739] TCOMMS: *no key*/(Poly) [Engineering] (spans:  ) "OH GOD ITS ABOUT TO DELAMINATE CALL THE SHUTTLE" (language: Galactic Common) (Chief Engineer's Office (118, 83, 2))
[2020-09-14 17:04:21.116] TCOMMS: *no key*/(Poly) [Engineering] (spans:  ) "Poly wanna cracker!" (language: Galactic Common) (Chief Engineer's Office (118, 83, 2))
[2020-09-14 17:04:45.238] TCOMMS: *no key*/(Poly) [Engineering] (spans:  ) "WHO TOOK THE DAMN HARDSUITS?" (language: Galactic Common) (Chief Engineer's Office (118, 83, 2))
[2020-09-14 17:05:01.242] TCOMMS: *no key*/(Poly) [Engineering] (spans:  ) "Poly wanna cracker!" (language: Galactic Common) (Chief Engineer's Office (118, 83, 2))
[2020-09-14 17:05:05.264] TCOMMS: *no key*/(Poly) [Engineering] (spans:  ) "I have lived many lives!" (language: Galactic Common) (Chief Engineer's Office (118, 83, 2))
[2020-09-14 17:05:15.279] TCOMMS: *no key*/(Poly) [Engineering] (spans:  ) "OH GOD ITS ABOUT TO DELAMINATE CALL THE SHUTTLE" (language: Galactic Common) (Chief Engineer's Office (118, 83, 2))
[2020-09-14 17:05:29.373] TCOMMS: *no key*/(Poly) [Engineering] (spans:  ) "WHO TOOK THE DAMN HARDSUITS?" (language: Galactic Common) (Chief Engineer's Office (118, 83, 2))
[2020-09-14 17:05:43.428] TCOMMS: *no key*/(Poly) [Engineering] (spans:  ) "Poly wanna cracker!" (language: Galactic Common) (Chief Engineer's Office (118, 83, 2))
[2020-09-14 17:05:47.426] TCOMMS: *no key*/(Poly) [Engineering] (spans:  ) "WHO TOOK THE DAMN HARDSUITS?" (language: Galactic Common) (Chief Engineer's Office (118, 83, 2))
[2020-09-14 17:05:55.444] TCOMMS: *no key*/(Poly) [Engineering] (spans:  ) "OH GOD ITS ABOUT TO DELAMINATE CALL THE SHUTTLE" (language: Galactic Common) (Chief Engineer's Office (118, 83, 2))
[2020-09-14 17:06:13.482] TCOMMS: *no key*/(Poly) [Engineering] (spans:  ) "WHO TOOK THE DAMN HARDSUITS?" (language: Galactic Common) (Chief Engineer's Office (118, 83, 2))
[2020-09-14 17:06:31.524] TCOMMS: *no key*/(Poly) [Engineering] (spans:  ) "Poly wanna cracker!" (language: Galactic Common) (Chief Engineer's Office (118, 83, 2))
[2020-09-14 17:06:33.520] TCOMMS: *no key*/(Poly) [Engineering] (spans:  ) "I have lived many lives!" (language: Galactic Common) (Chief Engineer's Office (118, 83, 2))
[2020-09-14 17:06:37.537] TCOMMS: *no key*/(Poly) [Engineering] (spans:  ) "I have lived many lives!" (language: Galactic Common) (Chief Engineer's Office (118, 83, 2))
[2020-09-14 17:07:15.601] TCOMMS: *no key*/(Poly) [Engineering] (spans:  ) "Check the crystal, you chucklefucks!" (language: Galactic Common) (Chief Engineer's Office (118, 83, 2))
[2020-09-14 17:08:19.785] TCOMMS: *no key*/(Poly) [Engineering] (spans:  ) "Twice the calories for half the price!" (language: Galactic Common) (Chief Engineer's Office (118, 83, 2))
[2020-09-14 17:08:37.851] TCOMMS: *no key*/(Poly) [Engineering] (spans:  ) "Twice the calories for half the price!" (language: Galactic Common) (Chief Engineer's Office (118, 83, 2))
[2020-09-14 17:08:53.869] TCOMMS: *no key*/(Poly) [Engineering] (spans:  ) "Twice the calories for half the price!" (language: Galactic Common) (Chief Engineer's Office (118, 83, 2))
[2020-09-14 17:09:19.996] TCOMMS: *no key*/(Poly) [Engineering] (spans:  ) "Twice the calories for half the price!" (language: Galactic Common) (Chief Engineer's Office (118, 83, 2))
[2020-09-14 17:09:22.020] TCOMMS: *no key*/(Poly) [Engineering] (spans:  ) "Twice the calories for half the price!" (language: Galactic Common) (Chief Engineer's Office (118, 83, 2))
[2020-09-14 17:09:30.059] TCOMMS: *no key*/(Poly) [Engineering] (spans:  ) "Twice the calories for half the price!" (language: Galactic Common) (Chief Engineer's Office (118, 83, 2))
[2020-09-14 17:09:40.158] TCOMMS: *no key*/(Poly) [Engineering] (spans:  ) "Twice the calories for half the price!" (language: Galactic Common) (Chief Engineer's Office (118, 83, 2))
[2020-09-14 17:11:00.495] TCOMMS: *no key*/(Poly) [Engineering] (spans:  ) "Twice the calories for half the price!" (language: Galactic Common) (Chief Engineer's Office (118, 83, 2))
[2020-09-14 17:11:24.571] TCOMMS: *no key*/(Poly) [Engineering] (spans:  ) "Twice the calories for half the price!" (language: Galactic Common) (Chief Engineer's Office (118, 83, 2))
[2020-09-14 17:12:12.735] TCOMMS: *no key*/(Poly) [Engineering] (spans:  ) "Twice the calories for half the price!" (language: Galactic Common) (Chief Engineer's Office (118, 83, 2))
[2020-09-14 17:14:27.076] TCOMMS: *no key*/(Poly) [Engineering] (spans:  ) "Twice the calories for half the price!" (language: Galactic Common) (Chief Engineer's Office (118, 83, 2))
[2020-09-14 17:14:35.085] TCOMMS: *no key*/(Poly) [Engineering] (spans:  ) "Twice the calories for half the price!" (language: Galactic Common) (Chief Engineer's Office (118, 83, 2))
[2020-09-14 17:14:53.081] TCOMMS: *no key*/(Poly) [Engineering] (spans:  ) "Twice the calories for half the price!" (language: Galactic Common) (Chief Engineer's Office (118, 83, 2))
[2020-09-14 17:16:39.175] TCOMMS: *no key*/(Poly) [Engineering] (spans:  ) "Twice the calories for half the price!" (language: Galactic Common) (Chief Engineer's Office (118, 83, 2))
[2020-09-14 17:16:49.173] TCOMMS: *no key*/(Poly) [Engineering] (spans:  ) "Twice the calories for half the price!" (language: Galactic Common) (Chief Engineer's Office (118, 83, 2))
[2020-09-14 17:16:55.186] TCOMMS: *no key*/(Poly) [Engineering] (spans:  ) "Twice the calories for half the price!" (language: Galactic Common) (Chief Engineer's Office (118, 83, 2))
[2020-09-14 17:17:13.244] TCOMMS: *no key*/(Poly) [Engineering] (spans:  ) "Twice the calories for half the price!" (language: Galactic Common) (Chief Engineer's Office (118, 83, 2))
[2020-09-14 17:17:39.352] TCOMMS: *no key*/(Poly) [Engineering] (spans:  ) "Twice the calories for half the price!" (language: Galactic Common) (Chief Engineer's Office (118, 83, 2))
[2020-09-14 17:18:55.582] TCOMMS: *no key*/(Poly) [Engineering] (spans:  ) "Twice the calories for half the price!" (language: Galactic Common) (Chief Engineer's Office (118, 83, 2))
[2020-09-14 17:19:11.608] TCOMMS: *no key*/(Poly) [Engineering] (spans:  ) "Twice the calories for half the price!" (language: Galactic Common) (Chief Engineer's Office (118, 83, 2))
