[2020-09-02 18:22:44.084] Starting up round ID .
 - -------------------------
[2020-09-02 18:35:44.962] Logs from logging subsystem:
 - (2020-09-02 15:27:32) ATTACK: *no key*/(Trixy) has suffered: Second Degree Burns to right foot | Damage: 10.8(rolled 27/27.9765) (Unexplored Location (147, 163, 3))
 - (2020-09-02 15:27:50) ATTACK: *no key*/(Jazzy Bella) has suffered: Second Degree Burns to right leg | Damage: 10.8(rolled 27/27.9765) (Unexplored Location (149, 160, 3))
 - (2020-09-02 15:28:04) ATTACK: *no key*/(Trixy) has suffered: Second Degree Burns to left leg | Damage: 10.8(rolled 26/27.9765) (Unexplored Location (147, 163, 3))
 - (2020-09-02 15:28:34) ATTACK: *no key*/(Bonbon) has suffered: Second Degree Burns to right hand | Damage: 10.8(rolled 26/27.9765) (Unexplored Location (146, 161, 3))
 - (2020-09-02 15:29:00) ATTACK: *no key*/(Bonbon) has suffered: Second Degree Burns to right leg | Damage: 10.8(rolled 26/27.9765) (Unexplored Location (146, 161, 3))
 - (2020-09-02 15:29:10) ATTACK: *no key*/(Jazzy Bella) has suffered: Second Degree Burns to left arm | Damage: 10.8(rolled 27/27.9765) (Unexplored Location (149, 160, 3))
 - (2020-09-02 15:29:42) ATTACK: *no key*/(coder monkey (183)) has suffered: Rib Dislocation to chest | Damage: 20(rolled 37/66.2891) | WB: 2 (Space (232, 101, 2))
 - (2020-09-02 15:29:44) ATTACK: *no key*/(Bonbon) has suffered: Second Degree Burns to right foot | Damage: 10.8(rolled 26/27.9765) (Unexplored Location (146, 161, 3))
 - (2020-09-02 15:30:00) ATTACK: *no key*/(Trixy) has suffered: Second Degree Burns to left hand | Damage: 10.8(rolled 26/27.9765) (Unexplored Location (147, 163, 3))
 - (2020-09-02 15:30:08) ATTACK: *no key*/(Trixy) has suffered: Second Degree Burns to right hand | Damage: 10.8(rolled 27/27.9765) (Unexplored Location (147, 163, 3))
 - (2020-09-02 15:30:12) ATTACK: *no key*/(Bonbon) has suffered: Hip Dislocation to groin | Damage: 9(rolled 21/21.674) (Unexplored Location (146, 161, 3))
 - (2020-09-02 15:30:14) ATTACK: *no key*/(Trixy) has suffered: Rib Dislocation to chest | Damage: 9(rolled 21/21.674) (Unexplored Location (147, 163, 3))
 - (2020-09-02 15:30:28) ATTACK: *no key*/(Trixy) has suffered: Second Degree Burns to right arm | Damage: 10.8(rolled 27/27.9765) (Unexplored Location (147, 163, 3))
 - (2020-09-02 15:30:36) ATTACK: *no key*/(Jazzy Bella) has suffered: Second Degree Burns to right foot | Damage: 10.8(rolled 27/27.9765) (Unexplored Location (149, 160, 3))
 - (2020-09-02 15:31:25) ATTACK: *no key*/(Bonbon) has suffered: Second Degree Burns to groin | Damage: 10.8(rolled 13/27.9765) (Unexplored Location (146, 161, 3))
 - (2020-09-02 15:31:29) ATTACK: *no key*/(Bonbon) has suffered: Hairline Fracture to groin | Damage: 8.8(rolled 13/21.0027) (Unexplored Location (146, 161, 3))
 - (2020-09-02 15:31:51) ATTACK: *no key*/(Bonbon) has suffered: Third Degree Burns to groin | Damage: 10.8(rolled 23/27.9765) (Unexplored Location (146, 161, 3))
 - (2020-09-02 15:32:11) ATTACK: *no key*/(Bonbon) has suffered: Second Degree Burns to chest | Damage: 10.8(rolled 26/27.9765) (Unexplored Location (146, 161, 3))
 - (2020-09-02 15:32:17) ATTACK: *no key*/(Bonbon) has suffered: Rib Dislocation to chest | Damage: 9.9(rolled 13/24.7679) (Unexplored Location (146, 161, 3))
 - (2020-09-02 15:32:21) ATTACK: *no key*/(Bonbon) has suffered: Third Degree Burns to chest | Damage: 10.8(rolled 27/27.9765) (Unexplored Location (146, 161, 3))
 - (2020-09-02 15:32:29) ATTACK: *no key*/(Trixy) has suffered: Second Degree Burns to chest | Damage: 10.8(rolled 13/27.9765) (Unexplored Location (147, 163, 3))
 - (2020-09-02 15:32:33) ATTACK: *no key*/(Trixy) has suffered: Hairline Fracture to chest | Damage: 9.9(rolled 9/24.7679) (Unexplored Location (147, 163, 3))
 - (2020-09-02 15:32:35) ATTACK: *no key*/(Trixy) has suffered: Second Degree Burns to left foot | Damage: 10.8(rolled 26/27.9765) (Unexplored Location (147, 163, 3))
 - (2020-09-02 15:32:39) ATTACK: *no key*/(Jazzy Bella) has suffered: Second Degree Burns to chest | Damage: 10.8(rolled 27/27.9765) (Unexplored Location (149, 160, 3))
 - (2020-09-02 15:32:45) ATTACK: *no key*/(Bonbon) has suffered: Hairline Fracture to chest | Damage: 10.8(rolled 12/27.9765) (Unexplored Location (146, 161, 3))
 - (2020-09-02 15:32:51) ATTACK: *no key*/(Jazzy Bella) has suffered: Rib Dislocation to chest | Damage: 8.8(rolled 6/21.0027) (Unexplored Location (149, 160, 3))
 - (2020-09-02 15:32:53) ATTACK: *no key*/(Jazzy Bella) has suffered: Hairline Fracture to chest | Damage: 8.8(rolled 15/21.0027) (Unexplored Location (149, 160, 3))
 - (2020-09-02 15:33:11) ATTACK: *no key*/(Jazzy Bella) has suffered: Second Degree Burns to left leg | Damage: 10.8(rolled 27/27.9765) (Unexplored Location (149, 160, 3))
 - (2020-09-02 15:33:17) ATTACK: *no key*/(Jazzy Bella) has suffered: Third Degree Burns to chest | Damage: 10.8(rolled 18/27.9765) (Unexplored Location (149, 160, 3))
 - (2020-09-02 15:34:11) ATTACK: *no key*/(Jazzy Bella) has suffered: Compound Fracture to chest | Damage: 12(rolled 32/32.423) (Unexplored Location (149, 160, 3))
 - (2020-09-02 15:35:09) ATTACK: *no key*/(Trixy) has suffered: Third Degree Burns to chest | Damage: 10.8(rolled 20/27.9765) (Unexplored Location (147, 163, 3))
