[2020-09-02 18:22:44.090] Starting up round ID .
 - -------------------------
[2020-09-02 18:22:49.465] INIT: Initialized Profiler subsystem within 0 seconds!
[2020-09-02 18:22:49.616] Fail2Topic: Failed to drop firewall rule. Exit code: 1.
[2020-09-02 18:22:49.616] INIT: Initialized Fail2Topic subsystem within 0.2 seconds!
[2020-09-02 18:22:49.618] INIT: Initialized Title Screen subsystem within 0 seconds!
[2020-09-02 18:22:49.619] INIT: Initialized Database subsystem within 0 seconds!
[2020-09-02 18:22:49.619] INIT: Initialized Blackbox subsystem within 0 seconds!
[2020-09-02 18:22:49.619] INIT: Initialized Server Tasks subsystem within 0 seconds!
[2020-09-02 18:22:49.620] INIT: Initialized Input subsystem within 0 seconds!
[2020-09-02 18:22:49.622] INIT: Initialized Sounds subsystem within 0 seconds!
[2020-09-02 18:22:49.622] INIT: Initialized Vis contents overlays subsystem within 0 seconds!
[2020-09-02 18:22:49.689] INIT: Initialized Research subsystem within 0 seconds!
[2020-09-02 18:22:49.692] INIT: Initialized Events subsystem within 0 seconds!
[2020-09-02 18:22:49.696] INIT: Initialized Jobs subsystem within 0 seconds!
[2020-09-02 18:22:49.702] INIT: Initialized Quirks subsystem within 0.1 seconds!
[2020-09-02 18:22:49.715] INIT: Initialized Ticker subsystem within 0 seconds!
[2020-09-02 18:22:49.728] INIT: Initialized Instruments subsystem within 0 seconds!
[2020-09-02 18:23:08.494] INIT: Initialized Mapping subsystem within 18.7 seconds!
[2020-09-02 18:23:08.518] INIT: Initialized Economy subsystem within 0 seconds!
[2020-09-02 18:23:08.519] INIT: Initialized Networks subsystem within 0 seconds!
[2020-09-02 18:23:08.519] INIT: Initialized Holodeck subsystem within 0 seconds!
[2020-09-02 18:23:40.409] INIT: Initialized Atoms subsystem within 31.9 seconds!
[2020-09-02 18:23:40.432] INIT: Initialized Language subsystem within 0 seconds!
[2020-09-02 18:23:40.759] INIT: Initialized Machines subsystem within 0.3 seconds!
[2020-09-02 18:23:40.808] INIT: Initialized Circuit subsystem within 0.1 seconds!
[2020-09-02 18:23:42.121] INIT: Initialized Atmos Adjacency subsystem within 1.3 seconds!
[2020-09-02 18:23:42.121] INIT: Initialized Autotransfer Vote subsystem within 0 seconds!
[2020-09-02 18:23:42.121] INIT: Initialized Chemistry subsystem within 0 seconds!
[2020-09-02 18:23:42.121] INIT: Initialized Status Effects subsystem within 0 seconds!
[2020-09-02 18:23:42.122] INIT: Initialized Weather subsystem within 0 seconds!
[2020-09-02 18:23:42.125] INIT: Initialized Disease subsystem within 0 seconds!
[2020-09-02 18:23:42.125] INIT: Initialized Jukeboxes subsystem within 0 seconds!
[2020-09-02 18:23:42.125] INIT: Initialized Medals subsystem within 0 seconds!
[2020-09-02 18:23:42.370] INIT: Initialized Minimaps subsystem within 0.2 seconds!
[2020-09-02 18:23:42.416] INIT: Initialized Night Shift subsystem within 0 seconds!
[2020-09-02 18:23:42.416] INIT: Initialized Parallax subsystem within 0 seconds!
[2020-09-02 18:23:42.416] INIT: Initialized Sun subsystem within 0 seconds!
[2020-09-02 18:23:42.635] INIT: Initialized Traumas subsystem within 0.2 seconds!
[2020-09-02 18:23:42.673] INIT: Initialized Bluespace Locker subsystem within 0 seconds!
[2020-09-02 18:23:42.702] INIT: Initialized Pacification Bans subsystem within 0 seconds!
[2020-09-02 18:23:42.702] INIT: Initialized Logging subsystem within 0 seconds!
[2020-09-02 18:23:42.702] INIT: Initialized Recycling subsystem within 0 seconds!
[2020-09-02 18:23:49.305] INIT: Initialized Atmospherics subsystem within 6.6 seconds!
[2020-09-02 18:23:49.305] INIT: Initialized Atmospherics - Turfs subsystem within 0 seconds!
[2020-09-02 18:23:52.224] INIT: Initialized Assets subsystem within 2.9 seconds!
[2020-09-02 18:23:59.103] INIT: Initialized Icon Smoothing subsystem within 6.9 seconds!
[2020-09-02 18:24:00.381] INIT: Initialized Overlay subsystem within 1.2 seconds!
[2020-09-02 18:24:00.382] INIT: Initialized XKeyScore subsystem within 0 seconds!
[2020-09-02 18:24:00.386] INIT: Initialized Sticky Ban subsystem within 0 seconds!
[2020-09-02 18:24:08.718] INIT: Initialized Lighting subsystem within 8.4 seconds!
[2020-09-02 18:24:12.581] INIT: Initialized Shuttle subsystem within 3.8 seconds!
[2020-09-02 18:24:12.618] INIT: Initialized Minor Mapping subsystem within 0.1 seconds!
[2020-09-02 18:24:12.619] INIT: Initialized Pathfinder subsystem within 0 seconds!
[2020-09-02 18:24:12.649] INIT: Initialized Persistence subsystem within 0 seconds!
[2020-09-02 18:24:12.649] INIT: Initialized Chat subsystem within 0 seconds!
