[2020-09-05 15:53:03.822] Starting up round ID .
 - -------------------------
[2020-09-05 15:53:10.517] INIT: Initialized Profiler subsystem within 0 seconds!
[2020-09-05 15:53:10.816] Fail2Topic: Failed to drop firewall rule. Exit code: 1.
[2020-09-05 15:53:10.817] INIT: Initialized Fail2Topic subsystem within 0.3 seconds!
[2020-09-05 15:53:10.820] INIT: Initialized Title Screen subsystem within 0 seconds!
[2020-09-05 15:53:10.821] INIT: Initialized Database subsystem within 0 seconds!
[2020-09-05 15:53:10.821] INIT: Initialized Blackbox subsystem within 0 seconds!
[2020-09-05 15:53:10.821] INIT: Initialized Server Tasks subsystem within 0 seconds!
[2020-09-05 15:53:10.823] INIT: Initialized Input subsystem within 0 seconds!
[2020-09-05 15:53:10.824] INIT: Initialized Sounds subsystem within 0 seconds!
[2020-09-05 15:53:10.825] INIT: Initialized Vis contents overlays subsystem within 0 seconds!
[2020-09-05 15:53:10.884] INIT: Initialized Research subsystem within 0 seconds!
[2020-09-05 15:53:10.887] INIT: Initialized Events subsystem within 0 seconds!
[2020-09-05 15:53:10.891] INIT: Initialized Jobs subsystem within 0 seconds!
[2020-09-05 15:53:10.897] INIT: Initialized Quirks subsystem within 0 seconds!
[2020-09-05 15:53:10.913] INIT: Initialized Ticker subsystem within 0.1 seconds!
[2020-09-05 15:53:10.925] INIT: Initialized Instruments subsystem within 0 seconds!
[2020-09-05 15:53:33.090] INIT: Initialized Mapping subsystem within 22.1 seconds!
[2020-09-05 15:53:33.105] INIT: Initialized Economy subsystem within 0 seconds!
[2020-09-05 15:53:33.106] INIT: Initialized Networks subsystem within 0 seconds!
[2020-09-05 15:53:33.106] INIT: Initialized Holodeck subsystem within 0 seconds!
[2020-09-05 15:54:07.831] INIT: Initialized Atoms subsystem within 34.7 seconds!
[2020-09-05 15:54:07.857] INIT: Initialized Language subsystem within 0 seconds!
[2020-09-05 15:54:08.003] INIT: Initialized Machines subsystem within 0.2 seconds!
[2020-09-05 15:54:08.039] INIT: Initialized Circuit subsystem within 0 seconds!
[2020-09-05 15:54:09.305] INIT: Initialized Atmos Adjacency subsystem within 1.3 seconds!
[2020-09-05 15:54:09.306] INIT: Initialized Autotransfer Vote subsystem within 0 seconds!
[2020-09-05 15:54:09.306] INIT: Initialized Chemistry subsystem within 0 seconds!
[2020-09-05 15:54:09.306] INIT: Initialized Status Effects subsystem within 0 seconds!
[2020-09-05 15:54:09.308] INIT: Initialized Weather subsystem within 0 seconds!
[2020-09-05 15:54:09.311] INIT: Initialized Disease subsystem within 0 seconds!
[2020-09-05 15:54:09.312] INIT: Initialized Jukeboxes subsystem within 0 seconds!
[2020-09-05 15:54:09.312] INIT: Initialized Medals subsystem within 0 seconds!
[2020-09-05 15:54:09.556] INIT: Initialized Minimaps subsystem within 0.2 seconds!
[2020-09-05 15:54:09.604] INIT: Initialized Night Shift subsystem within 0 seconds!
[2020-09-05 15:54:09.604] INIT: Initialized Parallax subsystem within 0 seconds!
[2020-09-05 15:54:09.604] INIT: Initialized Sun subsystem within 0 seconds!
[2020-09-05 15:54:09.833] INIT: Initialized Traumas subsystem within 0.2 seconds!
[2020-09-05 15:54:09.872] INIT: Initialized Bluespace Locker subsystem within 0 seconds!
[2020-09-05 15:54:09.899] INIT: Initialized Pacification Bans subsystem within 0 seconds!
[2020-09-05 15:54:09.899] INIT: Initialized Logging subsystem within 0 seconds!
[2020-09-05 15:54:09.899] INIT: Initialized Recycling subsystem within 0 seconds!
[2020-09-05 15:54:15.983] INIT: Initialized Atmospherics subsystem within 6.1 seconds!
[2020-09-05 15:54:15.983] INIT: Initialized Atmospherics - Turfs subsystem within 0 seconds!
[2020-09-05 15:54:18.889] INIT: Initialized Assets subsystem within 2.9 seconds!
[2020-09-05 15:54:24.884] INIT: Initialized Icon Smoothing subsystem within 5.9 seconds!
[2020-09-05 15:54:26.053] INIT: Initialized Overlay subsystem within 1.2 seconds!
[2020-09-05 15:54:26.053] INIT: Initialized XKeyScore subsystem within 0 seconds!
[2020-09-05 15:54:26.053] INIT: Initialized Sticky Ban subsystem within 0 seconds!
[2020-09-05 15:54:33.511] INIT: Initialized Lighting subsystem within 7.5 seconds!
[2020-09-05 15:54:38.225] INIT: Initialized Shuttle subsystem within 4.7 seconds!
[2020-09-05 15:54:38.284] INIT: Initialized Minor Mapping subsystem within 0 seconds!
[2020-09-05 15:54:38.285] INIT: Initialized Pathfinder subsystem within 0 seconds!
[2020-09-05 15:54:38.329] INIT: Initialized Persistence subsystem within 0.1 seconds!
[2020-09-05 15:54:38.329] INIT: Initialized Chat subsystem within 0 seconds!
