[2020-09-16 13:58:28.873] Starting up round ID .
 - -------------------------
[2020-09-16 13:58:34.383] INIT: Initialized Profiler subsystem within 0 seconds!
[2020-09-16 13:58:34.532] Fail2Topic: Failed to drop firewall rule. Exit code: 1.
[2020-09-16 13:58:34.532] INIT: Initialized Fail2Topic subsystem within 0.2 seconds!
[2020-09-16 13:58:34.534] INIT: Initialized Title Screen subsystem within 0 seconds!
[2020-09-16 13:58:34.535] INIT: Initialized Database subsystem within 0 seconds!
[2020-09-16 13:58:34.535] INIT: Initialized Blackbox subsystem within 0 seconds!
[2020-09-16 13:58:34.536] INIT: Initialized Server Tasks subsystem within 0 seconds!
[2020-09-16 13:58:34.539] INIT: Initialized Input subsystem within 0 seconds!
[2020-09-16 13:58:34.541] INIT: Initialized Sounds subsystem within 0 seconds!
[2020-09-16 13:58:34.541] INIT: Initialized Vis contents overlays subsystem within 0 seconds!
[2020-09-16 13:58:34.602] INIT: Initialized Research subsystem within 0.1 seconds!
[2020-09-16 13:58:34.605] INIT: Initialized Events subsystem within 0 seconds!
[2020-09-16 13:58:34.609] INIT: Initialized Jobs subsystem within 0 seconds!
[2020-09-16 13:58:34.614] INIT: Initialized Quirks subsystem within 0 seconds!
[2020-09-16 13:58:34.620] INIT: Initialized Ticker subsystem within 0 seconds!
[2020-09-16 13:58:34.633] INIT: Initialized Instruments subsystem within 0 seconds!
[2020-09-16 13:58:51.657] INIT: Initialized Mapping subsystem within 17 seconds!
[2020-09-16 13:58:51.667] INIT: Initialized Economy subsystem within 0 seconds!
[2020-09-16 13:58:51.668] INIT: Initialized Networks subsystem within 0 seconds!
[2020-09-16 13:58:51.668] INIT: Initialized Holodeck subsystem within 0 seconds!
