[2020-09-30 21:49:26.011] Starting up round ID .
 - -------------------------
[2020-09-30 21:49:32.368] INIT: Initialized Profiler subsystem within 0 seconds!
[2020-09-30 21:49:32.567] Fail2Topic: Failed to drop firewall rule. Exit code: 1.
[2020-09-30 21:49:32.568] INIT: Initialized Fail2Topic subsystem within 0.2 seconds!
[2020-09-30 21:49:32.571] INIT: Initialized Title Screen subsystem within 0 seconds!
[2020-09-30 21:49:32.572] INIT: Initialized Database subsystem within 0 seconds!
[2020-09-30 21:49:32.573] INIT: Initialized Blackbox subsystem within 0 seconds!
[2020-09-30 21:49:32.573] INIT: Initialized Server Tasks subsystem within 0 seconds!
[2020-09-30 21:49:32.574] INIT: Initialized Input subsystem within 0 seconds!
[2020-09-30 21:49:32.576] INIT: Initialized Sounds subsystem within 0 seconds!
[2020-09-30 21:49:32.577] INIT: Initialized Vis contents overlays subsystem within 0 seconds!
[2020-09-30 21:49:32.660] INIT: Initialized Research subsystem within 0.1 seconds!
[2020-09-30 21:49:32.664] INIT: Initialized Events subsystem within 0 seconds!
[2020-09-30 21:49:32.673] INIT: Initialized Jobs subsystem within 0 seconds!
[2020-09-30 21:49:32.679] INIT: Initialized Quirks subsystem within 0 seconds!
[2020-09-30 21:49:32.688] INIT: Initialized Ticker subsystem within 0 seconds!
[2020-09-30 21:49:32.706] INIT: Initialized Instruments subsystem within 0.1 seconds!
[2020-09-30 21:49:52.412] INIT: Initialized Mapping subsystem within 19.7 seconds!
[2020-09-30 21:49:52.425] INIT: Initialized Economy subsystem within 0 seconds!
[2020-09-30 21:49:52.427] INIT: Initialized Networks subsystem within 0 seconds!
[2020-09-30 21:49:52.427] INIT: Initialized Holodeck subsystem within 0 seconds!
[2020-09-30 21:50:35.693] INIT: Initialized Atoms subsystem within 43.2 seconds!
[2020-09-30 21:50:35.725] INIT: Initialized Language subsystem within 0 seconds!
[2020-09-30 21:50:35.894] INIT: Initialized Machines subsystem within 0.1 seconds!
[2020-09-30 21:50:35.962] INIT: Initialized Circuit subsystem within 0.1 seconds!
[2020-09-30 21:50:37.759] INIT: Initialized Atmos Adjacency subsystem within 1.8 seconds!
[2020-09-30 21:50:37.759] INIT: Initialized Autotransfer Vote subsystem within 0 seconds!
[2020-09-30 21:50:37.760] INIT: Initialized Chemistry subsystem within 0 seconds!
[2020-09-30 21:50:37.760] INIT: Initialized Status Effects subsystem within 0 seconds!
[2020-09-30 21:50:37.761] INIT: Initialized Weather subsystem within 0 seconds!
[2020-09-30 21:50:37.765] INIT: Initialized Disease subsystem within 0 seconds!
[2020-09-30 21:50:37.765] INIT: Initialized Jukeboxes subsystem within 0 seconds!
[2020-09-30 21:50:37.765] INIT: Initialized Medals subsystem within 0 seconds!
[2020-09-30 21:50:38.078] INIT: Initialized Minimaps subsystem within 0.3 seconds!
[2020-09-30 21:50:38.148] INIT: Initialized Night Shift subsystem within 0 seconds!
[2020-09-30 21:50:38.148] INIT: Initialized Parallax subsystem within 0 seconds!
[2020-09-30 21:50:38.148] INIT: Initialized Sun subsystem within 0 seconds!
[2020-09-30 21:50:38.396] INIT: Initialized Traumas subsystem within 0.2 seconds!
[2020-09-30 21:50:38.441] INIT: Initialized Bluespace Locker subsystem within 0.1 seconds!
[2020-09-30 21:50:38.480] INIT: Initialized Pacification Bans subsystem within 0 seconds!
[2020-09-30 21:50:38.480] INIT: Initialized Logging subsystem within 0 seconds!
[2020-09-30 21:50:38.480] INIT: Initialized Recycling subsystem within 0 seconds!
[2020-09-30 21:50:46.633] INIT: Initialized Atmospherics subsystem within 8.2 seconds!
[2020-09-30 21:50:46.633] INIT: Initialized Atmospherics - Turfs subsystem within 0 seconds!
[2020-09-30 21:50:50.540] INIT: Initialized Assets subsystem within 3.9 seconds!
[2020-09-30 21:50:58.584] INIT: Initialized Icon Smoothing subsystem within 8 seconds!
[2020-09-30 21:51:00.053] INIT: Initialized Overlay subsystem within 1.5 seconds!
[2020-09-30 21:51:00.053] INIT: Initialized XKeyScore subsystem within 0 seconds!
[2020-09-30 21:51:00.054] INIT: Initialized Sticky Ban subsystem within 0 seconds!
[2020-09-30 21:51:15.274] INIT: Initialized Lighting subsystem within 15.2 seconds!
[2020-09-30 21:51:19.194] INIT: Initialized Shuttle subsystem within 3.9 seconds!
[2020-09-30 21:51:19.237] INIT: Initialized Minor Mapping subsystem within 0.1 seconds!
[2020-09-30 21:51:19.238] INIT: Initialized Pathfinder subsystem within 0 seconds!
[2020-09-30 21:51:19.274] INIT: Initialized Persistence subsystem within 0 seconds!
[2020-09-30 21:51:19.274] INIT: Initialized Chat subsystem within 0 seconds!
