[2020-09-27 02:09:49.773] Starting up round ID .
 - -------------------------
[2020-09-27 02:09:55.908] INIT: Initialized Profiler subsystem within 0 seconds!
[2020-09-27 02:09:56.103] Fail2Topic: Failed to drop firewall rule. Exit code: 1.
[2020-09-27 02:09:56.104] INIT: Initialized Fail2Topic subsystem within 0.2 seconds!
[2020-09-27 02:09:56.109] INIT: Initialized Title Screen subsystem within 0 seconds!
[2020-09-27 02:09:56.110] INIT: Initialized Database subsystem within 0 seconds!
[2020-09-27 02:09:56.111] INIT: Initialized Blackbox subsystem within 0 seconds!
[2020-09-27 02:09:56.112] INIT: Initialized Server Tasks subsystem within 0 seconds!
[2020-09-27 02:09:56.115] INIT: Initialized Input subsystem within 0 seconds!
[2020-09-27 02:09:56.118] INIT: Initialized Sounds subsystem within 0 seconds!
[2020-09-27 02:09:56.118] INIT: Initialized Vis contents overlays subsystem within 0 seconds!
[2020-09-27 02:09:56.211] INIT: Initialized Research subsystem within 0.1 seconds!
[2020-09-27 02:09:56.215] INIT: Initialized Events subsystem within 0 seconds!
[2020-09-27 02:09:56.219] INIT: Initialized Jobs subsystem within 0 seconds!
[2020-09-27 02:09:56.225] INIT: Initialized Quirks subsystem within 0 seconds!
[2020-09-27 02:09:56.231] INIT: Initialized Ticker subsystem within 0 seconds!
[2020-09-27 02:09:56.248] INIT: Initialized Instruments subsystem within 0 seconds!
[2020-09-27 02:10:14.181] INIT: Initialized Mapping subsystem within 17.9 seconds!
[2020-09-27 02:10:14.198] INIT: Initialized Economy subsystem within 0 seconds!
[2020-09-27 02:10:14.200] INIT: Initialized Networks subsystem within 0 seconds!
[2020-09-27 02:10:14.200] INIT: Initialized Holodeck subsystem within 0 seconds!
[2020-09-27 02:10:54.084] INIT: Initialized Atoms subsystem within 39.8 seconds!
[2020-09-27 02:10:54.117] INIT: Initialized Language subsystem within 0.1 seconds!
[2020-09-27 02:10:54.292] INIT: Initialized Machines subsystem within 0.1 seconds!
[2020-09-27 02:10:54.369] INIT: Initialized Circuit subsystem within 0.1 seconds!
[2020-09-27 02:10:55.865] INIT: Initialized Atmos Adjacency subsystem within 1.5 seconds!
[2020-09-27 02:10:55.866] INIT: Initialized Autotransfer Vote subsystem within 0 seconds!
[2020-09-27 02:10:55.866] INIT: Initialized Chemistry subsystem within 0 seconds!
[2020-09-27 02:10:55.866] INIT: Initialized Status Effects subsystem within 0 seconds!
[2020-09-27 02:10:55.867] INIT: Initialized Weather subsystem within 0 seconds!
[2020-09-27 02:10:55.871] INIT: Initialized Disease subsystem within 0 seconds!
[2020-09-27 02:10:55.871] INIT: Initialized Jukeboxes subsystem within 0 seconds!
[2020-09-27 02:10:55.871] INIT: Initialized Medals subsystem within 0 seconds!
[2020-09-27 02:10:56.183] INIT: Initialized Minimaps subsystem within 0.3 seconds!
[2020-09-27 02:10:56.243] INIT: Initialized Night Shift subsystem within 0 seconds!
[2020-09-27 02:10:56.243] INIT: Initialized Parallax subsystem within 0 seconds!
[2020-09-27 02:10:56.243] INIT: Initialized Sun subsystem within 0 seconds!
[2020-09-27 02:10:56.493] INIT: Initialized Traumas subsystem within 0.2 seconds!
[2020-09-27 02:10:56.537] INIT: Initialized Bluespace Locker subsystem within 0.1 seconds!
[2020-09-27 02:10:56.582] INIT: Initialized Pacification Bans subsystem within 0 seconds!
[2020-09-27 02:10:56.582] INIT: Initialized Logging subsystem within 0 seconds!
[2020-09-27 02:10:56.582] INIT: Initialized Recycling subsystem within 0 seconds!
[2020-09-27 02:11:03.456] INIT: Initialized Atmospherics subsystem within 6.9 seconds!
[2020-09-27 02:11:03.456] INIT: Initialized Atmospherics - Turfs subsystem within 0 seconds!
[2020-09-27 02:11:07.377] INIT: Initialized Assets subsystem within 3.9 seconds!
[2020-09-27 02:11:14.635] INIT: Initialized Icon Smoothing subsystem within 7.2 seconds!
[2020-09-27 02:11:16.095] INIT: Initialized Overlay subsystem within 1.4 seconds!
[2020-09-27 02:11:16.095] INIT: Initialized XKeyScore subsystem within 0 seconds!
[2020-09-27 02:11:16.097] INIT: Initialized Sticky Ban subsystem within 0 seconds!
[2020-09-27 02:11:28.567] INIT: Initialized Lighting subsystem within 12.5 seconds!
[2020-09-27 02:11:33.058] INIT: Initialized Shuttle subsystem within 4.5 seconds!
[2020-09-27 02:11:33.141] INIT: Initialized Minor Mapping subsystem within 0.1 seconds!
[2020-09-27 02:11:33.143] INIT: Initialized Pathfinder subsystem within 0 seconds!
[2020-09-27 02:11:33.201] INIT: Initialized Persistence subsystem within 0.1 seconds!
[2020-09-27 02:11:33.273] INIT: Initialized Chat subsystem within 0 seconds!
