[2020-09-30 14:07:10.093] Starting up round ID .
 - -------------------------
[2020-09-30 14:07:11.101] INIT: Initialized Profiler subsystem within 0 seconds!
[2020-09-30 14:07:11.351] Fail2Topic: Failed to drop firewall rule. Exit code: 1.
[2020-09-30 14:07:11.351] INIT: Initialized Fail2Topic subsystem within 0.2 seconds!
[2020-09-30 14:07:11.353] INIT: Initialized Title Screen subsystem within 0 seconds!
[2020-09-30 14:07:11.353] INIT: Initialized Database subsystem within 0 seconds!
[2020-09-30 14:07:11.353] INIT: Initialized Blackbox subsystem within 0 seconds!
[2020-09-30 14:07:11.353] INIT: Initialized Server Tasks subsystem within 0 seconds!
[2020-09-30 14:07:11.354] INIT: Initialized Input subsystem within 0 seconds!
[2020-09-30 14:07:11.356] INIT: Initialized Sounds subsystem within 0 seconds!
[2020-09-30 14:07:11.356] INIT: Initialized Vis contents overlays subsystem within 0 seconds!
[2020-09-30 14:07:11.416] INIT: Initialized Research subsystem within 0.1 seconds!
[2020-09-30 14:07:11.419] INIT: Initialized Events subsystem within 0 seconds!
[2020-09-30 14:07:11.423] INIT: Initialized Jobs subsystem within 0 seconds!
[2020-09-30 14:07:11.427] INIT: Initialized Quirks subsystem within 0 seconds!
[2020-09-30 14:07:11.439] INIT: Initialized Ticker subsystem within 0 seconds!
[2020-09-30 14:07:11.450] INIT: Initialized Instruments subsystem within 0 seconds!
[2020-09-30 14:07:28.755] INIT: Initialized Mapping subsystem within 17.3 seconds!
[2020-09-30 14:07:28.757] INIT: Initialized Economy subsystem within 0 seconds!
[2020-09-30 14:07:28.758] INIT: Initialized Networks subsystem within 0 seconds!
[2020-09-30 14:07:28.758] INIT: Initialized Holodeck subsystem within 0 seconds!
[2020-09-30 14:08:02.605] INIT: Initialized Atoms subsystem within 33.9 seconds!
[2020-09-30 14:08:02.622] INIT: Initialized Language subsystem within 0 seconds!
[2020-09-30 14:08:02.934] INIT: Initialized Machines subsystem within 0.3 seconds!
[2020-09-30 14:08:02.999] INIT: Initialized Circuit subsystem within 0 seconds!
[2020-09-30 14:08:04.297] INIT: Initialized Atmos Adjacency subsystem within 1.3 seconds!
[2020-09-30 14:08:04.297] INIT: Initialized Autotransfer Vote subsystem within 0 seconds!
[2020-09-30 14:08:04.297] INIT: Initialized Chemistry subsystem within 0 seconds!
[2020-09-30 14:08:04.297] INIT: Initialized Status Effects subsystem within 0 seconds!
[2020-09-30 14:08:04.298] INIT: Initialized Weather subsystem within 0 seconds!
[2020-09-30 14:08:04.302] INIT: Initialized Disease subsystem within 0.1 seconds!
[2020-09-30 14:08:04.302] INIT: Initialized Jukeboxes subsystem within 0 seconds!
[2020-09-30 14:08:04.302] INIT: Initialized Medals subsystem within 0 seconds!
[2020-09-30 14:08:04.546] INIT: Initialized Minimaps subsystem within 0.2 seconds!
[2020-09-30 14:08:04.550] INIT: Initialized Night Shift subsystem within 0 seconds!
[2020-09-30 14:08:04.550] INIT: Initialized Parallax subsystem within 0 seconds!
[2020-09-30 14:08:04.550] INIT: Initialized Sun subsystem within 0 seconds!
[2020-09-30 14:08:04.800] INIT: Initialized Traumas subsystem within 0.3 seconds!
[2020-09-30 14:08:04.837] INIT: Initialized Bluespace Locker subsystem within 0 seconds!
[2020-09-30 14:08:04.840] INIT: Initialized Pacification Bans subsystem within 0 seconds!
[2020-09-30 14:08:04.840] INIT: Initialized Logging subsystem within 0 seconds!
[2020-09-30 14:08:04.840] INIT: Initialized Recycling subsystem within 0 seconds!
[2020-09-30 14:08:10.413] INIT: Initialized Atmospherics subsystem within 5.6 seconds!
[2020-09-30 14:08:10.413] INIT: Initialized Atmospherics - Turfs subsystem within 0 seconds!
[2020-09-30 14:08:13.788] INIT: Initialized Assets subsystem within 3.3 seconds!
[2020-09-30 14:08:19.142] INIT: Initialized Icon Smoothing subsystem within 5.4 seconds!
[2020-09-30 14:08:20.350] INIT: Initialized Overlay subsystem within 1.2 seconds!
[2020-09-30 14:08:20.350] INIT: Initialized XKeyScore subsystem within 0 seconds!
[2020-09-30 14:08:20.351] INIT: Initialized Sticky Ban subsystem within 0 seconds!
[2020-09-30 14:08:31.701] INIT: Initialized Lighting subsystem within 11.4 seconds!
[2020-09-30 14:08:35.365] INIT: Initialized Shuttle subsystem within 3.6 seconds!
[2020-09-30 14:08:35.403] INIT: Initialized Minor Mapping subsystem within 0.1 seconds!
[2020-09-30 14:08:35.404] INIT: Initialized Pathfinder subsystem within 0 seconds!
[2020-09-30 14:08:35.436] INIT: Initialized Persistence subsystem within 0 seconds!
[2020-09-30 14:08:35.436] INIT: Initialized Chat subsystem within 0 seconds!
