[2020-09-06 21:11:44.666] Starting up round ID .
 - -------------------------
[2020-09-06 21:11:51.560] INIT: Initialized Profiler subsystem within 0 seconds!
[2020-09-06 21:11:51.758] Fail2Topic: Failed to drop firewall rule. Exit code: 1.
[2020-09-06 21:11:51.759] INIT: Initialized Fail2Topic subsystem within 0.2 seconds!
[2020-09-06 21:11:51.762] INIT: Initialized Title Screen subsystem within 0 seconds!
[2020-09-06 21:11:51.762] INIT: Initialized Database subsystem within 0 seconds!
[2020-09-06 21:11:51.763] INIT: Initialized Blackbox subsystem within 0 seconds!
[2020-09-06 21:11:51.764] INIT: Initialized Server Tasks subsystem within 0 seconds!
[2020-09-06 21:11:51.768] INIT: Initialized Input subsystem within 0 seconds!
[2020-09-06 21:11:51.772] INIT: Initialized Sounds subsystem within 0 seconds!
[2020-09-06 21:11:51.773] INIT: Initialized Vis contents overlays subsystem within 0 seconds!
[2020-09-06 21:11:51.860] INIT: Initialized Research subsystem within 0.1 seconds!
[2020-09-06 21:11:51.864] INIT: Initialized Events subsystem within 0 seconds!
[2020-09-06 21:11:51.873] INIT: Initialized Jobs subsystem within 0 seconds!
[2020-09-06 21:11:51.879] INIT: Initialized Quirks subsystem within 0 seconds!
[2020-09-06 21:11:51.904] INIT: Initialized Ticker subsystem within 0.1 seconds!
[2020-09-06 21:11:51.921] INIT: Initialized Instruments subsystem within 0 seconds!
[2020-09-06 21:12:16.262] INIT: Initialized Mapping subsystem within 24.3 seconds!
[2020-09-06 21:12:16.287] INIT: Initialized Economy subsystem within 0 seconds!
[2020-09-06 21:12:16.289] INIT: Initialized Networks subsystem within 0 seconds!
[2020-09-06 21:12:16.289] INIT: Initialized Holodeck subsystem within 0 seconds!
[2020-09-06 21:12:53.510] INIT: Initialized Atoms subsystem within 37.2 seconds!
[2020-09-06 21:12:53.548] INIT: Initialized Language subsystem within 0 seconds!
[2020-09-06 21:12:53.709] INIT: Initialized Machines subsystem within 0.2 seconds!
[2020-09-06 21:12:53.747] INIT: Initialized Circuit subsystem within 0 seconds!
[2020-09-06 21:12:55.382] INIT: Initialized Atmos Adjacency subsystem within 1.6 seconds!
[2020-09-06 21:12:55.382] INIT: Initialized Autotransfer Vote subsystem within 0 seconds!
[2020-09-06 21:12:55.383] INIT: Initialized Chemistry subsystem within 0 seconds!
[2020-09-06 21:12:55.383] INIT: Initialized Status Effects subsystem within 0 seconds!
[2020-09-06 21:12:55.384] INIT: Initialized Weather subsystem within 0 seconds!
[2020-09-06 21:12:55.390] INIT: Initialized Disease subsystem within 0 seconds!
[2020-09-06 21:12:55.390] INIT: Initialized Jukeboxes subsystem within 0 seconds!
[2020-09-06 21:12:55.390] INIT: Initialized Medals subsystem within 0 seconds!
[2020-09-06 21:12:55.731] INIT: Initialized Minimaps subsystem within 0.4 seconds!
[2020-09-06 21:12:55.813] INIT: Initialized Night Shift subsystem within 0 seconds!
[2020-09-06 21:12:55.813] INIT: Initialized Parallax subsystem within 0 seconds!
[2020-09-06 21:12:55.813] INIT: Initialized Sun subsystem within 0 seconds!
[2020-09-06 21:12:56.160] INIT: Initialized Traumas subsystem within 0.3 seconds!
[2020-09-06 21:12:56.289] INIT: Initialized Bluespace Locker subsystem within 0 seconds!
[2020-09-06 21:12:56.289] INIT: Initialized Pacification Bans subsystem within 0 seconds!
[2020-09-06 21:12:56.289] INIT: Initialized Logging subsystem within 0 seconds!
[2020-09-06 21:12:56.289] INIT: Initialized Recycling subsystem within 0 seconds!
[2020-09-06 21:13:03.865] INIT: Initialized Atmospherics subsystem within 7.6 seconds!
[2020-09-06 21:13:03.865] INIT: Initialized Atmospherics - Turfs subsystem within 0 seconds!
[2020-09-06 21:13:07.289] INIT: Initialized Assets subsystem within 3.4 seconds!
[2020-09-06 21:13:14.830] INIT: Initialized Icon Smoothing subsystem within 7.5 seconds!
[2020-09-06 21:13:16.630] INIT: Initialized Overlay subsystem within 1.8 seconds!
[2020-09-06 21:13:16.630] INIT: Initialized XKeyScore subsystem within 0 seconds!
[2020-09-06 21:13:16.630] INIT: Initialized Sticky Ban subsystem within 0 seconds!
[2020-09-06 21:13:25.548] INIT: Initialized Lighting subsystem within 8.9 seconds!
[2020-09-06 21:13:30.722] INIT: Initialized Shuttle subsystem within 5.2 seconds!
[2020-09-06 21:13:30.777] INIT: Initialized Minor Mapping subsystem within 0 seconds!
[2020-09-06 21:13:30.778] INIT: Initialized Pathfinder subsystem within 0 seconds!
[2020-09-06 21:13:30.813] INIT: Initialized Persistence subsystem within 0.1 seconds!
[2020-09-06 21:13:30.814] INIT: Initialized Chat subsystem within 0 seconds!
