[2020-09-27 05:26:11.399] Starting up round ID .
 - -------------------------
[2020-09-27 05:26:17.075] INIT: Initialized Profiler subsystem within 0 seconds!
[2020-09-27 05:26:17.270] Fail2Topic: Failed to drop firewall rule. Exit code: 1.
[2020-09-27 05:26:17.270] INIT: Initialized Fail2Topic subsystem within 0.2 seconds!
[2020-09-27 05:26:17.272] INIT: Initialized Title Screen subsystem within 0 seconds!
[2020-09-27 05:26:17.272] INIT: Initialized Database subsystem within 0 seconds!
[2020-09-27 05:26:17.272] INIT: Initialized Blackbox subsystem within 0 seconds!
[2020-09-27 05:26:17.273] INIT: Initialized Server Tasks subsystem within 0 seconds!
[2020-09-27 05:26:17.275] INIT: Initialized Input subsystem within 0 seconds!
[2020-09-27 05:26:17.276] INIT: Initialized Sounds subsystem within 0 seconds!
[2020-09-27 05:26:17.277] INIT: Initialized Vis contents overlays subsystem within 0 seconds!
[2020-09-27 05:26:17.337] INIT: Initialized Research subsystem within 0.1 seconds!
[2020-09-27 05:26:17.341] INIT: Initialized Events subsystem within 0 seconds!
[2020-09-27 05:26:17.345] INIT: Initialized Jobs subsystem within 0 seconds!
[2020-09-27 05:26:17.350] INIT: Initialized Quirks subsystem within 0 seconds!
[2020-09-27 05:26:17.357] INIT: Initialized Ticker subsystem within 0 seconds!
[2020-09-27 05:26:17.371] INIT: Initialized Instruments subsystem within 0 seconds!
[2020-09-27 05:26:35.131] INIT: Initialized Mapping subsystem within 17.8 seconds!
[2020-09-27 05:26:35.146] INIT: Initialized Economy subsystem within 0 seconds!
[2020-09-27 05:26:35.147] INIT: Initialized Networks subsystem within 0 seconds!
[2020-09-27 05:26:35.147] INIT: Initialized Holodeck subsystem within 0 seconds!
[2020-09-27 05:27:09.897] INIT: Initialized Atoms subsystem within 34.7 seconds!
[2020-09-27 05:27:09.924] INIT: Initialized Language subsystem within 0 seconds!
[2020-09-27 05:27:10.080] INIT: Initialized Machines subsystem within 0.1 seconds!
[2020-09-27 05:27:10.143] INIT: Initialized Circuit subsystem within 0.1 seconds!
[2020-09-27 05:27:11.572] INIT: Initialized Atmos Adjacency subsystem within 1.4 seconds!
[2020-09-27 05:27:11.572] INIT: Initialized Autotransfer Vote subsystem within 0 seconds!
[2020-09-27 05:27:11.572] INIT: Initialized Chemistry subsystem within 0 seconds!
[2020-09-27 05:27:11.572] INIT: Initialized Status Effects subsystem within 0 seconds!
[2020-09-27 05:27:11.573] INIT: Initialized Weather subsystem within 0 seconds!
[2020-09-27 05:27:11.577] INIT: Initialized Disease subsystem within 0 seconds!
[2020-09-27 05:27:11.577] INIT: Initialized Jukeboxes subsystem within 0 seconds!
[2020-09-27 05:27:11.577] INIT: Initialized Medals subsystem within 0 seconds!
[2020-09-27 05:27:11.853] INIT: Initialized Minimaps subsystem within 0.3 seconds!
[2020-09-27 05:27:11.903] INIT: Initialized Night Shift subsystem within 0 seconds!
[2020-09-27 05:27:11.903] INIT: Initialized Parallax subsystem within 0 seconds!
[2020-09-27 05:27:11.903] INIT: Initialized Sun subsystem within 0 seconds!
[2020-09-27 05:27:12.124] INIT: Initialized Traumas subsystem within 0.2 seconds!
[2020-09-27 05:27:12.164] INIT: Initialized Bluespace Locker subsystem within 0 seconds!
[2020-09-27 05:27:12.213] INIT: Initialized Pacification Bans subsystem within 0 seconds!
[2020-09-27 05:27:12.213] INIT: Initialized Logging subsystem within 0 seconds!
[2020-09-27 05:27:12.213] INIT: Initialized Recycling subsystem within 0 seconds!
[2020-09-27 05:27:18.481] INIT: Initialized Atmospherics subsystem within 6.2 seconds!
[2020-09-27 05:27:18.481] INIT: Initialized Atmospherics - Turfs subsystem within 0 seconds!
[2020-09-27 05:27:21.757] INIT: Initialized Assets subsystem within 3.3 seconds!
[2020-09-27 05:27:28.913] INIT: Initialized Icon Smoothing subsystem within 7.2 seconds!
[2020-09-27 05:27:30.247] INIT: Initialized Overlay subsystem within 1.3 seconds!
[2020-09-27 05:27:30.247] INIT: Initialized XKeyScore subsystem within 0 seconds!
[2020-09-27 05:27:30.248] INIT: Initialized Sticky Ban subsystem within 0 seconds!
[2020-09-27 05:27:41.792] INIT: Initialized Lighting subsystem within 11.5 seconds!
[2020-09-27 05:27:45.787] INIT: Initialized Shuttle subsystem within 4 seconds!
[2020-09-27 05:27:45.828] INIT: Initialized Minor Mapping subsystem within 0.1 seconds!
[2020-09-27 05:27:45.829] INIT: Initialized Pathfinder subsystem within 0 seconds!
[2020-09-27 05:27:45.863] INIT: Initialized Persistence subsystem within 0 seconds!
[2020-09-27 05:27:45.863] INIT: Initialized Chat subsystem within 0 seconds!
