[2020-09-10 00:35:29.511] Starting up round ID .
 - -------------------------
[2020-09-10 00:35:30.492] INIT: Initialized Profiler subsystem within 0 seconds!
[2020-09-10 00:35:30.641] Fail2Topic: Failed to drop firewall rule. Exit code: 1.
[2020-09-10 00:35:30.641] INIT: Initialized Fail2Topic subsystem within 0.2 seconds!
[2020-09-10 00:35:30.642] INIT: Initialized Title Screen subsystem within 0 seconds!
[2020-09-10 00:35:30.643] INIT: Initialized Database subsystem within 0 seconds!
[2020-09-10 00:35:30.643] INIT: Initialized Blackbox subsystem within 0 seconds!
[2020-09-10 00:35:30.643] INIT: Initialized Server Tasks subsystem within 0 seconds!
[2020-09-10 00:35:30.644] INIT: Initialized Input subsystem within 0 seconds!
[2020-09-10 00:35:30.646] INIT: Initialized Sounds subsystem within 0 seconds!
[2020-09-10 00:35:30.646] INIT: Initialized Vis contents overlays subsystem within 0 seconds!
[2020-09-10 00:35:30.723] INIT: Initialized Research subsystem within 0.1 seconds!
[2020-09-10 00:35:30.726] INIT: Initialized Events subsystem within 0 seconds!
[2020-09-10 00:35:30.730] INIT: Initialized Jobs subsystem within 0 seconds!
[2020-09-10 00:35:30.739] INIT: Initialized Quirks subsystem within 0 seconds!
[2020-09-10 00:35:30.745] INIT: Initialized Ticker subsystem within 0 seconds!
[2020-09-10 00:35:30.756] INIT: Initialized Instruments subsystem within 0 seconds!
[2020-09-10 00:35:45.628] INIT: Initialized Mapping subsystem within 14.9 seconds!
[2020-09-10 00:35:45.630] INIT: Initialized Economy subsystem within 0 seconds!
[2020-09-10 00:35:45.631] INIT: Initialized Networks subsystem within 0 seconds!
[2020-09-10 00:35:45.631] INIT: Initialized Holodeck subsystem within 0 seconds!
[2020-09-10 00:36:17.671] INIT: Initialized Atoms subsystem within 32 seconds!
[2020-09-10 00:36:17.688] INIT: Initialized Language subsystem within 0 seconds!
[2020-09-10 00:36:17.818] INIT: Initialized Machines subsystem within 0.2 seconds!
[2020-09-10 00:36:17.865] INIT: Initialized Circuit subsystem within 0 seconds!
[2020-09-10 00:36:19.054] INIT: Initialized Atmos Adjacency subsystem within 1.2 seconds!
[2020-09-10 00:36:19.054] INIT: Initialized Autotransfer Vote subsystem within 0 seconds!
[2020-09-10 00:36:19.054] INIT: Initialized Chemistry subsystem within 0 seconds!
[2020-09-10 00:36:19.054] INIT: Initialized Status Effects subsystem within 0 seconds!
[2020-09-10 00:36:19.056] INIT: Initialized Weather subsystem within 0 seconds!
[2020-09-10 00:36:19.059] INIT: Initialized Disease subsystem within 0 seconds!
[2020-09-10 00:36:19.059] INIT: Initialized Jukeboxes subsystem within 0 seconds!
[2020-09-10 00:36:19.059] INIT: Initialized Medals subsystem within 0 seconds!
[2020-09-10 00:36:19.282] INIT: Initialized Minimaps subsystem within 0.2 seconds!
[2020-09-10 00:36:19.336] INIT: Initialized Night Shift subsystem within 0 seconds!
[2020-09-10 00:36:19.336] INIT: Initialized Parallax subsystem within 0 seconds!
[2020-09-10 00:36:19.336] INIT: Initialized Sun subsystem within 0 seconds!
[2020-09-10 00:36:19.608] INIT: Initialized Traumas subsystem within 0.3 seconds!
[2020-09-10 00:36:19.649] INIT: Initialized Bluespace Locker subsystem within 0 seconds!
[2020-09-10 00:36:19.649] INIT: Initialized Pacification Bans subsystem within 0 seconds!
[2020-09-10 00:36:19.649] INIT: Initialized Logging subsystem within 0 seconds!
[2020-09-10 00:36:19.650] INIT: Initialized Recycling subsystem within 0 seconds!
[2020-09-10 00:36:24.988] INIT: Initialized Atmospherics subsystem within 5.3 seconds!
[2020-09-10 00:36:24.989] INIT: Initialized Atmospherics - Turfs subsystem within 0 seconds!
[2020-09-10 00:36:28.203] INIT: Initialized Assets subsystem within 3.3 seconds!
[2020-09-10 00:36:33.419] INIT: Initialized Icon Smoothing subsystem within 5.2 seconds!
[2020-09-10 00:36:34.493] INIT: Initialized Overlay subsystem within 1 second!
[2020-09-10 00:36:34.493] INIT: Initialized XKeyScore subsystem within 0 seconds!
[2020-09-10 00:36:34.493] INIT: Initialized Sticky Ban subsystem within 0 seconds!
[2020-09-10 00:36:41.902] INIT: Initialized Lighting subsystem within 7.5 seconds!
[2020-09-10 00:36:45.684] INIT: Initialized Shuttle subsystem within 3.7 seconds!
[2020-09-10 00:36:45.741] INIT: Initialized Minor Mapping subsystem within 0.1 seconds!
[2020-09-10 00:36:45.742] INIT: Initialized Pathfinder subsystem within 0 seconds!
[2020-09-10 00:36:45.777] INIT: Initialized Persistence subsystem within 0 seconds!
[2020-09-10 00:36:45.777] INIT: Initialized Chat subsystem within 0 seconds!
