[2020-09-17 13:26:24.222] Starting up round ID .
 - -------------------------
[2020-09-17 13:26:30.152] INIT: Initialized Profiler subsystem within 0 seconds!
[2020-09-17 13:26:30.308] Fail2Topic: Failed to drop firewall rule. Exit code: 1.
[2020-09-17 13:26:30.308] INIT: Initialized Fail2Topic subsystem within 0.2 seconds!
[2020-09-17 13:26:30.309] INIT: Initialized Title Screen subsystem within 0 seconds!
[2020-09-17 13:26:30.310] INIT: Initialized Database subsystem within 0 seconds!
[2020-09-17 13:26:30.310] INIT: Initialized Blackbox subsystem within 0 seconds!
[2020-09-17 13:26:30.310] INIT: Initialized Server Tasks subsystem within 0 seconds!
[2020-09-17 13:26:30.312] INIT: Initialized Input subsystem within 0 seconds!
[2020-09-17 13:26:30.314] INIT: Initialized Sounds subsystem within 0 seconds!
[2020-09-17 13:26:30.314] INIT: Initialized Vis contents overlays subsystem within 0 seconds!
[2020-09-17 13:26:30.371] INIT: Initialized Research subsystem within 0 seconds!
[2020-09-17 13:26:30.374] INIT: Initialized Events subsystem within 0 seconds!
[2020-09-17 13:26:30.378] INIT: Initialized Jobs subsystem within 0 seconds!
[2020-09-17 13:26:30.383] INIT: Initialized Quirks subsystem within 0 seconds!
[2020-09-17 13:26:30.390] INIT: Initialized Ticker subsystem within 0 seconds!
[2020-09-17 13:26:30.402] INIT: Initialized Instruments subsystem within 0.1 seconds!
[2020-09-17 13:26:48.158] INIT: Initialized Mapping subsystem within 17.7 seconds!
[2020-09-17 13:26:48.172] INIT: Initialized Economy subsystem within 0 seconds!
[2020-09-17 13:26:48.173] INIT: Initialized Networks subsystem within 0 seconds!
[2020-09-17 13:26:48.173] INIT: Initialized Holodeck subsystem within 0 seconds!
[2020-09-17 13:27:22.338] INIT: Initialized Atoms subsystem within 34.2 seconds!
[2020-09-17 13:27:22.388] INIT: Initialized Language subsystem within 0 seconds!
[2020-09-17 13:27:22.596] INIT: Initialized Machines subsystem within 0.2 seconds!
[2020-09-17 13:27:22.632] INIT: Initialized Circuit subsystem within 0.1 seconds!
[2020-09-17 13:27:24.306] INIT: Initialized Atmos Adjacency subsystem within 1.7 seconds!
[2020-09-17 13:27:24.306] INIT: Initialized Autotransfer Vote subsystem within 0 seconds!
[2020-09-17 13:27:24.307] INIT: Initialized Chemistry subsystem within 0 seconds!
[2020-09-17 13:27:24.307] INIT: Initialized Status Effects subsystem within 0 seconds!
[2020-09-17 13:27:24.308] INIT: Initialized Weather subsystem within 0 seconds!
[2020-09-17 13:27:24.313] INIT: Initialized Disease subsystem within 0 seconds!
[2020-09-17 13:27:24.313] INIT: Initialized Jukeboxes subsystem within 0 seconds!
[2020-09-17 13:27:24.313] INIT: Initialized Medals subsystem within 0 seconds!
[2020-09-17 13:27:24.583] INIT: Initialized Minimaps subsystem within 0.2 seconds!
[2020-09-17 13:27:24.654] INIT: Initialized Night Shift subsystem within 0 seconds!
[2020-09-17 13:27:24.654] INIT: Initialized Parallax subsystem within 0 seconds!
[2020-09-17 13:27:24.654] INIT: Initialized Sun subsystem within 0 seconds!
[2020-09-17 13:27:24.905] INIT: Initialized Traumas subsystem within 0.3 seconds!
[2020-09-17 13:27:24.993] INIT: Initialized Bluespace Locker subsystem within 0 seconds!
[2020-09-17 13:27:24.994] INIT: Initialized Pacification Bans subsystem within 0 seconds!
[2020-09-17 13:27:24.994] INIT: Initialized Logging subsystem within 0 seconds!
[2020-09-17 13:27:24.994] INIT: Initialized Recycling subsystem within 0 seconds!
[2020-09-17 13:27:31.841] INIT: Initialized Atmospherics subsystem within 6.9 seconds!
[2020-09-17 13:27:31.841] INIT: Initialized Atmospherics - Turfs subsystem within 0 seconds!
[2020-09-17 13:27:35.310] INIT: Initialized Assets subsystem within 3.5 seconds!
[2020-09-17 13:27:41.751] INIT: Initialized Icon Smoothing subsystem within 6.4 seconds!
[2020-09-17 13:27:42.981] INIT: Initialized Overlay subsystem within 1.2 seconds!
[2020-09-17 13:27:42.981] INIT: Initialized XKeyScore subsystem within 0 seconds!
[2020-09-17 13:27:42.982] INIT: Initialized Sticky Ban subsystem within 0 seconds!
[2020-09-17 13:27:51.251] INIT: Initialized Lighting subsystem within 8.3 seconds!
[2020-09-17 13:27:55.042] INIT: Initialized Shuttle subsystem within 3.8 seconds!
[2020-09-17 13:27:55.081] INIT: Initialized Minor Mapping subsystem within 0 seconds!
[2020-09-17 13:27:55.082] INIT: Initialized Pathfinder subsystem within 0 seconds!
[2020-09-17 13:27:55.112] INIT: Initialized Persistence subsystem within 0.1 seconds!
[2020-09-17 13:27:55.112] INIT: Initialized Chat subsystem within 0 seconds!
