[2020-08-30 01:15:34.316] Starting up round ID .
 - -------------------------
[2020-08-30 01:28:05.638] Logs from logging subsystem:
 - (2020-08-29 22:23:12) ATTACK: *no key*/(Syndicate Commando) has fired at Bob Joga/(Cockmistress) with [.45 bullet] from Chapel (NEWHP: 100)  (Chapel (184, 141, 2))
 - (2020-08-29 22:23:12) ATTACK: *no key*/(Syndicate Commando) has fired at Bob Joga/(Cockmistress) with [.45 bullet] from Chapel (NEWHP: 100)  (Chapel (184, 141, 2))
 - (2020-08-29 22:23:12) ATTACK: Bob Joga/(Cockmistress) has suffered: Minor Breakage to chest | Damage: 30(rolled 60/116.942) | WB: -10 (Chapel (184, 133, 2))
 - (2020-08-29 22:23:12) ATTACK: *no key*/(Syndicate Commando) has shot Bob Joga/(Cockmistress) with [.45 bullet] (NEWHP: 100)  (Chapel (184, 140, 2))
 - (2020-08-29 22:23:12) ATTACK: *no key*/(Syndicate Commando) has shot Bob Joga/(Cockmistress) with [.45 bullet] (NEWHP: 100)  (Chapel (184, 139, 2))
 - (2020-08-29 22:23:16) ATTACK: *no key*/(Syndicate Commando) has fired at Bob Joga/(Cockmistress) with [.45 bullet] from Chapel (NEWHP: 100)  (Chapel (186, 142, 2))
 - (2020-08-29 22:23:16) ATTACK: *no key*/(Syndicate Commando) has fired at Bob Joga/(Cockmistress) with [.45 bullet] from Chapel (NEWHP: 100)  (Chapel (186, 143, 2))
 - (2020-08-29 22:23:16) ATTACK: Bob Joga/(Cockmistress) has suffered: Ruptured Cavity to chest | Damage: 33(rolled 132/133.635) | WB: 5 (Chapel (182, 140, 2))
 - (2020-08-29 22:23:16) ATTACK: *no key*/(Syndicate Commando) has shot Bob Joga/(Cockmistress) with [.45 bullet] (NEWHP: 100)  (Chapel (186, 143, 2))
 - (2020-08-29 22:23:18) ATTACK: Bob Joga/(Cockmistress) has attacked *no key*/(Syndicate Commando) with dark energy sword[DC] (INTENT: HELP) (DAMTYPE: BRUTE) (NEWHP: 152)  (Chapel (184, 148, 2))
 - (2020-08-29 22:23:20) ATTACK: *no key*/(Syndicate Commando) has fired at Bob Joga/(Cockmistress) with [.45 bullet] from Chapel (NEWHP: 100)  (Chapel (186, 143, 2))
 - (2020-08-29 22:23:20) ATTACK: Bob Joga/(Cockmistress) has suffered: Minor Breakage to right leg | Damage: 30(rolled 25/116.942) | WB: 20 (Chapel (185, 144, 2))
 - (2020-08-29 22:23:20) ATTACK: *no key*/(Syndicate Commando) has shot Bob Joga/(Cockmistress) with [.45 bullet] (NEWHP: 100)  (Chapel (186, 142, 2))
 - (2020-08-29 22:23:20) ATTACK: *no key*/(Syndicate Commando) has fired at Bob Joga/(Cockmistress) with [.45 bullet] from Chapel (NEWHP: 100)  (Chapel (186, 142, 2))
 - (2020-08-29 22:23:20) ATTACK: Bob Joga/(Cockmistress) has suffered: Ruptured Cavity to left arm | Damage: 30(rolled 103/116.942) | WB: 20 (Chapel (185, 143, 2))
 - (2020-08-29 22:23:20) ATTACK: *no key*/(Syndicate Commando) has shot Bob Joga/(Cockmistress) with [.45 bullet] (NEWHP: 100)  (Chapel (186, 142, 2))
 - (2020-08-29 22:23:20) ATTACK: Bob Joga/(Cockmistress) has attacked *no key*/(Syndicate Commando) with dark energy sword[DC] (INTENT: HELP) (DAMTYPE: BRUTE) (NEWHP: 134)  (Chapel (185, 142, 2))
 - (2020-08-29 22:23:24) ATTACK: *no key*/(Syndicate Commando) has fired at Bob Joga/(Cockmistress) with [.45 bullet] from Chapel (NEWHP: 98)  (Chapel (184, 132, 2))
 - (2020-08-29 22:23:24) ATTACK: *no key*/(Syndicate Commando) has shot Bob Joga/(Cockmistress) with [.45 bullet] (NEWHP: 98)  (Chapel (184, 132, 2))
 - (2020-08-29 22:23:24) ATTACK: *no key*/(Syndicate Commando) has fired at Bob Joga/(Cockmistress) with [.45 bullet] from Chapel (NEWHP: 98)  (Chapel (184, 132, 2))
 - (2020-08-29 22:23:24) ATTACK: *no key*/(Syndicate Commando) has shot Bob Joga/(Cockmistress) with [.45 bullet] (NEWHP: 98)  (Chapel (183, 132, 2))
 - (2020-08-29 22:23:28) ATTACK: *no key*/(Syndicate Commando) has fired at Bob Joga/(Cockmistress) with [.45 bullet] from Chapel (NEWHP: 96)  (Chapel (180, 133, 2))
 - (2020-08-29 22:23:28) ATTACK: *no key*/(Syndicate Commando) has fired at Bob Joga/(Cockmistress) with [.45 bullet] from Chapel (NEWHP: 96)  (Chapel (179, 132, 2))
 - (2020-08-29 22:23:28) ATTACK: *no key*/(Syndicate Commando) has shot Bob Joga/(Cockmistress) with [.45 bullet] (NEWHP: 96)  (Chapel (179, 132, 2))
 - (2020-08-29 22:23:28) ATTACK: *no key*/(Syndicate Commando) has shot Bob Joga/(Cockmistress) with [.45 bullet] (NEWHP: 96)  (Chapel (179, 132, 2))
 - (2020-08-29 22:23:32) ATTACK: *no key*/(Syndicate Commando) has fired at Bob Joga/(Cockmistress) with [.45 bullet] from Chapel (NEWHP: 96)  (Chapel (179, 132, 2))
 - (2020-08-29 22:23:32) ATTACK: *no key*/(Syndicate Commando) has fired at Bob Joga/(Cockmistress) with [.45 bullet] from Chapel (NEWHP: 96)  (Chapel (179, 133, 2))
 - (2020-08-29 22:23:32) ATTACK: *no key*/(Syndicate Commando) has shot Bob Joga/(Cockmistress) with [.45 bullet] (NEWHP: 96)  (Chapel (179, 133, 2))
 - (2020-08-29 22:23:32) ATTACK: *no key*/(Syndicate Commando) has shot Bob Joga/(Cockmistress) with [.45 bullet] (NEWHP: 96)  (Chapel (179, 132, 2))
 - (2020-08-29 22:23:36) ATTACK: *no key*/(Syndicate Commando) has fired at Bob Joga/(Cockmistress) with [.45 bullet] from Chapel (NEWHP: 94)  (Chapel (179, 132, 2))
 - (2020-08-29 22:23:36) ATTACK: *no key*/(Syndicate Commando) has fired at Bob Joga/(Cockmistress) with [.45 bullet] from Chapel (NEWHP: 94)  (Chapel (179, 132, 2))
 - (2020-08-29 22:23:36) ATTACK: *no key*/(Syndicate Commando) has shot Bob Joga/(Cockmistress) with [.45 bullet] (NEWHP: 94)  (Chapel (180, 132, 2))
 - (2020-08-29 22:23:36) ATTACK: *no key*/(Syndicate Commando) has shot Bob Joga/(Cockmistress) with [.45 bullet] (NEWHP: 94)  (Chapel (180, 132, 2))
 - (2020-08-29 22:23:42) ATTACK: *no key*/(Syndicate Commando) has fired at Bob Joga/(Cockmistress) with [.45 bullet] from Chapel (NEWHP: 85)  (Chapel (179, 133, 2))
 - (2020-08-29 22:23:42) ATTACK: *no key*/(Syndicate Commando) has fired at Bob Joga/(Cockmistress) with [.45 bullet] from Chapel (NEWHP: 85)  (Chapel (179, 133, 2))
 - (2020-08-29 22:23:42) ATTACK: Bob Joga/(Cockmistress) has suffered: Open Puncture to right foot | Damage: 30(rolled 81/116.942) | WB: 5 (Chapel (184, 134, 2))
 - (2020-08-29 22:23:42) ATTACK: *no key*/(Syndicate Commando) has shot Bob Joga/(Cockmistress) with [.45 bullet] (NEWHP: 85)  (Chapel (179, 132, 2))
 - (2020-08-29 22:23:42) ATTACK: *no key*/(Syndicate Commando) has shot Bob Joga/(Cockmistress) with [.45 bullet] (NEWHP: 85)  (Chapel (179, 132, 2))
 - (2020-08-29 22:23:46) ATTACK: *no key*/(Syndicate Commando) has fired at Bob Joga/(Cockmistress) with [.45 bullet] from Chapel (NEWHP: 73)  (Chapel (179, 132, 2))
 - (2020-08-29 22:23:46) ATTACK: *no key*/(Syndicate Commando) has fired at Bob Joga/(Cockmistress) with [.45 bullet] from Chapel (NEWHP: 73)  (Chapel (179, 133, 2))
 - (2020-08-29 22:23:46) ATTACK: *no key*/(Syndicate Commando) has shot Bob Joga/(Cockmistress) with [.45 bullet] (NEWHP: 73)  (Chapel (179, 133, 2))
 - (2020-08-29 22:23:46) ATTACK: *no key*/(Syndicate Commando) has shot Bob Joga/(Cockmistress) with [.45 bullet] (NEWHP: 73)  (Chapel (179, 133, 2))
 - (2020-08-29 22:23:50) ATTACK: *no key*/(Syndicate Commando) has fired at Bob Joga/(Cockmistress) with [.45 bullet] from Chapel (NEWHP: 62)  (Chapel (180, 132, 2))
 - (2020-08-29 22:23:50) ATTACK: *no key*/(Syndicate Commando) has fired at Bob Joga/(Cockmistress) with [.45 bullet] from Chapel (NEWHP: 62)  (Chapel (179, 132, 2))
 - (2020-08-29 22:23:50) ATTACK: *no key*/(Syndicate Commando) has shot Bob Joga/(Cockmistress) with [.45 bullet] (NEWHP: 62)  (Chapel (179, 132, 2))
 - (2020-08-29 22:23:50) ATTACK: Bob Joga/(Cockmistress) has suffered: Open Puncture to right leg | Damage: 33(rolled 37/133.635) | WB: 5 (Chapel (184, 134, 2))
 - (2020-08-29 22:23:50) ATTACK: *no key*/(Syndicate Commando) has shot Bob Joga/(Cockmistress) with [.45 bullet] (NEWHP: 62)  (Chapel (180, 132, 2))
 - (2020-08-29 22:23:54) ATTACK: *no key*/(Syndicate Commando) has fired at Bob Joga/(Cockmistress) with [.45 bullet] from Chapel (NEWHP: 51)  (Chapel (180, 132, 2))
 - (2020-08-29 22:23:54) ATTACK: *no key*/(Syndicate Commando) has fired at Bob Joga/(Cockmistress) with [.45 bullet] from Chapel (NEWHP: 51)  (Chapel (180, 132, 2))
 - (2020-08-29 22:23:54) ATTACK: *no key*/(Syndicate Commando) has shot Bob Joga/(Cockmistress) with [.45 bullet] (NEWHP: 51)  (Chapel (180, 132, 2))
 - (2020-08-29 22:23:54) ATTACK: *no key*/(Syndicate Commando) has shot Bob Joga/(Cockmistress) with [.45 bullet] (NEWHP: 51)  (Chapel (179, 132, 2))
 - (2020-08-29 22:23:58) ATTACK: *no key*/(Syndicate Commando) has fired at Bob Joga/(Cockmistress) with [.45 bullet] from Chapel (NEWHP: 40)  (Chapel (179, 132, 2))
 - (2020-08-29 22:23:58) ATTACK: *no key*/(Syndicate Commando) has fired at Bob Joga/(Cockmistress) with [.45 bullet] from Chapel (NEWHP: 40)  (Chapel (180, 132, 2))
 - (2020-08-29 22:23:58) ATTACK: Bob Joga/(Cockmistress) has suffered: Open Puncture to left hand | Damage: 30(rolled 31/116.942) | WB: 5 (Chapel (184, 134, 2))
 - (2020-08-29 22:23:58) ATTACK: *no key*/(Syndicate Commando) has shot Bob Joga/(Cockmistress) with [.45 bullet] (NEWHP: 40)  (Chapel (180, 132, 2))
 - (2020-08-29 22:23:58) ATTACK: *no key*/(Syndicate Commando) has shot Bob Joga/(Cockmistress) with [.45 bullet] (NEWHP: 40)  (Chapel (180, 132, 2))
 - (2020-08-29 22:24:02) ATTACK: *no key*/(Syndicate Commando) has fired at Bob Joga/(Cockmistress) with [.45 bullet] from Chapel (NEWHP: 29)  (Chapel (180, 132, 2))
 - (2020-08-29 22:24:02) ATTACK: *no key*/(Syndicate Commando) has fired at Bob Joga/(Cockmistress) with [.45 bullet] from Chapel (NEWHP: 29)  (Chapel (179, 132, 2))
 - (2020-08-29 22:24:02) ATTACK: *no key*/(Syndicate Commando) has shot Bob Joga/(Cockmistress) with [.45 bullet] (NEWHP: 29)  (Chapel (179, 132, 2))
 - (2020-08-29 22:24:02) ATTACK: *no key*/(Syndicate Commando) has shot Bob Joga/(Cockmistress) with [.45 bullet] (NEWHP: 29)  (Chapel (180, 132, 2))
 - (2020-08-29 22:24:06) ATTACK: *no key*/(Syndicate Commando) has fired at Bob Joga/(Cockmistress) with [.45 bullet] from Chapel (NEWHP: 18)  (Chapel (180, 132, 2))
 - (2020-08-29 22:24:06) ATTACK: *no key*/(Syndicate Commando) has fired at Bob Joga/(Cockmistress) with [.45 bullet] from Chapel (NEWHP: 18)  (Chapel (180, 132, 2))
 - (2020-08-29 22:24:06) ATTACK: Bob Joga/(Cockmistress) has suffered: Minor Breakage to right hand | Damage: 30(rolled 24/116.942) | WB: 10 (Chapel (184, 134, 2))
 - (2020-08-29 22:24:06) ATTACK: *no key*/(Syndicate Commando) has shot Bob Joga/(Cockmistress) with [.45 bullet] (NEWHP: 18)  (Chapel (180, 132, 2))
 - (2020-08-29 22:24:06) ATTACK: *no key*/(Syndicate Commando) has shot Bob Joga/(Cockmistress) with [.45 bullet] (NEWHP: 18)  (Chapel (179, 132, 2))
 - (2020-08-29 22:24:12) ATTACK: *no key*/(Syndicate Commando) has fired at Bob Joga/(Cockmistress) with [.45 bullet] from Chapel (NEWHP: 1)  (Chapel (179, 133, 2))
 - (2020-08-29 22:24:12) ATTACK: *no key*/(Syndicate Commando) has fired at Bob Joga/(Cockmistress) with [.45 bullet] from Chapel (NEWHP: 1)  (Chapel (179, 133, 2))
 - (2020-08-29 22:24:12) ATTACK: Bob Joga/(Cockmistress) has suffered: Ruptured Cavity to groin | Damage: 30(rolled 100/116.942) (Chapel (184, 134, 2))
 - (2020-08-29 22:24:12) ATTACK: *no key*/(Syndicate Commando) has shot Bob Joga/(Cockmistress) with [.45 bullet] (NEWHP: 1)  (Chapel (179, 132, 2))
 - (2020-08-29 22:24:12) ATTACK: *no key*/(Syndicate Commando) has shot Bob Joga/(Cockmistress) with [.45 bullet] (NEWHP: 1)  (Chapel (179, 132, 2))
 - (2020-08-29 22:24:16) ATTACK: *no key*/(Syndicate Commando) has fired at Bob Joga/(Cockmistress) with [.45 bullet] from Chapel (NEWHP: -9)  (Chapel (179, 132, 2))
 - (2020-08-29 22:24:16) ATTACK: *no key*/(Syndicate Commando) has fired at Bob Joga/(Cockmistress) with [.45 bullet] from Chapel (NEWHP: -9)  (Chapel (179, 133, 2))
 - (2020-08-29 22:24:16) ATTACK: Bob Joga/(Cockmistress) has suffered: Ruptured Cavity to right foot | Damage: 33(rolled 80/133.635) | WB: 5 (Chapel (184, 134, 2))
 - (2020-08-29 22:24:16) ATTACK: *no key*/(Syndicate Commando) has shot Bob Joga/(Cockmistress) with [.45 bullet] (NEWHP: -9)  (Chapel (179, 133, 2))
 - (2020-08-29 22:24:16) ATTACK: *no key*/(Syndicate Commando) has shot Bob Joga/(Cockmistress) with [.45 bullet] (NEWHP: -9)  (Chapel (179, 133, 2))
 - (2020-08-29 22:24:20) ATTACK: *no key*/(Syndicate Commando) has fired at Bob Joga/(Cockmistress) with [.45 bullet] from Chapel (NEWHP: -19)  (Chapel (179, 133, 2))
 - (2020-08-29 22:24:20) ATTACK: *no key*/(Syndicate Commando) has fired at Bob Joga/(Cockmistress) with [.45 bullet] from Chapel (NEWHP: -19)  (Chapel (179, 132, 2))
 - (2020-08-29 22:24:20) ATTACK: *no key*/(Syndicate Commando) has shot Bob Joga/(Cockmistress) with [.45 bullet] (NEWHP: -19)  (Chapel (179, 132, 2))
 - (2020-08-29 22:24:20) ATTACK: Bob Joga/(Cockmistress) has suffered: Open Puncture to right arm | Damage: 30(rolled 76/116.942) | WB: 5 (Chapel (184, 134, 2))
 - (2020-08-29 22:24:20) ATTACK: Bob Joga/(Cockmistress) has suffered: Open Puncture to right hand | Damage: 16.5(rolled 37/50.6381) (Chapel (184, 134, 2))
 - (2020-08-29 22:24:20) ATTACK: *no key*/(Syndicate Commando) has shot Bob Joga/(Cockmistress) with [.45 bullet] (NEWHP: -19)  (Chapel (179, 133, 2))
 - (2020-08-29 22:24:24) ATTACK: *no key*/(Syndicate Commando) has fired at Bob Joga/(Cockmistress) with [.45 bullet] from Chapel (NEWHP: -29)  (Chapel (179, 133, 2))
 - (2020-08-29 22:24:24) ATTACK: *no key*/(Syndicate Commando) has fired at Bob Joga/(Cockmistress) with [.45 bullet] from Chapel (NEWHP: -29)  (Chapel (179, 133, 2))
 - (2020-08-29 22:24:24) ATTACK: *no key*/(Syndicate Commando) has shot Bob Joga/(Cockmistress) with [.45 bullet] (NEWHP: -29)  (Chapel (179, 132, 2))
 - (2020-08-29 22:24:24) ATTACK: *no key*/(Syndicate Commando) has shot Bob Joga/(Cockmistress) with [.45 bullet] (NEWHP: -29)  (Chapel (179, 132, 2))
 - (2020-08-29 22:24:28) ATTACK: *no key*/(Syndicate Commando) has fired at Bob Joga/(Cockmistress) with [.45 bullet] from Chapel (NEWHP: -39)  (Chapel (179, 132, 2))
 - (2020-08-29 22:24:28) ATTACK: *no key*/(Syndicate Commando) has fired at Bob Joga/(Cockmistress) with [.45 bullet] from Chapel (NEWHP: -39)  (Chapel (180, 132, 2))
 - (2020-08-29 22:24:28) ATTACK: *no key*/(Syndicate Commando) has shot Bob Joga/(Cockmistress) with [.45 bullet] (NEWHP: -39)  (Chapel (180, 132, 2))
 - (2020-08-29 22:24:28) ATTACK: *no key*/(Syndicate Commando) has shot Bob Joga/(Cockmistress) with [.45 bullet] (NEWHP: -39)  (Chapel (180, 132, 2))
 - (2020-08-29 22:24:32) ATTACK: *no key*/(Syndicate Commando) has fired at Bob Joga/(Cockmistress) with [.45 bullet] from Chapel (NEWHP: -49)  (Chapel (179, 133, 2))
 - (2020-08-29 22:24:32) ATTACK: *no key*/(Syndicate Commando) has fired at Bob Joga/(Cockmistress) with [.45 bullet] from Chapel (NEWHP: -49)  (Chapel (179, 132, 2))
 - (2020-08-29 22:24:32) ATTACK: *no key*/(Syndicate Commando) has shot Bob Joga/(Cockmistress) with [.45 bullet] (NEWHP: -49)  (Chapel (179, 132, 2))
 - (2020-08-29 22:24:32) ATTACK: *no key*/(Syndicate Commando) has shot Bob Joga/(Cockmistress) with [.45 bullet] (NEWHP: -49)  (Chapel (180, 132, 2))
 - (2020-08-29 22:24:36) ATTACK: *no key*/(Syndicate Commando) has fired at Bob Joga/(Cockmistress) with [.45 bullet] from Chapel (NEWHP: -60)  (Chapel (179, 133, 2))
 - (2020-08-29 22:24:36) ATTACK: *no key*/(Syndicate Commando) has fired at Bob Joga/(Cockmistress) with [.45 bullet] from Chapel (NEWHP: -60)  (Chapel (179, 133, 2))
 - (2020-08-29 22:24:36) ATTACK: *no key*/(Syndicate Commando) has shot Bob Joga/(Cockmistress) with [.45 bullet] (NEWHP: -60)  (Chapel (179, 132, 2))
 - (2020-08-29 22:24:36) ATTACK: *no key*/(Syndicate Commando) has shot Bob Joga/(Cockmistress) with [.45 bullet] (NEWHP: -60)  (Chapel (179, 132, 2))
 - (2020-08-29 22:24:42) ATTACK: *no key*/(Syndicate Commando) has fired at Bob Joga/(Cockmistress) with [.45 bullet] from Chapel (NEWHP: -75)  (Chapel (179, 132, 2))
 - (2020-08-29 22:24:42) ATTACK: *no key*/(Syndicate Commando) has fired at Bob Joga/(Cockmistress) with [.45 bullet] from Chapel (NEWHP: -75)  (Chapel (179, 132, 2))
 - (2020-08-29 22:24:42) ATTACK: *no key*/(Syndicate Commando) has shot Bob Joga/(Cockmistress) with [.45 bullet] (NEWHP: -75)  (Chapel (180, 132, 2))
 - (2020-08-29 22:24:42) ATTACK: *no key*/(Syndicate Commando) has shot Bob Joga/(Cockmistress) with [.45 bullet] (NEWHP: -75)  (Chapel (180, 132, 2))
 - (2020-08-29 22:24:46) ATTACK: *no key*/(Syndicate Commando) has fired at Bob Joga/(Cockmistress) with [.45 bullet] from Chapel (NEWHP: -85)  (Chapel (180, 132, 2))
 - (2020-08-29 22:24:46) ATTACK: *no key*/(Syndicate Commando) has fired at Bob Joga/(Cockmistress) with [.45 bullet] from Chapel (NEWHP: -85)  (Chapel (179, 132, 2))
 - (2020-08-29 22:24:46) ATTACK: Bob Joga/(Cockmistress) has suffered: Ruptured Cavity to left hand | Damage: 33(rolled 79/133.635) | WB: 10 (Chapel (184, 134, 2))
 - (2020-08-29 22:24:46) ATTACK: *no key*/(Syndicate Commando) has shot Bob Joga/(Cockmistress) with [.45 bullet] (NEWHP: -85)  (Chapel (179, 132, 2))
 - (2020-08-29 22:24:46) ATTACK: *no key*/(Syndicate Commando) has shot Bob Joga/(Cockmistress) with [.45 bullet] (NEWHP: -85)  (Chapel (179, 132, 2))
 - (2020-08-29 22:24:50) ATTACK: *no key*/(Syndicate Commando) has fired at Bob Joga/(Cockmistress) with [.45 bullet] from Chapel (NEWHP: -95)  (Chapel (179, 132, 2))
 - (2020-08-29 22:24:50) ATTACK: *no key*/(Syndicate Commando) has fired at Bob Joga/(Cockmistress) with [.45 bullet] from Chapel (NEWHP: -95)  (Chapel (180, 132, 2))
 - (2020-08-29 22:24:50) ATTACK: *no key*/(Syndicate Commando) has shot Bob Joga/(Cockmistress) with [.45 bullet] (NEWHP: -95)  (Chapel (180, 132, 2))
 - (2020-08-29 22:24:50) ATTACK: *no key*/(Syndicate Commando) has shot Bob Joga/(Cockmistress) with [.45 bullet] (NEWHP: -95)  (Chapel (179, 132, 2))
 - (2020-08-29 22:27:14) ATTACK: *no key*/(Syndicate Commando) has fired at *no key*/(Roomba) with [.45 bullet] from Chapel (NEWHP: 20)  (Chapel (180, 132, 2))
 - (2020-08-29 22:27:14) ATTACK: *no key*/(Syndicate Commando) has fired at *no key*/(Roomba) with [.45 bullet] from Chapel (NEWHP: 20)  (Chapel (180, 132, 2))
[2020-08-30 01:38:06.843] Logs from logging subsystem:
 - (2020-08-29 22:28:18) ATTACK: *no key*/(Syndicate Commando) has fired at bobjoga/(Cockmistress) with [.45 bullet] from Chapel (NEWHP: 99)  (Chapel (179, 133, 2))
 - (2020-08-29 22:28:18) ATTACK: *no key*/(Syndicate Commando) has fired at bobjoga/(Cockmistress) with [.45 bullet] from Chapel (NEWHP: 99)  (Chapel (179, 133, 2))
 - (2020-08-29 22:28:18) ATTACK: bobjoga/(Cockmistress) has suffered: Minor Breakage to chest | Damage: 30(rolled 30/116.942) | WB: 5 (Chapel (184, 134, 2))
 - (2020-08-29 22:28:18) ATTACK: *no key*/(Syndicate Commando) has shot bobjoga/(Cockmistress) with [.45 bullet] (NEWHP: 98)  (Chapel (179, 132, 2))
 - (2020-08-29 22:28:19) ATTACK: *no key*/(Syndicate Commando) has shot bobjoga/(Cockmistress) with [.45 bullet] (NEWHP: 98)  (Chapel (179, 132, 2))
 - (2020-08-29 22:28:22) ATTACK: *no key*/(Syndicate Commando) has fired at bobjoga/(Cockmistress) with [.45 bullet] from Chapel (NEWHP: 99)  (Chapel (179, 132, 2))
 - (2020-08-29 22:28:22) ATTACK: *no key*/(Syndicate Commando) has fired at bobjoga/(Cockmistress) with [.45 bullet] from Chapel (NEWHP: 99)  (Chapel (179, 133, 2))
 - (2020-08-29 22:28:22) ATTACK: bobjoga/(Cockmistress) has suffered: Ruptured Cavity to left foot | Damage: 30(rolled 113/116.942) | WB: 5 (Chapel (184, 134, 2))
 - (2020-08-29 22:28:22) ATTACK: *no key*/(Syndicate Commando) has shot bobjoga/(Cockmistress) with [.45 bullet] (NEWHP: 98)  (Chapel (179, 133, 2))
 - (2020-08-29 22:28:23) ATTACK: bobjoga/(Cockmistress) has suffered: Ruptured Cavity to chest | Damage: 33(rolled 122/133.635) | WB: 5 (Chapel (184, 134, 2))
 - (2020-08-29 22:28:23) ATTACK: *no key*/(Syndicate Commando) has shot bobjoga/(Cockmistress) with [.45 bullet] (NEWHP: 98)  (Chapel (179, 133, 2))
 - (2020-08-29 22:28:26) ATTACK: *no key*/(Syndicate Commando) has fired at bobjoga/(Cockmistress) with [.45 bullet] from Chapel (NEWHP: 98)  (Chapel (180, 133, 2))
 - (2020-08-29 22:28:26) ATTACK: *no key*/(Syndicate Commando) has fired at bobjoga/(Cockmistress) with [.45 bullet] from Chapel (NEWHP: 98)  (Chapel (179, 132, 2))
 - (2020-08-29 22:28:26) ATTACK: *no key*/(Syndicate Commando) has shot bobjoga/(Cockmistress) with [.45 bullet] (NEWHP: 97)  (Chapel (179, 132, 2))
 - (2020-08-29 22:28:27) ATTACK: *no key*/(Syndicate Commando) has shot bobjoga/(Cockmistress) with [.45 bullet] (NEWHP: 97)  (Chapel (179, 132, 2))
 - (2020-08-29 22:28:30) ATTACK: *no key*/(Syndicate Commando) has fired at bobjoga/(Cockmistress) with [.45 bullet] from Chapel (NEWHP: 96)  (Chapel (180, 133, 2))
 - (2020-08-29 22:28:30) ATTACK: *no key*/(Syndicate Commando) has fired at bobjoga/(Cockmistress) with [.45 bullet] from Chapel (NEWHP: 96)  (Chapel (180, 133, 2))
 - (2020-08-29 22:28:30) ATTACK: *no key*/(Syndicate Commando) has shot bobjoga/(Cockmistress) with [.45 bullet] (NEWHP: 95)  (Chapel (179, 132, 2))
 - (2020-08-29 22:28:31) ATTACK: *no key*/(Syndicate Commando) has shot bobjoga/(Cockmistress) with [.45 bullet] (NEWHP: 95)  (Chapel (179, 132, 2))
 - (2020-08-29 22:28:34) ATTACK: *no key*/(Syndicate Commando) has fired at bobjoga/(Cockmistress) with [.45 bullet] from Chapel (NEWHP: 94)  (Chapel (180, 133, 2))
 - (2020-08-29 22:28:34) ATTACK: *no key*/(Syndicate Commando) has fired at bobjoga/(Cockmistress) with [.45 bullet] from Chapel (NEWHP: 94)  (Chapel (179, 132, 2))
 - (2020-08-29 22:28:35) ATTACK: *no key*/(Syndicate Commando) has shot bobjoga/(Cockmistress) with [.45 bullet] (NEWHP: 93)  (Chapel (179, 132, 2))
 - (2020-08-29 22:28:35) ATTACK: *no key*/(Syndicate Commando) has shot bobjoga/(Cockmistress) with [.45 bullet] (NEWHP: 93)  (Chapel (179, 132, 2))
 - (2020-08-29 22:28:38) ATTACK: *no key*/(Syndicate Commando) has fired at bobjoga/(Cockmistress) with [.45 bullet] from Chapel (NEWHP: 91)  (Chapel (180, 133, 2))
 - (2020-08-29 22:28:38) ATTACK: *no key*/(Syndicate Commando) has fired at bobjoga/(Cockmistress) with [.45 bullet] from Chapel (NEWHP: 91)  (Chapel (179, 132, 2))
 - (2020-08-29 22:28:39) ATTACK: *no key*/(Syndicate Commando) has shot bobjoga/(Cockmistress) with [.45 bullet] (NEWHP: 90)  (Chapel (179, 132, 2))
 - (2020-08-29 22:28:39) ATTACK: *no key*/(Syndicate Commando) has shot bobjoga/(Cockmistress) with [.45 bullet] (NEWHP: 90)  (Chapel (179, 132, 2))
 - (2020-08-29 22:28:42) ATTACK: *no key*/(Syndicate Commando) has fired at bobjoga/(Cockmistress) with [.45 bullet] from Chapel (NEWHP: 88)  (Chapel (180, 133, 2))
 - (2020-08-29 22:28:42) ATTACK: *no key*/(Syndicate Commando) has fired at bobjoga/(Cockmistress) with [.45 bullet] from Chapel (NEWHP: 88)  (Chapel (180, 133, 2))
 - (2020-08-29 22:28:43) ATTACK: bobjoga/(Cockmistress) has suffered: Open Puncture to left arm | Damage: 30(rolled 63/116.942) | WB: 5 (Chapel (185, 134, 2))
 - (2020-08-29 22:28:43) ATTACK: *no key*/(Syndicate Commando) has shot bobjoga/(Cockmistress) with [.45 bullet] (NEWHP: 87)  (Chapel (179, 132, 2))
 - (2020-08-29 22:28:43) ATTACK: *no key*/(Syndicate Commando) has shot bobjoga/(Cockmistress) with [.45 bullet] (NEWHP: 87)  (Chapel (179, 132, 2))
 - (2020-08-29 22:28:46) ATTACK: *no key*/(Syndicate Commando) has fired at bobjoga/(Cockmistress) with [.45 bullet] from Chapel (NEWHP: 85)  (Chapel (180, 133, 2))
 - (2020-08-29 22:28:46) ATTACK: *no key*/(Syndicate Commando) has fired at bobjoga/(Cockmistress) with [.45 bullet] from Chapel (NEWHP: 85)  (Chapel (179, 132, 2))
 - (2020-08-29 22:28:47) ATTACK: *no key*/(Syndicate Commando) has shot bobjoga/(Cockmistress) with [.45 bullet] (NEWHP: 85)  (Chapel (179, 132, 2))
 - (2020-08-29 22:28:47) ATTACK: *no key*/(Syndicate Commando) has shot bobjoga/(Cockmistress) with [.45 bullet] (NEWHP: 85)  (Chapel (179, 132, 2))
 - (2020-08-29 22:28:50) ATTACK: *no key*/(Syndicate Commando) has fired at bobjoga/(Cockmistress) with [.45 bullet] from Chapel (NEWHP: 99)  (Chapel (179, 132, 2))
 - (2020-08-29 22:28:50) ATTACK: *no key*/(Syndicate Commando) has fired at bobjoga/(Cockmistress) with [.45 bullet] from Chapel (NEWHP: 99)  (Chapel (179, 132, 2))
 - (2020-08-29 22:28:51) ATTACK: bobjoga/(Cockmistress) has suffered: Ruptured Cavity to left hand | Damage: 30(rolled 114/116.942) | WB: -5 (Chapel (186, 135, 2))
 - (2020-08-29 22:28:51) ATTACK: *no key*/(Syndicate Commando) has shot bobjoga/(Cockmistress) with [.45 bullet] (NEWHP: 99)  (Chapel (180, 133, 2))
 - (2020-08-29 22:28:51) ATTACK: *no key*/(Syndicate Commando) has shot bobjoga/(Cockmistress) with [.45 bullet] (NEWHP: 99)  (Chapel (181, 134, 2))
 - (2020-08-29 22:28:54) ATTACK: *no key*/(Syndicate Commando) has fired at bobjoga/(Cockmistress) with [.45 bullet] from Chapel (NEWHP: 99)  (Chapel (179, 132, 2))
 - (2020-08-29 22:28:54) ATTACK: *no key*/(Syndicate Commando) has fired at bobjoga/(Cockmistress) with [.45 bullet] from Chapel (NEWHP: 99)  (Chapel (180, 133, 2))
 - (2020-08-29 22:28:55) ATTACK: *no key*/(Syndicate Commando) has shot bobjoga/(Cockmistress) with [.45 bullet] (NEWHP: 99)  (Chapel (180, 133, 2))
 - (2020-08-29 22:28:55) ATTACK: bobjoga/(Cockmistress) has suffered: Ruptured Cavity to chest | Damage: 30(rolled 107/116.942) | WB: 5 (Chapel (185, 134, 2))
 - (2020-08-29 22:28:55) ATTACK: *no key*/(Syndicate Commando) has shot bobjoga/(Cockmistress) with [.45 bullet] (NEWHP: 99)  (Chapel (180, 133, 2))
 - (2020-08-29 22:28:58) ATTACK: *no key*/(Syndicate Commando) has fired at bobjoga/(Cockmistress) with [.45 bullet] from Chapel (NEWHP: 99)  (Chapel (179, 132, 2))
 - (2020-08-29 22:28:58) ATTACK: *no key*/(Syndicate Commando) has fired at bobjoga/(Cockmistress) with [.45 bullet] from Chapel (NEWHP: 99)  (Chapel (180, 133, 2))
 - (2020-08-29 22:28:59) ATTACK: bobjoga/(Cockmistress) has suffered: Open Puncture to right leg | Damage: 30(rolled 57/116.942) (Chapel (185, 134, 2))
 - (2020-08-29 22:28:59) ATTACK: *no key*/(Syndicate Commando) has shot bobjoga/(Cockmistress) with [.45 bullet] (NEWHP: 98)  (Chapel (180, 133, 2))
 - (2020-08-29 22:28:59) ATTACK: *no key*/(Syndicate Commando) has shot bobjoga/(Cockmistress) with [.45 bullet] (NEWHP: 98)  (Chapel (180, 133, 2))
 - (2020-08-29 22:29:02) ATTACK: *no key*/(Syndicate Commando) has fired at bobjoga/(Cockmistress) with [.45 bullet] from Chapel (NEWHP: 100)  (Chapel (179, 132, 2))
 - (2020-08-29 22:29:02) ATTACK: *no key*/(Syndicate Commando) has fired at bobjoga/(Cockmistress) with [.45 bullet] from Chapel (NEWHP: 100)  (Chapel (179, 132, 2))
 - (2020-08-29 22:29:03) ATTACK: bobjoga/(Cockmistress) has suffered: Minor Breakage to chest | Damage: 30(rolled 33/116.942) (Chapel (185, 134, 2))
 - (2020-08-29 22:29:03) ATTACK: *no key*/(Syndicate Commando) has shot bobjoga/(Cockmistress) with [.45 bullet] (NEWHP: 99)  (Chapel (180, 133, 2))
 - (2020-08-29 22:29:03) ATTACK: bobjoga/(Cockmistress) has suffered: Open Puncture to chest | Damage: 33(rolled 46/133.635) (Chapel (185, 134, 2))
 - (2020-08-29 22:29:03) ATTACK: *no key*/(Syndicate Commando) has shot bobjoga/(Cockmistress) with [.45 bullet] (NEWHP: 99)  (Chapel (180, 133, 2))
