[2020-08-30 01:15:34.318] Starting up round ID .
 - -------------------------
[2020-08-30 01:18:04.580] Logs from logging subsystem:
 - (2020-08-29 22:16:19) HREF: Bob Joga (usr:Bob Joga[(11,174,1)]) : _src_=chat&proc=doneLoading
 - (2020-08-29 22:16:19) HREF: Bob Joga (usr:Bob Joga[(11,174,1)]) : 
 - (2020-08-29 22:16:19) HREF: Bob Joga (usr:Bob Joga[(11,174,1)]) : 
 - (2020-08-29 22:16:20) HREF: Bob Joga (usr:Bob Joga[(11,174,1)]) : _src_=chat&proc=analyzeClientData&param[cookie]={"connData":[{"ckey":"bobjoga","ip":"127.0.0.1","compid":"3000796718"},{"ckey":"bobjoga","ip":"177.106.255.43","compid":"3000796718"},{"ckey":"bobjoga","ip":"179.126.113.169","compid":"3000796718"},{"ckey":"bobjoga","ip":null,"compid":"3000796718"},{"ckey":"bobjoga","ip":"177.191.16.185","compid":"3000796718"}]}
 - (2020-08-29 22:17:55) HREF: Bob Joga (usr:Bob Joga[(11,174,1)]) : Vote src=[0x2100004e];vote=close
 - (2020-08-29 22:17:58) HREF: Bob Joga (usr:Bob Joga[(11,174,1)]) : Bob Joga src=[mob_115];ready=1
[2020-08-30 01:28:05.637] Logs from logging subsystem:
 - (2020-08-29 22:22:43) HREF: Bob Joga (usr:Cockmistress[(186,135,2)]) : _src_=vars;admin_token=908678231058010947955606451074104377;addreagent=TRUE;target=[mob_208]
 - (2020-08-29 22:22:53) HREF: Bob Joga (usr:Cockmistress[(184,141,2)]) : bobjoga's admin datum (!localhost!) src=[0x2101e8cc];admin_token=908678231058010947955606451074104377;create_mob=1
 - (2020-08-29 22:23:08) HREF: Bob Joga (usr:Cockmistress[(184,141,2)]) : bobjoga's admin datum (!localhost!) src=%5B0x2101e8cc%5D%3Badmin_token%3D908678231058010947955606451074104377&admin_token=908678231058010947955606451074104377&filter=syndicate&offset=x%2Cy%2Cz&offset_type=relative&object_count=1&object_dir=&object_name=&object_where=onfloor&object_list=%2Fmob%2Fliving%2Fsimple_animal%2Fhostile%2Fsyndicate%2Franged%2Fsmg%2Fspace
[2020-08-30 01:38:06.841] Logs from logging subsystem:
 - (2020-08-29 22:28:14) HREF: Bob Joga (usr:Cockmistress[(184,134,2)]) : _src_=holder;admin_token=908678231058010947955606451074104377;revive=[mob_208]
 - (2020-08-29 22:28:47) HREF: Bob Joga (usr:Cockmistress[(185,134,2)]) : _src_=holder;admin_token=908678231058010947955606451074104377;revive=[mob_208]
 - (2020-08-29 22:28:59) HREF: Bob Joga (usr:Cockmistress[(185,134,2)]) : _src_=holder;admin_token=908678231058010947955606451074104377;revive=[mob_208]
 - (2020-08-29 22:29:00) HREF: Bob Joga (usr:Cockmistress[(185,134,2)]) : _src_=holder;admin_token=908678231058010947955606451074104377;revive=[mob_208]
 - (2020-08-29 22:29:00) HREF: Bob Joga (usr:Cockmistress[(185,134,2)]) : _src_=holder;admin_token=908678231058010947955606451074104377;revive=[mob_208]
 - (2020-08-29 22:29:00) HREF: Bob Joga (usr:Cockmistress[(185,134,2)]) : _src_=holder;admin_token=908678231058010947955606451074104377;revive=[mob_208]
 - (2020-08-29 22:29:01) HREF: Bob Joga (usr:Cockmistress[(185,134,2)]) : _src_=holder;admin_token=908678231058010947955606451074104377;revive=[mob_208]
 - (2020-08-29 22:29:01) HREF: Bob Joga (usr:Cockmistress[(185,134,2)]) : _src_=holder;admin_token=908678231058010947955606451074104377;revive=[mob_208]
 - (2020-08-29 22:29:05) HREF: Bob Joga (usr:Cockmistress[(185,134,2)]) : _src_=holder;admin_token=908678231058010947955606451074104377;revive=[mob_208]
 - (2020-08-29 22:29:58) HREF: Bob Joga (usr:Cockmistress[(184,134,2)]) : _src_=holder;admin_token=908678231058010947955606451074104377;revive=[mob_208]
 - (2020-08-29 22:31:59) HREF: Bob Joga (usr:Cockmistress[(182,134,2)]) : _src_=vars;admin_token=908678231058010947955606451074104377;mobToDamage=[mob_208];adjustDamage=toxin
 - (2020-08-29 22:32:06) HREF: Bob Joga (usr:Cockmistress[(182,134,2)]) : _src_=vars;admin_token=908678231058010947955606451074104377;mobToDamage=[mob_208];adjustDamage=toxin
 - (2020-08-29 22:32:10) HREF: Bob Joga (usr:Cockmistress[(182,134,2)]) : _src_=vars;admin_token=908678231058010947955606451074104377;mobToDamage=[mob_208];adjustDamage=toxin
 - (2020-08-29 22:32:14) HREF: Bob Joga (usr:Cockmistress[(182,134,2)]) : _src_=vars;admin_token=908678231058010947955606451074104377;mobToDamage=[mob_208];adjustDamage=toxin
 - (2020-08-29 22:32:20) HREF: Bob Joga (usr:Cockmistress[(182,134,2)]) : _src_=vars;admin_token=908678231058010947955606451074104377;mobToDamage=[mob_208];adjustDamage=toxin
 - (2020-08-29 22:32:22) HREF: Bob Joga (usr:Cockmistress[(182,134,2)]) : _src_=vars;admin_token=908678231058010947955606451074104377;mobToDamage=[mob_208];adjustDamage=toxin
 - (2020-08-29 22:33:10) HREF: Bob Joga (usr:Cockmistress[(182,134,2)]) : _src_=holder;admin_token=908678231058010947955606451074104377;revive=[mob_208]
 - (2020-08-29 22:33:11) HREF: Bob Joga (usr:Cockmistress[(182,134,2)]) : _src_=holder;admin_token=908678231058010947955606451074104377;revive=[mob_208]
 - (2020-08-29 22:33:11) HREF: Bob Joga (usr:Cockmistress[(182,134,2)]) : _src_=holder;admin_token=908678231058010947955606451074104377;revive=[mob_208]
 - (2020-08-29 22:33:12) HREF: Bob Joga (usr:Cockmistress[(182,134,2)]) : _src_=holder;admin_token=908678231058010947955606451074104377;revive=[mob_208]
 - (2020-08-29 22:33:12) HREF: Bob Joga (usr:Cockmistress[(182,134,2)]) : _src_=holder;admin_token=908678231058010947955606451074104377;revive=[mob_208]
 - (2020-08-29 22:33:17) HREF: Bob Joga (usr:Cockmistress[(182,136,2)]) : _src_=vars;admin_token=908678231058010947955606451074104377;mobToDamage=[mob_208];adjustDamage=toxin
 - (2020-08-29 22:33:32) HREF: Bob Joga (usr:Cockmistress[(187,136,2)]) : _src_=vars;admin_token=908678231058010947955606451074104377;Vars=[0x20160ae]
 - (2020-08-29 22:33:38) HREF: Bob Joga (usr:Cockmistress[(187,136,2)]) : _src_=vars;admin_token=908678231058010947955606451074104377;Vars=[0x20160ac]
 - (2020-08-29 22:33:43) HREF: Bob Joga (usr:Cockmistress[(187,136,2)]) : _src_=vars;admin_token=908678231058010947955606451074104377;Vars=[0x20160aa]
 - (2020-08-29 22:34:12) HREF: Bob Joga (usr:Cockmistress[(191,133,2)]) : _src_=holder;admin_token=908678231058010947955606451074104377;revive=[mob_208]
 - (2020-08-29 22:34:19) HREF: Bob Joga (usr:Cockmistress[(191,133,2)]) : _src_=vars;admin_token=908678231058010947955606451074104377;Vars=[0x20160ae]
 - (2020-08-29 22:34:20) HREF: Bob Joga (usr:Cockmistress[(191,133,2)]) : _src_=vars;datumrefresh=[0x20160ae];admin_token=908678231058010947955606451074104377
 - (2020-08-29 22:34:22) HREF: Bob Joga (usr:Cockmistress[(191,133,2)]) : _src_=vars;admin_token=908678231058010947955606451074104377;proc_call=TRUE;target=[0x20160ae]
 - (2020-08-29 22:34:32) HREF: Bob Joga (usr:Cockmistress[(191,134,2)]) : _src_=vars;admin_token=908678231058010947955606451074104377;datumedit=TRUE;target=[0x20160ae];targetvar=pain_dam
 - (2020-08-29 22:34:47) HREF: Bob Joga (usr:Cockmistress[(191,134,2)]) : _src_=holder;admin_token=908678231058010947955606451074104377;revive=[mob_208]
 - (2020-08-29 22:35:13) HREF: Bob Joga (usr:Cockmistress[(136,128,2)]) : _src_=vars;admin_token=908678231058010947955606451074104377;mobToDamage=[mob_208];adjustDamage=toxin
 - (2020-08-29 22:35:18) HREF: Bob Joga (usr:Cockmistress[(136,128,2)]) : _src_=vars;admin_token=908678231058010947955606451074104377;mobToDamage=[mob_208];adjustDamage=toxin
 - (2020-08-29 22:35:21) HREF: Bob Joga (usr:Cockmistress[(136,128,2)]) : _src_=vars;admin_token=908678231058010947955606451074104377;mobToDamage=[mob_208];adjustDamage=toxin
 - (2020-08-29 22:35:33) HREF: Bob Joga (usr:Cockmistress[(136,128,2)]) : _src_=vars;admin_token=908678231058010947955606451074104377;mobToDamage=[mob_208];adjustDamage=toxin
 - (2020-08-29 22:37:17) HREF: Bob Joga (usr:Cockmistress[(148,129,2)]) : _src_=vars;admin_token=908678231058010947955606451074104377;datumedit=TRUE;target=[mob_208];targetvar=painloss
 - (2020-08-29 22:37:22) HREF: Bob Joga (usr:Cockmistress[(137,129,2)]) : _src_=vars;admin_token=908678231058010947955606451074104377;datumedit=TRUE;target=[mob_208];targetvar=painloss
