[2020-08-30 01:15:34.322] Starting up round ID .
 - -------------------------
[2020-08-30 01:15:35.304] INIT: Initialized Profiler subsystem within 0 seconds!
[2020-08-30 01:15:35.451] Fail2Topic: Failed to drop firewall rule. Exit code: 1.
[2020-08-30 01:15:35.451] INIT: Initialized Fail2Topic subsystem within 0.1 seconds!
[2020-08-30 01:15:35.456] INIT: Initialized Title Screen subsystem within 0 seconds!
[2020-08-30 01:15:35.456] INIT: Initialized Database subsystem within 0 seconds!
[2020-08-30 01:15:35.457] INIT: Initialized Blackbox subsystem within 0 seconds!
[2020-08-30 01:15:35.457] INIT: Initialized Server Tasks subsystem within 0 seconds!
[2020-08-30 01:15:35.458] INIT: Initialized Input subsystem within 0 seconds!
[2020-08-30 01:15:35.461] INIT: Initialized Sounds subsystem within 0 seconds!
[2020-08-30 01:15:35.461] INIT: Initialized Vis contents overlays subsystem within 0 seconds!
[2020-08-30 01:15:35.526] INIT: Initialized Research subsystem within 0.1 seconds!
[2020-08-30 01:15:35.529] INIT: Initialized Events subsystem within 0 seconds!
[2020-08-30 01:15:35.533] INIT: Initialized Jobs subsystem within 0 seconds!
[2020-08-30 01:15:35.540] INIT: Initialized Quirks subsystem within 0 seconds!
[2020-08-30 01:15:35.546] INIT: Initialized Ticker subsystem within 0 seconds!
[2020-08-30 01:15:35.557] INIT: Initialized Instruments subsystem within 0 seconds!
[2020-08-30 01:15:51.782] INIT: Initialized Mapping subsystem within 16.2 seconds!
[2020-08-30 01:15:51.783] INIT: Initialized Economy subsystem within 0 seconds!
[2020-08-30 01:15:51.784] INIT: Initialized Networks subsystem within 0 seconds!
[2020-08-30 01:15:51.785] INIT: Initialized Holodeck subsystem within 0 seconds!
[2020-08-30 01:16:25.016] INIT: Initialized Atoms subsystem within 33.2 seconds!
[2020-08-30 01:16:25.035] INIT: Initialized Language subsystem within 0 seconds!
[2020-08-30 01:16:25.190] INIT: Initialized Machines subsystem within 0.1 seconds!
[2020-08-30 01:16:25.224] INIT: Initialized Circuit subsystem within 0.1 seconds!
[2020-08-30 01:16:26.672] INIT: Initialized Atmos Adjacency subsystem within 1.4 seconds!
[2020-08-30 01:16:26.672] INIT: Initialized Autotransfer Vote subsystem within 0 seconds!
[2020-08-30 01:16:26.672] INIT: Initialized Chemistry subsystem within 0 seconds!
[2020-08-30 01:16:26.672] INIT: Initialized Status Effects subsystem within 0 seconds!
[2020-08-30 01:16:26.673] INIT: Initialized Weather subsystem within 0 seconds!
[2020-08-30 01:16:26.679] INIT: Initialized Disease subsystem within 0 seconds!
[2020-08-30 01:16:26.680] INIT: Initialized Jukeboxes subsystem within 0 seconds!
[2020-08-30 01:16:26.680] INIT: Initialized Medals subsystem within 0 seconds!
[2020-08-30 01:16:27.014] INIT: Initialized Minimaps subsystem within 0.4 seconds!
[2020-08-30 01:16:27.016] INIT: Initialized Night Shift subsystem within 0 seconds!
[2020-08-30 01:16:27.016] INIT: Initialized Parallax subsystem within 0 seconds!
[2020-08-30 01:16:27.016] INIT: Initialized Sun subsystem within 0 seconds!
[2020-08-30 01:16:27.282] INIT: Initialized Traumas subsystem within 0.2 seconds!
[2020-08-30 01:16:27.323] INIT: Initialized Bluespace Locker subsystem within 0.1 seconds!
[2020-08-30 01:16:27.324] INIT: Initialized Pacification Bans subsystem within 0 seconds!
[2020-08-30 01:16:27.324] INIT: Initialized Logging subsystem within 0 seconds!
[2020-08-30 01:16:27.324] INIT: Initialized Recycling subsystem within 0 seconds!
[2020-08-30 01:16:34.669] INIT: Initialized Atmospherics subsystem within 7.3 seconds!
[2020-08-30 01:16:34.669] INIT: Initialized Atmospherics - Turfs subsystem within 0 seconds!
[2020-08-30 01:16:37.880] INIT: Initialized Assets subsystem within 3.2 seconds!
[2020-08-30 01:16:43.364] INIT: Initialized Icon Smoothing subsystem within 5.5 seconds!
[2020-08-30 01:16:44.481] INIT: Initialized Overlay subsystem within 1.1 seconds!
[2020-08-30 01:16:44.481] INIT: Initialized XKeyScore subsystem within 0 seconds!
[2020-08-30 01:16:44.481] INIT: Initialized Sticky Ban subsystem within 0 seconds!
[2020-08-30 01:16:52.292] INIT: Initialized Lighting subsystem within 7.8 seconds!
[2020-08-30 01:16:55.820] INIT: Initialized Shuttle subsystem within 3.6 seconds!
[2020-08-30 01:16:55.865] INIT: Initialized Minor Mapping subsystem within 0 seconds!
[2020-08-30 01:16:55.866] INIT: Initialized Pathfinder subsystem within 0 seconds!
[2020-08-30 01:16:55.899] INIT: Initialized Persistence subsystem within 0 seconds!
[2020-08-30 01:16:55.899] INIT: Initialized Chat subsystem within 0 seconds!
