[2020-08-30 01:15:34.317] Starting up round ID .
 - -------------------------
[2020-08-30 01:18:07.729] TCOMMS: *no key*/(Poly) [Engineering] (spans:  ) "Wire the solars, you lazy bums!" (language: Galactic Common) (Chief Engineer's Office (118, 81, 2))
[2020-08-30 01:19:09.780] TCOMMS: *no key*/(Poly) [Engineering] (spans:  ) "Wire the solars, you lazy bums!" (language: Galactic Common) (Chief Engineer's Office (118, 83, 2))
[2020-08-30 01:19:13.768] TCOMMS: *no key*/(Poly) [Engineering] (spans:  ) "OH GOD ITS ABOUT TO DELAMINATE CALL THE SHUTTLE" (language: Galactic Common) (Chief Engineer's Office (118, 83, 2))
[2020-08-30 01:19:23.770] TCOMMS: *no key*/(Poly) [Engineering] (spans:  ) "I have lived many lives!" (language: Galactic Common) (Chief Engineer's Office (118, 83, 2))
[2020-08-30 01:20:11.777] TCOMMS: *no key*/(Poly) [Engineering] (spans:  ) "Poly wanna cracker!" (language: Galactic Common) (Chief Engineer's Office (118, 83, 2))
[2020-08-30 01:20:33.855] TCOMMS: *no key*/(Poly) [Engineering] (spans:  ) "I have lived many lives!" (language: Galactic Common) (Chief Engineer's Office (118, 83, 2))
[2020-08-30 01:20:49.859] TCOMMS: *no key*/(Poly) [Engineering] (spans:  ) "Poly wanna cracker!" (language: Galactic Common) (Chief Engineer's Office (118, 83, 2))
[2020-08-30 01:21:39.866] TCOMMS: *no key*/(Poly) [Engineering] (spans:  ) "Poly wanna cracker!" (language: Galactic Common) (Chief Engineer's Office (118, 83, 2))
[2020-08-30 01:22:25.866] TCOMMS: *no key*/(Poly) [Engineering] (spans:  ) "OH GOD ITS ABOUT TO DELAMINATE CALL THE SHUTTLE" (language: Galactic Common) (Chief Engineer's Office (118, 83, 2))
[2020-08-30 01:23:02.109] TCOMMS: *no key*/(Poly) [Engineering] (spans:  ) "Poly wanna cracker!" (language: Galactic Common) (Chief Engineer's Office (118, 83, 2))
[2020-08-30 01:24:46.155] TCOMMS: *no key*/(Poly) [Engineering] (spans:  ) "OH GOD ITS ABOUT TO DELAMINATE CALL THE SHUTTLE" (language: Galactic Common) (Chief Engineer's Office (118, 83, 2))
[2020-08-30 01:24:54.146] TCOMMS: *no key*/(Poly) [Engineering] (spans:  ) "I have lived many lives!" (language: Galactic Common) (Chief Engineer's Office (118, 83, 2))
[2020-08-30 01:25:08.143] TCOMMS: *no key*/(Poly) [Engineering] (spans:  ) "OH GOD ITS ABOUT TO DELAMINATE CALL THE SHUTTLE" (language: Galactic Common) (Chief Engineer's Office (118, 83, 2))
[2020-08-30 01:25:12.144] TCOMMS: *no key*/(Poly) [Engineering] (spans:  ) "OH GOD ITS ABOUT TO DELAMINATE CALL THE SHUTTLE" (language: Galactic Common) (Chief Engineer's Office (118, 83, 2))
[2020-08-30 01:25:22.146] TCOMMS: *no key*/(Poly) [Engineering] (spans:  ) "OH GOD ITS ABOUT TO DELAMINATE CALL THE SHUTTLE" (language: Galactic Common) (Chief Engineer's Office (118, 83, 2))
[2020-08-30 01:25:26.143] TCOMMS: *no key*/(Poly) [Engineering] (spans:  ) "OH GOD ITS ABOUT TO DELAMINATE CALL THE SHUTTLE" (language: Galactic Common) (Chief Engineer's Office (118, 83, 2))
[2020-08-30 01:27:00.217] TCOMMS: *no key*/(Poly) [Engineering] (spans:  ) "Check the crystal, you chucklefucks!" (language: Galactic Common) (Chief Engineer's Office (118, 80, 2))
[2020-08-30 01:27:22.260] TCOMMS: *no key*/(Poly) [Engineering] (spans:  ) "Wire the solars, you lazy bums!" (language: Galactic Common) (Chief Engineer's Office (118, 83, 2))
[2020-08-30 01:27:30.259] TCOMMS: *no key*/(Poly) [Engineering] (spans:  ) "Poly wanna cracker!" (language: Galactic Common) (Chief Engineer's Office (118, 83, 2))
[2020-08-30 01:27:34.260] TCOMMS: *no key*/(Poly) [Engineering] (spans:  ) "WHO TOOK THE DAMN HARDSUITS?" (language: Galactic Common) (Chief Engineer's Office (118, 83, 2))
[2020-08-30 01:27:42.309] TCOMMS: *no key*/(Poly) [Engineering] (spans:  ) "Poly wanna cracker!" (language: Galactic Common) (Chief Engineer's Office (118, 83, 2))
[2020-08-30 01:29:54.761] TCOMMS: *no key*/(Poly) [Engineering] (spans:  ) "Check the crystal, you chucklefucks!" (language: Galactic Common) (Chief Engineer's Office (118, 83, 2))
[2020-08-30 01:30:52.975] TCOMMS: *no key*/(Poly) [Engineering] (spans:  ) "Don&#39;t believe the reports - smoke today!" (language: Galactic Common) (Chief Engineer's Office (118, 83, 2))
[2020-08-30 01:31:02.980] TCOMMS: *no key*/(Poly) [Engineering] (spans:  ) "Don&#39;t believe the reports - smoke today!" (language: Galactic Common) (Chief Engineer's Office (118, 83, 2))
[2020-08-30 01:31:35.000] TCOMMS: *no key*/(Poly) [Engineering] (spans:  ) "Don&#39;t believe the reports - smoke today!" (language: Galactic Common) (Chief Engineer's Office (118, 83, 2))
[2020-08-30 01:33:05.039] TCOMMS: *no key*/(Poly) [Engineering] (spans:  ) "Don&#39;t believe the reports - smoke today!" (language: Galactic Common) (Chief Engineer's Office (118, 83, 2))
[2020-08-30 01:34:21.606] TCOMMS: *no key*/(Poly) [Engineering] (spans:  ) "Don&#39;t believe the reports - smoke today!" (language: Galactic Common) (Chief Engineer's Office (118, 83, 2))
[2020-08-30 01:35:15.632] TCOMMS: *no key*/(Poly) [Engineering] (spans:  ) "Don&#39;t believe the reports - smoke today!" (language: Galactic Common) (Chief Engineer's Office (118, 83, 2))
[2020-08-30 01:36:15.642] TCOMMS: *no key*/(Poly) [Engineering] (spans:  ) "Don&#39;t believe the reports - smoke today!" (language: Galactic Common) (Chief Engineer's Office (118, 83, 2))
[2020-08-30 01:36:35.643] TCOMMS: *no key*/(Poly) [Engineering] (spans:  ) "Don&#39;t believe the reports - smoke today!" (language: Galactic Common) (Chief Engineer's Office (118, 83, 2))
[2020-08-30 01:36:41.643] TCOMMS: *no key*/(Poly) [Engineering] (spans:  ) "Don&#39;t believe the reports - smoke today!" (language: Galactic Common) (Chief Engineer's Office (118, 83, 2))
[2020-08-30 01:36:55.650] TCOMMS: *no key*/(Poly) [Engineering] (spans:  ) "Don&#39;t believe the reports - smoke today!" (language: Galactic Common) (Chief Engineer's Office (118, 83, 2))
[2020-08-30 01:39:12.147] TCOMMS: *no key*/(Poly) [Engineering] (spans:  ) "Try our new nougat bar!" (language: Galactic Common) (Chief Engineer's Office (118, 83, 2))
[2020-08-30 01:40:18.154] TCOMMS: *no key*/(Poly) [Engineering] (spans:  ) "Don&#39;t believe the reports - smoke today!" (language: Galactic Common) (Chief Engineer's Office (118, 83, 2))
[2020-08-30 01:40:38.155] TCOMMS: *no key*/(Poly) [Engineering] (spans:  ) "Try our new nougat bar!" (language: Galactic Common) (Chief Engineer's Office (118, 83, 2))
