[2020-09-23 23:48:24.085] Starting up round ID .
 - -------------------------
[2020-09-23 23:48:24.128] ADMIN: Loading Banlist
[2020-09-23 23:48:24.166] ACCESS: Login: Bob Joga from localhost-3000796718 || BYOND v513.1528
[2020-09-23 23:48:24.166] ACCESS: Mob Login: Bob Joga/(Bob Joga) was assigned to a /mob/dead/new_player
[2020-09-23 23:48:26.787] GAME: Bob Joga/(Bob Joga) Client Bob Joga/(Bob Joga) has taken ownership of mob Bob Joga(/mob/dead/new_player) (start area (11, 174, 1))
[2020-09-23 23:48:30.017] GAME: Saved mode is 'extended'
[2020-09-23 23:48:41.766] GAME: Hierophant's Arena loaded at 95,171,6
[2020-09-23 23:48:41.783] GAME: Blood-Drunk Miner (Guidance) loaded at 214,81,6
[2020-09-23 23:48:41.800] GAME: Blood-Drunk Miner (Hunter) loaded at 97,57,6
[2020-09-23 23:48:41.817] GAME: Blood-Drunk Miner loaded at 92,76,6
[2020-09-23 23:48:41.836] GAME: King Goat Boss Ruin loaded at 26,170,6
[2020-09-23 23:48:41.865] GAME: Rogue's Arena loaded at 123,184,6
[2020-09-23 23:48:41.900] GAME: Sif's Sword loaded at 199,150,6
[2020-09-23 23:48:41.906] GAME: Pulsating Tumor loaded at 216,50,6
[2020-09-23 23:48:41.949] GAME: Biodome Beach loaded at 115,73,6
[2020-09-23 23:48:41.966] GAME: Ruin of Envy loaded at 176,120,6
[2020-09-23 23:48:41.985] GAME: UFO Crash loaded at 145,119,6
[2020-09-23 23:48:42.044] GAME: Elephant Graveyard loaded at 141,29,6
[2020-09-23 23:48:42.436] GAME: Syndicate Lava Base loaded at 55,116,6
[2020-09-23 23:48:42.464] GAME: Dark Wizard Altar loaded at 205,185,6
[2020-09-23 23:48:45.276] GAME: Abandoned Teleporter loaded at 168,59,8
[2020-09-23 23:48:45.297] GAME: Whiteship Dock loaded at 164,37,3
[2020-09-23 23:48:45.329] GAME: Salvation loaded at 80,139,3
[2020-09-23 23:48:45.353] GAME: Asteroid 1 loaded at 50,150,8
[2020-09-23 23:48:45.381] GAME: Empty Shell loaded at 122,174,7
[2020-09-23 23:48:45.732] GAME: The Twin-Nexus Hotel loaded at 37,159,4
[2020-09-23 23:48:45.835] GAME: Syndicate Listening Station loaded at 190,106,3
[2020-09-23 23:48:45.865] GAME: Strange Ship loaded at 200,119,8
[2020-09-23 23:48:45.894] GAME: Asteroid 3 loaded at 93,142,8
[2020-09-23 23:48:45.922] GAME: CF Corsair loaded at 43,93,3
[2020-09-23 23:48:45.959] GAME: Abductor Replication Lab loaded at 74,184,7
[2020-09-23 23:48:45.995] GAME: Space Arcade loaded at 38,179,8
[2020-09-23 23:48:45.996] GAME: Detached Teleporter loaded at 54,78,8
[2020-09-23 23:48:46.038] GAME: Roboticst Augmentation Facility loaded at 70,40,3
[2020-09-23 23:48:46.078] GAME: Crashed Clown Ship loaded at 134,203,8
[2020-09-23 23:48:46.108] GAME: Dinner for Two loaded at 55,191,3
[2020-09-23 23:48:46.126] GAME: Maze Roid loaded at 207,214,2
[2020-09-23 23:48:46.140] GAME: Crab Roid loaded at 153,208,2
[2020-09-23 23:48:46.148] GAME: Mineable Asteroid 1 loaded at 170,209,2
[2020-09-23 23:48:46.180] GAME: Mineable Asteroid 5 loaded at 32,27,2
[2020-09-23 23:48:46.199] GAME: Mineable Asteroid 4 loaded at 56,24,2
[2020-09-23 23:48:46.208] GAME: Mineable Asteroid 1 loaded at 151,223,2
[2020-09-23 23:48:46.232] GAME: Mineable Asteroid 2 loaded at 215,188,2
[2020-09-23 23:48:46.257] GAME: Dorm Roid loaded at 55,209,2
[2020-09-23 23:48:46.265] GAME: Mineable Asteroid 1 loaded at 218,173,2
[2020-09-23 23:48:46.292] GAME: Dead wizard Roid loaded at 186,204,2
[2020-09-23 23:48:46.341] GAME: Box Antimatter loaded at 96,49,2
[2020-09-23 23:48:46.605] GAME: Public Mining Base loaded at 1,1,6
