[2020-09-23 23:48:24.091] Starting up round ID .
 - -------------------------
[2020-09-23 23:48:29.780] INIT: Initialized Profiler subsystem within 0 seconds!
[2020-09-23 23:48:29.933] Fail2Topic: Failed to drop firewall rule. Exit code: 1.
[2020-09-23 23:48:29.934] INIT: Initialized Fail2Topic subsystem within 0.2 seconds!
[2020-09-23 23:48:29.938] INIT: Initialized Title Screen subsystem within 0 seconds!
[2020-09-23 23:48:29.939] INIT: Initialized Database subsystem within 0 seconds!
[2020-09-23 23:48:29.939] INIT: Initialized Blackbox subsystem within 0 seconds!
[2020-09-23 23:48:29.939] INIT: Initialized Server Tasks subsystem within 0 seconds!
[2020-09-23 23:48:29.940] INIT: Initialized Input subsystem within 0 seconds!
[2020-09-23 23:48:29.942] INIT: Initialized Sounds subsystem within 0 seconds!
[2020-09-23 23:48:29.942] INIT: Initialized Vis contents overlays subsystem within 0 seconds!
[2020-09-23 23:48:30.004] INIT: Initialized Research subsystem within 0.1 seconds!
[2020-09-23 23:48:30.007] INIT: Initialized Events subsystem within 0 seconds!
[2020-09-23 23:48:30.011] INIT: Initialized Jobs subsystem within 0 seconds!
[2020-09-23 23:48:30.017] INIT: Initialized Quirks subsystem within 0 seconds!
[2020-09-23 23:48:30.023] INIT: Initialized Ticker subsystem within 0 seconds!
[2020-09-23 23:48:30.036] INIT: Initialized Instruments subsystem within 0 seconds!
[2020-09-23 23:48:46.999] INIT: Initialized Mapping subsystem within 16.9 seconds!
[2020-09-23 23:48:47.011] INIT: Initialized Economy subsystem within 0 seconds!
[2020-09-23 23:48:47.012] INIT: Initialized Networks subsystem within 0 seconds!
[2020-09-23 23:48:47.012] INIT: Initialized Holodeck subsystem within 0 seconds!
