[2020-08-26 12:50:24.803] Starting up round ID .
 - -------------------------
[2020-08-26 12:50:30.357] INIT: Initialized Profiler subsystem within 0 seconds!
[2020-08-26 12:50:30.508] Fail2Topic: Failed to drop firewall rule. Exit code: 1.
[2020-08-26 12:50:30.508] INIT: Initialized Fail2Topic subsystem within 0.2 seconds!
[2020-08-26 12:50:30.511] INIT: Initialized Title Screen subsystem within 0 seconds!
[2020-08-26 12:50:30.511] INIT: Initialized Database subsystem within 0 seconds!
[2020-08-26 12:50:30.512] INIT: Initialized Blackbox subsystem within 0 seconds!
[2020-08-26 12:50:30.512] INIT: Initialized Server Tasks subsystem within 0 seconds!
[2020-08-26 12:50:30.513] INIT: Initialized Input subsystem within 0 seconds!
[2020-08-26 12:50:30.514] INIT: Initialized Sounds subsystem within 0 seconds!
[2020-08-26 12:50:30.515] INIT: Initialized Vis contents overlays subsystem within 0 seconds!
[2020-08-26 12:50:30.572] INIT: Initialized Research subsystem within 0 seconds!
[2020-08-26 12:50:30.575] INIT: Initialized Events subsystem within 0 seconds!
[2020-08-26 12:50:30.579] INIT: Initialized Jobs subsystem within 0 seconds!
[2020-08-26 12:50:30.584] INIT: Initialized Quirks subsystem within 0 seconds!
[2020-08-26 12:50:30.590] INIT: Initialized Ticker subsystem within 0 seconds!
[2020-08-26 12:50:30.603] INIT: Initialized Instruments subsystem within 0.1 seconds!
[2020-08-26 12:50:49.157] INIT: Initialized Mapping subsystem within 18.5 seconds!
[2020-08-26 12:50:49.175] INIT: Initialized Economy subsystem within 0 seconds!
[2020-08-26 12:50:49.176] INIT: Initialized Networks subsystem within 0 seconds!
[2020-08-26 12:50:49.176] INIT: Initialized Holodeck subsystem within 0 seconds!
[2020-08-26 12:51:22.889] INIT: Initialized Atoms subsystem within 33.6 seconds!
[2020-08-26 12:51:22.935] INIT: Initialized Language subsystem within 0 seconds!
[2020-08-26 12:51:23.110] INIT: Initialized Machines subsystem within 0.2 seconds!
[2020-08-26 12:51:23.146] INIT: Initialized Circuit subsystem within 0 seconds!
[2020-08-26 12:51:24.816] INIT: Initialized Atmos Adjacency subsystem within 1.7 seconds!
[2020-08-26 12:51:24.816] INIT: Initialized Autotransfer Vote subsystem within 0 seconds!
[2020-08-26 12:51:24.816] INIT: Initialized Chemistry subsystem within 0 seconds!
[2020-08-26 12:51:24.817] INIT: Initialized Status Effects subsystem within 0 seconds!
[2020-08-26 12:51:24.818] INIT: Initialized Weather subsystem within 0 seconds!
[2020-08-26 12:51:24.821] INIT: Initialized Disease subsystem within 0 seconds!
[2020-08-26 12:51:24.821] INIT: Initialized Jukeboxes subsystem within 0 seconds!
[2020-08-26 12:51:24.821] INIT: Initialized Medals subsystem within 0 seconds!
[2020-08-26 12:51:25.099] INIT: Initialized Minimaps subsystem within 0.2 seconds!
[2020-08-26 12:51:25.155] INIT: Initialized Night Shift subsystem within 0 seconds!
[2020-08-26 12:51:25.155] INIT: Initialized Parallax subsystem within 0 seconds!
[2020-08-26 12:51:25.155] INIT: Initialized Sun subsystem within 0 seconds!
[2020-08-26 12:51:25.423] INIT: Initialized Traumas subsystem within 0.3 seconds!
[2020-08-26 12:51:25.501] INIT: Initialized Bluespace Locker subsystem within 0.1 seconds!
[2020-08-26 12:51:25.502] INIT: Initialized Pacification Bans subsystem within 0 seconds!
[2020-08-26 12:51:25.502] INIT: Initialized Logging subsystem within 0 seconds!
[2020-08-26 12:51:25.502] INIT: Initialized Recycling subsystem within 0 seconds!
[2020-08-26 12:51:32.801] INIT: Initialized Atmospherics subsystem within 7.3 seconds!
[2020-08-26 12:51:32.801] INIT: Initialized Atmospherics - Turfs subsystem within 0 seconds!
[2020-08-26 12:51:36.311] INIT: Initialized Assets subsystem within 3.5 seconds!
[2020-08-26 12:51:42.517] INIT: Initialized Icon Smoothing subsystem within 6.2 seconds!
[2020-08-26 12:51:43.897] INIT: Initialized Overlay subsystem within 1.3 seconds!
[2020-08-26 12:51:43.898] INIT: Initialized XKeyScore subsystem within 0 seconds!
[2020-08-26 12:51:43.898] INIT: Initialized Sticky Ban subsystem within 0 seconds!
[2020-08-26 12:51:52.433] INIT: Initialized Lighting subsystem within 8.6 seconds!
[2020-08-26 12:51:55.999] INIT: Initialized Shuttle subsystem within 3.5 seconds!
[2020-08-26 12:51:56.041] INIT: Initialized Minor Mapping subsystem within 0.1 seconds!
[2020-08-26 12:51:56.042] INIT: Initialized Pathfinder subsystem within 0 seconds!
[2020-08-26 12:51:56.072] INIT: Initialized Persistence subsystem within 0 seconds!
[2020-08-26 12:51:56.072] INIT: Initialized Chat subsystem within 0 seconds!
