[2020-09-26 20:32:57.308] Starting up round ID .
 - -------------------------
[2020-09-26 20:33:03.518] INIT: Initialized Profiler subsystem within 0 seconds!
[2020-09-26 20:33:03.717] Fail2Topic: Failed to drop firewall rule. Exit code: 1.
[2020-09-26 20:33:03.717] INIT: Initialized Fail2Topic subsystem within 0.2 seconds!
[2020-09-26 20:33:03.718] INIT: Initialized Title Screen subsystem within 0 seconds!
[2020-09-26 20:33:03.719] INIT: Initialized Database subsystem within 0 seconds!
[2020-09-26 20:33:03.719] INIT: Initialized Blackbox subsystem within 0 seconds!
[2020-09-26 20:33:03.719] INIT: Initialized Server Tasks subsystem within 0 seconds!
[2020-09-26 20:33:03.721] INIT: Initialized Input subsystem within 0 seconds!
[2020-09-26 20:33:03.723] INIT: Initialized Sounds subsystem within 0 seconds!
[2020-09-26 20:33:03.724] INIT: Initialized Vis contents overlays subsystem within 0 seconds!
[2020-09-26 20:33:03.790] INIT: Initialized Research subsystem within 0 seconds!
[2020-09-26 20:33:03.795] INIT: Initialized Events subsystem within 0 seconds!
[2020-09-26 20:33:03.800] INIT: Initialized Jobs subsystem within 0.1 seconds!
[2020-09-26 20:33:03.805] INIT: Initialized Quirks subsystem within 0 seconds!
[2020-09-26 20:33:03.814] INIT: Initialized Ticker subsystem within 0 seconds!
[2020-09-26 20:33:03.828] INIT: Initialized Instruments subsystem within 0 seconds!
[2020-09-26 20:33:22.948] INIT: Initialized Mapping subsystem within 19.1 seconds!
[2020-09-26 20:33:22.970] INIT: Initialized Economy subsystem within 0 seconds!
[2020-09-26 20:33:22.974] INIT: Initialized Networks subsystem within 0 seconds!
[2020-09-26 20:33:22.974] INIT: Initialized Holodeck subsystem within 0 seconds!
[2020-09-26 20:34:01.872] INIT: Initialized Atoms subsystem within 38.9 seconds!
[2020-09-26 20:34:01.908] INIT: Initialized Language subsystem within 0.1 seconds!
[2020-09-26 20:34:02.087] INIT: Initialized Machines subsystem within 0.1 seconds!
[2020-09-26 20:34:02.160] INIT: Initialized Circuit subsystem within 0.1 seconds!
[2020-09-26 20:34:03.684] INIT: Initialized Atmos Adjacency subsystem within 1.5 seconds!
[2020-09-26 20:34:03.685] INIT: Initialized Autotransfer Vote subsystem within 0 seconds!
[2020-09-26 20:34:03.685] INIT: Initialized Chemistry subsystem within 0 seconds!
[2020-09-26 20:34:03.685] INIT: Initialized Status Effects subsystem within 0 seconds!
[2020-09-26 20:34:03.687] INIT: Initialized Weather subsystem within 0 seconds!
[2020-09-26 20:34:03.690] INIT: Initialized Disease subsystem within 0 seconds!
[2020-09-26 20:34:03.691] INIT: Initialized Jukeboxes subsystem within 0 seconds!
[2020-09-26 20:34:03.691] INIT: Initialized Medals subsystem within 0 seconds!
[2020-09-26 20:34:04.012] INIT: Initialized Minimaps subsystem within 0.4 seconds!
[2020-09-26 20:34:04.073] INIT: Initialized Night Shift subsystem within 0 seconds!
[2020-09-26 20:34:04.073] INIT: Initialized Parallax subsystem within 0 seconds!
[2020-09-26 20:34:04.073] INIT: Initialized Sun subsystem within 0 seconds!
[2020-09-26 20:34:04.339] INIT: Initialized Traumas subsystem within 0.3 seconds!
[2020-09-26 20:34:04.420] INIT: Initialized Bluespace Locker subsystem within 0.1 seconds!
[2020-09-26 20:34:04.420] INIT: Initialized Pacification Bans subsystem within 0 seconds!
[2020-09-26 20:34:04.420] INIT: Initialized Logging subsystem within 0 seconds!
[2020-09-26 20:34:04.420] INIT: Initialized Recycling subsystem within 0 seconds!
[2020-09-26 20:34:11.815] INIT: Initialized Atmospherics subsystem within 7.4 seconds!
[2020-09-26 20:34:11.816] INIT: Initialized Atmospherics - Turfs subsystem within 0 seconds!
[2020-09-26 20:34:15.819] INIT: Initialized Assets subsystem within 4 seconds!
[2020-09-26 20:34:22.984] INIT: Initialized Icon Smoothing subsystem within 7.1 seconds!
[2020-09-26 20:34:24.315] INIT: Initialized Overlay subsystem within 1.4 seconds!
[2020-09-26 20:34:24.315] INIT: Initialized XKeyScore subsystem within 0 seconds!
[2020-09-26 20:34:24.316] INIT: Initialized Sticky Ban subsystem within 0 seconds!
[2020-09-26 20:34:37.904] INIT: Initialized Lighting subsystem within 13.6 seconds!
[2020-09-26 20:34:41.824] INIT: Initialized Shuttle subsystem within 3.9 seconds!
[2020-09-26 20:34:41.875] INIT: Initialized Minor Mapping subsystem within 0 seconds!
[2020-09-26 20:34:41.876] INIT: Initialized Pathfinder subsystem within 0 seconds!
[2020-09-26 20:34:41.915] INIT: Initialized Persistence subsystem within 0.1 seconds!
[2020-09-26 20:34:41.915] INIT: Initialized Chat subsystem within 0 seconds!
