[2020-09-08 20:01:45.906] Starting up round ID .
 - -------------------------
[2020-09-08 20:01:52.128] INIT: Initialized Profiler subsystem within 0 seconds!
[2020-09-08 20:01:52.329] Fail2Topic: Failed to drop firewall rule. Exit code: 1.
[2020-09-08 20:01:52.329] INIT: Initialized Fail2Topic subsystem within 0.2 seconds!
[2020-09-08 20:01:52.332] INIT: Initialized Title Screen subsystem within 0 seconds!
[2020-09-08 20:01:52.332] INIT: Initialized Database subsystem within 0 seconds!
[2020-09-08 20:01:52.333] INIT: Initialized Blackbox subsystem within 0 seconds!
[2020-09-08 20:01:52.333] INIT: Initialized Server Tasks subsystem within 0 seconds!
[2020-09-08 20:01:52.334] INIT: Initialized Input subsystem within 0 seconds!
[2020-09-08 20:01:52.336] INIT: Initialized Sounds subsystem within 0 seconds!
[2020-09-08 20:01:52.336] INIT: Initialized Vis contents overlays subsystem within 0 seconds!
[2020-09-08 20:01:52.406] INIT: Initialized Research subsystem within 0.1 seconds!
[2020-09-08 20:01:52.411] INIT: Initialized Events subsystem within 0 seconds!
[2020-09-08 20:01:52.416] INIT: Initialized Jobs subsystem within 0 seconds!
[2020-09-08 20:01:52.422] INIT: Initialized Quirks subsystem within 0 seconds!
[2020-09-08 20:01:52.429] INIT: Initialized Ticker subsystem within 0 seconds!
[2020-09-08 20:01:52.443] INIT: Initialized Instruments subsystem within 0 seconds!
[2020-09-08 20:02:10.161] INIT: Initialized Mapping subsystem within 17.7 seconds!
[2020-09-08 20:02:10.174] INIT: Initialized Economy subsystem within 0 seconds!
[2020-09-08 20:02:10.175] INIT: Initialized Networks subsystem within 0 seconds!
[2020-09-08 20:02:10.175] INIT: Initialized Holodeck subsystem within 0 seconds!
[2020-09-08 20:02:44.048] INIT: Initialized Atoms subsystem within 33.9 seconds!
[2020-09-08 20:02:44.078] INIT: Initialized Language subsystem within 0 seconds!
[2020-09-08 20:02:44.235] INIT: Initialized Machines subsystem within 0.2 seconds!
[2020-09-08 20:02:44.272] INIT: Initialized Circuit subsystem within 0 seconds!
[2020-09-08 20:02:45.928] INIT: Initialized Atmos Adjacency subsystem within 1.7 seconds!
[2020-09-08 20:02:45.929] INIT: Initialized Autotransfer Vote subsystem within 0 seconds!
[2020-09-08 20:02:45.929] INIT: Initialized Chemistry subsystem within 0 seconds!
[2020-09-08 20:02:45.929] INIT: Initialized Status Effects subsystem within 0 seconds!
[2020-09-08 20:02:45.930] INIT: Initialized Weather subsystem within 0 seconds!
[2020-09-08 20:02:45.934] INIT: Initialized Disease subsystem within 0 seconds!
[2020-09-08 20:02:45.934] INIT: Initialized Jukeboxes subsystem within 0 seconds!
[2020-09-08 20:02:45.934] INIT: Initialized Medals subsystem within 0 seconds!
[2020-09-08 20:02:46.209] INIT: Initialized Minimaps subsystem within 0.3 seconds!
[2020-09-08 20:02:46.259] INIT: Initialized Night Shift subsystem within 0 seconds!
[2020-09-08 20:02:46.259] INIT: Initialized Parallax subsystem within 0 seconds!
[2020-09-08 20:02:46.259] INIT: Initialized Sun subsystem within 0 seconds!
[2020-09-08 20:02:46.477] INIT: Initialized Traumas subsystem within 0.2 seconds!
[2020-09-08 20:02:46.515] INIT: Initialized Bluespace Locker subsystem within 0.1 seconds!
[2020-09-08 20:02:46.544] INIT: Initialized Pacification Bans subsystem within 0 seconds!
[2020-09-08 20:02:46.544] INIT: Initialized Logging subsystem within 0 seconds!
[2020-09-08 20:02:46.544] INIT: Initialized Recycling subsystem within 0 seconds!
[2020-09-08 20:02:52.875] INIT: Initialized Atmospherics subsystem within 6.3 seconds!
[2020-09-08 20:02:52.875] INIT: Initialized Atmospherics - Turfs subsystem within 0 seconds!
[2020-09-08 20:02:56.379] INIT: Initialized Assets subsystem within 3.5 seconds!
[2020-09-08 20:03:02.859] INIT: Initialized Icon Smoothing subsystem within 6.4 seconds!
[2020-09-08 20:03:04.211] INIT: Initialized Overlay subsystem within 1.4 seconds!
[2020-09-08 20:03:04.211] INIT: Initialized XKeyScore subsystem within 0 seconds!
[2020-09-08 20:03:04.212] INIT: Initialized Sticky Ban subsystem within 0 seconds!
[2020-09-08 20:03:13.116] INIT: Initialized Lighting subsystem within 8.9 seconds!
[2020-09-08 20:03:18.013] INIT: Initialized Shuttle subsystem within 4.9 seconds!
[2020-09-08 20:03:18.050] INIT: Initialized Minor Mapping subsystem within 0 seconds!
[2020-09-08 20:03:18.051] INIT: Initialized Pathfinder subsystem within 0 seconds!
[2020-09-08 20:03:18.083] INIT: Initialized Persistence subsystem within 0 seconds!
[2020-09-08 20:03:18.084] INIT: Initialized Chat subsystem within 0 seconds!
