[2020-08-26 13:39:43.775] Starting up round ID .
 - -------------------------
[2020-08-26 13:39:50.630] INIT: Initialized Profiler subsystem within 0 seconds!
[2020-08-26 13:39:50.830] Fail2Topic: Failed to drop firewall rule. Exit code: 1.
[2020-08-26 13:39:50.831] INIT: Initialized Fail2Topic subsystem within 0.2 seconds!
[2020-08-26 13:39:50.834] INIT: Initialized Title Screen subsystem within 0 seconds!
[2020-08-26 13:39:50.834] INIT: Initialized Database subsystem within 0 seconds!
[2020-08-26 13:39:50.835] INIT: Initialized Blackbox subsystem within 0 seconds!
[2020-08-26 13:39:50.835] INIT: Initialized Server Tasks subsystem within 0 seconds!
[2020-08-26 13:39:50.836] INIT: Initialized Input subsystem within 0 seconds!
[2020-08-26 13:39:50.838] INIT: Initialized Sounds subsystem within 0 seconds!
[2020-08-26 13:39:50.838] INIT: Initialized Vis contents overlays subsystem within 0 seconds!
[2020-08-26 13:39:50.896] INIT: Initialized Research subsystem within 0 seconds!
[2020-08-26 13:39:50.899] INIT: Initialized Events subsystem within 0 seconds!
[2020-08-26 13:39:50.904] INIT: Initialized Jobs subsystem within 0.1 seconds!
[2020-08-26 13:39:50.908] INIT: Initialized Quirks subsystem within 0 seconds!
[2020-08-26 13:39:50.914] INIT: Initialized Ticker subsystem within 0 seconds!
[2020-08-26 13:39:50.926] INIT: Initialized Instruments subsystem within 0 seconds!
[2020-08-26 13:40:08.805] INIT: Initialized Mapping subsystem within 17.9 seconds!
[2020-08-26 13:40:08.819] INIT: Initialized Economy subsystem within 0 seconds!
[2020-08-26 13:40:08.820] INIT: Initialized Networks subsystem within 0 seconds!
[2020-08-26 13:40:08.820] INIT: Initialized Holodeck subsystem within 0 seconds!
[2020-08-26 13:40:41.785] INIT: Initialized Atoms subsystem within 32.9 seconds!
[2020-08-26 13:40:41.818] INIT: Initialized Language subsystem within 0 seconds!
[2020-08-26 13:40:42.002] INIT: Initialized Machines subsystem within 0.2 seconds!
[2020-08-26 13:40:42.039] INIT: Initialized Circuit subsystem within 0 seconds!
[2020-08-26 13:40:43.545] INIT: Initialized Atmos Adjacency subsystem within 1.5 seconds!
[2020-08-26 13:40:43.545] INIT: Initialized Autotransfer Vote subsystem within 0 seconds!
[2020-08-26 13:40:43.545] INIT: Initialized Chemistry subsystem within 0 seconds!
[2020-08-26 13:40:43.545] INIT: Initialized Status Effects subsystem within 0 seconds!
[2020-08-26 13:40:43.546] INIT: Initialized Weather subsystem within 0 seconds!
[2020-08-26 13:40:43.549] INIT: Initialized Disease subsystem within 0 seconds!
[2020-08-26 13:40:43.550] INIT: Initialized Jukeboxes subsystem within 0 seconds!
[2020-08-26 13:40:43.550] INIT: Initialized Medals subsystem within 0 seconds!
[2020-08-26 13:40:43.828] INIT: Initialized Minimaps subsystem within 0.3 seconds!
[2020-08-26 13:40:43.896] INIT: Initialized Night Shift subsystem within 0 seconds!
[2020-08-26 13:40:43.896] INIT: Initialized Parallax subsystem within 0 seconds!
[2020-08-26 13:40:43.896] INIT: Initialized Sun subsystem within 0 seconds!
[2020-08-26 13:40:44.134] INIT: Initialized Traumas subsystem within 0.3 seconds!
[2020-08-26 13:40:44.174] INIT: Initialized Bluespace Locker subsystem within 0 seconds!
[2020-08-26 13:40:44.207] INIT: Initialized Pacification Bans subsystem within 0 seconds!
[2020-08-26 13:40:44.207] INIT: Initialized Logging subsystem within 0 seconds!
[2020-08-26 13:40:44.207] INIT: Initialized Recycling subsystem within 0 seconds!
[2020-08-26 13:40:50.351] INIT: Initialized Atmospherics subsystem within 6.1 seconds!
[2020-08-26 13:40:50.351] INIT: Initialized Atmospherics - Turfs subsystem within 0 seconds!
[2020-08-26 13:40:53.244] INIT: Initialized Assets subsystem within 2.9 seconds!
[2020-08-26 13:40:59.160] INIT: Initialized Icon Smoothing subsystem within 5.9 seconds!
[2020-08-26 13:41:00.292] INIT: Initialized Overlay subsystem within 1.1 seconds!
[2020-08-26 13:41:00.292] INIT: Initialized XKeyScore subsystem within 0 seconds!
[2020-08-26 13:41:00.292] INIT: Initialized Sticky Ban subsystem within 0 seconds!
[2020-08-26 13:41:07.807] INIT: Initialized Lighting subsystem within 7.6 seconds!
[2020-08-26 13:41:11.214] INIT: Initialized Shuttle subsystem within 3.4 seconds!
[2020-08-26 13:41:11.250] INIT: Initialized Minor Mapping subsystem within 0 seconds!
[2020-08-26 13:41:11.271] INIT: Initialized Pathfinder subsystem within 0 seconds!
[2020-08-26 13:41:11.301] INIT: Initialized Persistence subsystem within 0.1 seconds!
[2020-08-26 13:41:11.301] INIT: Initialized Chat subsystem within 0 seconds!
