[2020-08-30 01:52:43.923] Starting up round ID .
 - -------------------------
[2020-08-30 01:57:10.586] Logs from logging subsystem:
 - (2020-08-29 22:54:20) ATTACK: [turret] has fired at *no key*/(lava imp) with [bullet] from Lavaland Wastes (NEWHP: 150)  (Syndicate Lavaland Engineering (226, 38, 6))
 - (2020-08-29 22:54:20) ATTACK: [turret] has fired at *no key*/(goldgrub) with [bullet] from Lavaland Wastes (NEWHP: 45)  (Syndicate Lavaland Circuit Lab (216, 32, 6))
 - (2020-08-29 22:54:22) ATTACK: [turret] has fired at *no key*/(goldgrub) with [bullet] from Lavaland Wastes (NEWHP: 45)  (Syndicate Lavaland Circuit Lab (216, 32, 6))
 - (2020-08-29 22:54:22) ATTACK: [turret] has fired at *no key*/(goldgrub) with [bullet] from Lavaland Wastes (NEWHP: 45)  (Syndicate Lavaland Arrivals (208, 29, 6))
 - (2020-08-29 22:54:25) ATTACK: [turret] has fired at *no key*/(goldgrub) with [bullet] from Lavaland Wastes (NEWHP: 45)  (Syndicate Lavaland Circuit Lab (216, 32, 6))
 - (2020-08-29 22:54:25) ATTACK: [turret] has fired at *no key*/(goldgrub) with [bullet] from Lavaland Wastes (NEWHP: 45)  (Syndicate Lavaland Arrivals (208, 29, 6))
 - (2020-08-29 22:54:27) ATTACK: [turret] has fired at *no key*/(goldgrub) with [bullet] from Lavaland Wastes (NEWHP: 45)  (Syndicate Lavaland Circuit Lab (216, 32, 6))
 - (2020-08-29 22:54:27) ATTACK: [turret] has fired at *no key*/(goldgrub) with [bullet] from Lavaland Wastes (NEWHP: 45)  (Syndicate Lavaland Arrivals (208, 29, 6))
 - (2020-08-29 22:54:29) ATTACK: [turret] has fired at *no key*/(lava imp) with [bullet] from Lavaland Wastes (NEWHP: 150)  (Syndicate Lavaland Engineering (226, 38, 6))
 - (2020-08-29 22:54:29) ATTACK: [turret] has fired at *no key*/(goldgrub) with [bullet] from Lavaland Wastes (NEWHP: 45)  (Syndicate Lavaland Circuit Lab (216, 32, 6))
 - (2020-08-29 22:54:29) ATTACK: [turret] has fired at *no key*/(goldgrub) with [bullet] from Lavaland Wastes (NEWHP: 45)  (Syndicate Lavaland Arrivals (208, 29, 6))
 - (2020-08-29 22:54:31) ATTACK: [turret] has fired at *no key*/(lava imp) with [bullet] from Lavaland Wastes (NEWHP: 150)  (Syndicate Lavaland Engineering (226, 38, 6))
 - (2020-08-29 22:54:31) ATTACK: [turret] has fired at *no key*/(goldgrub) with [bullet] from Lavaland Wastes (NEWHP: 45)  (Syndicate Lavaland Circuit Lab (216, 32, 6))
 - (2020-08-29 22:54:31) ATTACK: [turret] has fired at *no key*/(goldgrub) with [bullet] from Lavaland Wastes (NEWHP: 45)  (Syndicate Lavaland Arrivals (208, 29, 6))
 - (2020-08-29 22:54:33) ATTACK: [turret] has fired at *no key*/(lava imp) with [bullet] from Lavaland Wastes (NEWHP: 150)  (Syndicate Lavaland Engineering (226, 38, 6))
 - (2020-08-29 22:54:33) ATTACK: [turret] has fired at *no key*/(goldgrub) with [bullet] from Lavaland Wastes (NEWHP: 45)  (Syndicate Lavaland Circuit Lab (216, 32, 6))
 - (2020-08-29 22:54:33) ATTACK: [turret] has fired at *no key*/(goldgrub) with [bullet] from Lavaland Wastes (NEWHP: 45)  (Syndicate Lavaland Arrivals (208, 29, 6))
 - (2020-08-29 22:54:35) ATTACK: [turret] has fired at *no key*/(lava imp) with [bullet] from Lavaland Wastes (NEWHP: 150)  (Syndicate Lavaland Engineering (226, 38, 6))
 - (2020-08-29 22:54:35) ATTACK: [turret] has fired at *no key*/(goldgrub) with [bullet] from Lavaland Wastes (NEWHP: 45)  (Syndicate Lavaland Circuit Lab (216, 32, 6))
 - (2020-08-29 22:54:35) ATTACK: [turret] has fired at *no key*/(goldgrub) with [bullet] from Lavaland Wastes (NEWHP: 45)  (Syndicate Lavaland Arrivals (208, 29, 6))
 - (2020-08-29 22:54:37) ATTACK: [turret] has fired at *no key*/(lava imp) with [bullet] from Lavaland Wastes (NEWHP: 150)  (Syndicate Lavaland Engineering (226, 38, 6))
 - (2020-08-29 22:54:37) ATTACK: [turret] has fired at *no key*/(goldgrub) with [bullet] from Lavaland Wastes (NEWHP: 45)  (Syndicate Lavaland Circuit Lab (216, 32, 6))
 - (2020-08-29 22:54:37) ATTACK: [turret] has fired at *no key*/(goldgrub) with [bullet] from Lavaland Wastes (NEWHP: 45)  (Syndicate Lavaland Arrivals (208, 29, 6))
 - (2020-08-29 22:54:39) ATTACK: [turret] has fired at *no key*/(lava imp) with [bullet] from Lavaland Wastes (NEWHP: 150)  (Syndicate Lavaland Engineering (226, 38, 6))
 - (2020-08-29 22:54:39) ATTACK: [turret] has fired at *no key*/(goldgrub) with [bullet] from Lavaland Wastes (NEWHP: 45)  (Syndicate Lavaland Circuit Lab (216, 32, 6))
 - (2020-08-29 22:54:39) ATTACK: [turret] has fired at *no key*/(goldgrub) with [bullet] from Lavaland Wastes (NEWHP: 45)  (Syndicate Lavaland Arrivals (208, 29, 6))
 - (2020-08-29 22:54:41) ATTACK: [turret] has fired at *no key*/(lava imp) with [bullet] from Lavaland Wastes (NEWHP: 150)  (Syndicate Lavaland Engineering (226, 38, 6))
 - (2020-08-29 22:54:41) ATTACK: [turret] has fired at *no key*/(goldgrub) with [bullet] from Lavaland Wastes (NEWHP: 45)  (Syndicate Lavaland Circuit Lab (216, 32, 6))
 - (2020-08-29 22:54:41) ATTACK: [turret] has fired at *no key*/(goldgrub) with [bullet] from Lavaland Wastes (NEWHP: 45)  (Syndicate Lavaland Arrivals (208, 29, 6))
 - (2020-08-29 22:54:43) ATTACK: [turret] has fired at *no key*/(lava imp) with [bullet] from Lavaland Wastes (NEWHP: 150)  (Syndicate Lavaland Engineering (226, 38, 6))
 - (2020-08-29 22:54:43) ATTACK: [turret] has fired at *no key*/(goldgrub) with [bullet] from Lavaland Wastes (NEWHP: 45)  (Syndicate Lavaland Circuit Lab (216, 32, 6))
 - (2020-08-29 22:54:43) ATTACK: [turret] has fired at *no key*/(goldgrub) with [bullet] from Lavaland Wastes (NEWHP: 45)  (Syndicate Lavaland Arrivals (208, 29, 6))
 - (2020-08-29 22:54:45) ATTACK: [turret] has fired at *no key*/(lava imp) with [bullet] from Lavaland Wastes (NEWHP: 150)  (Syndicate Lavaland Engineering (226, 38, 6))
 - (2020-08-29 22:54:45) ATTACK: [turret] has fired at *no key*/(goldgrub) with [bullet] from Lavaland Wastes (NEWHP: 45)  (Syndicate Lavaland Circuit Lab (216, 32, 6))
 - (2020-08-29 22:54:45) ATTACK: [turret] has fired at *no key*/(goldgrub) with [bullet] from Lavaland Wastes (NEWHP: 45)  (Syndicate Lavaland Arrivals (208, 29, 6))
 - (2020-08-29 22:54:47) ATTACK: [turret] has fired at *no key*/(lava imp) with [bullet] from Lavaland Wastes (NEWHP: 150)  (Syndicate Lavaland Engineering (226, 38, 6))
 - (2020-08-29 22:54:47) ATTACK: [turret] has fired at *no key*/(goldgrub) with [bullet] from Lavaland Wastes (NEWHP: 45)  (Syndicate Lavaland Circuit Lab (216, 32, 6))
 - (2020-08-29 22:54:47) ATTACK: [turret] has fired at *no key*/(goldgrub) with [bullet] from Lavaland Wastes (NEWHP: 45)  (Syndicate Lavaland Arrivals (208, 29, 6))
 - (2020-08-29 22:54:49) ATTACK: [turret] has fired at *no key*/(lava imp) with [bullet] from Lavaland Wastes (NEWHP: 150)  (Syndicate Lavaland Engineering (226, 38, 6))
 - (2020-08-29 22:54:49) ATTACK: [turret] has fired at *no key*/(goldgrub) with [bullet] from Lavaland Wastes (NEWHP: 45)  (Syndicate Lavaland Circuit Lab (216, 32, 6))
 - (2020-08-29 22:54:49) ATTACK: [turret] has fired at *no key*/(goldgrub) with [bullet] from Lavaland Wastes (NEWHP: 45)  (Syndicate Lavaland Arrivals (208, 29, 6))
 - (2020-08-29 22:54:51) ATTACK: [turret] has fired at *no key*/(lava imp) with [bullet] from Lavaland Wastes (NEWHP: 150)  (Syndicate Lavaland Engineering (226, 38, 6))
 - (2020-08-29 22:54:51) ATTACK: [turret] has fired at *no key*/(goldgrub) with [bullet] from Lavaland Wastes (NEWHP: 45)  (Syndicate Lavaland Circuit Lab (216, 32, 6))
 - (2020-08-29 22:54:51) ATTACK: [turret] has fired at *no key*/(goldgrub) with [bullet] from Lavaland Wastes (NEWHP: 45)  (Syndicate Lavaland Arrivals (208, 29, 6))
 - (2020-08-29 22:54:53) ATTACK: [turret] has fired at *no key*/(lava imp) with [bullet] from Lavaland Wastes (NEWHP: 150)  (Syndicate Lavaland Engineering (226, 38, 6))
 - (2020-08-29 22:54:53) ATTACK: [turret] has fired at *no key*/(goldgrub) with [bullet] from Lavaland Wastes (NEWHP: 45)  (Syndicate Lavaland Circuit Lab (216, 32, 6))
 - (2020-08-29 22:54:53) ATTACK: [turret] has fired at *no key*/(goldgrub) with [bullet] from Lavaland Wastes (NEWHP: 45)  (Syndicate Lavaland Arrivals (208, 29, 6))
 - (2020-08-29 22:54:55) ATTACK: [turret] has fired at *no key*/(lava imp) with [bullet] from Lavaland Wastes (NEWHP: 150)  (Syndicate Lavaland Engineering (226, 38, 6))
 - (2020-08-29 22:54:55) ATTACK: [turret] has fired at *no key*/(goldgrub) with [bullet] from Lavaland Wastes (NEWHP: 45)  (Syndicate Lavaland Circuit Lab (216, 32, 6))
 - (2020-08-29 22:54:55) ATTACK: [turret] has fired at *no key*/(goldgrub) with [bullet] from Lavaland Wastes (NEWHP: 45)  (Syndicate Lavaland Arrivals (208, 29, 6))
 - (2020-08-29 22:54:57) ATTACK: [turret] has fired at *no key*/(lava imp) with [bullet] from Lavaland Wastes (NEWHP: 150)  (Syndicate Lavaland Engineering (226, 38, 6))
 - (2020-08-29 22:54:57) ATTACK: [turret] has fired at *no key*/(goldgrub) with [bullet] from Lavaland Wastes (NEWHP: 45)  (Syndicate Lavaland Circuit Lab (216, 32, 6))
 - (2020-08-29 22:54:57) ATTACK: [turret] has fired at *no key*/(goldgrub) with [bullet] from Lavaland Wastes (NEWHP: 45)  (Syndicate Lavaland Arrivals (208, 29, 6))
 - (2020-08-29 22:54:59) ATTACK: [turret] has fired at *no key*/(lava imp) with [bullet] from Lavaland Wastes (NEWHP: 150)  (Syndicate Lavaland Engineering (226, 38, 6))
 - (2020-08-29 22:54:59) ATTACK: [turret] has fired at *no key*/(goldgrub) with [bullet] from Lavaland Wastes (NEWHP: 45)  (Syndicate Lavaland Circuit Lab (216, 32, 6))
 - (2020-08-29 22:54:59) ATTACK: [turret] has fired at *no key*/(goldgrub) with [bullet] from Lavaland Wastes (NEWHP: 45)  (Syndicate Lavaland Arrivals (208, 29, 6))
 - (2020-08-29 22:55:01) ATTACK: [turret] has fired at *no key*/(lava imp) with [bullet] from Lavaland Wastes (NEWHP: 150)  (Syndicate Lavaland Engineering (226, 38, 6))
 - (2020-08-29 22:55:01) ATTACK: [turret] has fired at *no key*/(goldgrub) with [bullet] from Lavaland Wastes (NEWHP: 45)  (Syndicate Lavaland Circuit Lab (216, 32, 6))
 - (2020-08-29 22:55:01) ATTACK: [turret] has fired at *no key*/(goldgrub) with [bullet] from Lavaland Wastes (NEWHP: 45)  (Syndicate Lavaland Arrivals (208, 29, 6))
 - (2020-08-29 22:55:03) ATTACK: [turret] has fired at *no key*/(lava imp) with [bullet] from Lavaland Wastes (NEWHP: 150)  (Syndicate Lavaland Engineering (226, 38, 6))
 - (2020-08-29 22:55:03) ATTACK: [turret] has fired at *no key*/(goldgrub) with [bullet] from Lavaland Wastes (NEWHP: 45)  (Syndicate Lavaland Circuit Lab (216, 32, 6))
 - (2020-08-29 22:55:03) ATTACK: [turret] has fired at *no key*/(goldgrub) with [bullet] from Lavaland Wastes (NEWHP: 45)  (Syndicate Lavaland Arrivals (208, 29, 6))
 - (2020-08-29 22:55:05) ATTACK: [turret] has fired at *no key*/(lava imp) with [bullet] from Lavaland Wastes (NEWHP: 150)  (Syndicate Lavaland Engineering (226, 38, 6))
 - (2020-08-29 22:55:05) ATTACK: [turret] has fired at *no key*/(goldgrub) with [bullet] from Lavaland Wastes (NEWHP: 45)  (Syndicate Lavaland Circuit Lab (216, 32, 6))
 - (2020-08-29 22:55:05) ATTACK: [turret] has fired at *no key*/(goldgrub) with [bullet] from Lavaland Wastes (NEWHP: 45)  (Syndicate Lavaland Arrivals (208, 29, 6))
 - (2020-08-29 22:55:07) ATTACK: [turret] has fired at *no key*/(lava imp) with [bullet] from Lavaland Wastes (NEWHP: 150)  (Syndicate Lavaland Engineering (226, 38, 6))
 - (2020-08-29 22:55:07) ATTACK: [turret] has fired at *no key*/(goldgrub) with [bullet] from Lavaland Wastes (NEWHP: 45)  (Syndicate Lavaland Circuit Lab (216, 32, 6))
 - (2020-08-29 22:55:07) ATTACK: [turret] has fired at *no key*/(goldgrub) with [bullet] from Lavaland Wastes (NEWHP: 45)  (Syndicate Lavaland Arrivals (208, 29, 6))
 - (2020-08-29 22:55:09) ATTACK: [turret] has fired at *no key*/(lava imp) with [bullet] from Lavaland Wastes (NEWHP: 150)  (Syndicate Lavaland Engineering (226, 38, 6))
 - (2020-08-29 22:55:09) ATTACK: [turret] has fired at *no key*/(goldgrub) with [bullet] from Lavaland Wastes (NEWHP: 45)  (Syndicate Lavaland Circuit Lab (216, 32, 6))
 - (2020-08-29 22:55:09) ATTACK: [turret] has fired at *no key*/(goldgrub) with [bullet] from Lavaland Wastes (NEWHP: 45)  (Syndicate Lavaland Arrivals (208, 29, 6))
 - (2020-08-29 22:55:11) ATTACK: [turret] has fired at *no key*/(lava imp) with [bullet] from Lavaland Wastes (NEWHP: 150)  (Syndicate Lavaland Engineering (226, 38, 6))
 - (2020-08-29 22:55:11) ATTACK: [turret] has fired at *no key*/(goldgrub) with [bullet] from Lavaland Wastes (NEWHP: 45)  (Syndicate Lavaland Circuit Lab (216, 32, 6))
 - (2020-08-29 22:55:11) ATTACK: [turret] has fired at *no key*/(goldgrub) with [bullet] from Lavaland Wastes (NEWHP: 45)  (Syndicate Lavaland Arrivals (208, 29, 6))
 - (2020-08-29 22:55:13) ATTACK: [turret] has fired at *no key*/(lava imp) with [bullet] from Lavaland Wastes (NEWHP: 150)  (Syndicate Lavaland Engineering (226, 38, 6))
 - (2020-08-29 22:55:13) ATTACK: [turret] has fired at *no key*/(goldgrub) with [bullet] from Lavaland Wastes (NEWHP: 45)  (Syndicate Lavaland Circuit Lab (216, 32, 6))
 - (2020-08-29 22:55:13) ATTACK: [turret] has fired at *no key*/(goldgrub) with [bullet] from Lavaland Wastes (NEWHP: 45)  (Syndicate Lavaland Arrivals (208, 29, 6))
 - (2020-08-29 22:55:15) ATTACK: [turret] has fired at *no key*/(lava imp) with [bullet] from Lavaland Wastes (NEWHP: 150)  (Syndicate Lavaland Engineering (226, 38, 6))
 - (2020-08-29 22:55:15) ATTACK: [turret] has fired at *no key*/(goldgrub) with [bullet] from Lavaland Wastes (NEWHP: 45)  (Syndicate Lavaland Circuit Lab (216, 32, 6))
 - (2020-08-29 22:55:15) ATTACK: [turret] has fired at *no key*/(goldgrub) with [bullet] from Lavaland Wastes (NEWHP: 45)  (Syndicate Lavaland Arrivals (208, 29, 6))
 - (2020-08-29 22:55:17) ATTACK: [turret] has fired at *no key*/(lava imp) with [bullet] from Lavaland Wastes (NEWHP: 150)  (Syndicate Lavaland Engineering (226, 38, 6))
 - (2020-08-29 22:55:17) ATTACK: [turret] has fired at *no key*/(goldgrub) with [bullet] from Lavaland Wastes (NEWHP: 45)  (Syndicate Lavaland Circuit Lab (216, 32, 6))
 - (2020-08-29 22:55:17) ATTACK: [turret] has fired at *no key*/(goldgrub) with [bullet] from Lavaland Wastes (NEWHP: 45)  (Syndicate Lavaland Arrivals (208, 29, 6))
 - (2020-08-29 22:55:19) ATTACK: [turret] has fired at *no key*/(lava imp) with [bullet] from Lavaland Wastes (NEWHP: 150)  (Syndicate Lavaland Engineering (226, 38, 6))
 - (2020-08-29 22:55:19) ATTACK: [turret] has fired at *no key*/(goldgrub) with [bullet] from Lavaland Wastes (NEWHP: 45)  (Syndicate Lavaland Circuit Lab (216, 32, 6))
 - (2020-08-29 22:55:19) ATTACK: [turret] has fired at *no key*/(goldgrub) with [bullet] from Lavaland Wastes (NEWHP: 45)  (Syndicate Lavaland Arrivals (208, 29, 6))
 - (2020-08-29 22:55:21) ATTACK: [turret] has fired at *no key*/(lava imp) with [bullet] from Lavaland Wastes (NEWHP: 150)  (Syndicate Lavaland Engineering (226, 38, 6))
 - (2020-08-29 22:55:21) ATTACK: [turret] has fired at *no key*/(goldgrub) with [bullet] from Lavaland Wastes (NEWHP: 45)  (Syndicate Lavaland Circuit Lab (216, 32, 6))
 - (2020-08-29 22:55:21) ATTACK: [turret] has fired at *no key*/(goldgrub) with [bullet] from Lavaland Wastes (NEWHP: 45)  (Syndicate Lavaland Arrivals (208, 29, 6))
 - (2020-08-29 22:55:23) ATTACK: [turret] has fired at *no key*/(lava imp) with [bullet] from Lavaland Wastes (NEWHP: 150)  (Syndicate Lavaland Engineering (226, 38, 6))
 - (2020-08-29 22:55:23) ATTACK: [turret] has fired at *no key*/(goldgrub) with [bullet] from Lavaland Wastes (NEWHP: 45)  (Syndicate Lavaland Circuit Lab (216, 32, 6))
 - (2020-08-29 22:55:23) ATTACK: [turret] has fired at *no key*/(goldgrub) with [bullet] from Lavaland Wastes (NEWHP: 45)  (Syndicate Lavaland Arrivals (208, 29, 6))
 - (2020-08-29 22:55:25) ATTACK: [turret] has fired at *no key*/(lava imp) with [bullet] from Lavaland Wastes (NEWHP: 150)  (Syndicate Lavaland Engineering (226, 38, 6))
 - (2020-08-29 22:55:25) ATTACK: [turret] has fired at *no key*/(goldgrub) with [bullet] from Lavaland Wastes (NEWHP: 45)  (Syndicate Lavaland Circuit Lab (216, 32, 6))
 - (2020-08-29 22:55:25) ATTACK: [turret] has fired at *no key*/(goldgrub) with [bullet] from Lavaland Wastes (NEWHP: 45)  (Syndicate Lavaland Arrivals (208, 29, 6))
 - (2020-08-29 22:55:27) ATTACK: [turret] has fired at *no key*/(lava imp) with [bullet] from Lavaland Wastes (NEWHP: 150)  (Syndicate Lavaland Engineering (226, 38, 6))
 - (2020-08-29 22:55:27) ATTACK: [turret] has fired at *no key*/(goldgrub) with [bullet] from Lavaland Wastes (NEWHP: 45)  (Syndicate Lavaland Circuit Lab (216, 32, 6))
 - (2020-08-29 22:55:27) ATTACK: [turret] has fired at *no key*/(goldgrub) with [bullet] from Lavaland Wastes (NEWHP: 45)  (Syndicate Lavaland Arrivals (208, 29, 6))
 - (2020-08-29 22:55:29) ATTACK: [turret] has fired at *no key*/(lava imp) with [bullet] from Lavaland Wastes (NEWHP: 150)  (Syndicate Lavaland Engineering (226, 38, 6))
 - (2020-08-29 22:55:29) ATTACK: [turret] has fired at *no key*/(goldgrub) with [bullet] from Lavaland Wastes (NEWHP: 45)  (Syndicate Lavaland Circuit Lab (216, 32, 6))
 - (2020-08-29 22:55:29) ATTACK: [turret] has fired at *no key*/(goldgrub) with [bullet] from Lavaland Wastes (NEWHP: 45)  (Syndicate Lavaland Arrivals (208, 29, 6))
 - (2020-08-29 22:55:31) ATTACK: [turret] has fired at *no key*/(lava imp) with [bullet] from Lavaland Wastes (NEWHP: 150)  (Syndicate Lavaland Engineering (226, 38, 6))
 - (2020-08-29 22:55:31) ATTACK: [turret] has fired at *no key*/(goldgrub) with [bullet] from Lavaland Wastes (NEWHP: 45)  (Syndicate Lavaland Circuit Lab (216, 32, 6))
 - (2020-08-29 22:55:31) ATTACK: [turret] has fired at *no key*/(goldgrub) with [bullet] from Lavaland Wastes (NEWHP: 45)  (Syndicate Lavaland Arrivals (208, 29, 6))
 - (2020-08-29 22:55:33) ATTACK: [turret] has fired at *no key*/(lava imp) with [bullet] from Lavaland Wastes (NEWHP: 150)  (Syndicate Lavaland Engineering (226, 38, 6))
 - (2020-08-29 22:55:33) ATTACK: [turret] has fired at *no key*/(goldgrub) with [bullet] from Lavaland Wastes (NEWHP: 45)  (Syndicate Lavaland Circuit Lab (216, 32, 6))
 - (2020-08-29 22:55:33) ATTACK: [turret] has fired at *no key*/(goldgrub) with [bullet] from Lavaland Wastes (NEWHP: 45)  (Syndicate Lavaland Arrivals (208, 29, 6))
 - (2020-08-29 22:55:35) ATTACK: [turret] has fired at *no key*/(lava imp) with [bullet] from Lavaland Wastes (NEWHP: 150)  (Syndicate Lavaland Engineering (226, 38, 6))
 - (2020-08-29 22:55:35) ATTACK: [turret] has fired at *no key*/(goldgrub) with [bullet] from Lavaland Wastes (NEWHP: 45)  (Syndicate Lavaland Circuit Lab (216, 32, 6))
 - (2020-08-29 22:55:35) ATTACK: [turret] has fired at *no key*/(goldgrub) with [bullet] from Lavaland Wastes (NEWHP: 45)  (Syndicate Lavaland Arrivals (208, 29, 6))
 - (2020-08-29 22:55:37) ATTACK: [turret] has fired at *no key*/(lava imp) with [bullet] from Lavaland Wastes (NEWHP: 150)  (Syndicate Lavaland Engineering (226, 38, 6))
 - (2020-08-29 22:55:37) ATTACK: [turret] has fired at *no key*/(goldgrub) with [bullet] from Lavaland Wastes (NEWHP: 45)  (Syndicate Lavaland Circuit Lab (216, 32, 6))
 - (2020-08-29 22:55:37) ATTACK: [turret] has fired at *no key*/(goldgrub) with [bullet] from Lavaland Wastes (NEWHP: 45)  (Syndicate Lavaland Arrivals (208, 29, 6))
 - (2020-08-29 22:55:40) ATTACK: [turret] has fired at *no key*/(lava imp) with [bullet] from Lavaland Wastes (NEWHP: 150)  (Syndicate Lavaland Engineering (226, 38, 6))
 - (2020-08-29 22:55:40) ATTACK: [turret] has fired at *no key*/(goldgrub) with [bullet] from Lavaland Wastes (NEWHP: 45)  (Syndicate Lavaland Circuit Lab (216, 32, 6))
 - (2020-08-29 22:55:40) ATTACK: [turret] has fired at *no key*/(goldgrub) with [bullet] from Lavaland Wastes (NEWHP: 45)  (Syndicate Lavaland Arrivals (208, 29, 6))
 - (2020-08-29 22:55:42) ATTACK: [turret] has fired at *no key*/(lava imp) with [bullet] from Lavaland Wastes (NEWHP: 150)  (Syndicate Lavaland Engineering (226, 38, 6))
 - (2020-08-29 22:55:42) ATTACK: [turret] has fired at *no key*/(goldgrub) with [bullet] from Lavaland Wastes (NEWHP: 45)  (Syndicate Lavaland Circuit Lab (216, 32, 6))
 - (2020-08-29 22:55:42) ATTACK: [turret] has fired at *no key*/(goldgrub) with [bullet] from Lavaland Wastes (NEWHP: 45)  (Syndicate Lavaland Arrivals (208, 29, 6))
 - (2020-08-29 22:55:44) ATTACK: [turret] has fired at *no key*/(lava imp) with [bullet] from Lavaland Wastes (NEWHP: 150)  (Syndicate Lavaland Engineering (226, 38, 6))
 - (2020-08-29 22:55:44) ATTACK: [turret] has fired at *no key*/(goldgrub) with [bullet] from Lavaland Wastes (NEWHP: 45)  (Syndicate Lavaland Circuit Lab (216, 32, 6))
 - (2020-08-29 22:55:44) ATTACK: [turret] has fired at *no key*/(goldgrub) with [bullet] from Lavaland Wastes (NEWHP: 45)  (Syndicate Lavaland Arrivals (208, 29, 6))
 - (2020-08-29 22:55:46) ATTACK: [turret] has fired at *no key*/(lava imp) with [bullet] from Lavaland Wastes (NEWHP: 150)  (Syndicate Lavaland Engineering (226, 38, 6))
 - (2020-08-29 22:55:46) ATTACK: [turret] has fired at *no key*/(goldgrub) with [bullet] from Lavaland Wastes (NEWHP: 45)  (Syndicate Lavaland Circuit Lab (216, 32, 6))
 - (2020-08-29 22:55:46) ATTACK: [turret] has fired at *no key*/(goldgrub) with [bullet] from Lavaland Wastes (NEWHP: 45)  (Syndicate Lavaland Arrivals (208, 29, 6))
 - (2020-08-29 22:55:48) ATTACK: [turret] has fired at *no key*/(lava imp) with [bullet] from Lavaland Wastes (NEWHP: 150)  (Syndicate Lavaland Engineering (226, 38, 6))
 - (2020-08-29 22:55:48) ATTACK: [turret] has fired at *no key*/(goldgrub) with [bullet] from Lavaland Wastes (NEWHP: 45)  (Syndicate Lavaland Circuit Lab (216, 32, 6))
 - (2020-08-29 22:55:48) ATTACK: [turret] has fired at *no key*/(goldgrub) with [bullet] from Lavaland Wastes (NEWHP: 45)  (Syndicate Lavaland Arrivals (208, 29, 6))
 - (2020-08-29 22:55:50) ATTACK: [turret] has fired at *no key*/(lava imp) with [bullet] from Lavaland Wastes (NEWHP: 150)  (Syndicate Lavaland Engineering (226, 38, 6))
 - (2020-08-29 22:55:50) ATTACK: [turret] has fired at *no key*/(goldgrub) with [bullet] from Lavaland Wastes (NEWHP: 45)  (Syndicate Lavaland Circuit Lab (216, 32, 6))
 - (2020-08-29 22:55:50) ATTACK: [turret] has fired at *no key*/(goldgrub) with [bullet] from Lavaland Wastes (NEWHP: 45)  (Syndicate Lavaland Arrivals (208, 29, 6))
 - (2020-08-29 22:55:52) ATTACK: [turret] has fired at *no key*/(lava imp) with [bullet] from Lavaland Wastes (NEWHP: 150)  (Syndicate Lavaland Engineering (226, 38, 6))
 - (2020-08-29 22:55:52) ATTACK: [turret] has fired at *no key*/(goldgrub) with [bullet] from Lavaland Wastes (NEWHP: 45)  (Syndicate Lavaland Circuit Lab (216, 32, 6))
 - (2020-08-29 22:55:52) ATTACK: [turret] has fired at *no key*/(goldgrub) with [bullet] from Lavaland Wastes (NEWHP: 45)  (Syndicate Lavaland Arrivals (208, 29, 6))
 - (2020-08-29 22:55:54) ATTACK: [turret] has fired at *no key*/(lava imp) with [bullet] from Lavaland Wastes (NEWHP: 150)  (Syndicate Lavaland Engineering (226, 38, 6))
 - (2020-08-29 22:55:54) ATTACK: [turret] has fired at *no key*/(goldgrub) with [bullet] from Lavaland Wastes (NEWHP: 45)  (Syndicate Lavaland Circuit Lab (216, 32, 6))
 - (2020-08-29 22:55:54) ATTACK: [turret] has fired at *no key*/(goldgrub) with [bullet] from Lavaland Wastes (NEWHP: 45)  (Syndicate Lavaland Arrivals (208, 29, 6))
 - (2020-08-29 22:55:56) ATTACK: [turret] has fired at *no key*/(lava imp) with [bullet] from Lavaland Wastes (NEWHP: 150)  (Syndicate Lavaland Engineering (226, 38, 6))
 - (2020-08-29 22:55:56) ATTACK: [turret] has fired at *no key*/(goldgrub) with [bullet] from Lavaland Wastes (NEWHP: 45)  (Syndicate Lavaland Circuit Lab (216, 32, 6))
 - (2020-08-29 22:55:56) ATTACK: [turret] has fired at *no key*/(goldgrub) with [bullet] from Lavaland Wastes (NEWHP: 45)  (Syndicate Lavaland Arrivals (208, 29, 6))
 - (2020-08-29 22:55:58) ATTACK: [turret] has fired at *no key*/(lava imp) with [bullet] from Lavaland Wastes (NEWHP: 150)  (Syndicate Lavaland Engineering (226, 38, 6))
 - (2020-08-29 22:55:58) ATTACK: [turret] has fired at *no key*/(goldgrub) with [bullet] from Lavaland Wastes (NEWHP: 45)  (Syndicate Lavaland Circuit Lab (216, 32, 6))
 - (2020-08-29 22:55:58) ATTACK: [turret] has fired at *no key*/(goldgrub) with [bullet] from Lavaland Wastes (NEWHP: 45)  (Syndicate Lavaland Arrivals (208, 29, 6))
 - (2020-08-29 22:56:00) ATTACK: [turret] has fired at *no key*/(lava imp) with [bullet] from Lavaland Wastes (NEWHP: 150)  (Syndicate Lavaland Engineering (226, 38, 6))
 - (2020-08-29 22:56:00) ATTACK: [turret] has fired at *no key*/(goldgrub) with [bullet] from Lavaland Wastes (NEWHP: 45)  (Syndicate Lavaland Circuit Lab (216, 32, 6))
 - (2020-08-29 22:56:00) ATTACK: [turret] has fired at *no key*/(goldgrub) with [bullet] from Lavaland Wastes (NEWHP: 45)  (Syndicate Lavaland Arrivals (208, 29, 6))
 - (2020-08-29 22:56:02) ATTACK: [turret] has fired at *no key*/(lava imp) with [bullet] from Lavaland Wastes (NEWHP: 150)  (Syndicate Lavaland Engineering (226, 38, 6))
 - (2020-08-29 22:56:02) ATTACK: [turret] has fired at *no key*/(goldgrub) with [bullet] from Lavaland Wastes (NEWHP: 45)  (Syndicate Lavaland Circuit Lab (216, 32, 6))
 - (2020-08-29 22:56:02) ATTACK: [turret] has fired at *no key*/(goldgrub) with [bullet] from Lavaland Wastes (NEWHP: 45)  (Syndicate Lavaland Arrivals (208, 29, 6))
 - (2020-08-29 22:56:04) ATTACK: [turret] has fired at *no key*/(lava imp) with [bullet] from Lavaland Wastes (NEWHP: 150)  (Syndicate Lavaland Engineering (226, 38, 6))
 - (2020-08-29 22:56:04) ATTACK: [turret] has fired at *no key*/(goldgrub) with [bullet] from Lavaland Wastes (NEWHP: 45)  (Syndicate Lavaland Circuit Lab (216, 32, 6))
 - (2020-08-29 22:56:04) ATTACK: [turret] has fired at *no key*/(goldgrub) with [bullet] from Lavaland Wastes (NEWHP: 45)  (Syndicate Lavaland Arrivals (208, 29, 6))
 - (2020-08-29 22:56:06) ATTACK: [turret] has fired at *no key*/(lava imp) with [bullet] from Lavaland Wastes (NEWHP: 150)  (Syndicate Lavaland Engineering (226, 38, 6))
 - (2020-08-29 22:56:06) ATTACK: [turret] has fired at *no key*/(goldgrub) with [bullet] from Lavaland Wastes (NEWHP: 45)  (Syndicate Lavaland Circuit Lab (216, 32, 6))
 - (2020-08-29 22:56:06) ATTACK: [turret] has fired at *no key*/(goldgrub) with [bullet] from Lavaland Wastes (NEWHP: 45)  (Syndicate Lavaland Arrivals (208, 29, 6))
 - (2020-08-29 22:56:08) ATTACK: [turret] has fired at *no key*/(lava imp) with [bullet] from Lavaland Wastes (NEWHP: 150)  (Syndicate Lavaland Engineering (226, 38, 6))
 - (2020-08-29 22:56:08) ATTACK: [turret] has fired at *no key*/(goldgrub) with [bullet] from Lavaland Wastes (NEWHP: 45)  (Syndicate Lavaland Circuit Lab (216, 32, 6))
 - (2020-08-29 22:56:08) ATTACK: [turret] has fired at *no key*/(goldgrub) with [bullet] from Lavaland Wastes (NEWHP: 45)  (Syndicate Lavaland Arrivals (208, 29, 6))
 - (2020-08-29 22:56:10) ATTACK: [turret] has fired at *no key*/(lava imp) with [bullet] from Lavaland Wastes (NEWHP: 150)  (Syndicate Lavaland Engineering (226, 38, 6))
 - (2020-08-29 22:56:10) ATTACK: [turret] has fired at *no key*/(goldgrub) with [bullet] from Lavaland Wastes (NEWHP: 45)  (Syndicate Lavaland Circuit Lab (216, 32, 6))
 - (2020-08-29 22:56:10) ATTACK: [turret] has fired at *no key*/(goldgrub) with [bullet] from Lavaland Wastes (NEWHP: 45)  (Syndicate Lavaland Arrivals (208, 29, 6))
 - (2020-08-29 22:56:12) ATTACK: [turret] has fired at *no key*/(lava imp) with [bullet] from Lavaland Wastes (NEWHP: 150)  (Syndicate Lavaland Engineering (226, 38, 6))
 - (2020-08-29 22:56:12) ATTACK: [turret] has fired at *no key*/(goldgrub) with [bullet] from Lavaland Wastes (NEWHP: 45)  (Syndicate Lavaland Circuit Lab (216, 32, 6))
 - (2020-08-29 22:56:12) ATTACK: [turret] has fired at *no key*/(goldgrub) with [bullet] from Lavaland Wastes (NEWHP: 45)  (Syndicate Lavaland Arrivals (208, 29, 6))
 - (2020-08-29 22:56:14) ATTACK: [turret] has fired at *no key*/(lava imp) with [bullet] from Lavaland Wastes (NEWHP: 150)  (Syndicate Lavaland Engineering (226, 38, 6))
 - (2020-08-29 22:56:14) ATTACK: [turret] has fired at *no key*/(goldgrub) with [bullet] from Lavaland Wastes (NEWHP: 45)  (Syndicate Lavaland Circuit Lab (216, 32, 6))
 - (2020-08-29 22:56:14) ATTACK: [turret] has fired at *no key*/(goldgrub) with [bullet] from Lavaland Wastes (NEWHP: 45)  (Syndicate Lavaland Arrivals (208, 29, 6))
 - (2020-08-29 22:56:16) ATTACK: [turret] has fired at *no key*/(lava imp) with [bullet] from Lavaland Wastes (NEWHP: 150)  (Syndicate Lavaland Engineering (226, 38, 6))
 - (2020-08-29 22:56:16) ATTACK: [turret] has fired at *no key*/(goldgrub) with [bullet] from Lavaland Wastes (NEWHP: 45)  (Syndicate Lavaland Circuit Lab (216, 32, 6))
 - (2020-08-29 22:56:16) ATTACK: [turret] has fired at *no key*/(goldgrub) with [bullet] from Lavaland Wastes (NEWHP: 45)  (Syndicate Lavaland Arrivals (208, 29, 6))
 - (2020-08-29 22:56:18) ATTACK: [turret] has fired at *no key*/(lava imp) with [bullet] from Lavaland Wastes (NEWHP: 150)  (Syndicate Lavaland Engineering (226, 38, 6))
 - (2020-08-29 22:56:18) ATTACK: [turret] has fired at *no key*/(goldgrub) with [bullet] from Lavaland Wastes (NEWHP: 45)  (Syndicate Lavaland Circuit Lab (216, 32, 6))
 - (2020-08-29 22:56:18) ATTACK: [turret] has fired at *no key*/(goldgrub) with [bullet] from Lavaland Wastes (NEWHP: 45)  (Syndicate Lavaland Arrivals (208, 29, 6))
 - (2020-08-29 22:56:20) ATTACK: [turret] has fired at *no key*/(lava imp) with [bullet] from Lavaland Wastes (NEWHP: 150)  (Syndicate Lavaland Engineering (226, 38, 6))
 - (2020-08-29 22:56:20) ATTACK: [turret] has fired at *no key*/(goldgrub) with [bullet] from Lavaland Wastes (NEWHP: 45)  (Syndicate Lavaland Circuit Lab (216, 32, 6))
 - (2020-08-29 22:56:20) ATTACK: [turret] has fired at *no key*/(goldgrub) with [bullet] from Lavaland Wastes (NEWHP: 45)  (Syndicate Lavaland Arrivals (208, 29, 6))
 - (2020-08-29 22:56:22) ATTACK: [turret] has fired at *no key*/(lava imp) with [bullet] from Lavaland Wastes (NEWHP: 150)  (Syndicate Lavaland Engineering (226, 38, 6))
 - (2020-08-29 22:56:22) ATTACK: [turret] has fired at *no key*/(goldgrub) with [bullet] from Lavaland Wastes (NEWHP: 45)  (Syndicate Lavaland Circuit Lab (216, 32, 6))
 - (2020-08-29 22:56:22) ATTACK: [turret] has fired at *no key*/(goldgrub) with [bullet] from Lavaland Wastes (NEWHP: 45)  (Syndicate Lavaland Arrivals (208, 29, 6))
 - (2020-08-29 22:56:24) ATTACK: [turret] has fired at *no key*/(lava imp) with [bullet] from Lavaland Wastes (NEWHP: 150)  (Syndicate Lavaland Engineering (226, 38, 6))
 - (2020-08-29 22:56:24) ATTACK: [turret] has fired at *no key*/(goldgrub) with [bullet] from Lavaland Wastes (NEWHP: 45)  (Syndicate Lavaland Circuit Lab (216, 32, 6))
 - (2020-08-29 22:56:24) ATTACK: [turret] has fired at *no key*/(goldgrub) with [bullet] from Lavaland Wastes (NEWHP: 45)  (Syndicate Lavaland Arrivals (208, 29, 6))
 - (2020-08-29 22:56:26) ATTACK: [turret] has fired at *no key*/(lava imp) with [bullet] from Lavaland Wastes (NEWHP: 150)  (Syndicate Lavaland Engineering (226, 38, 6))
 - (2020-08-29 22:56:26) ATTACK: [turret] has fired at *no key*/(goldgrub) with [bullet] from Lavaland Wastes (NEWHP: 45)  (Syndicate Lavaland Circuit Lab (216, 32, 6))
 - (2020-08-29 22:56:26) ATTACK: [turret] has fired at *no key*/(goldgrub) with [bullet] from Lavaland Wastes (NEWHP: 45)  (Syndicate Lavaland Arrivals (208, 29, 6))
 - (2020-08-29 22:56:28) ATTACK: [turret] has fired at *no key*/(lava imp) with [bullet] from Lavaland Wastes (NEWHP: 150)  (Syndicate Lavaland Engineering (226, 38, 6))
 - (2020-08-29 22:56:28) ATTACK: [turret] has fired at *no key*/(goldgrub) with [bullet] from Lavaland Wastes (NEWHP: 45)  (Syndicate Lavaland Circuit Lab (216, 32, 6))
 - (2020-08-29 22:56:28) ATTACK: [turret] has fired at *no key*/(goldgrub) with [bullet] from Lavaland Wastes (NEWHP: 45)  (Syndicate Lavaland Arrivals (208, 29, 6))
 - (2020-08-29 22:56:30) ATTACK: [turret] has fired at *no key*/(lava imp) with [bullet] from Lavaland Wastes (NEWHP: 150)  (Syndicate Lavaland Engineering (226, 38, 6))
 - (2020-08-29 22:56:30) ATTACK: [turret] has fired at *no key*/(goldgrub) with [bullet] from Lavaland Wastes (NEWHP: 45)  (Syndicate Lavaland Circuit Lab (216, 32, 6))
 - (2020-08-29 22:56:30) ATTACK: [turret] has fired at *no key*/(goldgrub) with [bullet] from Lavaland Wastes (NEWHP: 45)  (Syndicate Lavaland Arrivals (208, 29, 6))
 - (2020-08-29 22:56:32) ATTACK: [turret] has fired at *no key*/(lava imp) with [bullet] from Lavaland Wastes (NEWHP: 150)  (Syndicate Lavaland Engineering (226, 38, 6))
 - (2020-08-29 22:56:32) ATTACK: [turret] has fired at *no key*/(goldgrub) with [bullet] from Lavaland Wastes (NEWHP: 45)  (Syndicate Lavaland Circuit Lab (216, 32, 6))
 - (2020-08-29 22:56:32) ATTACK: [turret] has fired at *no key*/(goldgrub) with [bullet] from Lavaland Wastes (NEWHP: 45)  (Syndicate Lavaland Arrivals (208, 29, 6))
 - (2020-08-29 22:56:34) ATTACK: [turret] has fired at *no key*/(lava imp) with [bullet] from Lavaland Wastes (NEWHP: 150)  (Syndicate Lavaland Engineering (226, 38, 6))
 - (2020-08-29 22:56:34) ATTACK: [turret] has fired at *no key*/(goldgrub) with [bullet] from Lavaland Wastes (NEWHP: 45)  (Syndicate Lavaland Circuit Lab (216, 32, 6))
 - (2020-08-29 22:56:34) ATTACK: [turret] has fired at *no key*/(goldgrub) with [bullet] from Lavaland Wastes (NEWHP: 45)  (Syndicate Lavaland Arrivals (208, 29, 6))
 - (2020-08-29 22:56:36) ATTACK: [turret] has fired at *no key*/(lava imp) with [bullet] from Lavaland Wastes (NEWHP: 150)  (Syndicate Lavaland Engineering (226, 38, 6))
 - (2020-08-29 22:56:36) ATTACK: [turret] has fired at *no key*/(goldgrub) with [bullet] from Lavaland Wastes (NEWHP: 45)  (Syndicate Lavaland Circuit Lab (216, 32, 6))
 - (2020-08-29 22:56:36) ATTACK: [turret] has fired at *no key*/(goldgrub) with [bullet] from Lavaland Wastes (NEWHP: 45)  (Syndicate Lavaland Arrivals (208, 29, 6))
 - (2020-08-29 22:56:38) ATTACK: [turret] has fired at *no key*/(lava imp) with [bullet] from Lavaland Wastes (NEWHP: 150)  (Syndicate Lavaland Engineering (226, 38, 6))
 - (2020-08-29 22:56:38) ATTACK: [turret] has fired at *no key*/(goldgrub) with [bullet] from Lavaland Wastes (NEWHP: 45)  (Syndicate Lavaland Circuit Lab (216, 32, 6))
 - (2020-08-29 22:56:38) ATTACK: [turret] has fired at *no key*/(goldgrub) with [bullet] from Lavaland Wastes (NEWHP: 45)  (Syndicate Lavaland Arrivals (208, 29, 6))
 - (2020-08-29 22:56:40) ATTACK: [turret] has fired at *no key*/(lava imp) with [bullet] from Lavaland Wastes (NEWHP: 150)  (Syndicate Lavaland Engineering (226, 38, 6))
 - (2020-08-29 22:56:40) ATTACK: [turret] has fired at *no key*/(goldgrub) with [bullet] from Lavaland Wastes (NEWHP: 45)  (Syndicate Lavaland Circuit Lab (216, 32, 6))
 - (2020-08-29 22:56:40) ATTACK: [turret] has fired at *no key*/(goldgrub) with [bullet] from Lavaland Wastes (NEWHP: 45)  (Syndicate Lavaland Arrivals (208, 29, 6))
 - (2020-08-29 22:56:42) ATTACK: [turret] has fired at *no key*/(lava imp) with [bullet] from Lavaland Wastes (NEWHP: 150)  (Syndicate Lavaland Engineering (226, 38, 6))
 - (2020-08-29 22:56:42) ATTACK: [turret] has fired at *no key*/(goldgrub) with [bullet] from Lavaland Wastes (NEWHP: 45)  (Syndicate Lavaland Circuit Lab (216, 32, 6))
 - (2020-08-29 22:56:42) ATTACK: [turret] has fired at *no key*/(goldgrub) with [bullet] from Lavaland Wastes (NEWHP: 45)  (Syndicate Lavaland Arrivals (208, 29, 6))
 - (2020-08-29 22:56:44) ATTACK: [turret] has fired at *no key*/(lava imp) with [bullet] from Lavaland Wastes (NEWHP: 150)  (Syndicate Lavaland Engineering (226, 38, 6))
 - (2020-08-29 22:56:44) ATTACK: [turret] has fired at *no key*/(goldgrub) with [bullet] from Lavaland Wastes (NEWHP: 45)  (Syndicate Lavaland Circuit Lab (216, 32, 6))
 - (2020-08-29 22:56:44) ATTACK: [turret] has fired at *no key*/(goldgrub) with [bullet] from Lavaland Wastes (NEWHP: 45)  (Syndicate Lavaland Arrivals (208, 29, 6))
 - (2020-08-29 22:56:46) ATTACK: [turret] has fired at *no key*/(lava imp) with [bullet] from Lavaland Wastes (NEWHP: 150)  (Syndicate Lavaland Engineering (226, 38, 6))
 - (2020-08-29 22:56:46) ATTACK: [turret] has fired at *no key*/(goldgrub) with [bullet] from Lavaland Wastes (NEWHP: 45)  (Syndicate Lavaland Circuit Lab (216, 32, 6))
 - (2020-08-29 22:56:46) ATTACK: [turret] has fired at *no key*/(goldgrub) with [bullet] from Lavaland Wastes (NEWHP: 45)  (Syndicate Lavaland Arrivals (208, 29, 6))
 - (2020-08-29 22:56:48) ATTACK: [turret] has fired at *no key*/(lava imp) with [bullet] from Lavaland Wastes (NEWHP: 150)  (Syndicate Lavaland Engineering (226, 38, 6))
 - (2020-08-29 22:56:48) ATTACK: [turret] has fired at *no key*/(goldgrub) with [bullet] from Lavaland Wastes (NEWHP: 45)  (Syndicate Lavaland Circuit Lab (216, 32, 6))
 - (2020-08-29 22:56:48) ATTACK: [turret] has fired at *no key*/(goldgrub) with [bullet] from Lavaland Wastes (NEWHP: 45)  (Syndicate Lavaland Arrivals (208, 29, 6))
 - (2020-08-29 22:56:50) ATTACK: [turret] has fired at *no key*/(lava imp) with [bullet] from Lavaland Wastes (NEWHP: 150)  (Syndicate Lavaland Engineering (226, 38, 6))
 - (2020-08-29 22:56:50) ATTACK: [turret] has fired at *no key*/(goldgrub) with [bullet] from Lavaland Wastes (NEWHP: 45)  (Syndicate Lavaland Circuit Lab (216, 32, 6))
 - (2020-08-29 22:56:50) ATTACK: [turret] has fired at *no key*/(goldgrub) with [bullet] from Lavaland Wastes (NEWHP: 45)  (Syndicate Lavaland Arrivals (208, 29, 6))
 - (2020-08-29 22:56:52) ATTACK: [turret] has fired at *no key*/(lava imp) with [bullet] from Lavaland Wastes (NEWHP: 150)  (Syndicate Lavaland Engineering (226, 38, 6))
 - (2020-08-29 22:56:52) ATTACK: [turret] has fired at *no key*/(goldgrub) with [bullet] from Lavaland Wastes (NEWHP: 45)  (Syndicate Lavaland Circuit Lab (216, 32, 6))
 - (2020-08-29 22:56:52) ATTACK: [turret] has fired at *no key*/(goldgrub) with [bullet] from Lavaland Wastes (NEWHP: 45)  (Syndicate Lavaland Arrivals (208, 29, 6))
 - (2020-08-29 22:56:53) ATTACK: *no key*/(Mio Mousavi) has suffered: Second Degree Burns to left leg | Damage: 10.8(rolled 27/27.9765) (Space (97, 34, 4))
 - (2020-08-29 22:56:54) ATTACK: [turret] has fired at *no key*/(lava imp) with [bullet] from Lavaland Wastes (NEWHP: 150)  (Syndicate Lavaland Engineering (226, 38, 6))
 - (2020-08-29 22:56:54) ATTACK: [turret] has fired at *no key*/(goldgrub) with [bullet] from Lavaland Wastes (NEWHP: 45)  (Syndicate Lavaland Circuit Lab (216, 32, 6))
 - (2020-08-29 22:56:54) ATTACK: [turret] has fired at *no key*/(goldgrub) with [bullet] from Lavaland Wastes (NEWHP: 45)  (Syndicate Lavaland Arrivals (208, 29, 6))
 - (2020-08-29 22:56:56) ATTACK: [turret] has fired at *no key*/(lava imp) with [bullet] from Lavaland Wastes (NEWHP: 150)  (Syndicate Lavaland Engineering (226, 38, 6))
 - (2020-08-29 22:56:56) ATTACK: [turret] has fired at *no key*/(goldgrub) with [bullet] from Lavaland Wastes (NEWHP: 45)  (Syndicate Lavaland Circuit Lab (216, 32, 6))
 - (2020-08-29 22:56:56) ATTACK: [turret] has fired at *no key*/(goldgrub) with [bullet] from Lavaland Wastes (NEWHP: 45)  (Syndicate Lavaland Arrivals (208, 29, 6))
 - (2020-08-29 22:56:58) ATTACK: [turret] has fired at *no key*/(lava imp) with [bullet] from Lavaland Wastes (NEWHP: 150)  (Syndicate Lavaland Engineering (226, 38, 6))
 - (2020-08-29 22:56:58) ATTACK: [turret] has fired at *no key*/(goldgrub) with [bullet] from Lavaland Wastes (NEWHP: 45)  (Syndicate Lavaland Circuit Lab (216, 32, 6))
 - (2020-08-29 22:56:58) ATTACK: [turret] has fired at *no key*/(goldgrub) with [bullet] from Lavaland Wastes (NEWHP: 45)  (Syndicate Lavaland Arrivals (208, 29, 6))
 - (2020-08-29 22:57:00) ATTACK: [turret] has fired at *no key*/(lava imp) with [bullet] from Lavaland Wastes (NEWHP: 150)  (Syndicate Lavaland Engineering (226, 38, 6))
 - (2020-08-29 22:57:00) ATTACK: [turret] has fired at *no key*/(goldgrub) with [bullet] from Lavaland Wastes (NEWHP: 45)  (Syndicate Lavaland Circuit Lab (216, 32, 6))
 - (2020-08-29 22:57:00) ATTACK: [turret] has fired at *no key*/(goldgrub) with [bullet] from Lavaland Wastes (NEWHP: 45)  (Syndicate Lavaland Arrivals (208, 29, 6))
 - (2020-08-29 22:57:02) ATTACK: [turret] has fired at *no key*/(lava imp) with [bullet] from Lavaland Wastes (NEWHP: 150)  (Syndicate Lavaland Engineering (226, 38, 6))
 - (2020-08-29 22:57:02) ATTACK: [turret] has fired at *no key*/(goldgrub) with [bullet] from Lavaland Wastes (NEWHP: 45)  (Syndicate Lavaland Circuit Lab (216, 32, 6))
 - (2020-08-29 22:57:02) ATTACK: [turret] has fired at *no key*/(goldgrub) with [bullet] from Lavaland Wastes (NEWHP: 45)  (Syndicate Lavaland Arrivals (208, 29, 6))
 - (2020-08-29 22:57:04) ATTACK: [turret] has fired at *no key*/(lava imp) with [bullet] from Lavaland Wastes (NEWHP: 150)  (Syndicate Lavaland Engineering (226, 38, 6))
 - (2020-08-29 22:57:04) ATTACK: [turret] has fired at *no key*/(goldgrub) with [bullet] from Lavaland Wastes (NEWHP: 45)  (Syndicate Lavaland Circuit Lab (216, 32, 6))
 - (2020-08-29 22:57:04) ATTACK: [turret] has fired at *no key*/(goldgrub) with [bullet] from Lavaland Wastes (NEWHP: 45)  (Syndicate Lavaland Arrivals (208, 29, 6))
 - (2020-08-29 22:57:06) ATTACK: [turret] has fired at *no key*/(lava imp) with [bullet] from Lavaland Wastes (NEWHP: 150)  (Syndicate Lavaland Engineering (226, 38, 6))
 - (2020-08-29 22:57:06) ATTACK: [turret] has fired at *no key*/(goldgrub) with [bullet] from Lavaland Wastes (NEWHP: 45)  (Syndicate Lavaland Circuit Lab (216, 32, 6))
 - (2020-08-29 22:57:06) ATTACK: [turret] has fired at *no key*/(goldgrub) with [bullet] from Lavaland Wastes (NEWHP: 45)  (Syndicate Lavaland Arrivals (208, 29, 6))
 - (2020-08-29 22:57:08) ATTACK: [turret] has fired at *no key*/(lava imp) with [bullet] from Lavaland Wastes (NEWHP: 150)  (Syndicate Lavaland Engineering (226, 38, 6))
 - (2020-08-29 22:57:08) ATTACK: [turret] has fired at *no key*/(goldgrub) with [bullet] from Lavaland Wastes (NEWHP: 45)  (Syndicate Lavaland Circuit Lab (216, 32, 6))
 - (2020-08-29 22:57:08) ATTACK: [turret] has fired at *no key*/(goldgrub) with [bullet] from Lavaland Wastes (NEWHP: 45)  (Syndicate Lavaland Arrivals (208, 29, 6))
 - (2020-08-29 22:57:10) ATTACK: [turret] has fired at *no key*/(lava imp) with [bullet] from Lavaland Wastes (NEWHP: 150)  (Syndicate Lavaland Engineering (226, 38, 6))
