[2020-08-30 01:52:43.928] Starting up round ID .
 - -------------------------
[2020-08-30 01:52:49.593] INIT: Initialized Profiler subsystem within 0 seconds!
[2020-08-30 01:52:49.741] Fail2Topic: Failed to drop firewall rule. Exit code: 1.
[2020-08-30 01:52:49.741] INIT: Initialized Fail2Topic subsystem within 0.2 seconds!
[2020-08-30 01:52:49.742] INIT: Initialized Title Screen subsystem within 0 seconds!
[2020-08-30 01:52:49.742] INIT: Initialized Database subsystem within 0 seconds!
[2020-08-30 01:52:49.743] INIT: Initialized Blackbox subsystem within 0 seconds!
[2020-08-30 01:52:49.743] INIT: Initialized Server Tasks subsystem within 0 seconds!
[2020-08-30 01:52:49.745] INIT: Initialized Input subsystem within 0 seconds!
[2020-08-30 01:52:49.747] INIT: Initialized Sounds subsystem within 0 seconds!
[2020-08-30 01:52:49.747] INIT: Initialized Vis contents overlays subsystem within 0 seconds!
[2020-08-30 01:52:49.804] INIT: Initialized Research subsystem within 0.1 seconds!
[2020-08-30 01:52:49.808] INIT: Initialized Events subsystem within 0 seconds!
[2020-08-30 01:52:49.812] INIT: Initialized Jobs subsystem within 0 seconds!
[2020-08-30 01:52:49.817] INIT: Initialized Quirks subsystem within 0 seconds!
[2020-08-30 01:52:49.823] INIT: Initialized Ticker subsystem within 0 seconds!
[2020-08-30 01:52:49.836] INIT: Initialized Instruments subsystem within 0 seconds!
[2020-08-30 01:53:09.762] INIT: Initialized Mapping subsystem within 19.9 seconds!
[2020-08-30 01:53:09.777] INIT: Initialized Economy subsystem within 0 seconds!
[2020-08-30 01:53:09.778] INIT: Initialized Networks subsystem within 0 seconds!
[2020-08-30 01:53:09.778] INIT: Initialized Holodeck subsystem within 0 seconds!
[2020-08-30 01:53:44.166] INIT: Initialized Atoms subsystem within 34.4 seconds!
[2020-08-30 01:53:44.201] INIT: Initialized Language subsystem within 0.1 seconds!
[2020-08-30 01:53:44.374] INIT: Initialized Machines subsystem within 0.1 seconds!
[2020-08-30 01:53:44.410] INIT: Initialized Circuit subsystem within 0.1 seconds!
[2020-08-30 01:53:45.771] INIT: Initialized Atmos Adjacency subsystem within 1.3 seconds!
[2020-08-30 01:53:45.771] INIT: Initialized Autotransfer Vote subsystem within 0 seconds!
[2020-08-30 01:53:45.771] INIT: Initialized Chemistry subsystem within 0 seconds!
[2020-08-30 01:53:45.771] INIT: Initialized Status Effects subsystem within 0 seconds!
[2020-08-30 01:53:45.773] INIT: Initialized Weather subsystem within 0 seconds!
[2020-08-30 01:53:45.776] INIT: Initialized Disease subsystem within 0 seconds!
[2020-08-30 01:53:45.776] INIT: Initialized Jukeboxes subsystem within 0 seconds!
[2020-08-30 01:53:45.776] INIT: Initialized Medals subsystem within 0 seconds!
[2020-08-30 01:53:46.031] INIT: Initialized Minimaps subsystem within 0.3 seconds!
[2020-08-30 01:53:46.083] INIT: Initialized Night Shift subsystem within 0 seconds!
[2020-08-30 01:53:46.083] INIT: Initialized Parallax subsystem within 0 seconds!
[2020-08-30 01:53:46.083] INIT: Initialized Sun subsystem within 0 seconds!
[2020-08-30 01:53:46.300] INIT: Initialized Traumas subsystem within 0.3 seconds!
[2020-08-30 01:53:46.337] INIT: Initialized Bluespace Locker subsystem within 0 seconds!
[2020-08-30 01:53:46.398] INIT: Initialized Pacification Bans subsystem within 0 seconds!
[2020-08-30 01:53:46.398] INIT: Initialized Logging subsystem within 0 seconds!
[2020-08-30 01:53:46.399] INIT: Initialized Recycling subsystem within 0 seconds!
[2020-08-30 01:53:52.629] INIT: Initialized Atmospherics subsystem within 6.3 seconds!
[2020-08-30 01:53:52.630] INIT: Initialized Atmospherics - Turfs subsystem within 0 seconds!
[2020-08-30 01:53:55.886] INIT: Initialized Assets subsystem within 3.2 seconds!
[2020-08-30 01:54:02.593] INIT: Initialized Icon Smoothing subsystem within 6.6 seconds!
[2020-08-30 01:54:03.959] INIT: Initialized Overlay subsystem within 1.4 seconds!
[2020-08-30 01:54:03.959] INIT: Initialized XKeyScore subsystem within 0 seconds!
[2020-08-30 01:54:03.960] INIT: Initialized Sticky Ban subsystem within 0 seconds!
[2020-08-30 01:54:12.339] INIT: Initialized Lighting subsystem within 8.4 seconds!
[2020-08-30 01:54:16.158] INIT: Initialized Shuttle subsystem within 3.8 seconds!
[2020-08-30 01:54:16.205] INIT: Initialized Minor Mapping subsystem within 0.1 seconds!
[2020-08-30 01:54:16.206] INIT: Initialized Pathfinder subsystem within 0 seconds!
[2020-08-30 01:54:16.238] INIT: Initialized Persistence subsystem within 0 seconds!
[2020-08-30 01:54:16.238] INIT: Initialized Chat subsystem within 0 seconds!
