[2020-09-10 02:17:51.922] Starting up round ID .
 - -------------------------
[2020-09-10 02:17:58.316] INIT: Initialized Profiler subsystem within 0 seconds!
[2020-09-10 02:17:58.465] Fail2Topic: Failed to drop firewall rule. Exit code: 1.
[2020-09-10 02:17:58.466] INIT: Initialized Fail2Topic subsystem within 0.1 seconds!
[2020-09-10 02:17:58.468] INIT: Initialized Title Screen subsystem within 0 seconds!
[2020-09-10 02:17:58.468] INIT: Initialized Database subsystem within 0 seconds!
[2020-09-10 02:17:58.469] INIT: Initialized Blackbox subsystem within 0 seconds!
[2020-09-10 02:17:58.469] INIT: Initialized Server Tasks subsystem within 0 seconds!
[2020-09-10 02:17:58.472] INIT: Initialized Input subsystem within 0 seconds!
[2020-09-10 02:17:58.473] INIT: Initialized Sounds subsystem within 0 seconds!
[2020-09-10 02:17:58.473] INIT: Initialized Vis contents overlays subsystem within 0 seconds!
[2020-09-10 02:17:58.535] INIT: Initialized Research subsystem within 0.1 seconds!
[2020-09-10 02:17:58.538] INIT: Initialized Events subsystem within 0 seconds!
[2020-09-10 02:17:58.543] INIT: Initialized Jobs subsystem within 0 seconds!
[2020-09-10 02:17:58.548] INIT: Initialized Quirks subsystem within 0 seconds!
[2020-09-10 02:17:58.554] INIT: Initialized Ticker subsystem within 0 seconds!
[2020-09-10 02:17:58.566] INIT: Initialized Instruments subsystem within 0 seconds!
[2020-09-10 02:18:17.110] INIT: Initialized Mapping subsystem within 18.6 seconds!
[2020-09-10 02:18:17.123] INIT: Initialized Economy subsystem within 0 seconds!
[2020-09-10 02:18:17.124] INIT: Initialized Networks subsystem within 0 seconds!
[2020-09-10 02:18:17.124] INIT: Initialized Holodeck subsystem within 0 seconds!
