[2020-09-24 00:51:06.853] Starting up round ID .
 - -------------------------
[2020-09-24 00:51:12.646] INIT: Initialized Profiler subsystem within 0 seconds!
[2020-09-24 00:51:12.845] Fail2Topic: Failed to drop firewall rule. Exit code: 1.
[2020-09-24 00:51:12.845] INIT: Initialized Fail2Topic subsystem within 0.2 seconds!
[2020-09-24 00:51:12.847] INIT: Initialized Title Screen subsystem within 0 seconds!
[2020-09-24 00:51:12.847] INIT: Initialized Database subsystem within 0 seconds!
[2020-09-24 00:51:12.847] INIT: Initialized Blackbox subsystem within 0 seconds!
[2020-09-24 00:51:12.847] INIT: Initialized Server Tasks subsystem within 0 seconds!
[2020-09-24 00:51:12.848] INIT: Initialized Input subsystem within 0 seconds!
[2020-09-24 00:51:12.850] INIT: Initialized Sounds subsystem within 0 seconds!
[2020-09-24 00:51:12.851] INIT: Initialized Vis contents overlays subsystem within 0 seconds!
[2020-09-24 00:51:12.920] INIT: Initialized Research subsystem within 0.1 seconds!
[2020-09-24 00:51:12.923] INIT: Initialized Events subsystem within 0 seconds!
[2020-09-24 00:51:12.928] INIT: Initialized Jobs subsystem within 0 seconds!
[2020-09-24 00:51:12.933] INIT: Initialized Quirks subsystem within 0 seconds!
[2020-09-24 00:51:12.939] INIT: Initialized Ticker subsystem within 0 seconds!
[2020-09-24 00:51:12.953] INIT: Initialized Instruments subsystem within 0 seconds!
[2020-09-24 00:51:30.080] INIT: Initialized Mapping subsystem within 17.1 seconds!
[2020-09-24 00:51:30.091] INIT: Initialized Economy subsystem within 0 seconds!
[2020-09-24 00:51:30.092] INIT: Initialized Networks subsystem within 0 seconds!
[2020-09-24 00:51:30.092] INIT: Initialized Holodeck subsystem within 0 seconds!
[2020-09-24 00:52:03.463] INIT: Initialized Atoms subsystem within 33.3 seconds!
[2020-09-24 00:52:03.493] INIT: Initialized Language subsystem within 0 seconds!
[2020-09-24 00:52:03.639] INIT: Initialized Machines subsystem within 0.2 seconds!
[2020-09-24 00:52:03.686] INIT: Initialized Circuit subsystem within 0 seconds!
[2020-09-24 00:52:05.133] INIT: Initialized Atmos Adjacency subsystem within 1.5 seconds!
[2020-09-24 00:52:05.133] INIT: Initialized Autotransfer Vote subsystem within 0 seconds!
[2020-09-24 00:52:05.133] INIT: Initialized Chemistry subsystem within 0 seconds!
[2020-09-24 00:52:05.133] INIT: Initialized Status Effects subsystem within 0 seconds!
[2020-09-24 00:52:05.134] INIT: Initialized Weather subsystem within 0 seconds!
[2020-09-24 00:52:05.138] INIT: Initialized Disease subsystem within 0 seconds!
[2020-09-24 00:52:05.138] INIT: Initialized Jukeboxes subsystem within 0 seconds!
[2020-09-24 00:52:05.138] INIT: Initialized Medals subsystem within 0 seconds!
[2020-09-24 00:52:05.515] INIT: Initialized Minimaps subsystem within 0.4 seconds!
[2020-09-24 00:52:05.580] INIT: Initialized Night Shift subsystem within 0 seconds!
[2020-09-24 00:52:05.580] INIT: Initialized Parallax subsystem within 0 seconds!
[2020-09-24 00:52:05.580] INIT: Initialized Sun subsystem within 0 seconds!
[2020-09-24 00:52:05.916] INIT: Initialized Traumas subsystem within 0.4 seconds!
[2020-09-24 00:52:05.990] INIT: Initialized Bluespace Locker subsystem within 0 seconds!
[2020-09-24 00:52:05.991] INIT: Initialized Pacification Bans subsystem within 0 seconds!
[2020-09-24 00:52:05.991] INIT: Initialized Logging subsystem within 0 seconds!
[2020-09-24 00:52:05.991] INIT: Initialized Recycling subsystem within 0 seconds!
[2020-09-24 00:52:12.668] INIT: Initialized Atmospherics subsystem within 6.7 seconds!
[2020-09-24 00:52:12.668] INIT: Initialized Atmospherics - Turfs subsystem within 0 seconds!
[2020-09-24 00:52:15.780] INIT: Initialized Assets subsystem within 3.1 seconds!
[2020-09-24 00:52:22.807] INIT: Initialized Icon Smoothing subsystem within 7 seconds!
[2020-09-24 00:52:24.088] INIT: Initialized Overlay subsystem within 1.2 seconds!
[2020-09-24 00:52:24.088] INIT: Initialized XKeyScore subsystem within 0 seconds!
[2020-09-24 00:52:24.088] INIT: Initialized Sticky Ban subsystem within 0 seconds!
