[2020-09-25 02:18:41.121] Starting up round ID .
 - -------------------------
[2020-09-25 02:18:46.809] INIT: Initialized Profiler subsystem within 0 seconds!
[2020-09-25 02:18:46.959] Fail2Topic: Failed to drop firewall rule. Exit code: 1.
[2020-09-25 02:18:46.960] INIT: Initialized Fail2Topic subsystem within 0.1 seconds!
[2020-09-25 02:18:46.961] INIT: Initialized Title Screen subsystem within 0 seconds!
[2020-09-25 02:18:46.962] INIT: Initialized Database subsystem within 0 seconds!
[2020-09-25 02:18:46.962] INIT: Initialized Blackbox subsystem within 0 seconds!
[2020-09-25 02:18:46.963] INIT: Initialized Server Tasks subsystem within 0 seconds!
[2020-09-25 02:18:46.964] INIT: Initialized Input subsystem within 0 seconds!
[2020-09-25 02:18:46.966] INIT: Initialized Sounds subsystem within 0 seconds!
[2020-09-25 02:18:46.966] INIT: Initialized Vis contents overlays subsystem within 0 seconds!
[2020-09-25 02:18:47.031] INIT: Initialized Research subsystem within 0.1 seconds!
[2020-09-25 02:18:47.035] INIT: Initialized Events subsystem within 0 seconds!
[2020-09-25 02:18:47.039] INIT: Initialized Jobs subsystem within 0 seconds!
[2020-09-25 02:18:47.045] INIT: Initialized Quirks subsystem within 0 seconds!
[2020-09-25 02:18:47.051] INIT: Initialized Ticker subsystem within 0 seconds!
[2020-09-25 02:18:47.065] INIT: Initialized Instruments subsystem within 0 seconds!
[2020-09-25 02:19:04.612] INIT: Initialized Mapping subsystem within 17.6 seconds!
[2020-09-25 02:19:04.622] INIT: Initialized Economy subsystem within 0 seconds!
[2020-09-25 02:19:04.623] INIT: Initialized Networks subsystem within 0 seconds!
[2020-09-25 02:19:04.623] INIT: Initialized Holodeck subsystem within 0 seconds!
[2020-09-25 02:19:42.732] INIT: Initialized Atoms subsystem within 38.1 seconds!
[2020-09-25 02:19:42.759] INIT: Initialized Language subsystem within 0 seconds!
[2020-09-25 02:19:42.923] INIT: Initialized Machines subsystem within 0.2 seconds!
[2020-09-25 02:19:42.974] INIT: Initialized Circuit subsystem within 0 seconds!
[2020-09-25 02:19:44.399] INIT: Initialized Atmos Adjacency subsystem within 1.4 seconds!
[2020-09-25 02:19:44.400] INIT: Initialized Autotransfer Vote subsystem within 0 seconds!
[2020-09-25 02:19:44.400] INIT: Initialized Chemistry subsystem within 0 seconds!
[2020-09-25 02:19:44.400] INIT: Initialized Status Effects subsystem within 0 seconds!
[2020-09-25 02:19:44.401] INIT: Initialized Weather subsystem within 0 seconds!
[2020-09-25 02:19:44.405] INIT: Initialized Disease subsystem within 0 seconds!
[2020-09-25 02:19:44.406] INIT: Initialized Jukeboxes subsystem within 0 seconds!
[2020-09-25 02:19:44.406] INIT: Initialized Medals subsystem within 0 seconds!
[2020-09-25 02:19:44.696] INIT: Initialized Minimaps subsystem within 0.2 seconds!
[2020-09-25 02:19:44.759] INIT: Initialized Night Shift subsystem within 0 seconds!
[2020-09-25 02:19:44.759] INIT: Initialized Parallax subsystem within 0 seconds!
[2020-09-25 02:19:44.759] INIT: Initialized Sun subsystem within 0 seconds!
[2020-09-25 02:19:45.021] INIT: Initialized Traumas subsystem within 0.3 seconds!
[2020-09-25 02:19:45.102] INIT: Initialized Bluespace Locker subsystem within 0.1 seconds!
[2020-09-25 02:19:45.102] INIT: Initialized Pacification Bans subsystem within 0 seconds!
[2020-09-25 02:19:45.102] INIT: Initialized Logging subsystem within 0 seconds!
[2020-09-25 02:19:45.102] INIT: Initialized Recycling subsystem within 0 seconds!
[2020-09-25 02:19:52.444] INIT: Initialized Atmospherics subsystem within 7.3 seconds!
[2020-09-25 02:19:52.444] INIT: Initialized Atmospherics - Turfs subsystem within 0 seconds!
[2020-09-25 02:19:55.953] INIT: Initialized Assets subsystem within 3.5 seconds!
[2020-09-25 02:20:03.106] INIT: Initialized Icon Smoothing subsystem within 7.2 seconds!
[2020-09-25 02:20:04.456] INIT: Initialized Overlay subsystem within 1.3 seconds!
[2020-09-25 02:20:04.457] INIT: Initialized XKeyScore subsystem within 0 seconds!
[2020-09-25 02:20:04.457] INIT: Initialized Sticky Ban subsystem within 0 seconds!
[2020-09-25 02:20:13.352] INIT: Initialized Lighting subsystem within 8.9 seconds!
[2020-09-25 02:20:17.551] INIT: Initialized Shuttle subsystem within 4.2 seconds!
[2020-09-25 02:20:17.589] INIT: Initialized Minor Mapping subsystem within 0 seconds!
[2020-09-25 02:20:17.590] INIT: Initialized Pathfinder subsystem within 0 seconds!
[2020-09-25 02:20:17.623] INIT: Initialized Persistence subsystem within 0.1 seconds!
[2020-09-25 02:20:17.623] INIT: Initialized Chat subsystem within 0 seconds!
