[2020-09-01 23:01:58.433] Starting up round ID .
 - -------------------------
[2020-09-01 23:02:06.321] INIT: Initialized Profiler subsystem within 0 seconds!
[2020-09-01 23:02:06.620] Fail2Topic: Failed to drop firewall rule. Exit code: 1.
[2020-09-01 23:02:06.620] INIT: Initialized Fail2Topic subsystem within 0.3 seconds!
[2020-09-01 23:02:06.624] INIT: Initialized Title Screen subsystem within 0 seconds!
[2020-09-01 23:02:06.625] INIT: Initialized Database subsystem within 0 seconds!
[2020-09-01 23:02:06.625] INIT: Initialized Blackbox subsystem within 0 seconds!
[2020-09-01 23:02:06.626] INIT: Initialized Server Tasks subsystem within 0 seconds!
[2020-09-01 23:02:06.627] INIT: Initialized Input subsystem within 0 seconds!
[2020-09-01 23:02:06.629] INIT: Initialized Sounds subsystem within 0 seconds!
[2020-09-01 23:02:06.629] INIT: Initialized Vis contents overlays subsystem within 0 seconds!
[2020-09-01 23:02:06.700] INIT: Initialized Research subsystem within 0.1 seconds!
[2020-09-01 23:02:06.703] INIT: Initialized Events subsystem within 0 seconds!
[2020-09-01 23:02:06.708] INIT: Initialized Jobs subsystem within 0 seconds!
[2020-09-01 23:02:06.714] INIT: Initialized Quirks subsystem within 0 seconds!
[2020-09-01 23:02:06.728] INIT: Initialized Ticker subsystem within 0 seconds!
[2020-09-01 23:02:06.742] INIT: Initialized Instruments subsystem within 0 seconds!
[2020-09-01 23:02:27.361] INIT: Initialized Mapping subsystem within 20.6 seconds!
[2020-09-01 23:02:27.426] INIT: Initialized Economy subsystem within 0 seconds!
[2020-09-01 23:02:27.427] INIT: Initialized Networks subsystem within 0 seconds!
[2020-09-01 23:02:27.427] INIT: Initialized Holodeck subsystem within 0 seconds!
[2020-09-01 23:03:01.910] INIT: Initialized Atoms subsystem within 34.5 seconds!
[2020-09-01 23:03:01.942] INIT: Initialized Language subsystem within 0 seconds!
[2020-09-01 23:03:02.096] INIT: Initialized Machines subsystem within 0.1 seconds!
[2020-09-01 23:03:02.136] INIT: Initialized Circuit subsystem within 0.1 seconds!
[2020-09-01 23:03:03.673] INIT: Initialized Atmos Adjacency subsystem within 1.5 seconds!
[2020-09-01 23:03:03.673] INIT: Initialized Autotransfer Vote subsystem within 0 seconds!
[2020-09-01 23:03:03.673] INIT: Initialized Chemistry subsystem within 0 seconds!
[2020-09-01 23:03:03.674] INIT: Initialized Status Effects subsystem within 0 seconds!
[2020-09-01 23:03:03.675] INIT: Initialized Weather subsystem within 0 seconds!
[2020-09-01 23:03:03.680] INIT: Initialized Disease subsystem within 0 seconds!
[2020-09-01 23:03:03.680] INIT: Initialized Jukeboxes subsystem within 0 seconds!
[2020-09-01 23:03:03.680] INIT: Initialized Medals subsystem within 0 seconds!
[2020-09-01 23:03:04.118] INIT: Initialized Minimaps subsystem within 0.5 seconds!
[2020-09-01 23:03:04.230] INIT: Initialized Night Shift subsystem within 0 seconds!
[2020-09-01 23:03:04.231] INIT: Initialized Parallax subsystem within 0 seconds!
[2020-09-01 23:03:04.231] INIT: Initialized Sun subsystem within 0 seconds!
[2020-09-01 23:03:04.646] INIT: Initialized Traumas subsystem within 0.4 seconds!
[2020-09-01 23:03:04.781] INIT: Initialized Bluespace Locker subsystem within 0 seconds!
[2020-09-01 23:03:04.781] INIT: Initialized Pacification Bans subsystem within 0 seconds!
[2020-09-01 23:03:04.781] INIT: Initialized Logging subsystem within 0 seconds!
[2020-09-01 23:03:04.781] INIT: Initialized Recycling subsystem within 0 seconds!
[2020-09-01 23:03:11.990] INIT: Initialized Atmospherics subsystem within 7.2 seconds!
[2020-09-01 23:03:11.990] INIT: Initialized Atmospherics - Turfs subsystem within 0 seconds!
[2020-09-01 23:03:15.256] INIT: Initialized Assets subsystem within 3.3 seconds!
[2020-09-01 23:03:21.663] INIT: Initialized Icon Smoothing subsystem within 6.4 seconds!
[2020-09-01 23:03:22.959] INIT: Initialized Overlay subsystem within 1.3 seconds!
[2020-09-01 23:03:22.959] INIT: Initialized XKeyScore subsystem within 0 seconds!
[2020-09-01 23:03:22.960] INIT: Initialized Sticky Ban subsystem within 0 seconds!
[2020-09-01 23:03:31.658] INIT: Initialized Lighting subsystem within 8.7 seconds!
[2020-09-01 23:03:36.497] INIT: Initialized Shuttle subsystem within 4.8 seconds!
[2020-09-01 23:03:36.537] INIT: Initialized Minor Mapping subsystem within 0.1 seconds!
[2020-09-01 23:03:36.538] INIT: Initialized Pathfinder subsystem within 0 seconds!
[2020-09-01 23:03:36.570] INIT: Initialized Persistence subsystem within 0 seconds!
[2020-09-01 23:03:36.570] INIT: Initialized Chat subsystem within 0 seconds!
