[2020-09-11 23:43:27.690] Starting up round ID .
 - -------------------------
[2020-09-11 23:43:33.075] INIT: Initialized Profiler subsystem within 0 seconds!
[2020-09-11 23:43:33.273] Fail2Topic: Failed to drop firewall rule. Exit code: 1.
[2020-09-11 23:43:33.273] INIT: Initialized Fail2Topic subsystem within 0.2 seconds!
[2020-09-11 23:43:33.274] INIT: Initialized Title Screen subsystem within 0 seconds!
[2020-09-11 23:43:33.275] INIT: Initialized Database subsystem within 0 seconds!
[2020-09-11 23:43:33.275] INIT: Initialized Blackbox subsystem within 0 seconds!
[2020-09-11 23:43:33.275] INIT: Initialized Server Tasks subsystem within 0 seconds!
[2020-09-11 23:43:33.277] INIT: Initialized Input subsystem within 0 seconds!
[2020-09-11 23:43:33.279] INIT: Initialized Sounds subsystem within 0 seconds!
[2020-09-11 23:43:33.279] INIT: Initialized Vis contents overlays subsystem within 0 seconds!
[2020-09-11 23:43:33.340] INIT: Initialized Research subsystem within 0.1 seconds!
[2020-09-11 23:43:33.343] INIT: Initialized Events subsystem within 0 seconds!
[2020-09-11 23:43:33.347] INIT: Initialized Jobs subsystem within 0 seconds!
[2020-09-11 23:43:33.352] INIT: Initialized Quirks subsystem within 0 seconds!
[2020-09-11 23:43:33.358] INIT: Initialized Ticker subsystem within 0 seconds!
[2020-09-11 23:43:33.371] INIT: Initialized Instruments subsystem within 0 seconds!
[2020-09-11 23:43:50.614] INIT: Initialized Mapping subsystem within 17.3 seconds!
[2020-09-11 23:43:50.624] INIT: Initialized Economy subsystem within 0 seconds!
[2020-09-11 23:43:50.625] INIT: Initialized Networks subsystem within 0 seconds!
[2020-09-11 23:43:50.625] INIT: Initialized Holodeck subsystem within 0 seconds!
[2020-09-11 23:44:24.081] INIT: Initialized Atoms subsystem within 33.4 seconds!
[2020-09-11 23:44:24.111] INIT: Initialized Language subsystem within 0.1 seconds!
[2020-09-11 23:44:24.277] INIT: Initialized Machines subsystem within 0.1 seconds!
[2020-09-11 23:44:24.326] INIT: Initialized Circuit subsystem within 0.1 seconds!
[2020-09-11 23:44:25.699] INIT: Initialized Atmos Adjacency subsystem within 1.3 seconds!
[2020-09-11 23:44:25.699] INIT: Initialized Autotransfer Vote subsystem within 0 seconds!
[2020-09-11 23:44:25.700] INIT: Initialized Chemistry subsystem within 0 seconds!
[2020-09-11 23:44:25.700] INIT: Initialized Status Effects subsystem within 0 seconds!
[2020-09-11 23:44:25.701] INIT: Initialized Weather subsystem within 0 seconds!
[2020-09-11 23:44:25.705] INIT: Initialized Disease subsystem within 0 seconds!
[2020-09-11 23:44:25.706] INIT: Initialized Jukeboxes subsystem within 0 seconds!
[2020-09-11 23:44:25.706] INIT: Initialized Medals subsystem within 0 seconds!
[2020-09-11 23:44:25.958] INIT: Initialized Minimaps subsystem within 0.2 seconds!
[2020-09-11 23:44:26.016] INIT: Initialized Night Shift subsystem within 0 seconds!
[2020-09-11 23:44:26.016] INIT: Initialized Parallax subsystem within 0 seconds!
[2020-09-11 23:44:26.016] INIT: Initialized Sun subsystem within 0 seconds!
[2020-09-11 23:44:26.256] INIT: Initialized Traumas subsystem within 0.2 seconds!
[2020-09-11 23:44:26.300] INIT: Initialized Bluespace Locker subsystem within 0.1 seconds!
[2020-09-11 23:44:26.336] INIT: Initialized Pacification Bans subsystem within 0 seconds!
[2020-09-11 23:44:26.336] INIT: Initialized Logging subsystem within 0 seconds!
[2020-09-11 23:44:26.336] INIT: Initialized Recycling subsystem within 0 seconds!
[2020-09-11 23:44:33.029] INIT: Initialized Atmospherics subsystem within 6.7 seconds!
[2020-09-11 23:44:33.030] INIT: Initialized Atmospherics - Turfs subsystem within 0 seconds!
[2020-09-11 23:44:36.307] INIT: Initialized Assets subsystem within 3.3 seconds!
[2020-09-11 23:44:42.487] INIT: Initialized Icon Smoothing subsystem within 6.1 seconds!
[2020-09-11 23:44:43.733] INIT: Initialized Overlay subsystem within 1.3 seconds!
[2020-09-11 23:44:43.734] INIT: Initialized XKeyScore subsystem within 0 seconds!
[2020-09-11 23:44:43.734] INIT: Initialized Sticky Ban subsystem within 0 seconds!
[2020-09-11 23:44:52.229] INIT: Initialized Lighting subsystem within 8.5 seconds!
[2020-09-11 23:44:56.590] INIT: Initialized Shuttle subsystem within 4.3 seconds!
[2020-09-11 23:44:56.629] INIT: Initialized Minor Mapping subsystem within 0.1 seconds!
[2020-09-11 23:44:56.630] INIT: Initialized Pathfinder subsystem within 0 seconds!
[2020-09-11 23:44:56.660] INIT: Initialized Persistence subsystem within 0 seconds!
[2020-09-11 23:44:56.661] INIT: Initialized Chat subsystem within 0 seconds!
