[2020-09-29 22:57:41.097] Starting up round ID .
 - -------------------------
[2020-09-29 22:57:47.290] INIT: Initialized Profiler subsystem within 0 seconds!
[2020-09-29 22:57:47.590] Fail2Topic: Failed to drop firewall rule. Exit code: 1.
[2020-09-29 22:57:47.591] INIT: Initialized Fail2Topic subsystem within 0.3 seconds!
[2020-09-29 22:57:47.599] INIT: Initialized Title Screen subsystem within 0 seconds!
[2020-09-29 22:57:47.599] INIT: Initialized Database subsystem within 0 seconds!
[2020-09-29 22:57:47.600] INIT: Initialized Blackbox subsystem within 0 seconds!
[2020-09-29 22:57:47.600] INIT: Initialized Server Tasks subsystem within 0 seconds!
[2020-09-29 22:57:47.601] INIT: Initialized Input subsystem within 0 seconds!
[2020-09-29 22:57:47.603] INIT: Initialized Sounds subsystem within 0 seconds!
[2020-09-29 22:57:47.603] INIT: Initialized Vis contents overlays subsystem within 0 seconds!
[2020-09-29 22:57:47.663] INIT: Initialized Research subsystem within 0 seconds!
[2020-09-29 22:57:47.668] INIT: Initialized Events subsystem within 0 seconds!
[2020-09-29 22:57:47.675] INIT: Initialized Jobs subsystem within 0 seconds!
[2020-09-29 22:57:47.682] INIT: Initialized Quirks subsystem within 0 seconds!
[2020-09-29 22:57:47.701] INIT: Initialized Ticker subsystem within 0.1 seconds!
[2020-09-29 22:57:47.714] INIT: Initialized Instruments subsystem within 0 seconds!
[2020-09-29 22:58:10.185] INIT: Initialized Mapping subsystem within 22.4 seconds!
[2020-09-29 22:58:10.203] INIT: Initialized Economy subsystem within 0 seconds!
[2020-09-29 22:58:10.204] INIT: Initialized Networks subsystem within 0 seconds!
[2020-09-29 22:58:10.204] INIT: Initialized Holodeck subsystem within 0 seconds!
[2020-09-29 22:58:53.556] INIT: Initialized Atoms subsystem within 43.3 seconds!
[2020-09-29 22:58:53.593] INIT: Initialized Language subsystem within 0 seconds!
[2020-09-29 22:58:53.979] INIT: Initialized Machines subsystem within 0.4 seconds!
[2020-09-29 22:58:54.066] INIT: Initialized Circuit subsystem within 0.1 seconds!
[2020-09-29 22:58:55.776] INIT: Initialized Atmos Adjacency subsystem within 1.7 seconds!
[2020-09-29 22:58:55.776] INIT: Initialized Autotransfer Vote subsystem within 0 seconds!
[2020-09-29 22:58:55.776] INIT: Initialized Chemistry subsystem within 0 seconds!
[2020-09-29 22:58:55.777] INIT: Initialized Status Effects subsystem within 0 seconds!
[2020-09-29 22:58:55.778] INIT: Initialized Weather subsystem within 0 seconds!
[2020-09-29 22:58:55.781] INIT: Initialized Disease subsystem within 0 seconds!
[2020-09-29 22:58:55.782] INIT: Initialized Jukeboxes subsystem within 0 seconds!
[2020-09-29 22:58:55.782] INIT: Initialized Medals subsystem within 0 seconds!
[2020-09-29 22:58:56.128] INIT: Initialized Minimaps subsystem within 0.4 seconds!
[2020-09-29 22:58:56.227] INIT: Initialized Night Shift subsystem within 0 seconds!
[2020-09-29 22:58:56.227] INIT: Initialized Parallax subsystem within 0 seconds!
[2020-09-29 22:58:56.227] INIT: Initialized Sun subsystem within 0 seconds!
[2020-09-29 22:58:56.629] INIT: Initialized Traumas subsystem within 0.4 seconds!
[2020-09-29 22:58:56.746] INIT: Initialized Bluespace Locker subsystem within 0.1 seconds!
[2020-09-29 22:58:56.746] INIT: Initialized Pacification Bans subsystem within 0 seconds!
[2020-09-29 22:58:56.746] INIT: Initialized Logging subsystem within 0 seconds!
[2020-09-29 22:58:56.746] INIT: Initialized Recycling subsystem within 0 seconds!
[2020-09-29 22:59:05.330] INIT: Initialized Atmospherics subsystem within 8.6 seconds!
[2020-09-29 22:59:05.330] INIT: Initialized Atmospherics - Turfs subsystem within 0 seconds!
[2020-09-29 22:59:09.678] INIT: Initialized Assets subsystem within 4.3 seconds!
