[2020-08-26 14:54:52.496] Starting up round ID .
 - -------------------------
[2020-08-26 15:07:49.703] Logs from logging subsystem:
 - (2020-08-26 11:57:49) ATTACK: [turret] has fired at *no key*/(shambling miner) with [bullet] from Lavaland Wastes (NEWHP: 200)  (Syndicate Lavaland Experimentation Lab (34, 205, 6))
 - (2020-08-26 11:57:50) ATTACK: [turret] has fired at *no key*/(shambling miner) with [bullet] from Lavaland Wastes (NEWHP: 200)  (Syndicate Lavaland Experimentation Lab (34, 205, 6))
 - (2020-08-26 11:57:53) ATTACK: [turret] has fired at *no key*/(shambling miner) with [bullet] from Lavaland Wastes (NEWHP: 200)  (Syndicate Lavaland Experimentation Lab (34, 205, 6))
 - (2020-08-26 11:57:53) ATTACK: *no key*/(shambling miner) has been shot by the turret with the bullet (Lavaland Wastes (39, 209, 6))
 - (2020-08-26 11:57:53) ATTACK: *no key*/(shambling miner) has been shot by the turret with the bullet (Lavaland Wastes (39, 209, 6))
 - (2020-08-26 11:57:55) ATTACK: [turret] has fired at *no key*/(shambling miner) with [bullet] from Lavaland Wastes (NEWHP: 80)  (Syndicate Lavaland Experimentation Lab (34, 205, 6))
 - (2020-08-26 11:57:55) ATTACK: *no key*/(shambling miner) has been shot by the turret with the bullet (Lavaland Wastes (35, 206, 6))
 - (2020-08-26 11:57:57) ATTACK: [turret] has fired at *no key*/(shambling miner) with [bullet] from Lavaland Wastes (NEWHP: 20)  (Syndicate Lavaland Experimentation Lab (34, 205, 6))
 - (2020-08-26 11:57:57) ATTACK: *no key*/(shambling miner) has been shot by the turret with the bullet (Lavaland Wastes (35, 206, 6))
 - (2020-08-26 11:59:55) ATTACK: *no key*/(Skarf Crivelli) has suffered: Second Degree Burns to right hand | Damage: 10.8(rolled 27/27.9765) (Small Freighter (117, 188, 8))
 - (2020-08-26 11:59:59) ATTACK: Bob Joga/(Cockmistress) has attacked Bob Joga/(Cockmistress) with telescopic baton[DC] (INTENT: HARM) (DAMTYPE: BRUTE) (NEWHP: 90)  (Starboard Primary Hallway (138, 128, 2))
 - (2020-08-26 12:00:00) ATTACK: Bob Joga/(Cockmistress) has attacked Bob Joga/(Cockmistress) with telescopic baton[DC] (INTENT: HARM) (DAMTYPE: BRUTE) (NEWHP: 80)  (Starboard Primary Hallway (138, 128, 2))
 - (2020-08-26 12:00:01) ATTACK: Bob Joga/(Cockmistress) has suffered: Joint Dislocation to right hand | Damage: 10(rolled 22/25.1189) | WB: 15 | BWB: 5 (Starboard Primary Hallway (138, 128, 2))
 - (2020-08-26 12:00:01) ATTACK: Bob Joga/(Cockmistress) has attacked Bob Joga/(Cockmistress) with telescopic baton[DC] (INTENT: HARM) (DAMTYPE: BRUTE) (NEWHP: 70)  (Starboard Primary Hallway (138, 128, 2))
 - (2020-08-26 12:00:17) ATTACK: *no key*/(Deandre Rasulov) has suffered: Second Degree Burns to right arm | Damage: 10.8(rolled 27/27.9765) (Tiny Freighter (180, 185, 8))
 - (2020-08-26 12:00:33) ATTACK: Bob Joga/(Cockmistress) has suffered: Joint Dislocation to left hand | Damage: 10(rolled 19/25.1189) | WB: 15 | BWB: 5 (Medbay Lobby (135, 126, 2))
 - (2020-08-26 12:00:33) ATTACK: Bob Joga/(Cockmistress) has attacked Bob Joga/(Cockmistress) with telescopic baton[DC] (INTENT: HARM) (DAMTYPE: BRUTE) (NEWHP: 61.75)  (Medbay Lobby (135, 126, 2))
 - (2020-08-26 12:01:15) ATTACK: *no key*/(Deandre Rasulov) has suffered: Second Degree Burns to chest | Damage: 10.8(rolled 26/27.9765) (Tiny Freighter (180, 185, 8))
 - (2020-08-26 12:01:17) ATTACK: *no key*/(Deandre Rasulov) has suffered: Second Degree Burns to left leg | Damage: 10.8(rolled 26/27.9765) (Tiny Freighter (180, 185, 8))
 - (2020-08-26 12:01:19) ATTACK: *no key*/(Deandre Rasulov) has suffered: Hairline Fracture to chest | Damage: 8.8(rolled 21/21.0027) (Tiny Freighter (180, 185, 8))
 - (2020-08-26 12:01:32) ATTACK: Bob Joga/(Cockmistress) has healed Bob Joga/(Cockmistress) with suture[DC] (NEWHP: 63.25)  (Medbay Lobby (133, 125, 2))
 - (2020-08-26 12:02:05) ATTACK: *no key*/(Skarf Crivelli) has suffered: Second Degree Burns to right leg | Damage: 10.8(rolled 27/27.9765) (Small Freighter (117, 188, 8))
 - (2020-08-26 12:02:13) ATTACK: *no key*/(Deandre Rasulov) has suffered: Third Degree Burns to chest | Damage: 10.8(rolled 10/27.9765) (Tiny Freighter (180, 185, 8))
 - (2020-08-26 12:02:53) ATTACK: *no key*/(Deandre Rasulov) has suffered: Second Degree Burns to left arm | Damage: 10.8(rolled 26/27.9765) (Tiny Freighter (180, 185, 8))
 - (2020-08-26 12:05:54) ATTACK: *no key*/(Skarf Crivelli) has suffered: Second Degree Burns to right foot | Damage: 10.8(rolled 26/27.9765) (Small Freighter (117, 188, 8))
 - (2020-08-26 12:05:56) ATTACK: *no key*/(Deandre Rasulov) has suffered: Second Degree Burns to right hand | Damage: 10.8(rolled 26/27.9765) (Tiny Freighter (180, 185, 8))
 - (2020-08-26 12:06:13) ATTACK: *no key*/(coder monkey (696)) has suffered: Joint Dislocation to right arm | Damage: 20(rolled 53/66.2891) | WB: 2 (Unexplored Location (108, 115, 8))
 - (2020-08-26 12:06:52) ATTACK: *no key*/(Deandre Rasulov) has suffered: Second Degree Burns to groin | Damage: 10.8(rolled 27/27.9765) (Tiny Freighter (180, 185, 8))
 - (2020-08-26 12:06:52) ATTACK: *no key*/(Deandre Rasulov) has suffered: Hairline Fracture to groin | Damage: 8.8(rolled 19/21.0027) (Tiny Freighter (180, 185, 8))
 - (2020-08-26 12:07:20) ATTACK: Bob Joga/(Cockmistress) has healed Bob Joga/(Cockmistress) with suture[DC] (NEWHP: 61.25)  (Medbay Lobby (133, 125, 2))
 - (2020-08-26 12:07:23) ATTACK: Bob Joga/(Cockmistress) has healed Bob Joga/(Cockmistress) with suture[DC] (NEWHP: 71.25)  (Medbay Lobby (133, 125, 2))
 - (2020-08-26 12:07:26) ATTACK: Bob Joga/(Cockmistress) has healed Bob Joga/(Cockmistress) with suture[DC] (NEWHP: 79.75)  (Medbay Lobby (133, 125, 2))
 - (2020-08-26 12:07:39) ATTACK: Bob Joga/(Cockmistress) has healed Bob Joga/(Cockmistress) with suture[DC] (NEWHP: 89.75)  (Medbay Lobby (133, 126, 2))
 - (2020-08-26 12:07:40) ATTACK: *no key*/(Deandre Rasulov) has suffered: Third Degree Burns to groin | Damage: 10.8(rolled 18/27.9765) (Tiny Freighter (180, 185, 8))
 - (2020-08-26 12:07:42) ATTACK: Bob Joga/(Cockmistress) has healed Bob Joga/(Cockmistress) with suture[DC] (NEWHP: 99.75)  (Medbay Lobby (133, 126, 2))
 - (2020-08-26 12:07:45) ATTACK: Bob Joga/(Cockmistress) has healed Bob Joga/(Cockmistress) with suture[DC] (NEWHP: 100)  (Medbay Lobby (133, 126, 2))
