[2020-08-26 14:54:52.501] Starting up round ID .
 - -------------------------
[2020-08-26 14:54:53.476] INIT: Initialized Profiler subsystem within 0 seconds!
[2020-08-26 14:54:53.625] Fail2Topic: Failed to drop firewall rule. Exit code: 1.
[2020-08-26 14:54:53.625] INIT: Initialized Fail2Topic subsystem within 0.2 seconds!
[2020-08-26 14:54:53.627] INIT: Initialized Title Screen subsystem within 0 seconds!
[2020-08-26 14:54:53.627] INIT: Initialized Database subsystem within 0 seconds!
[2020-08-26 14:54:53.628] INIT: Initialized Blackbox subsystem within 0 seconds!
[2020-08-26 14:54:53.628] INIT: Initialized Server Tasks subsystem within 0 seconds!
[2020-08-26 14:54:53.628] INIT: Initialized Input subsystem within 0 seconds!
[2020-08-26 14:54:53.630] INIT: Initialized Sounds subsystem within 0 seconds!
[2020-08-26 14:54:53.630] INIT: Initialized Vis contents overlays subsystem within 0 seconds!
[2020-08-26 14:54:53.682] INIT: Initialized Research subsystem within 0 seconds!
[2020-08-26 14:54:53.685] INIT: Initialized Events subsystem within 0 seconds!
[2020-08-26 14:54:53.689] INIT: Initialized Jobs subsystem within 0 seconds!
[2020-08-26 14:54:53.693] INIT: Initialized Quirks subsystem within 0 seconds!
[2020-08-26 14:54:53.699] INIT: Initialized Ticker subsystem within 0 seconds!
[2020-08-26 14:54:53.710] INIT: Initialized Instruments subsystem within 0 seconds!
[2020-08-26 14:55:08.481] INIT: Initialized Mapping subsystem within 14.7 seconds!
[2020-08-26 14:55:08.482] INIT: Initialized Economy subsystem within 0 seconds!
[2020-08-26 14:55:08.483] INIT: Initialized Networks subsystem within 0 seconds!
[2020-08-26 14:55:08.484] INIT: Initialized Holodeck subsystem within 0 seconds!
[2020-08-26 14:55:37.609] INIT: Initialized Atoms subsystem within 29.1 seconds!
[2020-08-26 14:55:37.623] INIT: Initialized Language subsystem within 0 seconds!
[2020-08-26 14:55:37.777] INIT: Initialized Machines subsystem within 0.1 seconds!
[2020-08-26 14:55:37.810] INIT: Initialized Circuit subsystem within 0.1 seconds!
[2020-08-26 14:55:38.812] INIT: Initialized Atmos Adjacency subsystem within 1 second!
[2020-08-26 14:55:38.812] INIT: Initialized Autotransfer Vote subsystem within 0 seconds!
[2020-08-26 14:55:38.812] INIT: Initialized Chemistry subsystem within 0 seconds!
[2020-08-26 14:55:38.812] INIT: Initialized Status Effects subsystem within 0 seconds!
[2020-08-26 14:55:38.813] INIT: Initialized Weather subsystem within 0 seconds!
[2020-08-26 14:55:38.816] INIT: Initialized Disease subsystem within 0 seconds!
[2020-08-26 14:55:38.816] INIT: Initialized Jukeboxes subsystem within 0 seconds!
[2020-08-26 14:55:38.816] INIT: Initialized Medals subsystem within 0 seconds!
[2020-08-26 14:55:39.035] INIT: Initialized Minimaps subsystem within 0.2 seconds!
[2020-08-26 14:55:39.038] INIT: Initialized Night Shift subsystem within 0 seconds!
[2020-08-26 14:55:39.038] INIT: Initialized Parallax subsystem within 0 seconds!
[2020-08-26 14:55:39.038] INIT: Initialized Sun subsystem within 0 seconds!
[2020-08-26 14:55:39.247] INIT: Initialized Traumas subsystem within 0.2 seconds!
[2020-08-26 14:55:39.299] INIT: Initialized Bluespace Locker subsystem within 0 seconds!
[2020-08-26 14:55:39.301] INIT: Initialized Pacification Bans subsystem within 0 seconds!
[2020-08-26 14:55:39.301] INIT: Initialized Logging subsystem within 0 seconds!
[2020-08-26 14:55:39.301] INIT: Initialized Recycling subsystem within 0 seconds!
[2020-08-26 14:55:44.452] INIT: Initialized Atmospherics subsystem within 5.1 seconds!
[2020-08-26 14:55:44.452] INIT: Initialized Atmospherics - Turfs subsystem within 0 seconds!
[2020-08-26 14:55:47.405] INIT: Initialized Assets subsystem within 3 seconds!
[2020-08-26 14:55:52.241] INIT: Initialized Icon Smoothing subsystem within 4.8 seconds!
[2020-08-26 14:55:53.252] INIT: Initialized Overlay subsystem within 1 second!
[2020-08-26 14:55:53.252] INIT: Initialized XKeyScore subsystem within 0 seconds!
[2020-08-26 14:55:53.252] INIT: Initialized Sticky Ban subsystem within 0 seconds!
[2020-08-26 14:55:59.578] INIT: Initialized Lighting subsystem within 6.3 seconds!
[2020-08-26 14:56:03.674] INIT: Initialized Shuttle subsystem within 4.1 seconds!
[2020-08-26 14:56:03.707] INIT: Initialized Minor Mapping subsystem within 0.1 seconds!
[2020-08-26 14:56:03.708] INIT: Initialized Pathfinder subsystem within 0 seconds!
[2020-08-26 14:56:03.735] INIT: Initialized Persistence subsystem within 0 seconds!
[2020-08-26 14:56:03.735] INIT: Initialized Chat subsystem within 0 seconds!
