[2020-08-26 14:54:52.497] Starting up round ID .
 - -------------------------
[2020-08-26 14:58:16.103] TCOMMS: *no key*/(Poly) [Engineering] (spans:  ) "OH GOD ITS ABOUT TO DELAMINATE CALL THE SHUTTLE" (language: Galactic Common) (Chief Engineer's Office (118, 83, 2))
[2020-08-26 14:58:28.183] TCOMMS: *no key*/(Poly) [Engineering] (spans:  ) "OH GOD ITS ABOUT TO DELAMINATE CALL THE SHUTTLE" (language: Galactic Common) (Chief Engineer's Office (118, 83, 2))
[2020-08-26 14:58:32.182] TCOMMS: *no key*/(Poly) [Engineering] (spans:  ) "Check the crystal, you chucklefucks!" (language: Galactic Common) (Chief Engineer's Office (118, 83, 2))
[2020-08-26 14:59:06.187] TCOMMS: *no key*/(Poly) [Engineering] (spans:  ) "The things I&#39;ve seen!" (language: Galactic Common) (Chief Engineer's Office (118, 83, 2))
[2020-08-26 14:59:08.188] TCOMMS: *no key*/(Poly) [Engineering] (spans:  ) "OH GOD ITS ABOUT TO DELAMINATE CALL THE SHUTTLE" (language: Galactic Common) (Chief Engineer's Office (118, 83, 2))
[2020-08-26 15:01:46.365] TCOMMS: *no key*/(Poly) [Engineering] (spans:  ) "Check the crystal, you chucklefucks!" (language: Galactic Common) (Chief Engineer's Office (118, 81, 2))
[2020-08-26 15:02:16.365] TCOMMS: *no key*/(Poly) [Engineering] (spans:  ) "Wire the solars, you lazy bums!" (language: Galactic Common) (Chief Engineer's Office (117, 80, 2))
[2020-08-26 15:02:20.366] TCOMMS: *no key*/(Poly) [Engineering] (spans:  ) "Check the crystal, you chucklefucks!" (language: Galactic Common) (Chief Engineer's Office (117, 80, 2))
[2020-08-26 15:02:28.367] TCOMMS: *no key*/(Poly) [Engineering] (spans:  ) "The things I&#39;ve seen!" (language: Galactic Common) (Chief Engineer's Office (116, 81, 2))
[2020-08-26 15:02:30.367] TCOMMS: *no key*/(Poly) [Engineering] (spans:  ) "The things I&#39;ve seen!" (language: Galactic Common) (Chief Engineer's Office (116, 81, 2))
[2020-08-26 15:02:40.507] TCOMMS: *no key*/(Poly) [Engineering] (spans:  ) "WHO TOOK THE DAMN HARDSUITS?" (language: Galactic Common) (Chief Engineer's Office (118, 83, 2))
[2020-08-26 15:03:14.520] TCOMMS: *no key*/(Poly) [Engineering] (spans:  ) "Wire the solars, you lazy bums!" (language: Galactic Common) (Chief Engineer's Office (118, 83, 2))
[2020-08-26 15:03:24.803] TCOMMS: *no key*/(Poly) [Engineering] (spans:  ) "Wire the solars, you lazy bums!" (language: Galactic Common) (Chief Engineer's Office (118, 83, 2))
[2020-08-26 15:03:40.798] TCOMMS: *no key*/(Poly) [Engineering] (spans:  ) "Wire the solars, you lazy bums!" (language: Galactic Common) (Chief Engineer's Office (118, 83, 2))
[2020-08-26 15:03:56.802] TCOMMS: *no key*/(Poly) [Engineering] (spans:  ) "Check the crystal, you chucklefucks!" (language: Galactic Common) (Chief Engineer's Office (118, 83, 2))
[2020-08-26 15:04:34.798] TCOMMS: *no key*/(Poly) [Engineering] (spans:  ) "Wire the solars, you lazy bums!" (language: Galactic Common) (Chief Engineer's Office (118, 83, 2))
[2020-08-26 15:05:24.799] TCOMMS: *no key*/(Poly) [Engineering] (spans:  ) "Poly wanna cracker!" (language: Galactic Common) (Chief Engineer's Office (118, 80, 2))
[2020-08-26 15:05:32.800] TCOMMS: *no key*/(Poly) [Engineering] (spans:  ) "The things I&#39;ve seen!" (language: Galactic Common) (Chief Engineer's Office (118, 83, 2))
[2020-08-26 15:05:38.800] TCOMMS: *no key*/(Poly) [Engineering] (spans:  ) "Check the crystal, you chucklefucks!" (language: Galactic Common) (Chief Engineer's Office (118, 83, 2))
[2020-08-26 15:05:56.803] TCOMMS: *no key*/(Poly) [Engineering] (spans:  ) "Poly wanna cracker!" (language: Galactic Common) (Chief Engineer's Office (118, 83, 2))
[2020-08-26 15:07:50.804] TCOMMS: *no key*/(Poly) [Engineering] (spans:  ) "Poly wanna cracker!" (language: Galactic Common) (Chief Engineer's Office (118, 83, 2))
[2020-08-26 15:08:04.831] TCOMMS: *no key*/(Poly) [Engineering] (spans:  ) "WHO TOOK THE DAMN HARDSUITS?" (language: Galactic Common) (Chief Engineer's Office (118, 83, 2))
[2020-08-26 15:08:12.832] TCOMMS: *no key*/(Poly) [Engineering] (spans:  ) "The things I&#39;ve seen!" (language: Galactic Common) (Chief Engineer's Office (118, 83, 2))
[2020-08-26 15:08:16.832] TCOMMS: *no key*/(Poly) [Engineering] (spans:  ) "The things I&#39;ve seen!" (language: Galactic Common) (Chief Engineer's Office (118, 80, 2))
[2020-08-26 15:08:20.834] TCOMMS: *no key*/(Poly) [Engineering] (spans:  ) "OH GOD ITS ABOUT TO DELAMINATE CALL THE SHUTTLE" (language: Galactic Common) (Chief Engineer's Office (118, 83, 2))
[2020-08-26 15:08:32.853] TCOMMS: *no key*/(Poly) [Engineering] (spans:  ) "OH GOD ITS ABOUT TO DELAMINATE CALL THE SHUTTLE" (language: Galactic Common) (Chief Engineer's Office (118, 83, 2))
[2020-08-26 15:08:38.854] TCOMMS: *no key*/(Poly) [Engineering] (spans:  ) "OH GOD ITS ABOUT TO DELAMINATE CALL THE SHUTTLE" (language: Galactic Common) (Chief Engineer's Office (118, 83, 2))
[2020-08-26 15:09:02.862] TCOMMS: *no key*/(Poly) [Engineering] (spans:  ) "WHO TOOK THE DAMN HARDSUITS?" (language: Galactic Common) (Chief Engineer's Office (118, 83, 2))
[2020-08-26 15:09:24.870] TCOMMS: *no key*/(Poly) [Engineering] (spans:  ) "Check the crystal, you chucklefucks!" (language: Galactic Common) (Chief Engineer's Office (118, 83, 2))
[2020-08-26 15:10:38.993] TCOMMS: *no key*/(Poly) [Engineering] (spans:  ) "Wire the solars, you lazy bums!" (language: Galactic Common) (Chief Engineer's Office (118, 83, 2))
[2020-08-26 15:11:08.995] TCOMMS: *no key*/(Poly) [Engineering] (spans:  ) "The things I&#39;ve seen!" (language: Galactic Common) (Chief Engineer's Office (118, 83, 2))
[2020-08-26 15:11:12.995] TCOMMS: *no key*/(Poly) [Engineering] (spans:  ) "Poly wanna cracker!" (language: Galactic Common) (Chief Engineer's Office (118, 83, 2))
[2020-08-26 15:11:41.050] TCOMMS: *no key*/(Poly) [Engineering] (spans:  ) "Poly wanna cracker!" (language: Galactic Common) (Chief Engineer's Office (118, 83, 2))
[2020-08-26 15:11:43.049] TCOMMS: *no key*/(Poly) [Engineering] (spans:  ) "Wire the solars, you lazy bums!" (language: Galactic Common) (Chief Engineer's Office (118, 83, 2))
[2020-08-26 15:11:55.051] TCOMMS: *no key*/(Poly) [Engineering] (spans:  ) "The things I&#39;ve seen!" (language: Galactic Common) (Chief Engineer's Office (118, 83, 2))
[2020-08-26 15:12:05.050] TCOMMS: *no key*/(Poly) [Engineering] (spans:  ) "Wire the solars, you lazy bums!" (language: Galactic Common) (Chief Engineer's Office (118, 83, 2))
