[2020-09-17 12:41:19.613] Starting up round ID .
 - -------------------------
[2020-09-17 12:41:26.030] INIT: Initialized Profiler subsystem within 0 seconds!
[2020-09-17 12:41:26.230] Fail2Topic: Failed to drop firewall rule. Exit code: 1.
[2020-09-17 12:41:26.230] INIT: Initialized Fail2Topic subsystem within 0.2 seconds!
[2020-09-17 12:41:26.232] INIT: Initialized Title Screen subsystem within 0 seconds!
[2020-09-17 12:41:26.232] INIT: Initialized Database subsystem within 0 seconds!
[2020-09-17 12:41:26.232] INIT: Initialized Blackbox subsystem within 0 seconds!
[2020-09-17 12:41:26.232] INIT: Initialized Server Tasks subsystem within 0 seconds!
[2020-09-17 12:41:26.234] INIT: Initialized Input subsystem within 0 seconds!
[2020-09-17 12:41:26.236] INIT: Initialized Sounds subsystem within 0 seconds!
[2020-09-17 12:41:26.236] INIT: Initialized Vis contents overlays subsystem within 0 seconds!
[2020-09-17 12:41:26.346] INIT: Initialized Research subsystem within 0.1 seconds!
[2020-09-17 12:41:26.351] INIT: Initialized Events subsystem within 0 seconds!
[2020-09-17 12:41:26.358] INIT: Initialized Jobs subsystem within 0 seconds!
[2020-09-17 12:41:26.366] INIT: Initialized Quirks subsystem within 0 seconds!
[2020-09-17 12:41:26.375] INIT: Initialized Ticker subsystem within 0 seconds!
[2020-09-17 12:41:26.390] INIT: Initialized Instruments subsystem within 0 seconds!
[2020-09-17 12:41:44.377] INIT: Initialized Mapping subsystem within 18 seconds!
[2020-09-17 12:41:44.391] INIT: Initialized Economy subsystem within 0 seconds!
[2020-09-17 12:41:44.392] INIT: Initialized Networks subsystem within 0 seconds!
[2020-09-17 12:41:44.392] INIT: Initialized Holodeck subsystem within 0 seconds!
[2020-09-17 12:42:18.913] INIT: Initialized Atoms subsystem within 34.5 seconds!
[2020-09-17 12:42:18.948] INIT: Initialized Language subsystem within 0 seconds!
[2020-09-17 12:42:19.297] INIT: Initialized Machines subsystem within 0.3 seconds!
[2020-09-17 12:42:19.357] INIT: Initialized Circuit subsystem within 0 seconds!
[2020-09-17 12:42:20.913] INIT: Initialized Atmos Adjacency subsystem within 1.6 seconds!
[2020-09-17 12:42:20.914] INIT: Initialized Autotransfer Vote subsystem within 0 seconds!
[2020-09-17 12:42:20.914] INIT: Initialized Chemistry subsystem within 0 seconds!
[2020-09-17 12:42:20.914] INIT: Initialized Status Effects subsystem within 0 seconds!
[2020-09-17 12:42:20.916] INIT: Initialized Weather subsystem within 0 seconds!
[2020-09-17 12:42:20.920] INIT: Initialized Disease subsystem within 0 seconds!
[2020-09-17 12:42:20.920] INIT: Initialized Jukeboxes subsystem within 0 seconds!
[2020-09-17 12:42:20.921] INIT: Initialized Medals subsystem within 0 seconds!
[2020-09-17 12:42:21.226] INIT: Initialized Minimaps subsystem within 0.3 seconds!
[2020-09-17 12:42:21.289] INIT: Initialized Night Shift subsystem within 0 seconds!
[2020-09-17 12:42:21.289] INIT: Initialized Parallax subsystem within 0 seconds!
[2020-09-17 12:42:21.289] INIT: Initialized Sun subsystem within 0 seconds!
[2020-09-17 12:42:21.539] INIT: Initialized Traumas subsystem within 0.3 seconds!
[2020-09-17 12:42:21.583] INIT: Initialized Bluespace Locker subsystem within 0 seconds!
[2020-09-17 12:42:21.617] INIT: Initialized Pacification Bans subsystem within 0 seconds!
[2020-09-17 12:42:21.617] INIT: Initialized Logging subsystem within 0 seconds!
[2020-09-17 12:42:21.617] INIT: Initialized Recycling subsystem within 0 seconds!
[2020-09-17 12:42:29.079] INIT: Initialized Atmospherics subsystem within 7.4 seconds!
[2020-09-17 12:42:29.079] INIT: Initialized Atmospherics - Turfs subsystem within 0 seconds!
[2020-09-17 12:42:32.730] INIT: Initialized Assets subsystem within 3.7 seconds!
[2020-09-17 12:42:39.066] INIT: Initialized Icon Smoothing subsystem within 6.3 seconds!
[2020-09-17 12:42:40.313] INIT: Initialized Overlay subsystem within 1.3 seconds!
[2020-09-17 12:42:40.314] INIT: Initialized XKeyScore subsystem within 0 seconds!
[2020-09-17 12:42:40.314] INIT: Initialized Sticky Ban subsystem within 0 seconds!
[2020-09-17 12:42:49.736] INIT: Initialized Lighting subsystem within 9.4 seconds!
[2020-09-17 12:42:53.735] INIT: Initialized Shuttle subsystem within 4 seconds!
[2020-09-17 12:42:53.778] INIT: Initialized Minor Mapping subsystem within 0 seconds!
[2020-09-17 12:42:53.779] INIT: Initialized Pathfinder subsystem within 0 seconds!
[2020-09-17 12:42:53.811] INIT: Initialized Persistence subsystem within 0.1 seconds!
[2020-09-17 12:42:53.811] INIT: Initialized Chat subsystem within 0 seconds!
