[2020-09-01 16:13:35.672] Starting up round ID .
 - -------------------------
[2020-09-01 16:13:40.993] INIT: Initialized Profiler subsystem within 0 seconds!
[2020-09-01 16:13:41.192] Fail2Topic: Failed to drop firewall rule. Exit code: 1.
[2020-09-01 16:13:41.192] INIT: Initialized Fail2Topic subsystem within 0.2 seconds!
[2020-09-01 16:13:41.194] INIT: Initialized Title Screen subsystem within 0 seconds!
[2020-09-01 16:13:41.194] INIT: Initialized Database subsystem within 0 seconds!
[2020-09-01 16:13:41.194] INIT: Initialized Blackbox subsystem within 0 seconds!
[2020-09-01 16:13:41.195] INIT: Initialized Server Tasks subsystem within 0 seconds!
[2020-09-01 16:13:41.195] INIT: Initialized Input subsystem within 0 seconds!
[2020-09-01 16:13:41.197] INIT: Initialized Sounds subsystem within 0 seconds!
[2020-09-01 16:13:41.197] INIT: Initialized Vis contents overlays subsystem within 0 seconds!
[2020-09-01 16:13:41.263] INIT: Initialized Research subsystem within 0.1 seconds!
[2020-09-01 16:13:41.269] INIT: Initialized Events subsystem within 0 seconds!
[2020-09-01 16:13:41.274] INIT: Initialized Jobs subsystem within 0 seconds!
[2020-09-01 16:13:41.279] INIT: Initialized Quirks subsystem within 0 seconds!
[2020-09-01 16:13:41.286] INIT: Initialized Ticker subsystem within 0 seconds!
[2020-09-01 16:13:41.297] INIT: Initialized Instruments subsystem within 0 seconds!
[2020-09-01 16:13:58.859] INIT: Initialized Mapping subsystem within 17.6 seconds!
[2020-09-01 16:13:58.874] INIT: Initialized Economy subsystem within 0 seconds!
[2020-09-01 16:13:58.876] INIT: Initialized Networks subsystem within 0 seconds!
[2020-09-01 16:13:58.876] INIT: Initialized Holodeck subsystem within 0 seconds!
[2020-09-01 16:14:32.590] INIT: Initialized Atoms subsystem within 33.7 seconds!
[2020-09-01 16:14:32.618] INIT: Initialized Language subsystem within 0 seconds!
[2020-09-01 16:14:32.785] INIT: Initialized Machines subsystem within 0.1 seconds!
[2020-09-01 16:14:32.822] INIT: Initialized Circuit subsystem within 0.1 seconds!
[2020-09-01 16:14:34.300] INIT: Initialized Atmos Adjacency subsystem within 1.5 seconds!
[2020-09-01 16:14:34.300] INIT: Initialized Autotransfer Vote subsystem within 0 seconds!
[2020-09-01 16:14:34.300] INIT: Initialized Chemistry subsystem within 0 seconds!
[2020-09-01 16:14:34.300] INIT: Initialized Status Effects subsystem within 0 seconds!
[2020-09-01 16:14:34.301] INIT: Initialized Weather subsystem within 0 seconds!
[2020-09-01 16:14:34.305] INIT: Initialized Disease subsystem within 0 seconds!
[2020-09-01 16:14:34.305] INIT: Initialized Jukeboxes subsystem within 0 seconds!
[2020-09-01 16:14:34.305] INIT: Initialized Medals subsystem within 0 seconds!
[2020-09-01 16:14:34.570] INIT: Initialized Minimaps subsystem within 0.2 seconds!
[2020-09-01 16:14:34.630] INIT: Initialized Night Shift subsystem within 0 seconds!
[2020-09-01 16:14:34.630] INIT: Initialized Parallax subsystem within 0 seconds!
[2020-09-01 16:14:34.630] INIT: Initialized Sun subsystem within 0 seconds!
[2020-09-01 16:14:34.863] INIT: Initialized Traumas subsystem within 0.2 seconds!
[2020-09-01 16:14:34.907] INIT: Initialized Bluespace Locker subsystem within 0.1 seconds!
[2020-09-01 16:14:34.937] INIT: Initialized Pacification Bans subsystem within 0 seconds!
[2020-09-01 16:14:34.937] INIT: Initialized Logging subsystem within 0 seconds!
[2020-09-01 16:14:34.937] INIT: Initialized Recycling subsystem within 0 seconds!
[2020-09-01 16:14:41.844] INIT: Initialized Atmospherics subsystem within 6.9 seconds!
[2020-09-01 16:14:41.845] INIT: Initialized Atmospherics - Turfs subsystem within 0 seconds!
[2020-09-01 16:14:44.939] INIT: Initialized Assets subsystem within 3.1 seconds!
[2020-09-01 16:14:51.170] INIT: Initialized Icon Smoothing subsystem within 6.2 seconds!
[2020-09-01 16:14:52.440] INIT: Initialized Overlay subsystem within 1.3 seconds!
[2020-09-01 16:14:52.441] INIT: Initialized XKeyScore subsystem within 0 seconds!
[2020-09-01 16:14:52.441] INIT: Initialized Sticky Ban subsystem within 0 seconds!
[2020-09-01 16:15:00.829] INIT: Initialized Lighting subsystem within 8.4 seconds!
[2020-09-01 16:15:04.509] INIT: Initialized Shuttle subsystem within 3.7 seconds!
[2020-09-01 16:15:04.552] INIT: Initialized Minor Mapping subsystem within 0 seconds!
[2020-09-01 16:15:04.553] INIT: Initialized Pathfinder subsystem within 0 seconds!
[2020-09-01 16:15:04.583] INIT: Initialized Persistence subsystem within 0 seconds!
[2020-09-01 16:15:04.583] INIT: Initialized Chat subsystem within 0 seconds!
