[2020-09-02 22:38:56.671] Starting up round ID .
 - -------------------------
[2020-09-02 22:39:04.827] INIT: Initialized Profiler subsystem within 0 seconds!
[2020-09-02 22:39:04.979] Fail2Topic: Failed to drop firewall rule. Exit code: 1.
[2020-09-02 22:39:04.979] INIT: Initialized Fail2Topic subsystem within 0.1 seconds!
[2020-09-02 22:39:04.980] INIT: Initialized Title Screen subsystem within 0 seconds!
[2020-09-02 22:39:04.981] INIT: Initialized Database subsystem within 0 seconds!
[2020-09-02 22:39:04.981] INIT: Initialized Blackbox subsystem within 0 seconds!
[2020-09-02 22:39:04.981] INIT: Initialized Server Tasks subsystem within 0 seconds!
[2020-09-02 22:39:04.982] INIT: Initialized Input subsystem within 0 seconds!
[2020-09-02 22:39:04.983] INIT: Initialized Sounds subsystem within 0 seconds!
[2020-09-02 22:39:04.984] INIT: Initialized Vis contents overlays subsystem within 0 seconds!
[2020-09-02 22:39:05.044] INIT: Initialized Research subsystem within 0.1 seconds!
[2020-09-02 22:39:05.047] INIT: Initialized Events subsystem within 0 seconds!
[2020-09-02 22:39:05.051] INIT: Initialized Jobs subsystem within 0 seconds!
[2020-09-02 22:39:05.057] INIT: Initialized Quirks subsystem within 0 seconds!
[2020-09-02 22:39:05.064] INIT: Initialized Ticker subsystem within 0 seconds!
[2020-09-02 22:39:05.079] INIT: Initialized Instruments subsystem within 0 seconds!
[2020-09-02 22:39:22.762] INIT: Initialized Mapping subsystem within 17.7 seconds!
[2020-09-02 22:39:22.773] INIT: Initialized Economy subsystem within 0 seconds!
[2020-09-02 22:39:22.774] INIT: Initialized Networks subsystem within 0 seconds!
[2020-09-02 22:39:22.774] INIT: Initialized Holodeck subsystem within 0 seconds!
[2020-09-02 22:39:57.346] INIT: Initialized Atoms subsystem within 34.6 seconds!
[2020-09-02 22:39:57.376] INIT: Initialized Language subsystem within 0 seconds!
[2020-09-02 22:39:57.551] INIT: Initialized Machines subsystem within 0.2 seconds!
[2020-09-02 22:39:57.600] INIT: Initialized Circuit subsystem within 0.1 seconds!
[2020-09-02 22:39:59.043] INIT: Initialized Atmos Adjacency subsystem within 1.4 seconds!
[2020-09-02 22:39:59.043] INIT: Initialized Autotransfer Vote subsystem within 0 seconds!
[2020-09-02 22:39:59.043] INIT: Initialized Chemistry subsystem within 0 seconds!
[2020-09-02 22:39:59.043] INIT: Initialized Status Effects subsystem within 0 seconds!
[2020-09-02 22:39:59.044] INIT: Initialized Weather subsystem within 0 seconds!
[2020-09-02 22:39:59.048] INIT: Initialized Disease subsystem within 0 seconds!
[2020-09-02 22:39:59.048] INIT: Initialized Jukeboxes subsystem within 0 seconds!
[2020-09-02 22:39:59.048] INIT: Initialized Medals subsystem within 0 seconds!
[2020-09-02 22:39:59.316] INIT: Initialized Minimaps subsystem within 0.3 seconds!
[2020-09-02 22:39:59.376] INIT: Initialized Night Shift subsystem within 0 seconds!
[2020-09-02 22:39:59.376] INIT: Initialized Parallax subsystem within 0 seconds!
[2020-09-02 22:39:59.376] INIT: Initialized Sun subsystem within 0 seconds!
[2020-09-02 22:39:59.611] INIT: Initialized Traumas subsystem within 0.3 seconds!
[2020-09-02 22:39:59.648] INIT: Initialized Bluespace Locker subsystem within 0 seconds!
[2020-09-02 22:39:59.678] INIT: Initialized Pacification Bans subsystem within 0 seconds!
[2020-09-02 22:39:59.678] INIT: Initialized Logging subsystem within 0 seconds!
[2020-09-02 22:39:59.679] INIT: Initialized Recycling subsystem within 0 seconds!
[2020-09-02 22:40:05.843] INIT: Initialized Atmospherics subsystem within 6.2 seconds!
[2020-09-02 22:40:05.844] INIT: Initialized Atmospherics - Turfs subsystem within 0 seconds!
[2020-09-02 22:40:09.091] INIT: Initialized Assets subsystem within 3.2 seconds!
[2020-09-02 22:40:15.379] INIT: Initialized Icon Smoothing subsystem within 6.2 seconds!
[2020-09-02 22:40:16.564] INIT: Initialized Overlay subsystem within 1.2 seconds!
[2020-09-02 22:40:16.564] INIT: Initialized XKeyScore subsystem within 0 seconds!
[2020-09-02 22:40:16.565] INIT: Initialized Sticky Ban subsystem within 0 seconds!
[2020-09-02 22:40:24.137] INIT: Initialized Lighting subsystem within 7.6 seconds!
[2020-09-02 22:40:28.840] INIT: Initialized Shuttle subsystem within 4.7 seconds!
[2020-09-02 22:40:28.876] INIT: Initialized Minor Mapping subsystem within 0 seconds!
[2020-09-02 22:40:28.877] INIT: Initialized Pathfinder subsystem within 0 seconds!
[2020-09-02 22:40:28.910] INIT: Initialized Persistence subsystem within 0.1 seconds!
[2020-09-02 22:40:28.942] INIT: Initialized Chat subsystem within 0 seconds!
