[2020-09-23 18:19:28.344] Starting up round ID .
 - -------------------------
[2020-09-23 18:19:29.374] INIT: Initialized Profiler subsystem within 0 seconds!
[2020-09-23 18:19:29.573] Fail2Topic: Failed to drop firewall rule. Exit code: 1.
[2020-09-23 18:19:29.573] INIT: Initialized Fail2Topic subsystem within 0.2 seconds!
[2020-09-23 18:19:29.574] INIT: Initialized Title Screen subsystem within 0 seconds!
[2020-09-23 18:19:29.575] INIT: Initialized Database subsystem within 0 seconds!
[2020-09-23 18:19:29.575] INIT: Initialized Blackbox subsystem within 0 seconds!
[2020-09-23 18:19:29.575] INIT: Initialized Server Tasks subsystem within 0 seconds!
[2020-09-23 18:19:29.578] INIT: Initialized Input subsystem within 0 seconds!
[2020-09-23 18:19:29.582] INIT: Initialized Sounds subsystem within 0 seconds!
[2020-09-23 18:19:29.583] INIT: Initialized Vis contents overlays subsystem within 0 seconds!
[2020-09-23 18:19:29.644] INIT: Initialized Research subsystem within 0.1 seconds!
[2020-09-23 18:19:29.647] INIT: Initialized Events subsystem within 0 seconds!
[2020-09-23 18:19:29.652] INIT: Initialized Jobs subsystem within 0 seconds!
[2020-09-23 18:19:29.656] INIT: Initialized Quirks subsystem within 0 seconds!
[2020-09-23 18:19:29.663] INIT: Initialized Ticker subsystem within 0 seconds!
[2020-09-23 18:19:29.674] INIT: Initialized Instruments subsystem within 0 seconds!
[2020-09-23 18:19:46.764] INIT: Initialized Mapping subsystem within 17.1 seconds!
[2020-09-23 18:19:46.765] INIT: Initialized Economy subsystem within 0 seconds!
[2020-09-23 18:19:46.766] INIT: Initialized Networks subsystem within 0 seconds!
[2020-09-23 18:19:46.767] INIT: Initialized Holodeck subsystem within 0 seconds!
[2020-09-23 18:20:26.169] INIT: Initialized Atoms subsystem within 39.4 seconds!
[2020-09-23 18:20:26.188] INIT: Initialized Language subsystem within 0 seconds!
[2020-09-23 18:20:26.385] INIT: Initialized Machines subsystem within 0.2 seconds!
[2020-09-23 18:20:26.461] INIT: Initialized Circuit subsystem within 0.1 seconds!
[2020-09-23 18:20:27.693] INIT: Initialized Atmos Adjacency subsystem within 1.2 seconds!
[2020-09-23 18:20:27.694] INIT: Initialized Autotransfer Vote subsystem within 0 seconds!
[2020-09-23 18:20:27.694] INIT: Initialized Chemistry subsystem within 0 seconds!
[2020-09-23 18:20:27.694] INIT: Initialized Status Effects subsystem within 0 seconds!
[2020-09-23 18:20:27.695] INIT: Initialized Weather subsystem within 0 seconds!
[2020-09-23 18:20:27.698] INIT: Initialized Disease subsystem within 0 seconds!
[2020-09-23 18:20:27.699] INIT: Initialized Jukeboxes subsystem within 0 seconds!
[2020-09-23 18:20:27.699] INIT: Initialized Medals subsystem within 0 seconds!
[2020-09-23 18:20:27.938] INIT: Initialized Minimaps subsystem within 0.3 seconds!
[2020-09-23 18:20:27.940] INIT: Initialized Night Shift subsystem within 0 seconds!
[2020-09-23 18:20:27.940] INIT: Initialized Parallax subsystem within 0 seconds!
[2020-09-23 18:20:27.940] INIT: Initialized Sun subsystem within 0 seconds!
[2020-09-23 18:20:28.174] INIT: Initialized Traumas subsystem within 0.2 seconds!
[2020-09-23 18:20:28.210] INIT: Initialized Bluespace Locker subsystem within 0.1 seconds!
[2020-09-23 18:20:28.214] INIT: Initialized Pacification Bans subsystem within 0 seconds!
[2020-09-23 18:20:28.214] INIT: Initialized Logging subsystem within 0 seconds!
[2020-09-23 18:20:28.215] INIT: Initialized Recycling subsystem within 0 seconds!
[2020-09-23 18:20:33.760] INIT: Initialized Atmospherics subsystem within 5.5 seconds!
[2020-09-23 18:20:33.760] INIT: Initialized Atmospherics - Turfs subsystem within 0 seconds!
[2020-09-23 18:20:37.224] INIT: Initialized Assets subsystem within 3.5 seconds!
[2020-09-23 18:20:42.896] INIT: Initialized Icon Smoothing subsystem within 5.6 seconds!
[2020-09-23 18:20:44.130] INIT: Initialized Overlay subsystem within 1.3 seconds!
[2020-09-23 18:20:44.131] INIT: Initialized XKeyScore subsystem within 0 seconds!
[2020-09-23 18:20:44.131] INIT: Initialized Sticky Ban subsystem within 0 seconds!
[2020-09-23 18:20:51.475] INIT: Initialized Lighting subsystem within 7.3 seconds!
[2020-09-23 18:20:54.881] INIT: Initialized Shuttle subsystem within 3.4 seconds!
[2020-09-23 18:20:54.921] INIT: Initialized Minor Mapping subsystem within 0.1 seconds!
[2020-09-23 18:20:54.922] INIT: Initialized Pathfinder subsystem within 0 seconds!
[2020-09-23 18:20:54.953] INIT: Initialized Persistence subsystem within 0 seconds!
[2020-09-23 18:20:54.953] INIT: Initialized Chat subsystem within 0 seconds!
