[2020-09-07 00:41:41.944] Starting up round ID .
 - -------------------------
[2020-09-07 00:54:44.388] Logs from logging subsystem:
 - (2020-09-06 21:44:43) ATTACK: [turret] has fired at *no key*/(watcher) with [bullet] from Lavaland Wastes (NEWHP: 200)  (Syndicate Lavaland Circuit Lab (59, 175, 6))
 - (2020-09-06 21:44:43) ATTACK: [turret] has fired at *no key*/(watcher) with [bullet] from Lavaland Wastes (NEWHP: 200)  (Syndicate Lavaland Arrivals (51, 172, 6))
 - (2020-09-06 21:44:43) ATTACK: [turret] has fired at *no key*/(watcher) with [bullet] from Lavaland Wastes (NEWHP: 200)  (Syndicate Lavaland Arrivals (45, 172, 6))
 - (2020-09-06 21:44:46) ATTACK: *no key*/(watcher) has been shot by the turret with the bullet (Lavaland Wastes (53, 167, 6))
 - (2020-09-06 21:44:47) ATTACK: *no key*/(watcher) has been shot by the turret with the bullet (Lavaland Wastes (53, 167, 6))
 - (2020-09-06 21:44:48) ATTACK: [turret] has fired at *no key*/(watcher) with [bullet] from Lavaland Wastes (NEWHP: 80)  (Syndicate Lavaland Circuit Lab (59, 175, 6))
 - (2020-09-06 21:44:48) ATTACK: [turret] has fired at *no key*/(watcher) with [bullet] from Lavaland Wastes (NEWHP: 80)  (Syndicate Lavaland Arrivals (51, 172, 6))
 - (2020-09-06 21:44:48) ATTACK: [turret] has fired at *no key*/(watcher) with [bullet] from Lavaland Wastes (NEWHP: 80)  (Syndicate Lavaland Arrivals (45, 172, 6))
 - (2020-09-06 21:44:48) ATTACK: *no key*/(watcher) has been shot by the turret with the bullet (Lavaland Wastes (53, 167, 6))
 - (2020-09-06 21:44:48) ATTACK: *no key*/(watcher) has been shot by the turret with the bullet (Lavaland Wastes (53, 167, 6))
 - (2020-09-06 21:52:14) ATTACK: *no key*/(coder monkey (235)) attacked herself to a Muscle Spasm (Space (62, 127, 8))
 - (2020-09-06 21:52:50) ATTACK: *no key*/(coder monkey (235)) attacked herself to a Muscle Spasm (Space (62, 200, 8))
 - (2020-09-06 21:52:58) ATTACK: *no key*/(coder monkey (235)) attacked herself to a Muscle Spasm (Space (62, 215, 8))
 - (2020-09-06 21:54:22) ATTACK: *no key*/(coder monkey (235)) attacked herself to a Muscle Spasm (Space (62, 143, 8))
[2020-09-07 01:05:23.944] Logs from logging subsystem:
 - (2020-09-06 21:54:49) ATTACK: *no key*/(coder monkey (235)) attacked herself to a Muscle Spasm (Space (62, 198, 8))
 - (2020-09-06 21:55:13) ATTACK: *no key*/(coder monkey (235)) attacked herself to a Muscle Spasm (Space (62, 246, 8))
 - (2020-09-06 21:56:02) ATTACK: *no key*/(coder monkey (235)) attacked herself to a Muscle Spasm (Space (62, 103, 8))
 - (2020-09-06 21:56:05) ATTACK: *no key*/(coder monkey (235)) attacked herself to a Muscle Spasm (Space (62, 109, 8))
 - (2020-09-06 21:58:00) ATTACK: *no key*/(coder monkey (235)) attacked herself to a Muscle Spasm (Space (62, 98, 8))
 - (2020-09-06 21:58:13) ATTACK: *no key*/(coder monkey (235)) attacked herself to a Muscle Spasm (Space (62, 125, 8))
 - (2020-09-06 21:58:35) ATTACK: *no key*/(coder monkey (235)) attacked herself to a Muscle Spasm (Space (62, 169, 8))
 - (2020-09-06 21:59:19) ATTACK: *no key*/(coder monkey (235)) attacked herself to a Muscle Spasm (Space (62, 17, 8))
 - (2020-09-06 21:59:30) ATTACK: *no key*/(coder monkey (235)) attacked herself to a Muscle Spasm (Space (62, 38, 8))
 - (2020-09-06 21:59:46) ATTACK: *no key*/(coder monkey (235)) attacked herself to a Muscle Spasm (Space (62, 70, 8))
 - (2020-09-06 22:00:30) ATTACK: *no key*/(coder monkey (235)) attacked herself to a Muscle Spasm (Space (62, 150, 8))
 - (2020-09-06 22:00:32) ATTACK: *no key*/(coder monkey (235)) attacked herself to a Muscle Spasm (Space (62, 154, 8))
 - (2020-09-06 22:01:18) ATTACK: *no key*/(coder monkey (235)) attacked herself to a Muscle Spasm (Space (62, 238, 8))
 - (2020-09-06 22:01:43) ATTACK: *no key*/(coder monkey (235)) attacked herself to a Muscle Spasm (Space (62, 44, 8))
 - (2020-09-06 22:02:06) ATTACK: *no key*/(coder monkey (235)) attacked herself to a Muscle Spasm (Space (62, 84, 8))
 - (2020-09-06 22:02:15) ATTACK: *no key*/(coder monkey (235)) attacked herself to a Muscle Spasm (Space (62, 99, 8))
 - (2020-09-06 22:02:24) ATTACK: *no key*/(coder monkey (235)) attacked herself to a Muscle Spasm (Space (62, 115, 8))
 - (2020-09-06 22:02:37) ATTACK: *no key*/(coder monkey (235)) attacked herself to a Muscle Spasm (Space (62, 136, 8))
 - (2020-09-06 22:02:49) ATTACK: *no key*/(coder monkey (235)) attacked herself to a Muscle Spasm (Space (62, 157, 8))
 - (2020-09-06 22:02:54) ATTACK: *no key*/(coder monkey (235)) attacked herself to a Muscle Spasm (Space (62, 166, 8))
 - (2020-09-06 22:03:23) ATTACK: *no key*/(coder monkey (235)) attacked herself to a Muscle Spasm (Space (62, 218, 8))
 - (2020-09-06 22:04:02) ATTACK: *no key*/(coder monkey (235)) attacked herself to a Muscle Spasm (Space (62, 46, 8))
 - (2020-09-06 22:05:04) ATTACK: *no key*/(coder monkey (235)) attacked herself to a Muscle Spasm (Space (62, 153, 8))
 - (2020-09-06 22:05:07) ATTACK: *no key*/(coder monkey (569)) has suffered: Joint Dislocation to left hand | Damage: 20(rolled 56/66.2891) | WB: 2 (Space (74, 85, 4))
[2020-09-07 01:17:03.153] Logs from logging subsystem:
 - (2020-09-06 22:05:58) ATTACK: *no key*/(coder monkey (235)) attacked herself to a Muscle Spasm (Space (62, 247, 8))
 - (2020-09-06 22:06:17) ATTACK: *no key*/(coder monkey (235)) attacked herself to a Muscle Spasm (Space (62, 41, 8))
 - (2020-09-06 22:06:18) ATTACK: *no key*/(coder monkey (235)) attacked herself to a Muscle Spasm (Space (62, 43, 8))
 - (2020-09-06 22:07:23) ATTACK: *no key*/(coder monkey (235)) attacked herself to a Muscle Spasm (Space (62, 152, 8))
 - (2020-09-06 22:07:33) ATTACK: *no key*/(coder monkey (235)) attacked herself to a Muscle Spasm (Space (62, 169, 8))
 - (2020-09-06 22:07:36) ATTACK: *no key*/(coder monkey (569)) attacked himself to a Muscle Spasm (Space (74, 97, 7))
 - (2020-09-06 22:07:39) ATTACK: *no key*/(coder monkey (569)) attacked himself to a Muscle Spasm (Space (74, 91, 7))
 - (2020-09-06 22:08:00) ATTACK: *no key*/(coder monkey (569)) attacked himself to a Muscle Spasm (Space (74, 57, 7))
 - (2020-09-06 22:08:34) ATTACK: *no key*/(coder monkey (235)) attacked herself to a Muscle Spasm (Space (62, 34, 8))
 - (2020-09-06 22:08:35) ATTACK: *no key*/(coder monkey (569)) attacked himself to a Muscle Spasm (Space (74, 234, 3))
 - (2020-09-06 22:08:50) ATTACK: *no key*/(coder monkey (569)) attacked himself to a Muscle Spasm (Space (74, 211, 3))
 - (2020-09-06 22:08:59) ATTACK: *no key*/(coder monkey (569)) attacked himself to a Muscle Spasm (Space (74, 194, 3))
 - (2020-09-06 22:09:34) ATTACK: *no key*/(coder monkey (569)) attacked himself to a Muscle Spasm (Space (74, 191, 3))
 - (2020-09-06 22:09:56) ATTACK: *no key*/(coder monkey (235)) attacked herself to a Muscle Spasm (Space (62, 170, 8))
 - (2020-09-06 22:09:59) ATTACK: *no key*/(coder monkey (569)) attacked himself to a Muscle Spasm (Space (74, 191, 3))
 - (2020-09-06 22:10:04) ATTACK: *no key*/(coder monkey (569)) attacked himself to a Muscle Spasm (Space (74, 191, 3))
 - (2020-09-06 22:10:20) ATTACK: *no key*/(coder monkey (235)) attacked herself to a Muscle Spasm (Space (62, 212, 8))
 - (2020-09-06 22:10:31) ATTACK: *no key*/(coder monkey (235)) attacked herself to a Muscle Spasm (Space (62, 231, 8))
 - (2020-09-06 22:11:03) ATTACK: *no key*/(coder monkey (235)) attacked herself to a Muscle Spasm (Space (62, 48, 8))
 - (2020-09-06 22:11:08) ATTACK: *no key*/(coder monkey (235)) attacked herself to a Muscle Spasm (Space (62, 56, 8))
 - (2020-09-06 22:11:14) ATTACK: *no key*/(coder monkey (569)) attacked himself to a Muscle Spasm (Space (74, 191, 3))
 - (2020-09-06 22:11:19) ATTACK: *no key*/(coder monkey (569)) attacked himself to a Muscle Spasm (Space (74, 191, 3))
 - (2020-09-06 22:11:20) ATTACK: *no key*/(coder monkey (569)) attacked himself to a Muscle Spasm (Space (74, 191, 3))
 - (2020-09-06 22:13:38) ATTACK: *no key*/(coder monkey (569)) attacked himself to a Muscle Spasm (Space (74, 191, 3))
 - (2020-09-06 22:14:52) ATTACK: *no key*/(coder monkey (235)) attacked herself to a Muscle Spasm (Space (62, 199, 8))
 - (2020-09-06 22:15:17) ATTACK: *no key*/(coder monkey (235)) attacked herself to a Muscle Spasm (Space (62, 243, 8))
 - (2020-09-06 22:15:28) ATTACK: *no key*/(coder monkey (235)) attacked herself to a Muscle Spasm (Space (62, 22, 8))
 - (2020-09-06 22:15:37) ATTACK: *no key*/(coder monkey (235)) attacked herself to a Muscle Spasm (Space (62, 36, 8))
 - (2020-09-06 22:15:57) ATTACK: *no key*/(coder monkey (569)) attacked himself to a Muscle Spasm (Space (74, 191, 3))
 - (2020-09-06 22:16:38) ATTACK: *no key*/(coder monkey (569)) attacked himself to a Muscle Spasm (Space (74, 191, 3))
 - (2020-09-06 22:16:52) ATTACK: *no key*/(coder monkey (235)) attacked herself to a Muscle Spasm (Space (62, 167, 8))
 - (2020-09-06 22:16:57) ATTACK: *no key*/(coder monkey (235)) attacked herself to a Muscle Spasm (Space (62, 175, 8))
[2020-09-07 01:27:31.290] Logs from logging subsystem:
 - (2020-09-06 22:17:19) ATTACK: *no key*/(coder monkey (569)) attacked himself to a Muscle Spasm (Space (74, 191, 3))
 - (2020-09-06 22:17:37) ATTACK: *no key*/(coder monkey (235)) attacked herself to a Muscle Spasm (Space (62, 244, 8))
 - (2020-09-06 22:17:41) ATTACK: *no key*/(coder monkey (235)) attacked herself to a Muscle Spasm (Space (62, 11, 8))
 - (2020-09-06 22:18:12) ATTACK: *no key*/(coder monkey (569)) attacked himself to a Muscle Spasm (Space (74, 191, 3))
 - (2020-09-06 22:18:22) ATTACK: *no key*/(coder monkey (569)) attacked himself to a Muscle Spasm (Space (74, 191, 3))
 - (2020-09-06 22:18:31) ATTACK: *no key*/(coder monkey (569)) attacked himself to a Muscle Spasm (Space (74, 191, 3))
 - (2020-09-06 22:19:47) ATTACK: *no key*/(coder monkey (569)) attacked himself to a Muscle Spasm (Space (74, 191, 3))
 - (2020-09-06 22:20:13) ATTACK: *no key*/(coder monkey (569)) attacked himself to a Muscle Spasm (Space (74, 191, 3))
 - (2020-09-06 22:21:00) ATTACK: *no key*/(coder monkey (569)) attacked himself to a Muscle Spasm (Space (74, 191, 3))
 - (2020-09-06 22:21:03) ATTACK: *no key*/(coder monkey (235)) attacked herself to a Muscle Spasm (Space (62, 132, 8))
 - (2020-09-06 22:21:17) ATTACK: *no key*/(coder monkey (235)) attacked herself to a Muscle Spasm (Space (62, 159, 8))
 - (2020-09-06 22:21:26) ATTACK: *no key*/(coder monkey (235)) attacked herself to a Muscle Spasm (Space (62, 178, 8))
 - (2020-09-06 22:21:30) ATTACK: *no key*/(coder monkey (235)) attacked herself to a Muscle Spasm (Space (62, 186, 8))
 - (2020-09-06 22:21:50) ATTACK: *no key*/(coder monkey (569)) attacked himself to a Muscle Spasm (Space (74, 191, 3))
 - (2020-09-06 22:21:58) ATTACK: *no key*/(coder monkey (569)) attacked himself to a Muscle Spasm (Space (74, 191, 3))
 - (2020-09-06 22:22:19) ATTACK: *no key*/(coder monkey (235)) attacked herself to a Muscle Spasm (Space (62, 43, 8))
 - (2020-09-06 22:22:25) ATTACK: *no key*/(coder monkey (235)) attacked herself to a Muscle Spasm (Space (62, 56, 8))
 - (2020-09-06 22:22:57) ATTACK: *no key*/(coder monkey (569)) attacked himself to a Muscle Spasm (Space (74, 191, 3))
 - (2020-09-06 22:23:25) ATTACK: *no key*/(coder monkey (375)) has suffered: Hairline Fracture to groin | Damage: 20(rolled 59/66.2891) | WB: 2 (Space (105, 171, 7))
 - (2020-09-06 22:23:39) ATTACK: *no key*/(coder monkey (569)) attacked himself to a Muscle Spasm (Space (74, 191, 3))
 - (2020-09-06 22:23:49) ATTACK: *no key*/(coder monkey (235)) attacked herself to a Muscle Spasm (Space (62, 224, 8))
 - (2020-09-06 22:24:19) ATTACK: *no key*/(coder monkey (235)) attacked herself to a Muscle Spasm (Space (62, 42, 8))
 - (2020-09-06 22:25:12) ATTACK: *no key*/(coder monkey (235)) attacked herself to a Muscle Spasm (Space (62, 147, 8))
 - (2020-09-06 22:25:25) ATTACK: *no key*/(coder monkey (235)) attacked herself to a Muscle Spasm (Space (62, 175, 8))
 - (2020-09-06 22:25:37) ATTACK: *no key*/(coder monkey (375)) attacked himself to a Muscle Spasm (Space (105, 171, 7))
 - (2020-09-06 22:25:41) ATTACK: *no key*/(coder monkey (569)) attacked himself to a Muscle Spasm (Space (74, 191, 3))
 - (2020-09-06 22:25:47) ATTACK: *no key*/(coder monkey (569)) attacked himself to a Muscle Spasm (Space (74, 191, 3))
 - (2020-09-06 22:27:00) ATTACK: *no key*/(coder monkey (375)) attacked himself to a Muscle Spasm (Space (105, 171, 7))
 - (2020-09-06 22:27:10) ATTACK: *no key*/(coder monkey (375)) attacked himself to a Muscle Spasm (Space (105, 171, 7))
 - (2020-09-06 22:27:16) ATTACK: *no key*/(coder monkey (375)) attacked himself to a Muscle Spasm (Space (105, 171, 7))
 - (2020-09-06 22:27:20) ATTACK: *no key*/(coder monkey (375)) attacked himself to a Muscle Spasm (Space (105, 171, 7))
 - (2020-09-06 22:27:29) ATTACK: *no key*/(coder monkey (235)) attacked herself to a Muscle Spasm (Space (62, 180, 8))
 - (2020-09-06 22:27:30) ATTACK: *no key*/(coder monkey (375)) attacked himself to a Muscle Spasm (Space (105, 171, 7))
