[2020-09-07 00:41:41.949] Starting up round ID .
 - -------------------------
[2020-09-07 00:41:47.551] INIT: Initialized Profiler subsystem within 0 seconds!
[2020-09-07 00:41:47.750] Fail2Topic: Failed to drop firewall rule. Exit code: 1.
[2020-09-07 00:41:47.750] INIT: Initialized Fail2Topic subsystem within 0.2 seconds!
[2020-09-07 00:41:47.752] INIT: Initialized Title Screen subsystem within 0 seconds!
[2020-09-07 00:41:47.753] INIT: Initialized Database subsystem within 0 seconds!
[2020-09-07 00:41:47.753] INIT: Initialized Blackbox subsystem within 0 seconds!
[2020-09-07 00:41:47.753] INIT: Initialized Server Tasks subsystem within 0 seconds!
[2020-09-07 00:41:47.755] INIT: Initialized Input subsystem within 0 seconds!
[2020-09-07 00:41:47.757] INIT: Initialized Sounds subsystem within 0 seconds!
[2020-09-07 00:41:47.757] INIT: Initialized Vis contents overlays subsystem within 0 seconds!
[2020-09-07 00:41:47.828] INIT: Initialized Research subsystem within 0.1 seconds!
[2020-09-07 00:41:47.832] INIT: Initialized Events subsystem within 0 seconds!
[2020-09-07 00:41:47.836] INIT: Initialized Jobs subsystem within 0 seconds!
[2020-09-07 00:41:47.842] INIT: Initialized Quirks subsystem within 0 seconds!
[2020-09-07 00:41:47.850] INIT: Initialized Ticker subsystem within 0 seconds!
[2020-09-07 00:41:47.863] INIT: Initialized Instruments subsystem within 0 seconds!
[2020-09-07 00:42:06.505] INIT: Initialized Mapping subsystem within 18.7 seconds!
[2020-09-07 00:42:06.516] INIT: Initialized Economy subsystem within 0 seconds!
[2020-09-07 00:42:06.517] INIT: Initialized Networks subsystem within 0 seconds!
[2020-09-07 00:42:06.518] INIT: Initialized Holodeck subsystem within 0 seconds!
[2020-09-07 00:42:38.691] INIT: Initialized Atoms subsystem within 32.1 seconds!
[2020-09-07 00:42:38.720] INIT: Initialized Language subsystem within 0 seconds!
[2020-09-07 00:42:38.879] INIT: Initialized Machines subsystem within 0.1 seconds!
[2020-09-07 00:42:38.917] INIT: Initialized Circuit subsystem within 0.1 seconds!
[2020-09-07 00:42:40.394] INIT: Initialized Atmos Adjacency subsystem within 1.4 seconds!
[2020-09-07 00:42:40.394] INIT: Initialized Autotransfer Vote subsystem within 0 seconds!
[2020-09-07 00:42:40.394] INIT: Initialized Chemistry subsystem within 0 seconds!
[2020-09-07 00:42:40.395] INIT: Initialized Status Effects subsystem within 0 seconds!
[2020-09-07 00:42:40.396] INIT: Initialized Weather subsystem within 0 seconds!
[2020-09-07 00:42:40.399] INIT: Initialized Disease subsystem within 0 seconds!
[2020-09-07 00:42:40.399] INIT: Initialized Jukeboxes subsystem within 0 seconds!
[2020-09-07 00:42:40.399] INIT: Initialized Medals subsystem within 0 seconds!
[2020-09-07 00:42:40.653] INIT: Initialized Minimaps subsystem within 0.3 seconds!
[2020-09-07 00:42:40.705] INIT: Initialized Night Shift subsystem within 0 seconds!
[2020-09-07 00:42:40.705] INIT: Initialized Parallax subsystem within 0 seconds!
[2020-09-07 00:42:40.705] INIT: Initialized Sun subsystem within 0 seconds!
[2020-09-07 00:42:40.946] INIT: Initialized Traumas subsystem within 0.2 seconds!
[2020-09-07 00:42:40.989] INIT: Initialized Bluespace Locker subsystem within 0 seconds!
[2020-09-07 00:42:41.025] INIT: Initialized Pacification Bans subsystem within 0 seconds!
[2020-09-07 00:42:41.025] INIT: Initialized Logging subsystem within 0 seconds!
[2020-09-07 00:42:41.025] INIT: Initialized Recycling subsystem within 0 seconds!
[2020-09-07 00:42:47.592] INIT: Initialized Atmospherics subsystem within 6.5 seconds!
[2020-09-07 00:42:47.592] INIT: Initialized Atmospherics - Turfs subsystem within 0 seconds!
[2020-09-07 00:42:50.837] INIT: Initialized Assets subsystem within 3.3 seconds!
[2020-09-07 00:42:57.344] INIT: Initialized Icon Smoothing subsystem within 6.5 seconds!
[2020-09-07 00:42:58.613] INIT: Initialized Overlay subsystem within 1.3 seconds!
[2020-09-07 00:42:58.613] INIT: Initialized XKeyScore subsystem within 0 seconds!
[2020-09-07 00:42:58.613] INIT: Initialized Sticky Ban subsystem within 0 seconds!
[2020-09-07 00:43:06.910] INIT: Initialized Lighting subsystem within 8.3 seconds!
[2020-09-07 00:43:10.598] INIT: Initialized Shuttle subsystem within 3.6 seconds!
[2020-09-07 00:43:10.638] INIT: Initialized Minor Mapping subsystem within 0.1 seconds!
[2020-09-07 00:43:10.639] INIT: Initialized Pathfinder subsystem within 0 seconds!
[2020-09-07 00:43:10.669] INIT: Initialized Persistence subsystem within 0 seconds!
[2020-09-07 00:43:10.669] INIT: Initialized Chat subsystem within 0 seconds!
