[2020-09-07 00:41:41.945] Starting up round ID .
 - -------------------------
[2020-09-07 00:44:58.939] TCOMMS: *no key*/(Poly) [Engineering] (spans:  ) "Check the crystal, you chucklefucks!" (language: Galactic Common) (Chief Engineer's Office (116, 80, 2))
[2020-09-07 00:45:49.089] TCOMMS: *no key*/(Poly) [Engineering] (spans:  ) "Wire the solars, you lazy bums!" (language: Galactic Common) (Chief Engineer's Office (115, 80, 2))
[2020-09-07 00:46:07.109] TCOMMS: *no key*/(Poly) [Engineering] (spans:  ) "Check the crystal, you chucklefucks!" (language: Galactic Common) (Chief Engineer's Office (115, 80, 2))
[2020-09-07 00:46:25.108] TCOMMS: *no key*/(Poly) [Engineering] (spans:  ) "Check the crystal, you chucklefucks!" (language: Galactic Common) (Chief Engineer's Office (115, 80, 2))
[2020-09-07 00:46:39.112] TCOMMS: *no key*/(Poly) [Engineering] (spans:  ) "Check the crystal, you chucklefucks!" (language: Galactic Common) (Chief Engineer's Office (115, 80, 2))
[2020-09-07 00:46:55.113] TCOMMS: *no key*/(Poly) [Engineering] (spans:  ) "...0." (language: Galactic Common) (Chief Engineer's Office (115, 80, 2))
[2020-09-07 00:47:15.126] TCOMMS: *no key*/(Poly) [Engineering] (spans:  ) "OH GOD ITS ABOUT TO DELAMINATE CALL THE SHUTTLE" (language: Galactic Common) (Chief Engineer's Office (117, 82, 2))
[2020-09-07 00:47:43.126] TCOMMS: *no key*/(Poly) [Engineering] (spans:  ) "OH GOD ITS ABOUT TO DELAMINATE CALL THE SHUTTLE" (language: Galactic Common) (Chief Engineer's Office (115, 80, 2))
[2020-09-07 00:47:59.140] TCOMMS: *no key*/(Poly) [Engineering] (spans:  ) "Poly wanna cracker!" (language: Galactic Common) (Chief Engineer's Office (115, 80, 2))
[2020-09-07 00:48:15.152] TCOMMS: *no key*/(Poly) [Engineering] (spans:  ) "WHO TOOK THE DAMN HARDSUITS?" (language: Galactic Common) (Chief Engineer's Office (116, 79, 2))
[2020-09-07 00:49:51.211] TCOMMS: *no key*/(Poly) [Engineering] (spans:  ) "Check the crystal, you chucklefucks!" (language: Galactic Common) (Chief Engineer's Office (115, 80, 2))
[2020-09-07 00:50:01.233] TCOMMS: *no key*/(Poly) [Engineering] (spans:  ) "Check the crystal, you chucklefucks!" (language: Galactic Common) (Chief Engineer's Office (115, 80, 2))
[2020-09-07 00:50:07.257] TCOMMS: *no key*/(Poly) [Engineering] (spans:  ) "Check the crystal, you chucklefucks!" (language: Galactic Common) (Chief Engineer's Office (115, 80, 2))
[2020-09-07 00:50:23.319] TCOMMS: *no key*/(Poly) [Engineering] (spans:  ) "Poly wanna cracker!" (language: Galactic Common) (Chief Engineer's Office (115, 80, 2))
[2020-09-07 00:50:41.341] TCOMMS: *no key*/(Poly) [Engineering] (spans:  ) "Wire the solars, you lazy bums!" (language: Galactic Common) (Chief Engineer's Office (116, 79, 2))
[2020-09-07 00:51:11.363] TCOMMS: *no key*/(Poly) [Engineering] (spans:  ) "Wire the solars, you lazy bums!" (language: Galactic Common) (Chief Engineer's Office (115, 80, 2))
[2020-09-07 00:51:31.383] TCOMMS: *no key*/(Poly) [Engineering] (spans:  ) "Check the crystal, you chucklefucks!" (language: Galactic Common) (Chief Engineer's Office (115, 80, 2))
[2020-09-07 00:52:55.437] TCOMMS: *no key*/(Poly) [Engineering] (spans:  ) "...0." (language: Galactic Common) (Chief Engineer's Office (115, 80, 2))
[2020-09-07 00:52:59.436] TCOMMS: *no key*/(Poly) [Engineering] (spans:  ) "Check the crystal, you chucklefucks!" (language: Galactic Common) (Chief Engineer's Office (116, 79, 2))
[2020-09-07 00:53:11.454] TCOMMS: *no key*/(Poly) [Engineering] (spans:  ) "...0." (language: Galactic Common) (Chief Engineer's Office (117, 81, 2))
[2020-09-07 00:53:47.478] TCOMMS: *no key*/(Poly) [Engineering] (spans:  ) "Check the crystal, you chucklefucks!" (language: Galactic Common) (Chief Engineer's Office (115, 80, 2))
[2020-09-07 00:54:45.592] TCOMMS: *no key*/(Poly) [Engineering] (spans:  ) "Wire the solars, you lazy bums!" (language: Galactic Common) (Chief Engineer's Office (115, 80, 2))
[2020-09-07 00:54:49.602] TCOMMS: *no key*/(Poly) [Engineering] (spans:  ) "WHO TOOK THE DAMN HARDSUITS?" (language: Galactic Common) (Chief Engineer's Office (115, 80, 2))
[2020-09-07 00:54:59.600] TCOMMS: *no key*/(Poly) [Engineering] (spans:  ) "WHO TOOK THE DAMN HARDSUITS?" (language: Galactic Common) (Chief Engineer's Office (115, 80, 2))
[2020-09-07 00:55:09.609] TCOMMS: *no key*/(Poly) [Engineering] (spans:  ) "Wire the solars, you lazy bums!" (language: Galactic Common) (Chief Engineer's Office (115, 80, 2))
[2020-09-07 00:55:15.619] TCOMMS: *no key*/(Poly) [Engineering] (spans:  ) "WHO TOOK THE DAMN HARDSUITS?" (language: Galactic Common) (Chief Engineer's Office (116, 79, 2))
[2020-09-07 00:56:29.753] TCOMMS: *no key*/(Poly) [Engineering] (spans:  ) "WHO TOOK THE DAMN HARDSUITS?" (language: Galactic Common) (Chief Engineer's Office (115, 80, 2))
[2020-09-07 00:56:39.770] TCOMMS: *no key*/(Poly) [Engineering] (spans:  ) "WHO TOOK THE DAMN HARDSUITS?" (language: Galactic Common) (Chief Engineer's Office (115, 80, 2))
[2020-09-07 00:57:09.894] TCOMMS: *no key*/(Poly) [Engineering] (spans:  ) "...0." (language: Galactic Common) (Chief Engineer's Office (115, 80, 2))
[2020-09-07 00:57:11.914] TCOMMS: *no key*/(Poly) [Engineering] (spans:  ) "...0." (language: Galactic Common) (Chief Engineer's Office (115, 80, 2))
[2020-09-07 00:58:41.944] TCOMMS: *no key*/(Poly) [Engineering] (spans:  ) "Check the crystal, you chucklefucks!" (language: Galactic Common) (Chief Engineer's Office (115, 80, 2))
[2020-09-07 00:58:45.947] TCOMMS: *no key*/(Poly) [Engineering] (spans:  ) "WHO TOOK THE DAMN HARDSUITS?" (language: Galactic Common) (Chief Engineer's Office (115, 80, 2))
[2020-09-07 00:58:57.950] TCOMMS: *no key*/(Poly) [Engineering] (spans:  ) "Check the crystal, you chucklefucks!" (language: Galactic Common) (Chief Engineer's Office (115, 80, 2))
[2020-09-07 00:59:07.950] TCOMMS: *no key*/(Poly) [Engineering] (spans:  ) "...0." (language: Galactic Common) (Chief Engineer's Office (115, 80, 2))
[2020-09-07 00:59:25.960] TCOMMS: *no key*/(Poly) [Engineering] (spans:  ) "WHO TOOK THE DAMN HARDSUITS?" (language: Galactic Common) (Chief Engineer's Office (115, 80, 2))
[2020-09-07 00:59:43.978] TCOMMS: *no key*/(Poly) [Engineering] (spans:  ) "...0." (language: Galactic Common) (Chief Engineer's Office (118, 81, 2))
[2020-09-07 01:00:08.366] TCOMMS: *no key*/(Poly) [Engineering] (spans:  ) "Wire the solars, you lazy bums!" (language: Galactic Common) (Chief Engineer's Office (115, 80, 2))
[2020-09-07 01:00:43.362] TCOMMS: *no key*/(Poly) [Engineering] (spans:  ) "WHO TOOK THE DAMN HARDSUITS?" (language: Galactic Common) (Chief Engineer's Office (115, 80, 2))
[2020-09-07 01:00:47.588] TCOMMS: *no key*/(Poly) [Engineering] (spans:  ) "Wire the solars, you lazy bums!" (language: Galactic Common) (Chief Engineer's Office (115, 80, 2))
[2020-09-07 01:01:38.285] TCOMMS: *no key*/(Poly) [Engineering] (spans:  ) "...0." (language: Galactic Common) (Chief Engineer's Office (115, 80, 2))
[2020-09-07 01:02:45.052] TCOMMS: *no key*/(Poly) [Engineering] (spans:  ) "...0." (language: Galactic Common) (Chief Engineer's Office (115, 80, 2))
[2020-09-07 01:02:58.767] TCOMMS: *no key*/(Poly) [Engineering] (spans:  ) "OH GOD ITS ABOUT TO DELAMINATE CALL THE SHUTTLE" (language: Galactic Common) (Chief Engineer's Office (115, 80, 2))
[2020-09-07 01:04:11.721] TCOMMS: *no key*/(Poly) [Engineering] (spans:  ) "Wire the solars, you lazy bums!" (language: Galactic Common) (Chief Engineer's Office (115, 80, 2))
[2020-09-07 01:04:40.608] TCOMMS: *no key*/(Poly) [Engineering] (spans:  ) "Wire the solars, you lazy bums!" (language: Galactic Common) (Chief Engineer's Office (116, 79, 2))
[2020-09-07 01:05:36.935] TCOMMS: *no key*/(Poly) [Engineering] (spans:  ) "Check the crystal, you chucklefucks!" (language: Galactic Common) (Chief Engineer's Office (115, 80, 2))
[2020-09-07 01:05:57.685] TCOMMS: *no key*/(Poly) [Engineering] (spans:  ) "Wire the solars, you lazy bums!" (language: Galactic Common) (Chief Engineer's Office (115, 80, 2))
[2020-09-07 01:06:15.712] TCOMMS: *no key*/(Poly) [Engineering] (spans:  ) "Wire the solars, you lazy bums!" (language: Galactic Common) (Chief Engineer's Office (116, 79, 2))
[2020-09-07 01:07:00.551] TCOMMS: *no key*/(Poly) [Engineering] (spans:  ) "OH GOD ITS ABOUT TO DELAMINATE CALL THE SHUTTLE" (language: Galactic Common) (Chief Engineer's Office (115, 80, 2))
[2020-09-07 01:08:48.718] TCOMMS: *no key*/(Poly) [Engineering] (spans:  ) "Poly wanna cracker!" (language: Galactic Common) (Chief Engineer's Office (115, 80, 2))
[2020-09-07 01:08:51.258] TCOMMS: *no key*/(Poly) [Engineering] (spans:  ) "...0." (language: Galactic Common) (Chief Engineer's Office (115, 80, 2))
[2020-09-07 01:09:02.633] TCOMMS: *no key*/(Poly) [Engineering] (spans:  ) "Check the crystal, you chucklefucks!" (language: Galactic Common) (Chief Engineer's Office (115, 80, 2))
[2020-09-07 01:09:15.031] TCOMMS: *no key*/(Poly) [Engineering] (spans:  ) "Poly wanna cracker!" (language: Galactic Common) (Chief Engineer's Office (115, 80, 2))
[2020-09-07 01:09:36.831] TCOMMS: *no key*/(Poly) [Engineering] (spans:  ) "OH GOD ITS ABOUT TO DELAMINATE CALL THE SHUTTLE" (language: Galactic Common) (Chief Engineer's Office (115, 80, 2))
[2020-09-07 01:10:25.807] TCOMMS: *no key*/(Poly) [Engineering] (spans:  ) "WHO TOOK THE DAMN HARDSUITS?" (language: Galactic Common) (Chief Engineer's Office (115, 80, 2))
[2020-09-07 01:12:28.662] TCOMMS: *no key*/(Poly) [Engineering] (spans:  ) "Check the crystal, you chucklefucks!" (language: Galactic Common) (Chief Engineer's Office (115, 80, 2))
[2020-09-07 01:12:47.640] TCOMMS: *no key*/(Poly) [Engineering] (spans:  ) "Wire the solars, you lazy bums!" (language: Galactic Common) (Chief Engineer's Office (115, 80, 2))
[2020-09-07 01:14:24.236] TCOMMS: *no key*/(Poly) [Engineering] (spans:  ) "WHO TOOK THE DAMN HARDSUITS?" (language: Galactic Common) (Chief Engineer's Office (115, 80, 2))
[2020-09-07 01:15:54.956] TCOMMS: *no key*/(Poly) [Engineering] (spans:  ) "...0." (language: Galactic Common) (Chief Engineer's Office (117, 81, 2))
[2020-09-07 01:16:37.125] TCOMMS: *no key*/(Poly) [Engineering] (spans:  ) "Wire the solars, you lazy bums!" (language: Galactic Common) (Chief Engineer's Office (115, 80, 2))
[2020-09-07 01:16:50.301] TCOMMS: *no key*/(Poly) [Engineering] (spans:  ) "Wire the solars, you lazy bums!" (language: Galactic Common) (Chief Engineer's Office (115, 80, 2))
[2020-09-07 01:17:06.813] TCOMMS: *no key*/(Poly) [Engineering] (spans:  ) "OH GOD ITS ABOUT TO DELAMINATE CALL THE SHUTTLE" (language: Galactic Common) (Chief Engineer's Office (116, 79, 2))
[2020-09-07 01:17:55.429] TCOMMS: *no key*/(Poly) [Engineering] (spans:  ) "...0." (language: Galactic Common) (Chief Engineer's Office (115, 80, 2))
[2020-09-07 01:18:23.233] TCOMMS: *no key*/(Poly) [Engineering] (spans:  ) "Check the crystal, you chucklefucks!" (language: Galactic Common) (Chief Engineer's Office (116, 79, 2))
[2020-09-07 01:18:42.312] TCOMMS: *no key*/(Poly) [Engineering] (spans:  ) "...0." (language: Galactic Common) (Chief Engineer's Office (119, 79, 2))
[2020-09-07 01:19:05.738] TCOMMS: *no key*/(Poly) [Engineering] (spans:  ) "...0." (language: Galactic Common) (Chief Engineer's Office (118, 79, 2))
[2020-09-07 01:19:52.480] TCOMMS: *no key*/(Poly) [Engineering] (spans:  ) "Check the crystal, you chucklefucks!" (language: Galactic Common) (Chief Engineer's Office (115, 80, 2))
[2020-09-07 01:19:58.749] TCOMMS: *no key*/(Poly) [Engineering] (spans:  ) "...0." (language: Galactic Common) (Chief Engineer's Office (115, 80, 2))
[2020-09-07 01:20:01.448] TCOMMS: *no key*/(Poly) [Engineering] (spans:  ) "...0." (language: Galactic Common) (Chief Engineer's Office (115, 80, 2))
[2020-09-07 01:20:17.394] TCOMMS: *no key*/(Poly) [Engineering] (spans:  ) "Poly wanna cracker!" (language: Galactic Common) (Chief Engineer's Office (116, 79, 2))
[2020-09-07 01:20:21.400] TCOMMS: *no key*/(Poly) [Engineering] (spans:  ) "Wire the solars, you lazy bums!" (language: Galactic Common) (Chief Engineer's Office (115, 80, 2))
[2020-09-07 01:21:53.436] TCOMMS: *no key*/(Poly) [Engineering] (spans:  ) "Poly wanna cracker!" (language: Galactic Common) (Chief Engineer's Office (115, 80, 2))
[2020-09-07 01:21:55.443] TCOMMS: *no key*/(Poly) [Engineering] (spans:  ) "...0." (language: Galactic Common) (Chief Engineer's Office (115, 80, 2))
[2020-09-07 01:22:49.471] TCOMMS: *no key*/(Poly) [Engineering] (spans:  ) "Check the crystal, you chucklefucks!" (language: Galactic Common) (Chief Engineer's Office (115, 80, 2))
[2020-09-07 01:22:55.485] TCOMMS: *no key*/(Poly) [Engineering] (spans:  ) "Wire the solars, you lazy bums!" (language: Galactic Common) (Chief Engineer's Office (115, 80, 2))
[2020-09-07 01:23:45.572] TCOMMS: *no key*/(Poly) [Engineering] (spans:  ) "...0." (language: Galactic Common) (Chief Engineer's Office (116, 79, 2))
[2020-09-07 01:24:54.036] TCOMMS: *no key*/(Poly) [Engineering] (spans:  ) "Wire the solars, you lazy bums!" (language: Galactic Common) (Chief Engineer's Office (116, 79, 2))
[2020-09-07 01:25:28.275] TCOMMS: *no key*/(Poly) [Engineering] (spans:  ) "Wire the solars, you lazy bums!" (language: Galactic Common) (Chief Engineer's Office (115, 80, 2))
[2020-09-07 01:27:24.484] TCOMMS: *no key*/(Poly) [Engineering] (spans:  ) "Check the crystal, you chucklefucks!" (language: Galactic Common) (Chief Engineer's Office (116, 79, 2))
[2020-09-07 01:27:40.504] TCOMMS: *no key*/(Poly) [Engineering] (spans:  ) "Check the crystal, you chucklefucks!" (language: Galactic Common) (Chief Engineer's Office (116, 81, 2))
[2020-09-07 01:28:20.619] TCOMMS: *no key*/(Poly) [Engineering] (spans:  ) "Wire the solars, you lazy bums!" (language: Galactic Common) (Chief Engineer's Office (115, 80, 2))
[2020-09-07 01:29:00.644] TCOMMS: *no key*/(Poly) [Engineering] (spans:  ) "Check the crystal, you chucklefucks!" (language: Galactic Common) (Chief Engineer's Office (115, 80, 2))
[2020-09-07 01:30:08.732] TCOMMS: *no key*/(Poly) [Engineering] (spans:  ) "WHO TOOK THE DAMN HARDSUITS?" (language: Galactic Common) (Chief Engineer's Office (115, 80, 2))
[2020-09-07 01:30:42.756] TCOMMS: *no key*/(Poly) [Engineering] (spans:  ) "Poly wanna cracker!" (language: Galactic Common) (Chief Engineer's Office (115, 80, 2))
[2020-09-07 01:31:20.780] TCOMMS: *no key*/(Poly) [Engineering] (spans:  ) "Poly wanna cracker!" (language: Galactic Common) (Chief Engineer's Office (116, 79, 2))
[2020-09-07 01:31:38.780] TCOMMS: *no key*/(Poly) [Engineering] (spans:  ) "Check the crystal, you chucklefucks!" (language: Galactic Common) (Chief Engineer's Office (115, 80, 2))
