[2020-09-15 21:10:02.744] Starting up round ID .
 - -------------------------
[2020-09-15 21:10:08.646] INIT: Initialized Profiler subsystem within 0 seconds!
[2020-09-15 21:10:08.845] Fail2Topic: Failed to drop firewall rule. Exit code: 1.
[2020-09-15 21:10:08.845] INIT: Initialized Fail2Topic subsystem within 0.2 seconds!
[2020-09-15 21:10:08.853] INIT: Initialized Title Screen subsystem within 0 seconds!
[2020-09-15 21:10:08.853] INIT: Initialized Database subsystem within 0 seconds!
[2020-09-15 21:10:08.854] INIT: Initialized Blackbox subsystem within 0 seconds!
[2020-09-15 21:10:08.854] INIT: Initialized Server Tasks subsystem within 0 seconds!
[2020-09-15 21:10:08.855] INIT: Initialized Input subsystem within 0 seconds!
[2020-09-15 21:10:08.856] INIT: Initialized Sounds subsystem within 0 seconds!
[2020-09-15 21:10:08.857] INIT: Initialized Vis contents overlays subsystem within 0 seconds!
[2020-09-15 21:10:08.912] INIT: Initialized Research subsystem within 0.1 seconds!
[2020-09-15 21:10:08.916] INIT: Initialized Events subsystem within 0 seconds!
[2020-09-15 21:10:08.920] INIT: Initialized Jobs subsystem within 0 seconds!
[2020-09-15 21:10:08.926] INIT: Initialized Quirks subsystem within 0 seconds!
[2020-09-15 21:10:08.932] INIT: Initialized Ticker subsystem within 0 seconds!
[2020-09-15 21:10:08.946] INIT: Initialized Instruments subsystem within 0 seconds!
[2020-09-15 21:10:26.911] INIT: Initialized Mapping subsystem within 18 seconds!
[2020-09-15 21:10:26.923] INIT: Initialized Economy subsystem within 0 seconds!
[2020-09-15 21:10:26.924] INIT: Initialized Networks subsystem within 0 seconds!
[2020-09-15 21:10:26.924] INIT: Initialized Holodeck subsystem within 0 seconds!
