[2020-08-28 12:48:43.662] Starting up round ID .
 - -------------------------
[2020-08-28 13:01:49.481] Logs from logging subsystem:
 - (2020-08-28 09:55:13) ATTACK: *no key*/(Rawiri Ott) has suffered: Second Degree Burns to left arm | Damage: 10.8(rolled 26/27.9765) (Space (31, 143, 8))
 - (2020-08-28 09:55:45) ATTACK: *no key*/(Frankie Sahraoui) has suffered: Rough Abrasion to right arm | Damage: 15(rolled 26/44.3127) | WB: -5 | BWB: 10 (Medbay Lobby (133, 123, 2))
 - (2020-08-28 09:55:45) ATTACK: Bob Joga/(Cockmistress) has attacked *no key*/(Frankie Sahraoui) with butcher's cleaver[DC] (INTENT: HELP) (DAMTYPE: BRUTE) (NEWHP: 100)  (Medbay Lobby (132, 123, 2))
 - (2020-08-28 09:55:46) ATTACK: Bob Joga/(Cockmistress) has attacked *no key*/(Frankie Sahraoui) with butcher's cleaver[DC] (INTENT: HELP) (DAMTYPE: BRUTE) (NEWHP: 100)  (Medbay Lobby (132, 123, 2))
 - (2020-08-28 09:55:46) ATTACK: Bob Joga/(Cockmistress) has attacked *no key*/(Frankie Sahraoui) with butcher's cleaver[DC] (INTENT: HELP) (DAMTYPE: BRUTE) (NEWHP: 100)  (Medbay Lobby (132, 123, 2))
 - (2020-08-28 09:55:47) ATTACK: *no key*/(Frankie Sahraoui) has suffered: Rough Abrasion to head | Damage: 15(rolled 38/44.3127) | WB: -5 | BWB: 10 (Medbay Lobby (133, 123, 2))
 - (2020-08-28 09:55:47) ATTACK: Bob Joga/(Cockmistress) has attacked *no key*/(Frankie Sahraoui) with butcher's cleaver[DC] (INTENT: HELP) (DAMTYPE: BRUTE) (NEWHP: 100)  (Medbay Lobby (132, 123, 2))
 - (2020-08-28 09:55:48) ATTACK: Bob Joga/(Cockmistress) has attacked *no key*/(Frankie Sahraoui) with butcher's cleaver[DC] (INTENT: HELP) (DAMTYPE: BRUTE) (NEWHP: 100)  (Medbay Lobby (132, 123, 2))
 - (2020-08-28 09:55:49) ATTACK: Bob Joga/(Cockmistress) has attacked *no key*/(Frankie Sahraoui) with butcher's cleaver[DC] (INTENT: HELP) (DAMTYPE: BRUTE) (NEWHP: 100)  (Medbay Lobby (132, 123, 2))
 - (2020-08-28 09:55:50) ATTACK: Bob Joga/(Cockmistress) has attacked *no key*/(Frankie Sahraoui) with butcher's cleaver[DC] (INTENT: HELP) (DAMTYPE: BRUTE) (NEWHP: 100)  (Medbay Lobby (132, 123, 2))
 - (2020-08-28 09:55:51) ATTACK: Bob Joga/(Cockmistress) has attacked *no key*/(Frankie Sahraoui) with butcher's cleaver[DC] (INTENT: HELP) (DAMTYPE: BRUTE) (NEWHP: 100)  (Medbay Lobby (132, 123, 2))
 - (2020-08-28 09:55:52) ATTACK: *no key*/(Frankie Sahraoui) has suffered: Rough Abrasion to left arm | Damage: 15(rolled 37/44.3127) | WB: -5 | BWB: 10 (Medbay Lobby (133, 123, 2))
 - (2020-08-28 09:55:52) ATTACK: Bob Joga/(Cockmistress) has attacked *no key*/(Frankie Sahraoui) with butcher's cleaver[DC] (INTENT: HELP) (DAMTYPE: BRUTE) (NEWHP: 100)  (Medbay Lobby (132, 123, 2))
 - (2020-08-28 09:55:53) ATTACK: Bob Joga/(Cockmistress) has attacked *no key*/(Frankie Sahraoui) with butcher's cleaver[DC] (INTENT: HELP) (DAMTYPE: BRUTE) (NEWHP: 100)  (Medbay Lobby (132, 123, 2))
 - (2020-08-28 09:55:55) ATTACK: Bob Joga/(Cockmistress) has attacked *no key*/(Frankie Sahraoui) with butcher's cleaver[DC] (INTENT: HELP) (DAMTYPE: BRUTE) (NEWHP: 100)  (Medbay Lobby (132, 123, 2))
 - (2020-08-28 09:55:56) ATTACK: Bob Joga/(Cockmistress) has attacked *no key*/(Frankie Sahraoui) with butcher's cleaver[DC] (INTENT: HELP) (DAMTYPE: BRUTE) (NEWHP: 100)  (Medbay Lobby (132, 123, 2))
 - (2020-08-28 09:55:57) ATTACK: *no key*/(Frankie Sahraoui) has suffered: Open Laceration to head | Damage: 16.5(rolled 46/50.6381) | WB: -5 | BWB: 10 (Medbay Lobby (133, 123, 2))
 - (2020-08-28 09:55:57) ATTACK: *no key*/(Frankie Sahraoui) has suffered: Rough Abrasion to chest | Damage: 15(rolled 21/44.3127) (Medbay Lobby (133, 123, 2))
 - (2020-08-28 09:55:57) ATTACK: Bob Joga/(Cockmistress) has attacked *no key*/(Frankie Sahraoui) with butcher's cleaver[DC] (INTENT: HELP) (DAMTYPE: BRUTE) (NEWHP: 100)  (Medbay Lobby (132, 123, 2))
 - (2020-08-28 09:55:58) ATTACK: *no key*/(Frankie Sahraoui) has suffered: Open Laceration to right arm | Damage: 16.5(rolled 43/50.6381) | WB: -5 | BWB: 10 (Medbay Lobby (133, 123, 2))
 - (2020-08-28 09:55:58) ATTACK: Bob Joga/(Cockmistress) has attacked *no key*/(Frankie Sahraoui) with butcher's cleaver[DC] (INTENT: HELP) (DAMTYPE: BRUTE) (NEWHP: 100)  (Medbay Lobby (132, 123, 2))
 - (2020-08-28 09:55:59) ATTACK: Bob Joga/(Cockmistress) has attacked *no key*/(Frankie Sahraoui) with butcher's cleaver[DC] (INTENT: HELP) (DAMTYPE: BRUTE) (NEWHP: 100)  (Medbay Lobby (132, 123, 2))
 - (2020-08-28 09:56:00) ATTACK: *no key*/(Frankie Sahraoui) has suffered: Open Laceration to chest | Damage: 16.5(rolled 48/50.6381) (Medbay Lobby (133, 123, 2))
 - (2020-08-28 09:56:00) ATTACK: Bob Joga/(Cockmistress) has attacked *no key*/(Frankie Sahraoui) with butcher's cleaver[DC] (INTENT: HELP) (DAMTYPE: BRUTE) (NEWHP: 100)  (Medbay Lobby (132, 123, 2))
 - (2020-08-28 09:56:01) ATTACK: *no key*/(Frankie Sahraoui) has suffered: Weeping Avulsion to head | Damage: 16.5(rolled 46/50.6381) | WB: -5 | BWB: 10 (Medbay Lobby (133, 123, 2))
 - (2020-08-28 09:56:01) ATTACK: Bob Joga/(Cockmistress) has attacked *no key*/(Frankie Sahraoui) with butcher's cleaver[DC] (INTENT: HELP) (DAMTYPE: BRUTE) (NEWHP: 100)  (Medbay Lobby (132, 123, 2))
 - (2020-08-28 09:56:02) ATTACK: Bob Joga/(Cockmistress) has attacked *no key*/(Frankie Sahraoui) with butcher's cleaver[DC] (INTENT: HELP) (DAMTYPE: BRUTE) (NEWHP: 100)  (Medbay Lobby (132, 123, 2))
 - (2020-08-28 09:56:04) ATTACK: Bob Joga/(Cockmistress) has attacked *no key*/(Frankie Sahraoui) with butcher's cleaver[DC] (INTENT: HELP) (DAMTYPE: BRUTE) (NEWHP: 100)  (Medbay Lobby (132, 123, 2))
 - (2020-08-28 09:56:05) ATTACK: *no key*/(Frankie Sahraoui) has suffered: Rough Abrasion to left foot | Damage: 15(rolled 35/44.3127) | WB: -5 | BWB: 10 (Medbay Lobby (133, 123, 2))
 - (2020-08-28 09:56:05) ATTACK: Bob Joga/(Cockmistress) has attacked *no key*/(Frankie Sahraoui) with butcher's cleaver[DC] (INTENT: HELP) (DAMTYPE: BRUTE) (NEWHP: 100)  (Medbay Lobby (132, 123, 2))
 - (2020-08-28 09:56:06) ATTACK: Bob Joga/(Cockmistress) has attacked *no key*/(Frankie Sahraoui) with butcher's cleaver[DC] (INTENT: HELP) (DAMTYPE: BRUTE) (NEWHP: 100)  (Medbay Lobby (132, 123, 2))
 - (2020-08-28 09:56:06) ATTACK: Bob Joga/(Cockmistress) has attacked *no key*/(Frankie Sahraoui) with butcher's cleaver[DC] (INTENT: HELP) (DAMTYPE: BRUTE) (NEWHP: 100)  (Medbay Lobby (132, 123, 2))
 - (2020-08-28 09:56:07) ATTACK: Bob Joga/(Cockmistress) has attacked *no key*/(Frankie Sahraoui) with butcher's cleaver[DC] (INTENT: HELP) (DAMTYPE: BRUTE) (NEWHP: 100)  (Medbay Lobby (132, 123, 2))
 - (2020-08-28 09:56:08) ATTACK: Bob Joga/(Cockmistress) has attacked *no key*/(Frankie Sahraoui) with butcher's cleaver[DC] (INTENT: HELP) (DAMTYPE: BRUTE) (NEWHP: 100)  (Medbay Lobby (132, 123, 2))
 - (2020-08-28 09:56:09) ATTACK: *no key*/(Frankie Sahraoui) has suffered: Rough Abrasion to left leg | Damage: 15(rolled 30/44.3127) | WB: -5 | BWB: 10 (Medbay Lobby (133, 123, 2))
 - (2020-08-28 09:56:09) ATTACK: Bob Joga/(Cockmistress) has attacked *no key*/(Frankie Sahraoui) with butcher's cleaver[DC] (INTENT: HELP) (DAMTYPE: BRUTE) (NEWHP: 100)  (Medbay Lobby (132, 123, 2))
 - (2020-08-28 09:56:10) ATTACK: Bob Joga/(Cockmistress) has attacked *no key*/(Frankie Sahraoui) with butcher's cleaver[DC] (INTENT: HELP) (DAMTYPE: BRUTE) (NEWHP: 100)  (Medbay Lobby (132, 123, 2))
 - (2020-08-28 09:56:34) ATTACK: Bob Joga/(Cockmistress) has attacked *no key*/(Frankie Sahraoui) with butcher's cleaver[DC] (INTENT: HELP) (DAMTYPE: BRUTE) (NEWHP: 92)  (Medbay Lobby (132, 123, 2))
 - (2020-08-28 09:56:35) ATTACK: Bob Joga/(Cockmistress) has attacked *no key*/(Frankie Sahraoui) with butcher's cleaver[DC] (INTENT: HELP) (DAMTYPE: BRUTE) (NEWHP: 92)  (Medbay Lobby (132, 123, 2))
 - (2020-08-28 09:56:36) ATTACK: Bob Joga/(Cockmistress) has attacked *no key*/(Frankie Sahraoui) with butcher's cleaver[DC] (INTENT: HELP) (DAMTYPE: BRUTE) (NEWHP: 91)  (Medbay Lobby (132, 123, 2))
 - (2020-08-28 09:56:37) ATTACK: Bob Joga/(Cockmistress) has attacked *no key*/(Frankie Sahraoui) with butcher's cleaver[DC] (INTENT: HELP) (DAMTYPE: BRUTE) (NEWHP: 91)  (Medbay Lobby (132, 123, 2))
 - (2020-08-28 09:56:37) ATTACK: Bob Joga/(Cockmistress) has attacked *no key*/(Frankie Sahraoui) with butcher's cleaver[DC] (INTENT: HELP) (DAMTYPE: BRUTE) (NEWHP: 90)  (Medbay Lobby (132, 123, 2))
 - (2020-08-28 09:56:38) ATTACK: *no key*/(Frankie Sahraoui) has suffered: Rough Abrasion to right foot | Damage: 15(rolled 32/44.3127) | WB: -5 | BWB: 10 (Medbay Lobby (133, 123, 2))
 - (2020-08-28 09:56:38) ATTACK: Bob Joga/(Cockmistress) has attacked *no key*/(Frankie Sahraoui) with butcher's cleaver[DC] (INTENT: HELP) (DAMTYPE: BRUTE) (NEWHP: 90)  (Medbay Lobby (132, 123, 2))
 - (2020-08-28 09:56:39) ATTACK: Bob Joga/(Cockmistress) has attacked *no key*/(Frankie Sahraoui) with butcher's cleaver[DC] (INTENT: HELP) (DAMTYPE: BRUTE) (NEWHP: 90)  (Medbay Lobby (132, 123, 2))
 - (2020-08-28 09:56:40) ATTACK: *no key*/(Frankie Sahraoui) has suffered: Rough Abrasion to left hand | Damage: 15(rolled 44/44.3127) | WB: -5 | BWB: 10 (Medbay Lobby (133, 123, 2))
 - (2020-08-28 09:56:40) ATTACK: Bob Joga/(Cockmistress) has attacked *no key*/(Frankie Sahraoui) with butcher's cleaver[DC] (INTENT: HELP) (DAMTYPE: BRUTE) (NEWHP: 90)  (Medbay Lobby (132, 123, 2))
 - (2020-08-28 09:56:41) ATTACK: Bob Joga/(Cockmistress) has attacked *no key*/(Frankie Sahraoui) with butcher's cleaver[DC] (INTENT: HELP) (DAMTYPE: BRUTE) (NEWHP: 90)  (Medbay Lobby (132, 123, 2))
 - (2020-08-28 09:56:42) ATTACK: Bob Joga/(Cockmistress) has attacked *no key*/(Frankie Sahraoui) with butcher's cleaver[DC] (INTENT: HELP) (DAMTYPE: BRUTE) (NEWHP: 89)  (Medbay Lobby (132, 123, 2))
 - (2020-08-28 09:56:43) ATTACK: Bob Joga/(Cockmistress) has attacked *no key*/(Frankie Sahraoui) with butcher's cleaver[DC] (INTENT: HELP) (DAMTYPE: BRUTE) (NEWHP: 89)  (Medbay Lobby (132, 123, 2))
 - (2020-08-28 09:56:43) ATTACK: Bob Joga/(Cockmistress) has attacked *no key*/(Frankie Sahraoui) with butcher's cleaver[DC] (INTENT: HELP) (DAMTYPE: BRUTE) (NEWHP: 87)  (Medbay Lobby (132, 123, 2))
 - (2020-08-28 09:56:44) ATTACK: Bob Joga/(Cockmistress) has attacked *no key*/(Frankie Sahraoui) with butcher's cleaver[DC] (INTENT: HELP) (DAMTYPE: BRUTE) (NEWHP: 87)  (Medbay Lobby (132, 123, 2))
 - (2020-08-28 09:56:45) ATTACK: Bob Joga/(Cockmistress) has attacked *no key*/(Frankie Sahraoui) with butcher's cleaver[DC] (INTENT: HELP) (DAMTYPE: BRUTE) (NEWHP: 87)  (Medbay Lobby (132, 123, 2))
 - (2020-08-28 09:56:47) ATTACK: Bob Joga/(Cockmistress) has attacked *no key*/(Frankie Sahraoui) with butcher's cleaver[DC] (INTENT: HELP) (DAMTYPE: BRUTE) (NEWHP: 85)  (Medbay Lobby (132, 123, 2))
 - (2020-08-28 09:56:47) ATTACK: Bob Joga/(Cockmistress) has attacked *no key*/(Frankie Sahraoui) with butcher's cleaver[DC] (INTENT: HELP) (DAMTYPE: BRUTE) (NEWHP: 84)  (Medbay Lobby (132, 123, 2))
 - (2020-08-28 09:56:48) ATTACK: Bob Joga/(Cockmistress) has attacked *no key*/(Frankie Sahraoui) with butcher's cleaver[DC] (INTENT: HELP) (DAMTYPE: BRUTE) (NEWHP: 84)  (Medbay Lobby (132, 123, 2))
 - (2020-08-28 09:56:49) ATTACK: Bob Joga/(Cockmistress) has attacked *no key*/(Frankie Sahraoui) with butcher's cleaver[DC] (INTENT: HELP) (DAMTYPE: BRUTE) (NEWHP: 84)  (Medbay Lobby (132, 123, 2))
 - (2020-08-28 09:57:02) ATTACK: Bob Joga/(Cockmistress) has shaked *no key*/(Frankie Sahraoui) (NEWHP: 71)  (Medbay Lobby (132, 123, 2))
 - (2020-08-28 09:57:03) ATTACK: Bob Joga/(Cockmistress) has shaked *no key*/(Frankie Sahraoui) (NEWHP: 71)  (Medbay Lobby (132, 123, 2))
 - (2020-08-28 09:57:04) ATTACK: Bob Joga/(Cockmistress) has shaked *no key*/(Frankie Sahraoui) (NEWHP: 69)  (Medbay Lobby (132, 123, 2))
 - (2020-08-28 09:57:05) ATTACK: Bob Joga/(Cockmistress) has shaked *no key*/(Frankie Sahraoui) (NEWHP: 69)  (Medbay Lobby (132, 123, 2))
 - (2020-08-28 09:58:30) ATTACK: *no key*/(Rawiri Ott) has suffered: Second Degree Burns to left hand | Damage: 10.8(rolled 27/27.9765) (Space (31, 143, 8))
 - (2020-08-28 09:59:14) ATTACK: Bob Joga/(Cockmistress) has grabbed *no key*/(Frankie Sahraoui) passive grab (NEWHP: -46)  (Medbay Lobby (132, 123, 2))
 - (2020-08-28 10:00:25) ATTACK: Bob Joga/(Cockmistress) has shaked *no key*/(Frankie Sahraoui) (NEWHP: 98)  (Central Primary Hallway (129, 124, 2))
 - (2020-08-28 10:00:26) ATTACK: Bob Joga/(Cockmistress) has shaked *no key*/(Frankie Sahraoui) (NEWHP: 98)  (Central Primary Hallway (129, 124, 2))
 - (2020-08-28 10:00:46) ATTACK: Bob Joga/(Cockmistress) has shaked *no key*/(Frankie Sahraoui) (NEWHP: 91)  (Central Primary Hallway (129, 124, 2))
 - (2020-08-28 10:00:46) ATTACK: *no key*/(Rawiri Ott) has suffered: Second Degree Burns to chest | Damage: 10.8(rolled 27/27.9765) (Space (31, 143, 8))
 - (2020-08-28 10:00:46) ATTACK: *no key*/(Rawiri Ott) has suffered: Rib Dislocation to chest | Damage: 9.9(rolled 12/24.7679) (Space (31, 143, 8))
 - (2020-08-28 10:00:47) ATTACK: Bob Joga/(Cockmistress) has shaked *no key*/(Frankie Sahraoui) (NEWHP: 91)  (Central Primary Hallway (129, 124, 2))
 - (2020-08-28 10:00:47) ATTACK: Bob Joga/(Cockmistress) has shaked *no key*/(Frankie Sahraoui) (NEWHP: 91)  (Central Primary Hallway (129, 124, 2))
 - (2020-08-28 10:00:50) ATTACK: *no key*/(Rawiri Ott) has suffered: Hairline Fracture to chest | Damage: 9.9(rolled 24/24.7679) (Space (31, 143, 8))
 - (2020-08-28 10:01:05) ATTACK: *no key*/(Rawiri Ott) has suffered: Third Degree Burns to chest | Damage: 10.8(rolled 20/27.9765) (Space (31, 143, 8))
 - (2020-08-28 10:01:27) ATTACK: *no key*/(Rawiri Ott) has suffered: Second Degree Burns to right foot | Damage: 10.8(rolled 26/27.9765) (Space (31, 143, 8))
