[2020-09-06 16:02:24.785] Starting up round ID .
 - -------------------------
[2020-09-06 16:02:30.682] INIT: Initialized Profiler subsystem within 0 seconds!
[2020-09-06 16:02:30.885] Fail2Topic: Failed to drop firewall rule. Exit code: 1.
[2020-09-06 16:02:30.885] INIT: Initialized Fail2Topic subsystem within 0.2 seconds!
[2020-09-06 16:02:30.888] INIT: Initialized Title Screen subsystem within 0 seconds!
[2020-09-06 16:02:30.888] INIT: Initialized Database subsystem within 0 seconds!
[2020-09-06 16:02:30.888] INIT: Initialized Blackbox subsystem within 0 seconds!
[2020-09-06 16:02:30.889] INIT: Initialized Server Tasks subsystem within 0 seconds!
[2020-09-06 16:02:30.889] INIT: Initialized Input subsystem within 0 seconds!
[2020-09-06 16:02:30.892] INIT: Initialized Sounds subsystem within 0 seconds!
[2020-09-06 16:02:30.892] INIT: Initialized Vis contents overlays subsystem within 0 seconds!
[2020-09-06 16:02:30.950] INIT: Initialized Research subsystem within 0.1 seconds!
[2020-09-06 16:02:30.954] INIT: Initialized Events subsystem within 0 seconds!
[2020-09-06 16:02:30.959] INIT: Initialized Jobs subsystem within 0 seconds!
[2020-09-06 16:02:30.965] INIT: Initialized Quirks subsystem within 0 seconds!
[2020-09-06 16:02:30.982] INIT: Initialized Ticker subsystem within 0 seconds!
[2020-09-06 16:02:30.995] INIT: Initialized Instruments subsystem within 0 seconds!
[2020-09-06 16:02:50.129] INIT: Initialized Mapping subsystem within 19.2 seconds!
[2020-09-06 16:02:50.140] INIT: Initialized Economy subsystem within 0 seconds!
[2020-09-06 16:02:50.141] INIT: Initialized Networks subsystem within 0 seconds!
[2020-09-06 16:02:50.141] INIT: Initialized Holodeck subsystem within 0 seconds!
[2020-09-06 16:03:21.272] INIT: Initialized Atoms subsystem within 31.1 seconds!
[2020-09-06 16:03:21.299] INIT: Initialized Language subsystem within 0 seconds!
[2020-09-06 16:03:21.429] INIT: Initialized Machines subsystem within 0.2 seconds!
[2020-09-06 16:03:21.463] INIT: Initialized Circuit subsystem within 0 seconds!
[2020-09-06 16:03:22.786] INIT: Initialized Atmos Adjacency subsystem within 1.3 seconds!
[2020-09-06 16:03:22.786] INIT: Initialized Autotransfer Vote subsystem within 0 seconds!
[2020-09-06 16:03:22.786] INIT: Initialized Chemistry subsystem within 0 seconds!
[2020-09-06 16:03:22.786] INIT: Initialized Status Effects subsystem within 0 seconds!
[2020-09-06 16:03:22.788] INIT: Initialized Weather subsystem within 0 seconds!
[2020-09-06 16:03:22.792] INIT: Initialized Disease subsystem within 0 seconds!
[2020-09-06 16:03:22.792] INIT: Initialized Jukeboxes subsystem within 0 seconds!
[2020-09-06 16:03:22.792] INIT: Initialized Medals subsystem within 0 seconds!
[2020-09-06 16:03:23.113] INIT: Initialized Minimaps subsystem within 0.4 seconds!
[2020-09-06 16:03:23.174] INIT: Initialized Night Shift subsystem within 0 seconds!
[2020-09-06 16:03:23.174] INIT: Initialized Parallax subsystem within 0 seconds!
[2020-09-06 16:03:23.174] INIT: Initialized Sun subsystem within 0 seconds!
[2020-09-06 16:03:23.404] INIT: Initialized Traumas subsystem within 0.3 seconds!
[2020-09-06 16:03:23.439] INIT: Initialized Bluespace Locker subsystem within 0 seconds!
[2020-09-06 16:03:23.471] INIT: Initialized Pacification Bans subsystem within 0 seconds!
[2020-09-06 16:03:23.471] INIT: Initialized Logging subsystem within 0 seconds!
[2020-09-06 16:03:23.471] INIT: Initialized Recycling subsystem within 0 seconds!
[2020-09-06 16:03:29.642] INIT: Initialized Atmospherics subsystem within 6.2 seconds!
[2020-09-06 16:03:29.642] INIT: Initialized Atmospherics - Turfs subsystem within 0 seconds!
[2020-09-06 16:03:32.703] INIT: Initialized Assets subsystem within 3.1 seconds!
[2020-09-06 16:03:38.727] INIT: Initialized Icon Smoothing subsystem within 6 seconds!
[2020-09-06 16:03:39.994] INIT: Initialized Overlay subsystem within 1.2 seconds!
[2020-09-06 16:03:39.994] INIT: Initialized XKeyScore subsystem within 0 seconds!
[2020-09-06 16:03:39.999] INIT: Initialized Sticky Ban subsystem within 0 seconds!
[2020-09-06 16:03:47.882] INIT: Initialized Lighting subsystem within 7.9 seconds!
[2020-09-06 16:03:51.554] INIT: Initialized Shuttle subsystem within 3.7 seconds!
[2020-09-06 16:03:51.592] INIT: Initialized Minor Mapping subsystem within 0 seconds!
[2020-09-06 16:03:51.592] INIT: Initialized Pathfinder subsystem within 0 seconds!
[2020-09-06 16:03:51.622] INIT: Initialized Persistence subsystem within 0.1 seconds!
[2020-09-06 16:03:51.622] INIT: Initialized Chat subsystem within 0 seconds!
