[2020-09-11 21:51:34.713] Starting up round ID .
 - -------------------------
[2020-09-11 21:51:41.165] INIT: Initialized Profiler subsystem within 0 seconds!
[2020-09-11 21:51:41.364] Fail2Topic: Failed to drop firewall rule. Exit code: 1.
[2020-09-11 21:51:41.365] INIT: Initialized Fail2Topic subsystem within 0.2 seconds!
[2020-09-11 21:51:41.369] INIT: Initialized Title Screen subsystem within 0 seconds!
[2020-09-11 21:51:41.369] INIT: Initialized Database subsystem within 0 seconds!
[2020-09-11 21:51:41.369] INIT: Initialized Blackbox subsystem within 0 seconds!
[2020-09-11 21:51:41.370] INIT: Initialized Server Tasks subsystem within 0 seconds!
[2020-09-11 21:51:41.370] INIT: Initialized Input subsystem within 0 seconds!
[2020-09-11 21:51:41.372] INIT: Initialized Sounds subsystem within 0 seconds!
[2020-09-11 21:51:41.372] INIT: Initialized Vis contents overlays subsystem within 0 seconds!
[2020-09-11 21:51:41.440] INIT: Initialized Research subsystem within 0.1 seconds!
[2020-09-11 21:51:41.444] INIT: Initialized Events subsystem within 0 seconds!
[2020-09-11 21:51:41.451] INIT: Initialized Jobs subsystem within 0 seconds!
[2020-09-11 21:51:41.457] INIT: Initialized Quirks subsystem within 0 seconds!
[2020-09-11 21:51:41.465] INIT: Initialized Ticker subsystem within 0 seconds!
[2020-09-11 21:51:41.478] INIT: Initialized Instruments subsystem within 0 seconds!
[2020-09-11 21:52:01.476] INIT: Initialized Mapping subsystem within 20 seconds!
[2020-09-11 21:52:01.522] INIT: Initialized Economy subsystem within 0 seconds!
[2020-09-11 21:52:01.523] INIT: Initialized Networks subsystem within 0 seconds!
[2020-09-11 21:52:01.523] INIT: Initialized Holodeck subsystem within 0 seconds!
[2020-09-11 21:52:42.451] INIT: Initialized Atoms subsystem within 40.9 seconds!
[2020-09-11 21:52:42.484] INIT: Initialized Language subsystem within 0 seconds!
[2020-09-11 21:52:42.835] INIT: Initialized Machines subsystem within 0.4 seconds!
[2020-09-11 21:52:42.911] INIT: Initialized Circuit subsystem within 0.1 seconds!
[2020-09-11 21:52:44.481] INIT: Initialized Atmos Adjacency subsystem within 1.5 seconds!
[2020-09-11 21:52:44.482] INIT: Initialized Autotransfer Vote subsystem within 0 seconds!
[2020-09-11 21:52:44.482] INIT: Initialized Chemistry subsystem within 0 seconds!
[2020-09-11 21:52:44.482] INIT: Initialized Status Effects subsystem within 0 seconds!
[2020-09-11 21:52:44.483] INIT: Initialized Weather subsystem within 0 seconds!
[2020-09-11 21:52:44.487] INIT: Initialized Disease subsystem within 0 seconds!
[2020-09-11 21:52:44.487] INIT: Initialized Jukeboxes subsystem within 0 seconds!
[2020-09-11 21:52:44.487] INIT: Initialized Medals subsystem within 0 seconds!
[2020-09-11 21:52:44.762] INIT: Initialized Minimaps subsystem within 0.3 seconds!
[2020-09-11 21:52:44.832] INIT: Initialized Night Shift subsystem within 0 seconds!
[2020-09-11 21:52:44.832] INIT: Initialized Parallax subsystem within 0 seconds!
[2020-09-11 21:52:44.832] INIT: Initialized Sun subsystem within 0 seconds!
[2020-09-11 21:52:45.082] INIT: Initialized Traumas subsystem within 0.2 seconds!
[2020-09-11 21:52:45.135] INIT: Initialized Bluespace Locker subsystem within 0.1 seconds!
[2020-09-11 21:52:45.184] INIT: Initialized Pacification Bans subsystem within 0 seconds!
[2020-09-11 21:52:45.184] INIT: Initialized Logging subsystem within 0 seconds!
[2020-09-11 21:52:45.184] INIT: Initialized Recycling subsystem within 0 seconds!
[2020-09-11 21:52:52.469] INIT: Initialized Atmospherics subsystem within 7.3 seconds!
[2020-09-11 21:52:52.469] INIT: Initialized Atmospherics - Turfs subsystem within 0 seconds!
[2020-09-11 21:52:56.314] INIT: Initialized Assets subsystem within 3.9 seconds!
[2020-09-11 21:53:03.449] INIT: Initialized Icon Smoothing subsystem within 7.1 seconds!
[2020-09-11 21:53:04.804] INIT: Initialized Overlay subsystem within 1.4 seconds!
[2020-09-11 21:53:04.804] INIT: Initialized XKeyScore subsystem within 0 seconds!
[2020-09-11 21:53:04.805] INIT: Initialized Sticky Ban subsystem within 0 seconds!
[2020-09-11 21:53:13.361] INIT: Initialized Lighting subsystem within 8.5 seconds!
[2020-09-11 21:53:18.085] INIT: Initialized Shuttle subsystem within 4.7 seconds!
[2020-09-11 21:53:18.127] INIT: Initialized Minor Mapping subsystem within 0.1 seconds!
[2020-09-11 21:53:18.128] INIT: Initialized Pathfinder subsystem within 0 seconds!
[2020-09-11 21:53:18.160] INIT: Initialized Persistence subsystem within 0 seconds!
[2020-09-11 21:53:18.160] INIT: Initialized Chat subsystem within 0 seconds!
