[2020-09-18 03:53:57.709] Starting up round ID .
 - -------------------------
[2020-09-18 03:54:03.214] INIT: Initialized Profiler subsystem within 0 seconds!
[2020-09-18 03:54:03.364] Fail2Topic: Failed to drop firewall rule. Exit code: 1.
[2020-09-18 03:54:03.364] INIT: Initialized Fail2Topic subsystem within 0.1 seconds!
[2020-09-18 03:54:03.366] INIT: Initialized Title Screen subsystem within 0 seconds!
[2020-09-18 03:54:03.367] INIT: Initialized Database subsystem within 0 seconds!
[2020-09-18 03:54:03.368] INIT: Initialized Blackbox subsystem within 0 seconds!
[2020-09-18 03:54:03.369] INIT: Initialized Server Tasks subsystem within 0 seconds!
[2020-09-18 03:54:03.371] INIT: Initialized Input subsystem within 0 seconds!
[2020-09-18 03:54:03.374] INIT: Initialized Sounds subsystem within 0 seconds!
[2020-09-18 03:54:03.374] INIT: Initialized Vis contents overlays subsystem within 0 seconds!
[2020-09-18 03:54:03.447] INIT: Initialized Research subsystem within 0.1 seconds!
[2020-09-18 03:54:03.452] INIT: Initialized Events subsystem within 0 seconds!
[2020-09-18 03:54:03.457] INIT: Initialized Jobs subsystem within 0 seconds!
[2020-09-18 03:54:03.462] INIT: Initialized Quirks subsystem within 0 seconds!
[2020-09-18 03:54:03.469] INIT: Initialized Ticker subsystem within 0 seconds!
[2020-09-18 03:54:03.481] INIT: Initialized Instruments subsystem within 0 seconds!
[2020-09-18 03:54:20.000] INIT: Initialized Mapping subsystem within 16.6 seconds!
[2020-09-18 03:54:20.013] INIT: Initialized Economy subsystem within 0 seconds!
[2020-09-18 03:54:20.014] INIT: Initialized Networks subsystem within 0 seconds!
[2020-09-18 03:54:20.014] INIT: Initialized Holodeck subsystem within 0 seconds!
[2020-09-18 03:54:52.786] INIT: Initialized Atoms subsystem within 32.7 seconds!
[2020-09-18 03:54:52.815] INIT: Initialized Language subsystem within 0.1 seconds!
[2020-09-18 03:54:52.959] INIT: Initialized Machines subsystem within 0.1 seconds!
[2020-09-18 03:54:53.009] INIT: Initialized Circuit subsystem within 0.1 seconds!
[2020-09-18 03:54:54.446] INIT: Initialized Atmos Adjacency subsystem within 1.4 seconds!
[2020-09-18 03:54:54.446] INIT: Initialized Autotransfer Vote subsystem within 0 seconds!
[2020-09-18 03:54:54.447] INIT: Initialized Chemistry subsystem within 0 seconds!
[2020-09-18 03:54:54.447] INIT: Initialized Status Effects subsystem within 0 seconds!
[2020-09-18 03:54:54.448] INIT: Initialized Weather subsystem within 0 seconds!
[2020-09-18 03:54:54.451] INIT: Initialized Disease subsystem within 0 seconds!
[2020-09-18 03:54:54.451] INIT: Initialized Jukeboxes subsystem within 0 seconds!
[2020-09-18 03:54:54.451] INIT: Initialized Medals subsystem within 0 seconds!
[2020-09-18 03:54:54.687] INIT: Initialized Minimaps subsystem within 0.2 seconds!
[2020-09-18 03:54:54.734] INIT: Initialized Night Shift subsystem within 0 seconds!
[2020-09-18 03:54:54.734] INIT: Initialized Parallax subsystem within 0 seconds!
[2020-09-18 03:54:54.734] INIT: Initialized Sun subsystem within 0 seconds!
[2020-09-18 03:54:54.946] INIT: Initialized Traumas subsystem within 0.2 seconds!
[2020-09-18 03:54:54.982] INIT: Initialized Bluespace Locker subsystem within 0 seconds!
[2020-09-18 03:54:54.983] INIT: Initialized Pacification Bans subsystem within 0 seconds!
[2020-09-18 03:54:54.983] INIT: Initialized Logging subsystem within 0 seconds!
[2020-09-18 03:54:54.983] INIT: Initialized Recycling subsystem within 0 seconds!
[2020-09-18 03:55:01.296] INIT: Initialized Atmospherics subsystem within 6.3 seconds!
[2020-09-18 03:55:01.296] INIT: Initialized Atmospherics - Turfs subsystem within 0 seconds!
[2020-09-18 03:55:04.661] INIT: Initialized Assets subsystem within 3.4 seconds!
[2020-09-18 03:55:10.938] INIT: Initialized Icon Smoothing subsystem within 6.3 seconds!
[2020-09-18 03:55:12.092] INIT: Initialized Overlay subsystem within 1.1 seconds!
[2020-09-18 03:55:12.092] INIT: Initialized XKeyScore subsystem within 0 seconds!
[2020-09-18 03:55:12.093] INIT: Initialized Sticky Ban subsystem within 0 seconds!
[2020-09-18 03:55:19.821] INIT: Initialized Lighting subsystem within 7.8 seconds!
[2020-09-18 03:55:24.623] INIT: Initialized Shuttle subsystem within 4.8 seconds!
[2020-09-18 03:55:24.661] INIT: Initialized Minor Mapping subsystem within 0 seconds!
[2020-09-18 03:55:24.682] INIT: Initialized Pathfinder subsystem within 0 seconds!
[2020-09-18 03:55:24.715] INIT: Initialized Persistence subsystem within 0.1 seconds!
[2020-09-18 03:55:24.715] INIT: Initialized Chat subsystem within 0 seconds!
