[2020-08-28 17:57:20.935] Starting up round ID .
 - -------------------------
[2020-08-28 17:57:20.979] ADMIN: Loading Banlist
[2020-08-28 17:57:21.007] ACCESS: Login: Bob Joga from localhost-3000796718 || BYOND v513.1528
[2020-08-28 17:57:21.008] ACCESS: Mob Login: Bob Joga/(Bob Joga) was assigned to a /mob/dead/new_player
[2020-08-28 17:57:23.394] GAME: Bob Joga/(Bob Joga) Client Bob Joga/(Bob Joga) has taken ownership of mob Bob Joga(/mob/dead/new_player) (start area (11, 174, 1))
[2020-08-28 17:57:26.491] GAME: Saved mode is 'extended'
[2020-08-28 17:57:39.225] GAME: Hierophant's Arena loaded at 144,168,6
[2020-08-28 17:57:39.243] GAME: Blood-Drunk Miner (Guidance) loaded at 94,134,6
[2020-08-28 17:57:39.258] GAME: Blood-Drunk Miner (Hunter) loaded at 104,206,6
[2020-08-28 17:57:39.276] GAME: Blood-Drunk Miner loaded at 82,73,6
[2020-08-28 17:57:39.293] GAME: King Goat Boss Ruin loaded at 212,113,6
[2020-08-28 17:57:39.314] GAME: Rogue's Arena loaded at 96,87,6
[2020-08-28 17:57:39.347] GAME: Sif's Sword loaded at 127,81,6
[2020-08-28 17:57:39.357] GAME: Pulsating Tumor loaded at 66,175,6
[2020-08-28 17:57:39.363] GAME: Pulsating Tumor loaded at 95,185,6
[2020-08-28 17:57:39.390] GAME: Free Golem Ship loaded at 209,48,6
[2020-08-28 17:57:39.406] GAME: Ruin of Envy loaded at 194,192,6
[2020-08-28 17:57:39.795] GAME: Syndicate Lava Base loaded at 158,95,6
[2020-08-28 17:57:42.684] GAME: Abandoned Teleporter loaded at 130,214,8
[2020-08-28 17:57:42.704] GAME: Whiteship Dock loaded at 33,169,8
[2020-08-28 17:57:42.740] GAME: Aesthetic Outpost loaded at 36,211,8
[2020-08-28 17:57:42.794] GAME: Gondoland loaded at 109,96,8
[2020-08-28 17:57:43.143] GAME: The Twin-Nexus Hotel loaded at 158,67,8
[2020-08-28 17:57:43.203] GAME: Asteroid 5 loaded at 61,116,4
[2020-08-28 17:57:43.274] GAME: Feline-Human Combination Den loaded at 72,137,8
[2020-08-28 17:57:43.836] GAME: Ancient Space Station loaded at 54,24,8
[2020-08-28 17:57:44.018] GAME: Crashed Ship loaded at 115,170,7
[2020-08-28 17:57:44.060] GAME: Unnamed Turreted Outpost loaded at 105,68,7
[2020-08-28 17:57:44.492] GAME: Kosmicheskaya Stantsiya 13 loaded at 137,62,4
[2020-08-28 17:57:44.649] GAME: Derelict Tradepost loaded at 34,183,4
[2020-08-28 17:57:44.650] GAME: Detached Teleporter loaded at 222,135,3
[2020-08-28 17:57:44.695] GAME: Derelict 6 loaded at 33,116,4
[2020-08-28 17:57:44.749] GAME: Biological Storage Facility loaded at 84,35,4
[2020-08-28 17:57:44.907] GAME: Syndicate Ambush loaded at 43,127,3
[2020-08-28 17:57:44.925] GAME: Mineable Asteroid 3 loaded at 213,206,2
[2020-08-28 17:57:44.932] GAME: Mineable Asteroid 1 loaded at 213,22,2
[2020-08-28 17:57:44.948] GAME: Mineable Asteroid 4 loaded at 24,48,2
[2020-08-28 17:57:44.955] GAME: Mineable Asteroid 1 loaded at 139,220,2
[2020-08-28 17:57:44.981] GAME: Monitoring Roid loaded at 47,22,2
[2020-08-28 17:57:45.003] GAME: Mineable Asteroid 2 loaded at 187,23,2
[2020-08-28 17:57:45.025] GAME: Dorm Roid loaded at 50,211,2
[2020-08-28 17:57:45.053] GAME: Dead wizard Roid loaded at 149,205,2
[2020-08-28 17:57:45.069] GAME: Crab Roid loaded at 181,209,2
[2020-08-28 17:57:45.078] GAME: Mineable Asteroid 1 loaded at 72,30,2
[2020-08-28 17:57:45.179] GAME: Box TEG loaded at 96,49,2
[2020-08-28 17:57:45.447] GAME: Public Mining Base loaded at 1,1,6
[2020-08-28 17:58:50.322] GAME: Backup Shuttle loaded at 84,206,1
[2020-08-28 17:58:50.402] GAME: assault pod (Default) loaded at 85,207,1
[2020-08-28 17:58:50.725] GAME: basic syndicate infiltrator loaded at 80,199,1
[2020-08-28 17:58:51.004] GAME: fancy transport ferry loaded at 82,208,1
[2020-08-28 17:58:51.210] GAME: Box Station Emergency Shuttle loaded at 83,199,1
[2020-08-28 17:58:51.428] GAME: cargo ferry (Box) loaded at 85,204,1
[2020-08-28 17:58:51.981] GAME: escape pod (Default) loaded at 87,208,1
[2020-08-28 17:58:52.010] GAME: escape pod (Default) loaded at 87,208,1
[2020-08-28 17:58:52.066] GAME: auxilliary base (Default) loaded at 84,206,1
[2020-08-28 17:58:52.169] GAME: arrival shuttle (Box) loaded at 81,207,1
[2020-08-28 17:58:52.267] GAME: mining shuttle (Box) loaded at 86,207,1
[2020-08-28 17:58:52.322] GAME: labour shuttle (Box) loaded at 86,206,1
[2020-08-28 17:58:52.368] GAME: escape pod (Default) loaded at 87,208,1
[2020-08-28 17:58:52.396] GAME: escape pod (Default) loaded at 87,208,1
[2020-08-28 17:58:52.425] GAME: lavaland Mining Elevator loaded at 86,208,1
[2020-08-28 17:58:53.586] GAME: Hospital Ship loaded at 73,202,1
[2020-08-28 17:58:53.915] GAME: Syndicate Fighter loaded at 86,206,1
[2020-08-28 17:58:54.181] GAME: Small Freighter loaded at 78,205,1
[2020-08-28 17:58:54.570] GAME: Pirate Cutter loaded at 77,204,1
[2020-08-28 17:58:54.872] GAME: Syndicate Dropship loaded at 81,207,1
[2020-08-28 17:58:55.093] VOTE: Roundtype vote started by server.
[2020-08-28 17:59:56.174] VOTE: <b>Roundtype Vote</b><b>Vote Result: Inconclusive - No Votes!</b>
[2020-08-28 18:03:59.077] GAME: *no key*/(Bob Joga) *no key*/(Bob Joga) is no longer owning mob Bob Joga(/mob/dead/new_player) (start area (11, 174, 1))
[2020-08-28 18:03:59.077] ACCESS: Mob Login: Bob Joga/(Cockmistress) was assigned to a /mob/living/carbon/human
[2020-08-28 18:03:59.946] GAME: Bob Joga/(Cockmistress) Client Bob Joga/(Cockmistress) has taken ownership of mob (/mob/living/carbon/human) (Arrival Shuttle (29, 24, 10))
[2020-08-28 18:04:30.498] ADMIN: Bob Joga/(Cockmistress) dealt 100 amount of toxin damage to Bob Joga/(Cockmistress)
