[2020-08-28 04:02:40.776] Starting up round ID .
 - -------------------------
[2020-08-28 04:13:33.535] Logs from logging subsystem:
 - (2020-08-28 01:04:39) ATTACK: Bob Joga/(Cockmistress) has suffered: Rough Abrasion to chest | Damage: 13.5(rolled 34/38.2355) | WB: -5 | BWB: 10 (Armory (114, 172, 2))
 - (2020-08-28 01:04:39) ATTACK: Bob Joga/(Cockmistress) has attacked Bob Joga/(Cockmistress) with butcher's cleaver[DC] (INTENT: HELP) (DAMTYPE: BRUTE) (NEWHP: 100)  (Armory (114, 172, 2))
 - (2020-08-28 01:04:40) ATTACK: Bob Joga/(Cockmistress) has attacked Bob Joga/(Cockmistress) with butcher's cleaver[DC] (INTENT: HELP) (DAMTYPE: BRUTE) (NEWHP: 100)  (Armory (114, 172, 2))
 - (2020-08-28 01:04:41) ATTACK: Bob Joga/(Cockmistress) has suffered: Rough Abrasion to right leg | Damage: 13.5(rolled 24/38.2355) | WB: -5 | BWB: 10 (Armory (114, 172, 2))
 - (2020-08-28 01:04:41) ATTACK: Bob Joga/(Cockmistress) has attacked Bob Joga/(Cockmistress) with butcher's cleaver[DC] (INTENT: HELP) (DAMTYPE: BRUTE) (NEWHP: 100)  (Armory (114, 172, 2))
 - (2020-08-28 01:04:42) ATTACK: Bob Joga/(Cockmistress) has attacked Bob Joga/(Cockmistress) with butcher's cleaver[DC] (INTENT: HELP) (DAMTYPE: BRUTE) (NEWHP: 100)  (Armory (114, 172, 2))
 - (2020-08-28 01:04:42) ATTACK: Bob Joga/(Cockmistress) has attacked Bob Joga/(Cockmistress) with butcher's cleaver[DC] (INTENT: HELP) (DAMTYPE: BRUTE) (NEWHP: 100)  (Armory (114, 172, 2))
 - (2020-08-28 01:04:43) ATTACK: Bob Joga/(Cockmistress) has attacked Bob Joga/(Cockmistress) with butcher's cleaver[DC] (INTENT: HELP) (DAMTYPE: BRUTE) (NEWHP: 100)  (Armory (114, 172, 2))
 - (2020-08-28 01:05:01) ATTACK: Bob Joga/(Cockmistress) has attacked Bob Joga/(Cockmistress) with butcher's cleaver[DC] (INTENT: HELP) (DAMTYPE: BRUTE) (NEWHP: 100)  (Brig (116, 170, 2))
 - (2020-08-28 01:05:20) ATTACK: Bob Joga/(Cockmistress) has attacked Bob Joga/(Cockmistress) with butcher's cleaver[DC] (INTENT: HELP) (DAMTYPE: BRUTE) (NEWHP: 98)  (Brig (107, 171, 2))
 - (2020-08-28 01:05:21) ATTACK: Bob Joga/(Cockmistress) has attacked Bob Joga/(Cockmistress) with butcher's cleaver[DC] (INTENT: HELP) (DAMTYPE: BRUTE) (NEWHP: 98)  (Brig (110, 171, 2))
 - (2020-08-28 01:05:24) ATTACK: Bob Joga/(Cockmistress) has attacked Bob Joga/(Cockmistress) with butcher's cleaver[DC] (INTENT: HELP) (DAMTYPE: BRUTE) (NEWHP: 98)  (Brig (112, 171, 2))
 - (2020-08-28 01:05:24) ATTACK: Bob Joga/(Cockmistress) has suffered: Rough Abrasion to head | Damage: 10.5(rolled 26/26.8946) | WB: -5 | BWB: 10 (Brig (112, 171, 2))
 - (2020-08-28 01:05:24) ATTACK: Bob Joga/(Cockmistress) has attacked Bob Joga/(Cockmistress) with butcher's cleaver[DC] (INTENT: HELP) (DAMTYPE: BRUTE) (NEWHP: 97)  (Brig (112, 171, 2))
 - (2020-08-28 01:05:25) ATTACK: Bob Joga/(Cockmistress) has attacked Bob Joga/(Cockmistress) with butcher's cleaver[DC] (INTENT: HELP) (DAMTYPE: BRUTE) (NEWHP: 97)  (Brig (112, 171, 2))
 - (2020-08-28 01:05:26) ATTACK: Bob Joga/(Cockmistress) has attacked Bob Joga/(Cockmistress) with butcher's cleaver[DC] (INTENT: HELP) (DAMTYPE: BRUTE) (NEWHP: 97)  (Brig (112, 171, 2))
 - (2020-08-28 01:05:27) ATTACK: Bob Joga/(Cockmistress) has attacked Bob Joga/(Cockmistress) with butcher's cleaver[DC] (INTENT: HELP) (DAMTYPE: BRUTE) (NEWHP: 97)  (Brig (112, 171, 2))
 - (2020-08-28 01:05:28) ATTACK: Bob Joga/(Cockmistress) has attacked Bob Joga/(Cockmistress) with butcher's cleaver[DC] (INTENT: HELP) (DAMTYPE: BRUTE) (NEWHP: 97)  (Brig (112, 171, 2))
 - (2020-08-28 01:05:29) ATTACK: Bob Joga/(Cockmistress) has attacked Bob Joga/(Cockmistress) with butcher's cleaver[DC] (INTENT: HELP) (DAMTYPE: BRUTE) (NEWHP: 97)  (Brig (112, 170, 2))
 - (2020-08-28 01:05:54) ATTACK: Bob Joga/(Cockmistress) has attacked Bob Joga/(Cockmistress) with butcher's cleaver[DC] (INTENT: HELP) (DAMTYPE: BRUTE) (NEWHP: 93)  (Brig (111, 171, 2))
 - (2020-08-28 01:05:55) ATTACK: Bob Joga/(Cockmistress) has attacked Bob Joga/(Cockmistress) with butcher's cleaver[DC] (INTENT: HELP) (DAMTYPE: BRUTE) (NEWHP: 92)  (Brig (111, 170, 2))
 - (2020-08-28 01:06:00) ATTACK: *no key*/(Alberto Edry) has suffered: Second Degree Burns to right arm | Damage: 10.8(rolled 26/27.9765) (Tiny Freighter (119, 72, 3))
 - (2020-08-28 01:06:02) ATTACK: *no key*/(Topcake) has suffered: Second Degree Burns to right leg | Damage: 10.8(rolled 27/27.9765) (Unexplored Location (201, 122, 8))
 - (2020-08-28 01:06:03) ATTACK: Bob Joga/(Cockmistress) has attacked Bob Joga/(Cockmistress) with butcher's cleaver[DC] (INTENT: HELP) (DAMTYPE: BRUTE) (NEWHP: 89)  (Brig (110, 169, 2))
 - (2020-08-28 01:06:03) ATTACK: Bob Joga/(Cockmistress) has attacked Bob Joga/(Cockmistress) with butcher's cleaver[DC] (INTENT: HELP) (DAMTYPE: BRUTE) (NEWHP: 89)  (Brig (110, 169, 2))
 - (2020-08-28 01:06:08) ATTACK: *no key*/(Skylar Clark) has suffered: Second Degree Burns to right leg | Damage: 10.8(rolled 27/27.9765) (Small Freighter (56, 75, 3))
 - (2020-08-28 01:06:14) ATTACK: *no key*/(Sprinkledinkle) has suffered: Second Degree Burns to left arm | Damage: 10.8(rolled 27/27.9765) (Unexplored Location (200, 120, 8))
 - (2020-08-28 01:06:16) ATTACK: *no key*/(Rokur Hurst) has suffered: Second Degree Burns to right leg | Damage: 10.8(rolled 26/27.9765) (Small Freighter (63, 73, 3))
 - (2020-08-28 01:06:58) ATTACK: *no key*/(Jo Jo Bobo Bo) has suffered: Second Degree Burns to groin | Damage: 10.8(rolled 26/27.9765) (Unexplored Location (203, 119, 8))
 - (2020-08-28 01:06:58) ATTACK: *no key*/(Jo Jo Bobo Bo) has suffered: Hairline Fracture to groin | Damage: 8.8(rolled 16/21.0027) (Unexplored Location (203, 119, 8))
 - (2020-08-28 01:07:10) ATTACK: *no key*/(Rokur Hurst) has suffered: Second Degree Burns to right foot | Damage: 10.8(rolled 26/27.9765) (Small Freighter (63, 73, 3))
 - (2020-08-28 01:07:12) ATTACK: *no key*/(Sprinkledinkle) has suffered: Second Degree Burns to left foot | Damage: 10.8(rolled 27/27.9765) (Unexplored Location (200, 120, 8))
 - (2020-08-28 01:07:18) ATTACK: *no key*/(Jo Jo Bobo Bo) has suffered: Second Degree Burns to right foot | Damage: 10.8(rolled 26/27.9765) (Unexplored Location (203, 119, 8))
 - (2020-08-28 01:07:18) ATTACK: *no key*/(Sprinkledinkle) has suffered: Second Degree Burns to right arm | Damage: 10.8(rolled 26/27.9765) (Unexplored Location (200, 120, 8))
 - (2020-08-28 01:07:22) ATTACK: *no key*/(Skylar Clark) has suffered: Second Degree Burns to right arm | Damage: 10.8(rolled 26/27.9765) (Small Freighter (56, 75, 3))
 - (2020-08-28 01:07:36) ATTACK: *no key*/(Topcake) has suffered: Second Degree Burns to chest | Damage: 10.8(rolled 26/27.9765) (Unexplored Location (201, 122, 8))
 - (2020-08-28 01:07:36) ATTACK: *no key*/(Topcake) has suffered: Rib Dislocation to chest | Damage: 8.8(rolled 6/21.0027) (Unexplored Location (201, 122, 8))
 - (2020-08-28 01:07:40) ATTACK: *no key*/(Topcake) has suffered: Hairline Fracture to chest | Damage: 9.9(rolled 20/24.7679) (Unexplored Location (201, 122, 8))
 - (2020-08-28 01:07:52) ATTACK: *no key*/(Jo Jo Bobo Bo) has suffered: Third Degree Burns to groin | Damage: 10.8(rolled 25/27.9765) (Unexplored Location (203, 119, 8))
 - (2020-08-28 01:07:58) ATTACK: *no key*/(Topcake) has suffered: Third Degree Burns to chest | Damage: 10.8(rolled 14/27.9765) (Unexplored Location (201, 122, 8))
 - (2020-08-28 01:08:08) ATTACK: *no key*/(Topcake) has suffered: Second Degree Burns to right hand | Damage: 10.8(rolled 26/27.9765) (Unexplored Location (201, 122, 8))
 - (2020-08-28 01:08:20) ATTACK: *no key*/(Skylar Clark) has suffered: Second Degree Burns to right hand | Damage: 10.8(rolled 27/27.9765) (Small Freighter (56, 75, 3))
 - (2020-08-28 01:08:22) ATTACK: *no key*/(Rokur Hurst) has suffered: Second Degree Burns to left hand | Damage: 10.8(rolled 27/27.9765) (Small Freighter (63, 73, 3))
 - (2020-08-28 01:08:22) ATTACK: *no key*/(Topcake) has suffered: Compound Fracture to chest | Damage: 12(rolled 31/32.423) (Unexplored Location (201, 122, 8))
 - (2020-08-28 01:08:30) ATTACK: *no key*/(Sprinkledinkle) has suffered: Second Degree Burns to right leg | Damage: 10.8(rolled 27/27.9765) (Unexplored Location (200, 120, 8))
 - (2020-08-28 01:08:43) ATTACK: *no key*/(Topcake) has suffered: Disembowelment (Unexplored Location (201, 122, 8))
 - (2020-08-28 01:08:44) ATTACK: *no key*/(Alberto Edry) has suffered: Second Degree Burns to groin | Damage: 10.8(rolled 27/27.9765) (Tiny Freighter (119, 72, 3))
 - (2020-08-28 01:09:00) ATTACK: *no key*/(Alberto Edry) has suffered: Second Degree Burns to right hand | Damage: 10.8(rolled 27/27.9765) (Tiny Freighter (119, 72, 3))
 - (2020-08-28 01:09:02) ATTACK: *no key*/(Alberto Edry) has suffered: Hip Dislocation to groin | Damage: 8.8(rolled 10/21.0027) (Tiny Freighter (119, 72, 3))
 - (2020-08-28 01:09:18) ATTACK: *no key*/(Skylar Clark) has suffered: Rib Dislocation to chest | Damage: 9(rolled 21/21.674) (Small Freighter (56, 75, 3))
 - (2020-08-28 01:09:18) ATTACK: *no key*/(Jo Jo Bobo Bo) has suffered: Second Degree Burns to left foot | Damage: 10.8(rolled 26/27.9765) (Unexplored Location (203, 119, 8))
 - (2020-08-28 01:09:22) ATTACK: *no key*/(Topcake) has suffered: Catastrophic Burns to chest | Damage: 10.8(rolled 20/27.9765) (Unexplored Location (201, 122, 8))
 - (2020-08-28 01:09:26) ATTACK: *no key*/(Alberto Edry) has suffered: Third Degree Burns to groin | Damage: 10.8(rolled 21/27.9765) (Tiny Freighter (119, 72, 3))
 - (2020-08-28 01:09:32) ATTACK: *no key*/(Rokur Hurst) has suffered: Second Degree Burns to left leg | Damage: 10.8(rolled 27/27.9765) (Small Freighter (63, 73, 3))
 - (2020-08-28 01:09:43) ATTACK: bobjoga/(Cockmistress) has attacked bobjoga/(Cockmistress) with butcher's cleaver[DC] (INTENT: HELP) (DAMTYPE: BRUTE) (NEWHP: 100)  (Brig (110, 171, 2))
 - (2020-08-28 01:09:44) ATTACK: bobjoga/(Cockmistress) has attacked bobjoga/(Cockmistress) with butcher's cleaver[DC] (INTENT: HELP) (DAMTYPE: BRUTE) (NEWHP: 100)  (Brig (110, 171, 2))
 - (2020-08-28 01:09:44) ATTACK: bobjoga/(Cockmistress) has attacked bobjoga/(Cockmistress) with butcher's cleaver[DC] (INTENT: HELP) (DAMTYPE: BRUTE) (NEWHP: 100)  (Brig (110, 171, 2))
 - (2020-08-28 01:09:45) ATTACK: bobjoga/(Cockmistress) has suffered: Rough Abrasion to head | Damage: 10.5(rolled 26/26.8946) | WB: -5 | BWB: 10 (Brig (110, 171, 2))
 - (2020-08-28 01:09:45) ATTACK: bobjoga/(Cockmistress) has attacked bobjoga/(Cockmistress) with butcher's cleaver[DC] (INTENT: HELP) (DAMTYPE: BRUTE) (NEWHP: 100)  (Brig (110, 171, 2))
 - (2020-08-28 01:09:46) ATTACK: bobjoga/(Cockmistress) has attacked bobjoga/(Cockmistress) with butcher's cleaver[DC] (INTENT: HELP) (DAMTYPE: BRUTE) (NEWHP: 100)  (Brig (110, 171, 2))
 - (2020-08-28 01:09:47) ATTACK: bobjoga/(Cockmistress) has attacked bobjoga/(Cockmistress) with butcher's cleaver[DC] (INTENT: HELP) (DAMTYPE: BRUTE) (NEWHP: 100)  (Brig (110, 171, 2))
 - (2020-08-28 01:09:48) ATTACK: bobjoga/(Cockmistress) has attacked bobjoga/(Cockmistress) with butcher's cleaver[DC] (INTENT: HELP) (DAMTYPE: BRUTE) (NEWHP: 100)  (Brig (110, 171, 2))
 - (2020-08-28 01:09:55) ATTACK: bobjoga/(Cockmistress) has attacked bobjoga/(Cockmistress) with butcher's cleaver[DC] (INTENT: HELP) (DAMTYPE: BRUTE) (NEWHP: 100)  (Brig (112, 171, 2))
 - (2020-08-28 01:09:56) ATTACK: bobjoga/(Cockmistress) has attacked bobjoga/(Cockmistress) with butcher's cleaver[DC] (INTENT: HELP) (DAMTYPE: BRUTE) (NEWHP: 100)  (Brig (112, 171, 2))
 - (2020-08-28 01:09:58) ATTACK: bobjoga/(Cockmistress) has attacked bobjoga/(Cockmistress) with butcher's cleaver[DC] (INTENT: HELP) (DAMTYPE: BRUTE) (NEWHP: 100)  (Brig (111, 171, 2))
 - (2020-08-28 01:10:00) ATTACK: *no key*/(Alberto Edry) has suffered: Hairline Fracture to groin | Damage: 9.6(rolled 11/23.7236) (Tiny Freighter (119, 72, 3))
 - (2020-08-28 01:10:03) ATTACK: bobjoga/(Cockmistress) has attacked bobjoga/(Cockmistress) with butcher's cleaver[DC] (INTENT: HELP) (DAMTYPE: BRUTE) (NEWHP: 100)  (Brig (107, 171, 2))
 - (2020-08-28 01:10:04) ATTACK: bobjoga/(Cockmistress) has attacked bobjoga/(Cockmistress) with butcher's cleaver[DC] (INTENT: HELP) (DAMTYPE: BRUTE) (NEWHP: 100)  (Brig (109, 171, 2))
 - (2020-08-28 01:10:07) ATTACK: bobjoga/(Cockmistress) has attacked bobjoga/(Cockmistress) with butcher's cleaver[DC] (INTENT: HELP) (DAMTYPE: BRUTE) (NEWHP: 100)  (Brig (109, 170, 2))
 - (2020-08-28 01:10:08) ATTACK: bobjoga/(Cockmistress) has attacked bobjoga/(Cockmistress) with butcher's cleaver[DC] (INTENT: HELP) (DAMTYPE: BRUTE) (NEWHP: 100)  (Brig (109, 170, 2))
 - (2020-08-28 01:10:17) ATTACK: bobjoga/(Cockmistress) has attacked bobjoga/(Cockmistress) with butcher's cleaver[DC] (INTENT: HELP) (DAMTYPE: BRUTE) (NEWHP: 100)  (Brig (108, 170, 2))
 - (2020-08-28 01:10:24) ATTACK: bobjoga/(Cockmistress) has attacked bobjoga/(Cockmistress) with butcher's cleaver[DC] (INTENT: HELP) (DAMTYPE: BRUTE) (NEWHP: 100)  (Brig (107, 170, 2))
 - (2020-08-28 01:10:25) ATTACK: bobjoga/(Cockmistress) has attacked bobjoga/(Cockmistress) with butcher's cleaver[DC] (INTENT: HELP) (DAMTYPE: BRUTE) (NEWHP: 100)  (Brig (107, 170, 2))
 - (2020-08-28 01:10:30) ATTACK: *no key*/(Topcake) has suffered: Second Degree Burns to groin | Damage: 10.8(rolled 27/27.9765) (Unexplored Location (201, 122, 8))
 - (2020-08-28 01:10:30) ATTACK: *no key*/(Topcake) has suffered: Hairline Fracture to groin | Damage: 8.8(rolled 20/21.0027) (Unexplored Location (201, 122, 8))
 - (2020-08-28 01:10:34) ATTACK: *no key*/(Alberto Edry) has suffered: Second Degree Burns to left leg | Damage: 10.8(rolled 27/27.9765) (Tiny Freighter (119, 72, 3))
 - (2020-08-28 01:10:41) ATTACK: bobjoga/(Cockmistress) has suffered: Open Laceration to head | Damage: 16.5(rolled 47/50.6381) | WB: -5 | BWB: 10 (Brig (106, 170, 2))
 - (2020-08-28 01:10:41) ATTACK: bobjoga/(Cockmistress) has attacked bobjoga/(Cockmistress) with butcher's cleaver[DC] (INTENT: HELP) (DAMTYPE: BRUTE) (NEWHP: 95)  (Brig (106, 170, 2))
 - (2020-08-28 01:10:46) ATTACK: *no key*/(Skylar Clark) has suffered: Second Degree Burns to left arm | Damage: 10.8(rolled 26/27.9765) (Small Freighter (56, 75, 3))
 - (2020-08-28 01:10:48) ATTACK: *no key*/(Topcake) has suffered: Second Degree Burns to left leg | Damage: 10.8(rolled 27/27.9765) (Unexplored Location (201, 122, 8))
 - (2020-08-28 01:10:52) ATTACK: *no key*/(Skylar Clark) has suffered: Second Degree Burns to chest | Damage: 10.8(rolled 13/27.9765) (Small Freighter (56, 75, 3))
 - (2020-08-28 01:10:59) ATTACK: bobjoga/(Cockmistress) has attacked bobjoga/(Cockmistress) with butcher's cleaver[DC] (INTENT: HELP) (DAMTYPE: BRUTE) (NEWHP: 90)  (Brig (104, 169, 2))
 - (2020-08-28 01:11:03) ATTACK: [turret] has fired at *no key*/(coder monkey (863)) with [laser] from Space (NEWHP: 100)  (Syndicate Drop Ship (105, 63, 3))
 - (2020-08-28 01:11:03) ATTACK: *no key*/(coder monkey (863)) has been shot by the turret with the laser (Space (101, 72, 3))
 - (2020-08-28 01:11:04) ATTACK: bobjoga/(Cockmistress) has attacked bobjoga/(Cockmistress) with butcher's cleaver[DC] (INTENT: HELP) (DAMTYPE: BRUTE) (NEWHP: 88)  (Brig (104, 170, 2))
 - (2020-08-28 01:11:05) ATTACK: [turret] has fired at *no key*/(coder monkey (863)) with [laser] from Space (NEWHP: 100)  (Syndicate Drop Ship (105, 63, 3))
 - (2020-08-28 01:11:05) ATTACK: *no key*/(coder monkey (863)) has been shot by the turret with the laser (Space (101, 68, 3))
 - (2020-08-28 01:11:07) ATTACK: [turret] has fired at *no key*/(coder monkey (863)) with [laser] from Space (NEWHP: 100)  (Syndicate Drop Ship (105, 63, 3))
 - (2020-08-28 01:11:07) ATTACK: *no key*/(coder monkey (863)) has been shot by the turret with the laser (Space (101, 64, 3))
 - (2020-08-28 01:11:09) ATTACK: [turret] has fired at *no key*/(coder monkey (863)) with [laser] from Space (NEWHP: 100)  (Syndicate Drop Ship (105, 63, 3))
 - (2020-08-28 01:11:09) ATTACK: *no key*/(coder monkey (863)) has been shot by the turret with the laser (Space (101, 64, 3))
 - (2020-08-28 01:11:11) ATTACK: [turret] has fired at *no key*/(coder monkey (863)) with [laser] from Space (NEWHP: 100)  (Syndicate Drop Ship (105, 63, 3))
 - (2020-08-28 01:11:11) ATTACK: *no key*/(coder monkey (863)) has been shot by the turret with the laser (Space (101, 64, 3))
 - (2020-08-28 01:11:13) ATTACK: [turret] has fired at *no key*/(coder monkey (863)) with [laser] from Space (NEWHP: 100)  (Syndicate Drop Ship (105, 63, 3))
 - (2020-08-28 01:11:13) ATTACK: *no key*/(coder monkey (863)) has been shot by the turret with the laser (Space (101, 64, 3))
 - (2020-08-28 01:11:15) ATTACK: [turret] has fired at *no key*/(coder monkey (863)) with [laser] from Space (NEWHP: 100)  (Syndicate Drop Ship (105, 63, 3))
 - (2020-08-28 01:11:15) ATTACK: *no key*/(coder monkey (863)) has been shot by the turret with the laser (Space (101, 64, 3))
 - (2020-08-28 01:11:17) ATTACK: [turret] has fired at *no key*/(coder monkey (863)) with [laser] from Space (NEWHP: 100)  (Syndicate Drop Ship (105, 63, 3))
 - (2020-08-28 01:11:17) ATTACK: *no key*/(coder monkey (863)) has been shot by the turret with the laser (Space (101, 64, 3))
 - (2020-08-28 01:11:18) ATTACK: *no key*/(Rokur Hurst) has suffered: Second Degree Burns to right arm | Damage: 10.8(rolled 27/27.9765) (Small Freighter (63, 73, 3))
 - (2020-08-28 01:11:19) ATTACK: [turret] has fired at *no key*/(coder monkey (863)) with [laser] from Space (NEWHP: 100)  (Syndicate Drop Ship (105, 63, 3))
 - (2020-08-28 01:11:19) ATTACK: *no key*/(coder monkey (863)) has been shot by the turret with the laser (Space (101, 64, 3))
 - (2020-08-28 01:11:21) ATTACK: [turret] has fired at *no key*/(coder monkey (863)) with [laser] from Space (NEWHP: 100)  (Syndicate Drop Ship (105, 63, 3))
 - (2020-08-28 01:11:21) ATTACK: *no key*/(coder monkey (863)) has been shot by the turret with the laser (Space (101, 64, 3))
 - (2020-08-28 01:11:23) ATTACK: [turret] has fired at *no key*/(coder monkey (863)) with [laser] from Space (NEWHP: 100)  (Syndicate Drop Ship (105, 63, 3))
 - (2020-08-28 01:11:23) ATTACK: *no key*/(coder monkey (863)) has been shot by the turret with the laser (Space (101, 64, 3))
 - (2020-08-28 01:11:25) ATTACK: [turret] has fired at *no key*/(coder monkey (863)) with [laser] from Space (NEWHP: 100)  (Syndicate Drop Ship (105, 63, 3))
 - (2020-08-28 01:11:25) ATTACK: *no key*/(coder monkey (863)) has been shot by the turret with the laser (Space (101, 64, 3))
 - (2020-08-28 01:11:27) ATTACK: [turret] has fired at *no key*/(coder monkey (863)) with [laser] from Space (NEWHP: 100)  (Syndicate Drop Ship (105, 63, 3))
 - (2020-08-28 01:11:27) ATTACK: *no key*/(coder monkey (863)) has been shot by the turret with the laser (Space (101, 64, 3))
 - (2020-08-28 01:11:28) ATTACK: *no key*/(Skylar Clark) has suffered: Hairline Fracture to chest | Damage: 9.9(rolled 11/24.7679) (Small Freighter (56, 75, 3))
 - (2020-08-28 01:11:29) ATTACK: [turret] has fired at *no key*/(coder monkey (863)) with [laser] from Space (NEWHP: 100)  (Syndicate Drop Ship (105, 63, 3))
 - (2020-08-28 01:11:29) ATTACK: *no key*/(coder monkey (863)) has been shot by the turret with the laser (Space (101, 64, 3))
 - (2020-08-28 01:11:31) ATTACK: [turret] has fired at *no key*/(coder monkey (863)) with [laser] from Space (NEWHP: 100)  (Syndicate Drop Ship (105, 63, 3))
 - (2020-08-28 01:11:31) ATTACK: *no key*/(coder monkey (863)) has been shot by the turret with the laser (Space (101, 64, 3))
 - (2020-08-28 01:11:33) ATTACK: [turret] has fired at *no key*/(coder monkey (863)) with [laser] from Space (NEWHP: 100)  (Syndicate Drop Ship (105, 63, 3))
 - (2020-08-28 01:11:33) ATTACK: *no key*/(coder monkey (863)) has been shot by the turret with the laser (Space (101, 64, 3))
 - (2020-08-28 01:11:34) ATTACK: *no key*/(Topcake) has suffered: Third Degree Burns to groin | Damage: 10.8(rolled 7/27.9765) (Unexplored Location (201, 122, 8))
 - (2020-08-28 01:11:35) ATTACK: [turret] has fired at *no key*/(coder monkey (863)) with [laser] from Space (NEWHP: 100)  (Syndicate Drop Ship (105, 63, 3))
 - (2020-08-28 01:11:35) ATTACK: *no key*/(coder monkey (863)) has been shot by the turret with the laser (Space (101, 64, 3))
 - (2020-08-28 01:11:37) ATTACK: [turret] has fired at *no key*/(coder monkey (863)) with [laser] from Space (NEWHP: 100)  (Syndicate Drop Ship (105, 63, 3))
 - (2020-08-28 01:11:37) ATTACK: *no key*/(coder monkey (863)) has been shot by the turret with the laser (Space (101, 64, 3))
 - (2020-08-28 01:11:39) ATTACK: [turret] has fired at *no key*/(coder monkey (863)) with [laser] from Space (NEWHP: 100)  (Syndicate Drop Ship (105, 63, 3))
 - (2020-08-28 01:11:39) ATTACK: *no key*/(coder monkey (863)) has been shot by the turret with the laser (Space (101, 64, 3))
 - (2020-08-28 01:11:41) ATTACK: [turret] has fired at *no key*/(coder monkey (863)) with [laser] from Space (NEWHP: 100)  (Syndicate Drop Ship (105, 63, 3))
 - (2020-08-28 01:11:41) ATTACK: *no key*/(coder monkey (863)) has suffered: Second Degree Burns to chest | Damage: 20(rolled 65/66.2891) | WB: -20 | BWB: 10 (Space (101, 64, 3))
 - (2020-08-28 01:11:41) ATTACK: *no key*/(coder monkey (863)) has been shot by the turret with the laser (Space (101, 64, 3))
 - (2020-08-28 01:11:43) ATTACK: [turret] has fired at *no key*/(coder monkey (863)) with [laser] from Space (NEWHP: 100)  (Syndicate Drop Ship (105, 63, 3))
 - (2020-08-28 01:11:43) ATTACK: *no key*/(coder monkey (863)) has been shot by the turret with the laser (Space (101, 64, 3))
 - (2020-08-28 01:11:45) ATTACK: [turret] has fired at *no key*/(coder monkey (863)) with [laser] from Space (NEWHP: 100)  (Syndicate Drop Ship (105, 63, 3))
 - (2020-08-28 01:11:45) ATTACK: *no key*/(coder monkey (863)) has been shot by the turret with the laser (Space (101, 64, 3))
 - (2020-08-28 01:11:47) ATTACK: [turret] has fired at *no key*/(coder monkey (863)) with [laser] from Space (NEWHP: 100)  (Syndicate Drop Ship (105, 63, 3))
 - (2020-08-28 01:11:47) ATTACK: *no key*/(coder monkey (863)) has been shot by the turret with the laser (Space (101, 64, 3))
 - (2020-08-28 01:11:49) ATTACK: [turret] has fired at *no key*/(coder monkey (863)) with [laser] from Space (NEWHP: 100)  (Syndicate Drop Ship (105, 63, 3))
 - (2020-08-28 01:11:49) ATTACK: *no key*/(coder monkey (863)) has been shot by the turret with the laser (Space (101, 64, 3))
 - (2020-08-28 01:11:51) ATTACK: [turret] has fired at *no key*/(coder monkey (863)) with [laser] from Space (NEWHP: 100)  (Syndicate Drop Ship (105, 63, 3))
 - (2020-08-28 01:11:51) ATTACK: *no key*/(coder monkey (863)) has been shot by the turret with the laser (Space (101, 64, 3))
 - (2020-08-28 01:11:53) ATTACK: [turret] has fired at *no key*/(coder monkey (863)) with [laser] from Space (NEWHP: 100)  (Syndicate Drop Ship (105, 63, 3))
 - (2020-08-28 01:11:53) ATTACK: *no key*/(coder monkey (863)) has been shot by the turret with the laser (Space (101, 64, 3))
 - (2020-08-28 01:11:55) ATTACK: [turret] has fired at *no key*/(coder monkey (863)) with [laser] from Space (NEWHP: 100)  (Syndicate Drop Ship (105, 63, 3))
 - (2020-08-28 01:11:55) ATTACK: *no key*/(coder monkey (863)) has been shot by the turret with the laser (Space (101, 64, 3))
 - (2020-08-28 01:11:56) ATTACK: *no key*/(Jo Jo Bobo Bo) has suffered: Second Degree Burns to left leg | Damage: 10.8(rolled 26/27.9765) (Unexplored Location (203, 119, 8))
 - (2020-08-28 01:11:57) ATTACK: [turret] has fired at *no key*/(coder monkey (863)) with [laser] from Space (NEWHP: 100)  (Syndicate Drop Ship (105, 63, 3))
 - (2020-08-28 01:11:57) ATTACK: *no key*/(coder monkey (863)) has been shot by the turret with the laser (Space (101, 64, 3))
 - (2020-08-28 01:11:59) ATTACK: [turret] has fired at *no key*/(coder monkey (863)) with [laser] from Space (NEWHP: 100)  (Syndicate Drop Ship (105, 63, 3))
 - (2020-08-28 01:11:59) ATTACK: *no key*/(coder monkey (863)) has been shot by the turret with the laser (Space (101, 64, 3))
 - (2020-08-28 01:12:01) ATTACK: [turret] has fired at *no key*/(coder monkey (863)) with [laser] from Space (NEWHP: 100)  (Syndicate Drop Ship (105, 63, 3))
 - (2020-08-28 01:12:01) ATTACK: *no key*/(coder monkey (863)) has been shot by the turret with the laser (Space (101, 64, 3))
 - (2020-08-28 01:12:03) ATTACK: [turret] has fired at *no key*/(coder monkey (863)) with [laser] from Space (NEWHP: 100)  (Syndicate Drop Ship (105, 63, 3))
 - (2020-08-28 01:12:03) ATTACK: *no key*/(coder monkey (863)) has suffered: Third Degree Burns to chest | Damage: 22(rolled 75/75.7516) | WB: -20 | BWB: 10 (Space (101, 64, 3))
 - (2020-08-28 01:12:03) ATTACK: *no key*/(coder monkey (863)) has been shot by the turret with the laser (Space (101, 64, 3))
 - (2020-08-28 01:12:05) ATTACK: [turret] has fired at *no key*/(coder monkey (863)) with [laser] from Space (NEWHP: 100)  (Syndicate Drop Ship (105, 63, 3))
 - (2020-08-28 01:12:05) ATTACK: *no key*/(coder monkey (863)) has been shot by the turret with the laser (Space (101, 64, 3))
 - (2020-08-28 01:12:07) ATTACK: [turret] has fired at *no key*/(coder monkey (863)) with [laser] from Space (NEWHP: 100)  (Syndicate Drop Ship (105, 63, 3))
 - (2020-08-28 01:12:07) ATTACK: *no key*/(coder monkey (863)) has been shot by the turret with the laser (Space (101, 64, 3))
 - (2020-08-28 01:12:09) ATTACK: [turret] has fired at *no key*/(coder monkey (863)) with [laser] from Space (NEWHP: 100)  (Syndicate Drop Ship (105, 63, 3))
 - (2020-08-28 01:12:09) ATTACK: *no key*/(coder monkey (863)) has been shot by the turret with the laser (Space (101, 64, 3))
 - (2020-08-28 01:12:11) ATTACK: [turret] has fired at *no key*/(coder monkey (863)) with [laser] from Space (NEWHP: 100)  (Syndicate Drop Ship (105, 63, 3))
 - (2020-08-28 01:12:11) ATTACK: *no key*/(coder monkey (863)) has suffered: Second Degree Burns to right arm | Damage: 12(rolled 31/32.423) (Space (101, 64, 3))
 - (2020-08-28 01:12:11) ATTACK: *no key*/(coder monkey (863)) has been shot by the turret with the laser (Space (101, 64, 3))
 - (2020-08-28 01:12:13) ATTACK: [turret] has fired at *no key*/(coder monkey (863)) with [laser] from Space (NEWHP: 100)  (Syndicate Drop Ship (105, 63, 3))
 - (2020-08-28 01:12:13) ATTACK: *no key*/(coder monkey (863)) has been shot by the turret with the laser (Space (101, 64, 3))
 - (2020-08-28 01:12:15) ATTACK: [turret] has fired at *no key*/(coder monkey (863)) with [laser] from Space (NEWHP: 100)  (Syndicate Drop Ship (105, 63, 3))
 - (2020-08-28 01:12:15) ATTACK: *no key*/(coder monkey (863)) has been shot by the turret with the laser (Space (101, 64, 3))
 - (2020-08-28 01:12:17) ATTACK: [turret] has fired at *no key*/(coder monkey (863)) with [laser] from Space (NEWHP: 100)  (Syndicate Drop Ship (105, 63, 3))
 - (2020-08-28 01:12:17) ATTACK: *no key*/(coder monkey (863)) has been shot by the turret with the laser (Space (101, 64, 3))
 - (2020-08-28 01:12:18) ATTACK: *no key*/(Jo Jo Bobo Bo) has suffered: Second Degree Burns to chest | Damage: 10.8(rolled 26/27.9765) (Unexplored Location (203, 119, 8))
 - (2020-08-28 01:12:18) ATTACK: *no key*/(Jo Jo Bobo Bo) has suffered: Rib Dislocation to chest | Damage: 8.8(rolled 2/21.0027) (Unexplored Location (203, 119, 8))
 - (2020-08-28 01:12:19) ATTACK: [turret] has fired at *no key*/(coder monkey (863)) with [laser] from Space (NEWHP: 100)  (Syndicate Drop Ship (105, 63, 3))
 - (2020-08-28 01:12:19) ATTACK: *no key*/(coder monkey (863)) has been shot by the turret with the laser (Space (101, 64, 3))
 - (2020-08-28 01:12:20) ATTACK: *no key*/(Rokur Hurst) has suffered: Second Degree Burns to right hand | Damage: 10.8(rolled 26/27.9765) (Small Freighter (63, 73, 3))
 - (2020-08-28 01:12:21) ATTACK: [turret] has fired at *no key*/(coder monkey (863)) with [laser] from Space (NEWHP: 100)  (Syndicate Drop Ship (105, 63, 3))
 - (2020-08-28 01:12:21) ATTACK: *no key*/(coder monkey (863)) has been shot by the turret with the laser (Space (101, 64, 3))
 - (2020-08-28 01:12:23) ATTACK: [turret] has fired at *no key*/(coder monkey (863)) with [laser] from Space (NEWHP: 100)  (Syndicate Drop Ship (105, 63, 3))
 - (2020-08-28 01:12:23) ATTACK: *no key*/(coder monkey (863)) has been shot by the turret with the laser (Space (101, 64, 3))
 - (2020-08-28 01:12:25) ATTACK: [turret] has fired at *no key*/(coder monkey (863)) with [laser] from Space (NEWHP: 100)  (Syndicate Drop Ship (105, 63, 3))
 - (2020-08-28 01:12:25) ATTACK: *no key*/(coder monkey (863)) has been shot by the turret with the laser (Space (101, 64, 3))
 - (2020-08-28 01:12:27) ATTACK: [turret] has fired at *no key*/(coder monkey (863)) with [laser] from Space (NEWHP: 100)  (Syndicate Drop Ship (105, 63, 3))
 - (2020-08-28 01:12:27) ATTACK: *no key*/(coder monkey (863)) has been shot by the turret with the laser (Space (101, 64, 3))
 - (2020-08-28 01:12:29) ATTACK: [turret] has fired at *no key*/(coder monkey (863)) with [laser] from Space (NEWHP: 100)  (Syndicate Drop Ship (105, 63, 3))
 - (2020-08-28 01:12:29) ATTACK: *no key*/(coder monkey (863)) has been shot by the turret with the laser (Space (101, 64, 3))
 - (2020-08-28 01:12:31) ATTACK: [turret] has fired at *no key*/(coder monkey (863)) with [laser] from Space (NEWHP: 100)  (Syndicate Drop Ship (105, 63, 3))
 - (2020-08-28 01:12:31) ATTACK: *no key*/(coder monkey (863)) has been shot by the turret with the laser (Space (101, 64, 3))
 - (2020-08-28 01:12:33) ATTACK: [turret] has fired at *no key*/(coder monkey (863)) with [laser] from Space (NEWHP: 100)  (Syndicate Drop Ship (105, 63, 3))
 - (2020-08-28 01:12:33) ATTACK: *no key*/(coder monkey (863)) has been shot by the turret with the laser (Space (101, 64, 3))
 - (2020-08-28 01:12:35) ATTACK: [turret] has fired at *no key*/(coder monkey (863)) with [laser] from Space (NEWHP: 100)  (Syndicate Drop Ship (105, 63, 3))
 - (2020-08-28 01:12:35) ATTACK: *no key*/(coder monkey (863)) has been shot by the turret with the laser (Space (101, 64, 3))
 - (2020-08-28 01:12:37) ATTACK: [turret] has fired at *no key*/(coder monkey (863)) with [laser] from Space (NEWHP: 100)  (Syndicate Drop Ship (105, 63, 3))
 - (2020-08-28 01:12:37) ATTACK: *no key*/(coder monkey (863)) has been shot by the turret with the laser (Space (101, 64, 3))
 - (2020-08-28 01:12:39) ATTACK: [turret] has fired at *no key*/(coder monkey (863)) with [laser] from Space (NEWHP: 100)  (Syndicate Drop Ship (105, 63, 3))
 - (2020-08-28 01:12:39) ATTACK: *no key*/(coder monkey (863)) has been shot by the turret with the laser (Space (101, 64, 3))
 - (2020-08-28 01:12:41) ATTACK: [turret] has fired at *no key*/(coder monkey (863)) with [laser] from Space (NEWHP: 100)  (Syndicate Drop Ship (105, 63, 3))
 - (2020-08-28 01:12:41) ATTACK: *no key*/(coder monkey (863)) has been shot by the turret with the laser (Space (101, 64, 3))
 - (2020-08-28 01:12:43) ATTACK: [turret] has fired at *no key*/(coder monkey (863)) with [laser] from Space (NEWHP: 100)  (Syndicate Drop Ship (105, 63, 3))
 - (2020-08-28 01:12:43) ATTACK: *no key*/(coder monkey (863)) has been shot by the turret with the laser (Space (101, 64, 3))
 - (2020-08-28 01:12:45) ATTACK: [turret] has fired at *no key*/(coder monkey (863)) with [laser] from Space (NEWHP: 100)  (Syndicate Drop Ship (105, 63, 3))
 - (2020-08-28 01:12:45) ATTACK: *no key*/(coder monkey (863)) has been shot by the turret with the laser (Space (101, 64, 3))
 - (2020-08-28 01:12:47) ATTACK: [turret] has fired at *no key*/(coder monkey (863)) with [laser] from Space (NEWHP: 100)  (Syndicate Drop Ship (105, 63, 3))
 - (2020-08-28 01:12:47) ATTACK: *no key*/(coder monkey (863)) has been shot by the turret with the laser (Space (101, 64, 3))
 - (2020-08-28 01:12:48) ATTACK: *no key*/(Jo Jo Bobo Bo) has suffered: Hairline Fracture to chest | Damage: 8.8(rolled 12/21.0027) (Unexplored Location (203, 119, 8))
 - (2020-08-28 01:12:49) ATTACK: [turret] has fired at *no key*/(coder monkey (863)) with [laser] from Space (NEWHP: 100)  (Syndicate Drop Ship (105, 63, 3))
 - (2020-08-28 01:12:49) ATTACK: *no key*/(coder monkey (863)) has been shot by the turret with the laser (Space (101, 64, 3))
 - (2020-08-28 01:12:51) ATTACK: [turret] has fired at *no key*/(coder monkey (863)) with [laser] from Space (NEWHP: 100)  (Syndicate Drop Ship (105, 63, 3))
 - (2020-08-28 01:12:51) ATTACK: *no key*/(coder monkey (863)) has been shot by the turret with the laser (Space (101, 64, 3))
 - (2020-08-28 01:12:52) ATTACK: *no key*/(Rokur Hurst) has suffered: Second Degree Burns to chest | Damage: 10.8(rolled 27/27.9765) (Small Freighter (63, 73, 3))
 - (2020-08-28 01:12:53) ATTACK: [turret] has fired at *no key*/(coder monkey (863)) with [laser] from Space (NEWHP: 100)  (Syndicate Drop Ship (105, 63, 3))
 - (2020-08-28 01:12:53) ATTACK: *no key*/(coder monkey (863)) has been shot by the turret with the laser (Space (101, 64, 3))
 - (2020-08-28 01:12:55) ATTACK: [turret] has fired at *no key*/(coder monkey (863)) with [laser] from Space (NEWHP: 100)  (Syndicate Drop Ship (105, 63, 3))
 - (2020-08-28 01:12:55) ATTACK: *no key*/(coder monkey (863)) has been shot by the turret with the laser (Space (101, 64, 3))
 - (2020-08-28 01:12:57) ATTACK: [turret] has fired at *no key*/(coder monkey (863)) with [laser] from Space (NEWHP: 100)  (Syndicate Drop Ship (105, 63, 3))
 - (2020-08-28 01:12:57) ATTACK: *no key*/(coder monkey (863)) has been shot by the turret with the laser (Space (101, 64, 3))
 - (2020-08-28 01:12:59) ATTACK: [turret] has fired at *no key*/(coder monkey (863)) with [laser] from Space (NEWHP: 100)  (Syndicate Drop Ship (105, 63, 3))
 - (2020-08-28 01:12:59) ATTACK: *no key*/(coder monkey (863)) has been shot by the turret with the laser (Space (101, 64, 3))
 - (2020-08-28 01:13:01) ATTACK: [turret] has fired at *no key*/(coder monkey (863)) with [laser] from Space (NEWHP: 100)  (Syndicate Drop Ship (105, 63, 3))
 - (2020-08-28 01:13:01) ATTACK: *no key*/(coder monkey (863)) has been shot by the turret with the laser (Space (101, 64, 3))
 - (2020-08-28 01:13:03) ATTACK: [turret] has fired at *no key*/(coder monkey (863)) with [laser] from Space (NEWHP: 100)  (Syndicate Drop Ship (105, 63, 3))
 - (2020-08-28 01:13:03) ATTACK: *no key*/(coder monkey (863)) has been shot by the turret with the laser (Space (101, 64, 3))
 - (2020-08-28 01:13:05) ATTACK: [turret] has fired at *no key*/(coder monkey (863)) with [laser] from Space (NEWHP: 100)  (Syndicate Drop Ship (105, 63, 3))
 - (2020-08-28 01:13:05) ATTACK: *no key*/(coder monkey (863)) has been shot by the turret with the laser (Space (101, 64, 3))
 - (2020-08-28 01:13:07) ATTACK: [turret] has fired at *no key*/(coder monkey (863)) with [laser] from Space (NEWHP: 100)  (Syndicate Drop Ship (105, 63, 3))
 - (2020-08-28 01:13:07) ATTACK: *no key*/(coder monkey (863)) has been shot by the turret with the laser (Space (101, 64, 3))
 - (2020-08-28 01:13:09) ATTACK: [turret] has fired at *no key*/(coder monkey (863)) with [laser] from Space (NEWHP: 100)  (Syndicate Drop Ship (105, 63, 3))
 - (2020-08-28 01:13:09) ATTACK: *no key*/(coder monkey (863)) has been shot by the turret with the laser (Space (101, 64, 3))
 - (2020-08-28 01:13:10) ATTACK: *no key*/(Rokur Hurst) has suffered: Rib Dislocation to chest | Damage: 9.9(rolled 9/24.7679) (Small Freighter (63, 73, 3))
 - (2020-08-28 01:13:11) ATTACK: [turret] has fired at *no key*/(coder monkey (863)) with [laser] from Space (NEWHP: 100)  (Syndicate Drop Ship (105, 63, 3))
 - (2020-08-28 01:13:11) ATTACK: *no key*/(coder monkey (863)) has been shot by the turret with the laser (Space (101, 64, 3))
 - (2020-08-28 01:13:13) ATTACK: [turret] has fired at *no key*/(coder monkey (863)) with [laser] from Space (NEWHP: 100)  (Syndicate Drop Ship (105, 63, 3))
 - (2020-08-28 01:13:13) ATTACK: *no key*/(coder monkey (863)) has been shot by the turret with the laser (Space (101, 64, 3))
 - (2020-08-28 01:13:14) ATTACK: *no key*/(Jo Jo Bobo Bo) has suffered: Third Degree Burns to chest | Damage: 10.8(rolled 17/27.9765) (Unexplored Location (203, 119, 8))
 - (2020-08-28 01:13:15) ATTACK: [turret] has fired at *no key*/(coder monkey (863)) with [laser] from Space (NEWHP: 100)  (Syndicate Drop Ship (105, 63, 3))
 - (2020-08-28 01:13:15) ATTACK: *no key*/(coder monkey (863)) has been shot by the turret with the laser (Space (101, 64, 3))
 - (2020-08-28 01:13:17) ATTACK: [turret] has fired at *no key*/(coder monkey (863)) with [laser] from Space (NEWHP: 100)  (Syndicate Drop Ship (105, 63, 3))
 - (2020-08-28 01:13:17) ATTACK: *no key*/(coder monkey (863)) has been shot by the turret with the laser (Space (101, 64, 3))
 - (2020-08-28 01:13:18) ATTACK: *no key*/(Rokur Hurst) has suffered: Hairline Fracture to chest | Damage: 9.9(rolled 22/24.7679) (Small Freighter (63, 73, 3))
 - (2020-08-28 01:13:19) ATTACK: [turret] has fired at *no key*/(coder monkey (863)) with [laser] from Space (NEWHP: 100)  (Syndicate Drop Ship (105, 63, 3))
 - (2020-08-28 01:13:19) ATTACK: *no key*/(coder monkey (863)) has been shot by the turret with the laser (Space (101, 64, 3))
 - (2020-08-28 01:13:21) ATTACK: [turret] has fired at *no key*/(coder monkey (863)) with [laser] from Space (NEWHP: 100)  (Syndicate Drop Ship (105, 63, 3))
 - (2020-08-28 01:13:21) ATTACK: *no key*/(coder monkey (863)) has been shot by the turret with the laser (Space (101, 64, 3))
 - (2020-08-28 01:13:23) ATTACK: [turret] has fired at *no key*/(coder monkey (863)) with [laser] from Space (NEWHP: 100)  (Syndicate Drop Ship (105, 63, 3))
 - (2020-08-28 01:13:23) ATTACK: *no key*/(coder monkey (863)) has been shot by the turret with the laser (Space (101, 64, 3))
 - (2020-08-28 01:13:24) ATTACK: *no key*/(Topcake) has suffered: Second Degree Burns to right foot | Damage: 10.8(rolled 26/27.9765) (Unexplored Location (201, 122, 8))
 - (2020-08-28 01:13:25) ATTACK: [turret] has fired at *no key*/(coder monkey (863)) with [laser] from Space (NEWHP: 100)  (Syndicate Drop Ship (105, 63, 3))
 - (2020-08-28 01:13:25) ATTACK: *no key*/(coder monkey (863)) has been shot by the turret with the laser (Space (101, 64, 3))
 - (2020-08-28 01:13:27) ATTACK: [turret] has fired at *no key*/(coder monkey (863)) with [laser] from Space (NEWHP: 100)  (Syndicate Drop Ship (105, 63, 3))
 - (2020-08-28 01:13:27) ATTACK: *no key*/(coder monkey (863)) has been shot by the turret with the laser (Space (101, 64, 3))
 - (2020-08-28 01:13:29) ATTACK: [turret] has fired at *no key*/(coder monkey (863)) with [laser] from Space (NEWHP: 100)  (Syndicate Drop Ship (105, 63, 3))
 - (2020-08-28 01:13:29) ATTACK: *no key*/(coder monkey (863)) has been shot by the turret with the laser (Space (101, 64, 3))
 - (2020-08-28 01:13:31) ATTACK: [turret] has fired at *no key*/(coder monkey (863)) with [laser] from Space (NEWHP: 100)  (Syndicate Drop Ship (105, 63, 3))
 - (2020-08-28 01:13:31) ATTACK: *no key*/(coder monkey (863)) has been shot by the turret with the laser (Space (101, 64, 3))
 - (2020-08-28 01:13:33) ATTACK: [turret] has fired at *no key*/(coder monkey (863)) with [laser] from Space (NEWHP: 100)  (Syndicate Drop Ship (105, 63, 3))
[2020-08-28 04:14:13.445] Logs from logging subsystem:
 - (2020-08-28 01:13:33) ATTACK: *no key*/(coder monkey (863)) has been shot by the turret with the laser (Space (101, 64, 3))
 - (2020-08-28 01:13:35) ATTACK: [turret] has fired at *no key*/(coder monkey (863)) with [laser] from Space (NEWHP: 100)  (Syndicate Drop Ship (105, 63, 3))
 - (2020-08-28 01:13:35) ATTACK: *no key*/(coder monkey (863)) has been shot by the turret with the laser (Space (101, 64, 3))
 - (2020-08-28 01:13:37) ATTACK: [turret] has fired at *no key*/(coder monkey (863)) with [laser] from Space (NEWHP: 100)  (Syndicate Drop Ship (105, 63, 3))
 - (2020-08-28 01:13:37) ATTACK: *no key*/(coder monkey (863)) has been shot by the turret with the laser (Space (101, 64, 3))
 - (2020-08-28 01:13:39) ATTACK: [turret] has fired at *no key*/(coder monkey (863)) with [laser] from Space (NEWHP: 100)  (Syndicate Drop Ship (105, 63, 3))
 - (2020-08-28 01:13:39) ATTACK: *no key*/(coder monkey (863)) has been shot by the turret with the laser (Space (101, 64, 3))
 - (2020-08-28 01:13:41) ATTACK: [turret] has fired at *no key*/(coder monkey (863)) with [laser] from Space (NEWHP: 100)  (Syndicate Drop Ship (105, 63, 3))
 - (2020-08-28 01:13:41) ATTACK: *no key*/(coder monkey (863)) has been shot by the turret with the laser (Space (101, 64, 3))
 - (2020-08-28 01:13:43) ATTACK: [turret] has fired at *no key*/(coder monkey (863)) with [laser] from Space (NEWHP: 100)  (Syndicate Drop Ship (105, 63, 3))
 - (2020-08-28 01:13:43) ATTACK: *no key*/(coder monkey (863)) has been shot by the turret with the laser (Space (101, 64, 3))
 - (2020-08-28 01:13:45) ATTACK: [turret] has fired at *no key*/(coder monkey (863)) with [laser] from Space (NEWHP: 100)  (Syndicate Drop Ship (105, 63, 3))
 - (2020-08-28 01:13:45) ATTACK: *no key*/(coder monkey (863)) has been shot by the turret with the laser (Space (101, 64, 3))
 - (2020-08-28 01:13:47) ATTACK: [turret] has fired at *no key*/(coder monkey (863)) with [laser] from Space (NEWHP: 100)  (Syndicate Drop Ship (105, 63, 3))
 - (2020-08-28 01:13:47) ATTACK: *no key*/(coder monkey (863)) has been shot by the turret with the laser (Space (101, 64, 3))
 - (2020-08-28 01:13:49) ATTACK: [turret] has fired at *no key*/(coder monkey (863)) with [laser] from Space (NEWHP: 100)  (Syndicate Drop Ship (105, 63, 3))
 - (2020-08-28 01:13:49) ATTACK: *no key*/(coder monkey (863)) has been shot by the turret with the laser (Space (101, 64, 3))
 - (2020-08-28 01:13:50) ATTACK: *no key*/(Skylar Clark) has suffered: Third Degree Burns to chest | Damage: 10.8(rolled 20/27.9765) (Small Freighter (56, 75, 3))
 - (2020-08-28 01:13:51) ATTACK: [turret] has fired at *no key*/(coder monkey (863)) with [laser] from Space (NEWHP: 100)  (Syndicate Drop Ship (105, 63, 3))
 - (2020-08-28 01:13:51) ATTACK: *no key*/(coder monkey (863)) has been shot by the turret with the laser (Space (101, 64, 3))
 - (2020-08-28 01:13:53) ATTACK: [turret] has fired at *no key*/(coder monkey (863)) with [laser] from Space (NEWHP: 100)  (Syndicate Drop Ship (105, 63, 3))
 - (2020-08-28 01:13:53) ATTACK: *no key*/(coder monkey (863)) has been shot by the turret with the laser (Space (101, 64, 3))
 - (2020-08-28 01:13:55) ATTACK: [turret] has fired at *no key*/(coder monkey (863)) with [laser] from Space (NEWHP: 100)  (Syndicate Drop Ship (105, 63, 3))
 - (2020-08-28 01:13:55) ATTACK: *no key*/(coder monkey (863)) has been shot by the turret with the laser (Space (101, 64, 3))
 - (2020-08-28 01:13:57) ATTACK: [turret] has fired at *no key*/(coder monkey (863)) with [laser] from Space (NEWHP: 100)  (Syndicate Drop Ship (105, 63, 3))
 - (2020-08-28 01:13:57) ATTACK: *no key*/(coder monkey (863)) has been shot by the turret with the laser (Space (101, 64, 3))
 - (2020-08-28 01:13:59) ATTACK: [turret] has fired at *no key*/(coder monkey (863)) with [laser] from Space (NEWHP: 100)  (Syndicate Drop Ship (105, 63, 3))
 - (2020-08-28 01:13:59) ATTACK: *no key*/(coder monkey (863)) has been shot by the turret with the laser (Space (101, 64, 3))
 - (2020-08-28 01:14:01) ATTACK: [turret] has fired at *no key*/(coder monkey (863)) with [laser] from Space (NEWHP: 100)  (Syndicate Drop Ship (105, 63, 3))
 - (2020-08-28 01:14:01) ATTACK: *no key*/(coder monkey (863)) has been shot by the turret with the laser (Space (101, 64, 3))
 - (2020-08-28 01:14:02) ATTACK: *no key*/(Rokur Hurst) has suffered: Third Degree Burns to chest | Damage: 10.8(rolled 20/27.9765) (Small Freighter (63, 73, 3))
 - (2020-08-28 01:14:03) ATTACK: [turret] has fired at *no key*/(coder monkey (863)) with [laser] from Space (NEWHP: 100)  (Syndicate Drop Ship (105, 63, 3))
 - (2020-08-28 01:14:03) ATTACK: *no key*/(coder monkey (863)) has been shot by the turret with the laser (Space (101, 64, 3))
 - (2020-08-28 01:14:04) ATTACK: *no key*/(Sprinkledinkle) has suffered: Second Degree Burns to groin | Damage: 10.8(rolled 26/27.9765) (Unexplored Location (200, 120, 8))
 - (2020-08-28 01:14:05) ATTACK: [turret] has fired at *no key*/(coder monkey (863)) with [laser] from Space (NEWHP: 100)  (Syndicate Drop Ship (105, 63, 3))
 - (2020-08-28 01:14:05) ATTACK: *no key*/(coder monkey (863)) has been shot by the turret with the laser (Space (101, 64, 3))
 - (2020-08-28 01:14:07) ATTACK: [turret] has fired at *no key*/(coder monkey (863)) with [laser] from Space (NEWHP: 100)  (Syndicate Drop Ship (105, 63, 3))
 - (2020-08-28 01:14:07) ATTACK: *no key*/(coder monkey (863)) has been shot by the turret with the laser (Space (101, 64, 3))
 - (2020-08-28 01:14:09) ATTACK: [turret] has fired at *no key*/(coder monkey (863)) with [laser] from Space (NEWHP: 100)  (Syndicate Drop Ship (105, 63, 3))
 - (2020-08-28 01:14:09) ATTACK: *no key*/(coder monkey (863)) has been shot by the turret with the laser (Space (101, 64, 3))
 - (2020-08-28 01:14:11) ATTACK: [turret] has fired at *no key*/(coder monkey (863)) with [laser] from Space (NEWHP: 99)  (Syndicate Drop Ship (105, 63, 3))
 - (2020-08-28 01:14:11) ATTACK: *no key*/(coder monkey (863)) has been shot by the turret with the laser (Space (101, 64, 3))
