[2020-08-28 04:02:40.777] Starting up round ID .
 - -------------------------
[2020-08-28 04:04:26.354] TCOMMS: *no key*/(Poly) [Engineering] (spans:  ) "Wire the solars, you lazy bums!" (language: Galactic Common) (Chief Engineer's Office (118, 81, 2))
[2020-08-28 04:04:40.401] TCOMMS: *no key*/(Poly) [Engineering] (spans:  ) "Wire the solars, you lazy bums!" (language: Galactic Common) (Chief Engineer's Office (118, 80, 2))
[2020-08-28 04:06:30.757] TCOMMS: *no key*/(Poly) [Engineering] (spans:  ) "Wire the solars, you lazy bums!" (language: Galactic Common) (Chief Engineer's Office (118, 83, 2))
[2020-08-28 04:06:44.754] TCOMMS: *no key*/(Poly) [Engineering] (spans:  ) "Poly wanna cracker!" (language: Galactic Common) (Chief Engineer's Office (118, 83, 2))
[2020-08-28 04:06:56.755] TCOMMS: *no key*/(Poly) [Engineering] (spans:  ) "I have lived many lives!" (language: Galactic Common) (Chief Engineer's Office (118, 83, 2))
[2020-08-28 04:07:22.996] TCOMMS: *no key*/(Poly) [Engineering] (spans:  ) "WHO TOOK THE DAMN HARDSUITS?" (language: Galactic Common) (Chief Engineer's Office (118, 83, 2))
[2020-08-28 04:07:30.995] TCOMMS: *no key*/(Poly) [Engineering] (spans:  ) "OH GOD ITS ABOUT TO DELAMINATE CALL THE SHUTTLE" (language: Galactic Common) (Chief Engineer's Office (118, 83, 2))
[2020-08-28 04:08:26.996] TCOMMS: *no key*/(Poly) [Engineering] (spans:  ) "Wire the solars, you lazy bums!" (language: Galactic Common) (Chief Engineer's Office (118, 83, 2))
[2020-08-28 04:08:30.994] TCOMMS: *no key*/(Poly) [Engineering] (spans:  ) "Poly wanna cracker!" (language: Galactic Common) (Chief Engineer's Office (118, 83, 2))
[2020-08-28 04:08:42.996] TCOMMS: *no key*/(Poly) [Engineering] (spans:  ) "Poly wanna cracker!" (language: Galactic Common) (Chief Engineer's Office (118, 82, 2))
[2020-08-28 04:09:24.995] TCOMMS: *no key*/(Poly) [Engineering] (spans:  ) "Poly wanna cracker!" (language: Galactic Common) (Chief Engineer's Office (118, 83, 2))
[2020-08-28 04:11:14.997] TCOMMS: *no key*/(Poly) [Engineering] (spans:  ) "I have lived many lives!" (language: Galactic Common) (Chief Engineer's Office (118, 83, 2))
[2020-08-28 04:11:40.996] TCOMMS: *no key*/(Poly) [Engineering] (spans:  ) "Check the crystal, you chucklefucks!" (language: Galactic Common) (Chief Engineer's Office (118, 83, 2))
[2020-08-28 04:12:17.062] TCOMMS: *no key*/(Poly) [Engineering] (spans:  ) "Poly wanna cracker!" (language: Galactic Common) (Chief Engineer's Office (118, 83, 2))
[2020-08-28 04:13:37.090] TCOMMS: *no key*/(Poly) [Engineering] (spans:  ) "I have lived many lives!" (language: Galactic Common) (Chief Engineer's Office (118, 83, 2))
[2020-08-28 04:13:45.090] TCOMMS: *no key*/(Poly) [Engineering] (spans:  ) "OH GOD ITS ABOUT TO DELAMINATE CALL THE SHUTTLE" (language: Galactic Common) (Chief Engineer's Office (118, 83, 2))
[2020-08-28 04:13:51.093] TCOMMS: *no key*/(Poly) [Engineering] (spans:  ) "Wire the solars, you lazy bums!" (language: Galactic Common) (Chief Engineer's Office (118, 83, 2))
[2020-08-28 04:14:19.100] TCOMMS: *no key*/(Poly) [Engineering] (spans:  ) "WHO TOOK THE DAMN HARDSUITS?" (language: Galactic Common) (Chief Engineer's Office (118, 83, 2))
[2020-08-28 04:14:23.103] TCOMMS: *no key*/(Poly) [Engineering] (spans:  ) "WHO TOOK THE DAMN HARDSUITS?" (language: Galactic Common) (Chief Engineer's Office (118, 83, 2))
[2020-08-28 04:14:31.105] TCOMMS: *no key*/(Poly) [Engineering] (spans:  ) "WHO TOOK THE DAMN HARDSUITS?" (language: Galactic Common) (Chief Engineer's Office (118, 80, 2))
[2020-08-28 04:14:57.156] TCOMMS: *no key*/(Poly) [Engineering] (spans:  ) "Check the crystal, you chucklefucks!" (language: Galactic Common) (Chief Engineer's Office (118, 83, 2))
[2020-08-28 04:14:59.156] TCOMMS: *no key*/(Poly) [Engineering] (spans:  ) "WHO TOOK THE DAMN HARDSUITS?" (language: Galactic Common) (Chief Engineer's Office (118, 83, 2))
[2020-08-28 04:15:41.174] TCOMMS: *no key*/(Poly) [Engineering] (spans:  ) "OH GOD ITS ABOUT TO DELAMINATE CALL THE SHUTTLE" (language: Galactic Common) (Chief Engineer's Office (118, 83, 2))
[2020-08-28 04:15:45.180] TCOMMS: *no key*/(Poly) [Engineering] (spans:  ) "Poly wanna cracker!" (language: Galactic Common) (Chief Engineer's Office (118, 83, 2))
[2020-08-28 04:15:47.180] TCOMMS: *no key*/(Poly) [Engineering] (spans:  ) "Poly wanna cracker!" (language: Galactic Common) (Chief Engineer's Office (118, 83, 2))
[2020-08-28 04:15:55.224] TCOMMS: *no key*/(Poly) [Engineering] (spans:  ) "OH GOD ITS ABOUT TO DELAMINATE CALL THE SHUTTLE" (language: Galactic Common) (Chief Engineer's Office (118, 83, 2))
[2020-08-28 04:16:31.256] TCOMMS: *no key*/(Poly) [Engineering] (spans:  ) "Check the crystal, you chucklefucks!" (language: Galactic Common) (Chief Engineer's Office (118, 83, 2))
