[2020-09-10 14:18:36.778] Starting up round ID .
 - -------------------------
[2020-09-10 14:28:20.861] Logs from logging subsystem:
 - (2020-09-10 11:21:20) ATTACK: [turret] has fired at *no key*/(goldgrub) with [bullet] from Lavaland Wastes (NEWHP: 45)  (Syndicate Lavaland Cargo Bay (172, 123, 6))
 - (2020-09-10 11:21:22) ATTACK: [turret] has fired at *no key*/(goldgrub) with [bullet] from Lavaland Wastes (NEWHP: 45)  (Syndicate Lavaland Cargo Bay (172, 123, 6))
 - (2020-09-10 11:21:24) ATTACK: [turret] has fired at *no key*/(goldgrub) with [bullet] from Lavaland Wastes (NEWHP: 45)  (Syndicate Lavaland Cargo Bay (172, 123, 6))
 - (2020-09-10 11:21:26) ATTACK: [turret] has fired at *no key*/(goldgrub) with [bullet] from Lavaland Wastes (NEWHP: 45)  (Syndicate Lavaland Cargo Bay (172, 123, 6))
 - (2020-09-10 11:21:28) ATTACK: [turret] has fired at *no key*/(goldgrub) with [bullet] from Lavaland Wastes (NEWHP: 45)  (Syndicate Lavaland Cargo Bay (172, 123, 6))
 - (2020-09-10 11:21:30) ATTACK: [turret] has fired at *no key*/(goldgrub) with [bullet] from Lavaland Wastes (NEWHP: 45)  (Syndicate Lavaland Cargo Bay (172, 123, 6))
 - (2020-09-10 11:21:32) ATTACK: [turret] has fired at *no key*/(goldgrub) with [bullet] from Lavaland Wastes (NEWHP: 45)  (Syndicate Lavaland Cargo Bay (172, 123, 6))
 - (2020-09-10 11:21:34) ATTACK: [turret] has fired at *no key*/(goldgrub) with [bullet] from Lavaland Wastes (NEWHP: 45)  (Syndicate Lavaland Cargo Bay (172, 123, 6))
 - (2020-09-10 11:21:36) ATTACK: [turret] has fired at *no key*/(goldgrub) with [bullet] from Lavaland Wastes (NEWHP: 45)  (Syndicate Lavaland Cargo Bay (172, 123, 6))
 - (2020-09-10 11:21:38) ATTACK: [turret] has fired at *no key*/(goldgrub) with [bullet] from Lavaland Wastes (NEWHP: 45)  (Syndicate Lavaland Cargo Bay (172, 123, 6))
 - (2020-09-10 11:21:40) ATTACK: [turret] has fired at *no key*/(goldgrub) with [bullet] from Lavaland Wastes (NEWHP: 45)  (Syndicate Lavaland Cargo Bay (172, 123, 6))
 - (2020-09-10 11:21:42) ATTACK: [turret] has fired at *no key*/(goldgrub) with [bullet] from Lavaland Wastes (NEWHP: 45)  (Syndicate Lavaland Cargo Bay (172, 123, 6))
 - (2020-09-10 11:21:44) ATTACK: [turret] has fired at *no key*/(goldgrub) with [bullet] from Lavaland Wastes (NEWHP: 45)  (Syndicate Lavaland Cargo Bay (172, 123, 6))
 - (2020-09-10 11:21:46) ATTACK: [turret] has fired at *no key*/(goldgrub) with [bullet] from Lavaland Wastes (NEWHP: 45)  (Syndicate Lavaland Cargo Bay (172, 123, 6))
 - (2020-09-10 11:21:48) ATTACK: [turret] has fired at *no key*/(goldgrub) with [bullet] from Lavaland Wastes (NEWHP: 45)  (Syndicate Lavaland Cargo Bay (172, 123, 6))
 - (2020-09-10 11:21:50) ATTACK: [turret] has fired at *no key*/(goldgrub) with [bullet] from Lavaland Wastes (NEWHP: 45)  (Syndicate Lavaland Cargo Bay (172, 123, 6))
 - (2020-09-10 11:21:52) ATTACK: [turret] has fired at *no key*/(goldgrub) with [bullet] from Lavaland Wastes (NEWHP: 45)  (Syndicate Lavaland Cargo Bay (172, 123, 6))
 - (2020-09-10 11:21:54) ATTACK: [turret] has fired at *no key*/(goldgrub) with [bullet] from Lavaland Wastes (NEWHP: 45)  (Syndicate Lavaland Cargo Bay (172, 123, 6))
 - (2020-09-10 11:21:56) ATTACK: [turret] has fired at *no key*/(goldgrub) with [bullet] from Lavaland Wastes (NEWHP: 45)  (Syndicate Lavaland Cargo Bay (172, 123, 6))
 - (2020-09-10 11:21:58) ATTACK: [turret] has fired at *no key*/(goldgrub) with [bullet] from Lavaland Wastes (NEWHP: 45)  (Syndicate Lavaland Cargo Bay (172, 123, 6))
 - (2020-09-10 11:22:00) ATTACK: [turret] has fired at *no key*/(goldgrub) with [bullet] from Lavaland Wastes (NEWHP: 45)  (Syndicate Lavaland Cargo Bay (172, 123, 6))
 - (2020-09-10 11:22:02) ATTACK: [turret] has fired at *no key*/(goldgrub) with [bullet] from Lavaland Wastes (NEWHP: 45)  (Syndicate Lavaland Cargo Bay (172, 123, 6))
 - (2020-09-10 11:22:04) ATTACK: [turret] has fired at *no key*/(goldgrub) with [bullet] from Lavaland Wastes (NEWHP: 45)  (Syndicate Lavaland Cargo Bay (172, 123, 6))
 - (2020-09-10 11:22:06) ATTACK: [turret] has fired at *no key*/(goldgrub) with [bullet] from Lavaland Wastes (NEWHP: 45)  (Syndicate Lavaland Cargo Bay (172, 123, 6))
 - (2020-09-10 11:22:08) ATTACK: [turret] has fired at *no key*/(goldgrub) with [bullet] from Lavaland Wastes (NEWHP: 45)  (Syndicate Lavaland Cargo Bay (172, 123, 6))
 - (2020-09-10 11:22:10) ATTACK: [turret] has fired at *no key*/(goldgrub) with [bullet] from Lavaland Wastes (NEWHP: 45)  (Syndicate Lavaland Cargo Bay (172, 123, 6))
 - (2020-09-10 11:22:12) ATTACK: [turret] has fired at *no key*/(goldgrub) with [bullet] from Lavaland Wastes (NEWHP: 45)  (Syndicate Lavaland Cargo Bay (172, 123, 6))
 - (2020-09-10 11:22:14) ATTACK: [turret] has fired at *no key*/(goldgrub) with [bullet] from Lavaland Wastes (NEWHP: 45)  (Syndicate Lavaland Cargo Bay (172, 123, 6))
 - (2020-09-10 11:22:16) ATTACK: [turret] has fired at *no key*/(goldgrub) with [bullet] from Lavaland Wastes (NEWHP: 45)  (Syndicate Lavaland Cargo Bay (172, 123, 6))
 - (2020-09-10 11:22:18) ATTACK: [turret] has fired at *no key*/(goldgrub) with [bullet] from Lavaland Wastes (NEWHP: 45)  (Syndicate Lavaland Cargo Bay (172, 123, 6))
 - (2020-09-10 11:22:20) ATTACK: [turret] has fired at *no key*/(goldgrub) with [bullet] from Lavaland Wastes (NEWHP: 45)  (Syndicate Lavaland Cargo Bay (172, 123, 6))
 - (2020-09-10 11:22:22) ATTACK: [turret] has fired at *no key*/(goldgrub) with [bullet] from Lavaland Wastes (NEWHP: 45)  (Syndicate Lavaland Cargo Bay (172, 123, 6))
 - (2020-09-10 11:22:24) ATTACK: [turret] has fired at *no key*/(goldgrub) with [bullet] from Lavaland Wastes (NEWHP: 45)  (Syndicate Lavaland Cargo Bay (172, 123, 6))
 - (2020-09-10 11:22:26) ATTACK: [turret] has fired at *no key*/(goldgrub) with [bullet] from Lavaland Wastes (NEWHP: 45)  (Syndicate Lavaland Cargo Bay (172, 123, 6))
 - (2020-09-10 11:22:28) ATTACK: [turret] has fired at *no key*/(goldgrub) with [bullet] from Lavaland Wastes (NEWHP: 45)  (Syndicate Lavaland Cargo Bay (172, 123, 6))
 - (2020-09-10 11:22:30) ATTACK: Bob Joga/(Pedro Ilurdoz) has grabbed *no key*/(Cristian Hay) passive grab (NEWHP: 100)  (Starboard Primary Hallway (144, 128, 2))
 - (2020-09-10 11:22:30) ATTACK: [turret] has fired at *no key*/(goldgrub) with [bullet] from Lavaland Wastes (NEWHP: 45)  (Syndicate Lavaland Cargo Bay (172, 123, 6))
 - (2020-09-10 11:22:33) ATTACK: [turret] has fired at *no key*/(goldgrub) with [bullet] from Lavaland Wastes (NEWHP: 45)  (Syndicate Lavaland Cargo Bay (172, 123, 6))
 - (2020-09-10 11:22:35) ATTACK: [turret] has fired at *no key*/(goldgrub) with [bullet] from Lavaland Wastes (NEWHP: 45)  (Syndicate Lavaland Cargo Bay (172, 123, 6))
 - (2020-09-10 11:22:37) ATTACK: [turret] has fired at *no key*/(goldgrub) with [bullet] from Lavaland Wastes (NEWHP: 45)  (Syndicate Lavaland Cargo Bay (172, 123, 6))
 - (2020-09-10 11:22:39) ATTACK: [turret] has fired at *no key*/(goldgrub) with [bullet] from Lavaland Wastes (NEWHP: 45)  (Syndicate Lavaland Cargo Bay (172, 123, 6))
 - (2020-09-10 11:22:41) ATTACK: [turret] has fired at *no key*/(goldgrub) with [bullet] from Lavaland Wastes (NEWHP: 45)  (Syndicate Lavaland Cargo Bay (172, 123, 6))
 - (2020-09-10 11:22:43) ATTACK: [turret] has fired at *no key*/(goldgrub) with [bullet] from Lavaland Wastes (NEWHP: 45)  (Syndicate Lavaland Cargo Bay (172, 123, 6))
 - (2020-09-10 11:22:44) ATTACK: Bob Joga/(Pedro Ilurdoz) has suffered: Rough Abrasion to head | Damage: 15(rolled 31/44.3127) | WB: -5 | BWB: 10 (Medbay Central (143, 124, 2))
 - (2020-09-10 11:22:44) ATTACK: Bob Joga/(Pedro Ilurdoz) has attacked Bob Joga/(Pedro Ilurdoz) with butcher's cleaver[DC] (INTENT: HELP) (DAMTYPE: BRUTE) (NEWHP: 85)  (Medbay Central (143, 124, 2))
 - (2020-09-10 11:22:45) ATTACK: Bob Joga/(Pedro Ilurdoz) has attacked Bob Joga/(Pedro Ilurdoz) with butcher's cleaver[DC] (INTENT: HELP) (DAMTYPE: BRUTE) (NEWHP: 70)  (Medbay Central (143, 124, 2))
 - (2020-09-10 11:22:45) ATTACK: [turret] has fired at *no key*/(goldgrub) with [bullet] from Lavaland Wastes (NEWHP: 45)  (Syndicate Lavaland Cargo Bay (172, 123, 6))
 - (2020-09-10 11:22:45) ATTACK: Bob Joga/(Pedro Ilurdoz) has attacked Bob Joga/(Pedro Ilurdoz) with butcher's cleaver[DC] (INTENT: HELP) (DAMTYPE: BRUTE) (NEWHP: 55.25)  (Medbay Central (143, 124, 2))
 - (2020-09-10 11:22:46) ATTACK: Bob Joga/(Pedro Ilurdoz) has attacked Bob Joga/(Pedro Ilurdoz) with butcher's cleaver[DC] (INTENT: HELP) (DAMTYPE: BRUTE) (NEWHP: 40.25)  (Medbay Central (143, 124, 2))
 - (2020-09-10 11:22:47) ATTACK: [turret] has fired at *no key*/(goldgrub) with [bullet] from Lavaland Wastes (NEWHP: 45)  (Syndicate Lavaland Cargo Bay (172, 123, 6))
 - (2020-09-10 11:22:49) ATTACK: [turret] has fired at *no key*/(goldgrub) with [bullet] from Lavaland Wastes (NEWHP: 45)  (Syndicate Lavaland Cargo Bay (172, 123, 6))
 - (2020-09-10 11:22:51) ATTACK: [turret] has fired at *no key*/(goldgrub) with [bullet] from Lavaland Wastes (NEWHP: 45)  (Syndicate Lavaland Cargo Bay (172, 123, 6))
 - (2020-09-10 11:22:51) ATTACK: *no key*/(Toodles Sharperton) has suffered: Second Degree Burns to left hand | Damage: 10.8(rolled 27/27.9765) (Unexplored Location (210, 64, 7))
 - (2020-09-10 11:22:53) ATTACK: [turret] has fired at *no key*/(goldgrub) with [bullet] from Lavaland Wastes (NEWHP: 45)  (Syndicate Lavaland Cargo Bay (172, 123, 6))
 - (2020-09-10 11:22:55) ATTACK: [turret] has fired at *no key*/(goldgrub) with [bullet] from Lavaland Wastes (NEWHP: 45)  (Syndicate Lavaland Cargo Bay (172, 123, 6))
 - (2020-09-10 11:22:57) ATTACK: [turret] has fired at *no key*/(goldgrub) with [bullet] from Lavaland Wastes (NEWHP: 45)  (Syndicate Lavaland Cargo Bay (172, 123, 6))
 - (2020-09-10 11:22:59) ATTACK: [turret] has fired at *no key*/(goldgrub) with [bullet] from Lavaland Wastes (NEWHP: 45)  (Syndicate Lavaland Cargo Bay (172, 123, 6))
 - (2020-09-10 11:23:01) ATTACK: [turret] has fired at *no key*/(goldgrub) with [bullet] from Lavaland Wastes (NEWHP: 45)  (Syndicate Lavaland Cargo Bay (172, 123, 6))
 - (2020-09-10 11:23:03) ATTACK: [turret] has fired at *no key*/(goldgrub) with [bullet] from Lavaland Wastes (NEWHP: 45)  (Syndicate Lavaland Cargo Bay (172, 123, 6))
 - (2020-09-10 11:23:05) ATTACK: [turret] has fired at *no key*/(goldgrub) with [bullet] from Lavaland Wastes (NEWHP: 45)  (Syndicate Lavaland Cargo Bay (172, 123, 6))
 - (2020-09-10 11:23:07) ATTACK: [turret] has fired at *no key*/(goldgrub) with [bullet] from Lavaland Wastes (NEWHP: 45)  (Syndicate Lavaland Cargo Bay (172, 123, 6))
 - (2020-09-10 11:23:09) ATTACK: [turret] has fired at *no key*/(goldgrub) with [bullet] from Lavaland Wastes (NEWHP: 45)  (Syndicate Lavaland Cargo Bay (172, 123, 6))
 - (2020-09-10 11:23:10) ATTACK: *no key*/(Toodles Sharperton) has suffered: Second Degree Burns to right hand | Damage: 10.8(rolled 27/27.9765) (Unexplored Location (210, 64, 7))
 - (2020-09-10 11:23:11) ATTACK: [turret] has fired at *no key*/(goldgrub) with [bullet] from Lavaland Wastes (NEWHP: 45)  (Syndicate Lavaland Cargo Bay (172, 123, 6))
 - (2020-09-10 11:23:13) ATTACK: [turret] has fired at *no key*/(goldgrub) with [bullet] from Lavaland Wastes (NEWHP: 45)  (Syndicate Lavaland Cargo Bay (172, 123, 6))
 - (2020-09-10 11:23:15) ATTACK: [turret] has fired at *no key*/(goldgrub) with [bullet] from Lavaland Wastes (NEWHP: 45)  (Syndicate Lavaland Cargo Bay (172, 123, 6))
 - (2020-09-10 11:23:17) ATTACK: [turret] has fired at *no key*/(goldgrub) with [bullet] from Lavaland Wastes (NEWHP: 45)  (Syndicate Lavaland Cargo Bay (172, 123, 6))
 - (2020-09-10 11:23:19) ATTACK: [turret] has fired at *no key*/(goldgrub) with [bullet] from Lavaland Wastes (NEWHP: 45)  (Syndicate Lavaland Cargo Bay (172, 123, 6))
 - (2020-09-10 11:23:21) ATTACK: [turret] has fired at *no key*/(goldgrub) with [bullet] from Lavaland Wastes (NEWHP: 45)  (Syndicate Lavaland Cargo Bay (172, 123, 6))
 - (2020-09-10 11:23:23) ATTACK: [turret] has fired at *no key*/(goldgrub) with [bullet] from Lavaland Wastes (NEWHP: 45)  (Syndicate Lavaland Cargo Bay (172, 123, 6))
 - (2020-09-10 11:23:25) ATTACK: [turret] has fired at *no key*/(goldgrub) with [bullet] from Lavaland Wastes (NEWHP: 45)  (Syndicate Lavaland Cargo Bay (172, 123, 6))
 - (2020-09-10 11:23:27) ATTACK: [turret] has fired at *no key*/(goldgrub) with [bullet] from Lavaland Wastes (NEWHP: 45)  (Syndicate Lavaland Cargo Bay (172, 123, 6))
 - (2020-09-10 11:23:29) ATTACK: [turret] has fired at *no key*/(goldgrub) with [bullet] from Lavaland Wastes (NEWHP: 45)  (Syndicate Lavaland Cargo Bay (172, 123, 6))
 - (2020-09-10 11:23:31) ATTACK: [turret] has fired at *no key*/(goldgrub) with [bullet] from Lavaland Wastes (NEWHP: 45)  (Syndicate Lavaland Cargo Bay (172, 123, 6))
 - (2020-09-10 11:23:33) ATTACK: [turret] has fired at *no key*/(goldgrub) with [bullet] from Lavaland Wastes (NEWHP: 45)  (Syndicate Lavaland Cargo Bay (172, 123, 6))
 - (2020-09-10 11:23:35) ATTACK: [turret] has fired at *no key*/(goldgrub) with [bullet] from Lavaland Wastes (NEWHP: 45)  (Syndicate Lavaland Cargo Bay (172, 123, 6))
 - (2020-09-10 11:23:37) ATTACK: [turret] has fired at *no key*/(goldgrub) with [bullet] from Lavaland Wastes (NEWHP: 45)  (Syndicate Lavaland Cargo Bay (172, 123, 6))
 - (2020-09-10 11:23:39) ATTACK: [turret] has fired at *no key*/(goldgrub) with [bullet] from Lavaland Wastes (NEWHP: 45)  (Syndicate Lavaland Cargo Bay (172, 123, 6))
 - (2020-09-10 11:23:41) ATTACK: [turret] has fired at *no key*/(goldgrub) with [bullet] from Lavaland Wastes (NEWHP: 45)  (Syndicate Lavaland Cargo Bay (172, 123, 6))
 - (2020-09-10 11:23:43) ATTACK: [turret] has fired at *no key*/(goldgrub) with [bullet] from Lavaland Wastes (NEWHP: 45)  (Syndicate Lavaland Cargo Bay (172, 123, 6))
 - (2020-09-10 11:23:45) ATTACK: [turret] has fired at *no key*/(goldgrub) with [bullet] from Lavaland Wastes (NEWHP: 45)  (Syndicate Lavaland Cargo Bay (172, 123, 6))
 - (2020-09-10 11:23:46) ATTACK: *no key*/(Clueless) has suffered: Second Degree Burns to left hand | Damage: 10.8(rolled 27/27.9765) (Unexplored Location (207, 65, 7))
 - (2020-09-10 11:23:47) ATTACK: [turret] has fired at *no key*/(goldgrub) with [bullet] from Lavaland Wastes (NEWHP: 45)  (Syndicate Lavaland Cargo Bay (172, 123, 6))
 - (2020-09-10 11:23:49) ATTACK: [turret] has fired at *no key*/(goldgrub) with [bullet] from Lavaland Wastes (NEWHP: 45)  (Syndicate Lavaland Cargo Bay (172, 123, 6))
 - (2020-09-10 11:23:51) ATTACK: [turret] has fired at *no key*/(goldgrub) with [bullet] from Lavaland Wastes (NEWHP: 45)  (Syndicate Lavaland Cargo Bay (172, 123, 6))
 - (2020-09-10 11:23:53) ATTACK: [turret] has fired at *no key*/(goldgrub) with [bullet] from Lavaland Wastes (NEWHP: 45)  (Syndicate Lavaland Cargo Bay (172, 123, 6))
 - (2020-09-10 11:23:55) ATTACK: [turret] has fired at *no key*/(goldgrub) with [bullet] from Lavaland Wastes (NEWHP: 45)  (Syndicate Lavaland Cargo Bay (172, 123, 6))
 - (2020-09-10 11:23:57) ATTACK: [turret] has fired at *no key*/(goldgrub) with [bullet] from Lavaland Wastes (NEWHP: 45)  (Syndicate Lavaland Cargo Bay (172, 123, 6))
 - (2020-09-10 11:23:59) ATTACK: [turret] has fired at *no key*/(goldgrub) with [bullet] from Lavaland Wastes (NEWHP: 45)  (Syndicate Lavaland Cargo Bay (172, 123, 6))
 - (2020-09-10 11:24:01) ATTACK: [turret] has fired at *no key*/(goldgrub) with [bullet] from Lavaland Wastes (NEWHP: 45)  (Syndicate Lavaland Cargo Bay (172, 123, 6))
 - (2020-09-10 11:24:03) ATTACK: [turret] has fired at *no key*/(goldgrub) with [bullet] from Lavaland Wastes (NEWHP: 45)  (Syndicate Lavaland Cargo Bay (172, 123, 6))
 - (2020-09-10 11:24:05) ATTACK: [turret] has fired at *no key*/(goldgrub) with [bullet] from Lavaland Wastes (NEWHP: 45)  (Syndicate Lavaland Cargo Bay (172, 123, 6))
 - (2020-09-10 11:24:07) ATTACK: [turret] has fired at *no key*/(goldgrub) with [bullet] from Lavaland Wastes (NEWHP: 45)  (Syndicate Lavaland Cargo Bay (172, 123, 6))
 - (2020-09-10 11:24:09) ATTACK: [turret] has fired at *no key*/(goldgrub) with [bullet] from Lavaland Wastes (NEWHP: 45)  (Syndicate Lavaland Cargo Bay (172, 123, 6))
 - (2020-09-10 11:24:11) ATTACK: [turret] has fired at *no key*/(goldgrub) with [bullet] from Lavaland Wastes (NEWHP: 45)  (Syndicate Lavaland Cargo Bay (172, 123, 6))
 - (2020-09-10 11:24:13) ATTACK: [turret] has fired at *no key*/(goldgrub) with [bullet] from Lavaland Wastes (NEWHP: 45)  (Syndicate Lavaland Cargo Bay (172, 123, 6))
 - (2020-09-10 11:24:15) ATTACK: [turret] has fired at *no key*/(goldgrub) with [bullet] from Lavaland Wastes (NEWHP: 45)  (Syndicate Lavaland Cargo Bay (172, 123, 6))
 - (2020-09-10 11:24:17) ATTACK: [turret] has fired at *no key*/(goldgrub) with [bullet] from Lavaland Wastes (NEWHP: 45)  (Syndicate Lavaland Cargo Bay (172, 123, 6))
 - (2020-09-10 11:24:19) ATTACK: [turret] has fired at *no key*/(goldgrub) with [bullet] from Lavaland Wastes (NEWHP: 45)  (Syndicate Lavaland Cargo Bay (172, 123, 6))
 - (2020-09-10 11:24:21) ATTACK: [turret] has fired at *no key*/(goldgrub) with [bullet] from Lavaland Wastes (NEWHP: 45)  (Syndicate Lavaland Cargo Bay (172, 123, 6))
 - (2020-09-10 11:24:23) ATTACK: [turret] has fired at *no key*/(goldgrub) with [bullet] from Lavaland Wastes (NEWHP: 45)  (Syndicate Lavaland Cargo Bay (172, 123, 6))
 - (2020-09-10 11:24:25) ATTACK: [turret] has fired at *no key*/(goldgrub) with [bullet] from Lavaland Wastes (NEWHP: 45)  (Syndicate Lavaland Cargo Bay (172, 123, 6))
 - (2020-09-10 11:24:27) ATTACK: [turret] has fired at *no key*/(goldgrub) with [bullet] from Lavaland Wastes (NEWHP: 45)  (Syndicate Lavaland Cargo Bay (172, 123, 6))
 - (2020-09-10 11:24:29) ATTACK: [turret] has fired at *no key*/(goldgrub) with [bullet] from Lavaland Wastes (NEWHP: 45)  (Syndicate Lavaland Cargo Bay (172, 123, 6))
 - (2020-09-10 11:24:31) ATTACK: [turret] has fired at *no key*/(goldgrub) with [bullet] from Lavaland Wastes (NEWHP: 45)  (Syndicate Lavaland Cargo Bay (172, 123, 6))
 - (2020-09-10 11:24:33) ATTACK: [turret] has fired at *no key*/(goldgrub) with [bullet] from Lavaland Wastes (NEWHP: 45)  (Syndicate Lavaland Cargo Bay (172, 123, 6))
 - (2020-09-10 11:24:35) ATTACK: [turret] has fired at *no key*/(goldgrub) with [bullet] from Lavaland Wastes (NEWHP: 45)  (Syndicate Lavaland Cargo Bay (172, 123, 6))
 - (2020-09-10 11:24:37) ATTACK: [turret] has fired at *no key*/(goldgrub) with [bullet] from Lavaland Wastes (NEWHP: 45)  (Syndicate Lavaland Cargo Bay (172, 123, 6))
 - (2020-09-10 11:24:39) ATTACK: [turret] has fired at *no key*/(goldgrub) with [bullet] from Lavaland Wastes (NEWHP: 45)  (Syndicate Lavaland Cargo Bay (172, 123, 6))
 - (2020-09-10 11:24:41) ATTACK: [turret] has fired at *no key*/(goldgrub) with [bullet] from Lavaland Wastes (NEWHP: 45)  (Syndicate Lavaland Cargo Bay (172, 123, 6))
 - (2020-09-10 11:24:42) ATTACK: *no key*/(Clueless) has suffered: Second Degree Burns to left foot | Damage: 10.8(rolled 27/27.9765) (Unexplored Location (207, 65, 7))
 - (2020-09-10 11:24:43) ATTACK: [turret] has fired at *no key*/(goldgrub) with [bullet] from Lavaland Wastes (NEWHP: 45)  (Syndicate Lavaland Cargo Bay (172, 123, 6))
 - (2020-09-10 11:24:45) ATTACK: [turret] has fired at *no key*/(goldgrub) with [bullet] from Lavaland Wastes (NEWHP: 45)  (Syndicate Lavaland Cargo Bay (172, 123, 6))
 - (2020-09-10 11:24:47) ATTACK: [turret] has fired at *no key*/(goldgrub) with [bullet] from Lavaland Wastes (NEWHP: 45)  (Syndicate Lavaland Cargo Bay (172, 123, 6))
 - (2020-09-10 11:24:49) ATTACK: [turret] has fired at *no key*/(goldgrub) with [bullet] from Lavaland Wastes (NEWHP: 45)  (Syndicate Lavaland Cargo Bay (172, 123, 6))
 - (2020-09-10 11:24:51) ATTACK: [turret] has fired at *no key*/(goldgrub) with [bullet] from Lavaland Wastes (NEWHP: 45)  (Syndicate Lavaland Cargo Bay (172, 123, 6))
 - (2020-09-10 11:24:53) ATTACK: [turret] has fired at *no key*/(goldgrub) with [bullet] from Lavaland Wastes (NEWHP: 45)  (Syndicate Lavaland Cargo Bay (172, 123, 6))
 - (2020-09-10 11:24:55) ATTACK: [turret] has fired at *no key*/(goldgrub) with [bullet] from Lavaland Wastes (NEWHP: 45)  (Syndicate Lavaland Cargo Bay (172, 123, 6))
 - (2020-09-10 11:24:57) ATTACK: [turret] has fired at *no key*/(goldgrub) with [bullet] from Lavaland Wastes (NEWHP: 45)  (Syndicate Lavaland Cargo Bay (172, 123, 6))
 - (2020-09-10 11:24:59) ATTACK: [turret] has fired at *no key*/(goldgrub) with [bullet] from Lavaland Wastes (NEWHP: 45)  (Syndicate Lavaland Cargo Bay (172, 123, 6))
 - (2020-09-10 11:25:01) ATTACK: [turret] has fired at *no key*/(goldgrub) with [bullet] from Lavaland Wastes (NEWHP: 45)  (Syndicate Lavaland Cargo Bay (172, 123, 6))
 - (2020-09-10 11:25:02) ATTACK: *no key*/(Clueless) has suffered: Second Degree Burns to right foot | Damage: 10.8(rolled 27/27.9765) (Unexplored Location (207, 65, 7))
 - (2020-09-10 11:25:03) ATTACK: [turret] has fired at *no key*/(goldgrub) with [bullet] from Lavaland Wastes (NEWHP: 45)  (Syndicate Lavaland Cargo Bay (172, 123, 6))
 - (2020-09-10 11:25:05) ATTACK: [turret] has fired at *no key*/(goldgrub) with [bullet] from Lavaland Wastes (NEWHP: 45)  (Syndicate Lavaland Cargo Bay (172, 123, 6))
 - (2020-09-10 11:25:07) ATTACK: [turret] has fired at *no key*/(goldgrub) with [bullet] from Lavaland Wastes (NEWHP: 45)  (Syndicate Lavaland Cargo Bay (172, 123, 6))
 - (2020-09-10 11:25:09) ATTACK: [turret] has fired at *no key*/(goldgrub) with [bullet] from Lavaland Wastes (NEWHP: 45)  (Syndicate Lavaland Cargo Bay (172, 123, 6))
 - (2020-09-10 11:25:11) ATTACK: [turret] has fired at *no key*/(goldgrub) with [bullet] from Lavaland Wastes (NEWHP: 45)  (Syndicate Lavaland Cargo Bay (172, 123, 6))
 - (2020-09-10 11:25:13) ATTACK: [turret] has fired at *no key*/(goldgrub) with [bullet] from Lavaland Wastes (NEWHP: 45)  (Syndicate Lavaland Cargo Bay (172, 123, 6))
 - (2020-09-10 11:25:15) ATTACK: [turret] has fired at *no key*/(goldgrub) with [bullet] from Lavaland Wastes (NEWHP: 45)  (Syndicate Lavaland Cargo Bay (172, 123, 6))
 - (2020-09-10 11:25:17) ATTACK: [turret] has fired at *no key*/(goldgrub) with [bullet] from Lavaland Wastes (NEWHP: 45)  (Syndicate Lavaland Cargo Bay (172, 123, 6))
 - (2020-09-10 11:25:19) ATTACK: [turret] has fired at *no key*/(goldgrub) with [bullet] from Lavaland Wastes (NEWHP: 45)  (Syndicate Lavaland Cargo Bay (172, 123, 6))
 - (2020-09-10 11:25:20) ATTACK: *no key*/(Toodles Sharperton) has suffered: Second Degree Burns to right leg | Damage: 10.8(rolled 26/27.9765) (Unexplored Location (210, 64, 7))
 - (2020-09-10 11:25:21) ATTACK: [turret] has fired at *no key*/(goldgrub) with [bullet] from Lavaland Wastes (NEWHP: 45)  (Syndicate Lavaland Cargo Bay (172, 123, 6))
 - (2020-09-10 11:25:23) ATTACK: [turret] has fired at *no key*/(goldgrub) with [bullet] from Lavaland Wastes (NEWHP: 45)  (Syndicate Lavaland Cargo Bay (172, 123, 6))
 - (2020-09-10 11:25:25) ATTACK: [turret] has fired at *no key*/(goldgrub) with [bullet] from Lavaland Wastes (NEWHP: 45)  (Syndicate Lavaland Cargo Bay (172, 123, 6))
 - (2020-09-10 11:25:27) ATTACK: [turret] has fired at *no key*/(goldgrub) with [bullet] from Lavaland Wastes (NEWHP: 45)  (Syndicate Lavaland Cargo Bay (172, 123, 6))
 - (2020-09-10 11:25:29) ATTACK: [turret] has fired at *no key*/(goldgrub) with [bullet] from Lavaland Wastes (NEWHP: 45)  (Syndicate Lavaland Cargo Bay (172, 123, 6))
 - (2020-09-10 11:25:31) ATTACK: [turret] has fired at *no key*/(goldgrub) with [bullet] from Lavaland Wastes (NEWHP: 45)  (Syndicate Lavaland Cargo Bay (172, 123, 6))
 - (2020-09-10 11:25:33) ATTACK: [turret] has fired at *no key*/(goldgrub) with [bullet] from Lavaland Wastes (NEWHP: 45)  (Syndicate Lavaland Cargo Bay (172, 123, 6))
 - (2020-09-10 11:25:36) ATTACK: [turret] has fired at *no key*/(goldgrub) with [bullet] from Lavaland Wastes (NEWHP: 45)  (Syndicate Lavaland Cargo Bay (172, 123, 6))
 - (2020-09-10 11:25:36) ATTACK: *no key*/(Clueless) has suffered: Second Degree Burns to left arm | Damage: 10.8(rolled 26/27.9765) (Unexplored Location (207, 65, 7))
 - (2020-09-10 11:25:37) ATTACK: [turret] has fired at *no key*/(goldgrub) with [bullet] from Lavaland Wastes (NEWHP: 45)  (Syndicate Lavaland Cargo Bay (172, 123, 6))
 - (2020-09-10 11:25:39) ATTACK: [turret] has fired at *no key*/(goldgrub) with [bullet] from Lavaland Wastes (NEWHP: 45)  (Syndicate Lavaland Cargo Bay (172, 123, 6))
 - (2020-09-10 11:25:41) ATTACK: [turret] has fired at *no key*/(goldgrub) with [bullet] from Lavaland Wastes (NEWHP: 45)  (Syndicate Lavaland Cargo Bay (172, 123, 6))
 - (2020-09-10 11:25:44) ATTACK: [turret] has fired at *no key*/(goldgrub) with [bullet] from Lavaland Wastes (NEWHP: 45)  (Syndicate Lavaland Cargo Bay (172, 123, 6))
 - (2020-09-10 11:25:46) ATTACK: [turret] has fired at *no key*/(goldgrub) with [bullet] from Lavaland Wastes (NEWHP: 45)  (Syndicate Lavaland Cargo Bay (172, 123, 6))
 - (2020-09-10 11:25:48) ATTACK: [turret] has fired at *no key*/(goldgrub) with [bullet] from Lavaland Wastes (NEWHP: 45)  (Syndicate Lavaland Cargo Bay (172, 123, 6))
 - (2020-09-10 11:25:50) ATTACK: [turret] has fired at *no key*/(goldgrub) with [bullet] from Lavaland Wastes (NEWHP: 45)  (Syndicate Lavaland Cargo Bay (172, 123, 6))
 - (2020-09-10 11:25:52) ATTACK: [turret] has fired at *no key*/(goldgrub) with [bullet] from Lavaland Wastes (NEWHP: 45)  (Syndicate Lavaland Cargo Bay (172, 123, 6))
 - (2020-09-10 11:25:54) ATTACK: [turret] has fired at *no key*/(goldgrub) with [bullet] from Lavaland Wastes (NEWHP: 45)  (Syndicate Lavaland Cargo Bay (172, 123, 6))
 - (2020-09-10 11:25:56) ATTACK: [turret] has fired at *no key*/(goldgrub) with [bullet] from Lavaland Wastes (NEWHP: 45)  (Syndicate Lavaland Cargo Bay (172, 123, 6))
 - (2020-09-10 11:25:58) ATTACK: [turret] has fired at *no key*/(goldgrub) with [bullet] from Lavaland Wastes (NEWHP: 45)  (Syndicate Lavaland Cargo Bay (172, 123, 6))
 - (2020-09-10 11:26:00) ATTACK: [turret] has fired at *no key*/(goldgrub) with [bullet] from Lavaland Wastes (NEWHP: 45)  (Syndicate Lavaland Cargo Bay (172, 123, 6))
 - (2020-09-10 11:26:02) ATTACK: [turret] has fired at *no key*/(goldgrub) with [bullet] from Lavaland Wastes (NEWHP: 45)  (Syndicate Lavaland Cargo Bay (172, 123, 6))
 - (2020-09-10 11:26:04) ATTACK: [turret] has fired at *no key*/(goldgrub) with [bullet] from Lavaland Wastes (NEWHP: 45)  (Syndicate Lavaland Cargo Bay (172, 123, 6))
 - (2020-09-10 11:26:06) ATTACK: [turret] has fired at *no key*/(goldgrub) with [bullet] from Lavaland Wastes (NEWHP: 45)  (Syndicate Lavaland Cargo Bay (172, 123, 6))
 - (2020-09-10 11:26:06) ATTACK: *no key*/(Toodles Sharperton) has suffered: Second Degree Burns to left arm | Damage: 10.8(rolled 26/27.9765) (Unexplored Location (210, 64, 7))
 - (2020-09-10 11:26:08) ATTACK: [turret] has fired at *no key*/(goldgrub) with [bullet] from Lavaland Wastes (NEWHP: 45)  (Syndicate Lavaland Cargo Bay (172, 123, 6))
 - (2020-09-10 11:26:10) ATTACK: [turret] has fired at *no key*/(goldgrub) with [bullet] from Lavaland Wastes (NEWHP: 45)  (Syndicate Lavaland Cargo Bay (172, 123, 6))
 - (2020-09-10 11:26:12) ATTACK: [turret] has fired at *no key*/(goldgrub) with [bullet] from Lavaland Wastes (NEWHP: 45)  (Syndicate Lavaland Cargo Bay (172, 123, 6))
 - (2020-09-10 11:26:14) ATTACK: [turret] has fired at *no key*/(goldgrub) with [bullet] from Lavaland Wastes (NEWHP: 45)  (Syndicate Lavaland Cargo Bay (172, 123, 6))
 - (2020-09-10 11:26:16) ATTACK: [turret] has fired at *no key*/(goldgrub) with [bullet] from Lavaland Wastes (NEWHP: 45)  (Syndicate Lavaland Cargo Bay (172, 123, 6))
 - (2020-09-10 11:26:18) ATTACK: [turret] has fired at *no key*/(goldgrub) with [bullet] from Lavaland Wastes (NEWHP: 45)  (Syndicate Lavaland Cargo Bay (172, 123, 6))
 - (2020-09-10 11:26:20) ATTACK: [turret] has fired at *no key*/(goldgrub) with [bullet] from Lavaland Wastes (NEWHP: 45)  (Syndicate Lavaland Cargo Bay (172, 123, 6))
 - (2020-09-10 11:26:22) ATTACK: [turret] has fired at *no key*/(goldgrub) with [bullet] from Lavaland Wastes (NEWHP: 45)  (Syndicate Lavaland Cargo Bay (172, 123, 6))
 - (2020-09-10 11:26:24) ATTACK: [turret] has fired at *no key*/(goldgrub) with [bullet] from Lavaland Wastes (NEWHP: 45)  (Syndicate Lavaland Cargo Bay (172, 123, 6))
 - (2020-09-10 11:26:26) ATTACK: [turret] has fired at *no key*/(goldgrub) with [bullet] from Lavaland Wastes (NEWHP: 45)  (Syndicate Lavaland Cargo Bay (172, 123, 6))
 - (2020-09-10 11:26:28) ATTACK: [turret] has fired at *no key*/(goldgrub) with [bullet] from Lavaland Wastes (NEWHP: 45)  (Syndicate Lavaland Cargo Bay (172, 123, 6))
 - (2020-09-10 11:26:30) ATTACK: [turret] has fired at *no key*/(goldgrub) with [bullet] from Lavaland Wastes (NEWHP: 45)  (Syndicate Lavaland Cargo Bay (172, 123, 6))
 - (2020-09-10 11:26:32) ATTACK: [turret] has fired at *no key*/(goldgrub) with [bullet] from Lavaland Wastes (NEWHP: 45)  (Syndicate Lavaland Cargo Bay (172, 123, 6))
 - (2020-09-10 11:26:34) ATTACK: [turret] has fired at *no key*/(goldgrub) with [bullet] from Lavaland Wastes (NEWHP: 45)  (Syndicate Lavaland Cargo Bay (172, 123, 6))
 - (2020-09-10 11:26:36) ATTACK: [turret] has fired at *no key*/(goldgrub) with [bullet] from Lavaland Wastes (NEWHP: 45)  (Syndicate Lavaland Cargo Bay (172, 123, 6))
 - (2020-09-10 11:26:38) ATTACK: [turret] has fired at *no key*/(goldgrub) with [bullet] from Lavaland Wastes (NEWHP: 45)  (Syndicate Lavaland Cargo Bay (172, 123, 6))
 - (2020-09-10 11:26:40) ATTACK: [turret] has fired at *no key*/(goldgrub) with [bullet] from Lavaland Wastes (NEWHP: 45)  (Syndicate Lavaland Cargo Bay (172, 123, 6))
 - (2020-09-10 11:26:42) ATTACK: [turret] has fired at *no key*/(goldgrub) with [bullet] from Lavaland Wastes (NEWHP: 45)  (Syndicate Lavaland Cargo Bay (172, 123, 6))
 - (2020-09-10 11:26:44) ATTACK: [turret] has fired at *no key*/(goldgrub) with [bullet] from Lavaland Wastes (NEWHP: 45)  (Syndicate Lavaland Cargo Bay (172, 123, 6))
 - (2020-09-10 11:26:46) ATTACK: [turret] has fired at *no key*/(goldgrub) with [bullet] from Lavaland Wastes (NEWHP: 45)  (Syndicate Lavaland Cargo Bay (172, 123, 6))
 - (2020-09-10 11:26:48) ATTACK: Bob Joga/(Pedro Ilurdoz) has attacked Bob Joga/(Pedro Ilurdoz) with butcher's cleaver[DC] (INTENT: HELP) (DAMTYPE: BRUTE) (NEWHP: 85)  (Medbay Central (149, 118, 2))
 - (2020-09-10 11:26:48) ATTACK: [turret] has fired at *no key*/(goldgrub) with [bullet] from Lavaland Wastes (NEWHP: 45)  (Syndicate Lavaland Cargo Bay (172, 123, 6))
 - (2020-09-10 11:26:49) ATTACK: Bob Joga/(Pedro Ilurdoz) has suffered: Rough Abrasion to left hand | Damage: 15(rolled 34/44.3127) | WB: -5 | BWB: 10 (Medbay Central (150, 113, 2))
 - (2020-09-10 11:26:49) ATTACK: Bob Joga/(Pedro Ilurdoz) has attacked Bob Joga/(Pedro Ilurdoz) with butcher's cleaver[DC] (INTENT: HELP) (DAMTYPE: BRUTE) (NEWHP: 70)  (Medbay Central (150, 113, 2))
 - (2020-09-10 11:26:50) ATTACK: [turret] has fired at *no key*/(goldgrub) with [bullet] from Lavaland Wastes (NEWHP: 45)  (Syndicate Lavaland Cargo Bay (172, 123, 6))
 - (2020-09-10 11:26:50) ATTACK: Bob Joga/(Pedro Ilurdoz) has suffered: Rough Abrasion to head | Damage: 15(rolled 42/44.3127) | WB: -5 | BWB: 10 (Medbay Central (150, 113, 2))
 - (2020-09-10 11:26:50) ATTACK: Bob Joga/(Pedro Ilurdoz) has attacked Bob Joga/(Pedro Ilurdoz) with butcher's cleaver[DC] (INTENT: HELP) (DAMTYPE: BRUTE) (NEWHP: 55)  (Medbay Central (150, 113, 2))
 - (2020-09-10 11:26:52) ATTACK: Bob Joga/(Pedro Ilurdoz) has attacked Bob Joga/(Pedro Ilurdoz) with butcher's cleaver[DC] (INTENT: HELP) (DAMTYPE: BRUTE) (NEWHP: 40.5)  (Medbay Central (150, 113, 2))
 - (2020-09-10 11:26:52) ATTACK: [turret] has fired at *no key*/(goldgrub) with [bullet] from Lavaland Wastes (NEWHP: 45)  (Syndicate Lavaland Cargo Bay (172, 123, 6))
 - (2020-09-10 11:26:54) ATTACK: [turret] has fired at *no key*/(goldgrub) with [bullet] from Lavaland Wastes (NEWHP: 45)  (Syndicate Lavaland Cargo Bay (172, 123, 6))
 - (2020-09-10 11:26:56) ATTACK: [turret] has fired at *no key*/(goldgrub) with [bullet] from Lavaland Wastes (NEWHP: 45)  (Syndicate Lavaland Cargo Bay (172, 123, 6))
 - (2020-09-10 11:26:58) ATTACK: [turret] has fired at *no key*/(goldgrub) with [bullet] from Lavaland Wastes (NEWHP: 45)  (Syndicate Lavaland Cargo Bay (172, 123, 6))
 - (2020-09-10 11:26:59) ATTACK: *no key*/(coder monkey (834)) has suffered: Joint Dislocation to left foot | Damage: 20(rolled 46/66.2891) | WB: 2 (Space (96, 38, 4))
 - (2020-09-10 11:26:59) ATTACK: Bob Joga/(Pedro Ilurdoz) has attacked Bob Joga/(Pedro Ilurdoz) with butcher's cleaver[DC] (INTENT: HELP) (DAMTYPE: BRUTE) (NEWHP: 27.5)  (Medbay Central (149, 112, 2))
 - (2020-09-10 11:27:00) ATTACK: [turret] has fired at *no key*/(goldgrub) with [bullet] from Lavaland Wastes (NEWHP: 45)  (Syndicate Lavaland Cargo Bay (172, 123, 6))
 - (2020-09-10 11:27:02) ATTACK: [turret] has fired at *no key*/(goldgrub) with [bullet] from Lavaland Wastes (NEWHP: 45)  (Syndicate Lavaland Cargo Bay (172, 123, 6))
 - (2020-09-10 11:27:03) ATTACK: Bob Joga/(Pedro Ilurdoz) has attacked Bob Joga/(Pedro Ilurdoz) with butcher's cleaver[DC] (INTENT: HELP) (DAMTYPE: BRUTE) (NEWHP: 13.5)  (Medbay Central (149, 112, 2))
 - (2020-09-10 11:27:04) ATTACK: [turret] has fired at *no key*/(goldgrub) with [bullet] from Lavaland Wastes (NEWHP: 45)  (Syndicate Lavaland Cargo Bay (172, 123, 6))
 - (2020-09-10 11:27:04) ATTACK: Bob Joga/(Pedro Ilurdoz) has attacked Bob Joga/(Pedro Ilurdoz) with butcher's cleaver[DC] (INTENT: HELP) (DAMTYPE: BRUTE) (NEWHP: -1.5)  (Medbay Central (149, 115, 2))
 - (2020-09-10 11:27:05) ATTACK: Bob Joga/(Pedro Ilurdoz) has attacked Bob Joga/(Pedro Ilurdoz) with butcher's cleaver[DC] (INTENT: HELP) (DAMTYPE: BRUTE) (NEWHP: -21)  (Medbay Central (149, 116, 2))
 - (2020-09-10 11:27:06) ATTACK: [turret] has fired at *no key*/(goldgrub) with [bullet] from Lavaland Wastes (NEWHP: 45)  (Syndicate Lavaland Cargo Bay (172, 123, 6))
 - (2020-09-10 11:27:07) ATTACK: Bob Joga/(Pedro Ilurdoz) has attacked Bob Joga/(Pedro Ilurdoz) with butcher's cleaver[DC] (INTENT: HELP) (DAMTYPE: BRUTE) (NEWHP: -30.75)  (Medbay Central (149, 116, 2))
 - (2020-09-10 11:27:08) ATTACK: [turret] has fired at *no key*/(goldgrub) with [bullet] from Lavaland Wastes (NEWHP: 45)  (Syndicate Lavaland Cargo Bay (172, 123, 6))
 - (2020-09-10 11:27:10) ATTACK: [turret] has fired at *no key*/(goldgrub) with [bullet] from Lavaland Wastes (NEWHP: 45)  (Syndicate Lavaland Cargo Bay (172, 123, 6))
 - (2020-09-10 11:27:12) ATTACK: [turret] has fired at *no key*/(goldgrub) with [bullet] from Lavaland Wastes (NEWHP: 45)  (Syndicate Lavaland Cargo Bay (172, 123, 6))
 - (2020-09-10 11:27:14) ATTACK: [turret] has fired at *no key*/(goldgrub) with [bullet] from Lavaland Wastes (NEWHP: 45)  (Syndicate Lavaland Cargo Bay (172, 123, 6))
 - (2020-09-10 11:27:16) ATTACK: [turret] has fired at *no key*/(goldgrub) with [bullet] from Lavaland Wastes (NEWHP: 45)  (Syndicate Lavaland Cargo Bay (172, 123, 6))
 - (2020-09-10 11:27:18) ATTACK: [turret] has fired at *no key*/(goldgrub) with [bullet] from Lavaland Wastes (NEWHP: 45)  (Syndicate Lavaland Cargo Bay (172, 123, 6))
 - (2020-09-10 11:27:18) ATTACK: Bob Joga/(Pedro Ilurdoz) has suffered: Rough Abrasion to head | Damage: 15(rolled 42/44.3127) | WB: -5 | BWB: 10 (Medbay Central (149, 117, 2))
 - (2020-09-10 11:27:18) ATTACK: Bob Joga/(Pedro Ilurdoz) has attacked Bob Joga/(Pedro Ilurdoz) with butcher's cleaver[DC] (INTENT: HELP) (DAMTYPE: BRUTE) (NEWHP: 85)  (Medbay Central (149, 117, 2))
 - (2020-09-10 11:27:20) ATTACK: Bob Joga/(Pedro Ilurdoz) has attacked Bob Joga/(Pedro Ilurdoz) with butcher's cleaver[DC] (INTENT: HELP) (DAMTYPE: BRUTE) (NEWHP: 70.25)  (Medbay Central (147, 119, 2))
 - (2020-09-10 11:27:20) ATTACK: [turret] has fired at *no key*/(goldgrub) with [bullet] from Lavaland Wastes (NEWHP: 45)  (Syndicate Lavaland Cargo Bay (172, 123, 6))
 - (2020-09-10 11:27:22) ATTACK: [turret] has fired at *no key*/(goldgrub) with [bullet] from Lavaland Wastes (NEWHP: 45)  (Syndicate Lavaland Cargo Bay (172, 123, 6))
 - (2020-09-10 11:27:24) ATTACK: [turret] has fired at *no key*/(goldgrub) with [bullet] from Lavaland Wastes (NEWHP: 45)  (Syndicate Lavaland Cargo Bay (172, 123, 6))
 - (2020-09-10 11:27:26) ATTACK: [turret] has fired at *no key*/(goldgrub) with [bullet] from Lavaland Wastes (NEWHP: 45)  (Syndicate Lavaland Cargo Bay (172, 123, 6))
 - (2020-09-10 11:27:27) ATTACK: *no key*/(Clueless) has suffered: Second Degree Burns to right arm | Damage: 10.8(rolled 26/27.9765) (Unexplored Location (207, 65, 7))
 - (2020-09-10 11:27:28) ATTACK: [turret] has fired at *no key*/(goldgrub) with [bullet] from Lavaland Wastes (NEWHP: 45)  (Syndicate Lavaland Cargo Bay (172, 123, 6))
 - (2020-09-10 11:27:30) ATTACK: [turret] has fired at *no key*/(goldgrub) with [bullet] from Lavaland Wastes (NEWHP: 45)  (Syndicate Lavaland Cargo Bay (172, 123, 6))
 - (2020-09-10 11:27:32) ATTACK: [turret] has fired at *no key*/(goldgrub) with [bullet] from Lavaland Wastes (NEWHP: 45)  (Syndicate Lavaland Cargo Bay (172, 123, 6))
 - (2020-09-10 11:27:34) ATTACK: [turret] has fired at *no key*/(goldgrub) with [bullet] from Lavaland Wastes (NEWHP: 45)  (Syndicate Lavaland Cargo Bay (172, 123, 6))
 - (2020-09-10 11:27:36) ATTACK: [turret] has fired at *no key*/(goldgrub) with [bullet] from Lavaland Wastes (NEWHP: 45)  (Syndicate Lavaland Cargo Bay (172, 123, 6))
 - (2020-09-10 11:27:38) ATTACK: [turret] has fired at *no key*/(goldgrub) with [bullet] from Lavaland Wastes (NEWHP: 45)  (Syndicate Lavaland Cargo Bay (172, 123, 6))
 - (2020-09-10 11:27:40) ATTACK: [turret] has fired at *no key*/(goldgrub) with [bullet] from Lavaland Wastes (NEWHP: 45)  (Syndicate Lavaland Cargo Bay (172, 123, 6))
 - (2020-09-10 11:27:42) ATTACK: [turret] has fired at *no key*/(goldgrub) with [bullet] from Lavaland Wastes (NEWHP: 45)  (Syndicate Lavaland Cargo Bay (172, 123, 6))
 - (2020-09-10 11:27:42) ATTACK: Bob Joga/(Pedro Ilurdoz) has suffered: Rough Abrasion to left hand | Damage: 15(rolled 28/44.3127) | WB: -5 | BWB: 10 (Medbay Central (135, 117, 2))
 - (2020-09-10 11:27:42) ATTACK: Bob Joga/(Pedro Ilurdoz) has attacked Bob Joga/(Pedro Ilurdoz) with butcher's cleaver[DC] (INTENT: HELP) (DAMTYPE: BRUTE) (NEWHP: 56.75)  (Medbay Central (135, 117, 2))
 - (2020-09-10 11:27:43) ATTACK: *no key*/(Clueless) has suffered: Second Degree Burns to left leg | Damage: 10.8(rolled 26/27.9765) (Unexplored Location (207, 65, 7))
 - (2020-09-10 11:27:43) ATTACK: Bob Joga/(Pedro Ilurdoz) has attacked Bob Joga/(Pedro Ilurdoz) with butcher's cleaver[DC] (INTENT: HELP) (DAMTYPE: BRUTE) (NEWHP: 42.25)  (Medbay Central (135, 117, 2))
 - (2020-09-10 11:27:44) ATTACK: Bob Joga/(Pedro Ilurdoz) has attacked Bob Joga/(Pedro Ilurdoz) with butcher's cleaver[DC] (INTENT: HELP) (DAMTYPE: BRUTE) (NEWHP: 27.25)  (Medbay Central (135, 116, 2))
 - (2020-09-10 11:27:44) ATTACK: [turret] has fired at *no key*/(goldgrub) with [bullet] from Lavaland Wastes (NEWHP: 45)  (Syndicate Lavaland Cargo Bay (172, 123, 6))
 - (2020-09-10 11:27:45) ATTACK: Bob Joga/(Pedro Ilurdoz) has attacked Bob Joga/(Pedro Ilurdoz) with butcher's cleaver[DC] (INTENT: HELP) (DAMTYPE: BRUTE) (NEWHP: 12.75)  (Medbay Central (135, 116, 2))
 - (2020-09-10 11:27:46) ATTACK: Bob Joga/(Pedro Ilurdoz) has attacked Bob Joga/(Pedro Ilurdoz) with butcher's cleaver[DC] (INTENT: HELP) (DAMTYPE: BRUTE) (NEWHP: -2.25)  (Medbay Central (135, 116, 2))
 - (2020-09-10 11:27:46) ATTACK: [turret] has fired at *no key*/(goldgrub) with [bullet] from Lavaland Wastes (NEWHP: 45)  (Syndicate Lavaland Cargo Bay (172, 123, 6))
 - (2020-09-10 11:27:47) ATTACK: Bob Joga/(Pedro Ilurdoz) has suffered: Rough Abrasion to head | Damage: 15(rolled 42/44.3127) | WB: -5 | BWB: 10 (Medbay Central (133, 116, 2))
 - (2020-09-10 11:27:47) ATTACK: Bob Joga/(Pedro Ilurdoz) has attacked Bob Joga/(Pedro Ilurdoz) with butcher's cleaver[DC] (INTENT: HELP) (DAMTYPE: BRUTE) (NEWHP: -17)  (Medbay Central (133, 116, 2))
 - (2020-09-10 11:27:48) ATTACK: [turret] has fired at *no key*/(goldgrub) with [bullet] from Lavaland Wastes (NEWHP: 45)  (Syndicate Lavaland Cargo Bay (172, 123, 6))
 - (2020-09-10 11:27:50) ATTACK: [turret] has fired at *no key*/(goldgrub) with [bullet] from Lavaland Wastes (NEWHP: 45)  (Syndicate Lavaland Cargo Bay (172, 123, 6))
 - (2020-09-10 11:27:52) ATTACK: Bob Joga/(Pedro Ilurdoz) has attacked Bob Joga/(Pedro Ilurdoz) with butcher's cleaver[DC] (INTENT: HELP) (DAMTYPE: BRUTE) (NEWHP: -35.75)  (Medbay Central (137, 118, 2))
 - (2020-09-10 11:27:52) ATTACK: [turret] has fired at *no key*/(goldgrub) with [bullet] from Lavaland Wastes (NEWHP: 45)  (Syndicate Lavaland Cargo Bay (172, 123, 6))
 - (2020-09-10 11:27:54) ATTACK: [turret] has fired at *no key*/(goldgrub) with [bullet] from Lavaland Wastes (NEWHP: 45)  (Syndicate Lavaland Cargo Bay (172, 123, 6))
 - (2020-09-10 11:27:56) ATTACK: [turret] has fired at *no key*/(goldgrub) with [bullet] from Lavaland Wastes (NEWHP: 45)  (Syndicate Lavaland Cargo Bay (172, 123, 6))
 - (2020-09-10 11:27:58) ATTACK: [turret] has fired at *no key*/(goldgrub) with [bullet] from Lavaland Wastes (NEWHP: 45)  (Syndicate Lavaland Cargo Bay (172, 123, 6))
 - (2020-09-10 11:28:00) ATTACK: [turret] has fired at *no key*/(goldgrub) with [bullet] from Lavaland Wastes (NEWHP: 45)  (Syndicate Lavaland Cargo Bay (172, 123, 6))
 - (2020-09-10 11:28:02) ATTACK: [turret] has fired at *no key*/(goldgrub) with [bullet] from Lavaland Wastes (NEWHP: 45)  (Syndicate Lavaland Cargo Bay (172, 123, 6))
 - (2020-09-10 11:28:04) ATTACK: [turret] has fired at *no key*/(goldgrub) with [bullet] from Lavaland Wastes (NEWHP: 45)  (Syndicate Lavaland Cargo Bay (172, 123, 6))
 - (2020-09-10 11:28:06) ATTACK: [turret] has fired at *no key*/(goldgrub) with [bullet] from Lavaland Wastes (NEWHP: 45)  (Syndicate Lavaland Cargo Bay (172, 123, 6))
 - (2020-09-10 11:28:08) ATTACK: [turret] has fired at *no key*/(goldgrub) with [bullet] from Lavaland Wastes (NEWHP: 45)  (Syndicate Lavaland Cargo Bay (172, 123, 6))
 - (2020-09-10 11:28:10) ATTACK: [turret] has fired at *no key*/(goldgrub) with [bullet] from Lavaland Wastes (NEWHP: 45)  (Syndicate Lavaland Cargo Bay (172, 123, 6))
 - (2020-09-10 11:28:12) ATTACK: [turret] has fired at *no key*/(goldgrub) with [bullet] from Lavaland Wastes (NEWHP: 45)  (Syndicate Lavaland Cargo Bay (172, 123, 6))
 - (2020-09-10 11:28:14) ATTACK: [turret] has fired at *no key*/(goldgrub) with [bullet] from Lavaland Wastes (NEWHP: 45)  (Syndicate Lavaland Cargo Bay (172, 123, 6))
 - (2020-09-10 11:28:16) ATTACK: [turret] has fired at *no key*/(goldgrub) with [bullet] from Lavaland Wastes (NEWHP: 45)  (Syndicate Lavaland Cargo Bay (172, 123, 6))
 - (2020-09-10 11:28:18) ATTACK: [turret] has fired at *no key*/(goldgrub) with [bullet] from Lavaland Wastes (NEWHP: 45)  (Syndicate Lavaland Cargo Bay (172, 123, 6))
 - (2020-09-10 11:28:20) ATTACK: [turret] has fired at *no key*/(goldgrub) with [bullet] from Lavaland Wastes (NEWHP: 45)  (Syndicate Lavaland Cargo Bay (172, 123, 6))
[2020-09-10 14:31:15.611] Logs from logging subsystem:
 - (2020-09-10 11:28:22) ATTACK: [turret] has fired at *no key*/(goldgrub) with [bullet] from Lavaland Wastes (NEWHP: 45)  (Syndicate Lavaland Cargo Bay (172, 123, 6))
 - (2020-09-10 11:28:24) ATTACK: [turret] has fired at *no key*/(goldgrub) with [bullet] from Lavaland Wastes (NEWHP: 45)  (Syndicate Lavaland Cargo Bay (172, 123, 6))
 - (2020-09-10 11:28:26) ATTACK: [turret] has fired at *no key*/(goldgrub) with [bullet] from Lavaland Wastes (NEWHP: 45)  (Syndicate Lavaland Cargo Bay (172, 123, 6))
 - (2020-09-10 11:28:28) ATTACK: [turret] has fired at *no key*/(goldgrub) with [bullet] from Lavaland Wastes (NEWHP: 45)  (Syndicate Lavaland Cargo Bay (172, 123, 6))
 - (2020-09-10 11:28:30) ATTACK: [turret] has fired at *no key*/(goldgrub) with [bullet] from Lavaland Wastes (NEWHP: 45)  (Syndicate Lavaland Cargo Bay (172, 123, 6))
 - (2020-09-10 11:28:32) ATTACK: [turret] has fired at *no key*/(goldgrub) with [bullet] from Lavaland Wastes (NEWHP: 45)  (Syndicate Lavaland Cargo Bay (172, 123, 6))
 - (2020-09-10 11:28:34) ATTACK: [turret] has fired at *no key*/(goldgrub) with [bullet] from Lavaland Wastes (NEWHP: 45)  (Syndicate Lavaland Cargo Bay (172, 123, 6))
 - (2020-09-10 11:28:37) ATTACK: [turret] has fired at *no key*/(goldgrub) with [bullet] from Lavaland Wastes (NEWHP: 45)  (Syndicate Lavaland Cargo Bay (172, 123, 6))
 - (2020-09-10 11:28:39) ATTACK: [turret] has fired at *no key*/(goldgrub) with [bullet] from Lavaland Wastes (NEWHP: 45)  (Syndicate Lavaland Cargo Bay (172, 123, 6))
 - (2020-09-10 11:28:41) ATTACK: [turret] has fired at *no key*/(goldgrub) with [bullet] from Lavaland Wastes (NEWHP: 45)  (Syndicate Lavaland Cargo Bay (172, 123, 6))
 - (2020-09-10 11:28:43) ATTACK: [turret] has fired at *no key*/(goldgrub) with [bullet] from Lavaland Wastes (NEWHP: 45)  (Syndicate Lavaland Cargo Bay (172, 123, 6))
 - (2020-09-10 11:28:45) ATTACK: [turret] has fired at *no key*/(goldgrub) with [bullet] from Lavaland Wastes (NEWHP: 45)  (Syndicate Lavaland Cargo Bay (172, 123, 6))
 - (2020-09-10 11:28:47) ATTACK: [turret] has fired at *no key*/(goldgrub) with [bullet] from Lavaland Wastes (NEWHP: 45)  (Syndicate Lavaland Cargo Bay (172, 123, 6))
 - (2020-09-10 11:28:49) ATTACK: [turret] has fired at *no key*/(goldgrub) with [bullet] from Lavaland Wastes (NEWHP: 45)  (Syndicate Lavaland Cargo Bay (172, 123, 6))
 - (2020-09-10 11:28:51) ATTACK: [turret] has fired at *no key*/(goldgrub) with [bullet] from Lavaland Wastes (NEWHP: 45)  (Syndicate Lavaland Cargo Bay (172, 123, 6))
 - (2020-09-10 11:28:53) ATTACK: [turret] has fired at *no key*/(goldgrub) with [bullet] from Lavaland Wastes (NEWHP: 45)  (Syndicate Lavaland Cargo Bay (172, 123, 6))
 - (2020-09-10 11:28:55) ATTACK: [turret] has fired at *no key*/(goldgrub) with [bullet] from Lavaland Wastes (NEWHP: 45)  (Syndicate Lavaland Cargo Bay (172, 123, 6))
 - (2020-09-10 11:28:57) ATTACK: [turret] has fired at *no key*/(goldgrub) with [bullet] from Lavaland Wastes (NEWHP: 45)  (Syndicate Lavaland Cargo Bay (172, 123, 6))
 - (2020-09-10 11:28:59) ATTACK: [turret] has fired at *no key*/(goldgrub) with [bullet] from Lavaland Wastes (NEWHP: 45)  (Syndicate Lavaland Cargo Bay (172, 123, 6))
 - (2020-09-10 11:29:01) ATTACK: Bob Joga/(Pedro Ilurdoz) has attacked Bob Joga/(Pedro Ilurdoz) with butcher's cleaver[DC] (INTENT: HELP) (DAMTYPE: BRUTE) (NEWHP: 85)  (Medbay Central (146, 118, 2))
 - (2020-09-10 11:29:01) ATTACK: [turret] has fired at *no key*/(goldgrub) with [bullet] from Lavaland Wastes (NEWHP: 45)  (Syndicate Lavaland Cargo Bay (172, 123, 6))
 - (2020-09-10 11:29:02) ATTACK: Bob Joga/(Pedro Ilurdoz) has attacked Bob Joga/(Pedro Ilurdoz) with butcher's cleaver[DC] (INTENT: HELP) (DAMTYPE: BRUTE) (NEWHP: 70)  (Medbay Central (146, 118, 2))
 - (2020-09-10 11:29:03) ATTACK: [turret] has fired at *no key*/(goldgrub) with [bullet] from Lavaland Wastes (NEWHP: 45)  (Syndicate Lavaland Cargo Bay (172, 123, 6))
 - (2020-09-10 11:29:05) ATTACK: [turret] has fired at *no key*/(goldgrub) with [bullet] from Lavaland Wastes (NEWHP: 45)  (Syndicate Lavaland Cargo Bay (172, 123, 6))
 - (2020-09-10 11:29:07) ATTACK: [turret] has fired at *no key*/(goldgrub) with [bullet] from Lavaland Wastes (NEWHP: 45)  (Syndicate Lavaland Cargo Bay (172, 123, 6))
 - (2020-09-10 11:29:09) ATTACK: [turret] has fired at *no key*/(goldgrub) with [bullet] from Lavaland Wastes (NEWHP: 45)  (Syndicate Lavaland Cargo Bay (172, 123, 6))
 - (2020-09-10 11:29:11) ATTACK: [turret] has fired at *no key*/(goldgrub) with [bullet] from Lavaland Wastes (NEWHP: 45)  (Syndicate Lavaland Cargo Bay (172, 123, 6))
 - (2020-09-10 11:29:13) ATTACK: [turret] has fired at *no key*/(goldgrub) with [bullet] from Lavaland Wastes (NEWHP: 45)  (Syndicate Lavaland Cargo Bay (172, 123, 6))
 - (2020-09-10 11:29:15) ATTACK: [turret] has fired at *no key*/(goldgrub) with [bullet] from Lavaland Wastes (NEWHP: 45)  (Syndicate Lavaland Cargo Bay (172, 123, 6))
 - (2020-09-10 11:29:17) ATTACK: [turret] has fired at *no key*/(goldgrub) with [bullet] from Lavaland Wastes (NEWHP: 45)  (Syndicate Lavaland Cargo Bay (172, 123, 6))
 - (2020-09-10 11:29:19) ATTACK: [turret] has fired at *no key*/(goldgrub) with [bullet] from Lavaland Wastes (NEWHP: 45)  (Syndicate Lavaland Cargo Bay (172, 123, 6))
 - (2020-09-10 11:29:21) ATTACK: [turret] has fired at *no key*/(goldgrub) with [bullet] from Lavaland Wastes (NEWHP: 45)  (Syndicate Lavaland Cargo Bay (172, 123, 6))
 - (2020-09-10 11:29:23) ATTACK: [turret] has fired at *no key*/(goldgrub) with [bullet] from Lavaland Wastes (NEWHP: 45)  (Syndicate Lavaland Cargo Bay (172, 123, 6))
 - (2020-09-10 11:29:25) ATTACK: [turret] has fired at *no key*/(goldgrub) with [bullet] from Lavaland Wastes (NEWHP: 45)  (Syndicate Lavaland Cargo Bay (172, 123, 6))
 - (2020-09-10 11:29:27) ATTACK: [turret] has fired at *no key*/(goldgrub) with [bullet] from Lavaland Wastes (NEWHP: 45)  (Syndicate Lavaland Cargo Bay (172, 123, 6))
 - (2020-09-10 11:29:29) ATTACK: [turret] has fired at *no key*/(goldgrub) with [bullet] from Lavaland Wastes (NEWHP: 45)  (Syndicate Lavaland Cargo Bay (172, 123, 6))
 - (2020-09-10 11:29:31) ATTACK: [turret] has fired at *no key*/(goldgrub) with [bullet] from Lavaland Wastes (NEWHP: 45)  (Syndicate Lavaland Cargo Bay (172, 123, 6))
 - (2020-09-10 11:29:33) ATTACK: [turret] has fired at *no key*/(goldgrub) with [bullet] from Lavaland Wastes (NEWHP: 45)  (Syndicate Lavaland Cargo Bay (172, 123, 6))
 - (2020-09-10 11:29:35) ATTACK: [turret] has fired at *no key*/(goldgrub) with [bullet] from Lavaland Wastes (NEWHP: 45)  (Syndicate Lavaland Cargo Bay (172, 123, 6))
 - (2020-09-10 11:29:37) ATTACK: [turret] has fired at *no key*/(goldgrub) with [bullet] from Lavaland Wastes (NEWHP: 45)  (Syndicate Lavaland Cargo Bay (172, 123, 6))
 - (2020-09-10 11:29:39) ATTACK: [turret] has fired at *no key*/(goldgrub) with [bullet] from Lavaland Wastes (NEWHP: 45)  (Syndicate Lavaland Cargo Bay (172, 123, 6))
 - (2020-09-10 11:29:41) ATTACK: [turret] has fired at *no key*/(goldgrub) with [bullet] from Lavaland Wastes (NEWHP: 45)  (Syndicate Lavaland Cargo Bay (172, 123, 6))
 - (2020-09-10 11:29:43) ATTACK: [turret] has fired at *no key*/(goldgrub) with [bullet] from Lavaland Wastes (NEWHP: 45)  (Syndicate Lavaland Cargo Bay (172, 123, 6))
 - (2020-09-10 11:29:45) ATTACK: [turret] has fired at *no key*/(goldgrub) with [bullet] from Lavaland Wastes (NEWHP: 45)  (Syndicate Lavaland Cargo Bay (172, 123, 6))
 - (2020-09-10 11:29:47) ATTACK: [turret] has fired at *no key*/(goldgrub) with [bullet] from Lavaland Wastes (NEWHP: 45)  (Syndicate Lavaland Cargo Bay (172, 123, 6))
 - (2020-09-10 11:29:49) ATTACK: [turret] has fired at *no key*/(goldgrub) with [bullet] from Lavaland Wastes (NEWHP: 45)  (Syndicate Lavaland Cargo Bay (172, 123, 6))
 - (2020-09-10 11:29:51) ATTACK: [turret] has fired at *no key*/(goldgrub) with [bullet] from Lavaland Wastes (NEWHP: 45)  (Syndicate Lavaland Cargo Bay (172, 123, 6))
 - (2020-09-10 11:29:52) ATTACK: *no key*/(Toodles Sharperton) has suffered: Second Degree Burns to chest | Damage: 10.8(rolled 26/27.9765) (Unexplored Location (210, 64, 7))
 - (2020-09-10 11:29:53) ATTACK: [turret] has fired at *no key*/(goldgrub) with [bullet] from Lavaland Wastes (NEWHP: 45)  (Syndicate Lavaland Cargo Bay (172, 123, 6))
 - (2020-09-10 11:29:55) ATTACK: [turret] has fired at *no key*/(goldgrub) with [bullet] from Lavaland Wastes (NEWHP: 45)  (Syndicate Lavaland Cargo Bay (172, 123, 6))
 - (2020-09-10 11:29:57) ATTACK: [turret] has fired at *no key*/(goldgrub) with [bullet] from Lavaland Wastes (NEWHP: 45)  (Syndicate Lavaland Cargo Bay (172, 123, 6))
 - (2020-09-10 11:29:59) ATTACK: [turret] has fired at *no key*/(goldgrub) with [bullet] from Lavaland Wastes (NEWHP: 45)  (Syndicate Lavaland Cargo Bay (172, 123, 6))
 - (2020-09-10 11:30:01) ATTACK: [turret] has fired at *no key*/(goldgrub) with [bullet] from Lavaland Wastes (NEWHP: 45)  (Syndicate Lavaland Cargo Bay (172, 123, 6))
 - (2020-09-10 11:30:03) ATTACK: [turret] has fired at *no key*/(goldgrub) with [bullet] from Lavaland Wastes (NEWHP: 45)  (Syndicate Lavaland Cargo Bay (172, 123, 6))
 - (2020-09-10 11:30:05) ATTACK: [turret] has fired at *no key*/(goldgrub) with [bullet] from Lavaland Wastes (NEWHP: 45)  (Syndicate Lavaland Cargo Bay (172, 123, 6))
 - (2020-09-10 11:30:07) ATTACK: [turret] has fired at *no key*/(goldgrub) with [bullet] from Lavaland Wastes (NEWHP: 45)  (Syndicate Lavaland Cargo Bay (172, 123, 6))
 - (2020-09-10 11:30:09) ATTACK: [turret] has fired at *no key*/(goldgrub) with [bullet] from Lavaland Wastes (NEWHP: 45)  (Syndicate Lavaland Cargo Bay (172, 123, 6))
 - (2020-09-10 11:30:11) ATTACK: [turret] has fired at *no key*/(goldgrub) with [bullet] from Lavaland Wastes (NEWHP: 45)  (Syndicate Lavaland Cargo Bay (172, 123, 6))
 - (2020-09-10 11:30:13) ATTACK: [turret] has fired at *no key*/(goldgrub) with [bullet] from Lavaland Wastes (NEWHP: 45)  (Syndicate Lavaland Cargo Bay (172, 123, 6))
 - (2020-09-10 11:30:15) ATTACK: [turret] has fired at *no key*/(goldgrub) with [bullet] from Lavaland Wastes (NEWHP: 45)  (Syndicate Lavaland Cargo Bay (172, 123, 6))
 - (2020-09-10 11:30:17) ATTACK: [turret] has fired at *no key*/(goldgrub) with [bullet] from Lavaland Wastes (NEWHP: 45)  (Syndicate Lavaland Cargo Bay (172, 123, 6))
 - (2020-09-10 11:30:19) ATTACK: [turret] has fired at *no key*/(goldgrub) with [bullet] from Lavaland Wastes (NEWHP: 45)  (Syndicate Lavaland Cargo Bay (172, 123, 6))
 - (2020-09-10 11:30:20) ATTACK: *no key*/(Toodles Sharperton) has suffered: Rib Dislocation to chest | Damage: 8.8(rolled 9/21.0027) (Unexplored Location (210, 64, 7))
 - (2020-09-10 11:30:21) ATTACK: [turret] has fired at *no key*/(goldgrub) with [bullet] from Lavaland Wastes (NEWHP: 45)  (Syndicate Lavaland Cargo Bay (172, 123, 6))
 - (2020-09-10 11:30:23) ATTACK: [turret] has fired at *no key*/(goldgrub) with [bullet] from Lavaland Wastes (NEWHP: 45)  (Syndicate Lavaland Cargo Bay (172, 123, 6))
 - (2020-09-10 11:30:25) ATTACK: [turret] has fired at *no key*/(goldgrub) with [bullet] from Lavaland Wastes (NEWHP: 45)  (Syndicate Lavaland Cargo Bay (172, 123, 6))
 - (2020-09-10 11:30:26) ATTACK: *no key*/(Bonker) has suffered: Second Degree Burns to left leg | Damage: 10.8(rolled 27/27.9765) (Unexplored Location (208, 67, 7))
 - (2020-09-10 11:30:27) ATTACK: [turret] has fired at *no key*/(goldgrub) with [bullet] from Lavaland Wastes (NEWHP: 45)  (Syndicate Lavaland Cargo Bay (172, 123, 6))
 - (2020-09-10 11:30:29) ATTACK: [turret] has fired at *no key*/(goldgrub) with [bullet] from Lavaland Wastes (NEWHP: 45)  (Syndicate Lavaland Cargo Bay (172, 123, 6))
 - (2020-09-10 11:30:31) ATTACK: [turret] has fired at *no key*/(goldgrub) with [bullet] from Lavaland Wastes (NEWHP: 45)  (Syndicate Lavaland Cargo Bay (172, 123, 6))
 - (2020-09-10 11:30:33) ATTACK: [turret] has fired at *no key*/(goldgrub) with [bullet] from Lavaland Wastes (NEWHP: 45)  (Syndicate Lavaland Cargo Bay (172, 123, 6))
 - (2020-09-10 11:30:35) ATTACK: [turret] has fired at *no key*/(goldgrub) with [bullet] from Lavaland Wastes (NEWHP: 45)  (Syndicate Lavaland Cargo Bay (172, 123, 6))
 - (2020-09-10 11:30:37) ATTACK: [turret] has fired at *no key*/(goldgrub) with [bullet] from Lavaland Wastes (NEWHP: 45)  (Syndicate Lavaland Cargo Bay (172, 123, 6))
 - (2020-09-10 11:30:39) ATTACK: [turret] has fired at *no key*/(goldgrub) with [bullet] from Lavaland Wastes (NEWHP: 45)  (Syndicate Lavaland Cargo Bay (172, 123, 6))
 - (2020-09-10 11:30:40) ATTACK: *no key*/(Toodles Sharperton) has suffered: Hairline Fracture to chest | Damage: 9.9(rolled 10/24.7679) (Unexplored Location (210, 64, 7))
 - (2020-09-10 11:30:41) ATTACK: [turret] has fired at *no key*/(goldgrub) with [bullet] from Lavaland Wastes (NEWHP: 45)  (Syndicate Lavaland Cargo Bay (172, 123, 6))
 - (2020-09-10 11:30:43) ATTACK: [turret] has fired at *no key*/(goldgrub) with [bullet] from Lavaland Wastes (NEWHP: 45)  (Syndicate Lavaland Cargo Bay (172, 123, 6))
 - (2020-09-10 11:30:45) ATTACK: [turret] has fired at *no key*/(goldgrub) with [bullet] from Lavaland Wastes (NEWHP: 45)  (Syndicate Lavaland Cargo Bay (172, 123, 6))
 - (2020-09-10 11:30:47) ATTACK: [turret] has fired at *no key*/(goldgrub) with [bullet] from Lavaland Wastes (NEWHP: 45)  (Syndicate Lavaland Cargo Bay (172, 123, 6))
 - (2020-09-10 11:30:49) ATTACK: [turret] has fired at *no key*/(goldgrub) with [bullet] from Lavaland Wastes (NEWHP: 45)  (Syndicate Lavaland Cargo Bay (172, 123, 6))
 - (2020-09-10 11:30:51) ATTACK: [turret] has fired at *no key*/(goldgrub) with [bullet] from Lavaland Wastes (NEWHP: 45)  (Syndicate Lavaland Cargo Bay (172, 123, 6))
 - (2020-09-10 11:30:53) ATTACK: [turret] has fired at *no key*/(goldgrub) with [bullet] from Lavaland Wastes (NEWHP: 45)  (Syndicate Lavaland Cargo Bay (172, 123, 6))
 - (2020-09-10 11:30:55) ATTACK: [turret] has fired at *no key*/(goldgrub) with [bullet] from Lavaland Wastes (NEWHP: 45)  (Syndicate Lavaland Cargo Bay (172, 123, 6))
 - (2020-09-10 11:30:57) ATTACK: [turret] has fired at *no key*/(goldgrub) with [bullet] from Lavaland Wastes (NEWHP: 45)  (Syndicate Lavaland Cargo Bay (172, 123, 6))
 - (2020-09-10 11:30:59) ATTACK: [turret] has fired at *no key*/(goldgrub) with [bullet] from Lavaland Wastes (NEWHP: 45)  (Syndicate Lavaland Cargo Bay (172, 123, 6))
 - (2020-09-10 11:31:01) ATTACK: [turret] has fired at *no key*/(goldgrub) with [bullet] from Lavaland Wastes (NEWHP: 45)  (Syndicate Lavaland Cargo Bay (172, 123, 6))
 - (2020-09-10 11:31:03) ATTACK: [turret] has fired at *no key*/(goldgrub) with [bullet] from Lavaland Wastes (NEWHP: 45)  (Syndicate Lavaland Cargo Bay (172, 123, 6))
 - (2020-09-10 11:31:05) ATTACK: [turret] has fired at *no key*/(goldgrub) with [bullet] from Lavaland Wastes (NEWHP: 45)  (Syndicate Lavaland Cargo Bay (172, 123, 6))
 - (2020-09-10 11:31:07) ATTACK: [turret] has fired at *no key*/(goldgrub) with [bullet] from Lavaland Wastes (NEWHP: 45)  (Syndicate Lavaland Cargo Bay (172, 123, 6))
 - (2020-09-10 11:31:09) ATTACK: [turret] has fired at *no key*/(goldgrub) with [bullet] from Lavaland Wastes (NEWHP: 45)  (Syndicate Lavaland Cargo Bay (172, 123, 6))
 - (2020-09-10 11:31:11) ATTACK: [turret] has fired at *no key*/(goldgrub) with [bullet] from Lavaland Wastes (NEWHP: 45)  (Syndicate Lavaland Cargo Bay (172, 123, 6))
 - (2020-09-10 11:31:13) ATTACK: [turret] has fired at *no key*/(goldgrub) with [bullet] from Lavaland Wastes (NEWHP: 45)  (Syndicate Lavaland Cargo Bay (172, 123, 6))
