[2020-09-10 14:18:36.782] Starting up round ID .
 - -------------------------
[2020-09-10 14:18:42.362] INIT: Initialized Profiler subsystem within 0 seconds!
[2020-09-10 14:18:42.513] Fail2Topic: Failed to drop firewall rule. Exit code: 1.
[2020-09-10 14:18:42.514] INIT: Initialized Fail2Topic subsystem within 0.2 seconds!
[2020-09-10 14:18:42.519] INIT: Initialized Title Screen subsystem within 0 seconds!
[2020-09-10 14:18:42.520] INIT: Initialized Database subsystem within 0 seconds!
[2020-09-10 14:18:42.520] INIT: Initialized Blackbox subsystem within 0 seconds!
[2020-09-10 14:18:42.520] INIT: Initialized Server Tasks subsystem within 0 seconds!
[2020-09-10 14:18:42.521] INIT: Initialized Input subsystem within 0 seconds!
[2020-09-10 14:18:42.523] INIT: Initialized Sounds subsystem within 0 seconds!
[2020-09-10 14:18:42.523] INIT: Initialized Vis contents overlays subsystem within 0 seconds!
[2020-09-10 14:18:42.598] INIT: Initialized Research subsystem within 0 seconds!
[2020-09-10 14:18:42.602] INIT: Initialized Events subsystem within 0.1 seconds!
[2020-09-10 14:18:42.606] INIT: Initialized Jobs subsystem within 0 seconds!
[2020-09-10 14:18:42.611] INIT: Initialized Quirks subsystem within 0 seconds!
[2020-09-10 14:18:42.617] INIT: Initialized Ticker subsystem within 0 seconds!
[2020-09-10 14:18:42.629] INIT: Initialized Instruments subsystem within 0 seconds!
[2020-09-10 14:19:00.302] INIT: Initialized Mapping subsystem within 17.7 seconds!
[2020-09-10 14:19:00.317] INIT: Initialized Economy subsystem within 0 seconds!
[2020-09-10 14:19:00.318] INIT: Initialized Networks subsystem within 0 seconds!
[2020-09-10 14:19:00.318] INIT: Initialized Holodeck subsystem within 0 seconds!
[2020-09-10 14:19:34.475] INIT: Initialized Atoms subsystem within 34.1 seconds!
[2020-09-10 14:19:34.500] INIT: Initialized Language subsystem within 0.1 seconds!
[2020-09-10 14:19:34.806] INIT: Initialized Machines subsystem within 0.3 seconds!
[2020-09-10 14:19:34.867] INIT: Initialized Circuit subsystem within 0 seconds!
[2020-09-10 14:19:36.155] INIT: Initialized Atmos Adjacency subsystem within 1.3 seconds!
[2020-09-10 14:19:36.155] INIT: Initialized Autotransfer Vote subsystem within 0 seconds!
[2020-09-10 14:19:36.155] INIT: Initialized Chemistry subsystem within 0 seconds!
[2020-09-10 14:19:36.155] INIT: Initialized Status Effects subsystem within 0 seconds!
[2020-09-10 14:19:36.156] INIT: Initialized Weather subsystem within 0 seconds!
[2020-09-10 14:19:36.159] INIT: Initialized Disease subsystem within 0 seconds!
[2020-09-10 14:19:36.160] INIT: Initialized Jukeboxes subsystem within 0 seconds!
[2020-09-10 14:19:36.160] INIT: Initialized Medals subsystem within 0 seconds!
[2020-09-10 14:19:36.401] INIT: Initialized Minimaps subsystem within 0.3 seconds!
[2020-09-10 14:19:36.447] INIT: Initialized Night Shift subsystem within 0 seconds!
[2020-09-10 14:19:36.447] INIT: Initialized Parallax subsystem within 0 seconds!
[2020-09-10 14:19:36.447] INIT: Initialized Sun subsystem within 0 seconds!
[2020-09-10 14:19:36.657] INIT: Initialized Traumas subsystem within 0.2 seconds!
[2020-09-10 14:19:36.693] INIT: Initialized Bluespace Locker subsystem within 0 seconds!
[2020-09-10 14:19:36.693] INIT: Initialized Pacification Bans subsystem within 0 seconds!
[2020-09-10 14:19:36.693] INIT: Initialized Logging subsystem within 0 seconds!
[2020-09-10 14:19:36.693] INIT: Initialized Recycling subsystem within 0 seconds!
[2020-09-10 14:19:42.756] INIT: Initialized Atmospherics subsystem within 6.1 seconds!
[2020-09-10 14:19:42.756] INIT: Initialized Atmospherics - Turfs subsystem within 0 seconds!
[2020-09-10 14:19:45.738] INIT: Initialized Assets subsystem within 3 seconds!
[2020-09-10 14:19:51.732] INIT: Initialized Icon Smoothing subsystem within 6 seconds!
[2020-09-10 14:19:52.938] INIT: Initialized Overlay subsystem within 1.2 seconds!
[2020-09-10 14:19:52.939] INIT: Initialized XKeyScore subsystem within 0 seconds!
[2020-09-10 14:19:52.939] INIT: Initialized Sticky Ban subsystem within 0 seconds!
[2020-09-10 14:20:01.132] INIT: Initialized Lighting subsystem within 8.2 seconds!
[2020-09-10 14:20:04.509] INIT: Initialized Shuttle subsystem within 3.4 seconds!
[2020-09-10 14:20:04.575] INIT: Initialized Minor Mapping subsystem within 0 seconds!
[2020-09-10 14:20:04.576] INIT: Initialized Pathfinder subsystem within 0 seconds!
[2020-09-10 14:20:04.612] INIT: Initialized Persistence subsystem within 0.1 seconds!
[2020-09-10 14:20:04.612] INIT: Initialized Chat subsystem within 0 seconds!
