[2020-08-28 00:07:55.463] Starting up round ID .
 - -------------------------
[2020-08-28 00:07:55.469] Running /tg/ revision: 2020-08-26
 - origin/master: 1e2966df3a6ada1892c1e04fe6ffb6f4171d3ef0
 - HEAD: f77fd0e6562b4bde5cde2726227ed797301763ba
[2020-08-28 00:07:56.677] Loading Box Station...
[2020-08-28 00:08:03.724] Loaded Station in 7.1s!
[2020-08-28 00:08:06.607] Loaded Lavaland in 2.8s!
[2020-08-28 00:08:07.897] Ruin loader finished with 0 left to spend.
[2020-08-28 00:08:13.366] Ruin loader finished with 0 left to spend.
[2020-08-28 00:08:13.536] Ruin loader finished with 0 left to spend.
[2020-08-28 00:08:57.812] ## WARNING: HEY! LISTEN! 0.5 seconds were wasted processing 377 turf(s) (connected to 19192 other turfs) with atmos differences at round start.
[2020-08-28 00:09:19.541] Initializations complete within 83.1 seconds!
[2020-08-28 00:09:32.309] Game start took 0.7s
[2020-08-28 00:12:43.041] runtime error: 
 - proc name: stack trace (/proc/stack_trace)
 -   source file: unsorted.dm,1093
 -   usr: Cockmistress (/mob/living/carbon/human)
 -   src: null
 -   usr.loc: the floor (159,107,2) (/turf/open/floor/plasteel/white)
 -   call stack:
 - stack trace(null)
 - gib stack trace()
 - register asset("asset.b148c23e523886ec4c31efb1...", /icon (/icon))
 - icon2html(the chief medical officer\'s j... (/obj/item/clothing/under/rank/medical/chief_medical_officer), Cockmistress (/mob/living/carbon/human), "cmo", 2, 1, 0)
 - the chief medical officer\'s j... (/obj/item/clothing/under/rank/medical/chief_medical_officer): get examine string(Cockmistress (/mob/living/carbon/human), 0)
 - Cockmistress (/mob/living/carbon/human): examine(Cockmistress (/mob/living/carbon/human))
 - Cockmistress (/mob/living/carbon/human): Examine(Cockmistress (/mob/living/carbon/human))
 - Cockmistress (/mob/living/carbon/human): ShiftClick(Cockmistress (/mob/living/carbon/human))
 - Cockmistress (/mob/living/carbon/human): ShiftClickOn(Cockmistress (/mob/living/carbon/human))
 - Cockmistress (/mob/living/carbon/human): ClickOn(Cockmistress (/mob/living/carbon/human), "icon-x=17;icon-y=17;vis-x=18;v...")
 - Cockmistress (/mob/living/carbon/human): Click(the floor (159,107,2) (/turf/open/floor/plasteel/white), "mapwindow.map", "icon-x=17;icon-y=17;vis-x=18;v...", 0)
 - Bob Joga (/client): Click(Cockmistress (/mob/living/carbon/human), the floor (159,107,2) (/turf/open/floor/plasteel/white), "mapwindow.map", "icon-x=17;icon-y=17;vis-x=18;v...", 0)
 - 
[2020-08-28 00:12:43.066] runtime error: 
 - proc name: stack trace (/proc/stack_trace)
 -   source file: unsorted.dm,1093
 -   usr: Cockmistress (/mob/living/carbon/human)
 -   src: null
 -   usr.loc: the floor (159,107,2) (/turf/open/floor/plasteel/white)
 -   call stack:
 - stack trace(null)
 - gib stack trace()
 - register asset("asset.b8d4321e999478b187043914...", /icon (/icon))
 - icon2html(the chief medical officer\'s l... (/obj/item/clothing/suit/toggle/labcoat/cmo), Cockmistress (/mob/living/carbon/human), "labcoat_cmo", 2, 1, 0)
 - the chief medical officer\'s l... (/obj/item/clothing/suit/toggle/labcoat/cmo): get examine string(Cockmistress (/mob/living/carbon/human), 0)
 - Cockmistress (/mob/living/carbon/human): examine(Cockmistress (/mob/living/carbon/human))
 - Cockmistress (/mob/living/carbon/human): Examine(Cockmistress (/mob/living/carbon/human))
 - Cockmistress (/mob/living/carbon/human): ShiftClick(Cockmistress (/mob/living/carbon/human))
 - Cockmistress (/mob/living/carbon/human): ShiftClickOn(Cockmistress (/mob/living/carbon/human))
 - Cockmistress (/mob/living/carbon/human): ClickOn(Cockmistress (/mob/living/carbon/human), "icon-x=17;icon-y=17;vis-x=18;v...")
 - Cockmistress (/mob/living/carbon/human): Click(the floor (159,107,2) (/turf/open/floor/plasteel/white), "mapwindow.map", "icon-x=17;icon-y=17;vis-x=18;v...", 0)
 - Bob Joga (/client): Click(Cockmistress (/mob/living/carbon/human), the floor (159,107,2) (/turf/open/floor/plasteel/white), "mapwindow.map", "icon-x=17;icon-y=17;vis-x=18;v...", 0)
 - 
[2020-08-28 00:12:43.089] runtime error: 
 - proc name: stack trace (/proc/stack_trace)
 -   source file: unsorted.dm,1093
 -   usr: Cockmistress (/mob/living/carbon/human)
 -   src: null
 -   usr.loc: the floor (159,107,2) (/turf/open/floor/plasteel/white)
 -   call stack:
 - stack trace(null)
 - gib stack trace()
 - register asset("asset.0cd5aec2ffda6bf876a26e71...", /icon (/icon))
 - icon2html(the paramedic penlight (/obj/item/flashlight/pen/paramedic), Cockmistress (/mob/living/carbon/human), "penlight_surgical", 2, 1, 0)
 - the paramedic penlight (/obj/item/flashlight/pen/paramedic): get examine string(Cockmistress (/mob/living/carbon/human), 0)
 - Cockmistress (/mob/living/carbon/human): examine(Cockmistress (/mob/living/carbon/human))
 - Cockmistress (/mob/living/carbon/human): Examine(Cockmistress (/mob/living/carbon/human))
 - Cockmistress (/mob/living/carbon/human): ShiftClick(Cockmistress (/mob/living/carbon/human))
 - Cockmistress (/mob/living/carbon/human): ShiftClickOn(Cockmistress (/mob/living/carbon/human))
 - Cockmistress (/mob/living/carbon/human): ClickOn(Cockmistress (/mob/living/carbon/human), "icon-x=17;icon-y=17;vis-x=18;v...")
 - Cockmistress (/mob/living/carbon/human): Click(the floor (159,107,2) (/turf/open/floor/plasteel/white), "mapwindow.map", "icon-x=17;icon-y=17;vis-x=18;v...", 0)
 - Bob Joga (/client): Click(Cockmistress (/mob/living/carbon/human), the floor (159,107,2) (/turf/open/floor/plasteel/white), "mapwindow.map", "icon-x=17;icon-y=17;vis-x=18;v...", 0)
 - 
[2020-08-28 00:12:43.113] runtime error: 
 - proc name: stack trace (/proc/stack_trace)
 -   source file: unsorted.dm,1093
 -   usr: Cockmistress (/mob/living/carbon/human)
 -   src: null
 -   usr.loc: the floor (159,107,2) (/turf/open/floor/plasteel/white)
 -   call stack:
 - stack trace(null)
 - gib stack trace()
 - register asset("asset.c2e55c3c2395ba67c84c9075...", /icon (/icon))
 - icon2html(the medical backpack (/obj/item/storage/backpack/medic), Cockmistress (/mob/living/carbon/human), "medicalpack", 2, 1, 0)
 - the medical backpack (/obj/item/storage/backpack/medic): get examine string(Cockmistress (/mob/living/carbon/human), 0)
 - Cockmistress (/mob/living/carbon/human): examine(Cockmistress (/mob/living/carbon/human))
 - Cockmistress (/mob/living/carbon/human): Examine(Cockmistress (/mob/living/carbon/human))
 - Cockmistress (/mob/living/carbon/human): ShiftClick(Cockmistress (/mob/living/carbon/human))
 - Cockmistress (/mob/living/carbon/human): ShiftClickOn(Cockmistress (/mob/living/carbon/human))
 - Cockmistress (/mob/living/carbon/human): ClickOn(Cockmistress (/mob/living/carbon/human), "icon-x=17;icon-y=17;vis-x=18;v...")
 - Cockmistress (/mob/living/carbon/human): Click(the floor (159,107,2) (/turf/open/floor/plasteel/white), "mapwindow.map", "icon-x=17;icon-y=17;vis-x=18;v...", 0)
 - Bob Joga (/client): Click(Cockmistress (/mob/living/carbon/human), the floor (159,107,2) (/turf/open/floor/plasteel/white), "mapwindow.map", "icon-x=17;icon-y=17;vis-x=18;v...", 0)
 - 
[2020-08-28 00:12:43.137] runtime error: 
 - proc name: stack trace (/proc/stack_trace)
 -   source file: unsorted.dm,1093
 -   usr: Cockmistress (/mob/living/carbon/human)
 -   src: null
 -   usr.loc: the floor (159,107,2) (/turf/open/floor/plasteel/white)
 -   call stack:
 - stack trace(null)
 - gib stack trace()
 - register asset("asset.8004571c8533910ae861af8d...", /icon (/icon))
 - icon2html(the brown shoes (/obj/item/clothing/shoes/sneakers/brown), Cockmistress (/mob/living/carbon/human), "brown", 2, 1, 0)
 - the brown shoes (/obj/item/clothing/shoes/sneakers/brown): get examine string(Cockmistress (/mob/living/carbon/human), 0)
 - Cockmistress (/mob/living/carbon/human): examine(Cockmistress (/mob/living/carbon/human))
 - Cockmistress (/mob/living/carbon/human): Examine(Cockmistress (/mob/living/carbon/human))
 - Cockmistress (/mob/living/carbon/human): ShiftClick(Cockmistress (/mob/living/carbon/human))
 - Cockmistress (/mob/living/carbon/human): ShiftClickOn(Cockmistress (/mob/living/carbon/human))
 - Cockmistress (/mob/living/carbon/human): ClickOn(Cockmistress (/mob/living/carbon/human), "icon-x=17;icon-y=17;vis-x=18;v...")
 - Cockmistress (/mob/living/carbon/human): Click(the floor (159,107,2) (/turf/open/floor/plasteel/white), "mapwindow.map", "icon-x=17;icon-y=17;vis-x=18;v...", 0)
 - Bob Joga (/client): Click(Cockmistress (/mob/living/carbon/human), the floor (159,107,2) (/turf/open/floor/plasteel/white), "mapwindow.map", "icon-x=17;icon-y=17;vis-x=18;v...", 0)
 - 
[2020-08-28 00:12:43.162] runtime error: 
 - proc name: stack trace (/proc/stack_trace)
 -   source file: unsorted.dm,1093
 -   usr: Cockmistress (/mob/living/carbon/human)
 -   src: null
 -   usr.loc: the floor (159,107,2) (/turf/open/floor/plasteel/white)
 -   call stack:
 - stack trace(null)
 - gib stack trace()
 - register asset("asset.ec58dfcf75f3c668b5cb9d0f...", /icon (/icon))
 - icon2html(the chief medical officer\'s h... (/obj/item/radio/headset/heads/cmo), Cockmistress (/mob/living/carbon/human), "com_headset", 2, 1, 0)
 - the chief medical officer\'s h... (/obj/item/radio/headset/heads/cmo): get examine string(Cockmistress (/mob/living/carbon/human), 0)
 - Cockmistress (/mob/living/carbon/human): examine(Cockmistress (/mob/living/carbon/human))
 - Cockmistress (/mob/living/carbon/human): Examine(Cockmistress (/mob/living/carbon/human))
 - Cockmistress (/mob/living/carbon/human): ShiftClick(Cockmistress (/mob/living/carbon/human))
 - Cockmistress (/mob/living/carbon/human): ShiftClickOn(Cockmistress (/mob/living/carbon/human))
 - Cockmistress (/mob/living/carbon/human): ClickOn(Cockmistress (/mob/living/carbon/human), "icon-x=17;icon-y=17;vis-x=18;v...")
 - Cockmistress (/mob/living/carbon/human): Click(the floor (159,107,2) (/turf/open/floor/plasteel/white), "mapwindow.map", "icon-x=17;icon-y=17;vis-x=18;v...", 0)
 - Bob Joga (/client): Click(Cockmistress (/mob/living/carbon/human), the floor (159,107,2) (/turf/open/floor/plasteel/white), "mapwindow.map", "icon-x=17;icon-y=17;vis-x=18;v...", 0)
 - 
[2020-08-28 00:12:43.188] runtime error: 
 - proc name: stack trace (/proc/stack_trace)
 -   source file: unsorted.dm,1093
 -   usr: Cockmistress (/mob/living/carbon/human)
 -   src: null
 -   usr.loc: the floor (159,107,2) (/turf/open/floor/plasteel/white)
 -   call stack:
 - stack trace(null)
 - gib stack trace()
 - register asset("asset.e9900eed490572077bbcb4d1...", /icon (/icon))
 - icon2html(PDA-Cockmistress (Chief Medica... (/obj/item/pda/heads/cmo), Cockmistress (/mob/living/carbon/human), "pda-cmo", 2, 1, 0)
 - PDA-Cockmistress (Chief Medica... (/obj/item/pda/heads/cmo): get examine string(Cockmistress (/mob/living/carbon/human), 0)
 - Cockmistress (/mob/living/carbon/human): examine(Cockmistress (/mob/living/carbon/human))
 - Cockmistress (/mob/living/carbon/human): Examine(Cockmistress (/mob/living/carbon/human))
 - Cockmistress (/mob/living/carbon/human): ShiftClick(Cockmistress (/mob/living/carbon/human))
 - Cockmistress (/mob/living/carbon/human): ShiftClickOn(Cockmistress (/mob/living/carbon/human))
 - Cockmistress (/mob/living/carbon/human): ClickOn(Cockmistress (/mob/living/carbon/human), "icon-x=17;icon-y=17;vis-x=18;v...")
 - Cockmistress (/mob/living/carbon/human): Click(the floor (159,107,2) (/turf/open/floor/plasteel/white), "mapwindow.map", "icon-x=17;icon-y=17;vis-x=18;v...", 0)
 - Bob Joga (/client): Click(Cockmistress (/mob/living/carbon/human), the floor (159,107,2) (/turf/open/floor/plasteel/white), "mapwindow.map", "icon-x=17;icon-y=17;vis-x=18;v...", 0)
 - 
[2020-08-28 00:14:16.609] runtime error: 
 - proc name: stack trace (/proc/stack_trace)
 -   source file: unsorted.dm,1093
 -   usr: Cockmistress (/mob/living/carbon/human)
 -   src: null
 -   usr.loc: the floor (159,107,2) (/turf/open/floor/plasteel/white)
 -   call stack:
 - stack trace(null)
 - gib stack trace()
 - register asset("asset.b148c23e523886ec4c31efb1...", /icon (/icon))
 - icon2html(the chief medical officer\'s j... (/obj/item/clothing/under/rank/medical/chief_medical_officer), Cockmistress (/mob/living/carbon/human), "cmo", 2, 1, 0)
 - the chief medical officer\'s j... (/obj/item/clothing/under/rank/medical/chief_medical_officer): get examine string(Cockmistress (/mob/living/carbon/human), 0)
 - Cockmistress (/mob/living/carbon/human): examine(Cockmistress (/mob/living/carbon/human))
 - Cockmistress (/mob/living/carbon/human): Examine(Cockmistress (/mob/living/carbon/human))
 - Cockmistress (/mob/living/carbon/human): ShiftClick(Cockmistress (/mob/living/carbon/human))
 - Cockmistress (/mob/living/carbon/human): ShiftClickOn(Cockmistress (/mob/living/carbon/human))
 - Cockmistress (/mob/living/carbon/human): ClickOn(Cockmistress (/mob/living/carbon/human), "icon-x=13;icon-y=10;vis-x=11;v...")
 - Cockmistress (/mob/living/carbon/human): Click(the floor (159,107,2) (/turf/open/floor/plasteel/white), "mapwindow.map", "icon-x=13;icon-y=10;vis-x=11;v...", 0)
 - Bob Joga (/client): Click(Cockmistress (/mob/living/carbon/human), the floor (159,107,2) (/turf/open/floor/plasteel/white), "mapwindow.map", "icon-x=13;icon-y=10;vis-x=11;v...", 0)
 - 
[2020-08-28 00:14:16.631] runtime error: 
 - proc name: stack trace (/proc/stack_trace)
 -   source file: unsorted.dm,1093
 -   usr: Cockmistress (/mob/living/carbon/human)
 -   src: null
 -   usr.loc: the floor (159,107,2) (/turf/open/floor/plasteel/white)
 -   call stack:
 - stack trace(null)
 - gib stack trace()
 - register asset("asset.b8d4321e999478b187043914...", /icon (/icon))
 - icon2html(the chief medical officer\'s l... (/obj/item/clothing/suit/toggle/labcoat/cmo), Cockmistress (/mob/living/carbon/human), "labcoat_cmo", 2, 1, 0)
 - the chief medical officer\'s l... (/obj/item/clothing/suit/toggle/labcoat/cmo): get examine string(Cockmistress (/mob/living/carbon/human), 0)
 - Cockmistress (/mob/living/carbon/human): examine(Cockmistress (/mob/living/carbon/human))
 - Cockmistress (/mob/living/carbon/human): Examine(Cockmistress (/mob/living/carbon/human))
 - Cockmistress (/mob/living/carbon/human): ShiftClick(Cockmistress (/mob/living/carbon/human))
 - Cockmistress (/mob/living/carbon/human): ShiftClickOn(Cockmistress (/mob/living/carbon/human))
 - Cockmistress (/mob/living/carbon/human): ClickOn(Cockmistress (/mob/living/carbon/human), "icon-x=13;icon-y=10;vis-x=11;v...")
 - Cockmistress (/mob/living/carbon/human): Click(the floor (159,107,2) (/turf/open/floor/plasteel/white), "mapwindow.map", "icon-x=13;icon-y=10;vis-x=11;v...", 0)
 - Bob Joga (/client): Click(Cockmistress (/mob/living/carbon/human), the floor (159,107,2) (/turf/open/floor/plasteel/white), "mapwindow.map", "icon-x=13;icon-y=10;vis-x=11;v...", 0)
 - 
[2020-08-28 00:14:16.658] runtime error: 
 - proc name: stack trace (/proc/stack_trace)
 -   source file: unsorted.dm,1093
 -   usr: Cockmistress (/mob/living/carbon/human)
 -   src: null
 -   usr.loc: the floor (159,107,2) (/turf/open/floor/plasteel/white)
 -   call stack:
 - stack trace(null)
 - gib stack trace()
 - register asset("asset.0cd5aec2ffda6bf876a26e71...", /icon (/icon))
 - icon2html(the paramedic penlight (/obj/item/flashlight/pen/paramedic), Cockmistress (/mob/living/carbon/human), "penlight_surgical", 2, 1, 0)
 - the paramedic penlight (/obj/item/flashlight/pen/paramedic): get examine string(Cockmistress (/mob/living/carbon/human), 0)
 - Cockmistress (/mob/living/carbon/human): examine(Cockmistress (/mob/living/carbon/human))
 - Cockmistress (/mob/living/carbon/human): Examine(Cockmistress (/mob/living/carbon/human))
 - Cockmistress (/mob/living/carbon/human): ShiftClick(Cockmistress (/mob/living/carbon/human))
 - Cockmistress (/mob/living/carbon/human): ShiftClickOn(Cockmistress (/mob/living/carbon/human))
 - Cockmistress (/mob/living/carbon/human): ClickOn(Cockmistress (/mob/living/carbon/human), "icon-x=13;icon-y=10;vis-x=11;v...")
 - Cockmistress (/mob/living/carbon/human): Click(the floor (159,107,2) (/turf/open/floor/plasteel/white), "mapwindow.map", "icon-x=13;icon-y=10;vis-x=11;v...", 0)
 - Bob Joga (/client): Click(Cockmistress (/mob/living/carbon/human), the floor (159,107,2) (/turf/open/floor/plasteel/white), "mapwindow.map", "icon-x=13;icon-y=10;vis-x=11;v...", 0)
 - 
[2020-08-28 00:14:16.680] runtime error: 
 - proc name: stack trace (/proc/stack_trace)
 -   source file: unsorted.dm,1093
 -   usr: Cockmistress (/mob/living/carbon/human)
 -   src: null
 -   usr.loc: the floor (159,107,2) (/turf/open/floor/plasteel/white)
 -   call stack:
 - stack trace(null)
 - gib stack trace()
 - register asset("asset.c2e55c3c2395ba67c84c9075...", /icon (/icon))
 - icon2html(the medical backpack (/obj/item/storage/backpack/medic), Cockmistress (/mob/living/carbon/human), "medicalpack", 2, 1, 0)
 - the medical backpack (/obj/item/storage/backpack/medic): get examine string(Cockmistress (/mob/living/carbon/human), 0)
 - Cockmistress (/mob/living/carbon/human): examine(Cockmistress (/mob/living/carbon/human))
 - Cockmistress (/mob/living/carbon/human): Examine(Cockmistress (/mob/living/carbon/human))
 - Cockmistress (/mob/living/carbon/human): ShiftClick(Cockmistress (/mob/living/carbon/human))
 - Cockmistress (/mob/living/carbon/human): ShiftClickOn(Cockmistress (/mob/living/carbon/human))
 - Cockmistress (/mob/living/carbon/human): ClickOn(Cockmistress (/mob/living/carbon/human), "icon-x=13;icon-y=10;vis-x=11;v...")
 - Cockmistress (/mob/living/carbon/human): Click(the floor (159,107,2) (/turf/open/floor/plasteel/white), "mapwindow.map", "icon-x=13;icon-y=10;vis-x=11;v...", 0)
 - Bob Joga (/client): Click(Cockmistress (/mob/living/carbon/human), the floor (159,107,2) (/turf/open/floor/plasteel/white), "mapwindow.map", "icon-x=13;icon-y=10;vis-x=11;v...", 0)
 - 
[2020-08-28 00:14:16.706] runtime error: 
 - proc name: stack trace (/proc/stack_trace)
 -   source file: unsorted.dm,1093
 -   usr: Cockmistress (/mob/living/carbon/human)
 -   src: null
 -   usr.loc: the floor (159,107,2) (/turf/open/floor/plasteel/white)
 -   call stack:
 - stack trace(null)
 - gib stack trace()
 - register asset("asset.8004571c8533910ae861af8d...", /icon (/icon))
 - icon2html(the brown shoes (/obj/item/clothing/shoes/sneakers/brown), Cockmistress (/mob/living/carbon/human), "brown", 2, 1, 0)
 - the brown shoes (/obj/item/clothing/shoes/sneakers/brown): get examine string(Cockmistress (/mob/living/carbon/human), 0)
 - Cockmistress (/mob/living/carbon/human): examine(Cockmistress (/mob/living/carbon/human))
 - Cockmistress (/mob/living/carbon/human): Examine(Cockmistress (/mob/living/carbon/human))
 - Cockmistress (/mob/living/carbon/human): ShiftClick(Cockmistress (/mob/living/carbon/human))
 - Cockmistress (/mob/living/carbon/human): ShiftClickOn(Cockmistress (/mob/living/carbon/human))
 - Cockmistress (/mob/living/carbon/human): ClickOn(Cockmistress (/mob/living/carbon/human), "icon-x=13;icon-y=10;vis-x=11;v...")
 - Cockmistress (/mob/living/carbon/human): Click(the floor (159,107,2) (/turf/open/floor/plasteel/white), "mapwindow.map", "icon-x=13;icon-y=10;vis-x=11;v...", 0)
 - Bob Joga (/client): Click(Cockmistress (/mob/living/carbon/human), the floor (159,107,2) (/turf/open/floor/plasteel/white), "mapwindow.map", "icon-x=13;icon-y=10;vis-x=11;v...", 0)
 - 
[2020-08-28 00:14:16.732] runtime error: 
 - proc name: stack trace (/proc/stack_trace)
 -   source file: unsorted.dm,1093
 -   usr: Cockmistress (/mob/living/carbon/human)
 -   src: null
 -   usr.loc: the floor (159,107,2) (/turf/open/floor/plasteel/white)
 -   call stack:
 - stack trace(null)
 - gib stack trace()
 - register asset("asset.ec58dfcf75f3c668b5cb9d0f...", /icon (/icon))
 - icon2html(the chief medical officer\'s h... (/obj/item/radio/headset/heads/cmo), Cockmistress (/mob/living/carbon/human), "com_headset", 2, 1, 0)
 - the chief medical officer\'s h... (/obj/item/radio/headset/heads/cmo): get examine string(Cockmistress (/mob/living/carbon/human), 0)
 - Cockmistress (/mob/living/carbon/human): examine(Cockmistress (/mob/living/carbon/human))
 - Cockmistress (/mob/living/carbon/human): Examine(Cockmistress (/mob/living/carbon/human))
 - Cockmistress (/mob/living/carbon/human): ShiftClick(Cockmistress (/mob/living/carbon/human))
 - Cockmistress (/mob/living/carbon/human): ShiftClickOn(Cockmistress (/mob/living/carbon/human))
 - Cockmistress (/mob/living/carbon/human): ClickOn(Cockmistress (/mob/living/carbon/human), "icon-x=13;icon-y=10;vis-x=11;v...")
 - Cockmistress (/mob/living/carbon/human): Click(the floor (159,107,2) (/turf/open/floor/plasteel/white), "mapwindow.map", "icon-x=13;icon-y=10;vis-x=11;v...", 0)
 - Bob Joga (/client): Click(Cockmistress (/mob/living/carbon/human), the floor (159,107,2) (/turf/open/floor/plasteel/white), "mapwindow.map", "icon-x=13;icon-y=10;vis-x=11;v...", 0)
 - 
[2020-08-28 00:14:16.755] runtime error: 
 - proc name: stack trace (/proc/stack_trace)
 -   source file: unsorted.dm,1093
 -   usr: Cockmistress (/mob/living/carbon/human)
 -   src: null
 -   usr.loc: the floor (159,107,2) (/turf/open/floor/plasteel/white)
 -   call stack:
 - stack trace(null)
 - gib stack trace()
 - register asset("asset.e9900eed490572077bbcb4d1...", /icon (/icon))
 - icon2html(PDA-Cockmistress (Chief Medica... (/obj/item/pda/heads/cmo), Cockmistress (/mob/living/carbon/human), "pda-cmo", 2, 1, 0)
 - PDA-Cockmistress (Chief Medica... (/obj/item/pda/heads/cmo): get examine string(Cockmistress (/mob/living/carbon/human), 0)
 - Cockmistress (/mob/living/carbon/human): examine(Cockmistress (/mob/living/carbon/human))
 - Cockmistress (/mob/living/carbon/human): Examine(Cockmistress (/mob/living/carbon/human))
 - Cockmistress (/mob/living/carbon/human): ShiftClick(Cockmistress (/mob/living/carbon/human))
 - Cockmistress (/mob/living/carbon/human): ShiftClickOn(Cockmistress (/mob/living/carbon/human))
 - Cockmistress (/mob/living/carbon/human): ClickOn(Cockmistress (/mob/living/carbon/human), "icon-x=13;icon-y=10;vis-x=11;v...")
 - Cockmistress (/mob/living/carbon/human): Click(the floor (159,107,2) (/turf/open/floor/plasteel/white), "mapwindow.map", "icon-x=13;icon-y=10;vis-x=11;v...", 0)
 - Bob Joga (/client): Click(Cockmistress (/mob/living/carbon/human), the floor (159,107,2) (/turf/open/floor/plasteel/white), "mapwindow.map", "icon-x=13;icon-y=10;vis-x=11;v...", 0)
 - 
[2020-08-28 00:14:27.488] runtime error: 
 - proc name: stack trace (/proc/stack_trace)
 -   source file: unsorted.dm,1093
 -   usr: Cockmistress (/mob/living/carbon/human)
 -   src: null
 -   usr.loc: the floor (157,108,2) (/turf/open/floor/plasteel/white)
 -   call stack:
 - stack trace(null)
 - gib stack trace()
 - register asset("asset.b148c23e523886ec4c31efb1...", /icon (/icon))
 - icon2html(the chief medical officer\'s j... (/obj/item/clothing/under/rank/medical/chief_medical_officer), Cockmistress (/mob/living/carbon/human), "cmo", 2, 1, 0)
 - the chief medical officer\'s j... (/obj/item/clothing/under/rank/medical/chief_medical_officer): get examine string(Cockmistress (/mob/living/carbon/human), 0)
 - Cockmistress (/mob/living/carbon/human): examine(Cockmistress (/mob/living/carbon/human))
 - Cockmistress (/mob/living/carbon/human): Examine(Cockmistress (/mob/living/carbon/human))
 - Cockmistress (/mob/living/carbon/human): ShiftClick(Cockmistress (/mob/living/carbon/human))
 - Cockmistress (/mob/living/carbon/human): ShiftClickOn(Cockmistress (/mob/living/carbon/human))
 - Cockmistress (/mob/living/carbon/human): ClickOn(Cockmistress (/mob/living/carbon/human), "icon-x=17;icon-y=13;vis-x=14;v...")
 - Cockmistress (/mob/living/carbon/human): Click(the floor (157,108,2) (/turf/open/floor/plasteel/white), "mapwindow.map", "icon-x=17;icon-y=13;vis-x=14;v...", 0)
 - Bob Joga (/client): Click(Cockmistress (/mob/living/carbon/human), the floor (157,108,2) (/turf/open/floor/plasteel/white), "mapwindow.map", "icon-x=17;icon-y=13;vis-x=14;v...", 0)
 - 
[2020-08-28 00:14:27.510] runtime error: 
 - proc name: stack trace (/proc/stack_trace)
 -   source file: unsorted.dm,1093
 -   usr: Cockmistress (/mob/living/carbon/human)
 -   src: null
 -   usr.loc: the floor (157,108,2) (/turf/open/floor/plasteel/white)
 -   call stack:
 - stack trace(null)
 - gib stack trace()
 - register asset("asset.b8d4321e999478b187043914...", /icon (/icon))
 - icon2html(the chief medical officer\'s l... (/obj/item/clothing/suit/toggle/labcoat/cmo), Cockmistress (/mob/living/carbon/human), "labcoat_cmo", 2, 1, 0)
 - the chief medical officer\'s l... (/obj/item/clothing/suit/toggle/labcoat/cmo): get examine string(Cockmistress (/mob/living/carbon/human), 0)
 - Cockmistress (/mob/living/carbon/human): examine(Cockmistress (/mob/living/carbon/human))
 - Cockmistress (/mob/living/carbon/human): Examine(Cockmistress (/mob/living/carbon/human))
 - Cockmistress (/mob/living/carbon/human): ShiftClick(Cockmistress (/mob/living/carbon/human))
 - Cockmistress (/mob/living/carbon/human): ShiftClickOn(Cockmistress (/mob/living/carbon/human))
 - Cockmistress (/mob/living/carbon/human): ClickOn(Cockmistress (/mob/living/carbon/human), "icon-x=17;icon-y=13;vis-x=14;v...")
 - Cockmistress (/mob/living/carbon/human): Click(the floor (157,108,2) (/turf/open/floor/plasteel/white), "mapwindow.map", "icon-x=17;icon-y=13;vis-x=14;v...", 0)
 - Bob Joga (/client): Click(Cockmistress (/mob/living/carbon/human), the floor (157,108,2) (/turf/open/floor/plasteel/white), "mapwindow.map", "icon-x=17;icon-y=13;vis-x=14;v...", 0)
 - 
[2020-08-28 00:14:27.537] runtime error: 
 - proc name: stack trace (/proc/stack_trace)
 -   source file: unsorted.dm,1093
 -   usr: Cockmistress (/mob/living/carbon/human)
 -   src: null
 -   usr.loc: the floor (157,108,2) (/turf/open/floor/plasteel/white)
 -   call stack:
 - stack trace(null)
 - gib stack trace()
 - register asset("asset.0cd5aec2ffda6bf876a26e71...", /icon (/icon))
 - icon2html(the paramedic penlight (/obj/item/flashlight/pen/paramedic), Cockmistress (/mob/living/carbon/human), "penlight_surgical", 2, 1, 0)
 - the paramedic penlight (/obj/item/flashlight/pen/paramedic): get examine string(Cockmistress (/mob/living/carbon/human), 0)
 - Cockmistress (/mob/living/carbon/human): examine(Cockmistress (/mob/living/carbon/human))
 - Cockmistress (/mob/living/carbon/human): Examine(Cockmistress (/mob/living/carbon/human))
 - Cockmistress (/mob/living/carbon/human): ShiftClick(Cockmistress (/mob/living/carbon/human))
 - Cockmistress (/mob/living/carbon/human): ShiftClickOn(Cockmistress (/mob/living/carbon/human))
 - Cockmistress (/mob/living/carbon/human): ClickOn(Cockmistress (/mob/living/carbon/human), "icon-x=17;icon-y=13;vis-x=14;v...")
 - Cockmistress (/mob/living/carbon/human): Click(the floor (157,108,2) (/turf/open/floor/plasteel/white), "mapwindow.map", "icon-x=17;icon-y=13;vis-x=14;v...", 0)
 - Bob Joga (/client): Click(Cockmistress (/mob/living/carbon/human), the floor (157,108,2) (/turf/open/floor/plasteel/white), "mapwindow.map", "icon-x=17;icon-y=13;vis-x=14;v...", 0)
 - 
[2020-08-28 00:14:27.566] runtime error: 
 - proc name: stack trace (/proc/stack_trace)
 -   source file: unsorted.dm,1093
 -   usr: Cockmistress (/mob/living/carbon/human)
 -   src: null
 -   usr.loc: the floor (157,108,2) (/turf/open/floor/plasteel/white)
 -   call stack:
 - stack trace(null)
 - gib stack trace()
 - register asset("asset.c2e55c3c2395ba67c84c9075...", /icon (/icon))
 - icon2html(the medical backpack (/obj/item/storage/backpack/medic), Cockmistress (/mob/living/carbon/human), "medicalpack", 2, 1, 0)
 - the medical backpack (/obj/item/storage/backpack/medic): get examine string(Cockmistress (/mob/living/carbon/human), 0)
 - Cockmistress (/mob/living/carbon/human): examine(Cockmistress (/mob/living/carbon/human))
 - Cockmistress (/mob/living/carbon/human): Examine(Cockmistress (/mob/living/carbon/human))
 - Cockmistress (/mob/living/carbon/human): ShiftClick(Cockmistress (/mob/living/carbon/human))
 - Cockmistress (/mob/living/carbon/human): ShiftClickOn(Cockmistress (/mob/living/carbon/human))
 - Cockmistress (/mob/living/carbon/human): ClickOn(Cockmistress (/mob/living/carbon/human), "icon-x=17;icon-y=13;vis-x=14;v...")
 - Cockmistress (/mob/living/carbon/human): Click(the floor (157,108,2) (/turf/open/floor/plasteel/white), "mapwindow.map", "icon-x=17;icon-y=13;vis-x=14;v...", 0)
 - Bob Joga (/client): Click(Cockmistress (/mob/living/carbon/human), the floor (157,108,2) (/turf/open/floor/plasteel/white), "mapwindow.map", "icon-x=17;icon-y=13;vis-x=14;v...", 0)
 - 
[2020-08-28 00:14:27.588] runtime error: 
 - proc name: stack trace (/proc/stack_trace)
 -   source file: unsorted.dm,1093
 -   usr: Cockmistress (/mob/living/carbon/human)
 -   src: null
 -   usr.loc: the floor (157,108,2) (/turf/open/floor/plasteel/white)
 -   call stack:
 - stack trace(null)
 - gib stack trace()
 - register asset("asset.8004571c8533910ae861af8d...", /icon (/icon))
 - icon2html(the brown shoes (/obj/item/clothing/shoes/sneakers/brown), Cockmistress (/mob/living/carbon/human), "brown", 2, 1, 0)
 - the brown shoes (/obj/item/clothing/shoes/sneakers/brown): get examine string(Cockmistress (/mob/living/carbon/human), 0)
 - Cockmistress (/mob/living/carbon/human): examine(Cockmistress (/mob/living/carbon/human))
 - Cockmistress (/mob/living/carbon/human): Examine(Cockmistress (/mob/living/carbon/human))
 - Cockmistress (/mob/living/carbon/human): ShiftClick(Cockmistress (/mob/living/carbon/human))
 - Cockmistress (/mob/living/carbon/human): ShiftClickOn(Cockmistress (/mob/living/carbon/human))
 - Cockmistress (/mob/living/carbon/human): ClickOn(Cockmistress (/mob/living/carbon/human), "icon-x=17;icon-y=13;vis-x=14;v...")
 - Cockmistress (/mob/living/carbon/human): Click(the floor (157,108,2) (/turf/open/floor/plasteel/white), "mapwindow.map", "icon-x=17;icon-y=13;vis-x=14;v...", 0)
 - Bob Joga (/client): Click(Cockmistress (/mob/living/carbon/human), the floor (157,108,2) (/turf/open/floor/plasteel/white), "mapwindow.map", "icon-x=17;icon-y=13;vis-x=14;v...", 0)
 - 
[2020-08-28 00:14:27.593] runtime error: 
 - proc name: stack trace (/proc/stack_trace)
 -   source file: unsorted.dm,1093
 - 
[2020-08-28 00:14:27.599] runtime error: 
 - proc name: stack trace (/proc/stack_trace)
 -   source file: unsorted.dm,1093
 - 
[2020-08-28 00:19:34.758] runtime error: 
 - proc name: stack trace (/proc/stack_trace)
 -   source file: unsorted.dm,1093
 - 
[2020-08-28 00:21:23.140] runtime error: 
 - proc name: stack trace (/proc/stack_trace)
 -   source file: unsorted.dm,1093
 - 
[2020-08-28 00:21:24.081] runtime error: 
 - proc name: stack trace (/proc/stack_trace)
 -   source file: unsorted.dm,1093
 - 
[2020-08-28 00:21:24.086] runtime error: 
 - proc name: stack trace (/proc/stack_trace)
 -   source file: unsorted.dm,1093
 - 
[2020-08-28 00:21:24.093] runtime error: 
 - proc name: stack trace (/proc/stack_trace)
 -   source file: unsorted.dm,1093
 - 
[2020-08-28 00:21:24.098] runtime error: 
 - proc name: stack trace (/proc/stack_trace)
 -   source file: unsorted.dm,1093
 - 
[2020-08-28 00:21:24.103] runtime error: 
 - proc name: stack trace (/proc/stack_trace)
 -   source file: unsorted.dm,1093
 - 
[2020-08-28 00:21:24.112] runtime error: 
 - proc name: stack trace (/proc/stack_trace)
 -   source file: unsorted.dm,1093
 - 
[2020-08-28 00:21:24.117] runtime error: 
 - proc name: stack trace (/proc/stack_trace)
 -   source file: unsorted.dm,1093
 - 
