[2020-08-28 00:07:55.465] Starting up round ID .
 - -------------------------
[2020-08-28 00:07:56.431] INIT: Initialized Profiler subsystem within 0 seconds!
[2020-08-28 00:07:56.579] Fail2Topic: Failed to drop firewall rule. Exit code: 1.
[2020-08-28 00:07:56.579] INIT: Initialized Fail2Topic subsystem within 0.1 seconds!
[2020-08-28 00:07:56.583] INIT: Initialized Title Screen subsystem within 0 seconds!
[2020-08-28 00:07:56.583] INIT: Initialized Database subsystem within 0 seconds!
[2020-08-28 00:07:56.583] INIT: Initialized Blackbox subsystem within 0 seconds!
[2020-08-28 00:07:56.583] INIT: Initialized Server Tasks subsystem within 0 seconds!
[2020-08-28 00:07:56.584] INIT: Initialized Input subsystem within 0 seconds!
[2020-08-28 00:07:56.586] INIT: Initialized Sounds subsystem within 0 seconds!
[2020-08-28 00:07:56.586] INIT: Initialized Vis contents overlays subsystem within 0 seconds!
[2020-08-28 00:07:56.647] INIT: Initialized Research subsystem within 0.1 seconds!
[2020-08-28 00:07:56.650] INIT: Initialized Events subsystem within 0 seconds!
[2020-08-28 00:07:56.654] INIT: Initialized Jobs subsystem within 0 seconds!
[2020-08-28 00:07:56.659] INIT: Initialized Quirks subsystem within 0 seconds!
[2020-08-28 00:07:56.665] INIT: Initialized Ticker subsystem within 0 seconds!
[2020-08-28 00:07:56.676] INIT: Initialized Instruments subsystem within 0 seconds!
[2020-08-28 00:08:14.465] INIT: Initialized Mapping subsystem within 17.8 seconds!
[2020-08-28 00:08:14.468] INIT: Initialized Economy subsystem within 0 seconds!
[2020-08-28 00:08:14.470] INIT: Initialized Networks subsystem within 0 seconds!
[2020-08-28 00:08:14.470] INIT: Initialized Holodeck subsystem within 0 seconds!
[2020-08-28 00:08:50.007] INIT: Initialized Atoms subsystem within 35.6 seconds!
[2020-08-28 00:08:50.024] INIT: Initialized Language subsystem within 0 seconds!
[2020-08-28 00:08:50.379] INIT: Initialized Machines subsystem within 0.3 seconds!
[2020-08-28 00:08:50.418] INIT: Initialized Circuit subsystem within 0.1 seconds!
[2020-08-28 00:08:51.700] INIT: Initialized Atmos Adjacency subsystem within 1.3 seconds!
[2020-08-28 00:08:51.701] INIT: Initialized Autotransfer Vote subsystem within 0 seconds!
[2020-08-28 00:08:51.701] INIT: Initialized Chemistry subsystem within 0 seconds!
[2020-08-28 00:08:51.701] INIT: Initialized Status Effects subsystem within 0 seconds!
[2020-08-28 00:08:51.702] INIT: Initialized Weather subsystem within 0 seconds!
[2020-08-28 00:08:51.705] INIT: Initialized Disease subsystem within 0 seconds!
[2020-08-28 00:08:51.706] INIT: Initialized Jukeboxes subsystem within 0 seconds!
[2020-08-28 00:08:51.706] INIT: Initialized Medals subsystem within 0 seconds!
[2020-08-28 00:08:51.986] INIT: Initialized Minimaps subsystem within 0.2 seconds!
[2020-08-28 00:08:51.990] INIT: Initialized Night Shift subsystem within 0 seconds!
[2020-08-28 00:08:51.990] INIT: Initialized Parallax subsystem within 0 seconds!
[2020-08-28 00:08:51.990] INIT: Initialized Sun subsystem within 0 seconds!
[2020-08-28 00:08:52.218] INIT: Initialized Traumas subsystem within 0.3 seconds!
[2020-08-28 00:08:52.271] INIT: Initialized Bluespace Locker subsystem within 0 seconds!
[2020-08-28 00:08:52.274] INIT: Initialized Pacification Bans subsystem within 0 seconds!
[2020-08-28 00:08:52.274] INIT: Initialized Logging subsystem within 0 seconds!
[2020-08-28 00:08:52.274] INIT: Initialized Recycling subsystem within 0 seconds!
[2020-08-28 00:08:58.203] INIT: Initialized Atmospherics subsystem within 6 seconds!
[2020-08-28 00:08:58.204] INIT: Initialized Atmospherics - Turfs subsystem within 0 seconds!
[2020-08-28 00:09:01.394] INIT: Initialized Assets subsystem within 3.1 seconds!
[2020-08-28 00:09:07.089] INIT: Initialized Icon Smoothing subsystem within 5.7 seconds!
[2020-08-28 00:09:08.309] INIT: Initialized Overlay subsystem within 1.3 seconds!
[2020-08-28 00:09:08.309] INIT: Initialized XKeyScore subsystem within 0 seconds!
[2020-08-28 00:09:08.310] INIT: Initialized Sticky Ban subsystem within 0 seconds!
[2020-08-28 00:09:15.904] INIT: Initialized Lighting subsystem within 7.6 seconds!
[2020-08-28 00:09:19.471] INIT: Initialized Shuttle subsystem within 3.5 seconds!
[2020-08-28 00:09:19.510] INIT: Initialized Minor Mapping subsystem within 0.1 seconds!
[2020-08-28 00:09:19.511] INIT: Initialized Pathfinder subsystem within 0 seconds!
[2020-08-28 00:09:19.540] INIT: Initialized Persistence subsystem within 0 seconds!
[2020-08-28 00:09:19.540] INIT: Initialized Chat subsystem within 0 seconds!
