[2020-08-28 00:07:55.461] Starting up round ID .
 - -------------------------
[2020-08-28 00:10:10.463] TCOMMS: *no key*/(Poly) [Engineering] (spans:  ) "Check the crystal, you chucklefucks!" (language: Galactic Common) (Chief Engineer's Office (118, 83, 2))
[2020-08-28 00:10:16.461] TCOMMS: *no key*/(Poly) [Engineering] (spans:  ) "WHO TOOK THE DAMN HARDSUITS?" (language: Galactic Common) (Chief Engineer's Office (118, 83, 2))
[2020-08-28 00:10:18.460] TCOMMS: *no key*/(Poly) [Engineering] (spans:  ) "Wire the solars, you lazy bums!" (language: Galactic Common) (Chief Engineer's Office (118, 83, 2))
[2020-08-28 00:10:20.459] TCOMMS: *no key*/(Poly) [Engineering] (spans:  ) "WHO TOOK THE DAMN HARDSUITS?" (language: Galactic Common) (Chief Engineer's Office (118, 83, 2))
[2020-08-28 00:10:46.460] TCOMMS: *no key*/(Poly) [Engineering] (spans:  ) "WHO TOOK THE DAMN HARDSUITS?" (language: Galactic Common) (Chief Engineer's Office (118, 83, 2))
[2020-08-28 00:10:48.461] TCOMMS: *no key*/(Poly) [Engineering] (spans:  ) "WHO TOOK THE DAMN HARDSUITS?" (language: Galactic Common) (Chief Engineer's Office (118, 83, 2))
[2020-08-28 00:11:34.475] TCOMMS: *no key*/(Poly) [Engineering] (spans:  ) "...0." (language: Galactic Common) (Chief Engineer's Office (118, 83, 2))
[2020-08-28 00:12:06.465] TCOMMS: *no key*/(Poly) [Engineering] (spans:  ) "WHO TOOK THE DAMN HARDSUITS?" (language: Galactic Common) (Chief Engineer's Office (118, 83, 2))
[2020-08-28 00:13:50.961] TCOMMS: *no key*/(Poly) [Engineering] (spans:  ) "Poly wanna cracker!" (language: Galactic Common) (Chief Engineer's Office (118, 83, 2))
[2020-08-28 00:14:45.176] TCOMMS: *no key*/(Poly) [Engineering] (spans:  ) "Wire the solars, you lazy bums!" (language: Galactic Common) (Chief Engineer's Office (118, 83, 2))
[2020-08-28 00:15:17.180] TCOMMS: *no key*/(Poly) [Engineering] (spans:  ) "...0." (language: Galactic Common) (Chief Engineer's Office (118, 83, 2))
[2020-08-28 00:16:03.224] TCOMMS: *no key*/(Poly) [Engineering] (spans:  ) "Poly wanna cracker!" (language: Galactic Common) (Chief Engineer's Office (118, 83, 2))
[2020-08-28 00:16:29.216] TCOMMS: *no key*/(Poly) [Engineering] (spans:  ) "WHO TOOK THE DAMN HARDSUITS?" (language: Galactic Common) (Chief Engineer's Office (118, 83, 2))
[2020-08-28 00:16:49.215] TCOMMS: *no key*/(Poly) [Engineering] (spans:  ) "OH GOD ITS ABOUT TO DELAMINATE CALL THE SHUTTLE" (language: Galactic Common) (Chief Engineer's Office (118, 83, 2))
[2020-08-28 00:16:53.224] TCOMMS: *no key*/(Poly) [Engineering] (spans:  ) "Poly wanna cracker!" (language: Galactic Common) (Chief Engineer's Office (118, 83, 2))
[2020-08-28 00:17:23.232] TCOMMS: *no key*/(Poly) [Engineering] (spans:  ) "OH GOD ITS ABOUT TO DELAMINATE CALL THE SHUTTLE" (language: Galactic Common) (Chief Engineer's Office (118, 80, 2))
[2020-08-28 00:17:33.231] TCOMMS: *no key*/(Poly) [Engineering] (spans:  ) "OH GOD ITS ABOUT TO DELAMINATE CALL THE SHUTTLE" (language: Galactic Common) (Chief Engineer's Office (118, 83, 2))
[2020-08-28 00:18:03.274] TCOMMS: *no key*/(Poly) [Engineering] (spans:  ) "Check the crystal, you chucklefucks!" (language: Galactic Common) (Chief Engineer's Office (118, 83, 2))
[2020-08-28 00:18:05.272] TCOMMS: *no key*/(Poly) [Engineering] (spans:  ) "Check the crystal, you chucklefucks!" (language: Galactic Common) (Chief Engineer's Office (118, 83, 2))
[2020-08-28 00:18:25.284] TCOMMS: *no key*/(Poly) [Engineering] (spans:  ) "Poly wanna cracker!" (language: Galactic Common) (Chief Engineer's Office (118, 83, 2))
[2020-08-28 00:19:13.315] TCOMMS: *no key*/(Poly) [Engineering] (spans:  ) "WHO TOOK THE DAMN HARDSUITS?" (language: Galactic Common) (Chief Engineer's Office (118, 83, 2))
[2020-08-28 00:19:43.307] TCOMMS: *no key*/(Poly) [Engineering] (spans:  ) "Wire the solars, you lazy bums!" (language: Galactic Common) (Chief Engineer's Office (118, 83, 2))
[2020-08-28 00:20:09.309] TCOMMS: *no key*/(Poly) [Engineering] (spans:  ) "Wire the solars, you lazy bums!" (language: Galactic Common) (Chief Engineer's Office (118, 83, 2))
[2020-08-28 00:21:17.424] TCOMMS: *no key*/(Poly) [Engineering] (spans:  ) "Try our new nougat bar!" (language: Galactic Common) (Chief Engineer's Office (118, 83, 2))
