[2020-08-28 00:54:21.927] Logs from logging subsystem:
 - (2020-08-27 21:52:55) ASSET: Sending asset common.css to client Bob Joga
 - (2020-08-27 21:52:55) ASSET: Sending asset jquery.min.js to client Bob Joga
 - (2020-08-27 21:52:56) ASSET: Sending asset json2.min.js to client Bob Joga
 - (2020-08-27 21:52:56) ASSET: Sending asset browserOutput.js to client Bob Joga
 - (2020-08-27 21:52:56) ASSET: Sending asset browserOutput.css to client Bob Joga
 - (2020-08-27 21:52:56) ASSET: Sending asset browserOutput_dark.css to client Bob Joga
 - (2020-08-27 21:52:56) ASSET: Sending asset browserOutput_light.css to client Bob Joga
 - (2020-08-27 21:52:56) ASSET: Sending asset spritesheet_chat.css to client Bob Joga
 - (2020-08-27 21:52:56) ASSET: Sending asset chat_16x16.png to client Bob Joga
 - (2020-08-27 21:52:56) ASSET: Sending asset fa-regular-400.eot to client Bob Joga
 - (2020-08-27 21:52:56) ASSET: Sending asset fa-regular-400.woff to client Bob Joga
 - (2020-08-27 21:52:56) ASSET: Sending asset fa-solid-900.eot to client Bob Joga
 - (2020-08-27 21:52:56) ASSET: Sending asset fa-solid-900.woff to client Bob Joga
 - (2020-08-27 21:52:56) ASSET: Sending asset font-awesome.css to client Bob Joga
 - (2020-08-27 21:52:56) ASSET: Sending asset v4shim.css to client Bob Joga
 - (2020-08-27 21:54:20) ASSET: Sending asset spritesheet_paper.css to client Bob Joga
 - (2020-08-27 21:54:20) ASSET: Sending asset paper_121x54.png to client Bob Joga
 - (2020-08-27 21:54:20) ASSET: Sending asset spritesheet_pills.css to client Bob Joga
 - (2020-08-27 21:54:20) ASSET: Sending asset pills_22x10.png to client Bob Joga
 - (2020-08-27 21:54:20) ASSET: Sending asset pills_14x14.png to client Bob Joga
 - (2020-08-27 21:54:21) ASSET: Sending asset minimap-1da4457e9d6e85fb2e24241163774513.png to client Bob Joga
 - (2020-08-27 21:54:21) ASSET: Sending asset minimap-1da4457e9d6e85fb2e24241163774513-meta.png to client Bob Joga
 - (2020-08-27 21:54:21) ASSET: Sending asset tgui.css to client Bob Joga
 - (2020-08-27 21:54:21) ASSET: Sending asset tgui.js to client Bob Joga
 - (2020-08-27 21:54:21) ASSET: Sending asset tgui-main.html to client Bob Joga
 - (2020-08-27 21:54:21) ASSET: Sending asset tgui.bundle.js to client Bob Joga
 - (2020-08-27 21:54:21) ASSET: Sending asset tgui.bundle.css to client Bob Joga
 - (2020-08-27 21:54:21) ASSET: Sending asset asset.676ecb861f1f1a89d6b76887eb22ca0f.png to client Bob Joga
 - (2020-08-27 21:54:21) ASSET: Sending asset tgui-fallback.html to client Bob Joga
 - (2020-08-27 21:54:21) ASSET: Sending asset shim-html5shiv.js to client Bob Joga
 - (2020-08-27 21:54:21) ASSET: Sending asset shim-ie8.js to client Bob Joga
