[2020-08-28 00:52:52.942] Starting up round ID .
 - -------------------------
[2020-08-28 00:52:52.980] ADMIN: Loading Banlist
[2020-08-28 00:52:53.011] ACCESS: Login: Bob Joga from localhost-3000796718 || BYOND v513.1528
[2020-08-28 00:52:53.011] ACCESS: Mob Login: Bob Joga/(Bob Joga) was assigned to a /mob/dead/new_player
[2020-08-28 00:52:55.390] GAME: Bob Joga/(Bob Joga) Client Bob Joga/(Bob Joga) has taken ownership of mob Bob Joga(/mob/dead/new_player) (start area (11, 174, 1))
[2020-08-28 00:52:58.579] GAME: Saved mode is 'extended'
[2020-08-28 00:53:10.340] GAME: Hierophant's Arena loaded at 125,65,6
[2020-08-28 00:53:10.354] GAME: Blood-Drunk Miner (Guidance) loaded at 105,180,6
[2020-08-28 00:53:10.369] GAME: Blood-Drunk Miner (Hunter) loaded at 187,86,6
[2020-08-28 00:53:10.387] GAME: Blood-Drunk Miner loaded at 185,136,6
[2020-08-28 00:53:10.404] GAME: King Goat Boss Ruin loaded at 206,100,6
[2020-08-28 00:53:10.425] GAME: Rogue's Arena loaded at 169,61,6
[2020-08-28 00:53:10.457] GAME: Sif's Sword loaded at 50,136,6
[2020-08-28 00:53:10.464] GAME: Pulsating Tumor loaded at 186,194,6
[2020-08-28 00:53:10.469] GAME: Pulsating Tumor loaded at 205,64,6
[2020-08-28 00:53:10.498] GAME: Ruin of Gluttony loaded at 102,100,6
[2020-08-28 00:53:10.504] GAME: Ancient Puzzle loaded at 219,90,6
[2020-08-28 00:53:10.519] GAME: Ruin of Envy loaded at 183,116,6
[2020-08-28 00:53:10.541] GAME: Dark Wizard Altar loaded at 55,170,6
[2020-08-28 00:53:10.568] GAME: Seed Vault loaded at 99,202,6
[2020-08-28 00:53:10.597] GAME: Dead God loaded at 143,155,6
[2020-08-28 00:53:10.618] GAME: Ruin of Greed loaded at 160,28,6
[2020-08-28 00:53:13.823] GAME: Abandoned Teleporter loaded at 200,113,7
[2020-08-28 00:53:13.843] GAME: Whiteship Dock loaded at 167,162,4
[2020-08-28 00:53:13.930] GAME: Syndicate Listening Station loaded at 114,173,4
[2020-08-28 00:53:14.016] GAME: A Giant Ball of Paper in Space loaded at 164,177,3
[2020-08-28 00:53:14.045] GAME: Salvation loaded at 38,41,7
[2020-08-28 00:53:14.124] GAME: Gondoland loaded at 142,101,8
[2020-08-28 00:53:14.161] GAME: Disposal Facility 17 loaded at 193,26,7
[2020-08-28 00:53:14.188] GAME: Asteroid 2 loaded at 183,57,8
[2020-08-28 00:53:14.222] GAME: Cleric's Den loaded at 135,97,4
[2020-08-28 00:53:14.312] GAME: Space Hermit loaded at 30,39,8
[2020-08-28 00:53:14.680] GAME: The Twin-Nexus Hotel loaded at 35,135,4
[2020-08-28 00:53:14.727] GAME: Ancient Cloning Lab loaded at 85,122,3
[2020-08-28 00:53:14.780] GAME: Derelict 5 loaded at 197,193,4
[2020-08-28 00:53:14.913] GAME: Derelict Tradepost loaded at 181,48,4
[2020-08-28 00:53:14.941] GAME: Asteroid 3 loaded at 78,94,3
[2020-08-28 00:53:14.976] GAME: Authorship loaded at 96,43,3
[2020-08-28 00:53:14.995] GAME: Mineable Asteroid 4 loaded at 169,219,2
[2020-08-28 00:53:15.009] GAME: Crab Roid loaded at 61,26,2
[2020-08-28 00:53:15.032] GAME: Monitoring Roid loaded at 23,28,2
[2020-08-28 00:53:15.059] GAME: Mineable Asteroid 5 loaded at 38,209,2
[2020-08-28 00:53:15.079] GAME: Dorm Roid loaded at 207,190,2
[2020-08-28 00:53:15.097] GAME: Dead wizard Roid loaded at 145,212,2
[2020-08-28 00:53:15.110] GAME: Mineable Asteroid 3 loaded at 219,52,2
[2020-08-28 00:53:15.133] GAME: Mineable Asteroid 2 loaded at 206,27,2
[2020-08-28 00:53:15.141] GAME: Mineable Asteroid 1 loaded at 24,50,2
[2020-08-28 00:53:15.156] GAME: Maze Roid loaded at 217,166,2
[2020-08-28 00:53:15.266] GAME: Box SM loaded at 96,49,2
[2020-08-28 00:53:15.512] GAME: Public Mining Base loaded at 1,1,6
[2020-08-28 00:53:18.463] ADMIN: Bob Joga has started the game.
[2020-08-28 00:53:27.666] GAME: *no key*/(Malthe Saadi) Malthe Saadi name changed from Malthe Saadi to Sprinkledinkle (Unexplored Location (49, 64, 8))
[2020-08-28 00:54:12.127] ADMIN: Bob Joga has started the game.
[2020-08-28 00:54:13.779] GAME: Backup Shuttle loaded at 84,206,1
[2020-08-28 00:54:13.863] GAME: assault pod (Default) loaded at 85,207,1
[2020-08-28 00:54:14.181] GAME: basic syndicate infiltrator loaded at 80,199,1
[2020-08-28 00:54:14.452] GAME: fancy transport ferry loaded at 82,208,1
[2020-08-28 00:54:14.646] GAME: Box Station Emergency Shuttle loaded at 83,199,1
[2020-08-28 00:54:14.831] GAME: cargo ferry (Box) loaded at 85,204,1
[2020-08-28 00:54:15.379] GAME: escape pod (Default) loaded at 87,208,1
[2020-08-28 00:54:15.405] GAME: escape pod (Default) loaded at 87,208,1
[2020-08-28 00:54:15.457] GAME: auxilliary base (Default) loaded at 84,206,1
[2020-08-28 00:54:15.563] GAME: arrival shuttle (Box) loaded at 81,207,1
[2020-08-28 00:54:15.660] GAME: mining shuttle (Box) loaded at 86,207,1
[2020-08-28 00:54:15.712] GAME: labour shuttle (Box) loaded at 86,206,1
[2020-08-28 00:54:15.758] GAME: escape pod (Default) loaded at 87,208,1
[2020-08-28 00:54:15.784] GAME: escape pod (Default) loaded at 87,208,1
[2020-08-28 00:54:15.812] GAME: lavaland Mining Elevator loaded at 86,208,1
[2020-08-28 00:54:16.899] GAME: Hospital Ship loaded at 73,202,1
[2020-08-28 00:54:17.437] VOTE: Roundtype vote started by server.
[2020-08-28 00:54:18.937] VOTE: <b>Roundtype Vote</b><b>Vote Result: Inconclusive - No Votes!</b>
[2020-08-28 00:54:19.406] GAME: *no key*/(Bob Joga) *no key*/(Bob Joga) is no longer owning mob Bob Joga(/mob/dead/new_player) (start area (11, 174, 1))
[2020-08-28 00:54:19.406] ACCESS: Mob Login: Bob Joga/(Cockmistress) was assigned to a /mob/living/carbon/human
[2020-08-28 00:54:20.173] GAME: Bob Joga/(Cockmistress) Client Bob Joga/(Cockmistress) has taken ownership of mob (/mob/living/carbon/human) (Chapel Office (178, 145, 2))
