[2020-08-28 00:52:52.946] Starting up round ID .
 - -------------------------
[2020-08-28 00:52:58.354] INIT: Initialized Profiler subsystem within 0 seconds!
[2020-08-28 00:52:58.505] Fail2Topic: Failed to drop firewall rule. Exit code: 1.
[2020-08-28 00:52:58.505] INIT: Initialized Fail2Topic subsystem within 0.2 seconds!
[2020-08-28 00:52:58.507] INIT: Initialized Title Screen subsystem within 0 seconds!
[2020-08-28 00:52:58.507] INIT: Initialized Database subsystem within 0 seconds!
[2020-08-28 00:52:58.507] INIT: Initialized Blackbox subsystem within 0 seconds!
[2020-08-28 00:52:58.508] INIT: Initialized Server Tasks subsystem within 0 seconds!
[2020-08-28 00:52:58.510] INIT: Initialized Input subsystem within 0 seconds!
[2020-08-28 00:52:58.511] INIT: Initialized Sounds subsystem within 0 seconds!
[2020-08-28 00:52:58.512] INIT: Initialized Vis contents overlays subsystem within 0 seconds!
[2020-08-28 00:52:58.566] INIT: Initialized Research subsystem within 0 seconds!
[2020-08-28 00:52:58.570] INIT: Initialized Events subsystem within 0 seconds!
[2020-08-28 00:52:58.574] INIT: Initialized Jobs subsystem within 0 seconds!
[2020-08-28 00:52:58.579] INIT: Initialized Quirks subsystem within 0 seconds!
[2020-08-28 00:52:58.585] INIT: Initialized Ticker subsystem within 0 seconds!
[2020-08-28 00:52:58.597] INIT: Initialized Instruments subsystem within 0 seconds!
[2020-08-28 00:53:15.942] INIT: Initialized Mapping subsystem within 17.4 seconds!
[2020-08-28 00:53:15.975] INIT: Initialized Economy subsystem within 0 seconds!
[2020-08-28 00:53:15.976] INIT: Initialized Networks subsystem within 0 seconds!
[2020-08-28 00:53:15.977] INIT: Initialized Holodeck subsystem within 0 seconds!
[2020-08-28 00:53:47.080] INIT: Initialized Atoms subsystem within 31.1 seconds!
[2020-08-28 00:53:47.105] INIT: Initialized Language subsystem within 0.1 seconds!
[2020-08-28 00:53:47.268] INIT: Initialized Machines subsystem within 0.1 seconds!
[2020-08-28 00:53:47.301] INIT: Initialized Circuit subsystem within 0.1 seconds!
[2020-08-28 00:53:48.773] INIT: Initialized Atmos Adjacency subsystem within 1.4 seconds!
[2020-08-28 00:53:48.773] INIT: Initialized Autotransfer Vote subsystem within 0 seconds!
[2020-08-28 00:53:48.773] INIT: Initialized Chemistry subsystem within 0 seconds!
[2020-08-28 00:53:48.773] INIT: Initialized Status Effects subsystem within 0 seconds!
[2020-08-28 00:53:48.774] INIT: Initialized Weather subsystem within 0 seconds!
[2020-08-28 00:53:48.777] INIT: Initialized Disease subsystem within 0 seconds!
[2020-08-28 00:53:48.778] INIT: Initialized Jukeboxes subsystem within 0 seconds!
[2020-08-28 00:53:48.778] INIT: Initialized Medals subsystem within 0 seconds!
[2020-08-28 00:53:49.021] INIT: Initialized Minimaps subsystem within 0.3 seconds!
[2020-08-28 00:53:49.067] INIT: Initialized Night Shift subsystem within 0 seconds!
[2020-08-28 00:53:49.067] INIT: Initialized Parallax subsystem within 0 seconds!
[2020-08-28 00:53:49.067] INIT: Initialized Sun subsystem within 0 seconds!
[2020-08-28 00:53:49.279] INIT: Initialized Traumas subsystem within 0.2 seconds!
[2020-08-28 00:53:49.315] INIT: Initialized Bluespace Locker subsystem within 0.1 seconds!
[2020-08-28 00:53:49.315] INIT: Initialized Pacification Bans subsystem within 0 seconds!
[2020-08-28 00:53:49.316] INIT: Initialized Logging subsystem within 0 seconds!
[2020-08-28 00:53:49.316] INIT: Initialized Recycling subsystem within 0 seconds!
[2020-08-28 00:53:55.475] INIT: Initialized Atmospherics subsystem within 6.1 seconds!
[2020-08-28 00:53:55.475] INIT: Initialized Atmospherics - Turfs subsystem within 0 seconds!
[2020-08-28 00:53:58.264] INIT: Initialized Assets subsystem within 2.8 seconds!
[2020-08-28 00:54:04.342] INIT: Initialized Icon Smoothing subsystem within 6.1 seconds!
[2020-08-28 00:54:05.622] INIT: Initialized Overlay subsystem within 1.3 seconds!
[2020-08-28 00:54:05.622] INIT: Initialized XKeyScore subsystem within 0 seconds!
[2020-08-28 00:54:05.623] INIT: Initialized Sticky Ban subsystem within 0 seconds!
[2020-08-28 00:54:13.721] INIT: Initialized Lighting subsystem within 8.1 seconds!
[2020-08-28 00:54:17.292] INIT: Initialized Shuttle subsystem within 3.5 seconds!
[2020-08-28 00:54:17.328] INIT: Initialized Minor Mapping subsystem within 0.1 seconds!
[2020-08-28 00:54:17.351] INIT: Initialized Pathfinder subsystem within 0 seconds!
[2020-08-28 00:54:17.381] INIT: Initialized Persistence subsystem within 0 seconds!
[2020-08-28 00:54:17.381] INIT: Initialized Chat subsystem within 0 seconds!
