[2020-09-02 22:24:28.832] Starting up round ID .
 - -------------------------
[2020-09-02 22:24:34.381] INIT: Initialized Profiler subsystem within 0 seconds!
[2020-09-02 22:24:34.580] Fail2Topic: Failed to drop firewall rule. Exit code: 1.
[2020-09-02 22:24:34.580] INIT: Initialized Fail2Topic subsystem within 0.2 seconds!
[2020-09-02 22:24:34.581] INIT: Initialized Title Screen subsystem within 0 seconds!
[2020-09-02 22:24:34.581] INIT: Initialized Database subsystem within 0 seconds!
[2020-09-02 22:24:34.582] INIT: Initialized Blackbox subsystem within 0 seconds!
[2020-09-02 22:24:34.582] INIT: Initialized Server Tasks subsystem within 0 seconds!
[2020-09-02 22:24:34.584] INIT: Initialized Input subsystem within 0 seconds!
[2020-09-02 22:24:34.587] INIT: Initialized Sounds subsystem within 0 seconds!
[2020-09-02 22:24:34.587] INIT: Initialized Vis contents overlays subsystem within 0 seconds!
[2020-09-02 22:24:34.644] INIT: Initialized Research subsystem within 0.1 seconds!
[2020-09-02 22:24:34.647] INIT: Initialized Events subsystem within 0 seconds!
[2020-09-02 22:24:34.652] INIT: Initialized Jobs subsystem within 0 seconds!
[2020-09-02 22:24:34.658] INIT: Initialized Quirks subsystem within 0 seconds!
[2020-09-02 22:24:34.665] INIT: Initialized Ticker subsystem within 0 seconds!
[2020-09-02 22:24:34.677] INIT: Initialized Instruments subsystem within 0 seconds!
[2020-09-02 22:24:52.948] INIT: Initialized Mapping subsystem within 18.3 seconds!
[2020-09-02 22:24:52.960] INIT: Initialized Economy subsystem within 0 seconds!
[2020-09-02 22:24:52.961] INIT: Initialized Networks subsystem within 0 seconds!
[2020-09-02 22:24:52.961] INIT: Initialized Holodeck subsystem within 0 seconds!
[2020-09-02 22:25:27.957] INIT: Initialized Atoms subsystem within 35 seconds!
[2020-09-02 22:25:27.983] INIT: Initialized Language subsystem within 0 seconds!
[2020-09-02 22:25:28.312] INIT: Initialized Machines subsystem within 0.4 seconds!
[2020-09-02 22:25:28.374] INIT: Initialized Circuit subsystem within 0 seconds!
[2020-09-02 22:25:29.713] INIT: Initialized Atmos Adjacency subsystem within 1.4 seconds!
[2020-09-02 22:25:29.713] INIT: Initialized Autotransfer Vote subsystem within 0 seconds!
[2020-09-02 22:25:29.714] INIT: Initialized Chemistry subsystem within 0 seconds!
[2020-09-02 22:25:29.714] INIT: Initialized Status Effects subsystem within 0 seconds!
[2020-09-02 22:25:29.715] INIT: Initialized Weather subsystem within 0 seconds!
[2020-09-02 22:25:29.718] INIT: Initialized Disease subsystem within 0 seconds!
[2020-09-02 22:25:29.718] INIT: Initialized Jukeboxes subsystem within 0 seconds!
[2020-09-02 22:25:29.718] INIT: Initialized Medals subsystem within 0 seconds!
[2020-09-02 22:25:29.979] INIT: Initialized Minimaps subsystem within 0.2 seconds!
[2020-09-02 22:25:30.029] INIT: Initialized Night Shift subsystem within 0 seconds!
[2020-09-02 22:25:30.029] INIT: Initialized Parallax subsystem within 0 seconds!
[2020-09-02 22:25:30.029] INIT: Initialized Sun subsystem within 0 seconds!
[2020-09-02 22:25:30.250] INIT: Initialized Traumas subsystem within 0.2 seconds!
[2020-09-02 22:25:30.289] INIT: Initialized Bluespace Locker subsystem within 0 seconds!
[2020-09-02 22:25:30.321] INIT: Initialized Pacification Bans subsystem within 0 seconds!
[2020-09-02 22:25:30.321] INIT: Initialized Logging subsystem within 0 seconds!
[2020-09-02 22:25:30.321] INIT: Initialized Recycling subsystem within 0 seconds!
[2020-09-02 22:25:36.329] INIT: Initialized Atmospherics subsystem within 6 seconds!
[2020-09-02 22:25:36.330] INIT: Initialized Atmospherics - Turfs subsystem within 0 seconds!
[2020-09-02 22:25:39.263] INIT: Initialized Assets subsystem within 2.9 seconds!
[2020-09-02 22:25:45.700] INIT: Initialized Icon Smoothing subsystem within 6.5 seconds!
[2020-09-02 22:25:46.988] INIT: Initialized Overlay subsystem within 1.2 seconds!
[2020-09-02 22:25:46.988] INIT: Initialized XKeyScore subsystem within 0 seconds!
[2020-09-02 22:25:46.989] INIT: Initialized Sticky Ban subsystem within 0 seconds!
[2020-09-02 22:25:55.344] INIT: Initialized Lighting subsystem within 8.4 seconds!
[2020-09-02 22:25:58.981] INIT: Initialized Shuttle subsystem within 3.6 seconds!
[2020-09-02 22:25:59.018] INIT: Initialized Minor Mapping subsystem within 0.1 seconds!
[2020-09-02 22:25:59.019] INIT: Initialized Pathfinder subsystem within 0 seconds!
[2020-09-02 22:25:59.049] INIT: Initialized Persistence subsystem within 0 seconds!
[2020-09-02 22:25:59.050] INIT: Initialized Chat subsystem within 0 seconds!
