[2020-09-02 22:24:28.829] Starting up round ID .
 - -------------------------
[2020-09-02 22:27:39.209] TCOMMS: *no key*/(Poly) [Engineering] (spans:  ) "Check the crystal, you chucklefucks!" (language: Galactic Common) (Chief Engineer's Office (116, 83, 2))
[2020-09-02 22:28:44.062] TCOMMS: *no key*/(Poly) [Engineering] (spans:  ) "OH GOD ITS ABOUT TO DELAMINATE CALL THE SHUTTLE" (language: Galactic Common) (Chief Engineer's Office (115, 83, 2))
[2020-09-02 22:29:08.464] TCOMMS: *no key*/(Poly) [Engineering] (spans:  ) "I have lived many lives!" (language: Galactic Common) (Chief Engineer's Office (115, 83, 2))
[2020-09-02 22:29:26.762] TCOMMS: *no key*/(Poly) [Engineering] (spans:  ) "WHO TOOK THE DAMN HARDSUITS?" (language: Galactic Common) (Chief Engineer's Office (115, 83, 2))
[2020-09-02 22:29:28.778] TCOMMS: *no key*/(Poly) [Engineering] (spans:  ) "I have lived many lives!" (language: Galactic Common) (Chief Engineer's Office (115, 83, 2))
[2020-09-02 22:29:52.981] TCOMMS: *no key*/(Poly) [Engineering] (spans:  ) "Wire the solars, you lazy bums!" (language: Galactic Common) (Chief Engineer's Office (117, 82, 2))
[2020-09-02 22:30:19.126] TCOMMS: *no key*/(Poly) [Engineering] (spans:  ) "I have lived many lives!" (language: Galactic Common) (Chief Engineer's Office (117, 80, 2))
[2020-09-02 22:30:35.174] TCOMMS: *no key*/(Poly) [Engineering] (spans:  ) "Wire the solars, you lazy bums!" (language: Galactic Common) (Chief Engineer's Office (115, 83, 2))
[2020-09-02 22:30:41.187] TCOMMS: *no key*/(Poly) [Engineering] (spans:  ) "Check the crystal, you chucklefucks!" (language: Galactic Common) (Chief Engineer's Office (115, 83, 2))
[2020-09-02 22:30:57.285] TCOMMS: *no key*/(Poly) [Engineering] (spans:  ) "I have lived many lives!" (language: Galactic Common) (Chief Engineer's Office (115, 83, 2))
[2020-09-02 22:30:59.293] TCOMMS: *no key*/(Poly) [Engineering] (spans:  ) "Wire the solars, you lazy bums!" (language: Galactic Common) (Chief Engineer's Office (115, 83, 2))
[2020-09-02 22:32:13.700] TCOMMS: *no key*/(Poly) [Engineering] (spans:  ) "Check the crystal, you chucklefucks!" (language: Galactic Common) (Chief Engineer's Office (115, 83, 2))
[2020-09-02 22:32:15.711] TCOMMS: *no key*/(Poly) [Engineering] (spans:  ) "I have lived many lives!" (language: Galactic Common) (Chief Engineer's Office (117, 81, 2))
[2020-09-02 22:32:17.710] TCOMMS: *no key*/(Poly) [Engineering] (spans:  ) "Poly wanna cracker!" (language: Galactic Common) (Chief Engineer's Office (117, 81, 2))
[2020-09-02 22:32:21.725] TCOMMS: *no key*/(Poly) [Engineering] (spans:  ) "Poly wanna cracker!" (language: Galactic Common) (Chief Engineer's Office (115, 83, 2))
[2020-09-02 22:33:14.098] TCOMMS: *no key*/(Poly) [Engineering] (spans:  ) "I have lived many lives!" (language: Galactic Common) (Chief Engineer's Office (117, 81, 2))
[2020-09-02 22:33:48.199] TCOMMS: *no key*/(Poly) [Engineering] (spans:  ) "OH GOD ITS ABOUT TO DELAMINATE CALL THE SHUTTLE" (language: Galactic Common) (Chief Engineer's Office (115, 83, 2))
[2020-09-02 22:33:50.199] TCOMMS: *no key*/(Poly) [Engineering] (spans:  ) "Poly wanna cracker!" (language: Galactic Common) (Chief Engineer's Office (115, 83, 2))
[2020-09-02 22:34:31.297] TCOMMS: *no key*/(Poly) [Engineering] (spans:  ) "Wire the solars, you lazy bums!" (language: Galactic Common) (Chief Engineer's Office (115, 83, 2))
[2020-09-02 22:34:49.369] TCOMMS: *no key*/(Poly) [Engineering] (spans:  ) "Poly wanna cracker!" (language: Galactic Common) (Chief Engineer's Office (115, 83, 2))
