[2020-08-28 19:28:36.670] Starting up round ID .
 - -------------------------
[2020-08-28 19:28:42.043] INIT: Initialized Profiler subsystem within 0 seconds!
[2020-08-28 19:28:42.190] Fail2Topic: Failed to drop firewall rule. Exit code: 1.
[2020-08-28 19:28:42.191] INIT: Initialized Fail2Topic subsystem within 0.1 seconds!
[2020-08-28 19:28:42.192] INIT: Initialized Title Screen subsystem within 0 seconds!
[2020-08-28 19:28:42.192] INIT: Initialized Database subsystem within 0 seconds!
[2020-08-28 19:28:42.192] INIT: Initialized Blackbox subsystem within 0 seconds!
[2020-08-28 19:28:42.193] INIT: Initialized Server Tasks subsystem within 0 seconds!
[2020-08-28 19:28:42.194] INIT: Initialized Input subsystem within 0 seconds!
[2020-08-28 19:28:42.197] INIT: Initialized Sounds subsystem within 0 seconds!
[2020-08-28 19:28:42.197] INIT: Initialized Vis contents overlays subsystem within 0 seconds!
[2020-08-28 19:28:42.267] INIT: Initialized Research subsystem within 0.1 seconds!
[2020-08-28 19:28:42.270] INIT: Initialized Events subsystem within 0 seconds!
[2020-08-28 19:28:42.274] INIT: Initialized Jobs subsystem within 0 seconds!
[2020-08-28 19:28:42.279] INIT: Initialized Quirks subsystem within 0 seconds!
[2020-08-28 19:28:42.286] INIT: Initialized Ticker subsystem within 0 seconds!
[2020-08-28 19:28:42.298] INIT: Initialized Instruments subsystem within 0 seconds!
[2020-08-28 19:29:00.035] INIT: Initialized Mapping subsystem within 17.8 seconds!
[2020-08-28 19:29:00.049] INIT: Initialized Economy subsystem within 0 seconds!
[2020-08-28 19:29:00.050] INIT: Initialized Networks subsystem within 0 seconds!
[2020-08-28 19:29:00.050] INIT: Initialized Holodeck subsystem within 0 seconds!
[2020-08-28 19:29:32.624] INIT: Initialized Atoms subsystem within 32.6 seconds!
[2020-08-28 19:29:32.652] INIT: Initialized Language subsystem within 0 seconds!
[2020-08-28 19:29:32.833] INIT: Initialized Machines subsystem within 0.2 seconds!
[2020-08-28 19:29:32.868] INIT: Initialized Circuit subsystem within 0 seconds!
[2020-08-28 19:29:34.171] INIT: Initialized Atmos Adjacency subsystem within 1.3 seconds!
[2020-08-28 19:29:34.171] INIT: Initialized Autotransfer Vote subsystem within 0 seconds!
[2020-08-28 19:29:34.171] INIT: Initialized Chemistry subsystem within 0 seconds!
[2020-08-28 19:29:34.171] INIT: Initialized Status Effects subsystem within 0 seconds!
[2020-08-28 19:29:34.172] INIT: Initialized Weather subsystem within 0 seconds!
[2020-08-28 19:29:34.176] INIT: Initialized Disease subsystem within 0 seconds!
[2020-08-28 19:29:34.176] INIT: Initialized Jukeboxes subsystem within 0 seconds!
[2020-08-28 19:29:34.176] INIT: Initialized Medals subsystem within 0 seconds!
[2020-08-28 19:29:34.441] INIT: Initialized Minimaps subsystem within 0.3 seconds!
[2020-08-28 19:29:34.488] INIT: Initialized Night Shift subsystem within 0 seconds!
[2020-08-28 19:29:34.488] INIT: Initialized Parallax subsystem within 0 seconds!
[2020-08-28 19:29:34.488] INIT: Initialized Sun subsystem within 0 seconds!
[2020-08-28 19:29:34.696] INIT: Initialized Traumas subsystem within 0.2 seconds!
[2020-08-28 19:29:34.733] INIT: Initialized Bluespace Locker subsystem within 0.1 seconds!
[2020-08-28 19:29:34.733] INIT: Initialized Pacification Bans subsystem within 0 seconds!
[2020-08-28 19:29:34.733] INIT: Initialized Logging subsystem within 0 seconds!
[2020-08-28 19:29:34.733] INIT: Initialized Recycling subsystem within 0 seconds!
[2020-08-28 19:29:40.372] INIT: Initialized Atmospherics subsystem within 5.6 seconds!
[2020-08-28 19:29:40.373] INIT: Initialized Atmospherics - Turfs subsystem within 0 seconds!
[2020-08-28 19:29:43.178] INIT: Initialized Assets subsystem within 2.8 seconds!
[2020-08-28 19:29:49.116] INIT: Initialized Icon Smoothing subsystem within 6 seconds!
[2020-08-28 19:29:50.297] INIT: Initialized Overlay subsystem within 1.1 seconds!
[2020-08-28 19:29:50.297] INIT: Initialized XKeyScore subsystem within 0 seconds!
[2020-08-28 19:29:50.298] INIT: Initialized Sticky Ban subsystem within 0 seconds!
[2020-08-28 19:29:58.294] INIT: Initialized Lighting subsystem within 8 seconds!
[2020-08-28 19:30:01.604] INIT: Initialized Shuttle subsystem within 3.4 seconds!
[2020-08-28 19:30:01.639] INIT: Initialized Minor Mapping subsystem within 0 seconds!
[2020-08-28 19:30:01.640] INIT: Initialized Pathfinder subsystem within 0 seconds!
[2020-08-28 19:30:01.668] INIT: Initialized Persistence subsystem within 0 seconds!
[2020-08-28 19:30:01.669] INIT: Initialized Chat subsystem within 0 seconds!
