[2020-09-10 02:29:47.904] Starting up round ID .
 - -------------------------
[2020-09-10 02:29:54.037] INIT: Initialized Profiler subsystem within 0 seconds!
[2020-09-10 02:29:54.236] Fail2Topic: Failed to drop firewall rule. Exit code: 1.
[2020-09-10 02:29:54.237] INIT: Initialized Fail2Topic subsystem within 0.2 seconds!
[2020-09-10 02:29:54.241] INIT: Initialized Title Screen subsystem within 0 seconds!
[2020-09-10 02:29:54.241] INIT: Initialized Database subsystem within 0 seconds!
[2020-09-10 02:29:54.242] INIT: Initialized Blackbox subsystem within 0 seconds!
[2020-09-10 02:29:54.242] INIT: Initialized Server Tasks subsystem within 0 seconds!
[2020-09-10 02:29:54.243] INIT: Initialized Input subsystem within 0 seconds!
[2020-09-10 02:29:54.245] INIT: Initialized Sounds subsystem within 0 seconds!
[2020-09-10 02:29:54.245] INIT: Initialized Vis contents overlays subsystem within 0 seconds!
[2020-09-10 02:29:54.307] INIT: Initialized Research subsystem within 0.1 seconds!
[2020-09-10 02:29:54.311] INIT: Initialized Events subsystem within 0 seconds!
[2020-09-10 02:29:54.316] INIT: Initialized Jobs subsystem within 0 seconds!
[2020-09-10 02:29:54.322] INIT: Initialized Quirks subsystem within 0 seconds!
[2020-09-10 02:29:54.329] INIT: Initialized Ticker subsystem within 0 seconds!
[2020-09-10 02:29:54.342] INIT: Initialized Instruments subsystem within 0 seconds!
[2020-09-10 02:30:11.197] INIT: Initialized Mapping subsystem within 16.8 seconds!
[2020-09-10 02:30:11.209] INIT: Initialized Economy subsystem within 0 seconds!
[2020-09-10 02:30:11.210] INIT: Initialized Networks subsystem within 0 seconds!
[2020-09-10 02:30:11.210] INIT: Initialized Holodeck subsystem within 0 seconds!
[2020-09-10 02:30:45.095] INIT: Initialized Atoms subsystem within 33.8 seconds!
[2020-09-10 02:30:45.123] INIT: Initialized Language subsystem within 0 seconds!
[2020-09-10 02:30:45.279] INIT: Initialized Machines subsystem within 0.1 seconds!
[2020-09-10 02:30:45.326] INIT: Initialized Circuit subsystem within 0.1 seconds!
[2020-09-10 02:30:46.581] INIT: Initialized Atmos Adjacency subsystem within 1.2 seconds!
[2020-09-10 02:30:46.581] INIT: Initialized Autotransfer Vote subsystem within 0 seconds!
[2020-09-10 02:30:46.581] INIT: Initialized Chemistry subsystem within 0 seconds!
[2020-09-10 02:30:46.581] INIT: Initialized Status Effects subsystem within 0 seconds!
[2020-09-10 02:30:46.582] INIT: Initialized Weather subsystem within 0 seconds!
[2020-09-10 02:30:46.585] INIT: Initialized Disease subsystem within 0 seconds!
[2020-09-10 02:30:46.585] INIT: Initialized Jukeboxes subsystem within 0 seconds!
[2020-09-10 02:30:46.585] INIT: Initialized Medals subsystem within 0 seconds!
[2020-09-10 02:30:46.827] INIT: Initialized Minimaps subsystem within 0.3 seconds!
[2020-09-10 02:30:46.870] INIT: Initialized Night Shift subsystem within 0 seconds!
[2020-09-10 02:30:46.870] INIT: Initialized Parallax subsystem within 0 seconds!
[2020-09-10 02:30:46.870] INIT: Initialized Sun subsystem within 0 seconds!
[2020-09-10 02:30:47.093] INIT: Initialized Traumas subsystem within 0.2 seconds!
[2020-09-10 02:30:47.129] INIT: Initialized Bluespace Locker subsystem within 0.1 seconds!
[2020-09-10 02:30:47.156] INIT: Initialized Pacification Bans subsystem within 0 seconds!
[2020-09-10 02:30:47.156] INIT: Initialized Logging subsystem within 0 seconds!
[2020-09-10 02:30:47.156] INIT: Initialized Recycling subsystem within 0 seconds!
[2020-09-10 02:30:53.797] INIT: Initialized Atmospherics subsystem within 6.6 seconds!
[2020-09-10 02:30:53.797] INIT: Initialized Atmospherics - Turfs subsystem within 0 seconds!
[2020-09-10 02:30:57.453] INIT: Initialized Assets subsystem within 3.7 seconds!
[2020-09-10 02:31:03.919] INIT: Initialized Icon Smoothing subsystem within 6.5 seconds!
[2020-09-10 02:31:05.175] INIT: Initialized Overlay subsystem within 1.2 seconds!
[2020-09-10 02:31:05.175] INIT: Initialized XKeyScore subsystem within 0 seconds!
[2020-09-10 02:31:05.175] INIT: Initialized Sticky Ban subsystem within 0 seconds!
[2020-09-10 02:31:13.764] INIT: Initialized Lighting subsystem within 8.6 seconds!
[2020-09-10 02:31:17.784] INIT: Initialized Shuttle subsystem within 4 seconds!
[2020-09-10 02:31:17.832] INIT: Initialized Minor Mapping subsystem within 0.1 seconds!
[2020-09-10 02:31:17.833] INIT: Initialized Pathfinder subsystem within 0 seconds!
[2020-09-10 02:31:17.867] INIT: Initialized Persistence subsystem within 0 seconds!
[2020-09-10 02:31:17.867] INIT: Initialized Chat subsystem within 0 seconds!
