[2020-09-10 14:52:39.949] Starting up round ID .
 - -------------------------
[2020-09-10 14:52:45.742] INIT: Initialized Profiler subsystem within 0 seconds!
[2020-09-10 14:52:45.942] Fail2Topic: Failed to drop firewall rule. Exit code: 1.
[2020-09-10 14:52:45.942] INIT: Initialized Fail2Topic subsystem within 0.2 seconds!
[2020-09-10 14:52:45.943] INIT: Initialized Title Screen subsystem within 0 seconds!
[2020-09-10 14:52:45.944] INIT: Initialized Database subsystem within 0 seconds!
[2020-09-10 14:52:45.944] INIT: Initialized Blackbox subsystem within 0 seconds!
[2020-09-10 14:52:45.944] INIT: Initialized Server Tasks subsystem within 0 seconds!
[2020-09-10 14:52:45.945] INIT: Initialized Input subsystem within 0 seconds!
[2020-09-10 14:52:45.947] INIT: Initialized Sounds subsystem within 0 seconds!
[2020-09-10 14:52:45.948] INIT: Initialized Vis contents overlays subsystem within 0 seconds!
[2020-09-10 14:52:46.003] INIT: Initialized Research subsystem within 0.1 seconds!
[2020-09-10 14:52:46.007] INIT: Initialized Events subsystem within 0 seconds!
[2020-09-10 14:52:46.011] INIT: Initialized Jobs subsystem within 0 seconds!
[2020-09-10 14:52:46.017] INIT: Initialized Quirks subsystem within 0 seconds!
[2020-09-10 14:52:46.023] INIT: Initialized Ticker subsystem within 0 seconds!
[2020-09-10 14:52:46.035] INIT: Initialized Instruments subsystem within 0 seconds!
[2020-09-10 14:53:02.481] INIT: Initialized Mapping subsystem within 16.4 seconds!
[2020-09-10 14:53:02.492] INIT: Initialized Economy subsystem within 0 seconds!
[2020-09-10 14:53:02.493] INIT: Initialized Networks subsystem within 0 seconds!
[2020-09-10 14:53:02.493] INIT: Initialized Holodeck subsystem within 0 seconds!
[2020-09-10 14:53:34.121] INIT: Initialized Atoms subsystem within 31.6 seconds!
[2020-09-10 14:53:34.150] INIT: Initialized Language subsystem within 0 seconds!
[2020-09-10 14:53:34.285] INIT: Initialized Machines subsystem within 0.1 seconds!
[2020-09-10 14:53:34.334] INIT: Initialized Circuit subsystem within 0.1 seconds!
[2020-09-10 14:53:35.603] INIT: Initialized Atmos Adjacency subsystem within 1.3 seconds!
[2020-09-10 14:53:35.604] INIT: Initialized Autotransfer Vote subsystem within 0 seconds!
[2020-09-10 14:53:35.604] INIT: Initialized Chemistry subsystem within 0 seconds!
[2020-09-10 14:53:35.604] INIT: Initialized Status Effects subsystem within 0 seconds!
[2020-09-10 14:53:35.605] INIT: Initialized Weather subsystem within 0 seconds!
[2020-09-10 14:53:35.608] INIT: Initialized Disease subsystem within 0 seconds!
[2020-09-10 14:53:35.608] INIT: Initialized Jukeboxes subsystem within 0 seconds!
[2020-09-10 14:53:35.608] INIT: Initialized Medals subsystem within 0 seconds!
[2020-09-10 14:53:35.851] INIT: Initialized Minimaps subsystem within 0.2 seconds!
[2020-09-10 14:53:35.900] INIT: Initialized Night Shift subsystem within 0 seconds!
[2020-09-10 14:53:35.900] INIT: Initialized Parallax subsystem within 0 seconds!
[2020-09-10 14:53:35.900] INIT: Initialized Sun subsystem within 0 seconds!
[2020-09-10 14:53:36.111] INIT: Initialized Traumas subsystem within 0.2 seconds!
[2020-09-10 14:53:36.150] INIT: Initialized Bluespace Locker subsystem within 0 seconds!
[2020-09-10 14:53:36.150] INIT: Initialized Pacification Bans subsystem within 0 seconds!
[2020-09-10 14:53:36.150] INIT: Initialized Logging subsystem within 0 seconds!
[2020-09-10 14:53:36.150] INIT: Initialized Recycling subsystem within 0 seconds!
[2020-09-10 14:53:42.175] INIT: Initialized Atmospherics subsystem within 6 seconds!
[2020-09-10 14:53:42.175] INIT: Initialized Atmospherics - Turfs subsystem within 0 seconds!
[2020-09-10 14:53:45.321] INIT: Initialized Assets subsystem within 3.2 seconds!
[2020-09-10 14:53:51.310] INIT: Initialized Icon Smoothing subsystem within 6 seconds!
[2020-09-10 14:53:52.550] INIT: Initialized Overlay subsystem within 1.2 seconds!
[2020-09-10 14:53:52.550] INIT: Initialized XKeyScore subsystem within 0 seconds!
[2020-09-10 14:53:52.551] INIT: Initialized Sticky Ban subsystem within 0 seconds!
[2020-09-10 14:54:00.270] INIT: Initialized Lighting subsystem within 7.7 seconds!
[2020-09-10 14:54:03.859] INIT: Initialized Shuttle subsystem within 3.6 seconds!
[2020-09-10 14:54:03.924] INIT: Initialized Minor Mapping subsystem within 0.1 seconds!
[2020-09-10 14:54:03.926] INIT: Initialized Pathfinder subsystem within 0 seconds!
[2020-09-10 14:54:03.978] INIT: Initialized Persistence subsystem within 0 seconds!
[2020-09-10 14:54:03.978] INIT: Initialized Chat subsystem within 0 seconds!
