[2020-09-28 03:12:55.093] Logs from logging subsystem:
 - (2020-09-28 00:11:07) ASSET: Sending asset common.css to client Bob Joga
 - (2020-09-28 00:11:07) ASSET: Sending asset jquery.min.js to client Bob Joga
 - (2020-09-28 00:11:08) ASSET: Sending asset json2.min.js to client Bob Joga
 - (2020-09-28 00:11:08) ASSET: Sending asset browserOutput.js to client Bob Joga
 - (2020-09-28 00:11:08) ASSET: Sending asset browserOutput.css to client Bob Joga
 - (2020-09-28 00:11:08) ASSET: Sending asset browserOutput_dark.css to client Bob Joga
 - (2020-09-28 00:11:08) ASSET: Sending asset browserOutput_light.css to client Bob Joga
 - (2020-09-28 00:11:08) ASSET: Sending asset spritesheet_chat.css to client Bob Joga
 - (2020-09-28 00:11:08) ASSET: Sending asset chat_16x16.png to client Bob Joga
 - (2020-09-28 00:11:08) ASSET: Sending asset fa-regular-400.eot to client Bob Joga
 - (2020-09-28 00:11:08) ASSET: Sending asset fa-regular-400.woff to client Bob Joga
 - (2020-09-28 00:11:08) ASSET: Sending asset fa-solid-900.eot to client Bob Joga
 - (2020-09-28 00:11:08) ASSET: Sending asset fa-solid-900.woff to client Bob Joga
 - (2020-09-28 00:11:08) ASSET: Sending asset font-awesome.css to client Bob Joga
 - (2020-09-28 00:11:08) ASSET: Sending asset v4shim.css to client Bob Joga
 - (2020-09-28 00:12:51) ASSET: Sending asset spritesheet_paper.css to client Bob Joga
 - (2020-09-28 00:12:51) ASSET: Sending asset paper_121x54.png to client Bob Joga
 - (2020-09-28 00:12:51) ASSET: Sending asset spritesheet_pills.css to client Bob Joga
 - (2020-09-28 00:12:51) ASSET: Sending asset pills_22x10.png to client Bob Joga
 - (2020-09-28 00:12:51) ASSET: Sending asset pills_14x14.png to client Bob Joga
 - (2020-09-28 00:12:51) ASSET: Sending asset minimap-c53acf5240140de4c6a9e64c57aaaf70.png to client Bob Joga
 - (2020-09-28 00:12:53) ASSET: Sending asset minimap-c53acf5240140de4c6a9e64c57aaaf70-meta.png to client Bob Joga
 - (2020-09-28 00:12:53) ASSET: Sending asset tgui.css to client Bob Joga
 - (2020-09-28 00:12:53) ASSET: Sending asset tgui.js to client Bob Joga
 - (2020-09-28 00:12:54) ASSET: Sending asset tgui-main.html to client Bob Joga
 - (2020-09-28 00:12:54) ASSET: Sending asset tgui.bundle.js to client Bob Joga
 - (2020-09-28 00:12:54) ASSET: Sending asset tgui.bundle.css to client Bob Joga
 - (2020-09-28 00:12:54) ASSET: Sending asset asset.ec1452daf246fe383176a400cce799a9.png to client Bob Joga
 - (2020-09-28 00:12:54) ASSET: Sending asset tgui-fallback.html to client Bob Joga
 - (2020-09-28 00:12:54) ASSET: Sending asset shim-html5shiv.js to client Bob Joga
 - (2020-09-28 00:12:54) ASSET: Sending asset shim-ie8.js to client Bob Joga
 - (2020-09-28 00:12:54) ASSET: Sending asset shim-dom4.js to client Bob Joga
 - (2020-09-28 00:12:54) ASSET: Sending asset shim-css-om.js to client Bob Joga
 - (2020-09-28 00:12:54) ASSET: Sending asset alarm_green.gif to client Bob Joga
