[2020-09-28 03:11:04.051] Starting up round ID .
 - -------------------------
[2020-09-28 03:11:10.981] INIT: Initialized Profiler subsystem within 0 seconds!
[2020-09-28 03:11:11.185] Fail2Topic: Failed to drop firewall rule. Exit code: 1.
[2020-09-28 03:11:11.186] INIT: Initialized Fail2Topic subsystem within 0.2 seconds!
[2020-09-28 03:11:11.190] INIT: Initialized Title Screen subsystem within 0 seconds!
[2020-09-28 03:11:11.192] INIT: Initialized Database subsystem within 0 seconds!
[2020-09-28 03:11:11.193] INIT: Initialized Blackbox subsystem within 0 seconds!
[2020-09-28 03:11:11.194] INIT: Initialized Server Tasks subsystem within 0 seconds!
[2020-09-28 03:11:11.196] INIT: Initialized Input subsystem within 0 seconds!
[2020-09-28 03:11:11.201] INIT: Initialized Sounds subsystem within 0.1 seconds!
[2020-09-28 03:11:11.201] INIT: Initialized Vis contents overlays subsystem within 0 seconds!
[2020-09-28 03:11:11.287] INIT: Initialized Research subsystem within 0 seconds!
[2020-09-28 03:11:11.295] INIT: Initialized Events subsystem within 0 seconds!
[2020-09-28 03:11:11.300] INIT: Initialized Jobs subsystem within 0.1 seconds!
[2020-09-28 03:11:11.308] INIT: Initialized Quirks subsystem within 0 seconds!
[2020-09-28 03:11:11.330] INIT: Initialized Ticker subsystem within 0 seconds!
[2020-09-28 03:11:11.345] INIT: Initialized Instruments subsystem within 0 seconds!
[2020-09-28 03:11:31.853] INIT: Initialized Mapping subsystem within 20.5 seconds!
[2020-09-28 03:11:31.884] INIT: Initialized Economy subsystem within 0 seconds!
[2020-09-28 03:11:31.886] INIT: Initialized Networks subsystem within 0 seconds!
[2020-09-28 03:11:31.886] INIT: Initialized Holodeck subsystem within 0 seconds!
[2020-09-28 03:12:09.876] INIT: Initialized Atoms subsystem within 37.9 seconds!
[2020-09-28 03:12:09.905] INIT: Initialized Language subsystem within 0.1 seconds!
[2020-09-28 03:12:10.066] INIT: Initialized Machines subsystem within 0.1 seconds!
[2020-09-28 03:12:10.130] INIT: Initialized Circuit subsystem within 0.1 seconds!
[2020-09-28 03:12:11.749] INIT: Initialized Atmos Adjacency subsystem within 1.6 seconds!
[2020-09-28 03:12:11.749] INIT: Initialized Autotransfer Vote subsystem within 0 seconds!
[2020-09-28 03:12:11.749] INIT: Initialized Chemistry subsystem within 0 seconds!
[2020-09-28 03:12:11.749] INIT: Initialized Status Effects subsystem within 0 seconds!
[2020-09-28 03:12:11.750] INIT: Initialized Weather subsystem within 0 seconds!
[2020-09-28 03:12:11.753] INIT: Initialized Disease subsystem within 0 seconds!
[2020-09-28 03:12:11.754] INIT: Initialized Jukeboxes subsystem within 0 seconds!
[2020-09-28 03:12:11.754] INIT: Initialized Medals subsystem within 0 seconds!
[2020-09-28 03:12:12.023] INIT: Initialized Minimaps subsystem within 0.3 seconds!
[2020-09-28 03:12:12.076] INIT: Initialized Night Shift subsystem within 0 seconds!
[2020-09-28 03:12:12.076] INIT: Initialized Parallax subsystem within 0 seconds!
[2020-09-28 03:12:12.076] INIT: Initialized Sun subsystem within 0 seconds!
[2020-09-28 03:12:12.313] INIT: Initialized Traumas subsystem within 0.3 seconds!
[2020-09-28 03:12:12.354] INIT: Initialized Bluespace Locker subsystem within 0 seconds!
[2020-09-28 03:12:12.387] INIT: Initialized Pacification Bans subsystem within 0 seconds!
[2020-09-28 03:12:12.387] INIT: Initialized Logging subsystem within 0 seconds!
[2020-09-28 03:12:12.387] INIT: Initialized Recycling subsystem within 0 seconds!
[2020-09-28 03:12:19.074] INIT: Initialized Atmospherics subsystem within 6.7 seconds!
[2020-09-28 03:12:19.075] INIT: Initialized Atmospherics - Turfs subsystem within 0 seconds!
[2020-09-28 03:12:22.432] INIT: Initialized Assets subsystem within 3.4 seconds!
[2020-09-28 03:12:29.775] INIT: Initialized Icon Smoothing subsystem within 7.3 seconds!
[2020-09-28 03:12:31.202] INIT: Initialized Overlay subsystem within 1.5 seconds!
[2020-09-28 03:12:31.202] INIT: Initialized XKeyScore subsystem within 0 seconds!
[2020-09-28 03:12:31.203] INIT: Initialized Sticky Ban subsystem within 0 seconds!
[2020-09-28 03:12:45.194] INIT: Initialized Lighting subsystem within 13.9 seconds!
[2020-09-28 03:12:49.427] INIT: Initialized Shuttle subsystem within 4.3 seconds!
[2020-09-28 03:12:49.476] INIT: Initialized Minor Mapping subsystem within 0 seconds!
[2020-09-28 03:12:49.477] INIT: Initialized Pathfinder subsystem within 0 seconds!
[2020-09-28 03:12:49.529] INIT: Initialized Persistence subsystem within 0.1 seconds!
[2020-09-28 03:12:49.529] INIT: Initialized Chat subsystem within 0 seconds!
