[2020-09-04 14:59:58.422] Starting up round ID .
 - -------------------------
[2020-09-04 15:00:04.781] INIT: Initialized Profiler subsystem within 0 seconds!
[2020-09-04 15:00:04.934] Fail2Topic: Failed to drop firewall rule. Exit code: 1.
[2020-09-04 15:00:04.934] INIT: Initialized Fail2Topic subsystem within 0.2 seconds!
[2020-09-04 15:00:04.936] INIT: Initialized Title Screen subsystem within 0 seconds!
[2020-09-04 15:00:04.936] INIT: Initialized Database subsystem within 0 seconds!
[2020-09-04 15:00:04.937] INIT: Initialized Blackbox subsystem within 0 seconds!
[2020-09-04 15:00:04.937] INIT: Initialized Server Tasks subsystem within 0 seconds!
[2020-09-04 15:00:04.939] INIT: Initialized Input subsystem within 0 seconds!
[2020-09-04 15:00:04.941] INIT: Initialized Sounds subsystem within 0 seconds!
[2020-09-04 15:00:04.941] INIT: Initialized Vis contents overlays subsystem within 0 seconds!
[2020-09-04 15:00:05.005] INIT: Initialized Research subsystem within 0.1 seconds!
[2020-09-04 15:00:05.008] INIT: Initialized Events subsystem within 0 seconds!
[2020-09-04 15:00:05.014] INIT: Initialized Jobs subsystem within 0 seconds!
[2020-09-04 15:00:05.019] INIT: Initialized Quirks subsystem within 0 seconds!
[2020-09-04 15:00:05.025] INIT: Initialized Ticker subsystem within 0 seconds!
[2020-09-04 15:00:05.039] INIT: Initialized Instruments subsystem within 0 seconds!
[2020-09-04 15:00:25.954] INIT: Initialized Mapping subsystem within 20.9 seconds!
[2020-09-04 15:00:25.986] INIT: Initialized Economy subsystem within 0 seconds!
[2020-09-04 15:00:25.987] INIT: Initialized Networks subsystem within 0 seconds!
[2020-09-04 15:00:25.987] INIT: Initialized Holodeck subsystem within 0 seconds!
[2020-09-04 15:01:00.968] INIT: Initialized Atoms subsystem within 34.9 seconds!
[2020-09-04 15:01:00.997] INIT: Initialized Language subsystem within 0 seconds!
[2020-09-04 15:01:01.352] INIT: Initialized Machines subsystem within 0.4 seconds!
[2020-09-04 15:01:01.409] INIT: Initialized Circuit subsystem within 0.1 seconds!
[2020-09-04 15:01:03.012] INIT: Initialized Atmos Adjacency subsystem within 1.6 seconds!
[2020-09-04 15:01:03.012] INIT: Initialized Autotransfer Vote subsystem within 0 seconds!
[2020-09-04 15:01:03.012] INIT: Initialized Chemistry subsystem within 0 seconds!
[2020-09-04 15:01:03.012] INIT: Initialized Status Effects subsystem within 0 seconds!
[2020-09-04 15:01:03.013] INIT: Initialized Weather subsystem within 0 seconds!
[2020-09-04 15:01:03.019] INIT: Initialized Disease subsystem within 0 seconds!
[2020-09-04 15:01:03.019] INIT: Initialized Jukeboxes subsystem within 0 seconds!
[2020-09-04 15:01:03.019] INIT: Initialized Medals subsystem within 0 seconds!
[2020-09-04 15:01:03.289] INIT: Initialized Minimaps subsystem within 0.2 seconds!
[2020-09-04 15:01:03.352] INIT: Initialized Night Shift subsystem within 0 seconds!
[2020-09-04 15:01:03.352] INIT: Initialized Parallax subsystem within 0 seconds!
[2020-09-04 15:01:03.352] INIT: Initialized Sun subsystem within 0 seconds!
[2020-09-04 15:01:03.585] INIT: Initialized Traumas subsystem within 0.2 seconds!
[2020-09-04 15:01:03.625] INIT: Initialized Bluespace Locker subsystem within 0.1 seconds!
[2020-09-04 15:01:03.664] INIT: Initialized Pacification Bans subsystem within 0 seconds!
[2020-09-04 15:01:03.664] INIT: Initialized Logging subsystem within 0 seconds!
[2020-09-04 15:01:03.664] INIT: Initialized Recycling subsystem within 0 seconds!
[2020-09-04 15:01:10.359] INIT: Initialized Atmospherics subsystem within 6.7 seconds!
[2020-09-04 15:01:10.359] INIT: Initialized Atmospherics - Turfs subsystem within 0 seconds!
[2020-09-04 15:01:13.410] INIT: Initialized Assets subsystem within 3.1 seconds!
[2020-09-04 15:01:19.869] INIT: Initialized Icon Smoothing subsystem within 6.4 seconds!
[2020-09-04 15:01:21.109] INIT: Initialized Overlay subsystem within 1.3 seconds!
[2020-09-04 15:01:21.109] INIT: Initialized XKeyScore subsystem within 0 seconds!
[2020-09-04 15:01:21.110] INIT: Initialized Sticky Ban subsystem within 0 seconds!
[2020-09-04 15:01:29.470] INIT: Initialized Lighting subsystem within 8.3 seconds!
[2020-09-04 15:01:34.420] INIT: Initialized Shuttle subsystem within 5 seconds!
[2020-09-04 15:01:34.510] INIT: Initialized Minor Mapping subsystem within 0.1 seconds!
[2020-09-04 15:01:34.511] INIT: Initialized Pathfinder subsystem within 0 seconds!
[2020-09-04 15:01:34.544] INIT: Initialized Persistence subsystem within 0 seconds!
[2020-09-04 15:01:34.544] INIT: Initialized Chat subsystem within 0 seconds!
